Loading registry: /home/probst/Random_Forest/RFSplitbias/results/Splitbias-files/registry.RData
Loading conf: 
2016-04-28 17:03:25: Starting job on node lin65.
Auto-mailer settings: start=none, done=none, error=none.
Setting work dir: /nfsmb/koll/probst/Random_Forest/RFSplitbias/results
########## Executing jid=11499 ##########
Timestamp: 2016-04-28 17:03:25
Experiment: 
  Problem: taski 
  Problem parameters: idi=3549, learner=, teststat=, testtype= 
  Algorithm: forest.splitbias.oob 
  Algorithm parameters:  
  Replication: 36 
  Seed: 11499 
  Problem seed: 158 
Setting seed: 11499
Applying Algorithm forest.splitbias.oob ...
Generating problem taski ...
Result:
List of 3
 $ idi   : int 3549
 $ lrn   : chr [1:3] "randomForest" "oob" ""
 $ result: Named num [1:5] 0.9893 0.0154 0.0508 0.0107 0.6985
  ..- attr(*, "names")= chr [1:5] "ACC" "BER" "multiclass.brier" "MMCE" ...
NULL
Writing result file: /home/probst/Random_Forest/RFSplitbias/results/Splitbias-files/jobs/99/11499-result.RData
########## Executing jid=11500 ##########
Timestamp: 2016-04-28 17:03:29
Experiment: 
  Problem: taski 
  Problem parameters: idi=3549, learner=, teststat=, testtype= 
  Algorithm: forest.splitbias.oob 
  Algorithm parameters:  
  Replication: 37 
  Seed: 11500 
  Problem seed: 159 
Setting seed: 11500
Applying Algorithm forest.splitbias.oob ...
Generating problem taski ...
Result:
List of 3
 $ idi   : int 3549
 $ lrn   : chr [1:3] "randomForest" "oob" ""
 $ result: Named num [1:5] 0.9893 0.0154 0.0503 0.0107 0.6987
  ..- attr(*, "names")= chr [1:5] "ACC" "BER" "multiclass.brier" "MMCE" ...
NULL
Writing result file: /home/probst/Random_Forest/RFSplitbias/results/Splitbias-files/jobs/00/11500-result.RData
########## Executing jid=11501 ##########
Timestamp: 2016-04-28 17:03:33
Experiment: 
  Problem: taski 
  Problem parameters: idi=3549, learner=, teststat=, testtype= 
  Algorithm: forest.splitbias.oob 
  Algorithm parameters:  
  Replication: 38 
  Seed: 11501 
  Problem seed: 160 
Setting seed: 11501
Applying Algorithm forest.splitbias.oob ...
Generating problem taski ...
Result:
List of 3
 $ idi   : int 3549
 $ lrn   : chr [1:3] "randomForest" "oob" ""
 $ result: Named num [1:5] 0.99168 0.0138 0.05092 0.00832 0.70306
  ..- attr(*, "names")= chr [1:5] "ACC" "BER" "multiclass.brier" "MMCE" ...
NULL
Writing result file: /home/probst/Random_Forest/RFSplitbias/results/Splitbias-files/jobs/01/11501-result.RData
########## Executing jid=11502 ##########
Timestamp: 2016-04-28 17:03:37
Experiment: 
  Problem: taski 
  Problem parameters: idi=3549, learner=, teststat=, testtype= 
  Algorithm: forest.splitbias.oob 
  Algorithm parameters:  
  Replication: 39 
  Seed: 11502 
  Problem seed: 161 
Setting seed: 11502
Applying Algorithm forest.splitbias.oob ...
Generating problem taski ...
Result:
List of 3
 $ idi   : int 3549
 $ lrn   : chr [1:3] "randomForest" "oob" ""
 $ result: Named num [1:5] 0.99168 0.0101 0.05027 0.00832 0.69293
  ..- attr(*, "names")= chr [1:5] "ACC" "BER" "multiclass.brier" "MMCE" ...
NULL
Writing result file: /home/probst/Random_Forest/RFSplitbias/results/Splitbias-files/jobs/02/11502-result.RData
########## Executing jid=11503 ##########
Timestamp: 2016-04-28 17:03:40
Experiment: 
  Problem: taski 
  Problem parameters: idi=3549, learner=, teststat=, testtype= 
  Algorithm: forest.splitbias.oob 
  Algorithm parameters:  
  Replication: 40 
  Seed: 11503 
  Problem seed: 162 
Setting seed: 11503
Applying Algorithm forest.splitbias.oob ...
Generating problem taski ...
Result:
List of 3
 $ idi   : int 3549
 $ lrn   : chr [1:3] "randomForest" "oob" ""
 $ result: Named num [1:5] 0.99168 0.01005 0.05104 0.00832 0.69885
  ..- attr(*, "names")= chr [1:5] "ACC" "BER" "multiclass.brier" "MMCE" ...
NULL
Writing result file: /home/probst/Random_Forest/RFSplitbias/results/Splitbias-files/jobs/03/11503-result.RData
########## Executing jid=11504 ##########
Timestamp: 2016-04-28 17:03:44
Experiment: 
  Problem: taski 
  Problem parameters: idi=3549, learner=, teststat=, testtype= 
  Algorithm: forest.splitbias.oob 
  Algorithm parameters:  
  Replication: 41 
  Seed: 11504 
  Problem seed: 163 
Setting seed: 11504
Applying Algorithm forest.splitbias.oob ...
Generating problem taski ...
Result:
List of 3
 $ idi   : int 3549
 $ lrn   : chr [1:3] "randomForest" "oob" ""
 $ result: Named num [1:5] 0.99049 0.01083 0.0515 0.00951 0.70335
  ..- attr(*, "names")= chr [1:5] "ACC" "BER" "multiclass.brier" "MMCE" ...
NULL
Writing result file: /home/probst/Random_Forest/RFSplitbias/results/Splitbias-files/jobs/04/11504-result.RData
########## Executing jid=11505 ##########
Timestamp: 2016-04-28 17:03:47
Experiment: 
  Problem: taski 
  Problem parameters: idi=3549, learner=, teststat=, testtype= 
  Algorithm: forest.splitbias.oob 
  Algorithm parameters:  
  Replication: 42 
  Seed: 11505 
  Problem seed: 164 
Setting seed: 11505
Applying Algorithm forest.splitbias.oob ...
Generating problem taski ...
Result:
List of 3
 $ idi   : int 3549
 $ lrn   : chr [1:3] "randomForest" "oob" ""
 $ result: Named num [1:5] 0.99049 0.01465 0.05099 0.00951 0.70443
  ..- attr(*, "names")= chr [1:5] "ACC" "BER" "multiclass.brier" "MMCE" ...
NULL
Writing result file: /home/probst/Random_Forest/RFSplitbias/results/Splitbias-files/jobs/05/11505-result.RData
########## Executing jid=11506 ##########
Timestamp: 2016-04-28 17:03:51
Experiment: 
  Problem: taski 
  Problem parameters: idi=3549, learner=, teststat=, testtype= 
  Algorithm: forest.splitbias.oob 
  Algorithm parameters:  
  Replication: 43 
  Seed: 11506 
  Problem seed: 165 
Setting seed: 11506
Applying Algorithm forest.splitbias.oob ...
Generating problem taski ...
Result:
List of 3
 $ idi   : int 3549
 $ lrn   : chr [1:3] "randomForest" "oob" ""
 $ result: Named num [1:5] 0.99049 0.01089 0.05039 0.00951 0.69985
  ..- attr(*, "names")= chr [1:5] "ACC" "BER" "multiclass.brier" "MMCE" ...
NULL
Writing result file: /home/probst/Random_Forest/RFSplitbias/results/Splitbias-files/jobs/06/11506-result.RData
########## Executing jid=11507 ##########
Timestamp: 2016-04-28 17:03:55
Experiment: 
  Problem: taski 
  Problem parameters: idi=3549, learner=, teststat=, testtype= 
  Algorithm: forest.splitbias.oob 
  Algorithm parameters:  
  Replication: 44 
  Seed: 11507 
  Problem seed: 166 
Setting seed: 11507
Applying Algorithm forest.splitbias.oob ...
Generating problem taski ...
Result:
List of 3
 $ idi   : int 3549
 $ lrn   : chr [1:3] "randomForest" "oob" ""
 $ result: Named num [1:5] 0.99168 0.01005 0.05028 0.00832 0.7014
  ..- attr(*, "names")= chr [1:5] "ACC" "BER" "multiclass.brier" "MMCE" ...
NULL
Writing result file: /home/probst/Random_Forest/RFSplitbias/results/Splitbias-files/jobs/07/11507-result.RData
########## Executing jid=11508 ##########
Timestamp: 2016-04-28 17:03:58
Experiment: 
  Problem: taski 
  Problem parameters: idi=3549, learner=, teststat=, testtype= 
  Algorithm: forest.splitbias.oob 
  Algorithm parameters:  
  Replication: 45 
  Seed: 11508 
  Problem seed: 167 
Setting seed: 11508
Applying Algorithm forest.splitbias.oob ...
Generating problem taski ...
Result:
List of 3
 $ idi   : int 3549
 $ lrn   : chr [1:3] "randomForest" "oob" ""
 $ result: Named num [1:5] 0.99049 0.01459 0.04975 0.00951 0.70022
  ..- attr(*, "names")= chr [1:5] "ACC" "BER" "multiclass.brier" "MMCE" ...
NULL
Writing result file: /home/probst/Random_Forest/RFSplitbias/results/Splitbias-files/jobs/08/11508-result.RData
########## Executing jid=11509 ##########
Timestamp: 2016-04-28 17:04:02
Experiment: 
  Problem: taski 
  Problem parameters: idi=3549, learner=, teststat=, testtype= 
  Algorithm: forest.splitbias.oob 
  Algorithm parameters:  
  Replication: 46 
  Seed: 11509 
  Problem seed: 168 
Setting seed: 11509
Applying Algorithm forest.splitbias.oob ...
Generating problem taski ...
Result:
List of 3
 $ idi   : int 3549
 $ lrn   : chr [1:3] "randomForest" "oob" ""
 $ result: Named num [1:5] 0.99168 0.01005 0.05032 0.00832 0.7063
  ..- attr(*, "names")= chr [1:5] "ACC" "BER" "multiclass.brier" "MMCE" ...
NULL
Writing result file: /home/probst/Random_Forest/RFSplitbias/results/Splitbias-files/jobs/09/11509-result.RData
########## Executing jid=11510 ##########
Timestamp: 2016-04-28 17:04:05
Experiment: 
  Problem: taski 
  Problem parameters: idi=3549, learner=, teststat=, testtype= 
  Algorithm: forest.splitbias.oob 
  Algorithm parameters:  
  Replication: 47 
  Seed: 11510 
  Problem seed: 169 
Setting seed: 11510
Applying Algorithm forest.splitbias.oob ...
Generating problem taski ...
Result:
List of 3
 $ idi   : int 3549
 $ lrn   : chr [1:3] "randomForest" "oob" ""
 $ result: Named num [1:5] 0.99168 0.0138 0.05144 0.00832 0.70428
  ..- attr(*, "names")= chr [1:5] "ACC" "BER" "multiclass.brier" "MMCE" ...
NULL
Writing result file: /home/probst/Random_Forest/RFSplitbias/results/Splitbias-files/jobs/10/11510-result.RData
########## Executing jid=11511 ##########
Timestamp: 2016-04-28 17:04:09
Experiment: 
  Problem: taski 
  Problem parameters: idi=3549, learner=, teststat=, testtype= 
  Algorithm: forest.splitbias.oob 
  Algorithm parameters:  
  Replication: 48 
  Seed: 11511 
  Problem seed: 170 
Setting seed: 11511
Applying Algorithm forest.splitbias.oob ...
Generating problem taski ...
Result:
List of 3
 $ idi   : int 3549
 $ lrn   : chr [1:3] "randomForest" "oob" ""
 $ result: Named num [1:5] 0.9893 0.0154 0.0508 0.0107 0.7025
  ..- attr(*, "names")= chr [1:5] "ACC" "BER" "multiclass.brier" "MMCE" ...
NULL
Writing result file: /home/probst/Random_Forest/RFSplitbias/results/Splitbias-files/jobs/11/11511-result.RData
########## Executing jid=11512 ##########
Timestamp: 2016-04-28 17:04:13
Experiment: 
  Problem: taski 
  Problem parameters: idi=3549, learner=, teststat=, testtype= 
  Algorithm: forest.splitbias.oob 
  Algorithm parameters:  
  Replication: 49 
  Seed: 11512 
  Problem seed: 171 
Setting seed: 11512
Applying Algorithm forest.splitbias.oob ...
Generating problem taski ...
Result:
List of 3
 $ idi   : int 3549
 $ lrn   : chr [1:3] "randomForest" "oob" ""
 $ result: Named num [1:5] 0.99168 0.0101 0.05069 0.00832 0.70074
  ..- attr(*, "names")= chr [1:5] "ACC" "BER" "multiclass.brier" "MMCE" ...
NULL
Writing result file: /home/probst/Random_Forest/RFSplitbias/results/Splitbias-files/jobs/12/11512-result.RData
########## Executing jid=11513 ##########
Timestamp: 2016-04-28 17:04:16
Experiment: 
  Problem: taski 
  Problem parameters: idi=3549, learner=, teststat=, testtype= 
  Algorithm: forest.splitbias.oob 
  Algorithm parameters:  
  Replication: 50 
  Seed: 11513 
  Problem seed: 172 
Setting seed: 11513
Applying Algorithm forest.splitbias.oob ...
Generating problem taski ...
Result:
List of 3
 $ idi   : int 3549
 $ lrn   : chr [1:3] "randomForest" "oob" ""
 $ result: Named num [1:5] 0.99168 0.0138 0.05118 0.00832 0.70461
  ..- attr(*, "names")= chr [1:5] "ACC" "BER" "multiclass.brier" "MMCE" ...
NULL
Writing result file: /home/probst/Random_Forest/RFSplitbias/results/Splitbias-files/jobs/13/11513-result.RData
########## Executing jid=11514 ##########
Timestamp: 2016-04-28 17:04:20
Experiment: 
  Problem: taski 
  Problem parameters: idi=2302, learner=, teststat=, testtype= 
  Algorithm: forest.splitbias.oob 
  Algorithm parameters:  
  Replication: 11 
  Seed: 11514 
  Problem seed: 133 
Setting seed: 11514
Applying Algorithm forest.splitbias.oob ...
Generating problem taski ...
Result:
List of 3
 $ idi   : int 2302
 $ lrn   : chr [1:3] "randomForest" "oob" ""
 $ result: Named num [1:4] 1135 896 807360 1734573
  ..- attr(*, "names")= chr [1:4] "MAE" "MEDAE" "MEDSE" "MSE"
NULL
Writing result file: /home/probst/Random_Forest/RFSplitbias/results/Splitbias-files/jobs/14/11514-result.RData
########## Executing jid=11515 ##########
Timestamp: 2016-04-28 17:04:20
Experiment: 
  Problem: taski 
  Problem parameters: idi=2302, learner=, teststat=, testtype= 
  Algorithm: forest.splitbias.oob 
  Algorithm parameters:  
  Replication: 12 
  Seed: 11515 
  Problem seed: 134 
Setting seed: 11515
Applying Algorithm forest.splitbias.oob ...
Generating problem taski ...
Result:
List of 3
 $ idi   : int 2302
 $ lrn   : chr [1:3] "randomForest" "oob" ""
 $ result: Named num [1:4] 1118 839 713024 1680723
  ..- attr(*, "names")= chr [1:4] "MAE" "MEDAE" "MEDSE" "MSE"
NULL
Writing result file: /home/probst/Random_Forest/RFSplitbias/results/Splitbias-files/jobs/15/11515-result.RData
########## Executing jid=11516 ##########
Timestamp: 2016-04-28 17:04:21
Experiment: 
  Problem: taski 
  Problem parameters: idi=2302, learner=, teststat=, testtype= 
  Algorithm: forest.splitbias.oob 
  Algorithm parameters:  
  Replication: 13 
  Seed: 11516 
  Problem seed: 135 
Setting seed: 11516
Applying Algorithm forest.splitbias.oob ...
Generating problem taski ...
Result:
List of 3
 $ idi   : int 2302
 $ lrn   : chr [1:3] "randomForest" "oob" ""
 $ result: Named num [1:4] 1135 936 875829 1716717
  ..- attr(*, "names")= chr [1:4] "MAE" "MEDAE" "MEDSE" "MSE"
NULL
Writing result file: /home/probst/Random_Forest/RFSplitbias/results/Splitbias-files/jobs/16/11516-result.RData
########## Executing jid=11517 ##########
Timestamp: 2016-04-28 17:04:22
Experiment: 
  Problem: taski 
  Problem parameters: idi=2302, learner=, teststat=, testtype= 
  Algorithm: forest.splitbias.oob 
  Algorithm parameters:  
  Replication: 14 
  Seed: 11517 
  Problem seed: 136 
Setting seed: 11517
Applying Algorithm forest.splitbias.oob ...
Generating problem taski ...
Result:
List of 3
 $ idi   : int 2302
 $ lrn   : chr [1:3] "randomForest" "oob" ""
 $ result: Named num [1:4] 1133 911 830448 1719284
  ..- attr(*, "names")= chr [1:4] "MAE" "MEDAE" "MEDSE" "MSE"
NULL
Writing result file: /home/probst/Random_Forest/RFSplitbias/results/Splitbias-files/jobs/17/11517-result.RData
########## Executing jid=11518 ##########
Timestamp: 2016-04-28 17:04:22
Experiment: 
  Problem: taski 
  Problem parameters: idi=2302, learner=, teststat=, testtype= 
  Algorithm: forest.splitbias.oob 
  Algorithm parameters:  
  Replication: 15 
  Seed: 11518 
  Problem seed: 137 
Setting seed: 11518
Applying Algorithm forest.splitbias.oob ...
Generating problem taski ...
Result:
List of 3
 $ idi   : int 2302
 $ lrn   : chr [1:3] "randomForest" "oob" ""
 $ result: Named num [1:4] 1165 918 844982 1773752
  ..- attr(*, "names")= chr [1:4] "MAE" "MEDAE" "MEDSE" "MSE"
NULL
Writing result file: /home/probst/Random_Forest/RFSplitbias/results/Splitbias-files/jobs/18/11518-result.RData
########## Executing jid=11519 ##########
Timestamp: 2016-04-28 17:04:23
Experiment: 
  Problem: taski 
  Problem parameters: idi=2302, learner=, teststat=, testtype= 
  Algorithm: forest.splitbias.oob 
  Algorithm parameters:  
  Replication: 16 
  Seed: 11519 
  Problem seed: 138 
Setting seed: 11519
Applying Algorithm forest.splitbias.oob ...
Generating problem taski ...
Result:
List of 3
 $ idi   : int 2302
 $ lrn   : chr [1:3] "randomForest" "oob" ""
 $ result: Named num [1:4] 1121 852 727334 1726523
  ..- attr(*, "names")= chr [1:4] "MAE" "MEDAE" "MEDSE" "MSE"
NULL
Writing result file: /home/probst/Random_Forest/RFSplitbias/results/Splitbias-files/jobs/19/11519-result.RData
########## Executing jid=11520 ##########
Timestamp: 2016-04-28 17:04:23
Experiment: 
  Problem: taski 
  Problem parameters: idi=2302, learner=, teststat=, testtype= 
  Algorithm: forest.splitbias.oob 
  Algorithm parameters:  
  Replication: 17 
  Seed: 11520 
  Problem seed: 139 
Setting seed: 11520
Applying Algorithm forest.splitbias.oob ...
Generating problem taski ...
Result:
List of 3
 $ idi   : int 2302
 $ lrn   : chr [1:3] "randomForest" "oob" ""
 $ result: Named num [1:4] 1136 832 693626 1707736
  ..- attr(*, "names")= chr [1:4] "MAE" "MEDAE" "MEDSE" "MSE"
NULL
Writing result file: /home/probst/Random_Forest/RFSplitbias/results/Splitbias-files/jobs/20/11520-result.RData
########## Executing jid=11521 ##########
Timestamp: 2016-04-28 17:04:24
Experiment: 
  Problem: taski 
  Problem parameters: idi=2302, learner=, teststat=, testtype= 
  Algorithm: forest.splitbias.oob 
  Algorithm parameters:  
  Replication: 18 
  Seed: 11521 
  Problem seed: 140 
Setting seed: 11521
Applying Algorithm forest.splitbias.oob ...
Generating problem taski ...
Result:
List of 3
 $ idi   : int 2302
 $ lrn   : chr [1:3] "randomForest" "oob" ""
 $ result: Named num [1:4] 1091 867 757242 1621884
  ..- attr(*, "names")= chr [1:4] "MAE" "MEDAE" "MEDSE" "MSE"
NULL
Writing result file: /home/probst/Random_Forest/RFSplitbias/results/Splitbias-files/jobs/21/11521-result.RData
########## Executing jid=11522 ##########
Timestamp: 2016-04-28 17:04:24
Experiment: 
  Problem: taski 
  Problem parameters: idi=2302, learner=, teststat=, testtype= 
  Algorithm: forest.splitbias.oob 
  Algorithm parameters:  
  Replication: 19 
  Seed: 11522 
  Problem seed: 141 
Setting seed: 11522
Applying Algorithm forest.splitbias.oob ...
Generating problem taski ...
Result:
List of 3
 $ idi   : int 2302
 $ lrn   : chr [1:3] "randomForest" "oob" ""
 $ result: Named num [1:4] 1149 926 857474 1731720
  ..- attr(*, "names")= chr [1:4] "MAE" "MEDAE" "MEDSE" "MSE"
NULL
Writing result file: /home/probst/Random_Forest/RFSplitbias/results/Splitbias-files/jobs/22/11522-result.RData
########## Executing jid=11523 ##########
Timestamp: 2016-04-28 17:04:25
Experiment: 
  Problem: taski 
  Problem parameters: idi=2302, learner=, teststat=, testtype= 
  Algorithm: forest.splitbias.oob 
  Algorithm parameters:  
  Replication: 20 
  Seed: 11523 
  Problem seed: 142 
Setting seed: 11523
Applying Algorithm forest.splitbias.oob ...
Generating problem taski ...
Result:
List of 3
 $ idi   : int 2302
 $ lrn   : chr [1:3] "randomForest" "oob" ""
 $ result: Named num [1:4] 1096 851 728118 1654974
  ..- attr(*, "names")= chr [1:4] "MAE" "MEDAE" "MEDSE" "MSE"
NULL
Writing result file: /home/probst/Random_Forest/RFSplitbias/results/Splitbias-files/jobs/23/11523-result.RData
########## Executing jid=11524 ##########
Timestamp: 2016-04-28 17:04:25
Experiment: 
  Problem: taski 
  Problem parameters: idi=2302, learner=, teststat=, testtype= 
  Algorithm: forest.splitbias.oob 
  Algorithm parameters:  
  Replication: 21 
  Seed: 11524 
  Problem seed: 143 
Setting seed: 11524
Applying Algorithm forest.splitbias.oob ...
Generating problem taski ...
Result:
List of 3
 $ idi   : int 2302
 $ lrn   : chr [1:3] "randomForest" "oob" ""
 $ result: Named num [1:4] 1130 832 695373 1733120
  ..- attr(*, "names")= chr [1:4] "MAE" "MEDAE" "MEDSE" "MSE"
NULL
Writing result file: /home/probst/Random_Forest/RFSplitbias/results/Splitbias-files/jobs/24/11524-result.RData
########## Executing jid=11525 ##########
Timestamp: 2016-04-28 17:04:26
Experiment: 
  Problem: taski 
  Problem parameters: idi=2302, learner=, teststat=, testtype= 
  Algorithm: forest.splitbias.oob 
  Algorithm parameters:  
  Replication: 22 
  Seed: 11525 
  Problem seed: 144 
Setting seed: 11525
Applying Algorithm forest.splitbias.oob ...
Generating problem taski ...
Result:
List of 3
 $ idi   : int 2302
 $ lrn   : chr [1:3] "randomForest" "oob" ""
 $ result: Named num [1:4] 1105 848 719515 1656552
  ..- attr(*, "names")= chr [1:4] "MAE" "MEDAE" "MEDSE" "MSE"
NULL
Writing result file: /home/probst/Random_Forest/RFSplitbias/results/Splitbias-files/jobs/25/11525-result.RData
########## Executing jid=11526 ##########
Timestamp: 2016-04-28 17:04:26
Experiment: 
  Problem: taski 
  Problem parameters: idi=2302, learner=, teststat=, testtype= 
  Algorithm: forest.splitbias.oob 
  Algorithm parameters:  
  Replication: 23 
  Seed: 11526 
  Problem seed: 145 
Setting seed: 11526
Applying Algorithm forest.splitbias.oob ...
Generating problem taski ...
Result:
List of 3
 $ idi   : int 2302
 $ lrn   : chr [1:3] "randomForest" "oob" ""
 $ result: Named num [1:4] 1135 909 827229 1741724
  ..- attr(*, "names")= chr [1:4] "MAE" "MEDAE" "MEDSE" "MSE"
NULL
Writing result file: /home/probst/Random_Forest/RFSplitbias/results/Splitbias-files/jobs/26/11526-result.RData
########## Executing jid=11527 ##########
Timestamp: 2016-04-28 17:04:27
Experiment: 
  Problem: taski 
  Problem parameters: idi=2302, learner=, teststat=, testtype= 
  Algorithm: forest.splitbias.oob 
  Algorithm parameters:  
  Replication: 24 
  Seed: 11527 
  Problem seed: 146 
Setting seed: 11527
Applying Algorithm forest.splitbias.oob ...
Generating problem taski ...
Result:
List of 3
 $ idi   : int 2302
 $ lrn   : chr [1:3] "randomForest" "oob" ""
 $ result: Named num [1:4] 1088 712 507627 1624240
  ..- attr(*, "names")= chr [1:4] "MAE" "MEDAE" "MEDSE" "MSE"
NULL
Writing result file: /home/probst/Random_Forest/RFSplitbias/results/Splitbias-files/jobs/27/11527-result.RData
########## Executing jid=11528 ##########
Timestamp: 2016-04-28 17:04:27
Experiment: 
  Problem: taski 
  Problem parameters: idi=2302, learner=, teststat=, testtype= 
  Algorithm: forest.splitbias.oob 
  Algorithm parameters:  
  Replication: 25 
  Seed: 11528 
  Problem seed: 147 
Setting seed: 11528
Applying Algorithm forest.splitbias.oob ...
Generating problem taski ...
Result:
List of 3
 $ idi   : int 2302
 $ lrn   : chr [1:3] "randomForest" "oob" ""
 $ result: Named num [1:4] 1113 913 834708 1692973
  ..- attr(*, "names")= chr [1:4] "MAE" "MEDAE" "MEDSE" "MSE"
NULL
Writing result file: /home/probst/Random_Forest/RFSplitbias/results/Splitbias-files/jobs/28/11528-result.RData
########## Executing jid=11529 ##########
Timestamp: 2016-04-28 17:04:28
Experiment: 
  Problem: taski 
  Problem parameters: idi=2302, learner=, teststat=, testtype= 
  Algorithm: forest.splitbias.oob 
  Algorithm parameters:  
  Replication: 26 
  Seed: 11529 
  Problem seed: 148 
Setting seed: 11529
Applying Algorithm forest.splitbias.oob ...
Generating problem taski ...
Result:
List of 3
 $ idi   : int 2302
 $ lrn   : chr [1:3] "randomForest" "oob" ""
 $ result: Named num [1:4] 1114 904 821801 1670253
  ..- attr(*, "names")= chr [1:4] "MAE" "MEDAE" "MEDSE" "MSE"
NULL
Writing result file: /home/probst/Random_Forest/RFSplitbias/results/Splitbias-files/jobs/29/11529-result.RData
########## Executing jid=11530 ##########
Timestamp: 2016-04-28 17:04:28
Experiment: 
  Problem: taski 
  Problem parameters: idi=2302, learner=, teststat=, testtype= 
  Algorithm: forest.splitbias.oob 
  Algorithm parameters:  
  Replication: 27 
  Seed: 11530 
  Problem seed: 149 
Setting seed: 11530
Applying Algorithm forest.splitbias.oob ...
Generating problem taski ...
Result:
List of 3
 $ idi   : int 2302
 $ lrn   : chr [1:3] "randomForest" "oob" ""
 $ result: Named num [1:4] 1084 793 628521 1627789
  ..- attr(*, "names")= chr [1:4] "MAE" "MEDAE" "MEDSE" "MSE"
NULL
Writing result file: /home/probst/Random_Forest/RFSplitbias/results/Splitbias-files/jobs/30/11530-result.RData
########## Executing jid=11531 ##########
Timestamp: 2016-04-28 17:04:29
Experiment: 
  Problem: taski 
  Problem parameters: idi=2302, learner=, teststat=, testtype= 
  Algorithm: forest.splitbias.oob 
  Algorithm parameters:  
  Replication: 28 
  Seed: 11531 
  Problem seed: 150 
Setting seed: 11531
Applying Algorithm forest.splitbias.oob ...
Generating problem taski ...
Result:
List of 3
 $ idi   : int 2302
 $ lrn   : chr [1:3] "randomForest" "oob" ""
 $ result: Named num [1:4] 1135 926 858240 1723291
  ..- attr(*, "names")= chr [1:4] "MAE" "MEDAE" "MEDSE" "MSE"
NULL
Writing result file: /home/probst/Random_Forest/RFSplitbias/results/Splitbias-files/jobs/31/11531-result.RData
########## Executing jid=11532 ##########
Timestamp: 2016-04-28 17:04:30
Experiment: 
  Problem: taski 
  Problem parameters: idi=2302, learner=, teststat=, testtype= 
  Algorithm: forest.splitbias.oob 
  Algorithm parameters:  
  Replication: 29 
  Seed: 11532 
  Problem seed: 151 
Setting seed: 11532
Applying Algorithm forest.splitbias.oob ...
Generating problem taski ...
Result:
List of 3
 $ idi   : int 2302
 $ lrn   : chr [1:3] "randomForest" "oob" ""
 $ result: Named num [1:4] 1123 880 777208 1687263
  ..- attr(*, "names")= chr [1:4] "MAE" "MEDAE" "MEDSE" "MSE"
NULL
Writing result file: /home/probst/Random_Forest/RFSplitbias/results/Splitbias-files/jobs/32/11532-result.RData
########## Executing jid=11533 ##########
Timestamp: 2016-04-28 17:04:30
Experiment: 
  Problem: taski 
  Problem parameters: idi=2302, learner=, teststat=, testtype= 
  Algorithm: forest.splitbias.oob 
  Algorithm parameters:  
  Replication: 30 
  Seed: 11533 
  Problem seed: 152 
Setting seed: 11533
Applying Algorithm forest.splitbias.oob ...
Generating problem taski ...
Result:
List of 3
 $ idi   : int 2302
 $ lrn   : chr [1:3] "randomForest" "oob" ""
 $ result: Named num [1:4] 1136 920 850363 1707531
  ..- attr(*, "names")= chr [1:4] "MAE" "MEDAE" "MEDSE" "MSE"
NULL
Writing result file: /home/probst/Random_Forest/RFSplitbias/results/Splitbias-files/jobs/33/11533-result.RData
########## Executing jid=11534 ##########
Timestamp: 2016-04-28 17:04:31
Experiment: 
  Problem: taski 
  Problem parameters: idi=2302, learner=, teststat=, testtype= 
  Algorithm: forest.splitbias.oob 
  Algorithm parameters:  
  Replication: 31 
  Seed: 11534 
  Problem seed: 153 
Setting seed: 11534
Applying Algorithm forest.splitbias.oob ...
Generating problem taski ...
Result:
List of 3
 $ idi   : int 2302
 $ lrn   : chr [1:3] "randomForest" "oob" ""
 $ result: Named num [1:4] 1114 904 822227 1699048
  ..- attr(*, "names")= chr [1:4] "MAE" "MEDAE" "MEDSE" "MSE"
NULL
Writing result file: /home/probst/Random_Forest/RFSplitbias/results/Splitbias-files/jobs/34/11534-result.RData
########## Executing jid=11535 ##########
Timestamp: 2016-04-28 17:04:31
Experiment: 
  Problem: taski 
  Problem parameters: idi=2302, learner=, teststat=, testtype= 
  Algorithm: forest.splitbias.oob 
  Algorithm parameters:  
  Replication: 32 
  Seed: 11535 
  Problem seed: 154 
Setting seed: 11535
Applying Algorithm forest.splitbias.oob ...
Generating problem taski ...
Result:
List of 3
 $ idi   : int 2302
 $ lrn   : chr [1:3] "randomForest" "oob" ""
 $ result: Named num [1:4] 1147 934 873281 1756228
  ..- attr(*, "names")= chr [1:4] "MAE" "MEDAE" "MEDSE" "MSE"
NULL
Writing result file: /home/probst/Random_Forest/RFSplitbias/results/Splitbias-files/jobs/35/11535-result.RData
########## Executing jid=11536 ##########
Timestamp: 2016-04-28 17:04:32
Experiment: 
  Problem: taski 
  Problem parameters: idi=2302, learner=, teststat=, testtype= 
  Algorithm: forest.splitbias.oob 
  Algorithm parameters:  
  Replication: 33 
  Seed: 11536 
  Problem seed: 155 
Setting seed: 11536
Applying Algorithm forest.splitbias.oob ...
Generating problem taski ...
Result:
List of 3
 $ idi   : int 2302
 $ lrn   : chr [1:3] "randomForest" "oob" ""
 $ result: Named num [1:4] 1108 862 744106 1666568
  ..- attr(*, "names")= chr [1:4] "MAE" "MEDAE" "MEDSE" "MSE"
NULL
Writing result file: /home/probst/Random_Forest/RFSplitbias/results/Splitbias-files/jobs/36/11536-result.RData
########## Executing jid=11537 ##########
Timestamp: 2016-04-28 17:04:32
Experiment: 
  Problem: taski 
  Problem parameters: idi=2302, learner=, teststat=, testtype= 
  Algorithm: forest.splitbias.oob 
  Algorithm parameters:  
  Replication: 34 
  Seed: 11537 
  Problem seed: 156 
Setting seed: 11537
Applying Algorithm forest.splitbias.oob ...
Generating problem taski ...
Result:
List of 3
 $ idi   : int 2302
 $ lrn   : chr [1:3] "randomForest" "oob" ""
 $ result: Named num [1:4] 1101 837 703192 1630159
  ..- attr(*, "names")= chr [1:4] "MAE" "MEDAE" "MEDSE" "MSE"
NULL
Writing result file: /home/probst/Random_Forest/RFSplitbias/results/Splitbias-files/jobs/37/11537-result.RData
########## Executing jid=11538 ##########
Timestamp: 2016-04-28 17:04:33
Experiment: 
  Problem: taski 
  Problem parameters: idi=2302, learner=, teststat=, testtype= 
  Algorithm: forest.splitbias.oob 
  Algorithm parameters:  
  Replication: 35 
  Seed: 11538 
  Problem seed: 157 
Setting seed: 11538
Applying Algorithm forest.splitbias.oob ...
Generating problem taski ...
Result:
List of 3
 $ idi   : int 2302
 $ lrn   : chr [1:3] "randomForest" "oob" ""
 $ result: Named num [1:4] 1093 822 685271 1631386
  ..- attr(*, "names")= chr [1:4] "MAE" "MEDAE" "MEDSE" "MSE"
NULL
Writing result file: /home/probst/Random_Forest/RFSplitbias/results/Splitbias-files/jobs/38/11538-result.RData
########## Executing jid=11539 ##########
Timestamp: 2016-04-28 17:04:33
Experiment: 
  Problem: taski 
  Problem parameters: idi=2302, learner=, teststat=, testtype= 
  Algorithm: forest.splitbias.oob 
  Algorithm parameters:  
  Replication: 36 
  Seed: 11539 
  Problem seed: 158 
Setting seed: 11539
Applying Algorithm forest.splitbias.oob ...
Generating problem taski ...
Result:
List of 3
 $ idi   : int 2302
 $ lrn   : chr [1:3] "randomForest" "oob" ""
 $ result: Named num [1:4] 1116 898 806249 1688599
  ..- attr(*, "names")= chr [1:4] "MAE" "MEDAE" "MEDSE" "MSE"
NULL
Writing result file: /home/probst/Random_Forest/RFSplitbias/results/Splitbias-files/jobs/39/11539-result.RData
########## Executing jid=11540 ##########
Timestamp: 2016-04-28 17:04:34
Experiment: 
  Problem: taski 
  Problem parameters: idi=2302, learner=, teststat=, testtype= 
  Algorithm: forest.splitbias.oob 
  Algorithm parameters:  
  Replication: 37 
  Seed: 11540 
  Problem seed: 159 
Setting seed: 11540
Applying Algorithm forest.splitbias.oob ...
Generating problem taski ...
Result:
List of 3
 $ idi   : int 2302
 $ lrn   : chr [1:3] "randomForest" "oob" ""
 $ result: Named num [1:4] 1158 938 880820 1793350
  ..- attr(*, "names")= chr [1:4] "MAE" "MEDAE" "MEDSE" "MSE"
NULL
Writing result file: /home/probst/Random_Forest/RFSplitbias/results/Splitbias-files/jobs/40/11540-result.RData
########## Executing jid=11541 ##########
Timestamp: 2016-04-28 17:04:34
Experiment: 
  Problem: taski 
  Problem parameters: idi=2302, learner=, teststat=, testtype= 
  Algorithm: forest.splitbias.oob 
  Algorithm parameters:  
  Replication: 38 
  Seed: 11541 
  Problem seed: 160 
Setting seed: 11541
Applying Algorithm forest.splitbias.oob ...
Generating problem taski ...
Result:
List of 3
 $ idi   : int 2302
 $ lrn   : chr [1:3] "randomForest" "oob" ""
 $ result: Named num [1:4] 1099 843 721519 1666674
  ..- attr(*, "names")= chr [1:4] "MAE" "MEDAE" "MEDSE" "MSE"
NULL
Writing result file: /home/probst/Random_Forest/RFSplitbias/results/Splitbias-files/jobs/41/11541-result.RData
########## Executing jid=11542 ##########
Timestamp: 2016-04-28 17:04:35
Experiment: 
  Problem: taski 
  Problem parameters: idi=2302, learner=, teststat=, testtype= 
  Algorithm: forest.splitbias.oob 
  Algorithm parameters:  
  Replication: 39 
  Seed: 11542 
  Problem seed: 161 
Setting seed: 11542
Applying Algorithm forest.splitbias.oob ...
Generating problem taski ...
Result:
List of 3
 $ idi   : int 2302
 $ lrn   : chr [1:3] "randomForest" "oob" ""
 $ result: Named num [1:4] 1106 887 806551 1613536
  ..- attr(*, "names")= chr [1:4] "MAE" "MEDAE" "MEDSE" "MSE"
NULL
Writing result file: /home/probst/Random_Forest/RFSplitbias/results/Splitbias-files/jobs/42/11542-result.RData
########## Executing jid=11543 ##########
Timestamp: 2016-04-28 17:04:36
Experiment: 
  Problem: taski 
  Problem parameters: idi=2302, learner=, teststat=, testtype= 
  Algorithm: forest.splitbias.oob 
  Algorithm parameters:  
  Replication: 40 
  Seed: 11543 
  Problem seed: 162 
Setting seed: 11543
Applying Algorithm forest.splitbias.oob ...
Generating problem taski ...
Result:
List of 3
 $ idi   : int 2302
 $ lrn   : chr [1:3] "randomForest" "oob" ""
 $ result: Named num [1:4] 1103 794 634330 1651092
  ..- attr(*, "names")= chr [1:4] "MAE" "MEDAE" "MEDSE" "MSE"
NULL
Writing result file: /home/probst/Random_Forest/RFSplitbias/results/Splitbias-files/jobs/43/11543-result.RData
########## Executing jid=11544 ##########
Timestamp: 2016-04-28 17:04:36
Experiment: 
  Problem: taski 
  Problem parameters: idi=2302, learner=, teststat=, testtype= 
  Algorithm: forest.splitbias.oob 
  Algorithm parameters:  
  Replication: 41 
  Seed: 11544 
  Problem seed: 163 
Setting seed: 11544
Applying Algorithm forest.splitbias.oob ...
Generating problem taski ...
Result:
List of 3
 $ idi   : int 2302
 $ lrn   : chr [1:3] "randomForest" "oob" ""
 $ result: Named num [1:4] 1072 792 627588 1588840
  ..- attr(*, "names")= chr [1:4] "MAE" "MEDAE" "MEDSE" "MSE"
NULL
Writing result file: /home/probst/Random_Forest/RFSplitbias/results/Splitbias-files/jobs/44/11544-result.RData
########## Executing jid=11545 ##########
Timestamp: 2016-04-28 17:04:37
Experiment: 
  Problem: taski 
  Problem parameters: idi=2302, learner=, teststat=, testtype= 
  Algorithm: forest.splitbias.oob 
  Algorithm parameters:  
  Replication: 42 
  Seed: 11545 
  Problem seed: 164 
Setting seed: 11545
Applying Algorithm forest.splitbias.oob ...
Generating problem taski ...
Result:
List of 3
 $ idi   : int 2302
 $ lrn   : chr [1:3] "randomForest" "oob" ""
 $ result: Named num [1:4] 1165 991 984013 1796575
  ..- attr(*, "names")= chr [1:4] "MAE" "MEDAE" "MEDSE" "MSE"
NULL
Writing result file: /home/probst/Random_Forest/RFSplitbias/results/Splitbias-files/jobs/45/11545-result.RData
########## Executing jid=11546 ##########
Timestamp: 2016-04-28 17:04:37
Experiment: 
  Problem: taski 
  Problem parameters: idi=2302, learner=, teststat=, testtype= 
  Algorithm: forest.splitbias.oob 
  Algorithm parameters:  
  Replication: 43 
  Seed: 11546 
  Problem seed: 165 
Setting seed: 11546
Applying Algorithm forest.splitbias.oob ...
Generating problem taski ...
Result:
List of 3
 $ idi   : int 2302
 $ lrn   : chr [1:3] "randomForest" "oob" ""
 $ result: Named num [1:4] 1111 840 706228 1667283
  ..- attr(*, "names")= chr [1:4] "MAE" "MEDAE" "MEDSE" "MSE"
NULL
Writing result file: /home/probst/Random_Forest/RFSplitbias/results/Splitbias-files/jobs/46/11546-result.RData
########## Executing jid=11547 ##########
Timestamp: 2016-04-28 17:04:38
Experiment: 
  Problem: taski 
  Problem parameters: idi=2302, learner=, teststat=, testtype= 
  Algorithm: forest.splitbias.oob 
  Algorithm parameters:  
  Replication: 44 
  Seed: 11547 
  Problem seed: 166 
Setting seed: 11547
Applying Algorithm forest.splitbias.oob ...
Generating problem taski ...
Result:
List of 3
 $ idi   : int 2302
 $ lrn   : chr [1:3] "randomForest" "oob" ""
 $ result: Named num [1:4] 1138 913 835605 1722943
  ..- attr(*, "names")= chr [1:4] "MAE" "MEDAE" "MEDSE" "MSE"
NULL
Writing result file: /home/probst/Random_Forest/RFSplitbias/results/Splitbias-files/jobs/47/11547-result.RData
########## Executing jid=11548 ##########
Timestamp: 2016-04-28 17:04:38
Experiment: 
  Problem: taski 
  Problem parameters: idi=2302, learner=, teststat=, testtype= 
  Algorithm: forest.splitbias.oob 
  Algorithm parameters:  
  Replication: 45 
  Seed: 11548 
  Problem seed: 167 
Setting seed: 11548
Applying Algorithm forest.splitbias.oob ...
Generating problem taski ...
Result:
List of 3
 $ idi   : int 2302
 $ lrn   : chr [1:3] "randomForest" "oob" ""
 $ result: Named num [1:4] 1127 907 823982 1683110
  ..- attr(*, "names")= chr [1:4] "MAE" "MEDAE" "MEDSE" "MSE"
NULL
Writing result file: /home/probst/Random_Forest/RFSplitbias/results/Splitbias-files/jobs/48/11548-result.RData
########## Executing jid=11549 ##########
Timestamp: 2016-04-28 17:04:39
Experiment: 
  Problem: taski 
  Problem parameters: idi=2302, learner=, teststat=, testtype= 
  Algorithm: forest.splitbias.oob 
  Algorithm parameters:  
  Replication: 46 
  Seed: 11549 
  Problem seed: 168 
Setting seed: 11549
Applying Algorithm forest.splitbias.oob ...
Generating problem taski ...
Result:
List of 3
 $ idi   : int 2302
 $ lrn   : chr [1:3] "randomForest" "oob" ""
 $ result: Named num [1:4] 1132 899 816320 1723425
  ..- attr(*, "names")= chr [1:4] "MAE" "MEDAE" "MEDSE" "MSE"
NULL
Writing result file: /home/probst/Random_Forest/RFSplitbias/results/Splitbias-files/jobs/49/11549-result.RData
########## Executing jid=11550 ##########
Timestamp: 2016-04-28 17:04:39
Experiment: 
  Problem: taski 
  Problem parameters: idi=2302, learner=, teststat=, testtype= 
  Algorithm: forest.splitbias.oob 
  Algorithm parameters:  
  Replication: 47 
  Seed: 11550 
  Problem seed: 169 
Setting seed: 11550
Applying Algorithm forest.splitbias.oob ...
Generating problem taski ...
Result:
List of 3
 $ idi   : int 2302
 $ lrn   : chr [1:3] "randomForest" "oob" ""
 $ result: Named num [1:4] 1116 865 747714 1697853
  ..- attr(*, "names")= chr [1:4] "MAE" "MEDAE" "MEDSE" "MSE"
NULL
Writing result file: /home/probst/Random_Forest/RFSplitbias/results/Splitbias-files/jobs/50/11550-result.RData
########## Executing jid=11551 ##########
Timestamp: 2016-04-28 17:04:40
Experiment: 
  Problem: taski 
  Problem parameters: idi=2302, learner=, teststat=, testtype= 
  Algorithm: forest.splitbias.oob 
  Algorithm parameters:  
  Replication: 48 
  Seed: 11551 
  Problem seed: 170 
Setting seed: 11551
Applying Algorithm forest.splitbias.oob ...
Generating problem taski ...
Result:
List of 3
 $ idi   : int 2302
 $ lrn   : chr [1:3] "randomForest" "oob" ""
 $ result: Named num [1:4] 1132 911 835010 1714616
  ..- attr(*, "names")= chr [1:4] "MAE" "MEDAE" "MEDSE" "MSE"
NULL
Writing result file: /home/probst/Random_Forest/RFSplitbias/results/Splitbias-files/jobs/51/11551-result.RData
########## Executing jid=11552 ##########
Timestamp: 2016-04-28 17:04:41
Experiment: 
  Problem: taski 
  Problem parameters: idi=2302, learner=, teststat=, testtype= 
  Algorithm: forest.splitbias.oob 
  Algorithm parameters:  
  Replication: 49 
  Seed: 11552 
  Problem seed: 171 
Setting seed: 11552
Applying Algorithm forest.splitbias.oob ...
Generating problem taski ...
Result:
List of 3
 $ idi   : int 2302
 $ lrn   : chr [1:3] "randomForest" "oob" ""
 $ result: Named num [1:4] 1099 910 836054 1651736
  ..- attr(*, "names")= chr [1:4] "MAE" "MEDAE" "MEDSE" "MSE"
NULL
Writing result file: /home/probst/Random_Forest/RFSplitbias/results/Splitbias-files/jobs/52/11552-result.RData
########## Executing jid=11553 ##########
Timestamp: 2016-04-28 17:04:41
Experiment: 
  Problem: taski 
  Problem parameters: idi=2302, learner=, teststat=, testtype= 
  Algorithm: forest.splitbias.oob 
  Algorithm parameters:  
  Replication: 50 
  Seed: 11553 
  Problem seed: 172 
Setting seed: 11553
Applying Algorithm forest.splitbias.oob ...
Generating problem taski ...
Result:
List of 3
 $ idi   : int 2302
 $ lrn   : chr [1:3] "randomForest" "oob" ""
 $ result: Named num [1:4] 1114 910 830510 1665181
  ..- attr(*, "names")= chr [1:4] "MAE" "MEDAE" "MEDSE" "MSE"
NULL
Writing result file: /home/probst/Random_Forest/RFSplitbias/results/Splitbias-files/jobs/53/11553-result.RData
########## Executing jid=11554 ##########
Timestamp: 2016-04-28 17:04:42
Experiment: 
  Problem: taski 
  Problem parameters: idi=4996, learner=, teststat=, testtype= 
  Algorithm: forest.splitbias.oob 
  Algorithm parameters:  
  Replication: 11 
  Seed: 11554 
  Problem seed: 133 
Setting seed: 11554
Applying Algorithm forest.splitbias.oob ...
Generating problem taski ...
Result:
List of 3
 $ idi   : int 4996
 $ lrn   : chr [1:3] "randomForest" "oob" ""
 $ result: Named num [1:4] 5.34 4.64 21.56 39.84
  ..- attr(*, "names")= chr [1:4] "MAE" "MEDAE" "MEDSE" "MSE"
NULL
Writing result file: /home/probst/Random_Forest/RFSplitbias/results/Splitbias-files/jobs/54/11554-result.RData
########## Executing jid=11555 ##########
Timestamp: 2016-04-28 17:04:42
Experiment: 
  Problem: taski 
  Problem parameters: idi=4996, learner=, teststat=, testtype= 
  Algorithm: forest.splitbias.oob 
  Algorithm parameters:  
  Replication: 12 
  Seed: 11555 
  Problem seed: 134 
Setting seed: 11555
Applying Algorithm forest.splitbias.oob ...
Generating problem taski ...
Result:
List of 3
 $ idi   : int 4996
 $ lrn   : chr [1:3] "randomForest" "oob" ""
 $ result: Named num [1:4] 5.17 5.2 26.99 38.7
  ..- attr(*, "names")= chr [1:4] "MAE" "MEDAE" "MEDSE" "MSE"
NULL
Writing result file: /home/probst/Random_Forest/RFSplitbias/results/Splitbias-files/jobs/55/11555-result.RData
########## Executing jid=11556 ##########
Timestamp: 2016-04-28 17:04:43
Experiment: 
  Problem: taski 
  Problem parameters: idi=4996, learner=, teststat=, testtype= 
  Algorithm: forest.splitbias.oob 
  Algorithm parameters:  
  Replication: 13 
  Seed: 11556 
  Problem seed: 135 
Setting seed: 11556
Applying Algorithm forest.splitbias.oob ...
Generating problem taski ...
Result:
List of 3
 $ idi   : int 4996
 $ lrn   : chr [1:3] "randomForest" "oob" ""
 $ result: Named num [1:4] 5.26 4.91 24.07 40.11
  ..- attr(*, "names")= chr [1:4] "MAE" "MEDAE" "MEDSE" "MSE"
NULL
Writing result file: /home/probst/Random_Forest/RFSplitbias/results/Splitbias-files/jobs/56/11556-result.RData
########## Executing jid=11557 ##########
Timestamp: 2016-04-28 17:04:43
Experiment: 
  Problem: taski 
  Problem parameters: idi=4996, learner=, teststat=, testtype= 
  Algorithm: forest.splitbias.oob 
  Algorithm parameters:  
  Replication: 14 
  Seed: 11557 
  Problem seed: 136 
Setting seed: 11557
Applying Algorithm forest.splitbias.oob ...
Generating problem taski ...
Result:
List of 3
 $ idi   : int 4996
 $ lrn   : chr [1:3] "randomForest" "oob" ""
 $ result: Named num [1:4] 5.27 4.62 21.35 39.45
  ..- attr(*, "names")= chr [1:4] "MAE" "MEDAE" "MEDSE" "MSE"
NULL
Writing result file: /home/probst/Random_Forest/RFSplitbias/results/Splitbias-files/jobs/57/11557-result.RData
########## Executing jid=11558 ##########
Timestamp: 2016-04-28 17:04:44
Experiment: 
  Problem: taski 
  Problem parameters: idi=4996, learner=, teststat=, testtype= 
  Algorithm: forest.splitbias.oob 
  Algorithm parameters:  
  Replication: 15 
  Seed: 11558 
  Problem seed: 137 
Setting seed: 11558
Applying Algorithm forest.splitbias.oob ...
Generating problem taski ...
Result:
List of 3
 $ idi   : int 4996
 $ lrn   : chr [1:3] "randomForest" "oob" ""
 $ result: Named num [1:4] 5.23 4.28 18.3 39.35
  ..- attr(*, "names")= chr [1:4] "MAE" "MEDAE" "MEDSE" "MSE"
NULL
Writing result file: /home/probst/Random_Forest/RFSplitbias/results/Splitbias-files/jobs/58/11558-result.RData
########## Executing jid=11559 ##########
Timestamp: 2016-04-28 17:04:44
Experiment: 
  Problem: taski 
  Problem parameters: idi=4996, learner=, teststat=, testtype= 
  Algorithm: forest.splitbias.oob 
  Algorithm parameters:  
  Replication: 16 
  Seed: 11559 
  Problem seed: 138 
Setting seed: 11559
Applying Algorithm forest.splitbias.oob ...
Generating problem taski ...
Result:
List of 3
 $ idi   : int 4996
 $ lrn   : chr [1:3] "randomForest" "oob" ""
 $ result: Named num [1:4] 5.27 4.1 16.82 40.76
  ..- attr(*, "names")= chr [1:4] "MAE" "MEDAE" "MEDSE" "MSE"
NULL
Writing result file: /home/probst/Random_Forest/RFSplitbias/results/Splitbias-files/jobs/59/11559-result.RData
########## Executing jid=11560 ##########
Timestamp: 2016-04-28 17:04:45
Experiment: 
  Problem: taski 
  Problem parameters: idi=4996, learner=, teststat=, testtype= 
  Algorithm: forest.splitbias.oob 
  Algorithm parameters:  
  Replication: 17 
  Seed: 11560 
  Problem seed: 139 
Setting seed: 11560
Applying Algorithm forest.splitbias.oob ...
Generating problem taski ...
Result:
List of 3
 $ idi   : int 4996
 $ lrn   : chr [1:3] "randomForest" "oob" ""
 $ result: Named num [1:4] 5.16 4.43 19.61 39.4
  ..- attr(*, "names")= chr [1:4] "MAE" "MEDAE" "MEDSE" "MSE"
NULL
Writing result file: /home/probst/Random_Forest/RFSplitbias/results/Splitbias-files/jobs/60/11560-result.RData
########## Executing jid=11561 ##########
Timestamp: 2016-04-28 17:04:45
Experiment: 
  Problem: taski 
  Problem parameters: idi=4996, learner=, teststat=, testtype= 
  Algorithm: forest.splitbias.oob 
  Algorithm parameters:  
  Replication: 18 
  Seed: 11561 
  Problem seed: 140 
Setting seed: 11561
Applying Algorithm forest.splitbias.oob ...
Generating problem taski ...
Result:
List of 3
 $ idi   : int 4996
 $ lrn   : chr [1:3] "randomForest" "oob" ""
 $ result: Named num [1:4] 5.23 4.26 18.15 38.87
  ..- attr(*, "names")= chr [1:4] "MAE" "MEDAE" "MEDSE" "MSE"
NULL
Writing result file: /home/probst/Random_Forest/RFSplitbias/results/Splitbias-files/jobs/61/11561-result.RData
########## Executing jid=11562 ##########
Timestamp: 2016-04-28 17:04:46
Experiment: 
  Problem: taski 
  Problem parameters: idi=4996, learner=, teststat=, testtype= 
  Algorithm: forest.splitbias.oob 
  Algorithm parameters:  
  Replication: 19 
  Seed: 11562 
  Problem seed: 141 
Setting seed: 11562
Applying Algorithm forest.splitbias.oob ...
Generating problem taski ...
Result:
List of 3
 $ idi   : int 4996
 $ lrn   : chr [1:3] "randomForest" "oob" ""
 $ result: Named num [1:4] 5.28 4.51 20.35 40.57
  ..- attr(*, "names")= chr [1:4] "MAE" "MEDAE" "MEDSE" "MSE"
NULL
Writing result file: /home/probst/Random_Forest/RFSplitbias/results/Splitbias-files/jobs/62/11562-result.RData
########## Executing jid=11563 ##########
Timestamp: 2016-04-28 17:04:47
Experiment: 
  Problem: taski 
  Problem parameters: idi=4996, learner=, teststat=, testtype= 
  Algorithm: forest.splitbias.oob 
  Algorithm parameters:  
  Replication: 20 
  Seed: 11563 
  Problem seed: 142 
Setting seed: 11563
Applying Algorithm forest.splitbias.oob ...
Generating problem taski ...
Result:
List of 3
 $ idi   : int 4996
 $ lrn   : chr [1:3] "randomForest" "oob" ""
 $ result: Named num [1:4] 5.33 4.18 17.5 41.75
  ..- attr(*, "names")= chr [1:4] "MAE" "MEDAE" "MEDSE" "MSE"
NULL
Writing result file: /home/probst/Random_Forest/RFSplitbias/results/Splitbias-files/jobs/63/11563-result.RData
########## Executing jid=11564 ##########
Timestamp: 2016-04-28 17:04:47
Experiment: 
  Problem: taski 
  Problem parameters: idi=4996, learner=, teststat=, testtype= 
  Algorithm: forest.splitbias.oob 
  Algorithm parameters:  
  Replication: 21 
  Seed: 11564 
  Problem seed: 143 
Setting seed: 11564
Applying Algorithm forest.splitbias.oob ...
Generating problem taski ...
Result:
List of 3
 $ idi   : int 4996
 $ lrn   : chr [1:3] "randomForest" "oob" ""
 $ result: Named num [1:4] 5.25 4.46 19.9 40.08
  ..- attr(*, "names")= chr [1:4] "MAE" "MEDAE" "MEDSE" "MSE"
NULL
Writing result file: /home/probst/Random_Forest/RFSplitbias/results/Splitbias-files/jobs/64/11564-result.RData
########## Executing jid=11565 ##########
Timestamp: 2016-04-28 17:04:48
Experiment: 
  Problem: taski 
  Problem parameters: idi=4996, learner=, teststat=, testtype= 
  Algorithm: forest.splitbias.oob 
  Algorithm parameters:  
  Replication: 22 
  Seed: 11565 
  Problem seed: 144 
Setting seed: 11565
Applying Algorithm forest.splitbias.oob ...
Generating problem taski ...
Result:
List of 3
 $ idi   : int 4996
 $ lrn   : chr [1:3] "randomForest" "oob" ""
 $ result: Named num [1:4] 5.11 4.15 17.2 37.78
  ..- attr(*, "names")= chr [1:4] "MAE" "MEDAE" "MEDSE" "MSE"
NULL
Writing result file: /home/probst/Random_Forest/RFSplitbias/results/Splitbias-files/jobs/65/11565-result.RData
########## Executing jid=11566 ##########
Timestamp: 2016-04-28 17:04:48
Experiment: 
  Problem: taski 
  Problem parameters: idi=4996, learner=, teststat=, testtype= 
  Algorithm: forest.splitbias.oob 
  Algorithm parameters:  
  Replication: 23 
  Seed: 11566 
  Problem seed: 145 
Setting seed: 11566
Applying Algorithm forest.splitbias.oob ...
Generating problem taski ...
Result:
List of 3
 $ idi   : int 4996
 $ lrn   : chr [1:3] "randomForest" "oob" ""
 $ result: Named num [1:4] 5.2 4.24 18.01 38.48
  ..- attr(*, "names")= chr [1:4] "MAE" "MEDAE" "MEDSE" "MSE"
NULL
Writing result file: /home/probst/Random_Forest/RFSplitbias/results/Splitbias-files/jobs/66/11566-result.RData
########## Executing jid=11567 ##########
Timestamp: 2016-04-28 17:04:49
Experiment: 
  Problem: taski 
  Problem parameters: idi=4996, learner=, teststat=, testtype= 
  Algorithm: forest.splitbias.oob 
  Algorithm parameters:  
  Replication: 24 
  Seed: 11567 
  Problem seed: 146 
Setting seed: 11567
Applying Algorithm forest.splitbias.oob ...
Generating problem taski ...
Result:
List of 3
 $ idi   : int 4996
 $ lrn   : chr [1:3] "randomForest" "oob" ""
 $ result: Named num [1:4] 5.3 4.54 20.64 39.6
  ..- attr(*, "names")= chr [1:4] "MAE" "MEDAE" "MEDSE" "MSE"
NULL
Writing result file: /home/probst/Random_Forest/RFSplitbias/results/Splitbias-files/jobs/67/11567-result.RData
########## Executing jid=11568 ##########
Timestamp: 2016-04-28 17:04:49
Experiment: 
  Problem: taski 
  Problem parameters: idi=4996, learner=, teststat=, testtype= 
  Algorithm: forest.splitbias.oob 
  Algorithm parameters:  
  Replication: 25 
  Seed: 11568 
  Problem seed: 147 
Setting seed: 11568
Applying Algorithm forest.splitbias.oob ...
Generating problem taski ...
Result:
List of 3
 $ idi   : int 4996
 $ lrn   : chr [1:3] "randomForest" "oob" ""
 $ result: Named num [1:4] 5.26 4.7 22.1 39.58
  ..- attr(*, "names")= chr [1:4] "MAE" "MEDAE" "MEDSE" "MSE"
NULL
Writing result file: /home/probst/Random_Forest/RFSplitbias/results/Splitbias-files/jobs/68/11568-result.RData
########## Executing jid=11569 ##########
Timestamp: 2016-04-28 17:04:50
Experiment: 
  Problem: taski 
  Problem parameters: idi=4996, learner=, teststat=, testtype= 
  Algorithm: forest.splitbias.oob 
  Algorithm parameters:  
  Replication: 26 
  Seed: 11569 
  Problem seed: 148 
Setting seed: 11569
Applying Algorithm forest.splitbias.oob ...
Generating problem taski ...
Result:
List of 3
 $ idi   : int 4996
 $ lrn   : chr [1:3] "randomForest" "oob" ""
 $ result: Named num [1:4] 5.21 4.78 22.9 38.3
  ..- attr(*, "names")= chr [1:4] "MAE" "MEDAE" "MEDSE" "MSE"
NULL
Writing result file: /home/probst/Random_Forest/RFSplitbias/results/Splitbias-files/jobs/69/11569-result.RData
########## Executing jid=11570 ##########
Timestamp: 2016-04-28 17:04:50
Experiment: 
  Problem: taski 
  Problem parameters: idi=4996, learner=, teststat=, testtype= 
  Algorithm: forest.splitbias.oob 
  Algorithm parameters:  
  Replication: 27 
  Seed: 11570 
  Problem seed: 149 
Setting seed: 11570
Applying Algorithm forest.splitbias.oob ...
Generating problem taski ...
Result:
List of 3
 $ idi   : int 4996
 $ lrn   : chr [1:3] "randomForest" "oob" ""
 $ result: Named num [1:4] 5.32 4.37 19.13 40.59
  ..- attr(*, "names")= chr [1:4] "MAE" "MEDAE" "MEDSE" "MSE"
NULL
Writing result file: /home/probst/Random_Forest/RFSplitbias/results/Splitbias-files/jobs/70/11570-result.RData
########## Executing jid=11571 ##########
Timestamp: 2016-04-28 17:04:51
Experiment: 
  Problem: taski 
  Problem parameters: idi=4996, learner=, teststat=, testtype= 
  Algorithm: forest.splitbias.oob 
  Algorithm parameters:  
  Replication: 28 
  Seed: 11571 
  Problem seed: 150 
Setting seed: 11571
Applying Algorithm forest.splitbias.oob ...
Generating problem taski ...
Result:
List of 3
 $ idi   : int 4996
 $ lrn   : chr [1:3] "randomForest" "oob" ""
 $ result: Named num [1:4] 5.25 4.92 24.2 39.6
  ..- attr(*, "names")= chr [1:4] "MAE" "MEDAE" "MEDSE" "MSE"
NULL
Writing result file: /home/probst/Random_Forest/RFSplitbias/results/Splitbias-files/jobs/71/11571-result.RData
########## Executing jid=11572 ##########
Timestamp: 2016-04-28 17:04:52
Experiment: 
  Problem: taski 
  Problem parameters: idi=4996, learner=, teststat=, testtype= 
  Algorithm: forest.splitbias.oob 
  Algorithm parameters:  
  Replication: 29 
  Seed: 11572 
  Problem seed: 151 
Setting seed: 11572
Applying Algorithm forest.splitbias.oob ...
Generating problem taski ...
Result:
List of 3
 $ idi   : int 4996
 $ lrn   : chr [1:3] "randomForest" "oob" ""
 $ result: Named num [1:4] 5.13 4.24 18.01 37.73
  ..- attr(*, "names")= chr [1:4] "MAE" "MEDAE" "MEDSE" "MSE"
NULL
Writing result file: /home/probst/Random_Forest/RFSplitbias/results/Splitbias-files/jobs/72/11572-result.RData
########## Executing jid=11573 ##########
Timestamp: 2016-04-28 17:04:52
Experiment: 
  Problem: taski 
  Problem parameters: idi=4996, learner=, teststat=, testtype= 
  Algorithm: forest.splitbias.oob 
  Algorithm parameters:  
  Replication: 30 
  Seed: 11573 
  Problem seed: 152 
Setting seed: 11573
Applying Algorithm forest.splitbias.oob ...
Generating problem taski ...
Result:
List of 3
 $ idi   : int 4996
 $ lrn   : chr [1:3] "randomForest" "oob" ""
 $ result: Named num [1:4] 5.31 4.79 22.93 39.95
  ..- attr(*, "names")= chr [1:4] "MAE" "MEDAE" "MEDSE" "MSE"
NULL
Writing result file: /home/probst/Random_Forest/RFSplitbias/results/Splitbias-files/jobs/73/11573-result.RData
########## Executing jid=11574 ##########
Timestamp: 2016-04-28 17:04:53
Experiment: 
  Problem: taski 
  Problem parameters: idi=4996, learner=, teststat=, testtype= 
  Algorithm: forest.splitbias.oob 
  Algorithm parameters:  
  Replication: 31 
  Seed: 11574 
  Problem seed: 153 
Setting seed: 11574
Applying Algorithm forest.splitbias.oob ...
Generating problem taski ...
Result:
List of 3
 $ idi   : int 4996
 $ lrn   : chr [1:3] "randomForest" "oob" ""
 $ result: Named num [1:4] 5.11 4.21 17.72 37.84
  ..- attr(*, "names")= chr [1:4] "MAE" "MEDAE" "MEDSE" "MSE"
NULL
Writing result file: /home/probst/Random_Forest/RFSplitbias/results/Splitbias-files/jobs/74/11574-result.RData
########## Executing jid=11575 ##########
Timestamp: 2016-04-28 17:04:53
Experiment: 
  Problem: taski 
  Problem parameters: idi=4996, learner=, teststat=, testtype= 
  Algorithm: forest.splitbias.oob 
  Algorithm parameters:  
  Replication: 32 
  Seed: 11575 
  Problem seed: 154 
Setting seed: 11575
Applying Algorithm forest.splitbias.oob ...
Generating problem taski ...
Result:
List of 3
 $ idi   : int 4996
 $ lrn   : chr [1:3] "randomForest" "oob" ""
 $ result: Named num [1:4] 5.28 4.79 22.96 39.28
  ..- attr(*, "names")= chr [1:4] "MAE" "MEDAE" "MEDSE" "MSE"
NULL
Writing result file: /home/probst/Random_Forest/RFSplitbias/results/Splitbias-files/jobs/75/11575-result.RData
########## Executing jid=11576 ##########
Timestamp: 2016-04-28 17:04:54
Experiment: 
  Problem: taski 
  Problem parameters: idi=4996, learner=, teststat=, testtype= 
  Algorithm: forest.splitbias.oob 
  Algorithm parameters:  
  Replication: 33 
  Seed: 11576 
  Problem seed: 155 
Setting seed: 11576
Applying Algorithm forest.splitbias.oob ...
Generating problem taski ...
Result:
List of 3
 $ idi   : int 4996
 $ lrn   : chr [1:3] "randomForest" "oob" ""
 $ result: Named num [1:4] 5.03 4.43 19.68 36.12
  ..- attr(*, "names")= chr [1:4] "MAE" "MEDAE" "MEDSE" "MSE"
NULL
Writing result file: /home/probst/Random_Forest/RFSplitbias/results/Splitbias-files/jobs/76/11576-result.RData
########## Executing jid=11577 ##########
Timestamp: 2016-04-28 17:04:55
Experiment: 
  Problem: taski 
  Problem parameters: idi=4996, learner=, teststat=, testtype= 
  Algorithm: forest.splitbias.oob 
  Algorithm parameters:  
  Replication: 34 
  Seed: 11577 
  Problem seed: 156 
Setting seed: 11577
Applying Algorithm forest.splitbias.oob ...
Generating problem taski ...
Result:
List of 3
 $ idi   : int 4996
 $ lrn   : chr [1:3] "randomForest" "oob" ""
 $ result: Named num [1:4] 5.11 4.24 17.97 38.04
  ..- attr(*, "names")= chr [1:4] "MAE" "MEDAE" "MEDSE" "MSE"
NULL
Writing result file: /home/probst/Random_Forest/RFSplitbias/results/Splitbias-files/jobs/77/11577-result.RData
########## Executing jid=11578 ##########
Timestamp: 2016-04-28 17:04:55
Experiment: 
  Problem: taski 
  Problem parameters: idi=4996, learner=, teststat=, testtype= 
  Algorithm: forest.splitbias.oob 
  Algorithm parameters:  
  Replication: 35 
  Seed: 11578 
  Problem seed: 157 
Setting seed: 11578
Applying Algorithm forest.splitbias.oob ...
Generating problem taski ...
Result:
List of 3
 $ idi   : int 4996
 $ lrn   : chr [1:3] "randomForest" "oob" ""
 $ result: Named num [1:4] 5.16 4.02 16.26 38.83
  ..- attr(*, "names")= chr [1:4] "MAE" "MEDAE" "MEDSE" "MSE"
NULL
Writing result file: /home/probst/Random_Forest/RFSplitbias/results/Splitbias-files/jobs/78/11578-result.RData
########## Executing jid=11579 ##########
Timestamp: 2016-04-28 17:04:56
Experiment: 
  Problem: taski 
  Problem parameters: idi=4996, learner=, teststat=, testtype= 
  Algorithm: forest.splitbias.oob 
  Algorithm parameters:  
  Replication: 36 
  Seed: 11579 
  Problem seed: 158 
Setting seed: 11579
Applying Algorithm forest.splitbias.oob ...
Generating problem taski ...
Result:
List of 3
 $ idi   : int 4996
 $ lrn   : chr [1:3] "randomForest" "oob" ""
 $ result: Named num [1:4] 5.16 4.6 21.18 38.07
  ..- attr(*, "names")= chr [1:4] "MAE" "MEDAE" "MEDSE" "MSE"
NULL
Writing result file: /home/probst/Random_Forest/RFSplitbias/results/Splitbias-files/jobs/79/11579-result.RData
########## Executing jid=11580 ##########
Timestamp: 2016-04-28 17:04:56
Experiment: 
  Problem: taski 
  Problem parameters: idi=4996, learner=, teststat=, testtype= 
  Algorithm: forest.splitbias.oob 
  Algorithm parameters:  
  Replication: 37 
  Seed: 11580 
  Problem seed: 159 
Setting seed: 11580
Applying Algorithm forest.splitbias.oob ...
Generating problem taski ...
Result:
List of 3
 $ idi   : int 4996
 $ lrn   : chr [1:3] "randomForest" "oob" ""
 $ result: Named num [1:4] 5.22 4.26 18.14 39.24
  ..- attr(*, "names")= chr [1:4] "MAE" "MEDAE" "MEDSE" "MSE"
NULL
Writing result file: /home/probst/Random_Forest/RFSplitbias/results/Splitbias-files/jobs/80/11580-result.RData
########## Executing jid=11581 ##########
Timestamp: 2016-04-28 17:04:57
Experiment: 
  Problem: taski 
  Problem parameters: idi=4996, learner=, teststat=, testtype= 
  Algorithm: forest.splitbias.oob 
  Algorithm parameters:  
  Replication: 38 
  Seed: 11581 
  Problem seed: 160 
Setting seed: 11581
Applying Algorithm forest.splitbias.oob ...
Generating problem taski ...
Result:
List of 3
 $ idi   : int 4996
 $ lrn   : chr [1:3] "randomForest" "oob" ""
 $ result: Named num [1:4] 5.21 5.14 26.5 39.42
  ..- attr(*, "names")= chr [1:4] "MAE" "MEDAE" "MEDSE" "MSE"
NULL
Writing result file: /home/probst/Random_Forest/RFSplitbias/results/Splitbias-files/jobs/81/11581-result.RData
########## Executing jid=11582 ##########
Timestamp: 2016-04-28 17:04:57
Experiment: 
  Problem: taski 
  Problem parameters: idi=4996, learner=, teststat=, testtype= 
  Algorithm: forest.splitbias.oob 
  Algorithm parameters:  
  Replication: 39 
  Seed: 11582 
  Problem seed: 161 
Setting seed: 11582
Applying Algorithm forest.splitbias.oob ...
Generating problem taski ...
Result:
List of 3
 $ idi   : int 4996
 $ lrn   : chr [1:3] "randomForest" "oob" ""
 $ result: Named num [1:4] 5.06 4.56 20.87 36.21
  ..- attr(*, "names")= chr [1:4] "MAE" "MEDAE" "MEDSE" "MSE"
NULL
Writing result file: /home/probst/Random_Forest/RFSplitbias/results/Splitbias-files/jobs/82/11582-result.RData
########## Executing jid=11583 ##########
Timestamp: 2016-04-28 17:04:58
Experiment: 
  Problem: taski 
  Problem parameters: idi=4996, learner=, teststat=, testtype= 
  Algorithm: forest.splitbias.oob 
  Algorithm parameters:  
  Replication: 40 
  Seed: 11583 
  Problem seed: 162 
Setting seed: 11583
Applying Algorithm forest.splitbias.oob ...
Generating problem taski ...
Result:
List of 3
 $ idi   : int 4996
 $ lrn   : chr [1:3] "randomForest" "oob" ""
 $ result: Named num [1:4] 5.36 5.16 26.59 41.05
  ..- attr(*, "names")= chr [1:4] "MAE" "MEDAE" "MEDSE" "MSE"
NULL
Writing result file: /home/probst/Random_Forest/RFSplitbias/results/Splitbias-files/jobs/83/11583-result.RData
########## Executing jid=11584 ##########
Timestamp: 2016-04-28 17:04:58
Experiment: 
  Problem: taski 
  Problem parameters: idi=4996, learner=, teststat=, testtype= 
  Algorithm: forest.splitbias.oob 
  Algorithm parameters:  
  Replication: 41 
  Seed: 11584 
  Problem seed: 163 
Setting seed: 11584
Applying Algorithm forest.splitbias.oob ...
Generating problem taski ...
Result:
List of 3
 $ idi   : int 4996
 $ lrn   : chr [1:3] "randomForest" "oob" ""
 $ result: Named num [1:4] 5.16 4.35 18.94 38.81
  ..- attr(*, "names")= chr [1:4] "MAE" "MEDAE" "MEDSE" "MSE"
NULL
Writing result file: /home/probst/Random_Forest/RFSplitbias/results/Splitbias-files/jobs/84/11584-result.RData
########## Executing jid=11585 ##########
Timestamp: 2016-04-28 17:04:59
Experiment: 
  Problem: taski 
  Problem parameters: idi=4996, learner=, teststat=, testtype= 
  Algorithm: forest.splitbias.oob 
  Algorithm parameters:  
  Replication: 42 
  Seed: 11585 
  Problem seed: 164 
Setting seed: 11585
Applying Algorithm forest.splitbias.oob ...
Generating problem taski ...
Result:
List of 3
 $ idi   : int 4996
 $ lrn   : chr [1:3] "randomForest" "oob" ""
 $ result: Named num [1:4] 5.16 4.71 22.19 38.37
  ..- attr(*, "names")= chr [1:4] "MAE" "MEDAE" "MEDSE" "MSE"
NULL
Writing result file: /home/probst/Random_Forest/RFSplitbias/results/Splitbias-files/jobs/85/11585-result.RData
########## Executing jid=11586 ##########
Timestamp: 2016-04-28 17:04:59
Experiment: 
  Problem: taski 
  Problem parameters: idi=4996, learner=, teststat=, testtype= 
  Algorithm: forest.splitbias.oob 
  Algorithm parameters:  
  Replication: 43 
  Seed: 11586 
  Problem seed: 165 
Setting seed: 11586
Applying Algorithm forest.splitbias.oob ...
Generating problem taski ...
Result:
List of 3
 $ idi   : int 4996
 $ lrn   : chr [1:3] "randomForest" "oob" ""
 $ result: Named num [1:4] 5.18 4.68 22.05 39.29
  ..- attr(*, "names")= chr [1:4] "MAE" "MEDAE" "MEDSE" "MSE"
NULL
Writing result file: /home/probst/Random_Forest/RFSplitbias/results/Splitbias-files/jobs/86/11586-result.RData
########## Executing jid=11587 ##########
Timestamp: 2016-04-28 17:05:00
Experiment: 
  Problem: taski 
  Problem parameters: idi=4996, learner=, teststat=, testtype= 
  Algorithm: forest.splitbias.oob 
  Algorithm parameters:  
  Replication: 44 
  Seed: 11587 
  Problem seed: 166 
Setting seed: 11587
Applying Algorithm forest.splitbias.oob ...
Generating problem taski ...
Result:
List of 3
 $ idi   : int 4996
 $ lrn   : chr [1:3] "randomForest" "oob" ""
 $ result: Named num [1:4] 5.2 4.69 21.99 39.16
  ..- attr(*, "names")= chr [1:4] "MAE" "MEDAE" "MEDSE" "MSE"
NULL
Writing result file: /home/probst/Random_Forest/RFSplitbias/results/Splitbias-files/jobs/87/11587-result.RData
########## Executing jid=11588 ##########
Timestamp: 2016-04-28 17:05:01
Experiment: 
  Problem: taski 
  Problem parameters: idi=4996, learner=, teststat=, testtype= 
  Algorithm: forest.splitbias.oob 
  Algorithm parameters:  
  Replication: 45 
  Seed: 11588 
  Problem seed: 167 
Setting seed: 11588
Applying Algorithm forest.splitbias.oob ...
Generating problem taski ...
Result:
List of 3
 $ idi   : int 4996
 $ lrn   : chr [1:3] "randomForest" "oob" ""
 $ result: Named num [1:4] 5.17 4.97 24.74 37.81
  ..- attr(*, "names")= chr [1:4] "MAE" "MEDAE" "MEDSE" "MSE"
NULL
Writing result file: /home/probst/Random_Forest/RFSplitbias/results/Splitbias-files/jobs/88/11588-result.RData
########## Executing jid=11589 ##########
Timestamp: 2016-04-28 17:05:01
Experiment: 
  Problem: taski 
  Problem parameters: idi=4996, learner=, teststat=, testtype= 
  Algorithm: forest.splitbias.oob 
  Algorithm parameters:  
  Replication: 46 
  Seed: 11589 
  Problem seed: 168 
Setting seed: 11589
Applying Algorithm forest.splitbias.oob ...
Generating problem taski ...
Result:
List of 3
 $ idi   : int 4996
 $ lrn   : chr [1:3] "randomForest" "oob" ""
 $ result: Named num [1:4] 5.11 4.4 19.42 38.81
  ..- attr(*, "names")= chr [1:4] "MAE" "MEDAE" "MEDSE" "MSE"
NULL
Writing result file: /home/probst/Random_Forest/RFSplitbias/results/Splitbias-files/jobs/89/11589-result.RData
########## Executing jid=11590 ##########
Timestamp: 2016-04-28 17:05:02
Experiment: 
  Problem: taski 
  Problem parameters: idi=4996, learner=, teststat=, testtype= 
  Algorithm: forest.splitbias.oob 
  Algorithm parameters:  
  Replication: 47 
  Seed: 11590 
  Problem seed: 169 
Setting seed: 11590
Applying Algorithm forest.splitbias.oob ...
Generating problem taski ...
Result:
List of 3
 $ idi   : int 4996
 $ lrn   : chr [1:3] "randomForest" "oob" ""
 $ result: Named num [1:4] 5.13 4.28 18.29 37.7
  ..- attr(*, "names")= chr [1:4] "MAE" "MEDAE" "MEDSE" "MSE"
NULL
Writing result file: /home/probst/Random_Forest/RFSplitbias/results/Splitbias-files/jobs/90/11590-result.RData
########## Executing jid=11591 ##########
Timestamp: 2016-04-28 17:05:02
Experiment: 
  Problem: taski 
  Problem parameters: idi=4996, learner=, teststat=, testtype= 
  Algorithm: forest.splitbias.oob 
  Algorithm parameters:  
  Replication: 48 
  Seed: 11591 
  Problem seed: 170 
Setting seed: 11591
Applying Algorithm forest.splitbias.oob ...
Generating problem taski ...
Result:
List of 3
 $ idi   : int 4996
 $ lrn   : chr [1:3] "randomForest" "oob" ""
 $ result: Named num [1:4] 5.19 4.51 20.34 38.11
  ..- attr(*, "names")= chr [1:4] "MAE" "MEDAE" "MEDSE" "MSE"
NULL
Writing result file: /home/probst/Random_Forest/RFSplitbias/results/Splitbias-files/jobs/91/11591-result.RData
########## Executing jid=11592 ##########
Timestamp: 2016-04-28 17:05:03
Experiment: 
  Problem: taski 
  Problem parameters: idi=4996, learner=, teststat=, testtype= 
  Algorithm: forest.splitbias.oob 
  Algorithm parameters:  
  Replication: 49 
  Seed: 11592 
  Problem seed: 171 
Setting seed: 11592
Applying Algorithm forest.splitbias.oob ...
Generating problem taski ...
Result:
List of 3
 $ idi   : int 4996
 $ lrn   : chr [1:3] "randomForest" "oob" ""
 $ result: Named num [1:4] 5.36 4.47 20 41.2
  ..- attr(*, "names")= chr [1:4] "MAE" "MEDAE" "MEDSE" "MSE"
NULL
Writing result file: /home/probst/Random_Forest/RFSplitbias/results/Splitbias-files/jobs/92/11592-result.RData
########## Executing jid=11593 ##########
Timestamp: 2016-04-28 17:05:04
Experiment: 
  Problem: taski 
  Problem parameters: idi=4996, learner=, teststat=, testtype= 
  Algorithm: forest.splitbias.oob 
  Algorithm parameters:  
  Replication: 50 
  Seed: 11593 
  Problem seed: 172 
Setting seed: 11593
Applying Algorithm forest.splitbias.oob ...
Generating problem taski ...
Result:
List of 3
 $ idi   : int 4996
 $ lrn   : chr [1:3] "randomForest" "oob" ""
 $ result: Named num [1:4] 5.27 4.73 22.37 40.34
  ..- attr(*, "names")= chr [1:4] "MAE" "MEDAE" "MEDSE" "MSE"
NULL
Writing result file: /home/probst/Random_Forest/RFSplitbias/results/Splitbias-files/jobs/93/11593-result.RData
########## Executing jid=11594 ##########
Timestamp: 2016-04-28 17:05:04
Experiment: 
  Problem: taski 
  Problem parameters: idi=2303, learner=, teststat=, testtype= 
  Algorithm: forest.splitbias.oob 
  Algorithm parameters:  
  Replication: 11 
  Seed: 11594 
  Problem seed: 133 
Setting seed: 11594
Applying Algorithm forest.splitbias.oob ...
Generating problem taski ...
Result:
List of 3
 $ idi   : int 2303
 $ lrn   : chr [1:3] "randomForest" "oob" ""
 $ result: Named num [1:4] 0.472 0.359 0.129 0.344
  ..- attr(*, "names")= chr [1:4] "MAE" "MEDAE" "MEDSE" "MSE"
NULL
Writing result file: /home/probst/Random_Forest/RFSplitbias/results/Splitbias-files/jobs/94/11594-result.RData
########## Executing jid=11595 ##########
Timestamp: 2016-04-28 17:05:05
Experiment: 
  Problem: taski 
  Problem parameters: idi=2303, learner=, teststat=, testtype= 
  Algorithm: forest.splitbias.oob 
  Algorithm parameters:  
  Replication: 12 
  Seed: 11595 
  Problem seed: 134 
Setting seed: 11595
Applying Algorithm forest.splitbias.oob ...
Generating problem taski ...
Result:
List of 3
 $ idi   : int 2303
 $ lrn   : chr [1:3] "randomForest" "oob" ""
 $ result: Named num [1:4] 0.472 0.359 0.129 0.347
  ..- attr(*, "names")= chr [1:4] "MAE" "MEDAE" "MEDSE" "MSE"
NULL
Writing result file: /home/probst/Random_Forest/RFSplitbias/results/Splitbias-files/jobs/95/11595-result.RData
########## Executing jid=11596 ##########
Timestamp: 2016-04-28 17:05:05
Experiment: 
  Problem: taski 
  Problem parameters: idi=2303, learner=, teststat=, testtype= 
  Algorithm: forest.splitbias.oob 
  Algorithm parameters:  
  Replication: 13 
  Seed: 11596 
  Problem seed: 135 
Setting seed: 11596
Applying Algorithm forest.splitbias.oob ...
Generating problem taski ...
Result:
List of 3
 $ idi   : int 2303
 $ lrn   : chr [1:3] "randomForest" "oob" ""
 $ result: Named num [1:4] 0.475 0.371 0.138 0.349
  ..- attr(*, "names")= chr [1:4] "MAE" "MEDAE" "MEDSE" "MSE"
NULL
Writing result file: /home/probst/Random_Forest/RFSplitbias/results/Splitbias-files/jobs/96/11596-result.RData
########## Executing jid=11597 ##########
Timestamp: 2016-04-28 17:05:06
Experiment: 
  Problem: taski 
  Problem parameters: idi=2303, learner=, teststat=, testtype= 
  Algorithm: forest.splitbias.oob 
  Algorithm parameters:  
  Replication: 14 
  Seed: 11597 
  Problem seed: 136 
Setting seed: 11597
Applying Algorithm forest.splitbias.oob ...
Generating problem taski ...
Result:
List of 3
 $ idi   : int 2303
 $ lrn   : chr [1:3] "randomForest" "oob" ""
 $ result: Named num [1:4] 0.474 0.373 0.139 0.348
  ..- attr(*, "names")= chr [1:4] "MAE" "MEDAE" "MEDSE" "MSE"
NULL
Writing result file: /home/probst/Random_Forest/RFSplitbias/results/Splitbias-files/jobs/97/11597-result.RData
2016-04-28 17:05:06: All done.
Setting work back to: /nfsmb/koll/probst/Random_Forest/RFSplitbias/results
Memory usage according to gc:
          used  (Mb) gc trigger  (Mb) max used  (Mb)
Ncells 1938277 103.6    3205452 171.2  2057672 109.9
Vcells 4661510  35.6   15996972 122.1  5294015  40.4
