Loading registry: /home/probst/Random_Forest/RFSplitbias/results/Splitbias-files/registry.RData
Loading conf: 
2016-04-28 17:49:55: Starting job on node lin65.
Auto-mailer settings: start=none, done=none, error=none.
Setting work dir: /nfsmb/koll/probst/Random_Forest/RFSplitbias/results
########## Executing jid=15558 ##########
Timestamp: 2016-04-28 17:49:55
Experiment: 
  Problem: taski 
  Problem parameters: idi=4984, learner=, teststat=, testtype= 
  Algorithm: forest.splitbias.oob 
  Algorithm parameters:  
  Replication: 15 
  Seed: 15558 
  Problem seed: 137 
Setting seed: 15558
Applying Algorithm forest.splitbias.oob ...
Generating problem taski ...
Result:
List of 3
 $ idi   : int 4984
 $ lrn   : chr [1:3] "randomForest" "oob" ""
 $ result: Named num [1:4] 1.317 0.994 0.988 3.496
  ..- attr(*, "names")= chr [1:4] "MAE" "MEDAE" "MEDSE" "MSE"
NULL
Writing result file: /home/probst/Random_Forest/RFSplitbias/results/Splitbias-files/jobs/58/15558-result.RData
########## Executing jid=15559 ##########
Timestamp: 2016-04-28 17:49:57
Experiment: 
  Problem: taski 
  Problem parameters: idi=4984, learner=, teststat=, testtype= 
  Algorithm: forest.splitbias.oob 
  Algorithm parameters:  
  Replication: 16 
  Seed: 15559 
  Problem seed: 138 
Setting seed: 15559
Applying Algorithm forest.splitbias.oob ...
Generating problem taski ...
Result:
List of 3
 $ idi   : int 4984
 $ lrn   : chr [1:3] "randomForest" "oob" ""
 $ result: Named num [1:4] 1.311 0.965 0.931 3.509
  ..- attr(*, "names")= chr [1:4] "MAE" "MEDAE" "MEDSE" "MSE"
NULL
Writing result file: /home/probst/Random_Forest/RFSplitbias/results/Splitbias-files/jobs/59/15559-result.RData
########## Executing jid=15560 ##########
Timestamp: 2016-04-28 17:49:58
Experiment: 
  Problem: taski 
  Problem parameters: idi=4984, learner=, teststat=, testtype= 
  Algorithm: forest.splitbias.oob 
  Algorithm parameters:  
  Replication: 17 
  Seed: 15560 
  Problem seed: 139 
Setting seed: 15560
Applying Algorithm forest.splitbias.oob ...
Generating problem taski ...
Result:
List of 3
 $ idi   : int 4984
 $ lrn   : chr [1:3] "randomForest" "oob" ""
 $ result: Named num [1:4] 1.317 0.974 0.949 3.538
  ..- attr(*, "names")= chr [1:4] "MAE" "MEDAE" "MEDSE" "MSE"
NULL
Writing result file: /home/probst/Random_Forest/RFSplitbias/results/Splitbias-files/jobs/60/15560-result.RData
########## Executing jid=15561 ##########
Timestamp: 2016-04-28 17:50:00
Experiment: 
  Problem: taski 
  Problem parameters: idi=4984, learner=, teststat=, testtype= 
  Algorithm: forest.splitbias.oob 
  Algorithm parameters:  
  Replication: 18 
  Seed: 15561 
  Problem seed: 140 
Setting seed: 15561
Applying Algorithm forest.splitbias.oob ...
Generating problem taski ...
Result:
List of 3
 $ idi   : int 4984
 $ lrn   : chr [1:3] "randomForest" "oob" ""
 $ result: Named num [1:4] 1.312 0.965 0.931 3.469
  ..- attr(*, "names")= chr [1:4] "MAE" "MEDAE" "MEDSE" "MSE"
NULL
Writing result file: /home/probst/Random_Forest/RFSplitbias/results/Splitbias-files/jobs/61/15561-result.RData
########## Executing jid=15562 ##########
Timestamp: 2016-04-28 17:50:01
Experiment: 
  Problem: taski 
  Problem parameters: idi=4984, learner=, teststat=, testtype= 
  Algorithm: forest.splitbias.oob 
  Algorithm parameters:  
  Replication: 19 
  Seed: 15562 
  Problem seed: 141 
Setting seed: 15562
Applying Algorithm forest.splitbias.oob ...
Generating problem taski ...
Result:
List of 3
 $ idi   : int 4984
 $ lrn   : chr [1:3] "randomForest" "oob" ""
 $ result: Named num [1:4] 1.321 0.989 0.978 3.541
  ..- attr(*, "names")= chr [1:4] "MAE" "MEDAE" "MEDSE" "MSE"
NULL
Writing result file: /home/probst/Random_Forest/RFSplitbias/results/Splitbias-files/jobs/62/15562-result.RData
########## Executing jid=15563 ##########
Timestamp: 2016-04-28 17:50:03
Experiment: 
  Problem: taski 
  Problem parameters: idi=4984, learner=, teststat=, testtype= 
  Algorithm: forest.splitbias.oob 
  Algorithm parameters:  
  Replication: 20 
  Seed: 15563 
  Problem seed: 142 
Setting seed: 15563
Applying Algorithm forest.splitbias.oob ...
Generating problem taski ...
Result:
List of 3
 $ idi   : int 4984
 $ lrn   : chr [1:3] "randomForest" "oob" ""
 $ result: Named num [1:4] 1.32 0.98 0.96 3.49
  ..- attr(*, "names")= chr [1:4] "MAE" "MEDAE" "MEDSE" "MSE"
NULL
Writing result file: /home/probst/Random_Forest/RFSplitbias/results/Splitbias-files/jobs/63/15563-result.RData
########## Executing jid=15564 ##########
Timestamp: 2016-04-28 17:50:04
Experiment: 
  Problem: taski 
  Problem parameters: idi=4984, learner=, teststat=, testtype= 
  Algorithm: forest.splitbias.oob 
  Algorithm parameters:  
  Replication: 21 
  Seed: 15564 
  Problem seed: 143 
Setting seed: 15564
Applying Algorithm forest.splitbias.oob ...
Generating problem taski ...
Result:
List of 3
 $ idi   : int 4984
 $ lrn   : chr [1:3] "randomForest" "oob" ""
 $ result: Named num [1:4] 1.318 0.993 0.986 3.514
  ..- attr(*, "names")= chr [1:4] "MAE" "MEDAE" "MEDSE" "MSE"
NULL
Writing result file: /home/probst/Random_Forest/RFSplitbias/results/Splitbias-files/jobs/64/15564-result.RData
########## Executing jid=15565 ##########
Timestamp: 2016-04-28 17:50:06
Experiment: 
  Problem: taski 
  Problem parameters: idi=4984, learner=, teststat=, testtype= 
  Algorithm: forest.splitbias.oob 
  Algorithm parameters:  
  Replication: 22 
  Seed: 15565 
  Problem seed: 144 
Setting seed: 15565
Applying Algorithm forest.splitbias.oob ...
Generating problem taski ...
Result:
List of 3
 $ idi   : int 4984
 $ lrn   : chr [1:3] "randomForest" "oob" ""
 $ result: Named num [1:4] 1.32 1.01 1.03 3.52
  ..- attr(*, "names")= chr [1:4] "MAE" "MEDAE" "MEDSE" "MSE"
NULL
Writing result file: /home/probst/Random_Forest/RFSplitbias/results/Splitbias-files/jobs/65/15565-result.RData
########## Executing jid=15566 ##########
Timestamp: 2016-04-28 17:50:07
Experiment: 
  Problem: taski 
  Problem parameters: idi=4984, learner=, teststat=, testtype= 
  Algorithm: forest.splitbias.oob 
  Algorithm parameters:  
  Replication: 23 
  Seed: 15566 
  Problem seed: 145 
Setting seed: 15566
Applying Algorithm forest.splitbias.oob ...
Generating problem taski ...
Result:
List of 3
 $ idi   : int 4984
 $ lrn   : chr [1:3] "randomForest" "oob" ""
 $ result: Named num [1:4] 1.314 0.981 0.962 3.521
  ..- attr(*, "names")= chr [1:4] "MAE" "MEDAE" "MEDSE" "MSE"
NULL
Writing result file: /home/probst/Random_Forest/RFSplitbias/results/Splitbias-files/jobs/66/15566-result.RData
########## Executing jid=15567 ##########
Timestamp: 2016-04-28 17:50:08
Experiment: 
  Problem: taski 
  Problem parameters: idi=4984, learner=, teststat=, testtype= 
  Algorithm: forest.splitbias.oob 
  Algorithm parameters:  
  Replication: 24 
  Seed: 15567 
  Problem seed: 146 
Setting seed: 15567
Applying Algorithm forest.splitbias.oob ...
Generating problem taski ...
Result:
List of 3
 $ idi   : int 4984
 $ lrn   : chr [1:3] "randomForest" "oob" ""
 $ result: Named num [1:4] 1.312 0.967 0.936 3.477
  ..- attr(*, "names")= chr [1:4] "MAE" "MEDAE" "MEDSE" "MSE"
NULL
Writing result file: /home/probst/Random_Forest/RFSplitbias/results/Splitbias-files/jobs/67/15567-result.RData
########## Executing jid=15568 ##########
Timestamp: 2016-04-28 17:50:10
Experiment: 
  Problem: taski 
  Problem parameters: idi=4984, learner=, teststat=, testtype= 
  Algorithm: forest.splitbias.oob 
  Algorithm parameters:  
  Replication: 25 
  Seed: 15568 
  Problem seed: 147 
Setting seed: 15568
Applying Algorithm forest.splitbias.oob ...
Generating problem taski ...
Result:
List of 3
 $ idi   : int 4984
 $ lrn   : chr [1:3] "randomForest" "oob" ""
 $ result: Named num [1:4] 1.322 0.987 0.974 3.539
  ..- attr(*, "names")= chr [1:4] "MAE" "MEDAE" "MEDSE" "MSE"
NULL
Writing result file: /home/probst/Random_Forest/RFSplitbias/results/Splitbias-files/jobs/68/15568-result.RData
########## Executing jid=15569 ##########
Timestamp: 2016-04-28 17:50:11
Experiment: 
  Problem: taski 
  Problem parameters: idi=4984, learner=, teststat=, testtype= 
  Algorithm: forest.splitbias.oob 
  Algorithm parameters:  
  Replication: 26 
  Seed: 15569 
  Problem seed: 148 
Setting seed: 15569
Applying Algorithm forest.splitbias.oob ...
Generating problem taski ...
Result:
List of 3
 $ idi   : int 4984
 $ lrn   : chr [1:3] "randomForest" "oob" ""
 $ result: Named num [1:4] 1.318 0.989 0.977 3.51
  ..- attr(*, "names")= chr [1:4] "MAE" "MEDAE" "MEDSE" "MSE"
NULL
Writing result file: /home/probst/Random_Forest/RFSplitbias/results/Splitbias-files/jobs/69/15569-result.RData
########## Executing jid=15570 ##########
Timestamp: 2016-04-28 17:50:12
Experiment: 
  Problem: taski 
  Problem parameters: idi=4984, learner=, teststat=, testtype= 
  Algorithm: forest.splitbias.oob 
  Algorithm parameters:  
  Replication: 27 
  Seed: 15570 
  Problem seed: 149 
Setting seed: 15570
Applying Algorithm forest.splitbias.oob ...
Generating problem taski ...
Result:
List of 3
 $ idi   : int 4984
 $ lrn   : chr [1:3] "randomForest" "oob" ""
 $ result: Named num [1:4] 1.328 0.998 0.997 3.549
  ..- attr(*, "names")= chr [1:4] "MAE" "MEDAE" "MEDSE" "MSE"
NULL
Writing result file: /home/probst/Random_Forest/RFSplitbias/results/Splitbias-files/jobs/70/15570-result.RData
########## Executing jid=15571 ##########
Timestamp: 2016-04-28 17:50:13
Experiment: 
  Problem: taski 
  Problem parameters: idi=4984, learner=, teststat=, testtype= 
  Algorithm: forest.splitbias.oob 
  Algorithm parameters:  
  Replication: 28 
  Seed: 15571 
  Problem seed: 150 
Setting seed: 15571
Applying Algorithm forest.splitbias.oob ...
Generating problem taski ...
Result:
List of 3
 $ idi   : int 4984
 $ lrn   : chr [1:3] "randomForest" "oob" ""
 $ result: Named num [1:4] 1.315 0.971 0.942 3.524
  ..- attr(*, "names")= chr [1:4] "MAE" "MEDAE" "MEDSE" "MSE"
NULL
Writing result file: /home/probst/Random_Forest/RFSplitbias/results/Splitbias-files/jobs/71/15571-result.RData
########## Executing jid=15572 ##########
Timestamp: 2016-04-28 17:50:15
Experiment: 
  Problem: taski 
  Problem parameters: idi=4984, learner=, teststat=, testtype= 
  Algorithm: forest.splitbias.oob 
  Algorithm parameters:  
  Replication: 29 
  Seed: 15572 
  Problem seed: 151 
Setting seed: 15572
Applying Algorithm forest.splitbias.oob ...
Generating problem taski ...
Result:
List of 3
 $ idi   : int 4984
 $ lrn   : chr [1:3] "randomForest" "oob" ""
 $ result: Named num [1:4] 1.313 0.976 0.952 3.473
  ..- attr(*, "names")= chr [1:4] "MAE" "MEDAE" "MEDSE" "MSE"
NULL
Writing result file: /home/probst/Random_Forest/RFSplitbias/results/Splitbias-files/jobs/72/15572-result.RData
########## Executing jid=15573 ##########
Timestamp: 2016-04-28 17:50:16
Experiment: 
  Problem: taski 
  Problem parameters: idi=4984, learner=, teststat=, testtype= 
  Algorithm: forest.splitbias.oob 
  Algorithm parameters:  
  Replication: 30 
  Seed: 15573 
  Problem seed: 152 
Setting seed: 15573
Applying Algorithm forest.splitbias.oob ...
Generating problem taski ...
Result:
List of 3
 $ idi   : int 4984
 $ lrn   : chr [1:3] "randomForest" "oob" ""
 $ result: Named num [1:4] 1.32 0.98 0.96 3.53
  ..- attr(*, "names")= chr [1:4] "MAE" "MEDAE" "MEDSE" "MSE"
NULL
Writing result file: /home/probst/Random_Forest/RFSplitbias/results/Splitbias-files/jobs/73/15573-result.RData
########## Executing jid=15574 ##########
Timestamp: 2016-04-28 17:50:18
Experiment: 
  Problem: taski 
  Problem parameters: idi=4984, learner=, teststat=, testtype= 
  Algorithm: forest.splitbias.oob 
  Algorithm parameters:  
  Replication: 31 
  Seed: 15574 
  Problem seed: 153 
Setting seed: 15574
Applying Algorithm forest.splitbias.oob ...
Generating problem taski ...
Result:
List of 3
 $ idi   : int 4984
 $ lrn   : chr [1:3] "randomForest" "oob" ""
 $ result: Named num [1:4] 1.323 0.985 0.97 3.546
  ..- attr(*, "names")= chr [1:4] "MAE" "MEDAE" "MEDSE" "MSE"
NULL
Writing result file: /home/probst/Random_Forest/RFSplitbias/results/Splitbias-files/jobs/74/15574-result.RData
########## Executing jid=15575 ##########
Timestamp: 2016-04-28 17:50:19
Experiment: 
  Problem: taski 
  Problem parameters: idi=4984, learner=, teststat=, testtype= 
  Algorithm: forest.splitbias.oob 
  Algorithm parameters:  
  Replication: 32 
  Seed: 15575 
  Problem seed: 154 
Setting seed: 15575
Applying Algorithm forest.splitbias.oob ...
Generating problem taski ...
Result:
List of 3
 $ idi   : int 4984
 $ lrn   : chr [1:3] "randomForest" "oob" ""
 $ result: Named num [1:4] 1.313 0.979 0.958 3.493
  ..- attr(*, "names")= chr [1:4] "MAE" "MEDAE" "MEDSE" "MSE"
NULL
Writing result file: /home/probst/Random_Forest/RFSplitbias/results/Splitbias-files/jobs/75/15575-result.RData
########## Executing jid=15576 ##########
Timestamp: 2016-04-28 17:50:21
Experiment: 
  Problem: taski 
  Problem parameters: idi=4984, learner=, teststat=, testtype= 
  Algorithm: forest.splitbias.oob 
  Algorithm parameters:  
  Replication: 33 
  Seed: 15576 
  Problem seed: 155 
Setting seed: 15576
Applying Algorithm forest.splitbias.oob ...
Generating problem taski ...
Result:
List of 3
 $ idi   : int 4984
 $ lrn   : chr [1:3] "randomForest" "oob" ""
 $ result: Named num [1:4] 1.319 0.996 0.992 3.503
  ..- attr(*, "names")= chr [1:4] "MAE" "MEDAE" "MEDSE" "MSE"
NULL
Writing result file: /home/probst/Random_Forest/RFSplitbias/results/Splitbias-files/jobs/76/15576-result.RData
########## Executing jid=15577 ##########
Timestamp: 2016-04-28 17:50:22
Experiment: 
  Problem: taski 
  Problem parameters: idi=4984, learner=, teststat=, testtype= 
  Algorithm: forest.splitbias.oob 
  Algorithm parameters:  
  Replication: 34 
  Seed: 15577 
  Problem seed: 156 
Setting seed: 15577
Applying Algorithm forest.splitbias.oob ...
Generating problem taski ...
Result:
List of 3
 $ idi   : int 4984
 $ lrn   : chr [1:3] "randomForest" "oob" ""
 $ result: Named num [1:4] 1.315 0.996 0.993 3.479
  ..- attr(*, "names")= chr [1:4] "MAE" "MEDAE" "MEDSE" "MSE"
NULL
Writing result file: /home/probst/Random_Forest/RFSplitbias/results/Splitbias-files/jobs/77/15577-result.RData
########## Executing jid=15578 ##########
Timestamp: 2016-04-28 17:50:23
Experiment: 
  Problem: taski 
  Problem parameters: idi=4984, learner=, teststat=, testtype= 
  Algorithm: forest.splitbias.oob 
  Algorithm parameters:  
  Replication: 35 
  Seed: 15578 
  Problem seed: 157 
Setting seed: 15578
Applying Algorithm forest.splitbias.oob ...
Generating problem taski ...
Result:
List of 3
 $ idi   : int 4984
 $ lrn   : chr [1:3] "randomForest" "oob" ""
 $ result: Named num [1:4] 1.32 1 1 3.54
  ..- attr(*, "names")= chr [1:4] "MAE" "MEDAE" "MEDSE" "MSE"
NULL
Writing result file: /home/probst/Random_Forest/RFSplitbias/results/Splitbias-files/jobs/78/15578-result.RData
########## Executing jid=15579 ##########
Timestamp: 2016-04-28 17:50:25
Experiment: 
  Problem: taski 
  Problem parameters: idi=4984, learner=, teststat=, testtype= 
  Algorithm: forest.splitbias.oob 
  Algorithm parameters:  
  Replication: 36 
  Seed: 15579 
  Problem seed: 158 
Setting seed: 15579
Applying Algorithm forest.splitbias.oob ...
Generating problem taski ...
Result:
List of 3
 $ idi   : int 4984
 $ lrn   : chr [1:3] "randomForest" "oob" ""
 $ result: Named num [1:4] 1.32 1 1.01 3.54
  ..- attr(*, "names")= chr [1:4] "MAE" "MEDAE" "MEDSE" "MSE"
NULL
Writing result file: /home/probst/Random_Forest/RFSplitbias/results/Splitbias-files/jobs/79/15579-result.RData
########## Executing jid=15580 ##########
Timestamp: 2016-04-28 17:50:27
Experiment: 
  Problem: taski 
  Problem parameters: idi=4984, learner=, teststat=, testtype= 
  Algorithm: forest.splitbias.oob 
  Algorithm parameters:  
  Replication: 37 
  Seed: 15580 
  Problem seed: 159 
Setting seed: 15580
Applying Algorithm forest.splitbias.oob ...
Generating problem taski ...
Result:
List of 3
 $ idi   : int 4984
 $ lrn   : chr [1:3] "randomForest" "oob" ""
 $ result: Named num [1:4] 1.317 0.984 0.967 3.49
  ..- attr(*, "names")= chr [1:4] "MAE" "MEDAE" "MEDSE" "MSE"
NULL
Writing result file: /home/probst/Random_Forest/RFSplitbias/results/Splitbias-files/jobs/80/15580-result.RData
########## Executing jid=15581 ##########
Timestamp: 2016-04-28 17:50:28
Experiment: 
  Problem: taski 
  Problem parameters: idi=4984, learner=, teststat=, testtype= 
  Algorithm: forest.splitbias.oob 
  Algorithm parameters:  
  Replication: 38 
  Seed: 15581 
  Problem seed: 160 
Setting seed: 15581
Applying Algorithm forest.splitbias.oob ...
Generating problem taski ...
Result:
List of 3
 $ idi   : int 4984
 $ lrn   : chr [1:3] "randomForest" "oob" ""
 $ result: Named num [1:4] 1.319 0.974 0.948 3.546
  ..- attr(*, "names")= chr [1:4] "MAE" "MEDAE" "MEDSE" "MSE"
NULL
Writing result file: /home/probst/Random_Forest/RFSplitbias/results/Splitbias-files/jobs/81/15581-result.RData
########## Executing jid=15582 ##########
Timestamp: 2016-04-28 17:50:30
Experiment: 
  Problem: taski 
  Problem parameters: idi=4984, learner=, teststat=, testtype= 
  Algorithm: forest.splitbias.oob 
  Algorithm parameters:  
  Replication: 39 
  Seed: 15582 
  Problem seed: 161 
Setting seed: 15582
Applying Algorithm forest.splitbias.oob ...
Generating problem taski ...
Result:
List of 3
 $ idi   : int 4984
 $ lrn   : chr [1:3] "randomForest" "oob" ""
 $ result: Named num [1:4] 1.318 0.993 0.985 3.481
  ..- attr(*, "names")= chr [1:4] "MAE" "MEDAE" "MEDSE" "MSE"
NULL
Writing result file: /home/probst/Random_Forest/RFSplitbias/results/Splitbias-files/jobs/82/15582-result.RData
########## Executing jid=15583 ##########
Timestamp: 2016-04-28 17:50:31
Experiment: 
  Problem: taski 
  Problem parameters: idi=4984, learner=, teststat=, testtype= 
  Algorithm: forest.splitbias.oob 
  Algorithm parameters:  
  Replication: 40 
  Seed: 15583 
  Problem seed: 162 
Setting seed: 15583
Applying Algorithm forest.splitbias.oob ...
Generating problem taski ...
Result:
List of 3
 $ idi   : int 4984
 $ lrn   : chr [1:3] "randomForest" "oob" ""
 $ result: Named num [1:4] 1.316 0.989 0.979 3.538
  ..- attr(*, "names")= chr [1:4] "MAE" "MEDAE" "MEDSE" "MSE"
NULL
Writing result file: /home/probst/Random_Forest/RFSplitbias/results/Splitbias-files/jobs/83/15583-result.RData
########## Executing jid=15584 ##########
Timestamp: 2016-04-28 17:50:33
Experiment: 
  Problem: taski 
  Problem parameters: idi=4984, learner=, teststat=, testtype= 
  Algorithm: forest.splitbias.oob 
  Algorithm parameters:  
  Replication: 41 
  Seed: 15584 
  Problem seed: 163 
Setting seed: 15584
Applying Algorithm forest.splitbias.oob ...
Generating problem taski ...
Result:
List of 3
 $ idi   : int 4984
 $ lrn   : chr [1:3] "randomForest" "oob" ""
 $ result: Named num [1:4] 1.319 0.995 0.99 3.494
  ..- attr(*, "names")= chr [1:4] "MAE" "MEDAE" "MEDSE" "MSE"
NULL
Writing result file: /home/probst/Random_Forest/RFSplitbias/results/Splitbias-files/jobs/84/15584-result.RData
########## Executing jid=15585 ##########
Timestamp: 2016-04-28 17:50:35
Experiment: 
  Problem: taski 
  Problem parameters: idi=4984, learner=, teststat=, testtype= 
  Algorithm: forest.splitbias.oob 
  Algorithm parameters:  
  Replication: 42 
  Seed: 15585 
  Problem seed: 164 
Setting seed: 15585
Applying Algorithm forest.splitbias.oob ...
Generating problem taski ...
Result:
List of 3
 $ idi   : int 4984
 $ lrn   : chr [1:3] "randomForest" "oob" ""
 $ result: Named num [1:4] 1.32 1.01 1.02 3.53
  ..- attr(*, "names")= chr [1:4] "MAE" "MEDAE" "MEDSE" "MSE"
NULL
Writing result file: /home/probst/Random_Forest/RFSplitbias/results/Splitbias-files/jobs/85/15585-result.RData
########## Executing jid=15586 ##########
Timestamp: 2016-04-28 17:50:37
Experiment: 
  Problem: taski 
  Problem parameters: idi=4984, learner=, teststat=, testtype= 
  Algorithm: forest.splitbias.oob 
  Algorithm parameters:  
  Replication: 43 
  Seed: 15586 
  Problem seed: 165 
Setting seed: 15586
Applying Algorithm forest.splitbias.oob ...
Generating problem taski ...
Result:
List of 3
 $ idi   : int 4984
 $ lrn   : chr [1:3] "randomForest" "oob" ""
 $ result: Named num [1:4] 1.315 0.973 0.947 3.541
  ..- attr(*, "names")= chr [1:4] "MAE" "MEDAE" "MEDSE" "MSE"
NULL
Writing result file: /home/probst/Random_Forest/RFSplitbias/results/Splitbias-files/jobs/86/15586-result.RData
########## Executing jid=15587 ##########
Timestamp: 2016-04-28 17:50:38
Experiment: 
  Problem: taski 
  Problem parameters: idi=4984, learner=, teststat=, testtype= 
  Algorithm: forest.splitbias.oob 
  Algorithm parameters:  
  Replication: 44 
  Seed: 15587 
  Problem seed: 166 
Setting seed: 15587
Applying Algorithm forest.splitbias.oob ...
Generating problem taski ...
Result:
List of 3
 $ idi   : int 4984
 $ lrn   : chr [1:3] "randomForest" "oob" ""
 $ result: Named num [1:4] 1.32 1.01 1.01 3.51
  ..- attr(*, "names")= chr [1:4] "MAE" "MEDAE" "MEDSE" "MSE"
NULL
Writing result file: /home/probst/Random_Forest/RFSplitbias/results/Splitbias-files/jobs/87/15587-result.RData
########## Executing jid=15588 ##########
Timestamp: 2016-04-28 17:50:40
Experiment: 
  Problem: taski 
  Problem parameters: idi=4984, learner=, teststat=, testtype= 
  Algorithm: forest.splitbias.oob 
  Algorithm parameters:  
  Replication: 45 
  Seed: 15588 
  Problem seed: 167 
Setting seed: 15588
Applying Algorithm forest.splitbias.oob ...
Generating problem taski ...
Result:
List of 3
 $ idi   : int 4984
 $ lrn   : chr [1:3] "randomForest" "oob" ""
 $ result: Named num [1:4] 1.322 0.998 0.997 3.545
  ..- attr(*, "names")= chr [1:4] "MAE" "MEDAE" "MEDSE" "MSE"
NULL
Writing result file: /home/probst/Random_Forest/RFSplitbias/results/Splitbias-files/jobs/88/15588-result.RData
########## Executing jid=15589 ##########
Timestamp: 2016-04-28 17:50:42
Experiment: 
  Problem: taski 
  Problem parameters: idi=4984, learner=, teststat=, testtype= 
  Algorithm: forest.splitbias.oob 
  Algorithm parameters:  
  Replication: 46 
  Seed: 15589 
  Problem seed: 168 
Setting seed: 15589
Applying Algorithm forest.splitbias.oob ...
Generating problem taski ...
Result:
List of 3
 $ idi   : int 4984
 $ lrn   : chr [1:3] "randomForest" "oob" ""
 $ result: Named num [1:4] 1.32 1.01 1.01 3.52
  ..- attr(*, "names")= chr [1:4] "MAE" "MEDAE" "MEDSE" "MSE"
NULL
Writing result file: /home/probst/Random_Forest/RFSplitbias/results/Splitbias-files/jobs/89/15589-result.RData
########## Executing jid=15590 ##########
Timestamp: 2016-04-28 17:50:44
Experiment: 
  Problem: taski 
  Problem parameters: idi=4984, learner=, teststat=, testtype= 
  Algorithm: forest.splitbias.oob 
  Algorithm parameters:  
  Replication: 47 
  Seed: 15590 
  Problem seed: 169 
Setting seed: 15590
Applying Algorithm forest.splitbias.oob ...
Generating problem taski ...
Result:
List of 3
 $ idi   : int 4984
 $ lrn   : chr [1:3] "randomForest" "oob" ""
 $ result: Named num [1:4] 1.321 0.977 0.955 3.496
  ..- attr(*, "names")= chr [1:4] "MAE" "MEDAE" "MEDSE" "MSE"
NULL
Writing result file: /home/probst/Random_Forest/RFSplitbias/results/Splitbias-files/jobs/90/15590-result.RData
########## Executing jid=15591 ##########
Timestamp: 2016-04-28 17:50:45
Experiment: 
  Problem: taski 
  Problem parameters: idi=4984, learner=, teststat=, testtype= 
  Algorithm: forest.splitbias.oob 
  Algorithm parameters:  
  Replication: 48 
  Seed: 15591 
  Problem seed: 170 
Setting seed: 15591
Applying Algorithm forest.splitbias.oob ...
Generating problem taski ...
Result:
List of 3
 $ idi   : int 4984
 $ lrn   : chr [1:3] "randomForest" "oob" ""
 $ result: Named num [1:4] 1.32 1.01 1.02 3.49
  ..- attr(*, "names")= chr [1:4] "MAE" "MEDAE" "MEDSE" "MSE"
NULL
Writing result file: /home/probst/Random_Forest/RFSplitbias/results/Splitbias-files/jobs/91/15591-result.RData
########## Executing jid=15592 ##########
Timestamp: 2016-04-28 17:50:47
Experiment: 
  Problem: taski 
  Problem parameters: idi=4984, learner=, teststat=, testtype= 
  Algorithm: forest.splitbias.oob 
  Algorithm parameters:  
  Replication: 49 
  Seed: 15592 
  Problem seed: 171 
Setting seed: 15592
Applying Algorithm forest.splitbias.oob ...
Generating problem taski ...
Result:
List of 3
 $ idi   : int 4984
 $ lrn   : chr [1:3] "randomForest" "oob" ""
 $ result: Named num [1:4] 1.32 1.01 1.02 3.51
  ..- attr(*, "names")= chr [1:4] "MAE" "MEDAE" "MEDSE" "MSE"
NULL
Writing result file: /home/probst/Random_Forest/RFSplitbias/results/Splitbias-files/jobs/92/15592-result.RData
########## Executing jid=15593 ##########
Timestamp: 2016-04-28 17:50:49
Experiment: 
  Problem: taski 
  Problem parameters: idi=4984, learner=, teststat=, testtype= 
  Algorithm: forest.splitbias.oob 
  Algorithm parameters:  
  Replication: 50 
  Seed: 15593 
  Problem seed: 172 
Setting seed: 15593
Applying Algorithm forest.splitbias.oob ...
Generating problem taski ...
Result:
List of 3
 $ idi   : int 4984
 $ lrn   : chr [1:3] "randomForest" "oob" ""
 $ result: Named num [1:4] 1.32 1.02 1.04 3.5
  ..- attr(*, "names")= chr [1:4] "MAE" "MEDAE" "MEDSE" "MSE"
NULL
Writing result file: /home/probst/Random_Forest/RFSplitbias/results/Splitbias-files/jobs/93/15593-result.RData
########## Executing jid=15594 ##########
Timestamp: 2016-04-28 17:50:51
Experiment: 
  Problem: taski 
  Problem parameters: idi=4859, learner=, teststat=, testtype= 
  Algorithm: forest.splitbias.oob 
  Algorithm parameters:  
  Replication: 11 
  Seed: 15594 
  Problem seed: 133 
Setting seed: 15594
Applying Algorithm forest.splitbias.oob ...
Generating problem taski ...
Result:
List of 3
 $ idi   : int 4859
 $ lrn   : chr [1:3] "randomForest" "oob" ""
 $ result: Named num [1:4] 3.16 2.49 6.2 19.62
  ..- attr(*, "names")= chr [1:4] "MAE" "MEDAE" "MEDSE" "MSE"
NULL
Writing result file: /home/probst/Random_Forest/RFSplitbias/results/Splitbias-files/jobs/94/15594-result.RData
########## Executing jid=15595 ##########
Timestamp: 2016-04-28 17:50:52
Experiment: 
  Problem: taski 
  Problem parameters: idi=4859, learner=, teststat=, testtype= 
  Algorithm: forest.splitbias.oob 
  Algorithm parameters:  
  Replication: 12 
  Seed: 15595 
  Problem seed: 134 
Setting seed: 15595
Applying Algorithm forest.splitbias.oob ...
Generating problem taski ...
Result:
List of 3
 $ idi   : int 4859
 $ lrn   : chr [1:3] "randomForest" "oob" ""
 $ result: Named num [1:4] 3.14 2.47 6.09 19.54
  ..- attr(*, "names")= chr [1:4] "MAE" "MEDAE" "MEDSE" "MSE"
NULL
Writing result file: /home/probst/Random_Forest/RFSplitbias/results/Splitbias-files/jobs/95/15595-result.RData
########## Executing jid=15596 ##########
Timestamp: 2016-04-28 17:50:54
Experiment: 
  Problem: taski 
  Problem parameters: idi=4859, learner=, teststat=, testtype= 
  Algorithm: forest.splitbias.oob 
  Algorithm parameters:  
  Replication: 13 
  Seed: 15596 
  Problem seed: 135 
Setting seed: 15596
Applying Algorithm forest.splitbias.oob ...
Generating problem taski ...
Result:
List of 3
 $ idi   : int 4859
 $ lrn   : chr [1:3] "randomForest" "oob" ""
 $ result: Named num [1:4] 3.15 2.41 5.81 19.71
  ..- attr(*, "names")= chr [1:4] "MAE" "MEDAE" "MEDSE" "MSE"
NULL
Writing result file: /home/probst/Random_Forest/RFSplitbias/results/Splitbias-files/jobs/96/15596-result.RData
########## Executing jid=15597 ##########
Timestamp: 2016-04-28 17:50:56
Experiment: 
  Problem: taski 
  Problem parameters: idi=4859, learner=, teststat=, testtype= 
  Algorithm: forest.splitbias.oob 
  Algorithm parameters:  
  Replication: 14 
  Seed: 15597 
  Problem seed: 136 
Setting seed: 15597
Applying Algorithm forest.splitbias.oob ...
Generating problem taski ...
Result:
List of 3
 $ idi   : int 4859
 $ lrn   : chr [1:3] "randomForest" "oob" ""
 $ result: Named num [1:4] 3.16 2.4 5.78 19.53
  ..- attr(*, "names")= chr [1:4] "MAE" "MEDAE" "MEDSE" "MSE"
NULL
Writing result file: /home/probst/Random_Forest/RFSplitbias/results/Splitbias-files/jobs/97/15597-result.RData
########## Executing jid=15598 ##########
Timestamp: 2016-04-28 17:50:57
Experiment: 
  Problem: taski 
  Problem parameters: idi=4859, learner=, teststat=, testtype= 
  Algorithm: forest.splitbias.oob 
  Algorithm parameters:  
  Replication: 15 
  Seed: 15598 
  Problem seed: 137 
Setting seed: 15598
Applying Algorithm forest.splitbias.oob ...
Generating problem taski ...
Result:
List of 3
 $ idi   : int 4859
 $ lrn   : chr [1:3] "randomForest" "oob" ""
 $ result: Named num [1:4] 3.17 2.48 6.17 19.68
  ..- attr(*, "names")= chr [1:4] "MAE" "MEDAE" "MEDSE" "MSE"
NULL
Writing result file: /home/probst/Random_Forest/RFSplitbias/results/Splitbias-files/jobs/98/15598-result.RData
########## Executing jid=15599 ##########
Timestamp: 2016-04-28 17:50:59
Experiment: 
  Problem: taski 
  Problem parameters: idi=4859, learner=, teststat=, testtype= 
  Algorithm: forest.splitbias.oob 
  Algorithm parameters:  
  Replication: 16 
  Seed: 15599 
  Problem seed: 138 
Setting seed: 15599
Applying Algorithm forest.splitbias.oob ...
Generating problem taski ...
Result:
List of 3
 $ idi   : int 4859
 $ lrn   : chr [1:3] "randomForest" "oob" ""
 $ result: Named num [1:4] 3.16 2.49 6.2 19.69
  ..- attr(*, "names")= chr [1:4] "MAE" "MEDAE" "MEDSE" "MSE"
NULL
Writing result file: /home/probst/Random_Forest/RFSplitbias/results/Splitbias-files/jobs/99/15599-result.RData
########## Executing jid=15600 ##########
Timestamp: 2016-04-28 17:51:01
Experiment: 
  Problem: taski 
  Problem parameters: idi=4859, learner=, teststat=, testtype= 
  Algorithm: forest.splitbias.oob 
  Algorithm parameters:  
  Replication: 17 
  Seed: 15600 
  Problem seed: 139 
Setting seed: 15600
Applying Algorithm forest.splitbias.oob ...
Generating problem taski ...
Result:
List of 3
 $ idi   : int 4859
 $ lrn   : chr [1:3] "randomForest" "oob" ""
 $ result: Named num [1:4] 3.16 2.4 5.77 19.68
  ..- attr(*, "names")= chr [1:4] "MAE" "MEDAE" "MEDSE" "MSE"
NULL
Writing result file: /home/probst/Random_Forest/RFSplitbias/results/Splitbias-files/jobs/00/15600-result.RData
########## Executing jid=15601 ##########
Timestamp: 2016-04-28 17:51:02
Experiment: 
  Problem: taski 
  Problem parameters: idi=4859, learner=, teststat=, testtype= 
  Algorithm: forest.splitbias.oob 
  Algorithm parameters:  
  Replication: 18 
  Seed: 15601 
  Problem seed: 140 
Setting seed: 15601
Applying Algorithm forest.splitbias.oob ...
Generating problem taski ...
Result:
List of 3
 $ idi   : int 4859
 $ lrn   : chr [1:3] "randomForest" "oob" ""
 $ result: Named num [1:4] 3.15 2.48 6.17 19.54
  ..- attr(*, "names")= chr [1:4] "MAE" "MEDAE" "MEDSE" "MSE"
NULL
Writing result file: /home/probst/Random_Forest/RFSplitbias/results/Splitbias-files/jobs/01/15601-result.RData
########## Executing jid=15602 ##########
Timestamp: 2016-04-28 17:51:04
Experiment: 
  Problem: taski 
  Problem parameters: idi=4859, learner=, teststat=, testtype= 
  Algorithm: forest.splitbias.oob 
  Algorithm parameters:  
  Replication: 19 
  Seed: 15602 
  Problem seed: 141 
Setting seed: 15602
Applying Algorithm forest.splitbias.oob ...
Generating problem taski ...
Result:
List of 3
 $ idi   : int 4859
 $ lrn   : chr [1:3] "randomForest" "oob" ""
 $ result: Named num [1:4] 3.16 2.42 5.85 19.69
  ..- attr(*, "names")= chr [1:4] "MAE" "MEDAE" "MEDSE" "MSE"
NULL
Writing result file: /home/probst/Random_Forest/RFSplitbias/results/Splitbias-files/jobs/02/15602-result.RData
########## Executing jid=15603 ##########
Timestamp: 2016-04-28 17:51:06
Experiment: 
  Problem: taski 
  Problem parameters: idi=4859, learner=, teststat=, testtype= 
  Algorithm: forest.splitbias.oob 
  Algorithm parameters:  
  Replication: 20 
  Seed: 15603 
  Problem seed: 142 
Setting seed: 15603
Applying Algorithm forest.splitbias.oob ...
Generating problem taski ...
Result:
List of 3
 $ idi   : int 4859
 $ lrn   : chr [1:3] "randomForest" "oob" ""
 $ result: Named num [1:4] 3.17 2.38 5.65 19.7
  ..- attr(*, "names")= chr [1:4] "MAE" "MEDAE" "MEDSE" "MSE"
NULL
Writing result file: /home/probst/Random_Forest/RFSplitbias/results/Splitbias-files/jobs/03/15603-result.RData
########## Executing jid=15604 ##########
Timestamp: 2016-04-28 17:51:07
Experiment: 
  Problem: taski 
  Problem parameters: idi=4859, learner=, teststat=, testtype= 
  Algorithm: forest.splitbias.oob 
  Algorithm parameters:  
  Replication: 21 
  Seed: 15604 
  Problem seed: 143 
Setting seed: 15604
Applying Algorithm forest.splitbias.oob ...
Generating problem taski ...
Result:
List of 3
 $ idi   : int 4859
 $ lrn   : chr [1:3] "randomForest" "oob" ""
 $ result: Named num [1:4] 3.17 2.45 5.98 19.73
  ..- attr(*, "names")= chr [1:4] "MAE" "MEDAE" "MEDSE" "MSE"
NULL
Writing result file: /home/probst/Random_Forest/RFSplitbias/results/Splitbias-files/jobs/04/15604-result.RData
########## Executing jid=15605 ##########
Timestamp: 2016-04-28 17:51:09
Experiment: 
  Problem: taski 
  Problem parameters: idi=4859, learner=, teststat=, testtype= 
  Algorithm: forest.splitbias.oob 
  Algorithm parameters:  
  Replication: 22 
  Seed: 15605 
  Problem seed: 144 
Setting seed: 15605
Applying Algorithm forest.splitbias.oob ...
Generating problem taski ...
Result:
List of 3
 $ idi   : int 4859
 $ lrn   : chr [1:3] "randomForest" "oob" ""
 $ result: Named num [1:4] 3.16 2.45 6 19.72
  ..- attr(*, "names")= chr [1:4] "MAE" "MEDAE" "MEDSE" "MSE"
NULL
Writing result file: /home/probst/Random_Forest/RFSplitbias/results/Splitbias-files/jobs/05/15605-result.RData
########## Executing jid=15606 ##########
Timestamp: 2016-04-28 17:51:11
Experiment: 
  Problem: taski 
  Problem parameters: idi=4859, learner=, teststat=, testtype= 
  Algorithm: forest.splitbias.oob 
  Algorithm parameters:  
  Replication: 23 
  Seed: 15606 
  Problem seed: 145 
Setting seed: 15606
Applying Algorithm forest.splitbias.oob ...
Generating problem taski ...
Result:
List of 3
 $ idi   : int 4859
 $ lrn   : chr [1:3] "randomForest" "oob" ""
 $ result: Named num [1:4] 3.17 2.44 5.95 19.75
  ..- attr(*, "names")= chr [1:4] "MAE" "MEDAE" "MEDSE" "MSE"
NULL
Writing result file: /home/probst/Random_Forest/RFSplitbias/results/Splitbias-files/jobs/06/15606-result.RData
########## Executing jid=15607 ##########
Timestamp: 2016-04-28 17:51:13
Experiment: 
  Problem: taski 
  Problem parameters: idi=4859, learner=, teststat=, testtype= 
  Algorithm: forest.splitbias.oob 
  Algorithm parameters:  
  Replication: 24 
  Seed: 15607 
  Problem seed: 146 
Setting seed: 15607
Applying Algorithm forest.splitbias.oob ...
Generating problem taski ...
Result:
List of 3
 $ idi   : int 4859
 $ lrn   : chr [1:3] "randomForest" "oob" ""
 $ result: Named num [1:4] 3.15 2.41 5.81 19.65
  ..- attr(*, "names")= chr [1:4] "MAE" "MEDAE" "MEDSE" "MSE"
NULL
Writing result file: /home/probst/Random_Forest/RFSplitbias/results/Splitbias-files/jobs/07/15607-result.RData
########## Executing jid=15608 ##########
Timestamp: 2016-04-28 17:51:15
Experiment: 
  Problem: taski 
  Problem parameters: idi=4859, learner=, teststat=, testtype= 
  Algorithm: forest.splitbias.oob 
  Algorithm parameters:  
  Replication: 25 
  Seed: 15608 
  Problem seed: 147 
Setting seed: 15608
Applying Algorithm forest.splitbias.oob ...
Generating problem taski ...
Result:
List of 3
 $ idi   : int 4859
 $ lrn   : chr [1:3] "randomForest" "oob" ""
 $ result: Named num [1:4] 3.15 2.42 5.86 19.56
  ..- attr(*, "names")= chr [1:4] "MAE" "MEDAE" "MEDSE" "MSE"
NULL
Writing result file: /home/probst/Random_Forest/RFSplitbias/results/Splitbias-files/jobs/08/15608-result.RData
########## Executing jid=15609 ##########
Timestamp: 2016-04-28 17:51:16
Experiment: 
  Problem: taski 
  Problem parameters: idi=4859, learner=, teststat=, testtype= 
  Algorithm: forest.splitbias.oob 
  Algorithm parameters:  
  Replication: 26 
  Seed: 15609 
  Problem seed: 148 
Setting seed: 15609
Applying Algorithm forest.splitbias.oob ...
Generating problem taski ...
Result:
List of 3
 $ idi   : int 4859
 $ lrn   : chr [1:3] "randomForest" "oob" ""
 $ result: Named num [1:4] 3.17 2.45 5.99 19.8
  ..- attr(*, "names")= chr [1:4] "MAE" "MEDAE" "MEDSE" "MSE"
NULL
Writing result file: /home/probst/Random_Forest/RFSplitbias/results/Splitbias-files/jobs/09/15609-result.RData
########## Executing jid=15610 ##########
Timestamp: 2016-04-28 17:51:18
Experiment: 
  Problem: taski 
  Problem parameters: idi=4859, learner=, teststat=, testtype= 
  Algorithm: forest.splitbias.oob 
  Algorithm parameters:  
  Replication: 27 
  Seed: 15610 
  Problem seed: 149 
Setting seed: 15610
Applying Algorithm forest.splitbias.oob ...
Generating problem taski ...
Result:
List of 3
 $ idi   : int 4859
 $ lrn   : chr [1:3] "randomForest" "oob" ""
 $ result: Named num [1:4] 3.16 2.43 5.89 19.62
  ..- attr(*, "names")= chr [1:4] "MAE" "MEDAE" "MEDSE" "MSE"
NULL
Writing result file: /home/probst/Random_Forest/RFSplitbias/results/Splitbias-files/jobs/10/15610-result.RData
########## Executing jid=15611 ##########
Timestamp: 2016-04-28 17:51:20
Experiment: 
  Problem: taski 
  Problem parameters: idi=4859, learner=, teststat=, testtype= 
  Algorithm: forest.splitbias.oob 
  Algorithm parameters:  
  Replication: 28 
  Seed: 15611 
  Problem seed: 150 
Setting seed: 15611
Applying Algorithm forest.splitbias.oob ...
Generating problem taski ...
Result:
List of 3
 $ idi   : int 4859
 $ lrn   : chr [1:3] "randomForest" "oob" ""
 $ result: Named num [1:4] 3.17 2.45 6 19.68
  ..- attr(*, "names")= chr [1:4] "MAE" "MEDAE" "MEDSE" "MSE"
NULL
Writing result file: /home/probst/Random_Forest/RFSplitbias/results/Splitbias-files/jobs/11/15611-result.RData
########## Executing jid=15612 ##########
Timestamp: 2016-04-28 17:51:22
Experiment: 
  Problem: taski 
  Problem parameters: idi=4859, learner=, teststat=, testtype= 
  Algorithm: forest.splitbias.oob 
  Algorithm parameters:  
  Replication: 29 
  Seed: 15612 
  Problem seed: 151 
Setting seed: 15612
Applying Algorithm forest.splitbias.oob ...
Generating problem taski ...
Result:
List of 3
 $ idi   : int 4859
 $ lrn   : chr [1:3] "randomForest" "oob" ""
 $ result: Named num [1:4] 3.17 2.47 6.08 19.7
  ..- attr(*, "names")= chr [1:4] "MAE" "MEDAE" "MEDSE" "MSE"
NULL
Writing result file: /home/probst/Random_Forest/RFSplitbias/results/Splitbias-files/jobs/12/15612-result.RData
########## Executing jid=15613 ##########
Timestamp: 2016-04-28 17:51:24
Experiment: 
  Problem: taski 
  Problem parameters: idi=4859, learner=, teststat=, testtype= 
  Algorithm: forest.splitbias.oob 
  Algorithm parameters:  
  Replication: 30 
  Seed: 15613 
  Problem seed: 152 
Setting seed: 15613
Applying Algorithm forest.splitbias.oob ...
Generating problem taski ...
Result:
List of 3
 $ idi   : int 4859
 $ lrn   : chr [1:3] "randomForest" "oob" ""
 $ result: Named num [1:4] 3.17 2.42 5.87 19.78
  ..- attr(*, "names")= chr [1:4] "MAE" "MEDAE" "MEDSE" "MSE"
NULL
Writing result file: /home/probst/Random_Forest/RFSplitbias/results/Splitbias-files/jobs/13/15613-result.RData
########## Executing jid=15614 ##########
Timestamp: 2016-04-28 17:51:26
Experiment: 
  Problem: taski 
  Problem parameters: idi=4859, learner=, teststat=, testtype= 
  Algorithm: forest.splitbias.oob 
  Algorithm parameters:  
  Replication: 31 
  Seed: 15614 
  Problem seed: 153 
Setting seed: 15614
Applying Algorithm forest.splitbias.oob ...
Generating problem taski ...
Result:
List of 3
 $ idi   : int 4859
 $ lrn   : chr [1:3] "randomForest" "oob" ""
 $ result: Named num [1:4] 3.17 2.41 5.79 19.69
  ..- attr(*, "names")= chr [1:4] "MAE" "MEDAE" "MEDSE" "MSE"
NULL
Writing result file: /home/probst/Random_Forest/RFSplitbias/results/Splitbias-files/jobs/14/15614-result.RData
########## Executing jid=15615 ##########
Timestamp: 2016-04-28 17:51:28
Experiment: 
  Problem: taski 
  Problem parameters: idi=4859, learner=, teststat=, testtype= 
  Algorithm: forest.splitbias.oob 
  Algorithm parameters:  
  Replication: 32 
  Seed: 15615 
  Problem seed: 154 
Setting seed: 15615
Applying Algorithm forest.splitbias.oob ...
Generating problem taski ...
Result:
List of 3
 $ idi   : int 4859
 $ lrn   : chr [1:3] "randomForest" "oob" ""
 $ result: Named num [1:4] 3.17 2.48 6.17 19.88
  ..- attr(*, "names")= chr [1:4] "MAE" "MEDAE" "MEDSE" "MSE"
NULL
Writing result file: /home/probst/Random_Forest/RFSplitbias/results/Splitbias-files/jobs/15/15615-result.RData
########## Executing jid=15616 ##########
Timestamp: 2016-04-28 17:51:29
Experiment: 
  Problem: taski 
  Problem parameters: idi=4859, learner=, teststat=, testtype= 
  Algorithm: forest.splitbias.oob 
  Algorithm parameters:  
  Replication: 33 
  Seed: 15616 
  Problem seed: 155 
Setting seed: 15616
Applying Algorithm forest.splitbias.oob ...
Generating problem taski ...
Result:
List of 3
 $ idi   : int 4859
 $ lrn   : chr [1:3] "randomForest" "oob" ""
 $ result: Named num [1:4] 3.16 2.44 5.97 19.66
  ..- attr(*, "names")= chr [1:4] "MAE" "MEDAE" "MEDSE" "MSE"
NULL
Writing result file: /home/probst/Random_Forest/RFSplitbias/results/Splitbias-files/jobs/16/15616-result.RData
########## Executing jid=15617 ##########
Timestamp: 2016-04-28 17:51:31
Experiment: 
  Problem: taski 
  Problem parameters: idi=4859, learner=, teststat=, testtype= 
  Algorithm: forest.splitbias.oob 
  Algorithm parameters:  
  Replication: 34 
  Seed: 15617 
  Problem seed: 156 
Setting seed: 15617
Applying Algorithm forest.splitbias.oob ...
Generating problem taski ...
Result:
List of 3
 $ idi   : int 4859
 $ lrn   : chr [1:3] "randomForest" "oob" ""
 $ result: Named num [1:4] 3.16 2.39 5.72 19.55
  ..- attr(*, "names")= chr [1:4] "MAE" "MEDAE" "MEDSE" "MSE"
NULL
Writing result file: /home/probst/Random_Forest/RFSplitbias/results/Splitbias-files/jobs/17/15617-result.RData
########## Executing jid=15618 ##########
Timestamp: 2016-04-28 17:51:32
Experiment: 
  Problem: taski 
  Problem parameters: idi=4859, learner=, teststat=, testtype= 
  Algorithm: forest.splitbias.oob 
  Algorithm parameters:  
  Replication: 35 
  Seed: 15618 
  Problem seed: 157 
Setting seed: 15618
Applying Algorithm forest.splitbias.oob ...
Generating problem taski ...
Result:
List of 3
 $ idi   : int 4859
 $ lrn   : chr [1:3] "randomForest" "oob" ""
 $ result: Named num [1:4] 3.16 2.45 5.98 19.66
  ..- attr(*, "names")= chr [1:4] "MAE" "MEDAE" "MEDSE" "MSE"
NULL
Writing result file: /home/probst/Random_Forest/RFSplitbias/results/Splitbias-files/jobs/18/15618-result.RData
########## Executing jid=15619 ##########
Timestamp: 2016-04-28 17:51:34
Experiment: 
  Problem: taski 
  Problem parameters: idi=4859, learner=, teststat=, testtype= 
  Algorithm: forest.splitbias.oob 
  Algorithm parameters:  
  Replication: 36 
  Seed: 15619 
  Problem seed: 158 
Setting seed: 15619
Applying Algorithm forest.splitbias.oob ...
Generating problem taski ...
Result:
List of 3
 $ idi   : int 4859
 $ lrn   : chr [1:3] "randomForest" "oob" ""
 $ result: Named num [1:4] 3.16 2.47 6.1 19.65
  ..- attr(*, "names")= chr [1:4] "MAE" "MEDAE" "MEDSE" "MSE"
NULL
Writing result file: /home/probst/Random_Forest/RFSplitbias/results/Splitbias-files/jobs/19/15619-result.RData
########## Executing jid=15620 ##########
Timestamp: 2016-04-28 17:51:36
Experiment: 
  Problem: taski 
  Problem parameters: idi=4859, learner=, teststat=, testtype= 
  Algorithm: forest.splitbias.oob 
  Algorithm parameters:  
  Replication: 37 
  Seed: 15620 
  Problem seed: 159 
Setting seed: 15620
Applying Algorithm forest.splitbias.oob ...
Generating problem taski ...
Result:
List of 3
 $ idi   : int 4859
 $ lrn   : chr [1:3] "randomForest" "oob" ""
 $ result: Named num [1:4] 3.16 2.5 6.25 19.67
  ..- attr(*, "names")= chr [1:4] "MAE" "MEDAE" "MEDSE" "MSE"
NULL
Writing result file: /home/probst/Random_Forest/RFSplitbias/results/Splitbias-files/jobs/20/15620-result.RData
########## Executing jid=15621 ##########
Timestamp: 2016-04-28 17:51:37
Experiment: 
  Problem: taski 
  Problem parameters: idi=4859, learner=, teststat=, testtype= 
  Algorithm: forest.splitbias.oob 
  Algorithm parameters:  
  Replication: 38 
  Seed: 15621 
  Problem seed: 160 
Setting seed: 15621
Applying Algorithm forest.splitbias.oob ...
Generating problem taski ...
Result:
List of 3
 $ idi   : int 4859
 $ lrn   : chr [1:3] "randomForest" "oob" ""
 $ result: Named num [1:4] 3.15 2.4 5.75 19.55
  ..- attr(*, "names")= chr [1:4] "MAE" "MEDAE" "MEDSE" "MSE"
NULL
Writing result file: /home/probst/Random_Forest/RFSplitbias/results/Splitbias-files/jobs/21/15621-result.RData
########## Executing jid=15622 ##########
Timestamp: 2016-04-28 17:51:39
Experiment: 
  Problem: taski 
  Problem parameters: idi=4859, learner=, teststat=, testtype= 
  Algorithm: forest.splitbias.oob 
  Algorithm parameters:  
  Replication: 39 
  Seed: 15622 
  Problem seed: 161 
Setting seed: 15622
Applying Algorithm forest.splitbias.oob ...
Generating problem taski ...
Result:
List of 3
 $ idi   : int 4859
 $ lrn   : chr [1:3] "randomForest" "oob" ""
 $ result: Named num [1:4] 3.15 2.43 5.9 19.61
  ..- attr(*, "names")= chr [1:4] "MAE" "MEDAE" "MEDSE" "MSE"
NULL
Writing result file: /home/probst/Random_Forest/RFSplitbias/results/Splitbias-files/jobs/22/15622-result.RData
########## Executing jid=15623 ##########
Timestamp: 2016-04-28 17:51:40
Experiment: 
  Problem: taski 
  Problem parameters: idi=4859, learner=, teststat=, testtype= 
  Algorithm: forest.splitbias.oob 
  Algorithm parameters:  
  Replication: 40 
  Seed: 15623 
  Problem seed: 162 
Setting seed: 15623
Applying Algorithm forest.splitbias.oob ...
Generating problem taski ...
Result:
List of 3
 $ idi   : int 4859
 $ lrn   : chr [1:3] "randomForest" "oob" ""
 $ result: Named num [1:4] 3.15 2.44 5.97 19.58
  ..- attr(*, "names")= chr [1:4] "MAE" "MEDAE" "MEDSE" "MSE"
NULL
Writing result file: /home/probst/Random_Forest/RFSplitbias/results/Splitbias-files/jobs/23/15623-result.RData
########## Executing jid=15624 ##########
Timestamp: 2016-04-28 17:51:42
Experiment: 
  Problem: taski 
  Problem parameters: idi=4859, learner=, teststat=, testtype= 
  Algorithm: forest.splitbias.oob 
  Algorithm parameters:  
  Replication: 41 
  Seed: 15624 
  Problem seed: 163 
Setting seed: 15624
Applying Algorithm forest.splitbias.oob ...
Generating problem taski ...
Result:
List of 3
 $ idi   : int 4859
 $ lrn   : chr [1:3] "randomForest" "oob" ""
 $ result: Named num [1:4] 3.15 2.45 6 19.58
  ..- attr(*, "names")= chr [1:4] "MAE" "MEDAE" "MEDSE" "MSE"
NULL
Writing result file: /home/probst/Random_Forest/RFSplitbias/results/Splitbias-files/jobs/24/15624-result.RData
########## Executing jid=15625 ##########
Timestamp: 2016-04-28 17:51:45
Experiment: 
  Problem: taski 
  Problem parameters: idi=4859, learner=, teststat=, testtype= 
  Algorithm: forest.splitbias.oob 
  Algorithm parameters:  
  Replication: 42 
  Seed: 15625 
  Problem seed: 164 
Setting seed: 15625
Applying Algorithm forest.splitbias.oob ...
Generating problem taski ...
Result:
List of 3
 $ idi   : int 4859
 $ lrn   : chr [1:3] "randomForest" "oob" ""
 $ result: Named num [1:4] 3.16 2.44 5.97 19.76
  ..- attr(*, "names")= chr [1:4] "MAE" "MEDAE" "MEDSE" "MSE"
NULL
Writing result file: /home/probst/Random_Forest/RFSplitbias/results/Splitbias-files/jobs/25/15625-result.RData
########## Executing jid=15626 ##########
Timestamp: 2016-04-28 17:51:47
Experiment: 
  Problem: taski 
  Problem parameters: idi=4859, learner=, teststat=, testtype= 
  Algorithm: forest.splitbias.oob 
  Algorithm parameters:  
  Replication: 43 
  Seed: 15626 
  Problem seed: 165 
Setting seed: 15626
Applying Algorithm forest.splitbias.oob ...
Generating problem taski ...
Result:
List of 3
 $ idi   : int 4859
 $ lrn   : chr [1:3] "randomForest" "oob" ""
 $ result: Named num [1:4] 3.16 2.5 6.25 19.57
  ..- attr(*, "names")= chr [1:4] "MAE" "MEDAE" "MEDSE" "MSE"
NULL
Writing result file: /home/probst/Random_Forest/RFSplitbias/results/Splitbias-files/jobs/26/15626-result.RData
########## Executing jid=15627 ##########
Timestamp: 2016-04-28 17:51:49
Experiment: 
  Problem: taski 
  Problem parameters: idi=4859, learner=, teststat=, testtype= 
  Algorithm: forest.splitbias.oob 
  Algorithm parameters:  
  Replication: 44 
  Seed: 15627 
  Problem seed: 166 
Setting seed: 15627
Applying Algorithm forest.splitbias.oob ...
Generating problem taski ...
Result:
List of 3
 $ idi   : int 4859
 $ lrn   : chr [1:3] "randomForest" "oob" ""
 $ result: Named num [1:4] 3.17 2.47 6.09 19.68
  ..- attr(*, "names")= chr [1:4] "MAE" "MEDAE" "MEDSE" "MSE"
NULL
Writing result file: /home/probst/Random_Forest/RFSplitbias/results/Splitbias-files/jobs/27/15627-result.RData
########## Executing jid=15628 ##########
Timestamp: 2016-04-28 17:51:51
Experiment: 
  Problem: taski 
  Problem parameters: idi=4859, learner=, teststat=, testtype= 
  Algorithm: forest.splitbias.oob 
  Algorithm parameters:  
  Replication: 45 
  Seed: 15628 
  Problem seed: 167 
Setting seed: 15628
Applying Algorithm forest.splitbias.oob ...
Generating problem taski ...
Result:
List of 3
 $ idi   : int 4859
 $ lrn   : chr [1:3] "randomForest" "oob" ""
 $ result: Named num [1:4] 3.16 2.44 5.96 19.63
  ..- attr(*, "names")= chr [1:4] "MAE" "MEDAE" "MEDSE" "MSE"
NULL
Writing result file: /home/probst/Random_Forest/RFSplitbias/results/Splitbias-files/jobs/28/15628-result.RData
########## Executing jid=15629 ##########
Timestamp: 2016-04-28 17:51:52
Experiment: 
  Problem: taski 
  Problem parameters: idi=4859, learner=, teststat=, testtype= 
  Algorithm: forest.splitbias.oob 
  Algorithm parameters:  
  Replication: 46 
  Seed: 15629 
  Problem seed: 168 
Setting seed: 15629
Applying Algorithm forest.splitbias.oob ...
Generating problem taski ...
Result:
List of 3
 $ idi   : int 4859
 $ lrn   : chr [1:3] "randomForest" "oob" ""
 $ result: Named num [1:4] 3.15 2.41 5.8 19.58
  ..- attr(*, "names")= chr [1:4] "MAE" "MEDAE" "MEDSE" "MSE"
NULL
Writing result file: /home/probst/Random_Forest/RFSplitbias/results/Splitbias-files/jobs/29/15629-result.RData
########## Executing jid=15630 ##########
Timestamp: 2016-04-28 17:51:54
Experiment: 
  Problem: taski 
  Problem parameters: idi=4859, learner=, teststat=, testtype= 
  Algorithm: forest.splitbias.oob 
  Algorithm parameters:  
  Replication: 47 
  Seed: 15630 
  Problem seed: 169 
Setting seed: 15630
Applying Algorithm forest.splitbias.oob ...
Generating problem taski ...
Result:
List of 3
 $ idi   : int 4859
 $ lrn   : chr [1:3] "randomForest" "oob" ""
 $ result: Named num [1:4] 3.17 2.44 5.94 19.77
  ..- attr(*, "names")= chr [1:4] "MAE" "MEDAE" "MEDSE" "MSE"
NULL
Writing result file: /home/probst/Random_Forest/RFSplitbias/results/Splitbias-files/jobs/30/15630-result.RData
########## Executing jid=15631 ##########
Timestamp: 2016-04-28 17:51:56
Experiment: 
  Problem: taski 
  Problem parameters: idi=4859, learner=, teststat=, testtype= 
  Algorithm: forest.splitbias.oob 
  Algorithm parameters:  
  Replication: 48 
  Seed: 15631 
  Problem seed: 170 
Setting seed: 15631
Applying Algorithm forest.splitbias.oob ...
Generating problem taski ...
Result:
List of 3
 $ idi   : int 4859
 $ lrn   : chr [1:3] "randomForest" "oob" ""
 $ result: Named num [1:4] 3.17 2.46 6.03 19.8
  ..- attr(*, "names")= chr [1:4] "MAE" "MEDAE" "MEDSE" "MSE"
NULL
Writing result file: /home/probst/Random_Forest/RFSplitbias/results/Splitbias-files/jobs/31/15631-result.RData
########## Executing jid=15632 ##########
Timestamp: 2016-04-28 17:51:58
Experiment: 
  Problem: taski 
  Problem parameters: idi=4859, learner=, teststat=, testtype= 
  Algorithm: forest.splitbias.oob 
  Algorithm parameters:  
  Replication: 49 
  Seed: 15632 
  Problem seed: 171 
Setting seed: 15632
Applying Algorithm forest.splitbias.oob ...
Generating problem taski ...
Result:
List of 3
 $ idi   : int 4859
 $ lrn   : chr [1:3] "randomForest" "oob" ""
 $ result: Named num [1:4] 3.15 2.47 6.08 19.6
  ..- attr(*, "names")= chr [1:4] "MAE" "MEDAE" "MEDSE" "MSE"
NULL
Writing result file: /home/probst/Random_Forest/RFSplitbias/results/Splitbias-files/jobs/32/15632-result.RData
########## Executing jid=15633 ##########
Timestamp: 2016-04-28 17:52:00
Experiment: 
  Problem: taski 
  Problem parameters: idi=4859, learner=, teststat=, testtype= 
  Algorithm: forest.splitbias.oob 
  Algorithm parameters:  
  Replication: 50 
  Seed: 15633 
  Problem seed: 172 
Setting seed: 15633
Applying Algorithm forest.splitbias.oob ...
Generating problem taski ...
Result:
List of 3
 $ idi   : int 4859
 $ lrn   : chr [1:3] "randomForest" "oob" ""
 $ result: Named num [1:4] 3.14 2.5 6.24 19.53
  ..- attr(*, "names")= chr [1:4] "MAE" "MEDAE" "MEDSE" "MSE"
NULL
Writing result file: /home/probst/Random_Forest/RFSplitbias/results/Splitbias-files/jobs/33/15633-result.RData
########## Executing jid=15634 ##########
Timestamp: 2016-04-28 17:52:02
Experiment: 
  Problem: taski 
  Problem parameters: idi=2282, learner=, teststat=, testtype= 
  Algorithm: forest.splitbias.oob 
  Algorithm parameters:  
  Replication: 11 
  Seed: 15634 
  Problem seed: 133 
Setting seed: 15634
Applying Algorithm forest.splitbias.oob ...
Generating problem taski ...
Result:
List of 3
 $ idi   : int 2282
 $ lrn   : chr [1:3] "randomForest" "oob" ""
 $ result: Named num [1:4] 28.4 26.7 713.6 1103.6
  ..- attr(*, "names")= chr [1:4] "MAE" "MEDAE" "MEDSE" "MSE"
NULL
Writing result file: /home/probst/Random_Forest/RFSplitbias/results/Splitbias-files/jobs/34/15634-result.RData
########## Executing jid=15635 ##########
Timestamp: 2016-04-28 17:52:03
Experiment: 
  Problem: taski 
  Problem parameters: idi=2282, learner=, teststat=, testtype= 
  Algorithm: forest.splitbias.oob 
  Algorithm parameters:  
  Replication: 12 
  Seed: 15635 
  Problem seed: 134 
Setting seed: 15635
Applying Algorithm forest.splitbias.oob ...
Generating problem taski ...
Result:
List of 3
 $ idi   : int 2282
 $ lrn   : chr [1:3] "randomForest" "oob" ""
 $ result: Named num [1:4] 28.6 26.7 710.4 1118
  ..- attr(*, "names")= chr [1:4] "MAE" "MEDAE" "MEDSE" "MSE"
NULL
Writing result file: /home/probst/Random_Forest/RFSplitbias/results/Splitbias-files/jobs/35/15635-result.RData
########## Executing jid=15636 ##########
Timestamp: 2016-04-28 17:52:04
Experiment: 
  Problem: taski 
  Problem parameters: idi=2282, learner=, teststat=, testtype= 
  Algorithm: forest.splitbias.oob 
  Algorithm parameters:  
  Replication: 13 
  Seed: 15636 
  Problem seed: 135 
Setting seed: 15636
Applying Algorithm forest.splitbias.oob ...
Generating problem taski ...
Result:
List of 3
 $ idi   : int 2282
 $ lrn   : chr [1:3] "randomForest" "oob" ""
 $ result: Named num [1:4] 28.5 27.6 762.4 1112.1
  ..- attr(*, "names")= chr [1:4] "MAE" "MEDAE" "MEDSE" "MSE"
NULL
Writing result file: /home/probst/Random_Forest/RFSplitbias/results/Splitbias-files/jobs/36/15636-result.RData
########## Executing jid=15637 ##########
Timestamp: 2016-04-28 17:52:06
Experiment: 
  Problem: taski 
  Problem parameters: idi=2282, learner=, teststat=, testtype= 
  Algorithm: forest.splitbias.oob 
  Algorithm parameters:  
  Replication: 14 
  Seed: 15637 
  Problem seed: 136 
Setting seed: 15637
Applying Algorithm forest.splitbias.oob ...
Generating problem taski ...
Result:
List of 3
 $ idi   : int 2282
 $ lrn   : chr [1:3] "randomForest" "oob" ""
 $ result: Named num [1:4] 28.5 26.8 715.9 1122.7
  ..- attr(*, "names")= chr [1:4] "MAE" "MEDAE" "MEDSE" "MSE"
NULL
Writing result file: /home/probst/Random_Forest/RFSplitbias/results/Splitbias-files/jobs/37/15637-result.RData
########## Executing jid=15638 ##########
Timestamp: 2016-04-28 17:52:08
Experiment: 
  Problem: taski 
  Problem parameters: idi=2282, learner=, teststat=, testtype= 
  Algorithm: forest.splitbias.oob 
  Algorithm parameters:  
  Replication: 15 
  Seed: 15638 
  Problem seed: 137 
Setting seed: 15638
Applying Algorithm forest.splitbias.oob ...
Generating problem taski ...
Result:
List of 3
 $ idi   : int 2282
 $ lrn   : chr [1:3] "randomForest" "oob" ""
 $ result: Named num [1:4] 28.7 26.6 705.2 1123.4
  ..- attr(*, "names")= chr [1:4] "MAE" "MEDAE" "MEDSE" "MSE"
NULL
Writing result file: /home/probst/Random_Forest/RFSplitbias/results/Splitbias-files/jobs/38/15638-result.RData
########## Executing jid=15639 ##########
Timestamp: 2016-04-28 17:52:09
Experiment: 
  Problem: taski 
  Problem parameters: idi=2282, learner=, teststat=, testtype= 
  Algorithm: forest.splitbias.oob 
  Algorithm parameters:  
  Replication: 16 
  Seed: 15639 
  Problem seed: 138 
Setting seed: 15639
Applying Algorithm forest.splitbias.oob ...
Generating problem taski ...
Result:
List of 3
 $ idi   : int 2282
 $ lrn   : chr [1:3] "randomForest" "oob" ""
 $ result: Named num [1:4] 28.6 27.1 734.5 1117
  ..- attr(*, "names")= chr [1:4] "MAE" "MEDAE" "MEDSE" "MSE"
NULL
Writing result file: /home/probst/Random_Forest/RFSplitbias/results/Splitbias-files/jobs/39/15639-result.RData
########## Executing jid=15640 ##########
Timestamp: 2016-04-28 17:52:10
Experiment: 
  Problem: taski 
  Problem parameters: idi=2282, learner=, teststat=, testtype= 
  Algorithm: forest.splitbias.oob 
  Algorithm parameters:  
  Replication: 17 
  Seed: 15640 
  Problem seed: 139 
Setting seed: 15640
Applying Algorithm forest.splitbias.oob ...
Generating problem taski ...
Result:
List of 3
 $ idi   : int 2282
 $ lrn   : chr [1:3] "randomForest" "oob" ""
 $ result: Named num [1:4] 28.8 27.1 734.6 1131.3
  ..- attr(*, "names")= chr [1:4] "MAE" "MEDAE" "MEDSE" "MSE"
NULL
Writing result file: /home/probst/Random_Forest/RFSplitbias/results/Splitbias-files/jobs/40/15640-result.RData
########## Executing jid=15641 ##########
Timestamp: 2016-04-28 17:52:11
Experiment: 
  Problem: taski 
  Problem parameters: idi=2282, learner=, teststat=, testtype= 
  Algorithm: forest.splitbias.oob 
  Algorithm parameters:  
  Replication: 18 
  Seed: 15641 
  Problem seed: 140 
Setting seed: 15641
Applying Algorithm forest.splitbias.oob ...
Generating problem taski ...
Result:
List of 3
 $ idi   : int 2282
 $ lrn   : chr [1:3] "randomForest" "oob" ""
 $ result: Named num [1:4] 28.8 27 726.4 1129.1
  ..- attr(*, "names")= chr [1:4] "MAE" "MEDAE" "MEDSE" "MSE"
NULL
Writing result file: /home/probst/Random_Forest/RFSplitbias/results/Splitbias-files/jobs/41/15641-result.RData
########## Executing jid=15642 ##########
Timestamp: 2016-04-28 17:52:12
Experiment: 
  Problem: taski 
  Problem parameters: idi=2282, learner=, teststat=, testtype= 
  Algorithm: forest.splitbias.oob 
  Algorithm parameters:  
  Replication: 19 
  Seed: 15642 
  Problem seed: 141 
Setting seed: 15642
Applying Algorithm forest.splitbias.oob ...
Generating problem taski ...
Result:
List of 3
 $ idi   : int 2282
 $ lrn   : chr [1:3] "randomForest" "oob" ""
 $ result: Named num [1:4] 28.7 26.4 698.1 1122
  ..- attr(*, "names")= chr [1:4] "MAE" "MEDAE" "MEDSE" "MSE"
NULL
Writing result file: /home/probst/Random_Forest/RFSplitbias/results/Splitbias-files/jobs/42/15642-result.RData
########## Executing jid=15643 ##########
Timestamp: 2016-04-28 17:52:13
Experiment: 
  Problem: taski 
  Problem parameters: idi=2282, learner=, teststat=, testtype= 
  Algorithm: forest.splitbias.oob 
  Algorithm parameters:  
  Replication: 20 
  Seed: 15643 
  Problem seed: 142 
Setting seed: 15643
Applying Algorithm forest.splitbias.oob ...
Generating problem taski ...
Result:
List of 3
 $ idi   : int 2282
 $ lrn   : chr [1:3] "randomForest" "oob" ""
 $ result: Named num [1:4] 28.5 26.4 698.1 1107.4
  ..- attr(*, "names")= chr [1:4] "MAE" "MEDAE" "MEDSE" "MSE"
NULL
Writing result file: /home/probst/Random_Forest/RFSplitbias/results/Splitbias-files/jobs/43/15643-result.RData
########## Executing jid=15644 ##########
Timestamp: 2016-04-28 17:52:15
Experiment: 
  Problem: taski 
  Problem parameters: idi=2282, learner=, teststat=, testtype= 
  Algorithm: forest.splitbias.oob 
  Algorithm parameters:  
  Replication: 21 
  Seed: 15644 
  Problem seed: 143 
Setting seed: 15644
Applying Algorithm forest.splitbias.oob ...
Generating problem taski ...
Result:
List of 3
 $ idi   : int 2282
 $ lrn   : chr [1:3] "randomForest" "oob" ""
 $ result: Named num [1:4] 28.6 27.1 732.7 1122.1
  ..- attr(*, "names")= chr [1:4] "MAE" "MEDAE" "MEDSE" "MSE"
NULL
Writing result file: /home/probst/Random_Forest/RFSplitbias/results/Splitbias-files/jobs/44/15644-result.RData
########## Executing jid=15645 ##########
Timestamp: 2016-04-28 17:52:16
Experiment: 
  Problem: taski 
  Problem parameters: idi=2282, learner=, teststat=, testtype= 
  Algorithm: forest.splitbias.oob 
  Algorithm parameters:  
  Replication: 22 
  Seed: 15645 
  Problem seed: 144 
Setting seed: 15645
Applying Algorithm forest.splitbias.oob ...
Generating problem taski ...
Result:
List of 3
 $ idi   : int 2282
 $ lrn   : chr [1:3] "randomForest" "oob" ""
 $ result: Named num [1:4] 28.6 26.6 706.3 1121.4
  ..- attr(*, "names")= chr [1:4] "MAE" "MEDAE" "MEDSE" "MSE"
NULL
Writing result file: /home/probst/Random_Forest/RFSplitbias/results/Splitbias-files/jobs/45/15645-result.RData
########## Executing jid=15646 ##########
Timestamp: 2016-04-28 17:52:17
Experiment: 
  Problem: taski 
  Problem parameters: idi=2282, learner=, teststat=, testtype= 
  Algorithm: forest.splitbias.oob 
  Algorithm parameters:  
  Replication: 23 
  Seed: 15646 
  Problem seed: 145 
Setting seed: 15646
Applying Algorithm forest.splitbias.oob ...
Generating problem taski ...
Result:
List of 3
 $ idi   : int 2282
 $ lrn   : chr [1:3] "randomForest" "oob" ""
 $ result: Named num [1:4] 28.5 27.6 761.6 1115.6
  ..- attr(*, "names")= chr [1:4] "MAE" "MEDAE" "MEDSE" "MSE"
NULL
Writing result file: /home/probst/Random_Forest/RFSplitbias/results/Splitbias-files/jobs/46/15646-result.RData
########## Executing jid=15647 ##########
Timestamp: 2016-04-28 17:52:18
Experiment: 
  Problem: taski 
  Problem parameters: idi=2282, learner=, teststat=, testtype= 
  Algorithm: forest.splitbias.oob 
  Algorithm parameters:  
  Replication: 24 
  Seed: 15647 
  Problem seed: 146 
Setting seed: 15647
Applying Algorithm forest.splitbias.oob ...
Generating problem taski ...
Result:
List of 3
 $ idi   : int 2282
 $ lrn   : chr [1:3] "randomForest" "oob" ""
 $ result: Named num [1:4] 28.7 26.2 686.9 1119.5
  ..- attr(*, "names")= chr [1:4] "MAE" "MEDAE" "MEDSE" "MSE"
NULL
Writing result file: /home/probst/Random_Forest/RFSplitbias/results/Splitbias-files/jobs/47/15647-result.RData
########## Executing jid=15648 ##########
Timestamp: 2016-04-28 17:52:19
Experiment: 
  Problem: taski 
  Problem parameters: idi=2282, learner=, teststat=, testtype= 
  Algorithm: forest.splitbias.oob 
  Algorithm parameters:  
  Replication: 25 
  Seed: 15648 
  Problem seed: 147 
Setting seed: 15648
Applying Algorithm forest.splitbias.oob ...
Generating problem taski ...
Result:
List of 3
 $ idi   : int 2282
 $ lrn   : chr [1:3] "randomForest" "oob" ""
 $ result: Named num [1:4] 28.6 26.6 710.2 1118.1
  ..- attr(*, "names")= chr [1:4] "MAE" "MEDAE" "MEDSE" "MSE"
NULL
Writing result file: /home/probst/Random_Forest/RFSplitbias/results/Splitbias-files/jobs/48/15648-result.RData
########## Executing jid=15649 ##########
Timestamp: 2016-04-28 17:52:20
Experiment: 
  Problem: taski 
  Problem parameters: idi=2282, learner=, teststat=, testtype= 
  Algorithm: forest.splitbias.oob 
  Algorithm parameters:  
  Replication: 26 
  Seed: 15649 
  Problem seed: 148 
Setting seed: 15649
Applying Algorithm forest.splitbias.oob ...
Generating problem taski ...
Result:
List of 3
 $ idi   : int 2282
 $ lrn   : chr [1:3] "randomForest" "oob" ""
 $ result: Named num [1:4] 28.4 26.9 722.7 1109.5
  ..- attr(*, "names")= chr [1:4] "MAE" "MEDAE" "MEDSE" "MSE"
NULL
Writing result file: /home/probst/Random_Forest/RFSplitbias/results/Splitbias-files/jobs/49/15649-result.RData
########## Executing jid=15650 ##########
Timestamp: 2016-04-28 17:52:22
Experiment: 
  Problem: taski 
  Problem parameters: idi=2282, learner=, teststat=, testtype= 
  Algorithm: forest.splitbias.oob 
  Algorithm parameters:  
  Replication: 27 
  Seed: 15650 
  Problem seed: 149 
Setting seed: 15650
Applying Algorithm forest.splitbias.oob ...
Generating problem taski ...
Result:
List of 3
 $ idi   : int 2282
 $ lrn   : chr [1:3] "randomForest" "oob" ""
 $ result: Named num [1:4] 28.5 26.9 725.3 1110.9
  ..- attr(*, "names")= chr [1:4] "MAE" "MEDAE" "MEDSE" "MSE"
NULL
Writing result file: /home/probst/Random_Forest/RFSplitbias/results/Splitbias-files/jobs/50/15650-result.RData
########## Executing jid=15651 ##########
Timestamp: 2016-04-28 17:52:23
Experiment: 
  Problem: taski 
  Problem parameters: idi=2282, learner=, teststat=, testtype= 
  Algorithm: forest.splitbias.oob 
  Algorithm parameters:  
  Replication: 28 
  Seed: 15651 
  Problem seed: 150 
Setting seed: 15651
Applying Algorithm forest.splitbias.oob ...
Generating problem taski ...
Result:
List of 3
 $ idi   : int 2282
 $ lrn   : chr [1:3] "randomForest" "oob" ""
 $ result: Named num [1:4] 28.5 26.3 692.8 1105.4
  ..- attr(*, "names")= chr [1:4] "MAE" "MEDAE" "MEDSE" "MSE"
NULL
Writing result file: /home/probst/Random_Forest/RFSplitbias/results/Splitbias-files/jobs/51/15651-result.RData
########## Executing jid=15652 ##########
Timestamp: 2016-04-28 17:52:24
Experiment: 
  Problem: taski 
  Problem parameters: idi=2282, learner=, teststat=, testtype= 
  Algorithm: forest.splitbias.oob 
  Algorithm parameters:  
  Replication: 29 
  Seed: 15652 
  Problem seed: 151 
Setting seed: 15652
Applying Algorithm forest.splitbias.oob ...
Generating problem taski ...
Result:
List of 3
 $ idi   : int 2282
 $ lrn   : chr [1:3] "randomForest" "oob" ""
 $ result: Named num [1:4] 28.5 27 731.6 1120.4
  ..- attr(*, "names")= chr [1:4] "MAE" "MEDAE" "MEDSE" "MSE"
NULL
Writing result file: /home/probst/Random_Forest/RFSplitbias/results/Splitbias-files/jobs/52/15652-result.RData
########## Executing jid=15653 ##########
Timestamp: 2016-04-28 17:52:25
Experiment: 
  Problem: taski 
  Problem parameters: idi=2282, learner=, teststat=, testtype= 
  Algorithm: forest.splitbias.oob 
  Algorithm parameters:  
  Replication: 30 
  Seed: 15653 
  Problem seed: 152 
Setting seed: 15653
Applying Algorithm forest.splitbias.oob ...
Generating problem taski ...
Result:
List of 3
 $ idi   : int 2282
 $ lrn   : chr [1:3] "randomForest" "oob" ""
 $ result: Named num [1:4] 28.7 27.6 762 1123.6
  ..- attr(*, "names")= chr [1:4] "MAE" "MEDAE" "MEDSE" "MSE"
NULL
Writing result file: /home/probst/Random_Forest/RFSplitbias/results/Splitbias-files/jobs/53/15653-result.RData
########## Executing jid=15654 ##########
Timestamp: 2016-04-28 17:52:26
Experiment: 
  Problem: taski 
  Problem parameters: idi=2282, learner=, teststat=, testtype= 
  Algorithm: forest.splitbias.oob 
  Algorithm parameters:  
  Replication: 31 
  Seed: 15654 
  Problem seed: 153 
Setting seed: 15654
Applying Algorithm forest.splitbias.oob ...
Generating problem taski ...
Result:
List of 3
 $ idi   : int 2282
 $ lrn   : chr [1:3] "randomForest" "oob" ""
 $ result: Named num [1:4] 28.5 26.5 702.9 1100
  ..- attr(*, "names")= chr [1:4] "MAE" "MEDAE" "MEDSE" "MSE"
NULL
Writing result file: /home/probst/Random_Forest/RFSplitbias/results/Splitbias-files/jobs/54/15654-result.RData
########## Executing jid=15655 ##########
Timestamp: 2016-04-28 17:52:27
Experiment: 
  Problem: taski 
  Problem parameters: idi=2282, learner=, teststat=, testtype= 
  Algorithm: forest.splitbias.oob 
  Algorithm parameters:  
  Replication: 32 
  Seed: 15655 
  Problem seed: 154 
Setting seed: 15655
Applying Algorithm forest.splitbias.oob ...
Generating problem taski ...
Result:
List of 3
 $ idi   : int 2282
 $ lrn   : chr [1:3] "randomForest" "oob" ""
 $ result: Named num [1:4] 28.6 27.2 739 1118.6
  ..- attr(*, "names")= chr [1:4] "MAE" "MEDAE" "MEDSE" "MSE"
NULL
Writing result file: /home/probst/Random_Forest/RFSplitbias/results/Splitbias-files/jobs/55/15655-result.RData
########## Executing jid=15656 ##########
Timestamp: 2016-04-28 17:52:28
Experiment: 
  Problem: taski 
  Problem parameters: idi=2282, learner=, teststat=, testtype= 
  Algorithm: forest.splitbias.oob 
  Algorithm parameters:  
  Replication: 33 
  Seed: 15656 
  Problem seed: 155 
Setting seed: 15656
Applying Algorithm forest.splitbias.oob ...
Generating problem taski ...
Result:
List of 3
 $ idi   : int 2282
 $ lrn   : chr [1:3] "randomForest" "oob" ""
 $ result: Named num [1:4] 28.5 26.7 713.2 1105.5
  ..- attr(*, "names")= chr [1:4] "MAE" "MEDAE" "MEDSE" "MSE"
NULL
Writing result file: /home/probst/Random_Forest/RFSplitbias/results/Splitbias-files/jobs/56/15656-result.RData
2016-04-28 17:52:29: All done.
Setting work back to: /nfsmb/koll/probst/Random_Forest/RFSplitbias/results
Memory usage according to gc:
          used  (Mb) gc trigger  (Mb) max used  (Mb)
Ncells 2011839 107.5    3205452 171.2  2266127 121.1
Vcells 4665898  35.6   15996972 122.1  7312151  55.8
