Loading registry: /home/probst/Random_Forest/RFSplitbias/results/Splitbias-files/registry.RData
Loading conf: 
2016-04-28 16:22:55: Starting job on node lin65.
Auto-mailer settings: start=none, done=none, error=none.
Setting work dir: /nfsmb/koll/probst/Random_Forest/RFSplitbias/results
########## Executing jid=10104 ##########
Timestamp: 2016-04-28 16:22:55
Experiment: 
  Problem: taski 
  Problem parameters: idi=3691, learner=, teststat=, testtype= 
  Algorithm: forest.splitbias.oob 
  Algorithm parameters:  
  Replication: 41 
  Seed: 10104 
  Problem seed: 163 
Setting seed: 10104
Applying Algorithm forest.splitbias.oob ...
Generating problem taski ...
Result:
List of 3
 $ idi   : int 3691
 $ lrn   : chr [1:3] "randomForest" "oob" ""
 $ result: Named num [1:5] 0.694 0.323 0.391 0.306 0.663
  ..- attr(*, "names")= chr [1:5] "ACC" "BER" "multiclass.brier" "MMCE" ...
NULL
Writing result file: /home/probst/Random_Forest/RFSplitbias/results/Splitbias-files/jobs/04/10104-result.RData
########## Executing jid=10105 ##########
Timestamp: 2016-04-28 16:22:56
Experiment: 
  Problem: taski 
  Problem parameters: idi=3691, learner=, teststat=, testtype= 
  Algorithm: forest.splitbias.oob 
  Algorithm parameters:  
  Replication: 42 
  Seed: 10105 
  Problem seed: 164 
Setting seed: 10105
Applying Algorithm forest.splitbias.oob ...
Generating problem taski ...
Result:
List of 3
 $ idi   : int 3691
 $ lrn   : chr [1:3] "randomForest" "oob" ""
 $ result: Named num [1:5] 0.694 0.324 0.394 0.306 0.672
  ..- attr(*, "names")= chr [1:5] "ACC" "BER" "multiclass.brier" "MMCE" ...
NULL
Writing result file: /home/probst/Random_Forest/RFSplitbias/results/Splitbias-files/jobs/05/10105-result.RData
########## Executing jid=10106 ##########
Timestamp: 2016-04-28 16:22:57
Experiment: 
  Problem: taski 
  Problem parameters: idi=3691, learner=, teststat=, testtype= 
  Algorithm: forest.splitbias.oob 
  Algorithm parameters:  
  Replication: 43 
  Seed: 10106 
  Problem seed: 165 
Setting seed: 10106
Applying Algorithm forest.splitbias.oob ...
Generating problem taski ...
Result:
List of 3
 $ idi   : int 3691
 $ lrn   : chr [1:3] "randomForest" "oob" ""
 $ result: Named num [1:5] 0.677 0.34 0.396 0.323 0.674
  ..- attr(*, "names")= chr [1:5] "ACC" "BER" "multiclass.brier" "MMCE" ...
NULL
Writing result file: /home/probst/Random_Forest/RFSplitbias/results/Splitbias-files/jobs/06/10106-result.RData
########## Executing jid=10107 ##########
Timestamp: 2016-04-28 16:22:58
Experiment: 
  Problem: taski 
  Problem parameters: idi=3691, learner=, teststat=, testtype= 
  Algorithm: forest.splitbias.oob 
  Algorithm parameters:  
  Replication: 44 
  Seed: 10107 
  Problem seed: 166 
Setting seed: 10107
Applying Algorithm forest.splitbias.oob ...
Generating problem taski ...
Result:
List of 3
 $ idi   : int 3691
 $ lrn   : chr [1:3] "randomForest" "oob" ""
 $ result: Named num [1:5] 0.689 0.328 0.391 0.311 0.671
  ..- attr(*, "names")= chr [1:5] "ACC" "BER" "multiclass.brier" "MMCE" ...
NULL
Writing result file: /home/probst/Random_Forest/RFSplitbias/results/Splitbias-files/jobs/07/10107-result.RData
########## Executing jid=10108 ##########
Timestamp: 2016-04-28 16:22:59
Experiment: 
  Problem: taski 
  Problem parameters: idi=3691, learner=, teststat=, testtype= 
  Algorithm: forest.splitbias.oob 
  Algorithm parameters:  
  Replication: 45 
  Seed: 10108 
  Problem seed: 167 
Setting seed: 10108
Applying Algorithm forest.splitbias.oob ...
Generating problem taski ...
Result:
List of 3
 $ idi   : int 3691
 $ lrn   : chr [1:3] "randomForest" "oob" ""
 $ result: Named num [1:5] 0.7 0.318 0.39 0.3 0.669
  ..- attr(*, "names")= chr [1:5] "ACC" "BER" "multiclass.brier" "MMCE" ...
NULL
Writing result file: /home/probst/Random_Forest/RFSplitbias/results/Splitbias-files/jobs/08/10108-result.RData
########## Executing jid=10109 ##########
Timestamp: 2016-04-28 16:23:00
Experiment: 
  Problem: taski 
  Problem parameters: idi=3691, learner=, teststat=, testtype= 
  Algorithm: forest.splitbias.oob 
  Algorithm parameters:  
  Replication: 46 
  Seed: 10109 
  Problem seed: 168 
Setting seed: 10109
Applying Algorithm forest.splitbias.oob ...
Generating problem taski ...
Result:
List of 3
 $ idi   : int 3691
 $ lrn   : chr [1:3] "randomForest" "oob" ""
 $ result: Named num [1:5] 0.694 0.324 0.391 0.306 0.671
  ..- attr(*, "names")= chr [1:5] "ACC" "BER" "multiclass.brier" "MMCE" ...
NULL
Writing result file: /home/probst/Random_Forest/RFSplitbias/results/Splitbias-files/jobs/09/10109-result.RData
########## Executing jid=10110 ##########
Timestamp: 2016-04-28 16:23:01
Experiment: 
  Problem: taski 
  Problem parameters: idi=3691, learner=, teststat=, testtype= 
  Algorithm: forest.splitbias.oob 
  Algorithm parameters:  
  Replication: 47 
  Seed: 10110 
  Problem seed: 169 
Setting seed: 10110
Applying Algorithm forest.splitbias.oob ...
Generating problem taski ...
Result:
List of 3
 $ idi   : int 3691
 $ lrn   : chr [1:3] "randomForest" "oob" ""
 $ result: Named num [1:5] 0.682 0.334 0.388 0.318 0.675
  ..- attr(*, "names")= chr [1:5] "ACC" "BER" "multiclass.brier" "MMCE" ...
NULL
Writing result file: /home/probst/Random_Forest/RFSplitbias/results/Splitbias-files/jobs/10/10110-result.RData
########## Executing jid=10111 ##########
Timestamp: 2016-04-28 16:23:02
Experiment: 
  Problem: taski 
  Problem parameters: idi=3691, learner=, teststat=, testtype= 
  Algorithm: forest.splitbias.oob 
  Algorithm parameters:  
  Replication: 48 
  Seed: 10111 
  Problem seed: 170 
Setting seed: 10111
Applying Algorithm forest.splitbias.oob ...
Generating problem taski ...
Result:
List of 3
 $ idi   : int 3691
 $ lrn   : chr [1:3] "randomForest" "oob" ""
 $ result: Named num [1:5] 0.688 0.329 0.396 0.312 0.663
  ..- attr(*, "names")= chr [1:5] "ACC" "BER" "multiclass.brier" "MMCE" ...
NULL
Writing result file: /home/probst/Random_Forest/RFSplitbias/results/Splitbias-files/jobs/11/10111-result.RData
########## Executing jid=10112 ##########
Timestamp: 2016-04-28 16:23:03
Experiment: 
  Problem: taski 
  Problem parameters: idi=3691, learner=, teststat=, testtype= 
  Algorithm: forest.splitbias.oob 
  Algorithm parameters:  
  Replication: 49 
  Seed: 10112 
  Problem seed: 171 
Setting seed: 10112
Applying Algorithm forest.splitbias.oob ...
Generating problem taski ...
Result:
List of 3
 $ idi   : int 3691
 $ lrn   : chr [1:3] "randomForest" "oob" ""
 $ result: Named num [1:5] 0.689 0.326 0.393 0.311 0.664
  ..- attr(*, "names")= chr [1:5] "ACC" "BER" "multiclass.brier" "MMCE" ...
NULL
Writing result file: /home/probst/Random_Forest/RFSplitbias/results/Splitbias-files/jobs/12/10112-result.RData
########## Executing jid=10113 ##########
Timestamp: 2016-04-28 16:23:04
Experiment: 
  Problem: taski 
  Problem parameters: idi=3691, learner=, teststat=, testtype= 
  Algorithm: forest.splitbias.oob 
  Algorithm parameters:  
  Replication: 50 
  Seed: 10113 
  Problem seed: 172 
Setting seed: 10113
Applying Algorithm forest.splitbias.oob ...
Generating problem taski ...
Result:
List of 3
 $ idi   : int 3691
 $ lrn   : chr [1:3] "randomForest" "oob" ""
 $ result: Named num [1:5] 0.688 0.33 0.394 0.312 0.669
  ..- attr(*, "names")= chr [1:5] "ACC" "BER" "multiclass.brier" "MMCE" ...
NULL
Writing result file: /home/probst/Random_Forest/RFSplitbias/results/Splitbias-files/jobs/13/10113-result.RData
########## Executing jid=10114 ##########
Timestamp: 2016-04-28 16:23:05
Experiment: 
  Problem: taski 
  Problem parameters: idi=3718, learner=, teststat=, testtype= 
  Algorithm: forest.splitbias.oob 
  Algorithm parameters:  
  Replication: 11 
  Seed: 10114 
  Problem seed: 133 
Setting seed: 10114
Applying Algorithm forest.splitbias.oob ...
Generating problem taski ...
Result:
List of 3
 $ idi   : int 3718
 $ lrn   : chr [1:3] "randomForest" "oob" ""
 $ result: Named num [1:5] 0.895 0.11 0.164 0.105 0.554
  ..- attr(*, "names")= chr [1:5] "ACC" "BER" "multiclass.brier" "MMCE" ...
NULL
Writing result file: /home/probst/Random_Forest/RFSplitbias/results/Splitbias-files/jobs/14/10114-result.RData
########## Executing jid=10115 ##########
Timestamp: 2016-04-28 16:23:06
Experiment: 
  Problem: taski 
  Problem parameters: idi=3718, learner=, teststat=, testtype= 
  Algorithm: forest.splitbias.oob 
  Algorithm parameters:  
  Replication: 12 
  Seed: 10115 
  Problem seed: 134 
Setting seed: 10115
Applying Algorithm forest.splitbias.oob ...
Generating problem taski ...
Result:
List of 3
 $ idi   : int 3718
 $ lrn   : chr [1:3] "randomForest" "oob" ""
 $ result: Named num [1:5] 0.897 0.108 0.164 0.103 0.555
  ..- attr(*, "names")= chr [1:5] "ACC" "BER" "multiclass.brier" "MMCE" ...
NULL
Writing result file: /home/probst/Random_Forest/RFSplitbias/results/Splitbias-files/jobs/15/10115-result.RData
########## Executing jid=10116 ##########
Timestamp: 2016-04-28 16:23:08
Experiment: 
  Problem: taski 
  Problem parameters: idi=3718, learner=, teststat=, testtype= 
  Algorithm: forest.splitbias.oob 
  Algorithm parameters:  
  Replication: 13 
  Seed: 10116 
  Problem seed: 135 
Setting seed: 10116
Applying Algorithm forest.splitbias.oob ...
Generating problem taski ...
Result:
List of 3
 $ idi   : int 3718
 $ lrn   : chr [1:3] "randomForest" "oob" ""
 $ result: Named num [1:5] 0.895 0.111 0.164 0.105 0.543
  ..- attr(*, "names")= chr [1:5] "ACC" "BER" "multiclass.brier" "MMCE" ...
NULL
Writing result file: /home/probst/Random_Forest/RFSplitbias/results/Splitbias-files/jobs/16/10116-result.RData
########## Executing jid=10117 ##########
Timestamp: 2016-04-28 16:23:08
Experiment: 
  Problem: taski 
  Problem parameters: idi=3718, learner=, teststat=, testtype= 
  Algorithm: forest.splitbias.oob 
  Algorithm parameters:  
  Replication: 14 
  Seed: 10117 
  Problem seed: 136 
Setting seed: 10117
Applying Algorithm forest.splitbias.oob ...
Generating problem taski ...
Result:
List of 3
 $ idi   : int 3718
 $ lrn   : chr [1:3] "randomForest" "oob" ""
 $ result: Named num [1:5] 0.889 0.118 0.163 0.111 0.551
  ..- attr(*, "names")= chr [1:5] "ACC" "BER" "multiclass.brier" "MMCE" ...
NULL
Writing result file: /home/probst/Random_Forest/RFSplitbias/results/Splitbias-files/jobs/17/10117-result.RData
########## Executing jid=10118 ##########
Timestamp: 2016-04-28 16:23:10
Experiment: 
  Problem: taski 
  Problem parameters: idi=3718, learner=, teststat=, testtype= 
  Algorithm: forest.splitbias.oob 
  Algorithm parameters:  
  Replication: 15 
  Seed: 10118 
  Problem seed: 137 
Setting seed: 10118
Applying Algorithm forest.splitbias.oob ...
Generating problem taski ...
Result:
List of 3
 $ idi   : int 3718
 $ lrn   : chr [1:3] "randomForest" "oob" ""
 $ result: Named num [1:5] 0.897 0.11 0.163 0.103 0.553
  ..- attr(*, "names")= chr [1:5] "ACC" "BER" "multiclass.brier" "MMCE" ...
NULL
Writing result file: /home/probst/Random_Forest/RFSplitbias/results/Splitbias-files/jobs/18/10118-result.RData
########## Executing jid=10119 ##########
Timestamp: 2016-04-28 16:23:11
Experiment: 
  Problem: taski 
  Problem parameters: idi=3718, learner=, teststat=, testtype= 
  Algorithm: forest.splitbias.oob 
  Algorithm parameters:  
  Replication: 16 
  Seed: 10119 
  Problem seed: 138 
Setting seed: 10119
Applying Algorithm forest.splitbias.oob ...
Generating problem taski ...
Result:
List of 3
 $ idi   : int 3718
 $ lrn   : chr [1:3] "randomForest" "oob" ""
 $ result: Named num [1:5] 0.9012 0.1047 0.1641 0.0988 0.5406
  ..- attr(*, "names")= chr [1:5] "ACC" "BER" "multiclass.brier" "MMCE" ...
NULL
Writing result file: /home/probst/Random_Forest/RFSplitbias/results/Splitbias-files/jobs/19/10119-result.RData
########## Executing jid=10120 ##########
Timestamp: 2016-04-28 16:23:12
Experiment: 
  Problem: taski 
  Problem parameters: idi=3718, learner=, teststat=, testtype= 
  Algorithm: forest.splitbias.oob 
  Algorithm parameters:  
  Replication: 17 
  Seed: 10120 
  Problem seed: 139 
Setting seed: 10120
Applying Algorithm forest.splitbias.oob ...
Generating problem taski ...
Result:
List of 3
 $ idi   : int 3718
 $ lrn   : chr [1:3] "randomForest" "oob" ""
 $ result: Named num [1:5] 0.893 0.114 0.163 0.107 0.545
  ..- attr(*, "names")= chr [1:5] "ACC" "BER" "multiclass.brier" "MMCE" ...
NULL
Writing result file: /home/probst/Random_Forest/RFSplitbias/results/Splitbias-files/jobs/20/10120-result.RData
########## Executing jid=10121 ##########
Timestamp: 2016-04-28 16:23:13
Experiment: 
  Problem: taski 
  Problem parameters: idi=3718, learner=, teststat=, testtype= 
  Algorithm: forest.splitbias.oob 
  Algorithm parameters:  
  Replication: 18 
  Seed: 10121 
  Problem seed: 140 
Setting seed: 10121
Applying Algorithm forest.splitbias.oob ...
Generating problem taski ...
Result:
List of 3
 $ idi   : int 3718
 $ lrn   : chr [1:3] "randomForest" "oob" ""
 $ result: Named num [1:5] 0.895 0.111 0.162 0.105 0.547
  ..- attr(*, "names")= chr [1:5] "ACC" "BER" "multiclass.brier" "MMCE" ...
NULL
Writing result file: /home/probst/Random_Forest/RFSplitbias/results/Splitbias-files/jobs/21/10121-result.RData
########## Executing jid=10122 ##########
Timestamp: 2016-04-28 16:23:14
Experiment: 
  Problem: taski 
  Problem parameters: idi=3718, learner=, teststat=, testtype= 
  Algorithm: forest.splitbias.oob 
  Algorithm parameters:  
  Replication: 19 
  Seed: 10122 
  Problem seed: 141 
Setting seed: 10122
Applying Algorithm forest.splitbias.oob ...
Generating problem taski ...
Result:
List of 3
 $ idi   : int 3718
 $ lrn   : chr [1:3] "randomForest" "oob" ""
 $ result: Named num [1:5] 0.895 0.112 0.164 0.105 0.55
  ..- attr(*, "names")= chr [1:5] "ACC" "BER" "multiclass.brier" "MMCE" ...
NULL
Writing result file: /home/probst/Random_Forest/RFSplitbias/results/Splitbias-files/jobs/22/10122-result.RData
########## Executing jid=10123 ##########
Timestamp: 2016-04-28 16:23:15
Experiment: 
  Problem: taski 
  Problem parameters: idi=3718, learner=, teststat=, testtype= 
  Algorithm: forest.splitbias.oob 
  Algorithm parameters:  
  Replication: 20 
  Seed: 10123 
  Problem seed: 142 
Setting seed: 10123
Applying Algorithm forest.splitbias.oob ...
Generating problem taski ...
Result:
List of 3
 $ idi   : int 3718
 $ lrn   : chr [1:3] "randomForest" "oob" ""
 $ result: Named num [1:5] 0.9012 0.1054 0.1614 0.0988 0.5426
  ..- attr(*, "names")= chr [1:5] "ACC" "BER" "multiclass.brier" "MMCE" ...
NULL
Writing result file: /home/probst/Random_Forest/RFSplitbias/results/Splitbias-files/jobs/23/10123-result.RData
########## Executing jid=10124 ##########
Timestamp: 2016-04-28 16:23:16
Experiment: 
  Problem: taski 
  Problem parameters: idi=3718, learner=, teststat=, testtype= 
  Algorithm: forest.splitbias.oob 
  Algorithm parameters:  
  Replication: 21 
  Seed: 10124 
  Problem seed: 143 
Setting seed: 10124
Applying Algorithm forest.splitbias.oob ...
Generating problem taski ...
Result:
List of 3
 $ idi   : int 3718
 $ lrn   : chr [1:3] "randomForest" "oob" ""
 $ result: Named num [1:5] 0.893 0.114 0.164 0.107 0.549
  ..- attr(*, "names")= chr [1:5] "ACC" "BER" "multiclass.brier" "MMCE" ...
NULL
Writing result file: /home/probst/Random_Forest/RFSplitbias/results/Splitbias-files/jobs/24/10124-result.RData
########## Executing jid=10125 ##########
Timestamp: 2016-04-28 16:23:16
Experiment: 
  Problem: taski 
  Problem parameters: idi=3718, learner=, teststat=, testtype= 
  Algorithm: forest.splitbias.oob 
  Algorithm parameters:  
  Replication: 22 
  Seed: 10125 
  Problem seed: 144 
Setting seed: 10125
Applying Algorithm forest.splitbias.oob ...
Generating problem taski ...
Result:
List of 3
 $ idi   : int 3718
 $ lrn   : chr [1:3] "randomForest" "oob" ""
 $ result: Named num [1:5] 0.9012 0.1061 0.1636 0.0988 0.5533
  ..- attr(*, "names")= chr [1:5] "ACC" "BER" "multiclass.brier" "MMCE" ...
NULL
Writing result file: /home/probst/Random_Forest/RFSplitbias/results/Splitbias-files/jobs/25/10125-result.RData
########## Executing jid=10126 ##########
Timestamp: 2016-04-28 16:23:17
Experiment: 
  Problem: taski 
  Problem parameters: idi=3718, learner=, teststat=, testtype= 
  Algorithm: forest.splitbias.oob 
  Algorithm parameters:  
  Replication: 23 
  Seed: 10126 
  Problem seed: 145 
Setting seed: 10126
Applying Algorithm forest.splitbias.oob ...
Generating problem taski ...
Result:
List of 3
 $ idi   : int 3718
 $ lrn   : chr [1:3] "randomForest" "oob" ""
 $ result: Named num [1:5] 0.893 0.114 0.161 0.107 0.557
  ..- attr(*, "names")= chr [1:5] "ACC" "BER" "multiclass.brier" "MMCE" ...
NULL
Writing result file: /home/probst/Random_Forest/RFSplitbias/results/Splitbias-files/jobs/26/10126-result.RData
########## Executing jid=10127 ##########
Timestamp: 2016-04-28 16:23:18
Experiment: 
  Problem: taski 
  Problem parameters: idi=3718, learner=, teststat=, testtype= 
  Algorithm: forest.splitbias.oob 
  Algorithm parameters:  
  Replication: 24 
  Seed: 10127 
  Problem seed: 146 
Setting seed: 10127
Applying Algorithm forest.splitbias.oob ...
Generating problem taski ...
Result:
List of 3
 $ idi   : int 3718
 $ lrn   : chr [1:3] "randomForest" "oob" ""
 $ result: Named num [1:5] 0.899 0.108 0.162 0.101 0.553
  ..- attr(*, "names")= chr [1:5] "ACC" "BER" "multiclass.brier" "MMCE" ...
NULL
Writing result file: /home/probst/Random_Forest/RFSplitbias/results/Splitbias-files/jobs/27/10127-result.RData
########## Executing jid=10128 ##########
Timestamp: 2016-04-28 16:23:19
Experiment: 
  Problem: taski 
  Problem parameters: idi=3718, learner=, teststat=, testtype= 
  Algorithm: forest.splitbias.oob 
  Algorithm parameters:  
  Replication: 25 
  Seed: 10128 
  Problem seed: 147 
Setting seed: 10128
Applying Algorithm forest.splitbias.oob ...
Generating problem taski ...
Result:
List of 3
 $ idi   : int 3718
 $ lrn   : chr [1:3] "randomForest" "oob" ""
 $ result: Named num [1:5] 0.891 0.115 0.164 0.109 0.548
  ..- attr(*, "names")= chr [1:5] "ACC" "BER" "multiclass.brier" "MMCE" ...
NULL
Writing result file: /home/probst/Random_Forest/RFSplitbias/results/Splitbias-files/jobs/28/10128-result.RData
########## Executing jid=10129 ##########
Timestamp: 2016-04-28 16:23:20
Experiment: 
  Problem: taski 
  Problem parameters: idi=3718, learner=, teststat=, testtype= 
  Algorithm: forest.splitbias.oob 
  Algorithm parameters:  
  Replication: 26 
  Seed: 10129 
  Problem seed: 148 
Setting seed: 10129
Applying Algorithm forest.splitbias.oob ...
Generating problem taski ...
Result:
List of 3
 $ idi   : int 3718
 $ lrn   : chr [1:3] "randomForest" "oob" ""
 $ result: Named num [1:5] 0.891 0.117 0.165 0.109 0.543
  ..- attr(*, "names")= chr [1:5] "ACC" "BER" "multiclass.brier" "MMCE" ...
NULL
Writing result file: /home/probst/Random_Forest/RFSplitbias/results/Splitbias-files/jobs/29/10129-result.RData
########## Executing jid=10130 ##########
Timestamp: 2016-04-28 16:23:22
Experiment: 
  Problem: taski 
  Problem parameters: idi=3718, learner=, teststat=, testtype= 
  Algorithm: forest.splitbias.oob 
  Algorithm parameters:  
  Replication: 27 
  Seed: 10130 
  Problem seed: 149 
Setting seed: 10130
Applying Algorithm forest.splitbias.oob ...
Generating problem taski ...
Result:
List of 3
 $ idi   : int 3718
 $ lrn   : chr [1:3] "randomForest" "oob" ""
 $ result: Named num [1:5] 0.897 0.11 0.164 0.103 0.553
  ..- attr(*, "names")= chr [1:5] "ACC" "BER" "multiclass.brier" "MMCE" ...
NULL
Writing result file: /home/probst/Random_Forest/RFSplitbias/results/Splitbias-files/jobs/30/10130-result.RData
########## Executing jid=10131 ##########
Timestamp: 2016-04-28 16:23:23
Experiment: 
  Problem: taski 
  Problem parameters: idi=3718, learner=, teststat=, testtype= 
  Algorithm: forest.splitbias.oob 
  Algorithm parameters:  
  Replication: 28 
  Seed: 10131 
  Problem seed: 150 
Setting seed: 10131
Applying Algorithm forest.splitbias.oob ...
Generating problem taski ...
Result:
List of 3
 $ idi   : int 3718
 $ lrn   : chr [1:3] "randomForest" "oob" ""
 $ result: Named num [1:5] 0.889 0.118 0.164 0.111 0.542
  ..- attr(*, "names")= chr [1:5] "ACC" "BER" "multiclass.brier" "MMCE" ...
NULL
Writing result file: /home/probst/Random_Forest/RFSplitbias/results/Splitbias-files/jobs/31/10131-result.RData
########## Executing jid=10132 ##########
Timestamp: 2016-04-28 16:23:24
Experiment: 
  Problem: taski 
  Problem parameters: idi=3718, learner=, teststat=, testtype= 
  Algorithm: forest.splitbias.oob 
  Algorithm parameters:  
  Replication: 29 
  Seed: 10132 
  Problem seed: 151 
Setting seed: 10132
Applying Algorithm forest.splitbias.oob ...
Generating problem taski ...
Result:
List of 3
 $ idi   : int 3718
 $ lrn   : chr [1:3] "randomForest" "oob" ""
 $ result: Named num [1:5] 0.899 0.108 0.162 0.101 0.545
  ..- attr(*, "names")= chr [1:5] "ACC" "BER" "multiclass.brier" "MMCE" ...
NULL
Writing result file: /home/probst/Random_Forest/RFSplitbias/results/Splitbias-files/jobs/32/10132-result.RData
########## Executing jid=10133 ##########
Timestamp: 2016-04-28 16:23:25
Experiment: 
  Problem: taski 
  Problem parameters: idi=3718, learner=, teststat=, testtype= 
  Algorithm: forest.splitbias.oob 
  Algorithm parameters:  
  Replication: 30 
  Seed: 10133 
  Problem seed: 152 
Setting seed: 10133
Applying Algorithm forest.splitbias.oob ...
Generating problem taski ...
Result:
List of 3
 $ idi   : int 3718
 $ lrn   : chr [1:3] "randomForest" "oob" ""
 $ result: Named num [1:5] 0.891 0.117 0.166 0.109 0.544
  ..- attr(*, "names")= chr [1:5] "ACC" "BER" "multiclass.brier" "MMCE" ...
NULL
Writing result file: /home/probst/Random_Forest/RFSplitbias/results/Splitbias-files/jobs/33/10133-result.RData
########## Executing jid=10134 ##########
Timestamp: 2016-04-28 16:23:26
Experiment: 
  Problem: taski 
  Problem parameters: idi=3718, learner=, teststat=, testtype= 
  Algorithm: forest.splitbias.oob 
  Algorithm parameters:  
  Replication: 31 
  Seed: 10134 
  Problem seed: 153 
Setting seed: 10134
Applying Algorithm forest.splitbias.oob ...
Generating problem taski ...
Result:
List of 3
 $ idi   : int 3718
 $ lrn   : chr [1:3] "randomForest" "oob" ""
 $ result: Named num [1:5] 0.897 0.11 0.163 0.103 0.554
  ..- attr(*, "names")= chr [1:5] "ACC" "BER" "multiclass.brier" "MMCE" ...
NULL
Writing result file: /home/probst/Random_Forest/RFSplitbias/results/Splitbias-files/jobs/34/10134-result.RData
########## Executing jid=10135 ##########
Timestamp: 2016-04-28 16:23:27
Experiment: 
  Problem: taski 
  Problem parameters: idi=3718, learner=, teststat=, testtype= 
  Algorithm: forest.splitbias.oob 
  Algorithm parameters:  
  Replication: 32 
  Seed: 10135 
  Problem seed: 154 
Setting seed: 10135
Applying Algorithm forest.splitbias.oob ...
Generating problem taski ...
Result:
List of 3
 $ idi   : int 3718
 $ lrn   : chr [1:3] "randomForest" "oob" ""
 $ result: Named num [1:5] 0.893 0.114 0.162 0.107 0.544
  ..- attr(*, "names")= chr [1:5] "ACC" "BER" "multiclass.brier" "MMCE" ...
NULL
Writing result file: /home/probst/Random_Forest/RFSplitbias/results/Splitbias-files/jobs/35/10135-result.RData
########## Executing jid=10136 ##########
Timestamp: 2016-04-28 16:23:28
Experiment: 
  Problem: taski 
  Problem parameters: idi=3718, learner=, teststat=, testtype= 
  Algorithm: forest.splitbias.oob 
  Algorithm parameters:  
  Replication: 33 
  Seed: 10136 
  Problem seed: 155 
Setting seed: 10136
Applying Algorithm forest.splitbias.oob ...
Generating problem taski ...
Result:
List of 3
 $ idi   : int 3718
 $ lrn   : chr [1:3] "randomForest" "oob" ""
 $ result: Named num [1:5] 0.891 0.115 0.163 0.109 0.549
  ..- attr(*, "names")= chr [1:5] "ACC" "BER" "multiclass.brier" "MMCE" ...
NULL
Writing result file: /home/probst/Random_Forest/RFSplitbias/results/Splitbias-files/jobs/36/10136-result.RData
########## Executing jid=10137 ##########
Timestamp: 2016-04-28 16:23:29
Experiment: 
  Problem: taski 
  Problem parameters: idi=3718, learner=, teststat=, testtype= 
  Algorithm: forest.splitbias.oob 
  Algorithm parameters:  
  Replication: 34 
  Seed: 10137 
  Problem seed: 156 
Setting seed: 10137
Applying Algorithm forest.splitbias.oob ...
Generating problem taski ...
Result:
List of 3
 $ idi   : int 3718
 $ lrn   : chr [1:3] "randomForest" "oob" ""
 $ result: Named num [1:5] 0.899 0.106 0.16 0.101 0.551
  ..- attr(*, "names")= chr [1:5] "ACC" "BER" "multiclass.brier" "MMCE" ...
NULL
Writing result file: /home/probst/Random_Forest/RFSplitbias/results/Splitbias-files/jobs/37/10137-result.RData
########## Executing jid=10138 ##########
Timestamp: 2016-04-28 16:23:29
Experiment: 
  Problem: taski 
  Problem parameters: idi=3718, learner=, teststat=, testtype= 
  Algorithm: forest.splitbias.oob 
  Algorithm parameters:  
  Replication: 35 
  Seed: 10138 
  Problem seed: 157 
Setting seed: 10138
Applying Algorithm forest.splitbias.oob ...
Generating problem taski ...
Result:
List of 3
 $ idi   : int 3718
 $ lrn   : chr [1:3] "randomForest" "oob" ""
 $ result: Named num [1:5] 0.891 0.116 0.163 0.109 0.552
  ..- attr(*, "names")= chr [1:5] "ACC" "BER" "multiclass.brier" "MMCE" ...
NULL
Writing result file: /home/probst/Random_Forest/RFSplitbias/results/Splitbias-files/jobs/38/10138-result.RData
########## Executing jid=10139 ##########
Timestamp: 2016-04-28 16:23:30
Experiment: 
  Problem: taski 
  Problem parameters: idi=3718, learner=, teststat=, testtype= 
  Algorithm: forest.splitbias.oob 
  Algorithm parameters:  
  Replication: 36 
  Seed: 10139 
  Problem seed: 158 
Setting seed: 10139
Applying Algorithm forest.splitbias.oob ...
Generating problem taski ...
Result:
List of 3
 $ idi   : int 3718
 $ lrn   : chr [1:3] "randomForest" "oob" ""
 $ result: Named num [1:5] 0.897 0.11 0.164 0.103 0.536
  ..- attr(*, "names")= chr [1:5] "ACC" "BER" "multiclass.brier" "MMCE" ...
NULL
Writing result file: /home/probst/Random_Forest/RFSplitbias/results/Splitbias-files/jobs/39/10139-result.RData
########## Executing jid=10140 ##########
Timestamp: 2016-04-28 16:23:31
Experiment: 
  Problem: taski 
  Problem parameters: idi=3718, learner=, teststat=, testtype= 
  Algorithm: forest.splitbias.oob 
  Algorithm parameters:  
  Replication: 37 
  Seed: 10140 
  Problem seed: 159 
Setting seed: 10140
Applying Algorithm forest.splitbias.oob ...
Generating problem taski ...
Result:
List of 3
 $ idi   : int 3718
 $ lrn   : chr [1:3] "randomForest" "oob" ""
 $ result: Named num [1:5] 0.897 0.11 0.162 0.103 0.552
  ..- attr(*, "names")= chr [1:5] "ACC" "BER" "multiclass.brier" "MMCE" ...
NULL
Writing result file: /home/probst/Random_Forest/RFSplitbias/results/Splitbias-files/jobs/40/10140-result.RData
########## Executing jid=10141 ##########
Timestamp: 2016-04-28 16:23:32
Experiment: 
  Problem: taski 
  Problem parameters: idi=3718, learner=, teststat=, testtype= 
  Algorithm: forest.splitbias.oob 
  Algorithm parameters:  
  Replication: 38 
  Seed: 10141 
  Problem seed: 160 
Setting seed: 10141
Applying Algorithm forest.splitbias.oob ...
Generating problem taski ...
Result:
List of 3
 $ idi   : int 3718
 $ lrn   : chr [1:3] "randomForest" "oob" ""
 $ result: Named num [1:5] 0.897 0.11 0.162 0.103 0.454
  ..- attr(*, "names")= chr [1:5] "ACC" "BER" "multiclass.brier" "MMCE" ...
NULL
Writing result file: /home/probst/Random_Forest/RFSplitbias/results/Splitbias-files/jobs/41/10141-result.RData
########## Executing jid=10142 ##########
Timestamp: 2016-04-28 16:23:33
Experiment: 
  Problem: taski 
  Problem parameters: idi=3718, learner=, teststat=, testtype= 
  Algorithm: forest.splitbias.oob 
  Algorithm parameters:  
  Replication: 39 
  Seed: 10142 
  Problem seed: 161 
Setting seed: 10142
Applying Algorithm forest.splitbias.oob ...
Generating problem taski ...
Result:
List of 3
 $ idi   : int 3718
 $ lrn   : chr [1:3] "randomForest" "oob" ""
 $ result: Named num [1:5] 0.891 0.116 0.163 0.109 0.55
  ..- attr(*, "names")= chr [1:5] "ACC" "BER" "multiclass.brier" "MMCE" ...
NULL
Writing result file: /home/probst/Random_Forest/RFSplitbias/results/Splitbias-files/jobs/42/10142-result.RData
########## Executing jid=10143 ##########
Timestamp: 2016-04-28 16:23:34
Experiment: 
  Problem: taski 
  Problem parameters: idi=3718, learner=, teststat=, testtype= 
  Algorithm: forest.splitbias.oob 
  Algorithm parameters:  
  Replication: 40 
  Seed: 10143 
  Problem seed: 162 
Setting seed: 10143
Applying Algorithm forest.splitbias.oob ...
Generating problem taski ...
Result:
List of 3
 $ idi   : int 3718
 $ lrn   : chr [1:3] "randomForest" "oob" ""
 $ result: Named num [1:5] 0.897 0.11 0.164 0.103 0.546
  ..- attr(*, "names")= chr [1:5] "ACC" "BER" "multiclass.brier" "MMCE" ...
NULL
Writing result file: /home/probst/Random_Forest/RFSplitbias/results/Splitbias-files/jobs/43/10143-result.RData
########## Executing jid=10144 ##########
Timestamp: 2016-04-28 16:23:35
Experiment: 
  Problem: taski 
  Problem parameters: idi=3718, learner=, teststat=, testtype= 
  Algorithm: forest.splitbias.oob 
  Algorithm parameters:  
  Replication: 41 
  Seed: 10144 
  Problem seed: 163 
Setting seed: 10144
Applying Algorithm forest.splitbias.oob ...
Generating problem taski ...
Result:
List of 3
 $ idi   : int 3718
 $ lrn   : chr [1:3] "randomForest" "oob" ""
 $ result: Named num [1:5] 0.899 0.106 0.164 0.101 0.545
  ..- attr(*, "names")= chr [1:5] "ACC" "BER" "multiclass.brier" "MMCE" ...
NULL
Writing result file: /home/probst/Random_Forest/RFSplitbias/results/Splitbias-files/jobs/44/10144-result.RData
########## Executing jid=10145 ##########
Timestamp: 2016-04-28 16:23:36
Experiment: 
  Problem: taski 
  Problem parameters: idi=3718, learner=, teststat=, testtype= 
  Algorithm: forest.splitbias.oob 
  Algorithm parameters:  
  Replication: 42 
  Seed: 10145 
  Problem seed: 164 
Setting seed: 10145
Applying Algorithm forest.splitbias.oob ...
Generating problem taski ...
Result:
List of 3
 $ idi   : int 3718
 $ lrn   : chr [1:3] "randomForest" "oob" ""
 $ result: Named num [1:5] 0.9012 0.1054 0.1627 0.0988 0.5571
  ..- attr(*, "names")= chr [1:5] "ACC" "BER" "multiclass.brier" "MMCE" ...
NULL
Writing result file: /home/probst/Random_Forest/RFSplitbias/results/Splitbias-files/jobs/45/10145-result.RData
########## Executing jid=10146 ##########
Timestamp: 2016-04-28 16:23:37
Experiment: 
  Problem: taski 
  Problem parameters: idi=3718, learner=, teststat=, testtype= 
  Algorithm: forest.splitbias.oob 
  Algorithm parameters:  
  Replication: 43 
  Seed: 10146 
  Problem seed: 165 
Setting seed: 10146
Applying Algorithm forest.splitbias.oob ...
Generating problem taski ...
Result:
List of 3
 $ idi   : int 3718
 $ lrn   : chr [1:3] "randomForest" "oob" ""
 $ result: Named num [1:5] 0.897 0.11 0.163 0.103 0.546
  ..- attr(*, "names")= chr [1:5] "ACC" "BER" "multiclass.brier" "MMCE" ...
NULL
Writing result file: /home/probst/Random_Forest/RFSplitbias/results/Splitbias-files/jobs/46/10146-result.RData
########## Executing jid=10147 ##########
Timestamp: 2016-04-28 16:23:38
Experiment: 
  Problem: taski 
  Problem parameters: idi=3718, learner=, teststat=, testtype= 
  Algorithm: forest.splitbias.oob 
  Algorithm parameters:  
  Replication: 44 
  Seed: 10147 
  Problem seed: 166 
Setting seed: 10147
Applying Algorithm forest.splitbias.oob ...
Generating problem taski ...
Result:
List of 3
 $ idi   : int 3718
 $ lrn   : chr [1:3] "randomForest" "oob" ""
 $ result: Named num [1:5] 0.893 0.115 0.163 0.107 0.46
  ..- attr(*, "names")= chr [1:5] "ACC" "BER" "multiclass.brier" "MMCE" ...
NULL
Writing result file: /home/probst/Random_Forest/RFSplitbias/results/Splitbias-files/jobs/47/10147-result.RData
########## Executing jid=10148 ##########
Timestamp: 2016-04-28 16:23:39
Experiment: 
  Problem: taski 
  Problem parameters: idi=3718, learner=, teststat=, testtype= 
  Algorithm: forest.splitbias.oob 
  Algorithm parameters:  
  Replication: 45 
  Seed: 10148 
  Problem seed: 167 
Setting seed: 10148
Applying Algorithm forest.splitbias.oob ...
Generating problem taski ...
Result:
List of 3
 $ idi   : int 3718
 $ lrn   : chr [1:3] "randomForest" "oob" ""
 $ result: Named num [1:5] 0.899 0.107 0.162 0.101 0.537
  ..- attr(*, "names")= chr [1:5] "ACC" "BER" "multiclass.brier" "MMCE" ...
NULL
Writing result file: /home/probst/Random_Forest/RFSplitbias/results/Splitbias-files/jobs/48/10148-result.RData
########## Executing jid=10149 ##########
Timestamp: 2016-04-28 16:23:40
Experiment: 
  Problem: taski 
  Problem parameters: idi=3718, learner=, teststat=, testtype= 
  Algorithm: forest.splitbias.oob 
  Algorithm parameters:  
  Replication: 46 
  Seed: 10149 
  Problem seed: 168 
Setting seed: 10149
Applying Algorithm forest.splitbias.oob ...
Generating problem taski ...
Result:
List of 3
 $ idi   : int 3718
 $ lrn   : chr [1:3] "randomForest" "oob" ""
 $ result: Named num [1:5] 0.897 0.11 0.162 0.103 0.554
  ..- attr(*, "names")= chr [1:5] "ACC" "BER" "multiclass.brier" "MMCE" ...
NULL
Writing result file: /home/probst/Random_Forest/RFSplitbias/results/Splitbias-files/jobs/49/10149-result.RData
########## Executing jid=10150 ##########
Timestamp: 2016-04-28 16:23:41
Experiment: 
  Problem: taski 
  Problem parameters: idi=3718, learner=, teststat=, testtype= 
  Algorithm: forest.splitbias.oob 
  Algorithm parameters:  
  Replication: 47 
  Seed: 10150 
  Problem seed: 169 
Setting seed: 10150
Applying Algorithm forest.splitbias.oob ...
Generating problem taski ...
Result:
List of 3
 $ idi   : int 3718
 $ lrn   : chr [1:3] "randomForest" "oob" ""
 $ result: Named num [1:5] 0.895 0.111 0.164 0.105 0.548
  ..- attr(*, "names")= chr [1:5] "ACC" "BER" "multiclass.brier" "MMCE" ...
NULL
Writing result file: /home/probst/Random_Forest/RFSplitbias/results/Splitbias-files/jobs/50/10150-result.RData
########## Executing jid=10151 ##########
Timestamp: 2016-04-28 16:23:42
Experiment: 
  Problem: taski 
  Problem parameters: idi=3718, learner=, teststat=, testtype= 
  Algorithm: forest.splitbias.oob 
  Algorithm parameters:  
  Replication: 48 
  Seed: 10151 
  Problem seed: 170 
Setting seed: 10151
Applying Algorithm forest.splitbias.oob ...
Generating problem taski ...
Result:
List of 3
 $ idi   : int 3718
 $ lrn   : chr [1:3] "randomForest" "oob" ""
 $ result: Named num [1:5] 0.895 0.112 0.163 0.105 0.555
  ..- attr(*, "names")= chr [1:5] "ACC" "BER" "multiclass.brier" "MMCE" ...
NULL
Writing result file: /home/probst/Random_Forest/RFSplitbias/results/Splitbias-files/jobs/51/10151-result.RData
########## Executing jid=10152 ##########
Timestamp: 2016-04-28 16:23:43
Experiment: 
  Problem: taski 
  Problem parameters: idi=3718, learner=, teststat=, testtype= 
  Algorithm: forest.splitbias.oob 
  Algorithm parameters:  
  Replication: 49 
  Seed: 10152 
  Problem seed: 171 
Setting seed: 10152
Applying Algorithm forest.splitbias.oob ...
Generating problem taski ...
Result:
List of 3
 $ idi   : int 3718
 $ lrn   : chr [1:3] "randomForest" "oob" ""
 $ result: Named num [1:5] 0.893 0.114 0.166 0.107 0.539
  ..- attr(*, "names")= chr [1:5] "ACC" "BER" "multiclass.brier" "MMCE" ...
NULL
Writing result file: /home/probst/Random_Forest/RFSplitbias/results/Splitbias-files/jobs/52/10152-result.RData
########## Executing jid=10153 ##########
Timestamp: 2016-04-28 16:23:44
Experiment: 
  Problem: taski 
  Problem parameters: idi=3718, learner=, teststat=, testtype= 
  Algorithm: forest.splitbias.oob 
  Algorithm parameters:  
  Replication: 50 
  Seed: 10153 
  Problem seed: 172 
Setting seed: 10153
Applying Algorithm forest.splitbias.oob ...
Generating problem taski ...
Result:
List of 3
 $ idi   : int 3718
 $ lrn   : chr [1:3] "randomForest" "oob" ""
 $ result: Named num [1:5] 0.897 0.11 0.162 0.103 0.54
  ..- attr(*, "names")= chr [1:5] "ACC" "BER" "multiclass.brier" "MMCE" ...
NULL
Writing result file: /home/probst/Random_Forest/RFSplitbias/results/Splitbias-files/jobs/53/10153-result.RData
########## Executing jid=10154 ##########
Timestamp: 2016-04-28 16:23:46
Experiment: 
  Problem: taski 
  Problem parameters: idi=9969, learner=, teststat=, testtype= 
  Algorithm: forest.splitbias.oob 
  Algorithm parameters:  
  Replication: 11 
  Seed: 10154 
  Problem seed: 133 
Setting seed: 10154
Applying Algorithm forest.splitbias.oob ...
Generating problem taski ...
Result:
List of 3
 $ idi   : int 9969
 $ lrn   : chr [1:3] "randomForest" "oob" ""
 $ result: Named num [1:5] 0.845 0.504 0.248 0.155 1
  ..- attr(*, "names")= chr [1:5] "ACC" "BER" "multiclass.brier" "MMCE" ...
NULL
Writing result file: /home/probst/Random_Forest/RFSplitbias/results/Splitbias-files/jobs/54/10154-result.RData
########## Executing jid=10155 ##########
Timestamp: 2016-04-28 16:23:47
Experiment: 
  Problem: taski 
  Problem parameters: idi=9969, learner=, teststat=, testtype= 
  Algorithm: forest.splitbias.oob 
  Algorithm parameters:  
  Replication: 12 
  Seed: 10155 
  Problem seed: 134 
Setting seed: 10155
Applying Algorithm forest.splitbias.oob ...
Generating problem taski ...
Result:
List of 3
 $ idi   : int 9969
 $ lrn   : chr [1:3] "randomForest" "oob" ""
 $ result: Named num [1:5] 0.847 0.502 0.246 0.153 1
  ..- attr(*, "names")= chr [1:5] "ACC" "BER" "multiclass.brier" "MMCE" ...
NULL
Writing result file: /home/probst/Random_Forest/RFSplitbias/results/Splitbias-files/jobs/55/10155-result.RData
########## Executing jid=10156 ##########
Timestamp: 2016-04-28 16:23:48
Experiment: 
  Problem: taski 
  Problem parameters: idi=9969, learner=, teststat=, testtype= 
  Algorithm: forest.splitbias.oob 
  Algorithm parameters:  
  Replication: 13 
  Seed: 10156 
  Problem seed: 135 
Setting seed: 10156
Applying Algorithm forest.splitbias.oob ...
Generating problem taski ...
Result:
List of 3
 $ idi   : int 9969
 $ lrn   : chr [1:3] "randomForest" "oob" ""
 $ result: Named num [1:5] 0.845 0.504 0.249 0.155 1
  ..- attr(*, "names")= chr [1:5] "ACC" "BER" "multiclass.brier" "MMCE" ...
NULL
Writing result file: /home/probst/Random_Forest/RFSplitbias/results/Splitbias-files/jobs/56/10156-result.RData
########## Executing jid=10157 ##########
Timestamp: 2016-04-28 16:23:49
Experiment: 
  Problem: taski 
  Problem parameters: idi=9969, learner=, teststat=, testtype= 
  Algorithm: forest.splitbias.oob 
  Algorithm parameters:  
  Replication: 14 
  Seed: 10157 
  Problem seed: 136 
Setting seed: 10157
Applying Algorithm forest.splitbias.oob ...
Generating problem taski ...
Result:
List of 3
 $ idi   : int 9969
 $ lrn   : chr [1:3] "randomForest" "oob" ""
 $ result: Named num [1:5] 0.845 0.504 0.247 0.155 1
  ..- attr(*, "names")= chr [1:5] "ACC" "BER" "multiclass.brier" "MMCE" ...
NULL
Writing result file: /home/probst/Random_Forest/RFSplitbias/results/Splitbias-files/jobs/57/10157-result.RData
########## Executing jid=10158 ##########
Timestamp: 2016-04-28 16:23:50
Experiment: 
  Problem: taski 
  Problem parameters: idi=9969, learner=, teststat=, testtype= 
  Algorithm: forest.splitbias.oob 
  Algorithm parameters:  
  Replication: 15 
  Seed: 10158 
  Problem seed: 137 
Setting seed: 10158
Applying Algorithm forest.splitbias.oob ...
Generating problem taski ...
Result:
List of 3
 $ idi   : int 9969
 $ lrn   : chr [1:3] "randomForest" "oob" ""
 $ result: Named num [1:5] 0.845 0.504 0.247 0.155 1
  ..- attr(*, "names")= chr [1:5] "ACC" "BER" "multiclass.brier" "MMCE" ...
NULL
Writing result file: /home/probst/Random_Forest/RFSplitbias/results/Splitbias-files/jobs/58/10158-result.RData
########## Executing jid=10159 ##########
Timestamp: 2016-04-28 16:23:51
Experiment: 
  Problem: taski 
  Problem parameters: idi=9969, learner=, teststat=, testtype= 
  Algorithm: forest.splitbias.oob 
  Algorithm parameters:  
  Replication: 16 
  Seed: 10159 
  Problem seed: 138 
Setting seed: 10159
Applying Algorithm forest.splitbias.oob ...
Generating problem taski ...
Result:
List of 3
 $ idi   : int 9969
 $ lrn   : chr [1:3] "randomForest" "oob" ""
 $ result: Named num [1:5] 0.843 0.505 0.249 0.157 1
  ..- attr(*, "names")= chr [1:5] "ACC" "BER" "multiclass.brier" "MMCE" ...
NULL
Writing result file: /home/probst/Random_Forest/RFSplitbias/results/Splitbias-files/jobs/59/10159-result.RData
########## Executing jid=10160 ##########
Timestamp: 2016-04-28 16:23:51
Experiment: 
  Problem: taski 
  Problem parameters: idi=9969, learner=, teststat=, testtype= 
  Algorithm: forest.splitbias.oob 
  Algorithm parameters:  
  Replication: 17 
  Seed: 10160 
  Problem seed: 139 
Setting seed: 10160
Applying Algorithm forest.splitbias.oob ...
Generating problem taski ...
Result:
List of 3
 $ idi   : int 9969
 $ lrn   : chr [1:3] "randomForest" "oob" ""
 $ result: Named num [1:5] 0.845 0.504 0.249 0.155 1
  ..- attr(*, "names")= chr [1:5] "ACC" "BER" "multiclass.brier" "MMCE" ...
NULL
Writing result file: /home/probst/Random_Forest/RFSplitbias/results/Splitbias-files/jobs/60/10160-result.RData
########## Executing jid=10161 ##########
Timestamp: 2016-04-28 16:23:52
Experiment: 
  Problem: taski 
  Problem parameters: idi=9969, learner=, teststat=, testtype= 
  Algorithm: forest.splitbias.oob 
  Algorithm parameters:  
  Replication: 18 
  Seed: 10161 
  Problem seed: 140 
Setting seed: 10161
Applying Algorithm forest.splitbias.oob ...
Generating problem taski ...
Result:
List of 3
 $ idi   : int 9969
 $ lrn   : chr [1:3] "randomForest" "oob" ""
 $ result: Named num [1:5] 0.843 0.505 0.249 0.157 1
  ..- attr(*, "names")= chr [1:5] "ACC" "BER" "multiclass.brier" "MMCE" ...
NULL
Writing result file: /home/probst/Random_Forest/RFSplitbias/results/Splitbias-files/jobs/61/10161-result.RData
########## Executing jid=10162 ##########
Timestamp: 2016-04-28 16:23:53
Experiment: 
  Problem: taski 
  Problem parameters: idi=9969, learner=, teststat=, testtype= 
  Algorithm: forest.splitbias.oob 
  Algorithm parameters:  
  Replication: 19 
  Seed: 10162 
  Problem seed: 141 
Setting seed: 10162
Applying Algorithm forest.splitbias.oob ...
Generating problem taski ...
Result:
List of 3
 $ idi   : int 9969
 $ lrn   : chr [1:3] "randomForest" "oob" ""
 $ result: Named num [1:5] 0.845 0.504 0.247 0.155 1
  ..- attr(*, "names")= chr [1:5] "ACC" "BER" "multiclass.brier" "MMCE" ...
NULL
Writing result file: /home/probst/Random_Forest/RFSplitbias/results/Splitbias-files/jobs/62/10162-result.RData
########## Executing jid=10163 ##########
Timestamp: 2016-04-28 16:23:54
Experiment: 
  Problem: taski 
  Problem parameters: idi=9969, learner=, teststat=, testtype= 
  Algorithm: forest.splitbias.oob 
  Algorithm parameters:  
  Replication: 20 
  Seed: 10163 
  Problem seed: 142 
Setting seed: 10163
Applying Algorithm forest.splitbias.oob ...
Generating problem taski ...
Result:
List of 3
 $ idi   : int 9969
 $ lrn   : chr [1:3] "randomForest" "oob" ""
 $ result: Named num [1:5] 0.845 0.504 0.247 0.155 1
  ..- attr(*, "names")= chr [1:5] "ACC" "BER" "multiclass.brier" "MMCE" ...
NULL
Writing result file: /home/probst/Random_Forest/RFSplitbias/results/Splitbias-files/jobs/63/10163-result.RData
########## Executing jid=10164 ##########
Timestamp: 2016-04-28 16:23:55
Experiment: 
  Problem: taski 
  Problem parameters: idi=9969, learner=, teststat=, testtype= 
  Algorithm: forest.splitbias.oob 
  Algorithm parameters:  
  Replication: 21 
  Seed: 10164 
  Problem seed: 143 
Setting seed: 10164
Applying Algorithm forest.splitbias.oob ...
Generating problem taski ...
Result:
List of 3
 $ idi   : int 9969
 $ lrn   : chr [1:3] "randomForest" "oob" ""
 $ result: Named num [1:5] 0.845 0.504 0.248 0.155 1
  ..- attr(*, "names")= chr [1:5] "ACC" "BER" "multiclass.brier" "MMCE" ...
NULL
Writing result file: /home/probst/Random_Forest/RFSplitbias/results/Splitbias-files/jobs/64/10164-result.RData
########## Executing jid=10165 ##########
Timestamp: 2016-04-28 16:23:56
Experiment: 
  Problem: taski 
  Problem parameters: idi=9969, learner=, teststat=, testtype= 
  Algorithm: forest.splitbias.oob 
  Algorithm parameters:  
  Replication: 22 
  Seed: 10165 
  Problem seed: 144 
Setting seed: 10165
Applying Algorithm forest.splitbias.oob ...
Generating problem taski ...
Result:
List of 3
 $ idi   : int 9969
 $ lrn   : chr [1:3] "randomForest" "oob" ""
 $ result: Named num [1:5] 0.847 0.502 0.251 0.153 1
  ..- attr(*, "names")= chr [1:5] "ACC" "BER" "multiclass.brier" "MMCE" ...
NULL
Writing result file: /home/probst/Random_Forest/RFSplitbias/results/Splitbias-files/jobs/65/10165-result.RData
########## Executing jid=10166 ##########
Timestamp: 2016-04-28 16:23:57
Experiment: 
  Problem: taski 
  Problem parameters: idi=9969, learner=, teststat=, testtype= 
  Algorithm: forest.splitbias.oob 
  Algorithm parameters:  
  Replication: 23 
  Seed: 10166 
  Problem seed: 145 
Setting seed: 10166
Applying Algorithm forest.splitbias.oob ...
Generating problem taski ...
Result:
List of 3
 $ idi   : int 9969
 $ lrn   : chr [1:3] "randomForest" "oob" ""
 $ result: Named num [1:5] 0.845 0.504 0.249 0.155 1
  ..- attr(*, "names")= chr [1:5] "ACC" "BER" "multiclass.brier" "MMCE" ...
NULL
Writing result file: /home/probst/Random_Forest/RFSplitbias/results/Splitbias-files/jobs/66/10166-result.RData
########## Executing jid=10167 ##########
Timestamp: 2016-04-28 16:23:58
Experiment: 
  Problem: taski 
  Problem parameters: idi=9969, learner=, teststat=, testtype= 
  Algorithm: forest.splitbias.oob 
  Algorithm parameters:  
  Replication: 24 
  Seed: 10167 
  Problem seed: 146 
Setting seed: 10167
Applying Algorithm forest.splitbias.oob ...
Generating problem taski ...
Result:
List of 3
 $ idi   : int 9969
 $ lrn   : chr [1:3] "randomForest" "oob" ""
 $ result: Named num [1:5] 0.847 0.502 0.248 0.153 1
  ..- attr(*, "names")= chr [1:5] "ACC" "BER" "multiclass.brier" "MMCE" ...
NULL
Writing result file: /home/probst/Random_Forest/RFSplitbias/results/Splitbias-files/jobs/67/10167-result.RData
########## Executing jid=10168 ##########
Timestamp: 2016-04-28 16:23:59
Experiment: 
  Problem: taski 
  Problem parameters: idi=9969, learner=, teststat=, testtype= 
  Algorithm: forest.splitbias.oob 
  Algorithm parameters:  
  Replication: 25 
  Seed: 10168 
  Problem seed: 147 
Setting seed: 10168
Applying Algorithm forest.splitbias.oob ...
Generating problem taski ...
Result:
List of 3
 $ idi   : int 9969
 $ lrn   : chr [1:3] "randomForest" "oob" ""
 $ result: Named num [1:5] 0.847 0.502 0.249 0.153 1
  ..- attr(*, "names")= chr [1:5] "ACC" "BER" "multiclass.brier" "MMCE" ...
NULL
Writing result file: /home/probst/Random_Forest/RFSplitbias/results/Splitbias-files/jobs/68/10168-result.RData
########## Executing jid=10169 ##########
Timestamp: 2016-04-28 16:24:00
Experiment: 
  Problem: taski 
  Problem parameters: idi=9969, learner=, teststat=, testtype= 
  Algorithm: forest.splitbias.oob 
  Algorithm parameters:  
  Replication: 26 
  Seed: 10169 
  Problem seed: 148 
Setting seed: 10169
Applying Algorithm forest.splitbias.oob ...
Generating problem taski ...
Result:
List of 3
 $ idi   : int 9969
 $ lrn   : chr [1:3] "randomForest" "oob" ""
 $ result: Named num [1:5] 0.845 0.504 0.249 0.155 1
  ..- attr(*, "names")= chr [1:5] "ACC" "BER" "multiclass.brier" "MMCE" ...
NULL
Writing result file: /home/probst/Random_Forest/RFSplitbias/results/Splitbias-files/jobs/69/10169-result.RData
########## Executing jid=10170 ##########
Timestamp: 2016-04-28 16:24:01
Experiment: 
  Problem: taski 
  Problem parameters: idi=9969, learner=, teststat=, testtype= 
  Algorithm: forest.splitbias.oob 
  Algorithm parameters:  
  Replication: 27 
  Seed: 10170 
  Problem seed: 149 
Setting seed: 10170
Applying Algorithm forest.splitbias.oob ...
Generating problem taski ...
Result:
List of 3
 $ idi   : int 9969
 $ lrn   : chr [1:3] "randomForest" "oob" ""
 $ result: Named num [1:5] 0.843 0.505 0.249 0.157 1
  ..- attr(*, "names")= chr [1:5] "ACC" "BER" "multiclass.brier" "MMCE" ...
NULL
Writing result file: /home/probst/Random_Forest/RFSplitbias/results/Splitbias-files/jobs/70/10170-result.RData
########## Executing jid=10171 ##########
Timestamp: 2016-04-28 16:24:02
Experiment: 
  Problem: taski 
  Problem parameters: idi=9969, learner=, teststat=, testtype= 
  Algorithm: forest.splitbias.oob 
  Algorithm parameters:  
  Replication: 28 
  Seed: 10171 
  Problem seed: 150 
Setting seed: 10171
Applying Algorithm forest.splitbias.oob ...
Generating problem taski ...
Result:
List of 3
 $ idi   : int 9969
 $ lrn   : chr [1:3] "randomForest" "oob" ""
 $ result: Named num [1:5] 0.847 0.502 0.248 0.153 1
  ..- attr(*, "names")= chr [1:5] "ACC" "BER" "multiclass.brier" "MMCE" ...
NULL
Writing result file: /home/probst/Random_Forest/RFSplitbias/results/Splitbias-files/jobs/71/10171-result.RData
########## Executing jid=10172 ##########
Timestamp: 2016-04-28 16:24:03
Experiment: 
  Problem: taski 
  Problem parameters: idi=9969, learner=, teststat=, testtype= 
  Algorithm: forest.splitbias.oob 
  Algorithm parameters:  
  Replication: 29 
  Seed: 10172 
  Problem seed: 151 
Setting seed: 10172
Applying Algorithm forest.splitbias.oob ...
Generating problem taski ...
Result:
List of 3
 $ idi   : int 9969
 $ lrn   : chr [1:3] "randomForest" "oob" ""
 $ result: Named num [1:5] 0.847 0.502 0.249 0.153 1
  ..- attr(*, "names")= chr [1:5] "ACC" "BER" "multiclass.brier" "MMCE" ...
NULL
Writing result file: /home/probst/Random_Forest/RFSplitbias/results/Splitbias-files/jobs/72/10172-result.RData
########## Executing jid=10173 ##########
Timestamp: 2016-04-28 16:24:04
Experiment: 
  Problem: taski 
  Problem parameters: idi=9969, learner=, teststat=, testtype= 
  Algorithm: forest.splitbias.oob 
  Algorithm parameters:  
  Replication: 30 
  Seed: 10173 
  Problem seed: 152 
Setting seed: 10173
Applying Algorithm forest.splitbias.oob ...
Generating problem taski ...
Result:
List of 3
 $ idi   : int 9969
 $ lrn   : chr [1:3] "randomForest" "oob" ""
 $ result: Named num [1:5] 0.847 0.502 0.248 0.153 1
  ..- attr(*, "names")= chr [1:5] "ACC" "BER" "multiclass.brier" "MMCE" ...
NULL
Writing result file: /home/probst/Random_Forest/RFSplitbias/results/Splitbias-files/jobs/73/10173-result.RData
########## Executing jid=10174 ##########
Timestamp: 2016-04-28 16:24:05
Experiment: 
  Problem: taski 
  Problem parameters: idi=9969, learner=, teststat=, testtype= 
  Algorithm: forest.splitbias.oob 
  Algorithm parameters:  
  Replication: 31 
  Seed: 10174 
  Problem seed: 153 
Setting seed: 10174
Applying Algorithm forest.splitbias.oob ...
Generating problem taski ...
Result:
List of 3
 $ idi   : int 9969
 $ lrn   : chr [1:3] "randomForest" "oob" ""
 $ result: Named num [1:5] 0.847 0.502 0.246 0.153 1
  ..- attr(*, "names")= chr [1:5] "ACC" "BER" "multiclass.brier" "MMCE" ...
NULL
Writing result file: /home/probst/Random_Forest/RFSplitbias/results/Splitbias-files/jobs/74/10174-result.RData
########## Executing jid=10175 ##########
Timestamp: 2016-04-28 16:24:06
Experiment: 
  Problem: taski 
  Problem parameters: idi=9969, learner=, teststat=, testtype= 
  Algorithm: forest.splitbias.oob 
  Algorithm parameters:  
  Replication: 32 
  Seed: 10175 
  Problem seed: 154 
Setting seed: 10175
Applying Algorithm forest.splitbias.oob ...
Generating problem taski ...
Result:
List of 3
 $ idi   : int 9969
 $ lrn   : chr [1:3] "randomForest" "oob" ""
 $ result: Named num [1:5] 0.845 0.504 0.249 0.155 1
  ..- attr(*, "names")= chr [1:5] "ACC" "BER" "multiclass.brier" "MMCE" ...
NULL
Writing result file: /home/probst/Random_Forest/RFSplitbias/results/Splitbias-files/jobs/75/10175-result.RData
########## Executing jid=10176 ##########
Timestamp: 2016-04-28 16:24:07
Experiment: 
  Problem: taski 
  Problem parameters: idi=9969, learner=, teststat=, testtype= 
  Algorithm: forest.splitbias.oob 
  Algorithm parameters:  
  Replication: 33 
  Seed: 10176 
  Problem seed: 155 
Setting seed: 10176
Applying Algorithm forest.splitbias.oob ...
Generating problem taski ...
Result:
List of 3
 $ idi   : int 9969
 $ lrn   : chr [1:3] "randomForest" "oob" ""
 $ result: Named num [1:5] 0.843 0.505 0.246 0.157 1
  ..- attr(*, "names")= chr [1:5] "ACC" "BER" "multiclass.brier" "MMCE" ...
NULL
Writing result file: /home/probst/Random_Forest/RFSplitbias/results/Splitbias-files/jobs/76/10176-result.RData
########## Executing jid=10177 ##########
Timestamp: 2016-04-28 16:24:08
Experiment: 
  Problem: taski 
  Problem parameters: idi=9969, learner=, teststat=, testtype= 
  Algorithm: forest.splitbias.oob 
  Algorithm parameters:  
  Replication: 34 
  Seed: 10177 
  Problem seed: 156 
Setting seed: 10177
Applying Algorithm forest.splitbias.oob ...
Generating problem taski ...
Result:
List of 3
 $ idi   : int 9969
 $ lrn   : chr [1:3] "randomForest" "oob" ""
 $ result: Named num [1:5] 0.847 0.502 0.248 0.153 1
  ..- attr(*, "names")= chr [1:5] "ACC" "BER" "multiclass.brier" "MMCE" ...
NULL
Writing result file: /home/probst/Random_Forest/RFSplitbias/results/Splitbias-files/jobs/77/10177-result.RData
########## Executing jid=10178 ##########
Timestamp: 2016-04-28 16:24:09
Experiment: 
  Problem: taski 
  Problem parameters: idi=9969, learner=, teststat=, testtype= 
  Algorithm: forest.splitbias.oob 
  Algorithm parameters:  
  Replication: 35 
  Seed: 10178 
  Problem seed: 157 
Setting seed: 10178
Applying Algorithm forest.splitbias.oob ...
Generating problem taski ...
Result:
List of 3
 $ idi   : int 9969
 $ lrn   : chr [1:3] "randomForest" "oob" ""
 $ result: Named num [1:5] 0.843 0.505 0.251 0.157 1
  ..- attr(*, "names")= chr [1:5] "ACC" "BER" "multiclass.brier" "MMCE" ...
NULL
Writing result file: /home/probst/Random_Forest/RFSplitbias/results/Splitbias-files/jobs/78/10178-result.RData
########## Executing jid=10179 ##########
Timestamp: 2016-04-28 16:24:09
Experiment: 
  Problem: taski 
  Problem parameters: idi=9969, learner=, teststat=, testtype= 
  Algorithm: forest.splitbias.oob 
  Algorithm parameters:  
  Replication: 36 
  Seed: 10179 
  Problem seed: 158 
Setting seed: 10179
Applying Algorithm forest.splitbias.oob ...
Generating problem taski ...
Result:
List of 3
 $ idi   : int 9969
 $ lrn   : chr [1:3] "randomForest" "oob" ""
 $ result: Named num [1:5] 0.845 0.504 0.249 0.155 1
  ..- attr(*, "names")= chr [1:5] "ACC" "BER" "multiclass.brier" "MMCE" ...
NULL
Writing result file: /home/probst/Random_Forest/RFSplitbias/results/Splitbias-files/jobs/79/10179-result.RData
########## Executing jid=10180 ##########
Timestamp: 2016-04-28 16:24:10
Experiment: 
  Problem: taski 
  Problem parameters: idi=9969, learner=, teststat=, testtype= 
  Algorithm: forest.splitbias.oob 
  Algorithm parameters:  
  Replication: 37 
  Seed: 10180 
  Problem seed: 159 
Setting seed: 10180
Applying Algorithm forest.splitbias.oob ...
Generating problem taski ...
Result:
List of 3
 $ idi   : int 9969
 $ lrn   : chr [1:3] "randomForest" "oob" ""
 $ result: Named num [1:5] 0.845 0.504 0.248 0.155 1
  ..- attr(*, "names")= chr [1:5] "ACC" "BER" "multiclass.brier" "MMCE" ...
NULL
Writing result file: /home/probst/Random_Forest/RFSplitbias/results/Splitbias-files/jobs/80/10180-result.RData
########## Executing jid=10181 ##########
Timestamp: 2016-04-28 16:24:11
Experiment: 
  Problem: taski 
  Problem parameters: idi=9969, learner=, teststat=, testtype= 
  Algorithm: forest.splitbias.oob 
  Algorithm parameters:  
  Replication: 38 
  Seed: 10181 
  Problem seed: 160 
Setting seed: 10181
Applying Algorithm forest.splitbias.oob ...
Generating problem taski ...
Result:
List of 3
 $ idi   : int 9969
 $ lrn   : chr [1:3] "randomForest" "oob" ""
 $ result: Named num [1:5] 0.845 0.504 0.247 0.155 1
  ..- attr(*, "names")= chr [1:5] "ACC" "BER" "multiclass.brier" "MMCE" ...
NULL
Writing result file: /home/probst/Random_Forest/RFSplitbias/results/Splitbias-files/jobs/81/10181-result.RData
########## Executing jid=10182 ##########
Timestamp: 2016-04-28 16:24:12
Experiment: 
  Problem: taski 
  Problem parameters: idi=9969, learner=, teststat=, testtype= 
  Algorithm: forest.splitbias.oob 
  Algorithm parameters:  
  Replication: 39 
  Seed: 10182 
  Problem seed: 161 
Setting seed: 10182
Applying Algorithm forest.splitbias.oob ...
Generating problem taski ...
Result:
List of 3
 $ idi   : int 9969
 $ lrn   : chr [1:3] "randomForest" "oob" ""
 $ result: Named num [1:5] 0.845 0.504 0.249 0.155 1
  ..- attr(*, "names")= chr [1:5] "ACC" "BER" "multiclass.brier" "MMCE" ...
NULL
Writing result file: /home/probst/Random_Forest/RFSplitbias/results/Splitbias-files/jobs/82/10182-result.RData
########## Executing jid=10183 ##########
Timestamp: 2016-04-28 16:24:13
Experiment: 
  Problem: taski 
  Problem parameters: idi=9969, learner=, teststat=, testtype= 
  Algorithm: forest.splitbias.oob 
  Algorithm parameters:  
  Replication: 40 
  Seed: 10183 
  Problem seed: 162 
Setting seed: 10183
Applying Algorithm forest.splitbias.oob ...
Generating problem taski ...
Result:
List of 3
 $ idi   : int 9969
 $ lrn   : chr [1:3] "randomForest" "oob" ""
 $ result: Named num [1:5] 0.843 0.505 0.25 0.157 1
  ..- attr(*, "names")= chr [1:5] "ACC" "BER" "multiclass.brier" "MMCE" ...
NULL
Writing result file: /home/probst/Random_Forest/RFSplitbias/results/Splitbias-files/jobs/83/10183-result.RData
########## Executing jid=10184 ##########
Timestamp: 2016-04-28 16:24:14
Experiment: 
  Problem: taski 
  Problem parameters: idi=9969, learner=, teststat=, testtype= 
  Algorithm: forest.splitbias.oob 
  Algorithm parameters:  
  Replication: 41 
  Seed: 10184 
  Problem seed: 163 
Setting seed: 10184
Applying Algorithm forest.splitbias.oob ...
Generating problem taski ...
Result:
List of 3
 $ idi   : int 9969
 $ lrn   : chr [1:3] "randomForest" "oob" ""
 $ result: Named num [1:5] 0.845 0.504 0.248 0.155 1
  ..- attr(*, "names")= chr [1:5] "ACC" "BER" "multiclass.brier" "MMCE" ...
NULL
Writing result file: /home/probst/Random_Forest/RFSplitbias/results/Splitbias-files/jobs/84/10184-result.RData
########## Executing jid=10185 ##########
Timestamp: 2016-04-28 16:24:15
Experiment: 
  Problem: taski 
  Problem parameters: idi=9969, learner=, teststat=, testtype= 
  Algorithm: forest.splitbias.oob 
  Algorithm parameters:  
  Replication: 42 
  Seed: 10185 
  Problem seed: 164 
Setting seed: 10185
Applying Algorithm forest.splitbias.oob ...
Generating problem taski ...
Result:
List of 3
 $ idi   : int 9969
 $ lrn   : chr [1:3] "randomForest" "oob" ""
 $ result: Named num [1:5] 0.843 0.505 0.247 0.157 1
  ..- attr(*, "names")= chr [1:5] "ACC" "BER" "multiclass.brier" "MMCE" ...
NULL
Writing result file: /home/probst/Random_Forest/RFSplitbias/results/Splitbias-files/jobs/85/10185-result.RData
########## Executing jid=10186 ##########
Timestamp: 2016-04-28 16:24:16
Experiment: 
  Problem: taski 
  Problem parameters: idi=9969, learner=, teststat=, testtype= 
  Algorithm: forest.splitbias.oob 
  Algorithm parameters:  
  Replication: 43 
  Seed: 10186 
  Problem seed: 165 
Setting seed: 10186
Applying Algorithm forest.splitbias.oob ...
Generating problem taski ...
Result:
List of 3
 $ idi   : int 9969
 $ lrn   : chr [1:3] "randomForest" "oob" ""
 $ result: Named num [1:5] 0.845 0.504 0.248 0.155 1
  ..- attr(*, "names")= chr [1:5] "ACC" "BER" "multiclass.brier" "MMCE" ...
NULL
Writing result file: /home/probst/Random_Forest/RFSplitbias/results/Splitbias-files/jobs/86/10186-result.RData
########## Executing jid=10187 ##########
Timestamp: 2016-04-28 16:24:17
Experiment: 
  Problem: taski 
  Problem parameters: idi=9969, learner=, teststat=, testtype= 
  Algorithm: forest.splitbias.oob 
  Algorithm parameters:  
  Replication: 44 
  Seed: 10187 
  Problem seed: 166 
Setting seed: 10187
Applying Algorithm forest.splitbias.oob ...
Generating problem taski ...
Result:
List of 3
 $ idi   : int 9969
 $ lrn   : chr [1:3] "randomForest" "oob" ""
 $ result: Named num [1:5] 0.843 0.505 0.249 0.157 1
  ..- attr(*, "names")= chr [1:5] "ACC" "BER" "multiclass.brier" "MMCE" ...
NULL
Writing result file: /home/probst/Random_Forest/RFSplitbias/results/Splitbias-files/jobs/87/10187-result.RData
########## Executing jid=10188 ##########
Timestamp: 2016-04-28 16:24:18
Experiment: 
  Problem: taski 
  Problem parameters: idi=9969, learner=, teststat=, testtype= 
  Algorithm: forest.splitbias.oob 
  Algorithm parameters:  
  Replication: 45 
  Seed: 10188 
  Problem seed: 167 
Setting seed: 10188
Applying Algorithm forest.splitbias.oob ...
Generating problem taski ...
Result:
List of 3
 $ idi   : int 9969
 $ lrn   : chr [1:3] "randomForest" "oob" ""
 $ result: Named num [1:5] 0.845 0.504 0.247 0.155 1
  ..- attr(*, "names")= chr [1:5] "ACC" "BER" "multiclass.brier" "MMCE" ...
NULL
Writing result file: /home/probst/Random_Forest/RFSplitbias/results/Splitbias-files/jobs/88/10188-result.RData
########## Executing jid=10189 ##########
Timestamp: 2016-04-28 16:24:19
Experiment: 
  Problem: taski 
  Problem parameters: idi=9969, learner=, teststat=, testtype= 
  Algorithm: forest.splitbias.oob 
  Algorithm parameters:  
  Replication: 46 
  Seed: 10189 
  Problem seed: 168 
Setting seed: 10189
Applying Algorithm forest.splitbias.oob ...
Generating problem taski ...
Result:
List of 3
 $ idi   : int 9969
 $ lrn   : chr [1:3] "randomForest" "oob" ""
 $ result: Named num [1:5] 0.847 0.502 0.249 0.153 1
  ..- attr(*, "names")= chr [1:5] "ACC" "BER" "multiclass.brier" "MMCE" ...
NULL
Writing result file: /home/probst/Random_Forest/RFSplitbias/results/Splitbias-files/jobs/89/10189-result.RData
########## Executing jid=10190 ##########
Timestamp: 2016-04-28 16:24:20
Experiment: 
  Problem: taski 
  Problem parameters: idi=9969, learner=, teststat=, testtype= 
  Algorithm: forest.splitbias.oob 
  Algorithm parameters:  
  Replication: 47 
  Seed: 10190 
  Problem seed: 169 
Setting seed: 10190
Applying Algorithm forest.splitbias.oob ...
Generating problem taski ...
Result:
List of 3
 $ idi   : int 9969
 $ lrn   : chr [1:3] "randomForest" "oob" ""
 $ result: Named num [1:5] 0.845 0.504 0.249 0.155 1
  ..- attr(*, "names")= chr [1:5] "ACC" "BER" "multiclass.brier" "MMCE" ...
NULL
Writing result file: /home/probst/Random_Forest/RFSplitbias/results/Splitbias-files/jobs/90/10190-result.RData
########## Executing jid=10191 ##########
Timestamp: 2016-04-28 16:24:21
Experiment: 
  Problem: taski 
  Problem parameters: idi=9969, learner=, teststat=, testtype= 
  Algorithm: forest.splitbias.oob 
  Algorithm parameters:  
  Replication: 48 
  Seed: 10191 
  Problem seed: 170 
Setting seed: 10191
Applying Algorithm forest.splitbias.oob ...
Generating problem taski ...
Result:
List of 3
 $ idi   : int 9969
 $ lrn   : chr [1:3] "randomForest" "oob" ""
 $ result: Named num [1:5] 0.847 0.502 0.248 0.153 1
  ..- attr(*, "names")= chr [1:5] "ACC" "BER" "multiclass.brier" "MMCE" ...
NULL
Writing result file: /home/probst/Random_Forest/RFSplitbias/results/Splitbias-files/jobs/91/10191-result.RData
########## Executing jid=10192 ##########
Timestamp: 2016-04-28 16:24:22
Experiment: 
  Problem: taski 
  Problem parameters: idi=9969, learner=, teststat=, testtype= 
  Algorithm: forest.splitbias.oob 
  Algorithm parameters:  
  Replication: 49 
  Seed: 10192 
  Problem seed: 171 
Setting seed: 10192
Applying Algorithm forest.splitbias.oob ...
Generating problem taski ...
Result:
List of 3
 $ idi   : int 9969
 $ lrn   : chr [1:3] "randomForest" "oob" ""
 $ result: Named num [1:5] 0.845 0.504 0.248 0.155 1
  ..- attr(*, "names")= chr [1:5] "ACC" "BER" "multiclass.brier" "MMCE" ...
NULL
Writing result file: /home/probst/Random_Forest/RFSplitbias/results/Splitbias-files/jobs/92/10192-result.RData
########## Executing jid=10193 ##########
Timestamp: 2016-04-28 16:24:23
Experiment: 
  Problem: taski 
  Problem parameters: idi=9969, learner=, teststat=, testtype= 
  Algorithm: forest.splitbias.oob 
  Algorithm parameters:  
  Replication: 50 
  Seed: 10193 
  Problem seed: 172 
Setting seed: 10193
Applying Algorithm forest.splitbias.oob ...
Generating problem taski ...
Result:
List of 3
 $ idi   : int 9969
 $ lrn   : chr [1:3] "randomForest" "oob" ""
 $ result: Named num [1:5] 0.845 0.504 0.247 0.155 1
  ..- attr(*, "names")= chr [1:5] "ACC" "BER" "multiclass.brier" "MMCE" ...
NULL
Writing result file: /home/probst/Random_Forest/RFSplitbias/results/Splitbias-files/jobs/93/10193-result.RData
########## Executing jid=10194 ##########
Timestamp: 2016-04-28 16:24:24
Experiment: 
  Problem: taski 
  Problem parameters: idi=9934, learner=, teststat=, testtype= 
  Algorithm: forest.splitbias.oob 
  Algorithm parameters:  
  Replication: 11 
  Seed: 10194 
  Problem seed: 133 
Setting seed: 10194
Applying Algorithm forest.splitbias.oob ...
Generating problem taski ...
Result:
List of 3
 $ idi   : int 9934
 $ lrn   : chr [1:3] "randomForest" "oob" ""
 $ result: Named num [1:5] 0.841 0.158 0.24 0.159 0.732
  ..- attr(*, "names")= chr [1:5] "ACC" "BER" "multiclass.brier" "MMCE" ...
NULL
Writing result file: /home/probst/Random_Forest/RFSplitbias/results/Splitbias-files/jobs/94/10194-result.RData
########## Executing jid=10195 ##########
Timestamp: 2016-04-28 16:24:25
Experiment: 
  Problem: taski 
  Problem parameters: idi=9934, learner=, teststat=, testtype= 
  Algorithm: forest.splitbias.oob 
  Algorithm parameters:  
  Replication: 12 
  Seed: 10195 
  Problem seed: 134 
Setting seed: 10195
Applying Algorithm forest.splitbias.oob ...
Generating problem taski ...
Result:
List of 3
 $ idi   : int 9934
 $ lrn   : chr [1:3] "randomForest" "oob" ""
 $ result: Named num [1:5] 0.864 0.143 0.246 0.136 0.734
  ..- attr(*, "names")= chr [1:5] "ACC" "BER" "multiclass.brier" "MMCE" ...
NULL
Writing result file: /home/probst/Random_Forest/RFSplitbias/results/Splitbias-files/jobs/95/10195-result.RData
########## Executing jid=10196 ##########
Timestamp: 2016-04-28 16:24:26
Experiment: 
  Problem: taski 
  Problem parameters: idi=9934, learner=, teststat=, testtype= 
  Algorithm: forest.splitbias.oob 
  Algorithm parameters:  
  Replication: 13 
  Seed: 10196 
  Problem seed: 135 
Setting seed: 10196
Applying Algorithm forest.splitbias.oob ...
Generating problem taski ...
Result:
List of 3
 $ idi   : int 9934
 $ lrn   : chr [1:3] "randomForest" "oob" ""
 $ result: Named num [1:5] 0.864 0.136 0.239 0.136 0.736
  ..- attr(*, "names")= chr [1:5] "ACC" "BER" "multiclass.brier" "MMCE" ...
NULL
Writing result file: /home/probst/Random_Forest/RFSplitbias/results/Splitbias-files/jobs/96/10196-result.RData
########## Executing jid=10197 ##########
Timestamp: 2016-04-28 16:24:27
Experiment: 
  Problem: taski 
  Problem parameters: idi=9934, learner=, teststat=, testtype= 
  Algorithm: forest.splitbias.oob 
  Algorithm parameters:  
  Replication: 14 
  Seed: 10197 
  Problem seed: 136 
Setting seed: 10197
Applying Algorithm forest.splitbias.oob ...
Generating problem taski ...
Result:
List of 3
 $ idi   : int 9934
 $ lrn   : chr [1:3] "randomForest" "oob" ""
 $ result: Named num [1:5] 0.886 0.121 0.237 0.114 0.722
  ..- attr(*, "names")= chr [1:5] "ACC" "BER" "multiclass.brier" "MMCE" ...
NULL
Writing result file: /home/probst/Random_Forest/RFSplitbias/results/Splitbias-files/jobs/97/10197-result.RData
########## Executing jid=10198 ##########
Timestamp: 2016-04-28 16:24:28
Experiment: 
  Problem: taski 
  Problem parameters: idi=9934, learner=, teststat=, testtype= 
  Algorithm: forest.splitbias.oob 
  Algorithm parameters:  
  Replication: 15 
  Seed: 10198 
  Problem seed: 137 
Setting seed: 10198
Applying Algorithm forest.splitbias.oob ...
Generating problem taski ...
Result:
List of 3
 $ idi   : int 9934
 $ lrn   : chr [1:3] "randomForest" "oob" ""
 $ result: Named num [1:5] 0.864 0.143 0.243 0.136 0.743
  ..- attr(*, "names")= chr [1:5] "ACC" "BER" "multiclass.brier" "MMCE" ...
NULL
Writing result file: /home/probst/Random_Forest/RFSplitbias/results/Splitbias-files/jobs/98/10198-result.RData
########## Executing jid=10199 ##########
Timestamp: 2016-04-28 16:24:29
Experiment: 
  Problem: taski 
  Problem parameters: idi=9934, learner=, teststat=, testtype= 
  Algorithm: forest.splitbias.oob 
  Algorithm parameters:  
  Replication: 16 
  Seed: 10199 
  Problem seed: 138 
Setting seed: 10199
Applying Algorithm forest.splitbias.oob ...
Generating problem taski ...
Result:
List of 3
 $ idi   : int 9934
 $ lrn   : chr [1:3] "randomForest" "oob" ""
 $ result: Named num [1:5] 0.886 0.121 0.239 0.114 0.737
  ..- attr(*, "names")= chr [1:5] "ACC" "BER" "multiclass.brier" "MMCE" ...
NULL
Writing result file: /home/probst/Random_Forest/RFSplitbias/results/Splitbias-files/jobs/99/10199-result.RData
########## Executing jid=10200 ##########
Timestamp: 2016-04-28 16:24:30
Experiment: 
  Problem: taski 
  Problem parameters: idi=9934, learner=, teststat=, testtype= 
  Algorithm: forest.splitbias.oob 
  Algorithm parameters:  
  Replication: 17 
  Seed: 10200 
  Problem seed: 139 
Setting seed: 10200
Applying Algorithm forest.splitbias.oob ...
Generating problem taski ...
Result:
List of 3
 $ idi   : int 9934
 $ lrn   : chr [1:3] "randomForest" "oob" ""
 $ result: Named num [1:5] 0.864 0.143 0.247 0.136 0.734
  ..- attr(*, "names")= chr [1:5] "ACC" "BER" "multiclass.brier" "MMCE" ...
NULL
Writing result file: /home/probst/Random_Forest/RFSplitbias/results/Splitbias-files/jobs/00/10200-result.RData
########## Executing jid=10201 ##########
Timestamp: 2016-04-28 16:24:31
Experiment: 
  Problem: taski 
  Problem parameters: idi=9934, learner=, teststat=, testtype= 
  Algorithm: forest.splitbias.oob 
  Algorithm parameters:  
  Replication: 18 
  Seed: 10201 
  Problem seed: 140 
Setting seed: 10201
Applying Algorithm forest.splitbias.oob ...
Generating problem taski ...
Result:
List of 3
 $ idi   : int 9934
 $ lrn   : chr [1:3] "randomForest" "oob" ""
 $ result: Named num [1:5] 0.875 0.136 0.238 0.125 0.722
  ..- attr(*, "names")= chr [1:5] "ACC" "BER" "multiclass.brier" "MMCE" ...
NULL
Writing result file: /home/probst/Random_Forest/RFSplitbias/results/Splitbias-files/jobs/01/10201-result.RData
########## Executing jid=10202 ##########
Timestamp: 2016-04-28 16:24:31
Experiment: 
  Problem: taski 
  Problem parameters: idi=9934, learner=, teststat=, testtype= 
  Algorithm: forest.splitbias.oob 
  Algorithm parameters:  
  Replication: 19 
  Seed: 10202 
  Problem seed: 141 
Setting seed: 10202
Applying Algorithm forest.splitbias.oob ...
Generating problem taski ...
Result:
List of 3
 $ idi   : int 9934
 $ lrn   : chr [1:3] "randomForest" "oob" ""
 $ result: Named num [1:5] 0.864 0.143 0.244 0.136 0.723
  ..- attr(*, "names")= chr [1:5] "ACC" "BER" "multiclass.brier" "MMCE" ...
NULL
Writing result file: /home/probst/Random_Forest/RFSplitbias/results/Splitbias-files/jobs/02/10202-result.RData
########## Executing jid=10203 ##########
Timestamp: 2016-04-28 16:24:32
Experiment: 
  Problem: taski 
  Problem parameters: idi=9934, learner=, teststat=, testtype= 
  Algorithm: forest.splitbias.oob 
  Algorithm parameters:  
  Replication: 20 
  Seed: 10203 
  Problem seed: 142 
Setting seed: 10203
Applying Algorithm forest.splitbias.oob ...
Generating problem taski ...
Result:
List of 3
 $ idi   : int 9934
 $ lrn   : chr [1:3] "randomForest" "oob" ""
 $ result: Named num [1:5] 0.864 0.143 0.243 0.136 0.73
  ..- attr(*, "names")= chr [1:5] "ACC" "BER" "multiclass.brier" "MMCE" ...
NULL
Writing result file: /home/probst/Random_Forest/RFSplitbias/results/Splitbias-files/jobs/03/10203-result.RData
2016-04-28 16:24:33: All done.
Setting work back to: /nfsmb/koll/probst/Random_Forest/RFSplitbias/results
Memory usage according to gc:
          used  (Mb) gc trigger  (Mb) max used  (Mb)
Ncells 1913290 102.2    3205452 171.2  2506200 133.9
Vcells 4659461  35.6   13264144 101.2  6140959  46.9
