Loading registry: /home/probst/Random_Forest/RFSplitbias/results/Splitbias-files/registry.RData
Loading conf: 
2016-04-28 16:24:33: Starting job on node lin65.
Auto-mailer settings: start=none, done=none, error=none.
Setting work dir: /nfsmb/koll/probst/Random_Forest/RFSplitbias/results
########## Executing jid=10204 ##########
Timestamp: 2016-04-28 16:24:33
Experiment: 
  Problem: taski 
  Problem parameters: idi=9934, learner=, teststat=, testtype= 
  Algorithm: forest.splitbias.oob 
  Algorithm parameters:  
  Replication: 21 
  Seed: 10204 
  Problem seed: 143 
Setting seed: 10204
Applying Algorithm forest.splitbias.oob ...
Generating problem taski ...
Result:
List of 3
 $ idi   : int 9934
 $ lrn   : chr [1:3] "randomForest" "oob" ""
 $ result: Named num [1:5] 0.852 0.143 0.244 0.148 0.732
  ..- attr(*, "names")= chr [1:5] "ACC" "BER" "multiclass.brier" "MMCE" ...
NULL
Writing result file: /home/probst/Random_Forest/RFSplitbias/results/Splitbias-files/jobs/04/10204-result.RData
########## Executing jid=10205 ##########
Timestamp: 2016-04-28 16:24:34
Experiment: 
  Problem: taski 
  Problem parameters: idi=9934, learner=, teststat=, testtype= 
  Algorithm: forest.splitbias.oob 
  Algorithm parameters:  
  Replication: 22 
  Seed: 10205 
  Problem seed: 144 
Setting seed: 10205
Applying Algorithm forest.splitbias.oob ...
Generating problem taski ...
Result:
List of 3
 $ idi   : int 9934
 $ lrn   : chr [1:3] "randomForest" "oob" ""
 $ result: Named num [1:5] 0.864 0.136 0.241 0.136 0.723
  ..- attr(*, "names")= chr [1:5] "ACC" "BER" "multiclass.brier" "MMCE" ...
NULL
Writing result file: /home/probst/Random_Forest/RFSplitbias/results/Splitbias-files/jobs/05/10205-result.RData
########## Executing jid=10206 ##########
Timestamp: 2016-04-28 16:24:35
Experiment: 
  Problem: taski 
  Problem parameters: idi=9934, learner=, teststat=, testtype= 
  Algorithm: forest.splitbias.oob 
  Algorithm parameters:  
  Replication: 23 
  Seed: 10206 
  Problem seed: 145 
Setting seed: 10206
Applying Algorithm forest.splitbias.oob ...
Generating problem taski ...
Result:
List of 3
 $ idi   : int 9934
 $ lrn   : chr [1:3] "randomForest" "oob" ""
 $ result: Named num [1:5] 0.875 0.136 0.242 0.125 0.733
  ..- attr(*, "names")= chr [1:5] "ACC" "BER" "multiclass.brier" "MMCE" ...
NULL
Writing result file: /home/probst/Random_Forest/RFSplitbias/results/Splitbias-files/jobs/06/10206-result.RData
########## Executing jid=10207 ##########
Timestamp: 2016-04-28 16:24:36
Experiment: 
  Problem: taski 
  Problem parameters: idi=9934, learner=, teststat=, testtype= 
  Algorithm: forest.splitbias.oob 
  Algorithm parameters:  
  Replication: 24 
  Seed: 10207 
  Problem seed: 146 
Setting seed: 10207
Applying Algorithm forest.splitbias.oob ...
Generating problem taski ...
Result:
List of 3
 $ idi   : int 9934
 $ lrn   : chr [1:3] "randomForest" "oob" ""
 $ result: Named num [1:5] 0.852 0.151 0.242 0.148 0.735
  ..- attr(*, "names")= chr [1:5] "ACC" "BER" "multiclass.brier" "MMCE" ...
NULL
Writing result file: /home/probst/Random_Forest/RFSplitbias/results/Splitbias-files/jobs/07/10207-result.RData
########## Executing jid=10208 ##########
Timestamp: 2016-04-28 16:24:37
Experiment: 
  Problem: taski 
  Problem parameters: idi=9934, learner=, teststat=, testtype= 
  Algorithm: forest.splitbias.oob 
  Algorithm parameters:  
  Replication: 25 
  Seed: 10208 
  Problem seed: 147 
Setting seed: 10208
Applying Algorithm forest.splitbias.oob ...
Generating problem taski ...
Result:
List of 3
 $ idi   : int 9934
 $ lrn   : chr [1:3] "randomForest" "oob" ""
 $ result: Named num [1:5] 0.864 0.143 0.242 0.136 0.737
  ..- attr(*, "names")= chr [1:5] "ACC" "BER" "multiclass.brier" "MMCE" ...
NULL
Writing result file: /home/probst/Random_Forest/RFSplitbias/results/Splitbias-files/jobs/08/10208-result.RData
########## Executing jid=10209 ##########
Timestamp: 2016-04-28 16:24:38
Experiment: 
  Problem: taski 
  Problem parameters: idi=9934, learner=, teststat=, testtype= 
  Algorithm: forest.splitbias.oob 
  Algorithm parameters:  
  Replication: 26 
  Seed: 10209 
  Problem seed: 148 
Setting seed: 10209
Applying Algorithm forest.splitbias.oob ...
Generating problem taski ...
Result:
List of 3
 $ idi   : int 9934
 $ lrn   : chr [1:3] "randomForest" "oob" ""
 $ result: Named num [1:5] 0.875 0.136 0.245 0.125 0.75
  ..- attr(*, "names")= chr [1:5] "ACC" "BER" "multiclass.brier" "MMCE" ...
NULL
Writing result file: /home/probst/Random_Forest/RFSplitbias/results/Splitbias-files/jobs/09/10209-result.RData
########## Executing jid=10210 ##########
Timestamp: 2016-04-28 16:24:38
Experiment: 
  Problem: taski 
  Problem parameters: idi=9934, learner=, teststat=, testtype= 
  Algorithm: forest.splitbias.oob 
  Algorithm parameters:  
  Replication: 27 
  Seed: 10210 
  Problem seed: 149 
Setting seed: 10210
Applying Algorithm forest.splitbias.oob ...
Generating problem taski ...
Result:
List of 3
 $ idi   : int 9934
 $ lrn   : chr [1:3] "randomForest" "oob" ""
 $ result: Named num [1:5] 0.886 0.121 0.239 0.114 0.72
  ..- attr(*, "names")= chr [1:5] "ACC" "BER" "multiclass.brier" "MMCE" ...
NULL
Writing result file: /home/probst/Random_Forest/RFSplitbias/results/Splitbias-files/jobs/10/10210-result.RData
########## Executing jid=10211 ##########
Timestamp: 2016-04-28 16:24:39
Experiment: 
  Problem: taski 
  Problem parameters: idi=9934, learner=, teststat=, testtype= 
  Algorithm: forest.splitbias.oob 
  Algorithm parameters:  
  Replication: 28 
  Seed: 10211 
  Problem seed: 150 
Setting seed: 10211
Applying Algorithm forest.splitbias.oob ...
Generating problem taski ...
Result:
List of 3
 $ idi   : int 9934
 $ lrn   : chr [1:3] "randomForest" "oob" ""
 $ result: Named num [1:5] 0.875 0.136 0.244 0.125 0.74
  ..- attr(*, "names")= chr [1:5] "ACC" "BER" "multiclass.brier" "MMCE" ...
NULL
Writing result file: /home/probst/Random_Forest/RFSplitbias/results/Splitbias-files/jobs/11/10211-result.RData
########## Executing jid=10212 ##########
Timestamp: 2016-04-28 16:24:40
Experiment: 
  Problem: taski 
  Problem parameters: idi=9934, learner=, teststat=, testtype= 
  Algorithm: forest.splitbias.oob 
  Algorithm parameters:  
  Replication: 29 
  Seed: 10212 
  Problem seed: 151 
Setting seed: 10212
Applying Algorithm forest.splitbias.oob ...
Generating problem taski ...
Result:
List of 3
 $ idi   : int 9934
 $ lrn   : chr [1:3] "randomForest" "oob" ""
 $ result: Named num [1:5] 0.852 0.151 0.247 0.148 0.74
  ..- attr(*, "names")= chr [1:5] "ACC" "BER" "multiclass.brier" "MMCE" ...
NULL
Writing result file: /home/probst/Random_Forest/RFSplitbias/results/Splitbias-files/jobs/12/10212-result.RData
########## Executing jid=10213 ##########
Timestamp: 2016-04-28 16:24:41
Experiment: 
  Problem: taski 
  Problem parameters: idi=9934, learner=, teststat=, testtype= 
  Algorithm: forest.splitbias.oob 
  Algorithm parameters:  
  Replication: 30 
  Seed: 10213 
  Problem seed: 152 
Setting seed: 10213
Applying Algorithm forest.splitbias.oob ...
Generating problem taski ...
Result:
List of 3
 $ idi   : int 9934
 $ lrn   : chr [1:3] "randomForest" "oob" ""
 $ result: Named num [1:5] 0.886 0.113 0.238 0.114 0.734
  ..- attr(*, "names")= chr [1:5] "ACC" "BER" "multiclass.brier" "MMCE" ...
NULL
Writing result file: /home/probst/Random_Forest/RFSplitbias/results/Splitbias-files/jobs/13/10213-result.RData
########## Executing jid=10214 ##########
Timestamp: 2016-04-28 16:24:42
Experiment: 
  Problem: taski 
  Problem parameters: idi=9934, learner=, teststat=, testtype= 
  Algorithm: forest.splitbias.oob 
  Algorithm parameters:  
  Replication: 31 
  Seed: 10214 
  Problem seed: 153 
Setting seed: 10214
Applying Algorithm forest.splitbias.oob ...
Generating problem taski ...
Result:
List of 3
 $ idi   : int 9934
 $ lrn   : chr [1:3] "randomForest" "oob" ""
 $ result: Named num [1:5] 0.852 0.151 0.244 0.148 0.736
  ..- attr(*, "names")= chr [1:5] "ACC" "BER" "multiclass.brier" "MMCE" ...
NULL
Writing result file: /home/probst/Random_Forest/RFSplitbias/results/Splitbias-files/jobs/14/10214-result.RData
########## Executing jid=10215 ##########
Timestamp: 2016-04-28 16:24:43
Experiment: 
  Problem: taski 
  Problem parameters: idi=9934, learner=, teststat=, testtype= 
  Algorithm: forest.splitbias.oob 
  Algorithm parameters:  
  Replication: 32 
  Seed: 10215 
  Problem seed: 154 
Setting seed: 10215
Applying Algorithm forest.splitbias.oob ...
Generating problem taski ...
Result:
List of 3
 $ idi   : int 9934
 $ lrn   : chr [1:3] "randomForest" "oob" ""
 $ result: Named num [1:5] 0.864 0.136 0.244 0.136 0.731
  ..- attr(*, "names")= chr [1:5] "ACC" "BER" "multiclass.brier" "MMCE" ...
NULL
Writing result file: /home/probst/Random_Forest/RFSplitbias/results/Splitbias-files/jobs/15/10215-result.RData
########## Executing jid=10216 ##########
Timestamp: 2016-04-28 16:24:44
Experiment: 
  Problem: taski 
  Problem parameters: idi=9934, learner=, teststat=, testtype= 
  Algorithm: forest.splitbias.oob 
  Algorithm parameters:  
  Replication: 33 
  Seed: 10216 
  Problem seed: 155 
Setting seed: 10216
Applying Algorithm forest.splitbias.oob ...
Generating problem taski ...
Result:
List of 3
 $ idi   : int 9934
 $ lrn   : chr [1:3] "randomForest" "oob" ""
 $ result: Named num [1:5] 0.875 0.129 0.239 0.125 0.74
  ..- attr(*, "names")= chr [1:5] "ACC" "BER" "multiclass.brier" "MMCE" ...
NULL
Writing result file: /home/probst/Random_Forest/RFSplitbias/results/Splitbias-files/jobs/16/10216-result.RData
########## Executing jid=10217 ##########
Timestamp: 2016-04-28 16:24:45
Experiment: 
  Problem: taski 
  Problem parameters: idi=9934, learner=, teststat=, testtype= 
  Algorithm: forest.splitbias.oob 
  Algorithm parameters:  
  Replication: 34 
  Seed: 10217 
  Problem seed: 156 
Setting seed: 10217
Applying Algorithm forest.splitbias.oob ...
Generating problem taski ...
Result:
List of 3
 $ idi   : int 9934
 $ lrn   : chr [1:3] "randomForest" "oob" ""
 $ result: Named num [1:5] 0.875 0.136 0.236 0.125 0.725
  ..- attr(*, "names")= chr [1:5] "ACC" "BER" "multiclass.brier" "MMCE" ...
NULL
Writing result file: /home/probst/Random_Forest/RFSplitbias/results/Splitbias-files/jobs/17/10217-result.RData
########## Executing jid=10218 ##########
Timestamp: 2016-04-28 16:24:45
Experiment: 
  Problem: taski 
  Problem parameters: idi=9934, learner=, teststat=, testtype= 
  Algorithm: forest.splitbias.oob 
  Algorithm parameters:  
  Replication: 35 
  Seed: 10218 
  Problem seed: 157 
Setting seed: 10218
Applying Algorithm forest.splitbias.oob ...
Generating problem taski ...
Result:
List of 3
 $ idi   : int 9934
 $ lrn   : chr [1:3] "randomForest" "oob" ""
 $ result: Named num [1:5] 0.886 0.121 0.242 0.114 0.72
  ..- attr(*, "names")= chr [1:5] "ACC" "BER" "multiclass.brier" "MMCE" ...
NULL
Writing result file: /home/probst/Random_Forest/RFSplitbias/results/Splitbias-files/jobs/18/10218-result.RData
########## Executing jid=10219 ##########
Timestamp: 2016-04-28 16:24:46
Experiment: 
  Problem: taski 
  Problem parameters: idi=9934, learner=, teststat=, testtype= 
  Algorithm: forest.splitbias.oob 
  Algorithm parameters:  
  Replication: 36 
  Seed: 10219 
  Problem seed: 158 
Setting seed: 10219
Applying Algorithm forest.splitbias.oob ...
Generating problem taski ...
Result:
List of 3
 $ idi   : int 9934
 $ lrn   : chr [1:3] "randomForest" "oob" ""
 $ result: Named num [1:5] 0.864 0.143 0.243 0.136 0.725
  ..- attr(*, "names")= chr [1:5] "ACC" "BER" "multiclass.brier" "MMCE" ...
NULL
Writing result file: /home/probst/Random_Forest/RFSplitbias/results/Splitbias-files/jobs/19/10219-result.RData
########## Executing jid=10220 ##########
Timestamp: 2016-04-28 16:24:47
Experiment: 
  Problem: taski 
  Problem parameters: idi=9934, learner=, teststat=, testtype= 
  Algorithm: forest.splitbias.oob 
  Algorithm parameters:  
  Replication: 37 
  Seed: 10220 
  Problem seed: 159 
Setting seed: 10220
Applying Algorithm forest.splitbias.oob ...
Generating problem taski ...
Result:
List of 3
 $ idi   : int 9934
 $ lrn   : chr [1:3] "randomForest" "oob" ""
 $ result: Named num [1:5] 0.875 0.136 0.241 0.125 0.727
  ..- attr(*, "names")= chr [1:5] "ACC" "BER" "multiclass.brier" "MMCE" ...
NULL
Writing result file: /home/probst/Random_Forest/RFSplitbias/results/Splitbias-files/jobs/20/10220-result.RData
########## Executing jid=10221 ##########
Timestamp: 2016-04-28 16:24:48
Experiment: 
  Problem: taski 
  Problem parameters: idi=9934, learner=, teststat=, testtype= 
  Algorithm: forest.splitbias.oob 
  Algorithm parameters:  
  Replication: 38 
  Seed: 10221 
  Problem seed: 160 
Setting seed: 10221
Applying Algorithm forest.splitbias.oob ...
Generating problem taski ...
Result:
List of 3
 $ idi   : int 9934
 $ lrn   : chr [1:3] "randomForest" "oob" ""
 $ result: Named num [1:5] 0.875 0.129 0.242 0.125 0.727
  ..- attr(*, "names")= chr [1:5] "ACC" "BER" "multiclass.brier" "MMCE" ...
NULL
Writing result file: /home/probst/Random_Forest/RFSplitbias/results/Splitbias-files/jobs/21/10221-result.RData
########## Executing jid=10222 ##########
Timestamp: 2016-04-28 16:24:49
Experiment: 
  Problem: taski 
  Problem parameters: idi=9934, learner=, teststat=, testtype= 
  Algorithm: forest.splitbias.oob 
  Algorithm parameters:  
  Replication: 39 
  Seed: 10222 
  Problem seed: 161 
Setting seed: 10222
Applying Algorithm forest.splitbias.oob ...
Generating problem taski ...
Result:
List of 3
 $ idi   : int 9934
 $ lrn   : chr [1:3] "randomForest" "oob" ""
 $ result: Named num [1:5] 0.864 0.136 0.241 0.136 0.734
  ..- attr(*, "names")= chr [1:5] "ACC" "BER" "multiclass.brier" "MMCE" ...
NULL
Writing result file: /home/probst/Random_Forest/RFSplitbias/results/Splitbias-files/jobs/22/10222-result.RData
########## Executing jid=10223 ##########
Timestamp: 2016-04-28 16:24:50
Experiment: 
  Problem: taski 
  Problem parameters: idi=9934, learner=, teststat=, testtype= 
  Algorithm: forest.splitbias.oob 
  Algorithm parameters:  
  Replication: 40 
  Seed: 10223 
  Problem seed: 162 
Setting seed: 10223
Applying Algorithm forest.splitbias.oob ...
Generating problem taski ...
Result:
List of 3
 $ idi   : int 9934
 $ lrn   : chr [1:3] "randomForest" "oob" ""
 $ result: Named num [1:5] 0.875 0.136 0.245 0.125 0.729
  ..- attr(*, "names")= chr [1:5] "ACC" "BER" "multiclass.brier" "MMCE" ...
NULL
Writing result file: /home/probst/Random_Forest/RFSplitbias/results/Splitbias-files/jobs/23/10223-result.RData
########## Executing jid=10224 ##########
Timestamp: 2016-04-28 16:24:50
Experiment: 
  Problem: taski 
  Problem parameters: idi=9934, learner=, teststat=, testtype= 
  Algorithm: forest.splitbias.oob 
  Algorithm parameters:  
  Replication: 41 
  Seed: 10224 
  Problem seed: 163 
Setting seed: 10224
Applying Algorithm forest.splitbias.oob ...
Generating problem taski ...
Result:
List of 3
 $ idi   : int 9934
 $ lrn   : chr [1:3] "randomForest" "oob" ""
 $ result: Named num [1:5] 0.852 0.158 0.246 0.148 0.734
  ..- attr(*, "names")= chr [1:5] "ACC" "BER" "multiclass.brier" "MMCE" ...
NULL
Writing result file: /home/probst/Random_Forest/RFSplitbias/results/Splitbias-files/jobs/24/10224-result.RData
########## Executing jid=10225 ##########
Timestamp: 2016-04-28 16:24:51
Experiment: 
  Problem: taski 
  Problem parameters: idi=9934, learner=, teststat=, testtype= 
  Algorithm: forest.splitbias.oob 
  Algorithm parameters:  
  Replication: 42 
  Seed: 10225 
  Problem seed: 164 
Setting seed: 10225
Applying Algorithm forest.splitbias.oob ...
Generating problem taski ...
Result:
List of 3
 $ idi   : int 9934
 $ lrn   : chr [1:3] "randomForest" "oob" ""
 $ result: Named num [1:5] 0.875 0.136 0.245 0.125 0.741
  ..- attr(*, "names")= chr [1:5] "ACC" "BER" "multiclass.brier" "MMCE" ...
NULL
Writing result file: /home/probst/Random_Forest/RFSplitbias/results/Splitbias-files/jobs/25/10225-result.RData
########## Executing jid=10226 ##########
Timestamp: 2016-04-28 16:24:52
Experiment: 
  Problem: taski 
  Problem parameters: idi=9934, learner=, teststat=, testtype= 
  Algorithm: forest.splitbias.oob 
  Algorithm parameters:  
  Replication: 43 
  Seed: 10226 
  Problem seed: 165 
Setting seed: 10226
Applying Algorithm forest.splitbias.oob ...
Generating problem taski ...
Result:
List of 3
 $ idi   : int 9934
 $ lrn   : chr [1:3] "randomForest" "oob" ""
 $ result: Named num [1:5] 0.852 0.151 0.244 0.148 0.73
  ..- attr(*, "names")= chr [1:5] "ACC" "BER" "multiclass.brier" "MMCE" ...
NULL
Writing result file: /home/probst/Random_Forest/RFSplitbias/results/Splitbias-files/jobs/26/10226-result.RData
########## Executing jid=10227 ##########
Timestamp: 2016-04-28 16:24:53
Experiment: 
  Problem: taski 
  Problem parameters: idi=9934, learner=, teststat=, testtype= 
  Algorithm: forest.splitbias.oob 
  Algorithm parameters:  
  Replication: 44 
  Seed: 10227 
  Problem seed: 166 
Setting seed: 10227
Applying Algorithm forest.splitbias.oob ...
Generating problem taski ...
Result:
List of 3
 $ idi   : int 9934
 $ lrn   : chr [1:3] "randomForest" "oob" ""
 $ result: Named num [1:5] 0.852 0.151 0.24 0.148 0.728
  ..- attr(*, "names")= chr [1:5] "ACC" "BER" "multiclass.brier" "MMCE" ...
NULL
Writing result file: /home/probst/Random_Forest/RFSplitbias/results/Splitbias-files/jobs/27/10227-result.RData
########## Executing jid=10228 ##########
Timestamp: 2016-04-28 16:24:54
Experiment: 
  Problem: taski 
  Problem parameters: idi=9934, learner=, teststat=, testtype= 
  Algorithm: forest.splitbias.oob 
  Algorithm parameters:  
  Replication: 45 
  Seed: 10228 
  Problem seed: 167 
Setting seed: 10228
Applying Algorithm forest.splitbias.oob ...
Generating problem taski ...
Result:
List of 3
 $ idi   : int 9934
 $ lrn   : chr [1:3] "randomForest" "oob" ""
 $ result: Named num [1:5] 0.875 0.129 0.239 0.125 0.72
  ..- attr(*, "names")= chr [1:5] "ACC" "BER" "multiclass.brier" "MMCE" ...
NULL
Writing result file: /home/probst/Random_Forest/RFSplitbias/results/Splitbias-files/jobs/28/10228-result.RData
########## Executing jid=10229 ##########
Timestamp: 2016-04-28 16:24:55
Experiment: 
  Problem: taski 
  Problem parameters: idi=9934, learner=, teststat=, testtype= 
  Algorithm: forest.splitbias.oob 
  Algorithm parameters:  
  Replication: 46 
  Seed: 10229 
  Problem seed: 168 
Setting seed: 10229
Applying Algorithm forest.splitbias.oob ...
Generating problem taski ...
Result:
List of 3
 $ idi   : int 9934
 $ lrn   : chr [1:3] "randomForest" "oob" ""
 $ result: Named num [1:5] 0.864 0.143 0.248 0.136 0.733
  ..- attr(*, "names")= chr [1:5] "ACC" "BER" "multiclass.brier" "MMCE" ...
NULL
Writing result file: /home/probst/Random_Forest/RFSplitbias/results/Splitbias-files/jobs/29/10229-result.RData
########## Executing jid=10230 ##########
Timestamp: 2016-04-28 16:24:55
Experiment: 
  Problem: taski 
  Problem parameters: idi=9934, learner=, teststat=, testtype= 
  Algorithm: forest.splitbias.oob 
  Algorithm parameters:  
  Replication: 47 
  Seed: 10230 
  Problem seed: 169 
Setting seed: 10230
Applying Algorithm forest.splitbias.oob ...
Generating problem taski ...
Result:
List of 3
 $ idi   : int 9934
 $ lrn   : chr [1:3] "randomForest" "oob" ""
 $ result: Named num [1:5] 0.864 0.143 0.241 0.136 0.74
  ..- attr(*, "names")= chr [1:5] "ACC" "BER" "multiclass.brier" "MMCE" ...
NULL
Writing result file: /home/probst/Random_Forest/RFSplitbias/results/Splitbias-files/jobs/30/10230-result.RData
########## Executing jid=10231 ##########
Timestamp: 2016-04-28 16:24:56
Experiment: 
  Problem: taski 
  Problem parameters: idi=9934, learner=, teststat=, testtype= 
  Algorithm: forest.splitbias.oob 
  Algorithm parameters:  
  Replication: 48 
  Seed: 10231 
  Problem seed: 170 
Setting seed: 10231
Applying Algorithm forest.splitbias.oob ...
Generating problem taski ...
Result:
List of 3
 $ idi   : int 9934
 $ lrn   : chr [1:3] "randomForest" "oob" ""
 $ result: Named num [1:5] 0.875 0.129 0.247 0.125 0.736
  ..- attr(*, "names")= chr [1:5] "ACC" "BER" "multiclass.brier" "MMCE" ...
NULL
Writing result file: /home/probst/Random_Forest/RFSplitbias/results/Splitbias-files/jobs/31/10231-result.RData
########## Executing jid=10232 ##########
Timestamp: 2016-04-28 16:24:57
Experiment: 
  Problem: taski 
  Problem parameters: idi=9934, learner=, teststat=, testtype= 
  Algorithm: forest.splitbias.oob 
  Algorithm parameters:  
  Replication: 49 
  Seed: 10232 
  Problem seed: 171 
Setting seed: 10232
Applying Algorithm forest.splitbias.oob ...
Generating problem taski ...
Result:
List of 3
 $ idi   : int 9934
 $ lrn   : chr [1:3] "randomForest" "oob" ""
 $ result: Named num [1:5] 0.875 0.129 0.24 0.125 0.722
  ..- attr(*, "names")= chr [1:5] "ACC" "BER" "multiclass.brier" "MMCE" ...
NULL
Writing result file: /home/probst/Random_Forest/RFSplitbias/results/Splitbias-files/jobs/32/10232-result.RData
########## Executing jid=10233 ##########
Timestamp: 2016-04-28 16:24:58
Experiment: 
  Problem: taski 
  Problem parameters: idi=9934, learner=, teststat=, testtype= 
  Algorithm: forest.splitbias.oob 
  Algorithm parameters:  
  Replication: 50 
  Seed: 10233 
  Problem seed: 172 
Setting seed: 10233
Applying Algorithm forest.splitbias.oob ...
Generating problem taski ...
Result:
List of 3
 $ idi   : int 9934
 $ lrn   : chr [1:3] "randomForest" "oob" ""
 $ result: Named num [1:5] 0.841 0.158 0.245 0.159 0.726
  ..- attr(*, "names")= chr [1:5] "ACC" "BER" "multiclass.brier" "MMCE" ...
NULL
Writing result file: /home/probst/Random_Forest/RFSplitbias/results/Splitbias-files/jobs/33/10233-result.RData
########## Executing jid=10234 ##########
Timestamp: 2016-04-28 16:24:59
Experiment: 
  Problem: taski 
  Problem parameters: idi=9905, learner=, teststat=, testtype= 
  Algorithm: forest.splitbias.oob 
  Algorithm parameters:  
  Replication: 11 
  Seed: 10234 
  Problem seed: 133 
Setting seed: 10234
Applying Algorithm forest.splitbias.oob ...
Generating problem taski ...
Result:
List of 3
 $ idi   : int 9905
 $ lrn   : chr [1:3] "randomForest" "oob" ""
 $ result: Named num [1:5] 0.503 0.5 0.566 0.497 0.628
  ..- attr(*, "names")= chr [1:5] "ACC" "BER" "multiclass.brier" "MMCE" ...
NULL
Writing result file: /home/probst/Random_Forest/RFSplitbias/results/Splitbias-files/jobs/34/10234-result.RData
########## Executing jid=10235 ##########
Timestamp: 2016-04-28 16:25:00
Experiment: 
  Problem: taski 
  Problem parameters: idi=9905, learner=, teststat=, testtype= 
  Algorithm: forest.splitbias.oob 
  Algorithm parameters:  
  Replication: 12 
  Seed: 10235 
  Problem seed: 134 
Setting seed: 10235
Applying Algorithm forest.splitbias.oob ...
Generating problem taski ...
Result:
List of 3
 $ idi   : int 9905
 $ lrn   : chr [1:3] "randomForest" "oob" ""
 $ result: Named num [1:5] 0.521 0.483 0.565 0.479 0.635
  ..- attr(*, "names")= chr [1:5] "ACC" "BER" "multiclass.brier" "MMCE" ...
NULL
Writing result file: /home/probst/Random_Forest/RFSplitbias/results/Splitbias-files/jobs/35/10235-result.RData
########## Executing jid=10236 ##########
Timestamp: 2016-04-28 16:25:02
Experiment: 
  Problem: taski 
  Problem parameters: idi=9905, learner=, teststat=, testtype= 
  Algorithm: forest.splitbias.oob 
  Algorithm parameters:  
  Replication: 13 
  Seed: 10236 
  Problem seed: 135 
Setting seed: 10236
Applying Algorithm forest.splitbias.oob ...
Generating problem taski ...
Result:
List of 3
 $ idi   : int 9905
 $ lrn   : chr [1:3] "randomForest" "oob" ""
 $ result: Named num [1:5] 0.513 0.49 0.567 0.487 0.635
  ..- attr(*, "names")= chr [1:5] "ACC" "BER" "multiclass.brier" "MMCE" ...
NULL
Writing result file: /home/probst/Random_Forest/RFSplitbias/results/Splitbias-files/jobs/36/10236-result.RData
########## Executing jid=10237 ##########
Timestamp: 2016-04-28 16:25:03
Experiment: 
  Problem: taski 
  Problem parameters: idi=9905, learner=, teststat=, testtype= 
  Algorithm: forest.splitbias.oob 
  Algorithm parameters:  
  Replication: 14 
  Seed: 10237 
  Problem seed: 136 
Setting seed: 10237
Applying Algorithm forest.splitbias.oob ...
Generating problem taski ...
Result:
List of 3
 $ idi   : int 9905
 $ lrn   : chr [1:3] "randomForest" "oob" ""
 $ result: Named num [1:5] 0.516 0.489 0.563 0.484 0.637
  ..- attr(*, "names")= chr [1:5] "ACC" "BER" "multiclass.brier" "MMCE" ...
NULL
Writing result file: /home/probst/Random_Forest/RFSplitbias/results/Splitbias-files/jobs/37/10237-result.RData
########## Executing jid=10238 ##########
Timestamp: 2016-04-28 16:25:05
Experiment: 
  Problem: taski 
  Problem parameters: idi=9905, learner=, teststat=, testtype= 
  Algorithm: forest.splitbias.oob 
  Algorithm parameters:  
  Replication: 15 
  Seed: 10238 
  Problem seed: 137 
Setting seed: 10238
Applying Algorithm forest.splitbias.oob ...
Generating problem taski ...
Result:
List of 3
 $ idi   : int 9905
 $ lrn   : chr [1:3] "randomForest" "oob" ""
 $ result: Named num [1:5] 0.513 0.491 0.566 0.487 0.627
  ..- attr(*, "names")= chr [1:5] "ACC" "BER" "multiclass.brier" "MMCE" ...
NULL
Writing result file: /home/probst/Random_Forest/RFSplitbias/results/Splitbias-files/jobs/38/10238-result.RData
########## Executing jid=10239 ##########
Timestamp: 2016-04-28 16:25:06
Experiment: 
  Problem: taski 
  Problem parameters: idi=9905, learner=, teststat=, testtype= 
  Algorithm: forest.splitbias.oob 
  Algorithm parameters:  
  Replication: 16 
  Seed: 10239 
  Problem seed: 138 
Setting seed: 10239
Applying Algorithm forest.splitbias.oob ...
Generating problem taski ...
Result:
List of 3
 $ idi   : int 9905
 $ lrn   : chr [1:3] "randomForest" "oob" ""
 $ result: Named num [1:5] 0.511 0.491 0.563 0.489 0.631
  ..- attr(*, "names")= chr [1:5] "ACC" "BER" "multiclass.brier" "MMCE" ...
NULL
Writing result file: /home/probst/Random_Forest/RFSplitbias/results/Splitbias-files/jobs/39/10239-result.RData
########## Executing jid=10240 ##########
Timestamp: 2016-04-28 16:25:08
Experiment: 
  Problem: taski 
  Problem parameters: idi=9905, learner=, teststat=, testtype= 
  Algorithm: forest.splitbias.oob 
  Algorithm parameters:  
  Replication: 17 
  Seed: 10240 
  Problem seed: 139 
Setting seed: 10240
Applying Algorithm forest.splitbias.oob ...
Generating problem taski ...
Result:
List of 3
 $ idi   : int 9905
 $ lrn   : chr [1:3] "randomForest" "oob" ""
 $ result: Named num [1:5] 0.497 0.507 0.565 0.503 0.632
  ..- attr(*, "names")= chr [1:5] "ACC" "BER" "multiclass.brier" "MMCE" ...
NULL
Writing result file: /home/probst/Random_Forest/RFSplitbias/results/Splitbias-files/jobs/40/10240-result.RData
########## Executing jid=10241 ##########
Timestamp: 2016-04-28 16:25:09
Experiment: 
  Problem: taski 
  Problem parameters: idi=9905, learner=, teststat=, testtype= 
  Algorithm: forest.splitbias.oob 
  Algorithm parameters:  
  Replication: 18 
  Seed: 10241 
  Problem seed: 140 
Setting seed: 10241
Applying Algorithm forest.splitbias.oob ...
Generating problem taski ...
Result:
List of 3
 $ idi   : int 9905
 $ lrn   : chr [1:3] "randomForest" "oob" ""
 $ result: Named num [1:5] 0.51 0.494 0.567 0.49 0.632
  ..- attr(*, "names")= chr [1:5] "ACC" "BER" "multiclass.brier" "MMCE" ...
NULL
Writing result file: /home/probst/Random_Forest/RFSplitbias/results/Splitbias-files/jobs/41/10241-result.RData
########## Executing jid=10242 ##########
Timestamp: 2016-04-28 16:25:11
Experiment: 
  Problem: taski 
  Problem parameters: idi=9905, learner=, teststat=, testtype= 
  Algorithm: forest.splitbias.oob 
  Algorithm parameters:  
  Replication: 19 
  Seed: 10242 
  Problem seed: 141 
Setting seed: 10242
Applying Algorithm forest.splitbias.oob ...
Generating problem taski ...
Result:
List of 3
 $ idi   : int 9905
 $ lrn   : chr [1:3] "randomForest" "oob" ""
 $ result: Named num [1:5] 0.494 0.509 0.567 0.506 0.636
  ..- attr(*, "names")= chr [1:5] "ACC" "BER" "multiclass.brier" "MMCE" ...
NULL
Writing result file: /home/probst/Random_Forest/RFSplitbias/results/Splitbias-files/jobs/42/10242-result.RData
########## Executing jid=10243 ##########
Timestamp: 2016-04-28 16:25:12
Experiment: 
  Problem: taski 
  Problem parameters: idi=9905, learner=, teststat=, testtype= 
  Algorithm: forest.splitbias.oob 
  Algorithm parameters:  
  Replication: 20 
  Seed: 10243 
  Problem seed: 142 
Setting seed: 10243
Applying Algorithm forest.splitbias.oob ...
Generating problem taski ...
Result:
List of 3
 $ idi   : int 9905
 $ lrn   : chr [1:3] "randomForest" "oob" ""
 $ result: Named num [1:5] 0.519 0.484 0.563 0.481 0.63
  ..- attr(*, "names")= chr [1:5] "ACC" "BER" "multiclass.brier" "MMCE" ...
NULL
Writing result file: /home/probst/Random_Forest/RFSplitbias/results/Splitbias-files/jobs/43/10243-result.RData
########## Executing jid=10244 ##########
Timestamp: 2016-04-28 16:25:14
Experiment: 
  Problem: taski 
  Problem parameters: idi=9905, learner=, teststat=, testtype= 
  Algorithm: forest.splitbias.oob 
  Algorithm parameters:  
  Replication: 21 
  Seed: 10244 
  Problem seed: 143 
Setting seed: 10244
Applying Algorithm forest.splitbias.oob ...
Generating problem taski ...
Result:
List of 3
 $ idi   : int 9905
 $ lrn   : chr [1:3] "randomForest" "oob" ""
 $ result: Named num [1:5] 0.506 0.498 0.566 0.494 0.631
  ..- attr(*, "names")= chr [1:5] "ACC" "BER" "multiclass.brier" "MMCE" ...
NULL
Writing result file: /home/probst/Random_Forest/RFSplitbias/results/Splitbias-files/jobs/44/10244-result.RData
########## Executing jid=10245 ##########
Timestamp: 2016-04-28 16:25:15
Experiment: 
  Problem: taski 
  Problem parameters: idi=9905, learner=, teststat=, testtype= 
  Algorithm: forest.splitbias.oob 
  Algorithm parameters:  
  Replication: 22 
  Seed: 10245 
  Problem seed: 144 
Setting seed: 10245
Applying Algorithm forest.splitbias.oob ...
Generating problem taski ...
Result:
List of 3
 $ idi   : int 9905
 $ lrn   : chr [1:3] "randomForest" "oob" ""
 $ result: Named num [1:5] 0.516 0.487 0.565 0.484 0.631
  ..- attr(*, "names")= chr [1:5] "ACC" "BER" "multiclass.brier" "MMCE" ...
NULL
Writing result file: /home/probst/Random_Forest/RFSplitbias/results/Splitbias-files/jobs/45/10245-result.RData
########## Executing jid=10246 ##########
Timestamp: 2016-04-28 16:25:17
Experiment: 
  Problem: taski 
  Problem parameters: idi=9905, learner=, teststat=, testtype= 
  Algorithm: forest.splitbias.oob 
  Algorithm parameters:  
  Replication: 23 
  Seed: 10246 
  Problem seed: 145 
Setting seed: 10246
Applying Algorithm forest.splitbias.oob ...
Generating problem taski ...
Result:
List of 3
 $ idi   : int 9905
 $ lrn   : chr [1:3] "randomForest" "oob" ""
 $ result: Named num [1:5] 0.506 0.497 0.568 0.494 0.619
  ..- attr(*, "names")= chr [1:5] "ACC" "BER" "multiclass.brier" "MMCE" ...
NULL
Writing result file: /home/probst/Random_Forest/RFSplitbias/results/Splitbias-files/jobs/46/10246-result.RData
########## Executing jid=10247 ##########
Timestamp: 2016-04-28 16:25:18
Experiment: 
  Problem: taski 
  Problem parameters: idi=9905, learner=, teststat=, testtype= 
  Algorithm: forest.splitbias.oob 
  Algorithm parameters:  
  Replication: 24 
  Seed: 10247 
  Problem seed: 146 
Setting seed: 10247
Applying Algorithm forest.splitbias.oob ...
Generating problem taski ...
Result:
List of 3
 $ idi   : int 9905
 $ lrn   : chr [1:3] "randomForest" "oob" ""
 $ result: Named num [1:5] 0.503 0.501 0.566 0.497 0.634
  ..- attr(*, "names")= chr [1:5] "ACC" "BER" "multiclass.brier" "MMCE" ...
NULL
Writing result file: /home/probst/Random_Forest/RFSplitbias/results/Splitbias-files/jobs/47/10247-result.RData
########## Executing jid=10248 ##########
Timestamp: 2016-04-28 16:25:20
Experiment: 
  Problem: taski 
  Problem parameters: idi=9905, learner=, teststat=, testtype= 
  Algorithm: forest.splitbias.oob 
  Algorithm parameters:  
  Replication: 25 
  Seed: 10248 
  Problem seed: 147 
Setting seed: 10248
Applying Algorithm forest.splitbias.oob ...
Generating problem taski ...
Result:
List of 3
 $ idi   : int 9905
 $ lrn   : chr [1:3] "randomForest" "oob" ""
 $ result: Named num [1:5] 0.497 0.507 0.568 0.503 0.627
  ..- attr(*, "names")= chr [1:5] "ACC" "BER" "multiclass.brier" "MMCE" ...
NULL
Writing result file: /home/probst/Random_Forest/RFSplitbias/results/Splitbias-files/jobs/48/10248-result.RData
########## Executing jid=10249 ##########
Timestamp: 2016-04-28 16:25:21
Experiment: 
  Problem: taski 
  Problem parameters: idi=9905, learner=, teststat=, testtype= 
  Algorithm: forest.splitbias.oob 
  Algorithm parameters:  
  Replication: 26 
  Seed: 10249 
  Problem seed: 148 
Setting seed: 10249
Applying Algorithm forest.splitbias.oob ...
Generating problem taski ...
Result:
List of 3
 $ idi   : int 9905
 $ lrn   : chr [1:3] "randomForest" "oob" ""
 $ result: Named num [1:5] 0.52 0.484 0.563 0.48 0.633
  ..- attr(*, "names")= chr [1:5] "ACC" "BER" "multiclass.brier" "MMCE" ...
NULL
Writing result file: /home/probst/Random_Forest/RFSplitbias/results/Splitbias-files/jobs/49/10249-result.RData
########## Executing jid=10250 ##########
Timestamp: 2016-04-28 16:25:23
Experiment: 
  Problem: taski 
  Problem parameters: idi=9905, learner=, teststat=, testtype= 
  Algorithm: forest.splitbias.oob 
  Algorithm parameters:  
  Replication: 27 
  Seed: 10250 
  Problem seed: 149 
Setting seed: 10250
Applying Algorithm forest.splitbias.oob ...
Generating problem taski ...
Result:
List of 3
 $ idi   : int 9905
 $ lrn   : chr [1:3] "randomForest" "oob" ""
 $ result: Named num [1:5] 0.509 0.494 0.564 0.491 0.632
  ..- attr(*, "names")= chr [1:5] "ACC" "BER" "multiclass.brier" "MMCE" ...
NULL
Writing result file: /home/probst/Random_Forest/RFSplitbias/results/Splitbias-files/jobs/50/10250-result.RData
########## Executing jid=10251 ##########
Timestamp: 2016-04-28 16:25:24
Experiment: 
  Problem: taski 
  Problem parameters: idi=9905, learner=, teststat=, testtype= 
  Algorithm: forest.splitbias.oob 
  Algorithm parameters:  
  Replication: 28 
  Seed: 10251 
  Problem seed: 150 
Setting seed: 10251
Applying Algorithm forest.splitbias.oob ...
Generating problem taski ...
Result:
List of 3
 $ idi   : int 9905
 $ lrn   : chr [1:3] "randomForest" "oob" ""
 $ result: Named num [1:5] 0.5 0.504 0.563 0.5 0.636
  ..- attr(*, "names")= chr [1:5] "ACC" "BER" "multiclass.brier" "MMCE" ...
NULL
Writing result file: /home/probst/Random_Forest/RFSplitbias/results/Splitbias-files/jobs/51/10251-result.RData
########## Executing jid=10252 ##########
Timestamp: 2016-04-28 16:25:26
Experiment: 
  Problem: taski 
  Problem parameters: idi=9905, learner=, teststat=, testtype= 
  Algorithm: forest.splitbias.oob 
  Algorithm parameters:  
  Replication: 29 
  Seed: 10252 
  Problem seed: 151 
Setting seed: 10252
Applying Algorithm forest.splitbias.oob ...
Generating problem taski ...
Result:
List of 3
 $ idi   : int 9905
 $ lrn   : chr [1:3] "randomForest" "oob" ""
 $ result: Named num [1:5] 0.521 0.482 0.567 0.479 0.628
  ..- attr(*, "names")= chr [1:5] "ACC" "BER" "multiclass.brier" "MMCE" ...
NULL
Writing result file: /home/probst/Random_Forest/RFSplitbias/results/Splitbias-files/jobs/52/10252-result.RData
########## Executing jid=10253 ##########
Timestamp: 2016-04-28 16:25:27
Experiment: 
  Problem: taski 
  Problem parameters: idi=9905, learner=, teststat=, testtype= 
  Algorithm: forest.splitbias.oob 
  Algorithm parameters:  
  Replication: 30 
  Seed: 10253 
  Problem seed: 152 
Setting seed: 10253
Applying Algorithm forest.splitbias.oob ...
Generating problem taski ...
Result:
List of 3
 $ idi   : int 9905
 $ lrn   : chr [1:3] "randomForest" "oob" ""
 $ result: Named num [1:5] 0.509 0.495 0.567 0.491 0.627
  ..- attr(*, "names")= chr [1:5] "ACC" "BER" "multiclass.brier" "MMCE" ...
NULL
Writing result file: /home/probst/Random_Forest/RFSplitbias/results/Splitbias-files/jobs/53/10253-result.RData
########## Executing jid=10254 ##########
Timestamp: 2016-04-28 16:25:29
Experiment: 
  Problem: taski 
  Problem parameters: idi=9905, learner=, teststat=, testtype= 
  Algorithm: forest.splitbias.oob 
  Algorithm parameters:  
  Replication: 31 
  Seed: 10254 
  Problem seed: 153 
Setting seed: 10254
Applying Algorithm forest.splitbias.oob ...
Generating problem taski ...
Result:
List of 3
 $ idi   : int 9905
 $ lrn   : chr [1:3] "randomForest" "oob" ""
 $ result: Named num [1:5] 0.513 0.491 0.565 0.487 0.632
  ..- attr(*, "names")= chr [1:5] "ACC" "BER" "multiclass.brier" "MMCE" ...
NULL
Writing result file: /home/probst/Random_Forest/RFSplitbias/results/Splitbias-files/jobs/54/10254-result.RData
########## Executing jid=10255 ##########
Timestamp: 2016-04-28 16:25:30
Experiment: 
  Problem: taski 
  Problem parameters: idi=9905, learner=, teststat=, testtype= 
  Algorithm: forest.splitbias.oob 
  Algorithm parameters:  
  Replication: 32 
  Seed: 10255 
  Problem seed: 154 
Setting seed: 10255
Applying Algorithm forest.splitbias.oob ...
Generating problem taski ...
Result:
List of 3
 $ idi   : int 9905
 $ lrn   : chr [1:3] "randomForest" "oob" ""
 $ result: Named num [1:5] 0.501 0.502 0.566 0.499 0.631
  ..- attr(*, "names")= chr [1:5] "ACC" "BER" "multiclass.brier" "MMCE" ...
NULL
Writing result file: /home/probst/Random_Forest/RFSplitbias/results/Splitbias-files/jobs/55/10255-result.RData
########## Executing jid=10256 ##########
Timestamp: 2016-04-28 16:25:32
Experiment: 
  Problem: taski 
  Problem parameters: idi=9905, learner=, teststat=, testtype= 
  Algorithm: forest.splitbias.oob 
  Algorithm parameters:  
  Replication: 33 
  Seed: 10256 
  Problem seed: 155 
Setting seed: 10256
Applying Algorithm forest.splitbias.oob ...
Generating problem taski ...
Result:
List of 3
 $ idi   : int 9905
 $ lrn   : chr [1:3] "randomForest" "oob" ""
 $ result: Named num [1:5] 0.507 0.496 0.567 0.493 0.635
  ..- attr(*, "names")= chr [1:5] "ACC" "BER" "multiclass.brier" "MMCE" ...
NULL
Writing result file: /home/probst/Random_Forest/RFSplitbias/results/Splitbias-files/jobs/56/10256-result.RData
########## Executing jid=10257 ##########
Timestamp: 2016-04-28 16:25:33
Experiment: 
  Problem: taski 
  Problem parameters: idi=9905, learner=, teststat=, testtype= 
  Algorithm: forest.splitbias.oob 
  Algorithm parameters:  
  Replication: 34 
  Seed: 10257 
  Problem seed: 156 
Setting seed: 10257
Applying Algorithm forest.splitbias.oob ...
Generating problem taski ...
Result:
List of 3
 $ idi   : int 9905
 $ lrn   : chr [1:3] "randomForest" "oob" ""
 $ result: Named num [1:5] 0.509 0.495 0.565 0.491 0.634
  ..- attr(*, "names")= chr [1:5] "ACC" "BER" "multiclass.brier" "MMCE" ...
NULL
Writing result file: /home/probst/Random_Forest/RFSplitbias/results/Splitbias-files/jobs/57/10257-result.RData
########## Executing jid=10258 ##########
Timestamp: 2016-04-28 16:25:35
Experiment: 
  Problem: taski 
  Problem parameters: idi=9905, learner=, teststat=, testtype= 
  Algorithm: forest.splitbias.oob 
  Algorithm parameters:  
  Replication: 35 
  Seed: 10258 
  Problem seed: 157 
Setting seed: 10258
Applying Algorithm forest.splitbias.oob ...
Generating problem taski ...
Result:
List of 3
 $ idi   : int 9905
 $ lrn   : chr [1:3] "randomForest" "oob" ""
 $ result: Named num [1:5] 0.51 0.493 0.565 0.49 0.631
  ..- attr(*, "names")= chr [1:5] "ACC" "BER" "multiclass.brier" "MMCE" ...
NULL
Writing result file: /home/probst/Random_Forest/RFSplitbias/results/Splitbias-files/jobs/58/10258-result.RData
########## Executing jid=10259 ##########
Timestamp: 2016-04-28 16:25:36
Experiment: 
  Problem: taski 
  Problem parameters: idi=9905, learner=, teststat=, testtype= 
  Algorithm: forest.splitbias.oob 
  Algorithm parameters:  
  Replication: 36 
  Seed: 10259 
  Problem seed: 158 
Setting seed: 10259
Applying Algorithm forest.splitbias.oob ...
Generating problem taski ...
Result:
List of 3
 $ idi   : int 9905
 $ lrn   : chr [1:3] "randomForest" "oob" ""
 $ result: Named num [1:5] 0.506 0.497 0.567 0.494 0.628
  ..- attr(*, "names")= chr [1:5] "ACC" "BER" "multiclass.brier" "MMCE" ...
NULL
Writing result file: /home/probst/Random_Forest/RFSplitbias/results/Splitbias-files/jobs/59/10259-result.RData
########## Executing jid=10260 ##########
Timestamp: 2016-04-28 16:25:38
Experiment: 
  Problem: taski 
  Problem parameters: idi=9905, learner=, teststat=, testtype= 
  Algorithm: forest.splitbias.oob 
  Algorithm parameters:  
  Replication: 37 
  Seed: 10260 
  Problem seed: 159 
Setting seed: 10260
Applying Algorithm forest.splitbias.oob ...
Generating problem taski ...
Result:
List of 3
 $ idi   : int 9905
 $ lrn   : chr [1:3] "randomForest" "oob" ""
 $ result: Named num [1:5] 0.5 0.504 0.566 0.5 0.628
  ..- attr(*, "names")= chr [1:5] "ACC" "BER" "multiclass.brier" "MMCE" ...
NULL
Writing result file: /home/probst/Random_Forest/RFSplitbias/results/Splitbias-files/jobs/60/10260-result.RData
########## Executing jid=10261 ##########
Timestamp: 2016-04-28 16:25:39
Experiment: 
  Problem: taski 
  Problem parameters: idi=9905, learner=, teststat=, testtype= 
  Algorithm: forest.splitbias.oob 
  Algorithm parameters:  
  Replication: 38 
  Seed: 10261 
  Problem seed: 160 
Setting seed: 10261
Applying Algorithm forest.splitbias.oob ...
Generating problem taski ...
Result:
List of 3
 $ idi   : int 9905
 $ lrn   : chr [1:3] "randomForest" "oob" ""
 $ result: Named num [1:5] 0.513 0.49 0.565 0.487 0.627
  ..- attr(*, "names")= chr [1:5] "ACC" "BER" "multiclass.brier" "MMCE" ...
NULL
Writing result file: /home/probst/Random_Forest/RFSplitbias/results/Splitbias-files/jobs/61/10261-result.RData
########## Executing jid=10262 ##########
Timestamp: 2016-04-28 16:25:41
Experiment: 
  Problem: taski 
  Problem parameters: idi=9905, learner=, teststat=, testtype= 
  Algorithm: forest.splitbias.oob 
  Algorithm parameters:  
  Replication: 39 
  Seed: 10262 
  Problem seed: 161 
Setting seed: 10262
Applying Algorithm forest.splitbias.oob ...
Generating problem taski ...
Result:
List of 3
 $ idi   : int 9905
 $ lrn   : chr [1:3] "randomForest" "oob" ""
 $ result: Named num [1:5] 0.501 0.502 0.568 0.499 0.635
  ..- attr(*, "names")= chr [1:5] "ACC" "BER" "multiclass.brier" "MMCE" ...
NULL
Writing result file: /home/probst/Random_Forest/RFSplitbias/results/Splitbias-files/jobs/62/10262-result.RData
########## Executing jid=10263 ##########
Timestamp: 2016-04-28 16:25:42
Experiment: 
  Problem: taski 
  Problem parameters: idi=9905, learner=, teststat=, testtype= 
  Algorithm: forest.splitbias.oob 
  Algorithm parameters:  
  Replication: 40 
  Seed: 10263 
  Problem seed: 162 
Setting seed: 10263
Applying Algorithm forest.splitbias.oob ...
Generating problem taski ...
Result:
List of 3
 $ idi   : int 9905
 $ lrn   : chr [1:3] "randomForest" "oob" ""
 $ result: Named num [1:5] 0.494 0.509 0.566 0.506 0.631
  ..- attr(*, "names")= chr [1:5] "ACC" "BER" "multiclass.brier" "MMCE" ...
NULL
Writing result file: /home/probst/Random_Forest/RFSplitbias/results/Splitbias-files/jobs/63/10263-result.RData
########## Executing jid=10264 ##########
Timestamp: 2016-04-28 16:25:44
Experiment: 
  Problem: taski 
  Problem parameters: idi=9905, learner=, teststat=, testtype= 
  Algorithm: forest.splitbias.oob 
  Algorithm parameters:  
  Replication: 41 
  Seed: 10264 
  Problem seed: 163 
Setting seed: 10264
Applying Algorithm forest.splitbias.oob ...
Generating problem taski ...
Result:
List of 3
 $ idi   : int 9905
 $ lrn   : chr [1:3] "randomForest" "oob" ""
 $ result: Named num [1:5] 0.504 0.5 0.565 0.496 0.629
  ..- attr(*, "names")= chr [1:5] "ACC" "BER" "multiclass.brier" "MMCE" ...
NULL
Writing result file: /home/probst/Random_Forest/RFSplitbias/results/Splitbias-files/jobs/64/10264-result.RData
########## Executing jid=10265 ##########
Timestamp: 2016-04-28 16:25:45
Experiment: 
  Problem: taski 
  Problem parameters: idi=9905, learner=, teststat=, testtype= 
  Algorithm: forest.splitbias.oob 
  Algorithm parameters:  
  Replication: 42 
  Seed: 10265 
  Problem seed: 164 
Setting seed: 10265
Applying Algorithm forest.splitbias.oob ...
Generating problem taski ...
Result:
List of 3
 $ idi   : int 9905
 $ lrn   : chr [1:3] "randomForest" "oob" ""
 $ result: Named num [1:5] 0.51 0.493 0.565 0.49 0.631
  ..- attr(*, "names")= chr [1:5] "ACC" "BER" "multiclass.brier" "MMCE" ...
NULL
Writing result file: /home/probst/Random_Forest/RFSplitbias/results/Splitbias-files/jobs/65/10265-result.RData
########## Executing jid=10266 ##########
Timestamp: 2016-04-28 16:25:47
Experiment: 
  Problem: taski 
  Problem parameters: idi=9905, learner=, teststat=, testtype= 
  Algorithm: forest.splitbias.oob 
  Algorithm parameters:  
  Replication: 43 
  Seed: 10266 
  Problem seed: 165 
Setting seed: 10266
Applying Algorithm forest.splitbias.oob ...
Generating problem taski ...
Result:
List of 3
 $ idi   : int 9905
 $ lrn   : chr [1:3] "randomForest" "oob" ""
 $ result: Named num [1:5] 0.509 0.494 0.568 0.491 0.627
  ..- attr(*, "names")= chr [1:5] "ACC" "BER" "multiclass.brier" "MMCE" ...
NULL
Writing result file: /home/probst/Random_Forest/RFSplitbias/results/Splitbias-files/jobs/66/10266-result.RData
########## Executing jid=10267 ##########
Timestamp: 2016-04-28 16:25:49
Experiment: 
  Problem: taski 
  Problem parameters: idi=9905, learner=, teststat=, testtype= 
  Algorithm: forest.splitbias.oob 
  Algorithm parameters:  
  Replication: 44 
  Seed: 10267 
  Problem seed: 166 
Setting seed: 10267
Applying Algorithm forest.splitbias.oob ...
Generating problem taski ...
Result:
List of 3
 $ idi   : int 9905
 $ lrn   : chr [1:3] "randomForest" "oob" ""
 $ result: Named num [1:5] 0.503 0.501 0.568 0.497 0.631
  ..- attr(*, "names")= chr [1:5] "ACC" "BER" "multiclass.brier" "MMCE" ...
NULL
Writing result file: /home/probst/Random_Forest/RFSplitbias/results/Splitbias-files/jobs/67/10267-result.RData
########## Executing jid=10268 ##########
Timestamp: 2016-04-28 16:25:50
Experiment: 
  Problem: taski 
  Problem parameters: idi=9905, learner=, teststat=, testtype= 
  Algorithm: forest.splitbias.oob 
  Algorithm parameters:  
  Replication: 45 
  Seed: 10268 
  Problem seed: 167 
Setting seed: 10268
Applying Algorithm forest.splitbias.oob ...
Generating problem taski ...
Result:
List of 3
 $ idi   : int 9905
 $ lrn   : chr [1:3] "randomForest" "oob" ""
 $ result: Named num [1:5] 0.51 0.493 0.563 0.49 0.637
  ..- attr(*, "names")= chr [1:5] "ACC" "BER" "multiclass.brier" "MMCE" ...
NULL
Writing result file: /home/probst/Random_Forest/RFSplitbias/results/Splitbias-files/jobs/68/10268-result.RData
########## Executing jid=10269 ##########
Timestamp: 2016-04-28 16:25:52
Experiment: 
  Problem: taski 
  Problem parameters: idi=9905, learner=, teststat=, testtype= 
  Algorithm: forest.splitbias.oob 
  Algorithm parameters:  
  Replication: 46 
  Seed: 10269 
  Problem seed: 168 
Setting seed: 10269
Applying Algorithm forest.splitbias.oob ...
Generating problem taski ...
Result:
List of 3
 $ idi   : int 9905
 $ lrn   : chr [1:3] "randomForest" "oob" ""
 $ result: Named num [1:5] 0.511 0.492 0.565 0.489 0.624
  ..- attr(*, "names")= chr [1:5] "ACC" "BER" "multiclass.brier" "MMCE" ...
NULL
Writing result file: /home/probst/Random_Forest/RFSplitbias/results/Splitbias-files/jobs/69/10269-result.RData
########## Executing jid=10270 ##########
Timestamp: 2016-04-28 16:25:53
Experiment: 
  Problem: taski 
  Problem parameters: idi=9905, learner=, teststat=, testtype= 
  Algorithm: forest.splitbias.oob 
  Algorithm parameters:  
  Replication: 47 
  Seed: 10270 
  Problem seed: 169 
Setting seed: 10270
Applying Algorithm forest.splitbias.oob ...
Generating problem taski ...
Result:
List of 3
 $ idi   : int 9905
 $ lrn   : chr [1:3] "randomForest" "oob" ""
 $ result: Named num [1:5] 0.504 0.499 0.564 0.496 0.621
  ..- attr(*, "names")= chr [1:5] "ACC" "BER" "multiclass.brier" "MMCE" ...
NULL
Writing result file: /home/probst/Random_Forest/RFSplitbias/results/Splitbias-files/jobs/70/10270-result.RData
########## Executing jid=10271 ##########
Timestamp: 2016-04-28 16:25:55
Experiment: 
  Problem: taski 
  Problem parameters: idi=9905, learner=, teststat=, testtype= 
  Algorithm: forest.splitbias.oob 
  Algorithm parameters:  
  Replication: 48 
  Seed: 10271 
  Problem seed: 170 
Setting seed: 10271
Applying Algorithm forest.splitbias.oob ...
Generating problem taski ...
Result:
List of 3
 $ idi   : int 9905
 $ lrn   : chr [1:3] "randomForest" "oob" ""
 $ result: Named num [1:5] 0.504 0.499 0.566 0.496 0.632
  ..- attr(*, "names")= chr [1:5] "ACC" "BER" "multiclass.brier" "MMCE" ...
NULL
Writing result file: /home/probst/Random_Forest/RFSplitbias/results/Splitbias-files/jobs/71/10271-result.RData
########## Executing jid=10272 ##########
Timestamp: 2016-04-28 16:25:56
Experiment: 
  Problem: taski 
  Problem parameters: idi=9905, learner=, teststat=, testtype= 
  Algorithm: forest.splitbias.oob 
  Algorithm parameters:  
  Replication: 49 
  Seed: 10272 
  Problem seed: 171 
Setting seed: 10272
Applying Algorithm forest.splitbias.oob ...
Generating problem taski ...
Result:
List of 3
 $ idi   : int 9905
 $ lrn   : chr [1:3] "randomForest" "oob" ""
 $ result: Named num [1:5] 0.509 0.494 0.567 0.491 0.634
  ..- attr(*, "names")= chr [1:5] "ACC" "BER" "multiclass.brier" "MMCE" ...
NULL
Writing result file: /home/probst/Random_Forest/RFSplitbias/results/Splitbias-files/jobs/72/10272-result.RData
########## Executing jid=10273 ##########
Timestamp: 2016-04-28 16:25:58
Experiment: 
  Problem: taski 
  Problem parameters: idi=9905, learner=, teststat=, testtype= 
  Algorithm: forest.splitbias.oob 
  Algorithm parameters:  
  Replication: 50 
  Seed: 10273 
  Problem seed: 172 
Setting seed: 10273
Applying Algorithm forest.splitbias.oob ...
Generating problem taski ...
Result:
List of 3
 $ idi   : int 9905
 $ lrn   : chr [1:3] "randomForest" "oob" ""
 $ result: Named num [1:5] 0.507 0.497 0.567 0.493 0.631
  ..- attr(*, "names")= chr [1:5] "ACC" "BER" "multiclass.brier" "MMCE" ...
NULL
Writing result file: /home/probst/Random_Forest/RFSplitbias/results/Splitbias-files/jobs/73/10273-result.RData
########## Executing jid=10274 ##########
Timestamp: 2016-04-28 16:25:59
Experiment: 
  Problem: taski 
  Problem parameters: idi=3706, learner=, teststat=, testtype= 
  Algorithm: forest.splitbias.oob 
  Algorithm parameters:  
  Replication: 11 
  Seed: 10274 
  Problem seed: 133 
Setting seed: 10274
Applying Algorithm forest.splitbias.oob ...
Generating problem taski ...
Result:
List of 3
 $ idi   : int 3706
 $ lrn   : chr [1:3] "randomForest" "oob" ""
 $ result: Named num [1:5] 0.9705 0.0296 0.0463 0.0295 0.5275
  ..- attr(*, "names")= chr [1:5] "ACC" "BER" "multiclass.brier" "MMCE" ...
NULL
Writing result file: /home/probst/Random_Forest/RFSplitbias/results/Splitbias-files/jobs/74/10274-result.RData
########## Executing jid=10275 ##########
Timestamp: 2016-04-28 16:26:00
Experiment: 
  Problem: taski 
  Problem parameters: idi=3706, learner=, teststat=, testtype= 
  Algorithm: forest.splitbias.oob 
  Algorithm parameters:  
  Replication: 12 
  Seed: 10275 
  Problem seed: 134 
Setting seed: 10275
Applying Algorithm forest.splitbias.oob ...
Generating problem taski ...
Result:
List of 3
 $ idi   : int 3706
 $ lrn   : chr [1:3] "randomForest" "oob" ""
 $ result: Named num [1:5] 0.9705 0.0294 0.0455 0.0295 0.5353
  ..- attr(*, "names")= chr [1:5] "ACC" "BER" "multiclass.brier" "MMCE" ...
NULL
Writing result file: /home/probst/Random_Forest/RFSplitbias/results/Splitbias-files/jobs/75/10275-result.RData
########## Executing jid=10276 ##########
Timestamp: 2016-04-28 16:26:01
Experiment: 
  Problem: taski 
  Problem parameters: idi=3706, learner=, teststat=, testtype= 
  Algorithm: forest.splitbias.oob 
  Algorithm parameters:  
  Replication: 13 
  Seed: 10276 
  Problem seed: 135 
Setting seed: 10276
Applying Algorithm forest.splitbias.oob ...
Generating problem taski ...
Result:
List of 3
 $ idi   : int 3706
 $ lrn   : chr [1:3] "randomForest" "oob" ""
 $ result: Named num [1:5] 0.9695 0.0305 0.0457 0.0305 0.5292
  ..- attr(*, "names")= chr [1:5] "ACC" "BER" "multiclass.brier" "MMCE" ...
NULL
Writing result file: /home/probst/Random_Forest/RFSplitbias/results/Splitbias-files/jobs/76/10276-result.RData
########## Executing jid=10277 ##########
Timestamp: 2016-04-28 16:26:03
Experiment: 
  Problem: taski 
  Problem parameters: idi=3706, learner=, teststat=, testtype= 
  Algorithm: forest.splitbias.oob 
  Algorithm parameters:  
  Replication: 14 
  Seed: 10277 
  Problem seed: 136 
Setting seed: 10277
Applying Algorithm forest.splitbias.oob ...
Generating problem taski ...
Result:
List of 3
 $ idi   : int 3706
 $ lrn   : chr [1:3] "randomForest" "oob" ""
 $ result: Named num [1:5] 0.9737 0.0264 0.0451 0.0263 0.5258
  ..- attr(*, "names")= chr [1:5] "ACC" "BER" "multiclass.brier" "MMCE" ...
NULL
Writing result file: /home/probst/Random_Forest/RFSplitbias/results/Splitbias-files/jobs/77/10277-result.RData
########## Executing jid=10278 ##########
Timestamp: 2016-04-28 16:26:04
Experiment: 
  Problem: taski 
  Problem parameters: idi=3706, learner=, teststat=, testtype= 
  Algorithm: forest.splitbias.oob 
  Algorithm parameters:  
  Replication: 15 
  Seed: 10278 
  Problem seed: 137 
Setting seed: 10278
Applying Algorithm forest.splitbias.oob ...
Generating problem taski ...
Result:
List of 3
 $ idi   : int 3706
 $ lrn   : chr [1:3] "randomForest" "oob" ""
 $ result: Named num [1:5] 0.9705 0.0294 0.0455 0.0295 0.5305
  ..- attr(*, "names")= chr [1:5] "ACC" "BER" "multiclass.brier" "MMCE" ...
NULL
Writing result file: /home/probst/Random_Forest/RFSplitbias/results/Splitbias-files/jobs/78/10278-result.RData
########## Executing jid=10279 ##########
Timestamp: 2016-04-28 16:26:05
Experiment: 
  Problem: taski 
  Problem parameters: idi=3706, learner=, teststat=, testtype= 
  Algorithm: forest.splitbias.oob 
  Algorithm parameters:  
  Replication: 16 
  Seed: 10279 
  Problem seed: 138 
Setting seed: 10279
Applying Algorithm forest.splitbias.oob ...
Generating problem taski ...
Result:
List of 3
 $ idi   : int 3706
 $ lrn   : chr [1:3] "randomForest" "oob" ""
 $ result: Named num [1:5] 0.9684 0.0315 0.0461 0.0316 0.5192
  ..- attr(*, "names")= chr [1:5] "ACC" "BER" "multiclass.brier" "MMCE" ...
NULL
Writing result file: /home/probst/Random_Forest/RFSplitbias/results/Splitbias-files/jobs/79/10279-result.RData
########## Executing jid=10280 ##########
Timestamp: 2016-04-28 16:26:06
Experiment: 
  Problem: taski 
  Problem parameters: idi=3706, learner=, teststat=, testtype= 
  Algorithm: forest.splitbias.oob 
  Algorithm parameters:  
  Replication: 17 
  Seed: 10280 
  Problem seed: 139 
Setting seed: 10280
Applying Algorithm forest.splitbias.oob ...
Generating problem taski ...
Result:
List of 3
 $ idi   : int 3706
 $ lrn   : chr [1:3] "randomForest" "oob" ""
 $ result: Named num [1:5] 0.9737 0.0262 0.0446 0.0263 0.5252
  ..- attr(*, "names")= chr [1:5] "ACC" "BER" "multiclass.brier" "MMCE" ...
NULL
Writing result file: /home/probst/Random_Forest/RFSplitbias/results/Splitbias-files/jobs/80/10280-result.RData
########## Executing jid=10281 ##########
Timestamp: 2016-04-28 16:26:07
Experiment: 
  Problem: taski 
  Problem parameters: idi=3706, learner=, teststat=, testtype= 
  Algorithm: forest.splitbias.oob 
  Algorithm parameters:  
  Replication: 18 
  Seed: 10281 
  Problem seed: 140 
Setting seed: 10281
Applying Algorithm forest.splitbias.oob ...
Generating problem taski ...
Result:
List of 3
 $ idi   : int 3706
 $ lrn   : chr [1:3] "randomForest" "oob" ""
 $ result: Named num [1:5] 0.9705 0.0294 0.0453 0.0295 0.5277
  ..- attr(*, "names")= chr [1:5] "ACC" "BER" "multiclass.brier" "MMCE" ...
NULL
Writing result file: /home/probst/Random_Forest/RFSplitbias/results/Splitbias-files/jobs/81/10281-result.RData
########## Executing jid=10282 ##########
Timestamp: 2016-04-28 16:26:08
Experiment: 
  Problem: taski 
  Problem parameters: idi=3706, learner=, teststat=, testtype= 
  Algorithm: forest.splitbias.oob 
  Algorithm parameters:  
  Replication: 19 
  Seed: 10282 
  Problem seed: 141 
Setting seed: 10282
Applying Algorithm forest.splitbias.oob ...
Generating problem taski ...
Result:
List of 3
 $ idi   : int 3706
 $ lrn   : chr [1:3] "randomForest" "oob" ""
 $ result: Named num [1:5] 0.9684 0.0316 0.046 0.0316 0.5268
  ..- attr(*, "names")= chr [1:5] "ACC" "BER" "multiclass.brier" "MMCE" ...
NULL
Writing result file: /home/probst/Random_Forest/RFSplitbias/results/Splitbias-files/jobs/82/10282-result.RData
########## Executing jid=10283 ##########
Timestamp: 2016-04-28 16:26:10
Experiment: 
  Problem: taski 
  Problem parameters: idi=3706, learner=, teststat=, testtype= 
  Algorithm: forest.splitbias.oob 
  Algorithm parameters:  
  Replication: 20 
  Seed: 10283 
  Problem seed: 142 
Setting seed: 10283
Applying Algorithm forest.splitbias.oob ...
Generating problem taski ...
Result:
List of 3
 $ idi   : int 3706
 $ lrn   : chr [1:3] "randomForest" "oob" ""
 $ result: Named num [1:5] 0.9684 0.0316 0.0464 0.0316 0.5338
  ..- attr(*, "names")= chr [1:5] "ACC" "BER" "multiclass.brier" "MMCE" ...
NULL
Writing result file: /home/probst/Random_Forest/RFSplitbias/results/Splitbias-files/jobs/83/10283-result.RData
########## Executing jid=10284 ##########
Timestamp: 2016-04-28 16:26:11
Experiment: 
  Problem: taski 
  Problem parameters: idi=3706, learner=, teststat=, testtype= 
  Algorithm: forest.splitbias.oob 
  Algorithm parameters:  
  Replication: 21 
  Seed: 10284 
  Problem seed: 143 
Setting seed: 10284
Applying Algorithm forest.splitbias.oob ...
Generating problem taski ...
Result:
List of 3
 $ idi   : int 3706
 $ lrn   : chr [1:3] "randomForest" "oob" ""
 $ result: Named num [1:5] 0.9705 0.0295 0.0458 0.0295 0.5283
  ..- attr(*, "names")= chr [1:5] "ACC" "BER" "multiclass.brier" "MMCE" ...
NULL
Writing result file: /home/probst/Random_Forest/RFSplitbias/results/Splitbias-files/jobs/84/10284-result.RData
########## Executing jid=10285 ##########
Timestamp: 2016-04-28 16:26:12
Experiment: 
  Problem: taski 
  Problem parameters: idi=3706, learner=, teststat=, testtype= 
  Algorithm: forest.splitbias.oob 
  Algorithm parameters:  
  Replication: 22 
  Seed: 10285 
  Problem seed: 144 
Setting seed: 10285
Applying Algorithm forest.splitbias.oob ...
Generating problem taski ...
Result:
List of 3
 $ idi   : int 3706
 $ lrn   : chr [1:3] "randomForest" "oob" ""
 $ result: Named num [1:5] 0.9684 0.0315 0.0462 0.0316 0.5287
  ..- attr(*, "names")= chr [1:5] "ACC" "BER" "multiclass.brier" "MMCE" ...
NULL
Writing result file: /home/probst/Random_Forest/RFSplitbias/results/Splitbias-files/jobs/85/10285-result.RData
########## Executing jid=10286 ##########
Timestamp: 2016-04-28 16:26:13
Experiment: 
  Problem: taski 
  Problem parameters: idi=3706, learner=, teststat=, testtype= 
  Algorithm: forest.splitbias.oob 
  Algorithm parameters:  
  Replication: 23 
  Seed: 10286 
  Problem seed: 145 
Setting seed: 10286
Applying Algorithm forest.splitbias.oob ...
Generating problem taski ...
Result:
List of 3
 $ idi   : int 3706
 $ lrn   : chr [1:3] "randomForest" "oob" ""
 $ result: Named num [1:5] 0.9695 0.0305 0.046 0.0305 0.5358
  ..- attr(*, "names")= chr [1:5] "ACC" "BER" "multiclass.brier" "MMCE" ...
NULL
Writing result file: /home/probst/Random_Forest/RFSplitbias/results/Splitbias-files/jobs/86/10286-result.RData
########## Executing jid=10287 ##########
Timestamp: 2016-04-28 16:26:14
Experiment: 
  Problem: taski 
  Problem parameters: idi=3706, learner=, teststat=, testtype= 
  Algorithm: forest.splitbias.oob 
  Algorithm parameters:  
  Replication: 24 
  Seed: 10287 
  Problem seed: 146 
Setting seed: 10287
Applying Algorithm forest.splitbias.oob ...
Generating problem taski ...
Result:
List of 3
 $ idi   : int 3706
 $ lrn   : chr [1:3] "randomForest" "oob" ""
 $ result: Named num [1:5] 0.9705 0.0295 0.0445 0.0295 0.5214
  ..- attr(*, "names")= chr [1:5] "ACC" "BER" "multiclass.brier" "MMCE" ...
NULL
Writing result file: /home/probst/Random_Forest/RFSplitbias/results/Splitbias-files/jobs/87/10287-result.RData
########## Executing jid=10288 ##########
Timestamp: 2016-04-28 16:26:15
Experiment: 
  Problem: taski 
  Problem parameters: idi=3706, learner=, teststat=, testtype= 
  Algorithm: forest.splitbias.oob 
  Algorithm parameters:  
  Replication: 25 
  Seed: 10288 
  Problem seed: 147 
Setting seed: 10288
Applying Algorithm forest.splitbias.oob ...
Generating problem taski ...
Result:
List of 3
 $ idi   : int 3706
 $ lrn   : chr [1:3] "randomForest" "oob" ""
 $ result: Named num [1:5] 0.9705 0.0294 0.0454 0.0295 0.5265
  ..- attr(*, "names")= chr [1:5] "ACC" "BER" "multiclass.brier" "MMCE" ...
NULL
Writing result file: /home/probst/Random_Forest/RFSplitbias/results/Splitbias-files/jobs/88/10288-result.RData
########## Executing jid=10289 ##########
Timestamp: 2016-04-28 16:26:16
Experiment: 
  Problem: taski 
  Problem parameters: idi=3706, learner=, teststat=, testtype= 
  Algorithm: forest.splitbias.oob 
  Algorithm parameters:  
  Replication: 26 
  Seed: 10289 
  Problem seed: 148 
Setting seed: 10289
Applying Algorithm forest.splitbias.oob ...
Generating problem taski ...
Result:
List of 3
 $ idi   : int 3706
 $ lrn   : chr [1:3] "randomForest" "oob" ""
 $ result: Named num [1:5] 0.9684 0.0316 0.0455 0.0316 0.5252
  ..- attr(*, "names")= chr [1:5] "ACC" "BER" "multiclass.brier" "MMCE" ...
NULL
Writing result file: /home/probst/Random_Forest/RFSplitbias/results/Splitbias-files/jobs/89/10289-result.RData
########## Executing jid=10290 ##########
Timestamp: 2016-04-28 16:26:18
Experiment: 
  Problem: taski 
  Problem parameters: idi=3706, learner=, teststat=, testtype= 
  Algorithm: forest.splitbias.oob 
  Algorithm parameters:  
  Replication: 27 
  Seed: 10290 
  Problem seed: 149 
Setting seed: 10290
Applying Algorithm forest.splitbias.oob ...
Generating problem taski ...
Result:
List of 3
 $ idi   : int 3706
 $ lrn   : chr [1:3] "randomForest" "oob" ""
 $ result: Named num [1:5] 0.9716 0.0284 0.0463 0.0284 0.5245
  ..- attr(*, "names")= chr [1:5] "ACC" "BER" "multiclass.brier" "MMCE" ...
NULL
Writing result file: /home/probst/Random_Forest/RFSplitbias/results/Splitbias-files/jobs/90/10290-result.RData
########## Executing jid=10291 ##########
Timestamp: 2016-04-28 16:26:19
Experiment: 
  Problem: taski 
  Problem parameters: idi=3706, learner=, teststat=, testtype= 
  Algorithm: forest.splitbias.oob 
  Algorithm parameters:  
  Replication: 28 
  Seed: 10291 
  Problem seed: 150 
Setting seed: 10291
Applying Algorithm forest.splitbias.oob ...
Generating problem taski ...
Result:
List of 3
 $ idi   : int 3706
 $ lrn   : chr [1:3] "randomForest" "oob" ""
 $ result: Named num [1:5] 0.9716 0.0284 0.0458 0.0284 0.5254
  ..- attr(*, "names")= chr [1:5] "ACC" "BER" "multiclass.brier" "MMCE" ...
NULL
Writing result file: /home/probst/Random_Forest/RFSplitbias/results/Splitbias-files/jobs/91/10291-result.RData
########## Executing jid=10292 ##########
Timestamp: 2016-04-28 16:26:20
Experiment: 
  Problem: taski 
  Problem parameters: idi=3706, learner=, teststat=, testtype= 
  Algorithm: forest.splitbias.oob 
  Algorithm parameters:  
  Replication: 29 
  Seed: 10292 
  Problem seed: 151 
Setting seed: 10292
Applying Algorithm forest.splitbias.oob ...
Generating problem taski ...
Result:
List of 3
 $ idi   : int 3706
 $ lrn   : chr [1:3] "randomForest" "oob" ""
 $ result: Named num [1:5] 0.9716 0.0284 0.0454 0.0284 0.5323
  ..- attr(*, "names")= chr [1:5] "ACC" "BER" "multiclass.brier" "MMCE" ...
NULL
Writing result file: /home/probst/Random_Forest/RFSplitbias/results/Splitbias-files/jobs/92/10292-result.RData
########## Executing jid=10293 ##########
Timestamp: 2016-04-28 16:26:21
Experiment: 
  Problem: taski 
  Problem parameters: idi=3706, learner=, teststat=, testtype= 
  Algorithm: forest.splitbias.oob 
  Algorithm parameters:  
  Replication: 30 
  Seed: 10293 
  Problem seed: 152 
Setting seed: 10293
Applying Algorithm forest.splitbias.oob ...
Generating problem taski ...
Result:
List of 3
 $ idi   : int 3706
 $ lrn   : chr [1:3] "randomForest" "oob" ""
 $ result: Named num [1:5] 0.9663 0.0337 0.0464 0.0337 0.5231
  ..- attr(*, "names")= chr [1:5] "ACC" "BER" "multiclass.brier" "MMCE" ...
NULL
Writing result file: /home/probst/Random_Forest/RFSplitbias/results/Splitbias-files/jobs/93/10293-result.RData
########## Executing jid=10294 ##########
Timestamp: 2016-04-28 16:26:22
Experiment: 
  Problem: taski 
  Problem parameters: idi=3706, learner=, teststat=, testtype= 
  Algorithm: forest.splitbias.oob 
  Algorithm parameters:  
  Replication: 31 
  Seed: 10294 
  Problem seed: 153 
Setting seed: 10294
Applying Algorithm forest.splitbias.oob ...
Generating problem taski ...
Result:
List of 3
 $ idi   : int 3706
 $ lrn   : chr [1:3] "randomForest" "oob" ""
 $ result: Named num [1:5] 0.9726 0.0273 0.046 0.0274 0.5379
  ..- attr(*, "names")= chr [1:5] "ACC" "BER" "multiclass.brier" "MMCE" ...
NULL
Writing result file: /home/probst/Random_Forest/RFSplitbias/results/Splitbias-files/jobs/94/10294-result.RData
########## Executing jid=10295 ##########
Timestamp: 2016-04-28 16:26:23
Experiment: 
  Problem: taski 
  Problem parameters: idi=3706, learner=, teststat=, testtype= 
  Algorithm: forest.splitbias.oob 
  Algorithm parameters:  
  Replication: 32 
  Seed: 10295 
  Problem seed: 154 
Setting seed: 10295
Applying Algorithm forest.splitbias.oob ...
Generating problem taski ...
Result:
List of 3
 $ idi   : int 3706
 $ lrn   : chr [1:3] "randomForest" "oob" ""
 $ result: Named num [1:5] 0.9705 0.0295 0.0458 0.0295 0.5235
  ..- attr(*, "names")= chr [1:5] "ACC" "BER" "multiclass.brier" "MMCE" ...
NULL
Writing result file: /home/probst/Random_Forest/RFSplitbias/results/Splitbias-files/jobs/95/10295-result.RData
########## Executing jid=10296 ##########
Timestamp: 2016-04-28 16:26:25
Experiment: 
  Problem: taski 
  Problem parameters: idi=3706, learner=, teststat=, testtype= 
  Algorithm: forest.splitbias.oob 
  Algorithm parameters:  
  Replication: 33 
  Seed: 10296 
  Problem seed: 155 
Setting seed: 10296
Applying Algorithm forest.splitbias.oob ...
Generating problem taski ...
Result:
List of 3
 $ idi   : int 3706
 $ lrn   : chr [1:3] "randomForest" "oob" ""
 $ result: Named num [1:5] 0.9684 0.0315 0.046 0.0316 0.528
  ..- attr(*, "names")= chr [1:5] "ACC" "BER" "multiclass.brier" "MMCE" ...
NULL
Writing result file: /home/probst/Random_Forest/RFSplitbias/results/Splitbias-files/jobs/96/10296-result.RData
########## Executing jid=10297 ##########
Timestamp: 2016-04-28 16:26:26
Experiment: 
  Problem: taski 
  Problem parameters: idi=3706, learner=, teststat=, testtype= 
  Algorithm: forest.splitbias.oob 
  Algorithm parameters:  
  Replication: 34 
  Seed: 10297 
  Problem seed: 156 
Setting seed: 10297
Applying Algorithm forest.splitbias.oob ...
Generating problem taski ...
Result:
List of 3
 $ idi   : int 3706
 $ lrn   : chr [1:3] "randomForest" "oob" ""
 $ result: Named num [1:5] 0.9695 0.0305 0.0456 0.0305 0.5293
  ..- attr(*, "names")= chr [1:5] "ACC" "BER" "multiclass.brier" "MMCE" ...
NULL
Writing result file: /home/probst/Random_Forest/RFSplitbias/results/Splitbias-files/jobs/97/10297-result.RData
########## Executing jid=10298 ##########
Timestamp: 2016-04-28 16:26:27
Experiment: 
  Problem: taski 
  Problem parameters: idi=3706, learner=, teststat=, testtype= 
  Algorithm: forest.splitbias.oob 
  Algorithm parameters:  
  Replication: 35 
  Seed: 10298 
  Problem seed: 157 
Setting seed: 10298
Applying Algorithm forest.splitbias.oob ...
Generating problem taski ...
Result:
List of 3
 $ idi   : int 3706
 $ lrn   : chr [1:3] "randomForest" "oob" ""
 $ result: Named num [1:5] 0.9705 0.0294 0.0455 0.0295 0.5383
  ..- attr(*, "names")= chr [1:5] "ACC" "BER" "multiclass.brier" "MMCE" ...
NULL
Writing result file: /home/probst/Random_Forest/RFSplitbias/results/Splitbias-files/jobs/98/10298-result.RData
########## Executing jid=10299 ##########
Timestamp: 2016-04-28 16:26:28
Experiment: 
  Problem: taski 
  Problem parameters: idi=3706, learner=, teststat=, testtype= 
  Algorithm: forest.splitbias.oob 
  Algorithm parameters:  
  Replication: 36 
  Seed: 10299 
  Problem seed: 158 
Setting seed: 10299
Applying Algorithm forest.splitbias.oob ...
Generating problem taski ...
Result:
List of 3
 $ idi   : int 3706
 $ lrn   : chr [1:3] "randomForest" "oob" ""
 $ result: Named num [1:5] 0.9726 0.0274 0.046 0.0274 0.5181
  ..- attr(*, "names")= chr [1:5] "ACC" "BER" "multiclass.brier" "MMCE" ...
NULL
Writing result file: /home/probst/Random_Forest/RFSplitbias/results/Splitbias-files/jobs/99/10299-result.RData
########## Executing jid=10300 ##########
Timestamp: 2016-04-28 16:26:29
Experiment: 
  Problem: taski 
  Problem parameters: idi=3706, learner=, teststat=, testtype= 
  Algorithm: forest.splitbias.oob 
  Algorithm parameters:  
  Replication: 37 
  Seed: 10300 
  Problem seed: 159 
Setting seed: 10300
Applying Algorithm forest.splitbias.oob ...
Generating problem taski ...
Result:
List of 3
 $ idi   : int 3706
 $ lrn   : chr [1:3] "randomForest" "oob" ""
 $ result: Named num [1:5] 0.9705 0.0294 0.0451 0.0295 0.5268
  ..- attr(*, "names")= chr [1:5] "ACC" "BER" "multiclass.brier" "MMCE" ...
NULL
Writing result file: /home/probst/Random_Forest/RFSplitbias/results/Splitbias-files/jobs/00/10300-result.RData
########## Executing jid=10301 ##########
Timestamp: 2016-04-28 16:26:30
Experiment: 
  Problem: taski 
  Problem parameters: idi=3706, learner=, teststat=, testtype= 
  Algorithm: forest.splitbias.oob 
  Algorithm parameters:  
  Replication: 38 
  Seed: 10301 
  Problem seed: 160 
Setting seed: 10301
Applying Algorithm forest.splitbias.oob ...
Generating problem taski ...
Result:
List of 3
 $ idi   : int 3706
 $ lrn   : chr [1:3] "randomForest" "oob" ""
 $ result: Named num [1:5] 0.9695 0.0305 0.046 0.0305 0.5281
  ..- attr(*, "names")= chr [1:5] "ACC" "BER" "multiclass.brier" "MMCE" ...
NULL
Writing result file: /home/probst/Random_Forest/RFSplitbias/results/Splitbias-files/jobs/01/10301-result.RData
########## Executing jid=10302 ##########
Timestamp: 2016-04-28 16:26:32
Experiment: 
  Problem: taski 
  Problem parameters: idi=3706, learner=, teststat=, testtype= 
  Algorithm: forest.splitbias.oob 
  Algorithm parameters:  
  Replication: 39 
  Seed: 10302 
  Problem seed: 161 
Setting seed: 10302
Applying Algorithm forest.splitbias.oob ...
Generating problem taski ...
Result:
List of 3
 $ idi   : int 3706
 $ lrn   : chr [1:3] "randomForest" "oob" ""
 $ result: Named num [1:5] 0.9726 0.0273 0.0456 0.0274 0.525
  ..- attr(*, "names")= chr [1:5] "ACC" "BER" "multiclass.brier" "MMCE" ...
NULL
Writing result file: /home/probst/Random_Forest/RFSplitbias/results/Splitbias-files/jobs/02/10302-result.RData
########## Executing jid=10303 ##########
Timestamp: 2016-04-28 16:26:33
Experiment: 
  Problem: taski 
  Problem parameters: idi=3706, learner=, teststat=, testtype= 
  Algorithm: forest.splitbias.oob 
  Algorithm parameters:  
  Replication: 40 
  Seed: 10303 
  Problem seed: 162 
Setting seed: 10303
Applying Algorithm forest.splitbias.oob ...
Generating problem taski ...
Result:
List of 3
 $ idi   : int 3706
 $ lrn   : chr [1:3] "randomForest" "oob" ""
 $ result: Named num [1:5] 0.9684 0.0315 0.0462 0.0316 0.5187
  ..- attr(*, "names")= chr [1:5] "ACC" "BER" "multiclass.brier" "MMCE" ...
NULL
Writing result file: /home/probst/Random_Forest/RFSplitbias/results/Splitbias-files/jobs/03/10303-result.RData
2016-04-28 16:26:34: All done.
Setting work back to: /nfsmb/koll/probst/Random_Forest/RFSplitbias/results
Memory usage according to gc:
          used  (Mb) gc trigger  (Mb) max used  (Mb)
Ncells 1914884 102.3    3205452 171.2  2096739 112.0
Vcells 4660299  35.6   13264144 101.2 13260480 101.2
