Loading registry: /home/probst/Random_Forest/RFSplitbias/results/Splitbias-files/registry.RData
Loading conf: 
2016-04-28 16:28:25: Starting job on node lin65.
Auto-mailer settings: start=none, done=none, error=none.
Setting work dir: /nfsmb/koll/probst/Random_Forest/RFSplitbias/results
########## Executing jid=10404 ##########
Timestamp: 2016-04-28 16:28:25
Experiment: 
  Problem: taski 
  Problem parameters: idi=3019, learner=, teststat=, testtype= 
  Algorithm: forest.splitbias.oob 
  Algorithm parameters:  
  Replication: 21 
  Seed: 10404 
  Problem seed: 143 
Setting seed: 10404
Applying Algorithm forest.splitbias.oob ...
Generating problem taski ...
Result:
List of 3
 $ idi   : int 3019
 $ lrn   : chr [1:3] "randomForest" "oob" ""
 $ result: Named num [1:5] 0.87 0.132 0.189 0.13 0.568
  ..- attr(*, "names")= chr [1:5] "ACC" "BER" "multiclass.brier" "MMCE" ...
NULL
Writing result file: /home/probst/Random_Forest/RFSplitbias/results/Splitbias-files/jobs/04/10404-result.RData
########## Executing jid=10405 ##########
Timestamp: 2016-04-28 16:28:26
Experiment: 
  Problem: taski 
  Problem parameters: idi=3019, learner=, teststat=, testtype= 
  Algorithm: forest.splitbias.oob 
  Algorithm parameters:  
  Replication: 22 
  Seed: 10405 
  Problem seed: 144 
Setting seed: 10405
Applying Algorithm forest.splitbias.oob ...
Generating problem taski ...
Result:
List of 3
 $ idi   : int 3019
 $ lrn   : chr [1:3] "randomForest" "oob" ""
 $ result: Named num [1:5] 0.865 0.136 0.187 0.135 0.575
  ..- attr(*, "names")= chr [1:5] "ACC" "BER" "multiclass.brier" "MMCE" ...
NULL
Writing result file: /home/probst/Random_Forest/RFSplitbias/results/Splitbias-files/jobs/05/10405-result.RData
########## Executing jid=10406 ##########
Timestamp: 2016-04-28 16:28:27
Experiment: 
  Problem: taski 
  Problem parameters: idi=3019, learner=, teststat=, testtype= 
  Algorithm: forest.splitbias.oob 
  Algorithm parameters:  
  Replication: 23 
  Seed: 10406 
  Problem seed: 145 
Setting seed: 10406
Applying Algorithm forest.splitbias.oob ...
Generating problem taski ...
Result:
List of 3
 $ idi   : int 3019
 $ lrn   : chr [1:3] "randomForest" "oob" ""
 $ result: Named num [1:5] 0.868 0.133 0.19 0.132 0.577
  ..- attr(*, "names")= chr [1:5] "ACC" "BER" "multiclass.brier" "MMCE" ...
NULL
Writing result file: /home/probst/Random_Forest/RFSplitbias/results/Splitbias-files/jobs/06/10406-result.RData
########## Executing jid=10407 ##########
Timestamp: 2016-04-28 16:28:29
Experiment: 
  Problem: taski 
  Problem parameters: idi=3019, learner=, teststat=, testtype= 
  Algorithm: forest.splitbias.oob 
  Algorithm parameters:  
  Replication: 24 
  Seed: 10407 
  Problem seed: 146 
Setting seed: 10407
Applying Algorithm forest.splitbias.oob ...
Generating problem taski ...
Result:
List of 3
 $ idi   : int 3019
 $ lrn   : chr [1:3] "randomForest" "oob" ""
 $ result: Named num [1:5] 0.87 0.132 0.191 0.13 0.572
  ..- attr(*, "names")= chr [1:5] "ACC" "BER" "multiclass.brier" "MMCE" ...
NULL
Writing result file: /home/probst/Random_Forest/RFSplitbias/results/Splitbias-files/jobs/07/10407-result.RData
########## Executing jid=10408 ##########
Timestamp: 2016-04-28 16:28:30
Experiment: 
  Problem: taski 
  Problem parameters: idi=3019, learner=, teststat=, testtype= 
  Algorithm: forest.splitbias.oob 
  Algorithm parameters:  
  Replication: 25 
  Seed: 10408 
  Problem seed: 147 
Setting seed: 10408
Applying Algorithm forest.splitbias.oob ...
Generating problem taski ...
Result:
List of 3
 $ idi   : int 3019
 $ lrn   : chr [1:3] "randomForest" "oob" ""
 $ result: Named num [1:5] 0.872 0.129 0.19 0.128 0.58
  ..- attr(*, "names")= chr [1:5] "ACC" "BER" "multiclass.brier" "MMCE" ...
NULL
Writing result file: /home/probst/Random_Forest/RFSplitbias/results/Splitbias-files/jobs/08/10408-result.RData
########## Executing jid=10409 ##########
Timestamp: 2016-04-28 16:28:32
Experiment: 
  Problem: taski 
  Problem parameters: idi=3019, learner=, teststat=, testtype= 
  Algorithm: forest.splitbias.oob 
  Algorithm parameters:  
  Replication: 26 
  Seed: 10409 
  Problem seed: 148 
Setting seed: 10409
Applying Algorithm forest.splitbias.oob ...
Generating problem taski ...
Result:
List of 3
 $ idi   : int 3019
 $ lrn   : chr [1:3] "randomForest" "oob" ""
 $ result: Named num [1:5] 0.867 0.134 0.192 0.133 0.574
  ..- attr(*, "names")= chr [1:5] "ACC" "BER" "multiclass.brier" "MMCE" ...
NULL
Writing result file: /home/probst/Random_Forest/RFSplitbias/results/Splitbias-files/jobs/09/10409-result.RData
########## Executing jid=10410 ##########
Timestamp: 2016-04-28 16:28:33
Experiment: 
  Problem: taski 
  Problem parameters: idi=3019, learner=, teststat=, testtype= 
  Algorithm: forest.splitbias.oob 
  Algorithm parameters:  
  Replication: 27 
  Seed: 10410 
  Problem seed: 149 
Setting seed: 10410
Applying Algorithm forest.splitbias.oob ...
Generating problem taski ...
Result:
List of 3
 $ idi   : int 3019
 $ lrn   : chr [1:3] "randomForest" "oob" ""
 $ result: Named num [1:5] 0.872 0.129 0.191 0.128 0.577
  ..- attr(*, "names")= chr [1:5] "ACC" "BER" "multiclass.brier" "MMCE" ...
NULL
Writing result file: /home/probst/Random_Forest/RFSplitbias/results/Splitbias-files/jobs/10/10410-result.RData
########## Executing jid=10411 ##########
Timestamp: 2016-04-28 16:28:34
Experiment: 
  Problem: taski 
  Problem parameters: idi=3019, learner=, teststat=, testtype= 
  Algorithm: forest.splitbias.oob 
  Algorithm parameters:  
  Replication: 28 
  Seed: 10411 
  Problem seed: 150 
Setting seed: 10411
Applying Algorithm forest.splitbias.oob ...
Generating problem taski ...
Result:
List of 3
 $ idi   : int 3019
 $ lrn   : chr [1:3] "randomForest" "oob" ""
 $ result: Named num [1:5] 0.865 0.135 0.189 0.135 0.575
  ..- attr(*, "names")= chr [1:5] "ACC" "BER" "multiclass.brier" "MMCE" ...
NULL
Writing result file: /home/probst/Random_Forest/RFSplitbias/results/Splitbias-files/jobs/11/10411-result.RData
########## Executing jid=10412 ##########
Timestamp: 2016-04-28 16:28:36
Experiment: 
  Problem: taski 
  Problem parameters: idi=3019, learner=, teststat=, testtype= 
  Algorithm: forest.splitbias.oob 
  Algorithm parameters:  
  Replication: 29 
  Seed: 10412 
  Problem seed: 151 
Setting seed: 10412
Applying Algorithm forest.splitbias.oob ...
Generating problem taski ...
Result:
List of 3
 $ idi   : int 3019
 $ lrn   : chr [1:3] "randomForest" "oob" ""
 $ result: Named num [1:5] 0.865 0.136 0.191 0.135 0.577
  ..- attr(*, "names")= chr [1:5] "ACC" "BER" "multiclass.brier" "MMCE" ...
NULL
Writing result file: /home/probst/Random_Forest/RFSplitbias/results/Splitbias-files/jobs/12/10412-result.RData
########## Executing jid=10413 ##########
Timestamp: 2016-04-28 16:28:37
Experiment: 
  Problem: taski 
  Problem parameters: idi=3019, learner=, teststat=, testtype= 
  Algorithm: forest.splitbias.oob 
  Algorithm parameters:  
  Replication: 30 
  Seed: 10413 
  Problem seed: 152 
Setting seed: 10413
Applying Algorithm forest.splitbias.oob ...
Generating problem taski ...
Result:
List of 3
 $ idi   : int 3019
 $ lrn   : chr [1:3] "randomForest" "oob" ""
 $ result: Named num [1:5] 0.865 0.135 0.189 0.135 0.574
  ..- attr(*, "names")= chr [1:5] "ACC" "BER" "multiclass.brier" "MMCE" ...
NULL
Writing result file: /home/probst/Random_Forest/RFSplitbias/results/Splitbias-files/jobs/13/10413-result.RData
########## Executing jid=10414 ##########
Timestamp: 2016-04-28 16:28:39
Experiment: 
  Problem: taski 
  Problem parameters: idi=3019, learner=, teststat=, testtype= 
  Algorithm: forest.splitbias.oob 
  Algorithm parameters:  
  Replication: 31 
  Seed: 10414 
  Problem seed: 153 
Setting seed: 10414
Applying Algorithm forest.splitbias.oob ...
Generating problem taski ...
Result:
List of 3
 $ idi   : int 3019
 $ lrn   : chr [1:3] "randomForest" "oob" ""
 $ result: Named num [1:5] 0.874 0.128 0.19 0.126 0.577
  ..- attr(*, "names")= chr [1:5] "ACC" "BER" "multiclass.brier" "MMCE" ...
NULL
Writing result file: /home/probst/Random_Forest/RFSplitbias/results/Splitbias-files/jobs/14/10414-result.RData
########## Executing jid=10415 ##########
Timestamp: 2016-04-28 16:28:40
Experiment: 
  Problem: taski 
  Problem parameters: idi=3019, learner=, teststat=, testtype= 
  Algorithm: forest.splitbias.oob 
  Algorithm parameters:  
  Replication: 32 
  Seed: 10415 
  Problem seed: 154 
Setting seed: 10415
Applying Algorithm forest.splitbias.oob ...
Generating problem taski ...
Result:
List of 3
 $ idi   : int 3019
 $ lrn   : chr [1:3] "randomForest" "oob" ""
 $ result: Named num [1:5] 0.864 0.138 0.192 0.136 0.576
  ..- attr(*, "names")= chr [1:5] "ACC" "BER" "multiclass.brier" "MMCE" ...
NULL
Writing result file: /home/probst/Random_Forest/RFSplitbias/results/Splitbias-files/jobs/15/10415-result.RData
########## Executing jid=10416 ##########
Timestamp: 2016-04-28 16:28:41
Experiment: 
  Problem: taski 
  Problem parameters: idi=3019, learner=, teststat=, testtype= 
  Algorithm: forest.splitbias.oob 
  Algorithm parameters:  
  Replication: 33 
  Seed: 10416 
  Problem seed: 155 
Setting seed: 10416
Applying Algorithm forest.splitbias.oob ...
Generating problem taski ...
Result:
List of 3
 $ idi   : int 3019
 $ lrn   : chr [1:3] "randomForest" "oob" ""
 $ result: Named num [1:5] 0.864 0.137 0.189 0.136 0.578
  ..- attr(*, "names")= chr [1:5] "ACC" "BER" "multiclass.brier" "MMCE" ...
NULL
Writing result file: /home/probst/Random_Forest/RFSplitbias/results/Splitbias-files/jobs/16/10416-result.RData
########## Executing jid=10417 ##########
Timestamp: 2016-04-28 16:28:43
Experiment: 
  Problem: taski 
  Problem parameters: idi=3019, learner=, teststat=, testtype= 
  Algorithm: forest.splitbias.oob 
  Algorithm parameters:  
  Replication: 34 
  Seed: 10417 
  Problem seed: 156 
Setting seed: 10417
Applying Algorithm forest.splitbias.oob ...
Generating problem taski ...
Result:
List of 3
 $ idi   : int 3019
 $ lrn   : chr [1:3] "randomForest" "oob" ""
 $ result: Named num [1:5] 0.868 0.133 0.191 0.132 0.567
  ..- attr(*, "names")= chr [1:5] "ACC" "BER" "multiclass.brier" "MMCE" ...
NULL
Writing result file: /home/probst/Random_Forest/RFSplitbias/results/Splitbias-files/jobs/17/10417-result.RData
########## Executing jid=10418 ##########
Timestamp: 2016-04-28 16:28:44
Experiment: 
  Problem: taski 
  Problem parameters: idi=3019, learner=, teststat=, testtype= 
  Algorithm: forest.splitbias.oob 
  Algorithm parameters:  
  Replication: 35 
  Seed: 10418 
  Problem seed: 157 
Setting seed: 10418
Applying Algorithm forest.splitbias.oob ...
Generating problem taski ...
Result:
List of 3
 $ idi   : int 3019
 $ lrn   : chr [1:3] "randomForest" "oob" ""
 $ result: Named num [1:5] 0.871 0.13 0.19 0.129 0.575
  ..- attr(*, "names")= chr [1:5] "ACC" "BER" "multiclass.brier" "MMCE" ...
NULL
Writing result file: /home/probst/Random_Forest/RFSplitbias/results/Splitbias-files/jobs/18/10418-result.RData
########## Executing jid=10419 ##########
Timestamp: 2016-04-28 16:28:46
Experiment: 
  Problem: taski 
  Problem parameters: idi=3019, learner=, teststat=, testtype= 
  Algorithm: forest.splitbias.oob 
  Algorithm parameters:  
  Replication: 36 
  Seed: 10419 
  Problem seed: 158 
Setting seed: 10419
Applying Algorithm forest.splitbias.oob ...
Generating problem taski ...
Result:
List of 3
 $ idi   : int 3019
 $ lrn   : chr [1:3] "randomForest" "oob" ""
 $ result: Named num [1:5] 0.865 0.137 0.19 0.135 0.569
  ..- attr(*, "names")= chr [1:5] "ACC" "BER" "multiclass.brier" "MMCE" ...
NULL
Writing result file: /home/probst/Random_Forest/RFSplitbias/results/Splitbias-files/jobs/19/10419-result.RData
########## Executing jid=10420 ##########
Timestamp: 2016-04-28 16:28:47
Experiment: 
  Problem: taski 
  Problem parameters: idi=3019, learner=, teststat=, testtype= 
  Algorithm: forest.splitbias.oob 
  Algorithm parameters:  
  Replication: 37 
  Seed: 10420 
  Problem seed: 159 
Setting seed: 10420
Applying Algorithm forest.splitbias.oob ...
Generating problem taski ...
Result:
List of 3
 $ idi   : int 3019
 $ lrn   : chr [1:3] "randomForest" "oob" ""
 $ result: Named num [1:5] 0.868 0.132 0.19 0.132 0.574
  ..- attr(*, "names")= chr [1:5] "ACC" "BER" "multiclass.brier" "MMCE" ...
NULL
Writing result file: /home/probst/Random_Forest/RFSplitbias/results/Splitbias-files/jobs/20/10420-result.RData
########## Executing jid=10421 ##########
Timestamp: 2016-04-28 16:28:49
Experiment: 
  Problem: taski 
  Problem parameters: idi=3019, learner=, teststat=, testtype= 
  Algorithm: forest.splitbias.oob 
  Algorithm parameters:  
  Replication: 38 
  Seed: 10421 
  Problem seed: 160 
Setting seed: 10421
Applying Algorithm forest.splitbias.oob ...
Generating problem taski ...
Result:
List of 3
 $ idi   : int 3019
 $ lrn   : chr [1:3] "randomForest" "oob" ""
 $ result: Named num [1:5] 0.867 0.135 0.191 0.133 0.576
  ..- attr(*, "names")= chr [1:5] "ACC" "BER" "multiclass.brier" "MMCE" ...
NULL
Writing result file: /home/probst/Random_Forest/RFSplitbias/results/Splitbias-files/jobs/21/10421-result.RData
########## Executing jid=10422 ##########
Timestamp: 2016-04-28 16:28:50
Experiment: 
  Problem: taski 
  Problem parameters: idi=3019, learner=, teststat=, testtype= 
  Algorithm: forest.splitbias.oob 
  Algorithm parameters:  
  Replication: 39 
  Seed: 10422 
  Problem seed: 161 
Setting seed: 10422
Applying Algorithm forest.splitbias.oob ...
Generating problem taski ...
Result:
List of 3
 $ idi   : int 3019
 $ lrn   : chr [1:3] "randomForest" "oob" ""
 $ result: Named num [1:5] 0.871 0.13 0.189 0.129 0.572
  ..- attr(*, "names")= chr [1:5] "ACC" "BER" "multiclass.brier" "MMCE" ...
NULL
Writing result file: /home/probst/Random_Forest/RFSplitbias/results/Splitbias-files/jobs/22/10422-result.RData
########## Executing jid=10423 ##########
Timestamp: 2016-04-28 16:28:51
Experiment: 
  Problem: taski 
  Problem parameters: idi=3019, learner=, teststat=, testtype= 
  Algorithm: forest.splitbias.oob 
  Algorithm parameters:  
  Replication: 40 
  Seed: 10423 
  Problem seed: 162 
Setting seed: 10423
Applying Algorithm forest.splitbias.oob ...
Generating problem taski ...
Result:
List of 3
 $ idi   : int 3019
 $ lrn   : chr [1:3] "randomForest" "oob" ""
 $ result: Named num [1:5] 0.87 0.131 0.189 0.13 0.57
  ..- attr(*, "names")= chr [1:5] "ACC" "BER" "multiclass.brier" "MMCE" ...
NULL
Writing result file: /home/probst/Random_Forest/RFSplitbias/results/Splitbias-files/jobs/23/10423-result.RData
########## Executing jid=10424 ##########
Timestamp: 2016-04-28 16:28:53
Experiment: 
  Problem: taski 
  Problem parameters: idi=3019, learner=, teststat=, testtype= 
  Algorithm: forest.splitbias.oob 
  Algorithm parameters:  
  Replication: 41 
  Seed: 10424 
  Problem seed: 163 
Setting seed: 10424
Applying Algorithm forest.splitbias.oob ...
Generating problem taski ...
Result:
List of 3
 $ idi   : int 3019
 $ lrn   : chr [1:3] "randomForest" "oob" ""
 $ result: Named num [1:5] 0.87 0.132 0.189 0.13 0.577
  ..- attr(*, "names")= chr [1:5] "ACC" "BER" "multiclass.brier" "MMCE" ...
NULL
Writing result file: /home/probst/Random_Forest/RFSplitbias/results/Splitbias-files/jobs/24/10424-result.RData
########## Executing jid=10425 ##########
Timestamp: 2016-04-28 16:28:54
Experiment: 
  Problem: taski 
  Problem parameters: idi=3019, learner=, teststat=, testtype= 
  Algorithm: forest.splitbias.oob 
  Algorithm parameters:  
  Replication: 42 
  Seed: 10425 
  Problem seed: 164 
Setting seed: 10425
Applying Algorithm forest.splitbias.oob ...
Generating problem taski ...
Result:
List of 3
 $ idi   : int 3019
 $ lrn   : chr [1:3] "randomForest" "oob" ""
 $ result: Named num [1:5] 0.865 0.136 0.19 0.135 0.578
  ..- attr(*, "names")= chr [1:5] "ACC" "BER" "multiclass.brier" "MMCE" ...
NULL
Writing result file: /home/probst/Random_Forest/RFSplitbias/results/Splitbias-files/jobs/25/10425-result.RData
########## Executing jid=10426 ##########
Timestamp: 2016-04-28 16:28:56
Experiment: 
  Problem: taski 
  Problem parameters: idi=3019, learner=, teststat=, testtype= 
  Algorithm: forest.splitbias.oob 
  Algorithm parameters:  
  Replication: 43 
  Seed: 10426 
  Problem seed: 165 
Setting seed: 10426
Applying Algorithm forest.splitbias.oob ...
Generating problem taski ...
Result:
List of 3
 $ idi   : int 3019
 $ lrn   : chr [1:3] "randomForest" "oob" ""
 $ result: Named num [1:5] 0.868 0.133 0.191 0.132 0.567
  ..- attr(*, "names")= chr [1:5] "ACC" "BER" "multiclass.brier" "MMCE" ...
NULL
Writing result file: /home/probst/Random_Forest/RFSplitbias/results/Splitbias-files/jobs/26/10426-result.RData
########## Executing jid=10427 ##########
Timestamp: 2016-04-28 16:28:57
Experiment: 
  Problem: taski 
  Problem parameters: idi=3019, learner=, teststat=, testtype= 
  Algorithm: forest.splitbias.oob 
  Algorithm parameters:  
  Replication: 44 
  Seed: 10427 
  Problem seed: 166 
Setting seed: 10427
Applying Algorithm forest.splitbias.oob ...
Generating problem taski ...
Result:
List of 3
 $ idi   : int 3019
 $ lrn   : chr [1:3] "randomForest" "oob" ""
 $ result: Named num [1:5] 0.877 0.124 0.187 0.123 0.567
  ..- attr(*, "names")= chr [1:5] "ACC" "BER" "multiclass.brier" "MMCE" ...
NULL
Writing result file: /home/probst/Random_Forest/RFSplitbias/results/Splitbias-files/jobs/27/10427-result.RData
########## Executing jid=10428 ##########
Timestamp: 2016-04-28 16:28:58
Experiment: 
  Problem: taski 
  Problem parameters: idi=3019, learner=, teststat=, testtype= 
  Algorithm: forest.splitbias.oob 
  Algorithm parameters:  
  Replication: 45 
  Seed: 10428 
  Problem seed: 167 
Setting seed: 10428
Applying Algorithm forest.splitbias.oob ...
Generating problem taski ...
Result:
List of 3
 $ idi   : int 3019
 $ lrn   : chr [1:3] "randomForest" "oob" ""
 $ result: Named num [1:5] 0.867 0.134 0.191 0.133 0.571
  ..- attr(*, "names")= chr [1:5] "ACC" "BER" "multiclass.brier" "MMCE" ...
NULL
Writing result file: /home/probst/Random_Forest/RFSplitbias/results/Splitbias-files/jobs/28/10428-result.RData
########## Executing jid=10429 ##########
Timestamp: 2016-04-28 16:29:00
Experiment: 
  Problem: taski 
  Problem parameters: idi=3019, learner=, teststat=, testtype= 
  Algorithm: forest.splitbias.oob 
  Algorithm parameters:  
  Replication: 46 
  Seed: 10429 
  Problem seed: 168 
Setting seed: 10429
Applying Algorithm forest.splitbias.oob ...
Generating problem taski ...
Result:
List of 3
 $ idi   : int 3019
 $ lrn   : chr [1:3] "randomForest" "oob" ""
 $ result: Named num [1:5] 0.872 0.129 0.191 0.128 0.574
  ..- attr(*, "names")= chr [1:5] "ACC" "BER" "multiclass.brier" "MMCE" ...
NULL
Writing result file: /home/probst/Random_Forest/RFSplitbias/results/Splitbias-files/jobs/29/10429-result.RData
########## Executing jid=10430 ##########
Timestamp: 2016-04-28 16:29:01
Experiment: 
  Problem: taski 
  Problem parameters: idi=3019, learner=, teststat=, testtype= 
  Algorithm: forest.splitbias.oob 
  Algorithm parameters:  
  Replication: 47 
  Seed: 10430 
  Problem seed: 169 
Setting seed: 10430
Applying Algorithm forest.splitbias.oob ...
Generating problem taski ...
Result:
List of 3
 $ idi   : int 3019
 $ lrn   : chr [1:3] "randomForest" "oob" ""
 $ result: Named num [1:5] 0.871 0.13 0.189 0.129 0.575
  ..- attr(*, "names")= chr [1:5] "ACC" "BER" "multiclass.brier" "MMCE" ...
NULL
Writing result file: /home/probst/Random_Forest/RFSplitbias/results/Splitbias-files/jobs/30/10430-result.RData
########## Executing jid=10431 ##########
Timestamp: 2016-04-28 16:29:02
Experiment: 
  Problem: taski 
  Problem parameters: idi=3019, learner=, teststat=, testtype= 
  Algorithm: forest.splitbias.oob 
  Algorithm parameters:  
  Replication: 48 
  Seed: 10431 
  Problem seed: 170 
Setting seed: 10431
Applying Algorithm forest.splitbias.oob ...
Generating problem taski ...
Result:
List of 3
 $ idi   : int 3019
 $ lrn   : chr [1:3] "randomForest" "oob" ""
 $ result: Named num [1:5] 0.872 0.129 0.188 0.128 0.572
  ..- attr(*, "names")= chr [1:5] "ACC" "BER" "multiclass.brier" "MMCE" ...
NULL
Writing result file: /home/probst/Random_Forest/RFSplitbias/results/Splitbias-files/jobs/31/10431-result.RData
########## Executing jid=10432 ##########
Timestamp: 2016-04-28 16:29:04
Experiment: 
  Problem: taski 
  Problem parameters: idi=3019, learner=, teststat=, testtype= 
  Algorithm: forest.splitbias.oob 
  Algorithm parameters:  
  Replication: 49 
  Seed: 10432 
  Problem seed: 171 
Setting seed: 10432
Applying Algorithm forest.splitbias.oob ...
Generating problem taski ...
Result:
List of 3
 $ idi   : int 3019
 $ lrn   : chr [1:3] "randomForest" "oob" ""
 $ result: Named num [1:5] 0.874 0.128 0.188 0.126 0.572
  ..- attr(*, "names")= chr [1:5] "ACC" "BER" "multiclass.brier" "MMCE" ...
NULL
Writing result file: /home/probst/Random_Forest/RFSplitbias/results/Splitbias-files/jobs/32/10432-result.RData
########## Executing jid=10433 ##########
Timestamp: 2016-04-28 16:29:05
Experiment: 
  Problem: taski 
  Problem parameters: idi=3019, learner=, teststat=, testtype= 
  Algorithm: forest.splitbias.oob 
  Algorithm parameters:  
  Replication: 50 
  Seed: 10433 
  Problem seed: 172 
Setting seed: 10433
Applying Algorithm forest.splitbias.oob ...
Generating problem taski ...
Result:
List of 3
 $ idi   : int 3019
 $ lrn   : chr [1:3] "randomForest" "oob" ""
 $ result: Named num [1:5] 0.865 0.136 0.189 0.135 0.573
  ..- attr(*, "names")= chr [1:5] "ACC" "BER" "multiclass.brier" "MMCE" ...
NULL
Writing result file: /home/probst/Random_Forest/RFSplitbias/results/Splitbias-files/jobs/33/10433-result.RData
########## Executing jid=10434 ##########
Timestamp: 2016-04-28 16:29:07
Experiment: 
  Problem: taski 
  Problem parameters: idi=9937, learner=, teststat=, testtype= 
  Algorithm: forest.splitbias.oob 
  Algorithm parameters:  
  Replication: 11 
  Seed: 10434 
  Problem seed: 133 
Setting seed: 10434
Applying Algorithm forest.splitbias.oob ...
Generating problem taski ...
Result:
List of 3
 $ idi   : int 9937
 $ lrn   : chr [1:3] "randomForest" "oob" ""
 $ result: Named num [1:5] 0.9145 0.1567 0.1754 0.0855 0.7337
  ..- attr(*, "names")= chr [1:5] "ACC" "BER" "multiclass.brier" "MMCE" ...
NULL
Writing result file: /home/probst/Random_Forest/RFSplitbias/results/Splitbias-files/jobs/34/10434-result.RData
########## Executing jid=10435 ##########
Timestamp: 2016-04-28 16:29:08
Experiment: 
  Problem: taski 
  Problem parameters: idi=9937, learner=, teststat=, testtype= 
  Algorithm: forest.splitbias.oob 
  Algorithm parameters:  
  Replication: 12 
  Seed: 10435 
  Problem seed: 134 
Setting seed: 10435
Applying Algorithm forest.splitbias.oob ...
Generating problem taski ...
Result:
List of 3
 $ idi   : int 9937
 $ lrn   : chr [1:3] "randomForest" "oob" ""
 $ result: Named num [1:5] 0.906 0.161 0.174 0.094 0.758
  ..- attr(*, "names")= chr [1:5] "ACC" "BER" "multiclass.brier" "MMCE" ...
NULL
Writing result file: /home/probst/Random_Forest/RFSplitbias/results/Splitbias-files/jobs/35/10435-result.RData
########## Executing jid=10436 ##########
Timestamp: 2016-04-28 16:29:09
Experiment: 
  Problem: taski 
  Problem parameters: idi=9937, learner=, teststat=, testtype= 
  Algorithm: forest.splitbias.oob 
  Algorithm parameters:  
  Replication: 13 
  Seed: 10436 
  Problem seed: 135 
Setting seed: 10436
Applying Algorithm forest.splitbias.oob ...
Generating problem taski ...
Result:
List of 3
 $ idi   : int 9937
 $ lrn   : chr [1:3] "randomForest" "oob" ""
 $ result: Named num [1:5] 0.9145 0.1455 0.1775 0.0855 0.7364
  ..- attr(*, "names")= chr [1:5] "ACC" "BER" "multiclass.brier" "MMCE" ...
NULL
Writing result file: /home/probst/Random_Forest/RFSplitbias/results/Splitbias-files/jobs/36/10436-result.RData
########## Executing jid=10437 ##########
Timestamp: 2016-04-28 16:29:10
Experiment: 
  Problem: taski 
  Problem parameters: idi=9937, learner=, teststat=, testtype= 
  Algorithm: forest.splitbias.oob 
  Algorithm parameters:  
  Replication: 14 
  Seed: 10437 
  Problem seed: 136 
Setting seed: 10437
Applying Algorithm forest.splitbias.oob ...
Generating problem taski ...
Result:
List of 3
 $ idi   : int 9937
 $ lrn   : chr [1:3] "randomForest" "oob" ""
 $ result: Named num [1:5] 0.9145 0.1455 0.1766 0.0855 0.7344
  ..- attr(*, "names")= chr [1:5] "ACC" "BER" "multiclass.brier" "MMCE" ...
NULL
Writing result file: /home/probst/Random_Forest/RFSplitbias/results/Splitbias-files/jobs/37/10437-result.RData
########## Executing jid=10438 ##########
Timestamp: 2016-04-28 16:29:11
Experiment: 
  Problem: taski 
  Problem parameters: idi=9937, learner=, teststat=, testtype= 
  Algorithm: forest.splitbias.oob 
  Algorithm parameters:  
  Replication: 15 
  Seed: 10438 
  Problem seed: 137 
Setting seed: 10438
Applying Algorithm forest.splitbias.oob ...
Generating problem taski ...
Result:
List of 3
 $ idi   : int 9937
 $ lrn   : chr [1:3] "randomForest" "oob" ""
 $ result: Named num [1:5] 0.897 0.166 0.179 0.103 0.738
  ..- attr(*, "names")= chr [1:5] "ACC" "BER" "multiclass.brier" "MMCE" ...
NULL
Writing result file: /home/probst/Random_Forest/RFSplitbias/results/Splitbias-files/jobs/38/10438-result.RData
########## Executing jid=10439 ##########
Timestamp: 2016-04-28 16:29:12
Experiment: 
  Problem: taski 
  Problem parameters: idi=9937, learner=, teststat=, testtype= 
  Algorithm: forest.splitbias.oob 
  Algorithm parameters:  
  Replication: 16 
  Seed: 10439 
  Problem seed: 138 
Setting seed: 10439
Applying Algorithm forest.splitbias.oob ...
Generating problem taski ...
Result:
List of 3
 $ idi   : int 9937
 $ lrn   : chr [1:3] "randomForest" "oob" ""
 $ result: Named num [1:5] 0.9231 0.1409 0.1744 0.0769 0.7468
  ..- attr(*, "names")= chr [1:5] "ACC" "BER" "multiclass.brier" "MMCE" ...
NULL
Writing result file: /home/probst/Random_Forest/RFSplitbias/results/Splitbias-files/jobs/39/10439-result.RData
########## Executing jid=10440 ##########
Timestamp: 2016-04-28 16:29:13
Experiment: 
  Problem: taski 
  Problem parameters: idi=9937, learner=, teststat=, testtype= 
  Algorithm: forest.splitbias.oob 
  Algorithm parameters:  
  Replication: 17 
  Seed: 10440 
  Problem seed: 139 
Setting seed: 10440
Applying Algorithm forest.splitbias.oob ...
Generating problem taski ...
Result:
List of 3
 $ idi   : int 9937
 $ lrn   : chr [1:3] "randomForest" "oob" ""
 $ result: Named num [1:5] 0.906 0.161 0.173 0.094 0.738
  ..- attr(*, "names")= chr [1:5] "ACC" "BER" "multiclass.brier" "MMCE" ...
NULL
Writing result file: /home/probst/Random_Forest/RFSplitbias/results/Splitbias-files/jobs/40/10440-result.RData
########## Executing jid=10441 ##########
Timestamp: 2016-04-28 16:29:14
Experiment: 
  Problem: taski 
  Problem parameters: idi=9937, learner=, teststat=, testtype= 
  Algorithm: forest.splitbias.oob 
  Algorithm parameters:  
  Replication: 18 
  Seed: 10441 
  Problem seed: 140 
Setting seed: 10441
Applying Algorithm forest.splitbias.oob ...
Generating problem taski ...
Result:
List of 3
 $ idi   : int 9937
 $ lrn   : chr [1:3] "randomForest" "oob" ""
 $ result: Named num [1:5] 0.9145 0.1455 0.1714 0.0855 0.7345
  ..- attr(*, "names")= chr [1:5] "ACC" "BER" "multiclass.brier" "MMCE" ...
NULL
Writing result file: /home/probst/Random_Forest/RFSplitbias/results/Splitbias-files/jobs/41/10441-result.RData
########## Executing jid=10442 ##########
Timestamp: 2016-04-28 16:29:15
Experiment: 
  Problem: taski 
  Problem parameters: idi=9937, learner=, teststat=, testtype= 
  Algorithm: forest.splitbias.oob 
  Algorithm parameters:  
  Replication: 19 
  Seed: 10442 
  Problem seed: 141 
Setting seed: 10442
Applying Algorithm forest.splitbias.oob ...
Generating problem taski ...
Result:
List of 3
 $ idi   : int 9937
 $ lrn   : chr [1:3] "randomForest" "oob" ""
 $ result: Named num [1:5] 0.9145 0.1455 0.1762 0.0855 0.7346
  ..- attr(*, "names")= chr [1:5] "ACC" "BER" "multiclass.brier" "MMCE" ...
NULL
Writing result file: /home/probst/Random_Forest/RFSplitbias/results/Splitbias-files/jobs/42/10442-result.RData
########## Executing jid=10443 ##########
Timestamp: 2016-04-28 16:29:16
Experiment: 
  Problem: taski 
  Problem parameters: idi=9937, learner=, teststat=, testtype= 
  Algorithm: forest.splitbias.oob 
  Algorithm parameters:  
  Replication: 20 
  Seed: 10443 
  Problem seed: 142 
Setting seed: 10443
Applying Algorithm forest.splitbias.oob ...
Generating problem taski ...
Result:
List of 3
 $ idi   : int 9937
 $ lrn   : chr [1:3] "randomForest" "oob" ""
 $ result: Named num [1:5] 0.9145 0.1567 0.1678 0.0855 0.7391
  ..- attr(*, "names")= chr [1:5] "ACC" "BER" "multiclass.brier" "MMCE" ...
NULL
Writing result file: /home/probst/Random_Forest/RFSplitbias/results/Splitbias-files/jobs/43/10443-result.RData
########## Executing jid=10444 ##########
Timestamp: 2016-04-28 16:29:17
Experiment: 
  Problem: taski 
  Problem parameters: idi=9937, learner=, teststat=, testtype= 
  Algorithm: forest.splitbias.oob 
  Algorithm parameters:  
  Replication: 21 
  Seed: 10444 
  Problem seed: 143 
Setting seed: 10444
Applying Algorithm forest.splitbias.oob ...
Generating problem taski ...
Result:
List of 3
 $ idi   : int 9937
 $ lrn   : chr [1:3] "randomForest" "oob" ""
 $ result: Named num [1:5] 0.906 0.161 0.173 0.094 0.736
  ..- attr(*, "names")= chr [1:5] "ACC" "BER" "multiclass.brier" "MMCE" ...
NULL
Writing result file: /home/probst/Random_Forest/RFSplitbias/results/Splitbias-files/jobs/44/10444-result.RData
########## Executing jid=10445 ##########
Timestamp: 2016-04-28 16:29:18
Experiment: 
  Problem: taski 
  Problem parameters: idi=9937, learner=, teststat=, testtype= 
  Algorithm: forest.splitbias.oob 
  Algorithm parameters:  
  Replication: 22 
  Seed: 10445 
  Problem seed: 144 
Setting seed: 10445
Applying Algorithm forest.splitbias.oob ...
Generating problem taski ...
Result:
List of 3
 $ idi   : int 9937
 $ lrn   : chr [1:3] "randomForest" "oob" ""
 $ result: Named num [1:5] 0.9145 0.1567 0.1753 0.0855 0.7496
  ..- attr(*, "names")= chr [1:5] "ACC" "BER" "multiclass.brier" "MMCE" ...
NULL
Writing result file: /home/probst/Random_Forest/RFSplitbias/results/Splitbias-files/jobs/45/10445-result.RData
########## Executing jid=10446 ##########
Timestamp: 2016-04-28 16:29:19
Experiment: 
  Problem: taski 
  Problem parameters: idi=9937, learner=, teststat=, testtype= 
  Algorithm: forest.splitbias.oob 
  Algorithm parameters:  
  Replication: 23 
  Seed: 10446 
  Problem seed: 145 
Setting seed: 10446
Applying Algorithm forest.splitbias.oob ...
Generating problem taski ...
Result:
List of 3
 $ idi   : int 9937
 $ lrn   : chr [1:3] "randomForest" "oob" ""
 $ result: Named num [1:5] 0.9231 0.1409 0.1713 0.0769 0.7459
  ..- attr(*, "names")= chr [1:5] "ACC" "BER" "multiclass.brier" "MMCE" ...
NULL
Writing result file: /home/probst/Random_Forest/RFSplitbias/results/Splitbias-files/jobs/46/10446-result.RData
########## Executing jid=10447 ##########
Timestamp: 2016-04-28 16:29:19
Experiment: 
  Problem: taski 
  Problem parameters: idi=9937, learner=, teststat=, testtype= 
  Algorithm: forest.splitbias.oob 
  Algorithm parameters:  
  Replication: 24 
  Seed: 10447 
  Problem seed: 146 
Setting seed: 10447
Applying Algorithm forest.splitbias.oob ...
Generating problem taski ...
Result:
List of 3
 $ idi   : int 9937
 $ lrn   : chr [1:3] "randomForest" "oob" ""
 $ result: Named num [1:5] 0.9145 0.1455 0.1704 0.0855 0.7283
  ..- attr(*, "names")= chr [1:5] "ACC" "BER" "multiclass.brier" "MMCE" ...
NULL
Writing result file: /home/probst/Random_Forest/RFSplitbias/results/Splitbias-files/jobs/47/10447-result.RData
########## Executing jid=10448 ##########
Timestamp: 2016-04-28 16:29:20
Experiment: 
  Problem: taski 
  Problem parameters: idi=9937, learner=, teststat=, testtype= 
  Algorithm: forest.splitbias.oob 
  Algorithm parameters:  
  Replication: 25 
  Seed: 10448 
  Problem seed: 147 
Setting seed: 10448
Applying Algorithm forest.splitbias.oob ...
Generating problem taski ...
Result:
List of 3
 $ idi   : int 9937
 $ lrn   : chr [1:3] "randomForest" "oob" ""
 $ result: Named num [1:5] 0.9231 0.1409 0.173 0.0769 0.741
  ..- attr(*, "names")= chr [1:5] "ACC" "BER" "multiclass.brier" "MMCE" ...
NULL
Writing result file: /home/probst/Random_Forest/RFSplitbias/results/Splitbias-files/jobs/48/10448-result.RData
########## Executing jid=10449 ##########
Timestamp: 2016-04-28 16:29:21
Experiment: 
  Problem: taski 
  Problem parameters: idi=9937, learner=, teststat=, testtype= 
  Algorithm: forest.splitbias.oob 
  Algorithm parameters:  
  Replication: 26 
  Seed: 10449 
  Problem seed: 148 
Setting seed: 10449
Applying Algorithm forest.splitbias.oob ...
Generating problem taski ...
Result:
List of 3
 $ idi   : int 9937
 $ lrn   : chr [1:3] "randomForest" "oob" ""
 $ result: Named num [1:5] 0.906 0.161 0.173 0.094 0.736
  ..- attr(*, "names")= chr [1:5] "ACC" "BER" "multiclass.brier" "MMCE" ...
NULL
Writing result file: /home/probst/Random_Forest/RFSplitbias/results/Splitbias-files/jobs/49/10449-result.RData
########## Executing jid=10450 ##########
Timestamp: 2016-04-28 16:29:22
Experiment: 
  Problem: taski 
  Problem parameters: idi=9937, learner=, teststat=, testtype= 
  Algorithm: forest.splitbias.oob 
  Algorithm parameters:  
  Replication: 27 
  Seed: 10450 
  Problem seed: 149 
Setting seed: 10450
Applying Algorithm forest.splitbias.oob ...
Generating problem taski ...
Result:
List of 3
 $ idi   : int 9937
 $ lrn   : chr [1:3] "randomForest" "oob" ""
 $ result: Named num [1:5] 0.906 0.15 0.179 0.094 0.745
  ..- attr(*, "names")= chr [1:5] "ACC" "BER" "multiclass.brier" "MMCE" ...
NULL
Writing result file: /home/probst/Random_Forest/RFSplitbias/results/Splitbias-files/jobs/50/10450-result.RData
########## Executing jid=10451 ##########
Timestamp: 2016-04-28 16:29:23
Experiment: 
  Problem: taski 
  Problem parameters: idi=9937, learner=, teststat=, testtype= 
  Algorithm: forest.splitbias.oob 
  Algorithm parameters:  
  Replication: 28 
  Seed: 10451 
  Problem seed: 150 
Setting seed: 10451
Applying Algorithm forest.splitbias.oob ...
Generating problem taski ...
Result:
List of 3
 $ idi   : int 9937
 $ lrn   : chr [1:3] "randomForest" "oob" ""
 $ result: Named num [1:5] 0.9231 0.1409 0.1687 0.0769 0.7335
  ..- attr(*, "names")= chr [1:5] "ACC" "BER" "multiclass.brier" "MMCE" ...
NULL
Writing result file: /home/probst/Random_Forest/RFSplitbias/results/Splitbias-files/jobs/51/10451-result.RData
########## Executing jid=10452 ##########
Timestamp: 2016-04-28 16:29:24
Experiment: 
  Problem: taski 
  Problem parameters: idi=9937, learner=, teststat=, testtype= 
  Algorithm: forest.splitbias.oob 
  Algorithm parameters:  
  Replication: 29 
  Seed: 10452 
  Problem seed: 151 
Setting seed: 10452
Applying Algorithm forest.splitbias.oob ...
Generating problem taski ...
Result:
List of 3
 $ idi   : int 9937
 $ lrn   : chr [1:3] "randomForest" "oob" ""
 $ result: Named num [1:5] 0.9145 0.1567 0.1754 0.0855 0.7461
  ..- attr(*, "names")= chr [1:5] "ACC" "BER" "multiclass.brier" "MMCE" ...
NULL
Writing result file: /home/probst/Random_Forest/RFSplitbias/results/Splitbias-files/jobs/52/10452-result.RData
########## Executing jid=10453 ##########
Timestamp: 2016-04-28 16:29:25
Experiment: 
  Problem: taski 
  Problem parameters: idi=9937, learner=, teststat=, testtype= 
  Algorithm: forest.splitbias.oob 
  Algorithm parameters:  
  Replication: 30 
  Seed: 10453 
  Problem seed: 152 
Setting seed: 10453
Applying Algorithm forest.splitbias.oob ...
Generating problem taski ...
Result:
List of 3
 $ idi   : int 9937
 $ lrn   : chr [1:3] "randomForest" "oob" ""
 $ result: Named num [1:5] 0.9145 0.1567 0.1729 0.0855 0.7378
  ..- attr(*, "names")= chr [1:5] "ACC" "BER" "multiclass.brier" "MMCE" ...
NULL
Writing result file: /home/probst/Random_Forest/RFSplitbias/results/Splitbias-files/jobs/53/10453-result.RData
########## Executing jid=10454 ##########
Timestamp: 2016-04-28 16:29:26
Experiment: 
  Problem: taski 
  Problem parameters: idi=9937, learner=, teststat=, testtype= 
  Algorithm: forest.splitbias.oob 
  Algorithm parameters:  
  Replication: 31 
  Seed: 10454 
  Problem seed: 153 
Setting seed: 10454
Applying Algorithm forest.splitbias.oob ...
Generating problem taski ...
Result:
List of 3
 $ idi   : int 9937
 $ lrn   : chr [1:3] "randomForest" "oob" ""
 $ result: Named num [1:5] 0.9231 0.1409 0.1679 0.0769 0.7255
  ..- attr(*, "names")= chr [1:5] "ACC" "BER" "multiclass.brier" "MMCE" ...
NULL
Writing result file: /home/probst/Random_Forest/RFSplitbias/results/Splitbias-files/jobs/54/10454-result.RData
########## Executing jid=10455 ##########
Timestamp: 2016-04-28 16:29:27
Experiment: 
  Problem: taski 
  Problem parameters: idi=9937, learner=, teststat=, testtype= 
  Algorithm: forest.splitbias.oob 
  Algorithm parameters:  
  Replication: 32 
  Seed: 10455 
  Problem seed: 154 
Setting seed: 10455
Applying Algorithm forest.splitbias.oob ...
Generating problem taski ...
Result:
List of 3
 $ idi   : int 9937
 $ lrn   : chr [1:3] "randomForest" "oob" ""
 $ result: Named num [1:5] 0.906 0.161 0.173 0.094 0.729
  ..- attr(*, "names")= chr [1:5] "ACC" "BER" "multiclass.brier" "MMCE" ...
NULL
Writing result file: /home/probst/Random_Forest/RFSplitbias/results/Splitbias-files/jobs/55/10455-result.RData
########## Executing jid=10456 ##########
Timestamp: 2016-04-28 16:29:28
Experiment: 
  Problem: taski 
  Problem parameters: idi=9937, learner=, teststat=, testtype= 
  Algorithm: forest.splitbias.oob 
  Algorithm parameters:  
  Replication: 33 
  Seed: 10456 
  Problem seed: 155 
Setting seed: 10456
Applying Algorithm forest.splitbias.oob ...
Generating problem taski ...
Result:
List of 3
 $ idi   : int 9937
 $ lrn   : chr [1:3] "randomForest" "oob" ""
 $ result: Named num [1:5] 0.9145 0.1567 0.1712 0.0855 0.7485
  ..- attr(*, "names")= chr [1:5] "ACC" "BER" "multiclass.brier" "MMCE" ...
NULL
Writing result file: /home/probst/Random_Forest/RFSplitbias/results/Splitbias-files/jobs/56/10456-result.RData
########## Executing jid=10457 ##########
Timestamp: 2016-04-28 16:29:29
Experiment: 
  Problem: taski 
  Problem parameters: idi=9937, learner=, teststat=, testtype= 
  Algorithm: forest.splitbias.oob 
  Algorithm parameters:  
  Replication: 34 
  Seed: 10457 
  Problem seed: 156 
Setting seed: 10457
Applying Algorithm forest.splitbias.oob ...
Generating problem taski ...
Result:
List of 3
 $ idi   : int 9937
 $ lrn   : chr [1:3] "randomForest" "oob" ""
 $ result: Named num [1:5] 0.9145 0.1567 0.1715 0.0855 0.7438
  ..- attr(*, "names")= chr [1:5] "ACC" "BER" "multiclass.brier" "MMCE" ...
NULL
Writing result file: /home/probst/Random_Forest/RFSplitbias/results/Splitbias-files/jobs/57/10457-result.RData
########## Executing jid=10458 ##########
Timestamp: 2016-04-28 16:29:30
Experiment: 
  Problem: taski 
  Problem parameters: idi=9937, learner=, teststat=, testtype= 
  Algorithm: forest.splitbias.oob 
  Algorithm parameters:  
  Replication: 35 
  Seed: 10458 
  Problem seed: 157 
Setting seed: 10458
Applying Algorithm forest.splitbias.oob ...
Generating problem taski ...
Result:
List of 3
 $ idi   : int 9937
 $ lrn   : chr [1:3] "randomForest" "oob" ""
 $ result: Named num [1:5] 0.9145 0.1567 0.1736 0.0855 0.741
  ..- attr(*, "names")= chr [1:5] "ACC" "BER" "multiclass.brier" "MMCE" ...
NULL
Writing result file: /home/probst/Random_Forest/RFSplitbias/results/Splitbias-files/jobs/58/10458-result.RData
########## Executing jid=10459 ##########
Timestamp: 2016-04-28 16:29:31
Experiment: 
  Problem: taski 
  Problem parameters: idi=9937, learner=, teststat=, testtype= 
  Algorithm: forest.splitbias.oob 
  Algorithm parameters:  
  Replication: 36 
  Seed: 10459 
  Problem seed: 158 
Setting seed: 10459
Applying Algorithm forest.splitbias.oob ...
Generating problem taski ...
Result:
List of 3
 $ idi   : int 9937
 $ lrn   : chr [1:3] "randomForest" "oob" ""
 $ result: Named num [1:5] 0.9145 0.1567 0.1703 0.0855 0.7218
  ..- attr(*, "names")= chr [1:5] "ACC" "BER" "multiclass.brier" "MMCE" ...
NULL
Writing result file: /home/probst/Random_Forest/RFSplitbias/results/Splitbias-files/jobs/59/10459-result.RData
########## Executing jid=10460 ##########
Timestamp: 2016-04-28 16:29:32
Experiment: 
  Problem: taski 
  Problem parameters: idi=9937, learner=, teststat=, testtype= 
  Algorithm: forest.splitbias.oob 
  Algorithm parameters:  
  Replication: 37 
  Seed: 10460 
  Problem seed: 159 
Setting seed: 10460
Applying Algorithm forest.splitbias.oob ...
Generating problem taski ...
Result:
List of 3
 $ idi   : int 9937
 $ lrn   : chr [1:3] "randomForest" "oob" ""
 $ result: Named num [1:5] 0.9231 0.1409 0.1708 0.0769 0.7442
  ..- attr(*, "names")= chr [1:5] "ACC" "BER" "multiclass.brier" "MMCE" ...
NULL
Writing result file: /home/probst/Random_Forest/RFSplitbias/results/Splitbias-files/jobs/60/10460-result.RData
########## Executing jid=10461 ##########
Timestamp: 2016-04-28 16:29:33
Experiment: 
  Problem: taski 
  Problem parameters: idi=9937, learner=, teststat=, testtype= 
  Algorithm: forest.splitbias.oob 
  Algorithm parameters:  
  Replication: 38 
  Seed: 10461 
  Problem seed: 160 
Setting seed: 10461
Applying Algorithm forest.splitbias.oob ...
Generating problem taski ...
Result:
List of 3
 $ idi   : int 9937
 $ lrn   : chr [1:3] "randomForest" "oob" ""
 $ result: Named num [1:5] 0.906 0.161 0.172 0.094 0.733
  ..- attr(*, "names")= chr [1:5] "ACC" "BER" "multiclass.brier" "MMCE" ...
NULL
Writing result file: /home/probst/Random_Forest/RFSplitbias/results/Splitbias-files/jobs/61/10461-result.RData
########## Executing jid=10462 ##########
Timestamp: 2016-04-28 16:29:34
Experiment: 
  Problem: taski 
  Problem parameters: idi=9937, learner=, teststat=, testtype= 
  Algorithm: forest.splitbias.oob 
  Algorithm parameters:  
  Replication: 39 
  Seed: 10462 
  Problem seed: 161 
Setting seed: 10462
Applying Algorithm forest.splitbias.oob ...
Generating problem taski ...
Result:
List of 3
 $ idi   : int 9937
 $ lrn   : chr [1:3] "randomForest" "oob" ""
 $ result: Named num [1:5] 0.9145 0.1455 0.1724 0.0855 0.7252
  ..- attr(*, "names")= chr [1:5] "ACC" "BER" "multiclass.brier" "MMCE" ...
NULL
Writing result file: /home/probst/Random_Forest/RFSplitbias/results/Splitbias-files/jobs/62/10462-result.RData
########## Executing jid=10463 ##########
Timestamp: 2016-04-28 16:29:35
Experiment: 
  Problem: taski 
  Problem parameters: idi=9937, learner=, teststat=, testtype= 
  Algorithm: forest.splitbias.oob 
  Algorithm parameters:  
  Replication: 40 
  Seed: 10463 
  Problem seed: 162 
Setting seed: 10463
Applying Algorithm forest.splitbias.oob ...
Generating problem taski ...
Result:
List of 3
 $ idi   : int 9937
 $ lrn   : chr [1:3] "randomForest" "oob" ""
 $ result: Named num [1:5] 0.9145 0.1455 0.1744 0.0855 0.7223
  ..- attr(*, "names")= chr [1:5] "ACC" "BER" "multiclass.brier" "MMCE" ...
NULL
Writing result file: /home/probst/Random_Forest/RFSplitbias/results/Splitbias-files/jobs/63/10463-result.RData
########## Executing jid=10464 ##########
Timestamp: 2016-04-28 16:29:36
Experiment: 
  Problem: taski 
  Problem parameters: idi=9937, learner=, teststat=, testtype= 
  Algorithm: forest.splitbias.oob 
  Algorithm parameters:  
  Replication: 41 
  Seed: 10464 
  Problem seed: 163 
Setting seed: 10464
Applying Algorithm forest.splitbias.oob ...
Generating problem taski ...
Result:
List of 3
 $ idi   : int 9937
 $ lrn   : chr [1:3] "randomForest" "oob" ""
 $ result: Named num [1:5] 0.9145 0.1567 0.1744 0.0855 0.742
  ..- attr(*, "names")= chr [1:5] "ACC" "BER" "multiclass.brier" "MMCE" ...
NULL
Writing result file: /home/probst/Random_Forest/RFSplitbias/results/Splitbias-files/jobs/64/10464-result.RData
########## Executing jid=10465 ##########
Timestamp: 2016-04-28 16:29:37
Experiment: 
  Problem: taski 
  Problem parameters: idi=9937, learner=, teststat=, testtype= 
  Algorithm: forest.splitbias.oob 
  Algorithm parameters:  
  Replication: 42 
  Seed: 10465 
  Problem seed: 164 
Setting seed: 10465
Applying Algorithm forest.splitbias.oob ...
Generating problem taski ...
Result:
List of 3
 $ idi   : int 9937
 $ lrn   : chr [1:3] "randomForest" "oob" ""
 $ result: Named num [1:5] 0.9145 0.1567 0.1765 0.0855 0.7392
  ..- attr(*, "names")= chr [1:5] "ACC" "BER" "multiclass.brier" "MMCE" ...
NULL
Writing result file: /home/probst/Random_Forest/RFSplitbias/results/Splitbias-files/jobs/65/10465-result.RData
########## Executing jid=10466 ##########
Timestamp: 2016-04-28 16:29:38
Experiment: 
  Problem: taski 
  Problem parameters: idi=9937, learner=, teststat=, testtype= 
  Algorithm: forest.splitbias.oob 
  Algorithm parameters:  
  Replication: 43 
  Seed: 10466 
  Problem seed: 165 
Setting seed: 10466
Applying Algorithm forest.splitbias.oob ...
Generating problem taski ...
Result:
List of 3
 $ idi   : int 9937
 $ lrn   : chr [1:3] "randomForest" "oob" ""
 $ result: Named num [1:5] 0.9231 0.1409 0.1769 0.0769 0.7375
  ..- attr(*, "names")= chr [1:5] "ACC" "BER" "multiclass.brier" "MMCE" ...
NULL
Writing result file: /home/probst/Random_Forest/RFSplitbias/results/Splitbias-files/jobs/66/10466-result.RData
########## Executing jid=10467 ##########
Timestamp: 2016-04-28 16:29:39
Experiment: 
  Problem: taski 
  Problem parameters: idi=9937, learner=, teststat=, testtype= 
  Algorithm: forest.splitbias.oob 
  Algorithm parameters:  
  Replication: 44 
  Seed: 10467 
  Problem seed: 166 
Setting seed: 10467
Applying Algorithm forest.splitbias.oob ...
Generating problem taski ...
Result:
List of 3
 $ idi   : int 9937
 $ lrn   : chr [1:3] "randomForest" "oob" ""
 $ result: Named num [1:5] 0.906 0.161 0.173 0.094 0.739
  ..- attr(*, "names")= chr [1:5] "ACC" "BER" "multiclass.brier" "MMCE" ...
NULL
Writing result file: /home/probst/Random_Forest/RFSplitbias/results/Splitbias-files/jobs/67/10467-result.RData
########## Executing jid=10468 ##########
Timestamp: 2016-04-28 16:29:40
Experiment: 
  Problem: taski 
  Problem parameters: idi=9937, learner=, teststat=, testtype= 
  Algorithm: forest.splitbias.oob 
  Algorithm parameters:  
  Replication: 45 
  Seed: 10468 
  Problem seed: 167 
Setting seed: 10468
Applying Algorithm forest.splitbias.oob ...
Generating problem taski ...
Result:
List of 3
 $ idi   : int 9937
 $ lrn   : chr [1:3] "randomForest" "oob" ""
 $ result: Named num [1:5] 0.9231 0.1409 0.1692 0.0769 0.7144
  ..- attr(*, "names")= chr [1:5] "ACC" "BER" "multiclass.brier" "MMCE" ...
NULL
Writing result file: /home/probst/Random_Forest/RFSplitbias/results/Splitbias-files/jobs/68/10468-result.RData
########## Executing jid=10469 ##########
Timestamp: 2016-04-28 16:29:41
Experiment: 
  Problem: taski 
  Problem parameters: idi=9937, learner=, teststat=, testtype= 
  Algorithm: forest.splitbias.oob 
  Algorithm parameters:  
  Replication: 46 
  Seed: 10469 
  Problem seed: 168 
Setting seed: 10469
Applying Algorithm forest.splitbias.oob ...
Generating problem taski ...
Result:
List of 3
 $ idi   : int 9937
 $ lrn   : chr [1:3] "randomForest" "oob" ""
 $ result: Named num [1:5] 0.9145 0.1567 0.174 0.0855 0.7396
  ..- attr(*, "names")= chr [1:5] "ACC" "BER" "multiclass.brier" "MMCE" ...
NULL
Writing result file: /home/probst/Random_Forest/RFSplitbias/results/Splitbias-files/jobs/69/10469-result.RData
########## Executing jid=10470 ##########
Timestamp: 2016-04-28 16:29:42
Experiment: 
  Problem: taski 
  Problem parameters: idi=9937, learner=, teststat=, testtype= 
  Algorithm: forest.splitbias.oob 
  Algorithm parameters:  
  Replication: 47 
  Seed: 10470 
  Problem seed: 169 
Setting seed: 10470
Applying Algorithm forest.splitbias.oob ...
Generating problem taski ...
Result:
List of 3
 $ idi   : int 9937
 $ lrn   : chr [1:3] "randomForest" "oob" ""
 $ result: Named num [1:5] 0.9231 0.1409 0.1716 0.0769 0.7368
  ..- attr(*, "names")= chr [1:5] "ACC" "BER" "multiclass.brier" "MMCE" ...
NULL
Writing result file: /home/probst/Random_Forest/RFSplitbias/results/Splitbias-files/jobs/70/10470-result.RData
########## Executing jid=10471 ##########
Timestamp: 2016-04-28 16:29:43
Experiment: 
  Problem: taski 
  Problem parameters: idi=9937, learner=, teststat=, testtype= 
  Algorithm: forest.splitbias.oob 
  Algorithm parameters:  
  Replication: 48 
  Seed: 10471 
  Problem seed: 170 
Setting seed: 10471
Applying Algorithm forest.splitbias.oob ...
Generating problem taski ...
Result:
List of 3
 $ idi   : int 9937
 $ lrn   : chr [1:3] "randomForest" "oob" ""
 $ result: Named num [1:5] 0.9145 0.1567 0.172 0.0855 0.7429
  ..- attr(*, "names")= chr [1:5] "ACC" "BER" "multiclass.brier" "MMCE" ...
NULL
Writing result file: /home/probst/Random_Forest/RFSplitbias/results/Splitbias-files/jobs/71/10471-result.RData
########## Executing jid=10472 ##########
Timestamp: 2016-04-28 16:29:44
Experiment: 
  Problem: taski 
  Problem parameters: idi=9937, learner=, teststat=, testtype= 
  Algorithm: forest.splitbias.oob 
  Algorithm parameters:  
  Replication: 49 
  Seed: 10472 
  Problem seed: 171 
Setting seed: 10472
Applying Algorithm forest.splitbias.oob ...
Generating problem taski ...
Result:
List of 3
 $ idi   : int 9937
 $ lrn   : chr [1:3] "randomForest" "oob" ""
 $ result: Named num [1:5] 0.9231 0.1409 0.1714 0.0769 0.7394
  ..- attr(*, "names")= chr [1:5] "ACC" "BER" "multiclass.brier" "MMCE" ...
NULL
Writing result file: /home/probst/Random_Forest/RFSplitbias/results/Splitbias-files/jobs/72/10472-result.RData
########## Executing jid=10473 ##########
Timestamp: 2016-04-28 16:29:45
Experiment: 
  Problem: taski 
  Problem parameters: idi=9937, learner=, teststat=, testtype= 
  Algorithm: forest.splitbias.oob 
  Algorithm parameters:  
  Replication: 50 
  Seed: 10473 
  Problem seed: 172 
Setting seed: 10473
Applying Algorithm forest.splitbias.oob ...
Generating problem taski ...
Result:
List of 3
 $ idi   : int 9937
 $ lrn   : chr [1:3] "randomForest" "oob" ""
 $ result: Named num [1:5] 0.9231 0.1409 0.1796 0.0769 0.7395
  ..- attr(*, "names")= chr [1:5] "ACC" "BER" "multiclass.brier" "MMCE" ...
NULL
Writing result file: /home/probst/Random_Forest/RFSplitbias/results/Splitbias-files/jobs/73/10473-result.RData
########## Executing jid=10474 ##########
Timestamp: 2016-04-28 16:29:46
Experiment: 
  Problem: taski 
  Problem parameters: idi=7553, learner=, teststat=, testtype= 
  Algorithm: forest.splitbias.oob 
  Algorithm parameters:  
  Replication: 11 
  Seed: 10474 
  Problem seed: 133 
Setting seed: 10474
Applying Algorithm forest.splitbias.oob ...
Generating problem taski ...
Result:
List of 3
 $ idi   : int 7553
 $ lrn   : chr [1:3] "randomForest" "oob" ""
 $ result: Named num [1:5] 0.858 0.497 0.214 0.142 0.997
  ..- attr(*, "names")= chr [1:5] "ACC" "BER" "multiclass.brier" "MMCE" ...
NULL
Writing result file: /home/probst/Random_Forest/RFSplitbias/results/Splitbias-files/jobs/74/10474-result.RData
########## Executing jid=10475 ##########
Timestamp: 2016-04-28 16:29:47
Experiment: 
  Problem: taski 
  Problem parameters: idi=7553, learner=, teststat=, testtype= 
  Algorithm: forest.splitbias.oob 
  Algorithm parameters:  
  Replication: 12 
  Seed: 10475 
  Problem seed: 134 
Setting seed: 10475
Applying Algorithm forest.splitbias.oob ...
Generating problem taski ...
Result:
List of 3
 $ idi   : int 7553
 $ lrn   : chr [1:3] "randomForest" "oob" ""
 $ result: Named num [1:5] 0.858 0.497 0.214 0.142 0.996
  ..- attr(*, "names")= chr [1:5] "ACC" "BER" "multiclass.brier" "MMCE" ...
NULL
Writing result file: /home/probst/Random_Forest/RFSplitbias/results/Splitbias-files/jobs/75/10475-result.RData
########## Executing jid=10476 ##########
Timestamp: 2016-04-28 16:29:48
Experiment: 
  Problem: taski 
  Problem parameters: idi=7553, learner=, teststat=, testtype= 
  Algorithm: forest.splitbias.oob 
  Algorithm parameters:  
  Replication: 13 
  Seed: 10476 
  Problem seed: 135 
Setting seed: 10476
Applying Algorithm forest.splitbias.oob ...
Generating problem taski ...
Result:
List of 3
 $ idi   : int 7553
 $ lrn   : chr [1:3] "randomForest" "oob" ""
 $ result: Named num [1:5] 0.858 0.497 0.212 0.142 0.997
  ..- attr(*, "names")= chr [1:5] "ACC" "BER" "multiclass.brier" "MMCE" ...
NULL
Writing result file: /home/probst/Random_Forest/RFSplitbias/results/Splitbias-files/jobs/76/10476-result.RData
########## Executing jid=10477 ##########
Timestamp: 2016-04-28 16:29:50
Experiment: 
  Problem: taski 
  Problem parameters: idi=7553, learner=, teststat=, testtype= 
  Algorithm: forest.splitbias.oob 
  Algorithm parameters:  
  Replication: 14 
  Seed: 10477 
  Problem seed: 136 
Setting seed: 10477
Applying Algorithm forest.splitbias.oob ...
Generating problem taski ...
Result:
List of 3
 $ idi   : int 7553
 $ lrn   : chr [1:3] "randomForest" "oob" ""
 $ result: Named num [1:5] 0.858 0.497 0.214 0.142 0.997
  ..- attr(*, "names")= chr [1:5] "ACC" "BER" "multiclass.brier" "MMCE" ...
NULL
Writing result file: /home/probst/Random_Forest/RFSplitbias/results/Splitbias-files/jobs/77/10477-result.RData
########## Executing jid=10478 ##########
Timestamp: 2016-04-28 16:29:51
Experiment: 
  Problem: taski 
  Problem parameters: idi=7553, learner=, teststat=, testtype= 
  Algorithm: forest.splitbias.oob 
  Algorithm parameters:  
  Replication: 15 
  Seed: 10478 
  Problem seed: 137 
Setting seed: 10478
Applying Algorithm forest.splitbias.oob ...
Generating problem taski ...
Result:
List of 3
 $ idi   : int 7553
 $ lrn   : chr [1:3] "randomForest" "oob" ""
 $ result: Named num [1:5] 0.855 0.498 0.215 0.145 0.996
  ..- attr(*, "names")= chr [1:5] "ACC" "BER" "multiclass.brier" "MMCE" ...
NULL
Writing result file: /home/probst/Random_Forest/RFSplitbias/results/Splitbias-files/jobs/78/10478-result.RData
########## Executing jid=10479 ##########
Timestamp: 2016-04-28 16:29:52
Experiment: 
  Problem: taski 
  Problem parameters: idi=7553, learner=, teststat=, testtype= 
  Algorithm: forest.splitbias.oob 
  Algorithm parameters:  
  Replication: 16 
  Seed: 10479 
  Problem seed: 138 
Setting seed: 10479
Applying Algorithm forest.splitbias.oob ...
Generating problem taski ...
Result:
List of 3
 $ idi   : int 7553
 $ lrn   : chr [1:3] "randomForest" "oob" ""
 $ result: Named num [1:5] 0.858 0.497 0.214 0.142 0.996
  ..- attr(*, "names")= chr [1:5] "ACC" "BER" "multiclass.brier" "MMCE" ...
NULL
Writing result file: /home/probst/Random_Forest/RFSplitbias/results/Splitbias-files/jobs/79/10479-result.RData
########## Executing jid=10480 ##########
Timestamp: 2016-04-28 16:29:53
Experiment: 
  Problem: taski 
  Problem parameters: idi=7553, learner=, teststat=, testtype= 
  Algorithm: forest.splitbias.oob 
  Algorithm parameters:  
  Replication: 17 
  Seed: 10480 
  Problem seed: 139 
Setting seed: 10480
Applying Algorithm forest.splitbias.oob ...
Generating problem taski ...
Result:
List of 3
 $ idi   : int 7553
 $ lrn   : chr [1:3] "randomForest" "oob" ""
 $ result: Named num [1:5] 0.851 0.5 0.216 0.149 0.995
  ..- attr(*, "names")= chr [1:5] "ACC" "BER" "multiclass.brier" "MMCE" ...
NULL
Writing result file: /home/probst/Random_Forest/RFSplitbias/results/Splitbias-files/jobs/80/10480-result.RData
########## Executing jid=10481 ##########
Timestamp: 2016-04-28 16:29:54
Experiment: 
  Problem: taski 
  Problem parameters: idi=7553, learner=, teststat=, testtype= 
  Algorithm: forest.splitbias.oob 
  Algorithm parameters:  
  Replication: 18 
  Seed: 10481 
  Problem seed: 140 
Setting seed: 10481
Applying Algorithm forest.splitbias.oob ...
Generating problem taski ...
Result:
List of 3
 $ idi   : int 7553
 $ lrn   : chr [1:3] "randomForest" "oob" ""
 $ result: Named num [1:5] 0.858 0.497 0.211 0.142 0.995
  ..- attr(*, "names")= chr [1:5] "ACC" "BER" "multiclass.brier" "MMCE" ...
NULL
Writing result file: /home/probst/Random_Forest/RFSplitbias/results/Splitbias-files/jobs/81/10481-result.RData
########## Executing jid=10482 ##########
Timestamp: 2016-04-28 16:29:55
Experiment: 
  Problem: taski 
  Problem parameters: idi=7553, learner=, teststat=, testtype= 
  Algorithm: forest.splitbias.oob 
  Algorithm parameters:  
  Replication: 19 
  Seed: 10482 
  Problem seed: 141 
Setting seed: 10482
Applying Algorithm forest.splitbias.oob ...
Generating problem taski ...
Result:
List of 3
 $ idi   : int 7553
 $ lrn   : chr [1:3] "randomForest" "oob" ""
 $ result: Named num [1:5] 0.858 0.497 0.216 0.142 0.996
  ..- attr(*, "names")= chr [1:5] "ACC" "BER" "multiclass.brier" "MMCE" ...
NULL
Writing result file: /home/probst/Random_Forest/RFSplitbias/results/Splitbias-files/jobs/82/10482-result.RData
########## Executing jid=10483 ##########
Timestamp: 2016-04-28 16:29:56
Experiment: 
  Problem: taski 
  Problem parameters: idi=7553, learner=, teststat=, testtype= 
  Algorithm: forest.splitbias.oob 
  Algorithm parameters:  
  Replication: 20 
  Seed: 10483 
  Problem seed: 142 
Setting seed: 10483
Applying Algorithm forest.splitbias.oob ...
Generating problem taski ...
Result:
List of 3
 $ idi   : int 7553
 $ lrn   : chr [1:3] "randomForest" "oob" ""
 $ result: Named num [1:5] 0.855 0.498 0.215 0.145 0.995
  ..- attr(*, "names")= chr [1:5] "ACC" "BER" "multiclass.brier" "MMCE" ...
NULL
Writing result file: /home/probst/Random_Forest/RFSplitbias/results/Splitbias-files/jobs/83/10483-result.RData
########## Executing jid=10484 ##########
Timestamp: 2016-04-28 16:29:58
Experiment: 
  Problem: taski 
  Problem parameters: idi=7553, learner=, teststat=, testtype= 
  Algorithm: forest.splitbias.oob 
  Algorithm parameters:  
  Replication: 21 
  Seed: 10484 
  Problem seed: 143 
Setting seed: 10484
Applying Algorithm forest.splitbias.oob ...
Generating problem taski ...
Result:
List of 3
 $ idi   : int 7553
 $ lrn   : chr [1:3] "randomForest" "oob" ""
 $ result: Named num [1:5] 0.858 0.497 0.215 0.142 0.996
  ..- attr(*, "names")= chr [1:5] "ACC" "BER" "multiclass.brier" "MMCE" ...
NULL
Writing result file: /home/probst/Random_Forest/RFSplitbias/results/Splitbias-files/jobs/84/10484-result.RData
########## Executing jid=10485 ##########
Timestamp: 2016-04-28 16:29:59
Experiment: 
  Problem: taski 
  Problem parameters: idi=7553, learner=, teststat=, testtype= 
  Algorithm: forest.splitbias.oob 
  Algorithm parameters:  
  Replication: 22 
  Seed: 10485 
  Problem seed: 144 
Setting seed: 10485
Applying Algorithm forest.splitbias.oob ...
Generating problem taski ...
Result:
List of 3
 $ idi   : int 7553
 $ lrn   : chr [1:3] "randomForest" "oob" ""
 $ result: Named num [1:5] 0.858 0.497 0.215 0.142 0.997
  ..- attr(*, "names")= chr [1:5] "ACC" "BER" "multiclass.brier" "MMCE" ...
NULL
Writing result file: /home/probst/Random_Forest/RFSplitbias/results/Splitbias-files/jobs/85/10485-result.RData
########## Executing jid=10486 ##########
Timestamp: 2016-04-28 16:30:00
Experiment: 
  Problem: taski 
  Problem parameters: idi=7553, learner=, teststat=, testtype= 
  Algorithm: forest.splitbias.oob 
  Algorithm parameters:  
  Replication: 23 
  Seed: 10486 
  Problem seed: 145 
Setting seed: 10486
Applying Algorithm forest.splitbias.oob ...
Generating problem taski ...
Result:
List of 3
 $ idi   : int 7553
 $ lrn   : chr [1:3] "randomForest" "oob" ""
 $ result: Named num [1:5] 0.858 0.497 0.216 0.142 0.994
  ..- attr(*, "names")= chr [1:5] "ACC" "BER" "multiclass.brier" "MMCE" ...
NULL
Writing result file: /home/probst/Random_Forest/RFSplitbias/results/Splitbias-files/jobs/86/10486-result.RData
########## Executing jid=10487 ##########
Timestamp: 2016-04-28 16:30:01
Experiment: 
  Problem: taski 
  Problem parameters: idi=7553, learner=, teststat=, testtype= 
  Algorithm: forest.splitbias.oob 
  Algorithm parameters:  
  Replication: 24 
  Seed: 10487 
  Problem seed: 146 
Setting seed: 10487
Applying Algorithm forest.splitbias.oob ...
Generating problem taski ...
Result:
List of 3
 $ idi   : int 7553
 $ lrn   : chr [1:3] "randomForest" "oob" ""
 $ result: Named num [1:5] 0.855 0.498 0.214 0.145 0.996
  ..- attr(*, "names")= chr [1:5] "ACC" "BER" "multiclass.brier" "MMCE" ...
NULL
Writing result file: /home/probst/Random_Forest/RFSplitbias/results/Splitbias-files/jobs/87/10487-result.RData
########## Executing jid=10488 ##########
Timestamp: 2016-04-28 16:30:02
Experiment: 
  Problem: taski 
  Problem parameters: idi=7553, learner=, teststat=, testtype= 
  Algorithm: forest.splitbias.oob 
  Algorithm parameters:  
  Replication: 25 
  Seed: 10488 
  Problem seed: 147 
Setting seed: 10488
Applying Algorithm forest.splitbias.oob ...
Generating problem taski ...
Result:
List of 3
 $ idi   : int 7553
 $ lrn   : chr [1:3] "randomForest" "oob" ""
 $ result: Named num [1:5] 0.855 0.498 0.216 0.145 0.996
  ..- attr(*, "names")= chr [1:5] "ACC" "BER" "multiclass.brier" "MMCE" ...
NULL
Writing result file: /home/probst/Random_Forest/RFSplitbias/results/Splitbias-files/jobs/88/10488-result.RData
########## Executing jid=10489 ##########
Timestamp: 2016-04-28 16:30:03
Experiment: 
  Problem: taski 
  Problem parameters: idi=7553, learner=, teststat=, testtype= 
  Algorithm: forest.splitbias.oob 
  Algorithm parameters:  
  Replication: 26 
  Seed: 10489 
  Problem seed: 148 
Setting seed: 10489
Applying Algorithm forest.splitbias.oob ...
Generating problem taski ...
Result:
List of 3
 $ idi   : int 7553
 $ lrn   : chr [1:3] "randomForest" "oob" ""
 $ result: Named num [1:5] 0.858 0.497 0.215 0.142 0.994
  ..- attr(*, "names")= chr [1:5] "ACC" "BER" "multiclass.brier" "MMCE" ...
NULL
Writing result file: /home/probst/Random_Forest/RFSplitbias/results/Splitbias-files/jobs/89/10489-result.RData
########## Executing jid=10490 ##########
Timestamp: 2016-04-28 16:30:04
Experiment: 
  Problem: taski 
  Problem parameters: idi=7553, learner=, teststat=, testtype= 
  Algorithm: forest.splitbias.oob 
  Algorithm parameters:  
  Replication: 27 
  Seed: 10490 
  Problem seed: 149 
Setting seed: 10490
Applying Algorithm forest.splitbias.oob ...
Generating problem taski ...
Result:
List of 3
 $ idi   : int 7553
 $ lrn   : chr [1:3] "randomForest" "oob" ""
 $ result: Named num [1:5] 0.858 0.497 0.216 0.142 0.997
  ..- attr(*, "names")= chr [1:5] "ACC" "BER" "multiclass.brier" "MMCE" ...
NULL
Writing result file: /home/probst/Random_Forest/RFSplitbias/results/Splitbias-files/jobs/90/10490-result.RData
########## Executing jid=10491 ##########
Timestamp: 2016-04-28 16:30:05
Experiment: 
  Problem: taski 
  Problem parameters: idi=7553, learner=, teststat=, testtype= 
  Algorithm: forest.splitbias.oob 
  Algorithm parameters:  
  Replication: 28 
  Seed: 10491 
  Problem seed: 150 
Setting seed: 10491
Applying Algorithm forest.splitbias.oob ...
Generating problem taski ...
Result:
List of 3
 $ idi   : int 7553
 $ lrn   : chr [1:3] "randomForest" "oob" ""
 $ result: Named num [1:5] 0.855 0.498 0.217 0.145 0.996
  ..- attr(*, "names")= chr [1:5] "ACC" "BER" "multiclass.brier" "MMCE" ...
NULL
Writing result file: /home/probst/Random_Forest/RFSplitbias/results/Splitbias-files/jobs/91/10491-result.RData
########## Executing jid=10492 ##########
Timestamp: 2016-04-28 16:30:06
Experiment: 
  Problem: taski 
  Problem parameters: idi=7553, learner=, teststat=, testtype= 
  Algorithm: forest.splitbias.oob 
  Algorithm parameters:  
  Replication: 29 
  Seed: 10492 
  Problem seed: 151 
Setting seed: 10492
Applying Algorithm forest.splitbias.oob ...
Generating problem taski ...
Result:
List of 3
 $ idi   : int 7553
 $ lrn   : chr [1:3] "randomForest" "oob" ""
 $ result: Named num [1:5] 0.855 0.498 0.216 0.145 0.997
  ..- attr(*, "names")= chr [1:5] "ACC" "BER" "multiclass.brier" "MMCE" ...
NULL
Writing result file: /home/probst/Random_Forest/RFSplitbias/results/Splitbias-files/jobs/92/10492-result.RData
########## Executing jid=10493 ##########
Timestamp: 2016-04-28 16:30:07
Experiment: 
  Problem: taski 
  Problem parameters: idi=7553, learner=, teststat=, testtype= 
  Algorithm: forest.splitbias.oob 
  Algorithm parameters:  
  Replication: 30 
  Seed: 10493 
  Problem seed: 152 
Setting seed: 10493
Applying Algorithm forest.splitbias.oob ...
Generating problem taski ...
Result:
List of 3
 $ idi   : int 7553
 $ lrn   : chr [1:3] "randomForest" "oob" ""
 $ result: Named num [1:5] 0.858 0.497 0.215 0.142 0.994
  ..- attr(*, "names")= chr [1:5] "ACC" "BER" "multiclass.brier" "MMCE" ...
NULL
Writing result file: /home/probst/Random_Forest/RFSplitbias/results/Splitbias-files/jobs/93/10493-result.RData
########## Executing jid=10494 ##########
Timestamp: 2016-04-28 16:30:09
Experiment: 
  Problem: taski 
  Problem parameters: idi=7553, learner=, teststat=, testtype= 
  Algorithm: forest.splitbias.oob 
  Algorithm parameters:  
  Replication: 31 
  Seed: 10494 
  Problem seed: 153 
Setting seed: 10494
Applying Algorithm forest.splitbias.oob ...
Generating problem taski ...
Result:
List of 3
 $ idi   : int 7553
 $ lrn   : chr [1:3] "randomForest" "oob" ""
 $ result: Named num [1:5] 0.858 0.497 0.218 0.142 0.996
  ..- attr(*, "names")= chr [1:5] "ACC" "BER" "multiclass.brier" "MMCE" ...
NULL
Writing result file: /home/probst/Random_Forest/RFSplitbias/results/Splitbias-files/jobs/94/10494-result.RData
########## Executing jid=10495 ##########
Timestamp: 2016-04-28 16:30:10
Experiment: 
  Problem: taski 
  Problem parameters: idi=7553, learner=, teststat=, testtype= 
  Algorithm: forest.splitbias.oob 
  Algorithm parameters:  
  Replication: 32 
  Seed: 10495 
  Problem seed: 154 
Setting seed: 10495
Applying Algorithm forest.splitbias.oob ...
Generating problem taski ...
Result:
List of 3
 $ idi   : int 7553
 $ lrn   : chr [1:3] "randomForest" "oob" ""
 $ result: Named num [1:5] 0.858 0.497 0.215 0.142 0.996
  ..- attr(*, "names")= chr [1:5] "ACC" "BER" "multiclass.brier" "MMCE" ...
NULL
Writing result file: /home/probst/Random_Forest/RFSplitbias/results/Splitbias-files/jobs/95/10495-result.RData
########## Executing jid=10496 ##########
Timestamp: 2016-04-28 16:30:11
Experiment: 
  Problem: taski 
  Problem parameters: idi=7553, learner=, teststat=, testtype= 
  Algorithm: forest.splitbias.oob 
  Algorithm parameters:  
  Replication: 33 
  Seed: 10496 
  Problem seed: 155 
Setting seed: 10496
Applying Algorithm forest.splitbias.oob ...
Generating problem taski ...
Result:
List of 3
 $ idi   : int 7553
 $ lrn   : chr [1:3] "randomForest" "oob" ""
 $ result: Named num [1:5] 0.855 0.498 0.217 0.145 0.996
  ..- attr(*, "names")= chr [1:5] "ACC" "BER" "multiclass.brier" "MMCE" ...
NULL
Writing result file: /home/probst/Random_Forest/RFSplitbias/results/Splitbias-files/jobs/96/10496-result.RData
########## Executing jid=10497 ##########
Timestamp: 2016-04-28 16:30:12
Experiment: 
  Problem: taski 
  Problem parameters: idi=7553, learner=, teststat=, testtype= 
  Algorithm: forest.splitbias.oob 
  Algorithm parameters:  
  Replication: 34 
  Seed: 10497 
  Problem seed: 156 
Setting seed: 10497
Applying Algorithm forest.splitbias.oob ...
Generating problem taski ...
Result:
List of 3
 $ idi   : int 7553
 $ lrn   : chr [1:3] "randomForest" "oob" ""
 $ result: Named num [1:5] 0.858 0.497 0.215 0.142 0.994
  ..- attr(*, "names")= chr [1:5] "ACC" "BER" "multiclass.brier" "MMCE" ...
NULL
Writing result file: /home/probst/Random_Forest/RFSplitbias/results/Splitbias-files/jobs/97/10497-result.RData
########## Executing jid=10498 ##########
Timestamp: 2016-04-28 16:30:13
Experiment: 
  Problem: taski 
  Problem parameters: idi=7553, learner=, teststat=, testtype= 
  Algorithm: forest.splitbias.oob 
  Algorithm parameters:  
  Replication: 35 
  Seed: 10498 
  Problem seed: 157 
Setting seed: 10498
Applying Algorithm forest.splitbias.oob ...
Generating problem taski ...
Result:
List of 3
 $ idi   : int 7553
 $ lrn   : chr [1:3] "randomForest" "oob" ""
 $ result: Named num [1:5] 0.858 0.497 0.214 0.142 0.995
  ..- attr(*, "names")= chr [1:5] "ACC" "BER" "multiclass.brier" "MMCE" ...
NULL
Writing result file: /home/probst/Random_Forest/RFSplitbias/results/Splitbias-files/jobs/98/10498-result.RData
########## Executing jid=10499 ##########
Timestamp: 2016-04-28 16:30:14
Experiment: 
  Problem: taski 
  Problem parameters: idi=7553, learner=, teststat=, testtype= 
  Algorithm: forest.splitbias.oob 
  Algorithm parameters:  
  Replication: 36 
  Seed: 10499 
  Problem seed: 158 
Setting seed: 10499
Applying Algorithm forest.splitbias.oob ...
Generating problem taski ...
Result:
List of 3
 $ idi   : int 7553
 $ lrn   : chr [1:3] "randomForest" "oob" ""
 $ result: Named num [1:5] 0.858 0.497 0.218 0.142 0.996
  ..- attr(*, "names")= chr [1:5] "ACC" "BER" "multiclass.brier" "MMCE" ...
NULL
Writing result file: /home/probst/Random_Forest/RFSplitbias/results/Splitbias-files/jobs/99/10499-result.RData
########## Executing jid=10500 ##########
Timestamp: 2016-04-28 16:30:16
Experiment: 
  Problem: taski 
  Problem parameters: idi=7553, learner=, teststat=, testtype= 
  Algorithm: forest.splitbias.oob 
  Algorithm parameters:  
  Replication: 37 
  Seed: 10500 
  Problem seed: 159 
Setting seed: 10500
Applying Algorithm forest.splitbias.oob ...
Generating problem taski ...
Result:
List of 3
 $ idi   : int 7553
 $ lrn   : chr [1:3] "randomForest" "oob" ""
 $ result: Named num [1:5] 0.855 0.498 0.217 0.145 0.996
  ..- attr(*, "names")= chr [1:5] "ACC" "BER" "multiclass.brier" "MMCE" ...
NULL
Writing result file: /home/probst/Random_Forest/RFSplitbias/results/Splitbias-files/jobs/00/10500-result.RData
########## Executing jid=10501 ##########
Timestamp: 2016-04-28 16:30:17
Experiment: 
  Problem: taski 
  Problem parameters: idi=7553, learner=, teststat=, testtype= 
  Algorithm: forest.splitbias.oob 
  Algorithm parameters:  
  Replication: 38 
  Seed: 10501 
  Problem seed: 160 
Setting seed: 10501
Applying Algorithm forest.splitbias.oob ...
Generating problem taski ...
Result:
List of 3
 $ idi   : int 7553
 $ lrn   : chr [1:3] "randomForest" "oob" ""
 $ result: Named num [1:5] 0.861 0.495 0.212 0.139 0.995
  ..- attr(*, "names")= chr [1:5] "ACC" "BER" "multiclass.brier" "MMCE" ...
NULL
Writing result file: /home/probst/Random_Forest/RFSplitbias/results/Splitbias-files/jobs/01/10501-result.RData
########## Executing jid=10502 ##########
Timestamp: 2016-04-28 16:30:18
Experiment: 
  Problem: taski 
  Problem parameters: idi=7553, learner=, teststat=, testtype= 
  Algorithm: forest.splitbias.oob 
  Algorithm parameters:  
  Replication: 39 
  Seed: 10502 
  Problem seed: 161 
Setting seed: 10502
Applying Algorithm forest.splitbias.oob ...
Generating problem taski ...
Result:
List of 3
 $ idi   : int 7553
 $ lrn   : chr [1:3] "randomForest" "oob" ""
 $ result: Named num [1:5] 0.858 0.497 0.215 0.142 0.996
  ..- attr(*, "names")= chr [1:5] "ACC" "BER" "multiclass.brier" "MMCE" ...
NULL
Writing result file: /home/probst/Random_Forest/RFSplitbias/results/Splitbias-files/jobs/02/10502-result.RData
########## Executing jid=10503 ##########
Timestamp: 2016-04-28 16:30:19
Experiment: 
  Problem: taski 
  Problem parameters: idi=7553, learner=, teststat=, testtype= 
  Algorithm: forest.splitbias.oob 
  Algorithm parameters:  
  Replication: 40 
  Seed: 10503 
  Problem seed: 162 
Setting seed: 10503
Applying Algorithm forest.splitbias.oob ...
Generating problem taski ...
Result:
List of 3
 $ idi   : int 7553
 $ lrn   : chr [1:3] "randomForest" "oob" ""
 $ result: Named num [1:5] 0.858 0.497 0.213 0.142 0.996
  ..- attr(*, "names")= chr [1:5] "ACC" "BER" "multiclass.brier" "MMCE" ...
NULL
Writing result file: /home/probst/Random_Forest/RFSplitbias/results/Splitbias-files/jobs/03/10503-result.RData
2016-04-28 16:30:21: All done.
Setting work back to: /nfsmb/koll/probst/Random_Forest/RFSplitbias/results
Memory usage according to gc:
          used  (Mb) gc trigger  (Mb) max used  (Mb)
Ncells 1918578 102.5    3205452 171.2  2285673 122.1
Vcells 4660260  35.6   15996972 122.1  9175415  70.1
