Loading registry: /home/probst/Random_Forest/RFSplitbias/results/Splitbias-files/registry.RData
Loading conf: 
2016-04-28 16:34:45: Starting job on node lin65.
Auto-mailer settings: start=none, done=none, error=none.
Setting work dir: /nfsmb/koll/probst/Random_Forest/RFSplitbias/results
########## Executing jid=10704 ##########
Timestamp: 2016-04-28 16:34:45
Experiment: 
  Problem: taski 
  Problem parameters: idi=57, learner=, teststat=, testtype= 
  Algorithm: forest.splitbias.oob 
  Algorithm parameters:  
  Replication: 41 
  Seed: 10704 
  Problem seed: 163 
Setting seed: 10704
Applying Algorithm forest.splitbias.oob ...
Generating problem taski ...
Result:
List of 3
 $ idi   : int 57
 $ lrn   : chr [1:3] "randomForest" "oob" ""
 $ result: Named num [1:5] 0.9345 0.079 0.0983 0.0655 0.748
  ..- attr(*, "names")= chr [1:5] "ACC" "BER" "multiclass.brier" "MMCE" ...
NULL
Writing result file: /home/probst/Random_Forest/RFSplitbias/results/Splitbias-files/jobs/04/10704-result.RData
########## Executing jid=10705 ##########
Timestamp: 2016-04-28 16:34:46
Experiment: 
  Problem: taski 
  Problem parameters: idi=57, learner=, teststat=, testtype= 
  Algorithm: forest.splitbias.oob 
  Algorithm parameters:  
  Replication: 42 
  Seed: 10705 
  Problem seed: 164 
Setting seed: 10705
Applying Algorithm forest.splitbias.oob ...
Generating problem taski ...
Result:
List of 3
 $ idi   : int 57
 $ lrn   : chr [1:3] "randomForest" "oob" ""
 $ result: Named num [1:5] 0.9345 0.079 0.0998 0.0655 0.7396
  ..- attr(*, "names")= chr [1:5] "ACC" "BER" "multiclass.brier" "MMCE" ...
NULL
Writing result file: /home/probst/Random_Forest/RFSplitbias/results/Splitbias-files/jobs/05/10705-result.RData
########## Executing jid=10706 ##########
Timestamp: 2016-04-28 16:34:47
Experiment: 
  Problem: taski 
  Problem parameters: idi=57, learner=, teststat=, testtype= 
  Algorithm: forest.splitbias.oob 
  Algorithm parameters:  
  Replication: 43 
  Seed: 10706 
  Problem seed: 165 
Setting seed: 10706
Applying Algorithm forest.splitbias.oob ...
Generating problem taski ...
Result:
List of 3
 $ idi   : int 57
 $ lrn   : chr [1:3] "randomForest" "oob" ""
 $ result: Named num [1:5] 0.9345 0.079 0.0986 0.0655 0.7323
  ..- attr(*, "names")= chr [1:5] "ACC" "BER" "multiclass.brier" "MMCE" ...
NULL
Writing result file: /home/probst/Random_Forest/RFSplitbias/results/Splitbias-files/jobs/06/10706-result.RData
########## Executing jid=10707 ##########
Timestamp: 2016-04-28 16:34:49
Experiment: 
  Problem: taski 
  Problem parameters: idi=57, learner=, teststat=, testtype= 
  Algorithm: forest.splitbias.oob 
  Algorithm parameters:  
  Replication: 44 
  Seed: 10707 
  Problem seed: 166 
Setting seed: 10707
Applying Algorithm forest.splitbias.oob ...
Generating problem taski ...
Result:
List of 3
 $ idi   : int 57
 $ lrn   : chr [1:3] "randomForest" "oob" ""
 $ result: Named num [1:5] 0.9345 0.079 0.0994 0.0655 0.7397
  ..- attr(*, "names")= chr [1:5] "ACC" "BER" "multiclass.brier" "MMCE" ...
NULL
Writing result file: /home/probst/Random_Forest/RFSplitbias/results/Splitbias-files/jobs/07/10707-result.RData
########## Executing jid=10708 ##########
Timestamp: 2016-04-28 16:34:50
Experiment: 
  Problem: taski 
  Problem parameters: idi=57, learner=, teststat=, testtype= 
  Algorithm: forest.splitbias.oob 
  Algorithm parameters:  
  Replication: 45 
  Seed: 10708 
  Problem seed: 167 
Setting seed: 10708
Applying Algorithm forest.splitbias.oob ...
Generating problem taski ...
Result:
List of 3
 $ idi   : int 57
 $ lrn   : chr [1:3] "randomForest" "oob" ""
 $ result: Named num [1:5] 0.9345 0.079 0.0971 0.0655 0.7377
  ..- attr(*, "names")= chr [1:5] "ACC" "BER" "multiclass.brier" "MMCE" ...
NULL
Writing result file: /home/probst/Random_Forest/RFSplitbias/results/Splitbias-files/jobs/08/10708-result.RData
########## Executing jid=10709 ##########
Timestamp: 2016-04-28 16:34:51
Experiment: 
  Problem: taski 
  Problem parameters: idi=57, learner=, teststat=, testtype= 
  Algorithm: forest.splitbias.oob 
  Algorithm parameters:  
  Replication: 46 
  Seed: 10709 
  Problem seed: 168 
Setting seed: 10709
Applying Algorithm forest.splitbias.oob ...
Generating problem taski ...
Result:
List of 3
 $ idi   : int 57
 $ lrn   : chr [1:3] "randomForest" "oob" ""
 $ result: Named num [1:5] 0.9345 0.079 0.0985 0.0655 0.7308
  ..- attr(*, "names")= chr [1:5] "ACC" "BER" "multiclass.brier" "MMCE" ...
NULL
Writing result file: /home/probst/Random_Forest/RFSplitbias/results/Splitbias-files/jobs/09/10709-result.RData
########## Executing jid=10710 ##########
Timestamp: 2016-04-28 16:34:52
Experiment: 
  Problem: taski 
  Problem parameters: idi=57, learner=, teststat=, testtype= 
  Algorithm: forest.splitbias.oob 
  Algorithm parameters:  
  Replication: 47 
  Seed: 10710 
  Problem seed: 169 
Setting seed: 10710
Applying Algorithm forest.splitbias.oob ...
Generating problem taski ...
Result:
List of 3
 $ idi   : int 57
 $ lrn   : chr [1:3] "randomForest" "oob" ""
 $ result: Named num [1:5] 0.9316 0.0813 0.099 0.0684 0.7332
  ..- attr(*, "names")= chr [1:5] "ACC" "BER" "multiclass.brier" "MMCE" ...
NULL
Writing result file: /home/probst/Random_Forest/RFSplitbias/results/Splitbias-files/jobs/10/10710-result.RData
########## Executing jid=10711 ##########
Timestamp: 2016-04-28 16:34:53
Experiment: 
  Problem: taski 
  Problem parameters: idi=57, learner=, teststat=, testtype= 
  Algorithm: forest.splitbias.oob 
  Algorithm parameters:  
  Replication: 48 
  Seed: 10711 
  Problem seed: 170 
Setting seed: 10711
Applying Algorithm forest.splitbias.oob ...
Generating problem taski ...
Result:
List of 3
 $ idi   : int 57
 $ lrn   : chr [1:3] "randomForest" "oob" ""
 $ result: Named num [1:5] 0.9345 0.079 0.0982 0.0655 0.7395
  ..- attr(*, "names")= chr [1:5] "ACC" "BER" "multiclass.brier" "MMCE" ...
NULL
Writing result file: /home/probst/Random_Forest/RFSplitbias/results/Splitbias-files/jobs/11/10711-result.RData
########## Executing jid=10712 ##########
Timestamp: 2016-04-28 16:34:54
Experiment: 
  Problem: taski 
  Problem parameters: idi=57, learner=, teststat=, testtype= 
  Algorithm: forest.splitbias.oob 
  Algorithm parameters:  
  Replication: 49 
  Seed: 10712 
  Problem seed: 171 
Setting seed: 10712
Applying Algorithm forest.splitbias.oob ...
Generating problem taski ...
Result:
List of 3
 $ idi   : int 57
 $ lrn   : chr [1:3] "randomForest" "oob" ""
 $ result: Named num [1:5] 0.9345 0.079 0.0987 0.0655 0.7446
  ..- attr(*, "names")= chr [1:5] "ACC" "BER" "multiclass.brier" "MMCE" ...
NULL
Writing result file: /home/probst/Random_Forest/RFSplitbias/results/Splitbias-files/jobs/12/10712-result.RData
########## Executing jid=10713 ##########
Timestamp: 2016-04-28 16:34:56
Experiment: 
  Problem: taski 
  Problem parameters: idi=57, learner=, teststat=, testtype= 
  Algorithm: forest.splitbias.oob 
  Algorithm parameters:  
  Replication: 50 
  Seed: 10713 
  Problem seed: 172 
Setting seed: 10713
Applying Algorithm forest.splitbias.oob ...
Generating problem taski ...
Result:
List of 3
 $ idi   : int 57
 $ lrn   : chr [1:3] "randomForest" "oob" ""
 $ result: Named num [1:5] 0.9345 0.079 0.0975 0.0655 0.7404
  ..- attr(*, "names")= chr [1:5] "ACC" "BER" "multiclass.brier" "MMCE" ...
NULL
Writing result file: /home/probst/Random_Forest/RFSplitbias/results/Splitbias-files/jobs/13/10713-result.RData
########## Executing jid=10714 ##########
Timestamp: 2016-04-28 16:34:57
Experiment: 
  Problem: taski 
  Problem parameters: idi=10096, learner=, teststat=, testtype= 
  Algorithm: forest.splitbias.oob 
  Algorithm parameters:  
  Replication: 11 
  Seed: 10714 
  Problem seed: 133 
Setting seed: 10714
Applying Algorithm forest.splitbias.oob ...
Generating problem taski ...
Result:
List of 3
 $ idi   : int 10096
 $ lrn   : chr [1:3] "randomForest" "oob" ""
 $ result: Named num [1:5] 0.859 0.497 0.219 0.141 0.998
  ..- attr(*, "names")= chr [1:5] "ACC" "BER" "multiclass.brier" "MMCE" ...
NULL
Writing result file: /home/probst/Random_Forest/RFSplitbias/results/Splitbias-files/jobs/14/10714-result.RData
########## Executing jid=10715 ##########
Timestamp: 2016-04-28 16:34:58
Experiment: 
  Problem: taski 
  Problem parameters: idi=10096, learner=, teststat=, testtype= 
  Algorithm: forest.splitbias.oob 
  Algorithm parameters:  
  Replication: 12 
  Seed: 10715 
  Problem seed: 134 
Setting seed: 10715
Applying Algorithm forest.splitbias.oob ...
Generating problem taski ...
Result:
List of 3
 $ idi   : int 10096
 $ lrn   : chr [1:3] "randomForest" "oob" ""
 $ result: Named num [1:5] 0.856 0.499 0.218 0.144 0.998
  ..- attr(*, "names")= chr [1:5] "ACC" "BER" "multiclass.brier" "MMCE" ...
NULL
Writing result file: /home/probst/Random_Forest/RFSplitbias/results/Splitbias-files/jobs/15/10715-result.RData
########## Executing jid=10716 ##########
Timestamp: 2016-04-28 16:34:59
Experiment: 
  Problem: taski 
  Problem parameters: idi=10096, learner=, teststat=, testtype= 
  Algorithm: forest.splitbias.oob 
  Algorithm parameters:  
  Replication: 13 
  Seed: 10716 
  Problem seed: 135 
Setting seed: 10716
Applying Algorithm forest.splitbias.oob ...
Generating problem taski ...
Result:
List of 3
 $ idi   : int 10096
 $ lrn   : chr [1:3] "randomForest" "oob" ""
 $ result: Named num [1:5] 0.856 0.499 0.22 0.144 0.998
  ..- attr(*, "names")= chr [1:5] "ACC" "BER" "multiclass.brier" "MMCE" ...
NULL
Writing result file: /home/probst/Random_Forest/RFSplitbias/results/Splitbias-files/jobs/16/10716-result.RData
########## Executing jid=10717 ##########
Timestamp: 2016-04-28 16:35:00
Experiment: 
  Problem: taski 
  Problem parameters: idi=10096, learner=, teststat=, testtype= 
  Algorithm: forest.splitbias.oob 
  Algorithm parameters:  
  Replication: 14 
  Seed: 10717 
  Problem seed: 136 
Setting seed: 10717
Applying Algorithm forest.splitbias.oob ...
Generating problem taski ...
Result:
List of 3
 $ idi   : int 10096
 $ lrn   : chr [1:3] "randomForest" "oob" ""
 $ result: Named num [1:5] 0.859 0.497 0.221 0.141 0.998
  ..- attr(*, "names")= chr [1:5] "ACC" "BER" "multiclass.brier" "MMCE" ...
NULL
Writing result file: /home/probst/Random_Forest/RFSplitbias/results/Splitbias-files/jobs/17/10717-result.RData
########## Executing jid=10718 ##########
Timestamp: 2016-04-28 16:35:01
Experiment: 
  Problem: taski 
  Problem parameters: idi=10096, learner=, teststat=, testtype= 
  Algorithm: forest.splitbias.oob 
  Algorithm parameters:  
  Replication: 15 
  Seed: 10718 
  Problem seed: 137 
Setting seed: 10718
Applying Algorithm forest.splitbias.oob ...
Generating problem taski ...
Result:
List of 3
 $ idi   : int 10096
 $ lrn   : chr [1:3] "randomForest" "oob" ""
 $ result: Named num [1:5] 0.859 0.497 0.219 0.141 0.998
  ..- attr(*, "names")= chr [1:5] "ACC" "BER" "multiclass.brier" "MMCE" ...
NULL
Writing result file: /home/probst/Random_Forest/RFSplitbias/results/Splitbias-files/jobs/18/10718-result.RData
########## Executing jid=10719 ##########
Timestamp: 2016-04-28 16:35:03
Experiment: 
  Problem: taski 
  Problem parameters: idi=10096, learner=, teststat=, testtype= 
  Algorithm: forest.splitbias.oob 
  Algorithm parameters:  
  Replication: 16 
  Seed: 10719 
  Problem seed: 138 
Setting seed: 10719
Applying Algorithm forest.splitbias.oob ...
Generating problem taski ...
Result:
List of 3
 $ idi   : int 10096
 $ lrn   : chr [1:3] "randomForest" "oob" ""
 $ result: Named num [1:5] 0.859 0.497 0.219 0.141 0.999
  ..- attr(*, "names")= chr [1:5] "ACC" "BER" "multiclass.brier" "MMCE" ...
NULL
Writing result file: /home/probst/Random_Forest/RFSplitbias/results/Splitbias-files/jobs/19/10719-result.RData
########## Executing jid=10720 ##########
Timestamp: 2016-04-28 16:35:04
Experiment: 
  Problem: taski 
  Problem parameters: idi=10096, learner=, teststat=, testtype= 
  Algorithm: forest.splitbias.oob 
  Algorithm parameters:  
  Replication: 17 
  Seed: 10720 
  Problem seed: 139 
Setting seed: 10720
Applying Algorithm forest.splitbias.oob ...
Generating problem taski ...
Result:
List of 3
 $ idi   : int 10096
 $ lrn   : chr [1:3] "randomForest" "oob" ""
 $ result: Named num [1:5] 0.859 0.497 0.218 0.141 0.998
  ..- attr(*, "names")= chr [1:5] "ACC" "BER" "multiclass.brier" "MMCE" ...
NULL
Writing result file: /home/probst/Random_Forest/RFSplitbias/results/Splitbias-files/jobs/20/10720-result.RData
########## Executing jid=10721 ##########
Timestamp: 2016-04-28 16:35:05
Experiment: 
  Problem: taski 
  Problem parameters: idi=10096, learner=, teststat=, testtype= 
  Algorithm: forest.splitbias.oob 
  Algorithm parameters:  
  Replication: 18 
  Seed: 10721 
  Problem seed: 140 
Setting seed: 10721
Applying Algorithm forest.splitbias.oob ...
Generating problem taski ...
Result:
List of 3
 $ idi   : int 10096
 $ lrn   : chr [1:3] "randomForest" "oob" ""
 $ result: Named num [1:5] 0.856 0.499 0.218 0.144 0.999
  ..- attr(*, "names")= chr [1:5] "ACC" "BER" "multiclass.brier" "MMCE" ...
NULL
Writing result file: /home/probst/Random_Forest/RFSplitbias/results/Splitbias-files/jobs/21/10721-result.RData
########## Executing jid=10722 ##########
Timestamp: 2016-04-28 16:35:06
Experiment: 
  Problem: taski 
  Problem parameters: idi=10096, learner=, teststat=, testtype= 
  Algorithm: forest.splitbias.oob 
  Algorithm parameters:  
  Replication: 19 
  Seed: 10722 
  Problem seed: 141 
Setting seed: 10722
Applying Algorithm forest.splitbias.oob ...
Generating problem taski ...
Result:
List of 3
 $ idi   : int 10096
 $ lrn   : chr [1:3] "randomForest" "oob" ""
 $ result: Named num [1:5] 0.856 0.499 0.219 0.144 0.998
  ..- attr(*, "names")= chr [1:5] "ACC" "BER" "multiclass.brier" "MMCE" ...
NULL
Writing result file: /home/probst/Random_Forest/RFSplitbias/results/Splitbias-files/jobs/22/10722-result.RData
########## Executing jid=10723 ##########
Timestamp: 2016-04-28 16:35:07
Experiment: 
  Problem: taski 
  Problem parameters: idi=10096, learner=, teststat=, testtype= 
  Algorithm: forest.splitbias.oob 
  Algorithm parameters:  
  Replication: 20 
  Seed: 10723 
  Problem seed: 142 
Setting seed: 10723
Applying Algorithm forest.splitbias.oob ...
Generating problem taski ...
Result:
List of 3
 $ idi   : int 10096
 $ lrn   : chr [1:3] "randomForest" "oob" ""
 $ result: Named num [1:5] 0.853 0.5 0.22 0.147 0.998
  ..- attr(*, "names")= chr [1:5] "ACC" "BER" "multiclass.brier" "MMCE" ...
NULL
Writing result file: /home/probst/Random_Forest/RFSplitbias/results/Splitbias-files/jobs/23/10723-result.RData
########## Executing jid=10724 ##########
Timestamp: 2016-04-28 16:35:08
Experiment: 
  Problem: taski 
  Problem parameters: idi=10096, learner=, teststat=, testtype= 
  Algorithm: forest.splitbias.oob 
  Algorithm parameters:  
  Replication: 21 
  Seed: 10724 
  Problem seed: 143 
Setting seed: 10724
Applying Algorithm forest.splitbias.oob ...
Generating problem taski ...
Result:
List of 3
 $ idi   : int 10096
 $ lrn   : chr [1:3] "randomForest" "oob" ""
 $ result: Named num [1:5] 0.856 0.499 0.219 0.144 0.998
  ..- attr(*, "names")= chr [1:5] "ACC" "BER" "multiclass.brier" "MMCE" ...
NULL
Writing result file: /home/probst/Random_Forest/RFSplitbias/results/Splitbias-files/jobs/24/10724-result.RData
########## Executing jid=10725 ##########
Timestamp: 2016-04-28 16:35:10
Experiment: 
  Problem: taski 
  Problem parameters: idi=10096, learner=, teststat=, testtype= 
  Algorithm: forest.splitbias.oob 
  Algorithm parameters:  
  Replication: 22 
  Seed: 10725 
  Problem seed: 144 
Setting seed: 10725
Applying Algorithm forest.splitbias.oob ...
Generating problem taski ...
Result:
List of 3
 $ idi   : int 10096
 $ lrn   : chr [1:3] "randomForest" "oob" ""
 $ result: Named num [1:5] 0.853 0.5 0.219 0.147 0.997
  ..- attr(*, "names")= chr [1:5] "ACC" "BER" "multiclass.brier" "MMCE" ...
NULL
Writing result file: /home/probst/Random_Forest/RFSplitbias/results/Splitbias-files/jobs/25/10725-result.RData
########## Executing jid=10726 ##########
Timestamp: 2016-04-28 16:35:11
Experiment: 
  Problem: taski 
  Problem parameters: idi=10096, learner=, teststat=, testtype= 
  Algorithm: forest.splitbias.oob 
  Algorithm parameters:  
  Replication: 23 
  Seed: 10726 
  Problem seed: 145 
Setting seed: 10726
Applying Algorithm forest.splitbias.oob ...
Generating problem taski ...
Result:
List of 3
 $ idi   : int 10096
 $ lrn   : chr [1:3] "randomForest" "oob" ""
 $ result: Named num [1:5] 0.853 0.5 0.22 0.147 0.998
  ..- attr(*, "names")= chr [1:5] "ACC" "BER" "multiclass.brier" "MMCE" ...
NULL
Writing result file: /home/probst/Random_Forest/RFSplitbias/results/Splitbias-files/jobs/26/10726-result.RData
########## Executing jid=10727 ##########
Timestamp: 2016-04-28 16:35:12
Experiment: 
  Problem: taski 
  Problem parameters: idi=10096, learner=, teststat=, testtype= 
  Algorithm: forest.splitbias.oob 
  Algorithm parameters:  
  Replication: 24 
  Seed: 10727 
  Problem seed: 146 
Setting seed: 10727
Applying Algorithm forest.splitbias.oob ...
Generating problem taski ...
Result:
List of 3
 $ idi   : int 10096
 $ lrn   : chr [1:3] "randomForest" "oob" ""
 $ result: Named num [1:5] 0.859 0.497 0.22 0.141 0.998
  ..- attr(*, "names")= chr [1:5] "ACC" "BER" "multiclass.brier" "MMCE" ...
NULL
Writing result file: /home/probst/Random_Forest/RFSplitbias/results/Splitbias-files/jobs/27/10727-result.RData
########## Executing jid=10728 ##########
Timestamp: 2016-04-28 16:35:14
Experiment: 
  Problem: taski 
  Problem parameters: idi=10096, learner=, teststat=, testtype= 
  Algorithm: forest.splitbias.oob 
  Algorithm parameters:  
  Replication: 25 
  Seed: 10728 
  Problem seed: 147 
Setting seed: 10728
Applying Algorithm forest.splitbias.oob ...
Generating problem taski ...
Result:
List of 3
 $ idi   : int 10096
 $ lrn   : chr [1:3] "randomForest" "oob" ""
 $ result: Named num [1:5] 0.853 0.5 0.218 0.147 0.998
  ..- attr(*, "names")= chr [1:5] "ACC" "BER" "multiclass.brier" "MMCE" ...
NULL
Writing result file: /home/probst/Random_Forest/RFSplitbias/results/Splitbias-files/jobs/28/10728-result.RData
########## Executing jid=10729 ##########
Timestamp: 2016-04-28 16:35:15
Experiment: 
  Problem: taski 
  Problem parameters: idi=10096, learner=, teststat=, testtype= 
  Algorithm: forest.splitbias.oob 
  Algorithm parameters:  
  Replication: 26 
  Seed: 10729 
  Problem seed: 148 
Setting seed: 10729
Applying Algorithm forest.splitbias.oob ...
Generating problem taski ...
Result:
List of 3
 $ idi   : int 10096
 $ lrn   : chr [1:3] "randomForest" "oob" ""
 $ result: Named num [1:5] 0.853 0.5 0.221 0.147 0.998
  ..- attr(*, "names")= chr [1:5] "ACC" "BER" "multiclass.brier" "MMCE" ...
NULL
Writing result file: /home/probst/Random_Forest/RFSplitbias/results/Splitbias-files/jobs/29/10729-result.RData
########## Executing jid=10730 ##########
Timestamp: 2016-04-28 16:35:16
Experiment: 
  Problem: taski 
  Problem parameters: idi=10096, learner=, teststat=, testtype= 
  Algorithm: forest.splitbias.oob 
  Algorithm parameters:  
  Replication: 27 
  Seed: 10730 
  Problem seed: 149 
Setting seed: 10730
Applying Algorithm forest.splitbias.oob ...
Generating problem taski ...
Result:
List of 3
 $ idi   : int 10096
 $ lrn   : chr [1:3] "randomForest" "oob" ""
 $ result: Named num [1:5] 0.853 0.5 0.222 0.147 0.998
  ..- attr(*, "names")= chr [1:5] "ACC" "BER" "multiclass.brier" "MMCE" ...
NULL
Writing result file: /home/probst/Random_Forest/RFSplitbias/results/Splitbias-files/jobs/30/10730-result.RData
########## Executing jid=10731 ##########
Timestamp: 2016-04-28 16:35:17
Experiment: 
  Problem: taski 
  Problem parameters: idi=10096, learner=, teststat=, testtype= 
  Algorithm: forest.splitbias.oob 
  Algorithm parameters:  
  Replication: 28 
  Seed: 10731 
  Problem seed: 150 
Setting seed: 10731
Applying Algorithm forest.splitbias.oob ...
Generating problem taski ...
Result:
List of 3
 $ idi   : int 10096
 $ lrn   : chr [1:3] "randomForest" "oob" ""
 $ result: Named num [1:5] 0.85 0.502 0.22 0.15 0.998
  ..- attr(*, "names")= chr [1:5] "ACC" "BER" "multiclass.brier" "MMCE" ...
NULL
Writing result file: /home/probst/Random_Forest/RFSplitbias/results/Splitbias-files/jobs/31/10731-result.RData
########## Executing jid=10732 ##########
Timestamp: 2016-04-28 16:35:18
Experiment: 
  Problem: taski 
  Problem parameters: idi=10096, learner=, teststat=, testtype= 
  Algorithm: forest.splitbias.oob 
  Algorithm parameters:  
  Replication: 29 
  Seed: 10732 
  Problem seed: 151 
Setting seed: 10732
Applying Algorithm forest.splitbias.oob ...
Generating problem taski ...
Result:
List of 3
 $ idi   : int 10096
 $ lrn   : chr [1:3] "randomForest" "oob" ""
 $ result: Named num [1:5] 0.856 0.499 0.22 0.144 0.998
  ..- attr(*, "names")= chr [1:5] "ACC" "BER" "multiclass.brier" "MMCE" ...
NULL
Writing result file: /home/probst/Random_Forest/RFSplitbias/results/Splitbias-files/jobs/32/10732-result.RData
########## Executing jid=10733 ##########
Timestamp: 2016-04-28 16:35:19
Experiment: 
  Problem: taski 
  Problem parameters: idi=10096, learner=, teststat=, testtype= 
  Algorithm: forest.splitbias.oob 
  Algorithm parameters:  
  Replication: 30 
  Seed: 10733 
  Problem seed: 152 
Setting seed: 10733
Applying Algorithm forest.splitbias.oob ...
Generating problem taski ...
Result:
List of 3
 $ idi   : int 10096
 $ lrn   : chr [1:3] "randomForest" "oob" ""
 $ result: Named num [1:5] 0.856 0.499 0.22 0.144 0.998
  ..- attr(*, "names")= chr [1:5] "ACC" "BER" "multiclass.brier" "MMCE" ...
NULL
Writing result file: /home/probst/Random_Forest/RFSplitbias/results/Splitbias-files/jobs/33/10733-result.RData
########## Executing jid=10734 ##########
Timestamp: 2016-04-28 16:35:21
Experiment: 
  Problem: taski 
  Problem parameters: idi=10096, learner=, teststat=, testtype= 
  Algorithm: forest.splitbias.oob 
  Algorithm parameters:  
  Replication: 31 
  Seed: 10734 
  Problem seed: 153 
Setting seed: 10734
Applying Algorithm forest.splitbias.oob ...
Generating problem taski ...
Result:
List of 3
 $ idi   : int 10096
 $ lrn   : chr [1:3] "randomForest" "oob" ""
 $ result: Named num [1:5] 0.859 0.497 0.22 0.141 0.998
  ..- attr(*, "names")= chr [1:5] "ACC" "BER" "multiclass.brier" "MMCE" ...
NULL
Writing result file: /home/probst/Random_Forest/RFSplitbias/results/Splitbias-files/jobs/34/10734-result.RData
########## Executing jid=10735 ##########
Timestamp: 2016-04-28 16:35:22
Experiment: 
  Problem: taski 
  Problem parameters: idi=10096, learner=, teststat=, testtype= 
  Algorithm: forest.splitbias.oob 
  Algorithm parameters:  
  Replication: 32 
  Seed: 10735 
  Problem seed: 154 
Setting seed: 10735
Applying Algorithm forest.splitbias.oob ...
Generating problem taski ...
Result:
List of 3
 $ idi   : int 10096
 $ lrn   : chr [1:3] "randomForest" "oob" ""
 $ result: Named num [1:5] 0.856 0.499 0.216 0.144 0.998
  ..- attr(*, "names")= chr [1:5] "ACC" "BER" "multiclass.brier" "MMCE" ...
NULL
Writing result file: /home/probst/Random_Forest/RFSplitbias/results/Splitbias-files/jobs/35/10735-result.RData
########## Executing jid=10736 ##########
Timestamp: 2016-04-28 16:35:23
Experiment: 
  Problem: taski 
  Problem parameters: idi=10096, learner=, teststat=, testtype= 
  Algorithm: forest.splitbias.oob 
  Algorithm parameters:  
  Replication: 33 
  Seed: 10736 
  Problem seed: 155 
Setting seed: 10736
Applying Algorithm forest.splitbias.oob ...
Generating problem taski ...
Result:
List of 3
 $ idi   : int 10096
 $ lrn   : chr [1:3] "randomForest" "oob" ""
 $ result: Named num [1:5] 0.856 0.499 0.217 0.144 0.998
  ..- attr(*, "names")= chr [1:5] "ACC" "BER" "multiclass.brier" "MMCE" ...
NULL
Writing result file: /home/probst/Random_Forest/RFSplitbias/results/Splitbias-files/jobs/36/10736-result.RData
########## Executing jid=10737 ##########
Timestamp: 2016-04-28 16:35:24
Experiment: 
  Problem: taski 
  Problem parameters: idi=10096, learner=, teststat=, testtype= 
  Algorithm: forest.splitbias.oob 
  Algorithm parameters:  
  Replication: 34 
  Seed: 10737 
  Problem seed: 156 
Setting seed: 10737
Applying Algorithm forest.splitbias.oob ...
Generating problem taski ...
Result:
List of 3
 $ idi   : int 10096
 $ lrn   : chr [1:3] "randomForest" "oob" ""
 $ result: Named num [1:5] 0.859 0.497 0.218 0.141 0.999
  ..- attr(*, "names")= chr [1:5] "ACC" "BER" "multiclass.brier" "MMCE" ...
NULL
Writing result file: /home/probst/Random_Forest/RFSplitbias/results/Splitbias-files/jobs/37/10737-result.RData
########## Executing jid=10738 ##########
Timestamp: 2016-04-28 16:35:25
Experiment: 
  Problem: taski 
  Problem parameters: idi=10096, learner=, teststat=, testtype= 
  Algorithm: forest.splitbias.oob 
  Algorithm parameters:  
  Replication: 35 
  Seed: 10738 
  Problem seed: 157 
Setting seed: 10738
Applying Algorithm forest.splitbias.oob ...
Generating problem taski ...
Result:
List of 3
 $ idi   : int 10096
 $ lrn   : chr [1:3] "randomForest" "oob" ""
 $ result: Named num [1:5] 0.856 0.499 0.219 0.144 0.998
  ..- attr(*, "names")= chr [1:5] "ACC" "BER" "multiclass.brier" "MMCE" ...
NULL
Writing result file: /home/probst/Random_Forest/RFSplitbias/results/Splitbias-files/jobs/38/10738-result.RData
########## Executing jid=10739 ##########
Timestamp: 2016-04-28 16:35:26
Experiment: 
  Problem: taski 
  Problem parameters: idi=10096, learner=, teststat=, testtype= 
  Algorithm: forest.splitbias.oob 
  Algorithm parameters:  
  Replication: 36 
  Seed: 10739 
  Problem seed: 158 
Setting seed: 10739
Applying Algorithm forest.splitbias.oob ...
Generating problem taski ...
Result:
List of 3
 $ idi   : int 10096
 $ lrn   : chr [1:3] "randomForest" "oob" ""
 $ result: Named num [1:5] 0.856 0.499 0.22 0.144 0.998
  ..- attr(*, "names")= chr [1:5] "ACC" "BER" "multiclass.brier" "MMCE" ...
NULL
Writing result file: /home/probst/Random_Forest/RFSplitbias/results/Splitbias-files/jobs/39/10739-result.RData
########## Executing jid=10740 ##########
Timestamp: 2016-04-28 16:35:28
Experiment: 
  Problem: taski 
  Problem parameters: idi=10096, learner=, teststat=, testtype= 
  Algorithm: forest.splitbias.oob 
  Algorithm parameters:  
  Replication: 37 
  Seed: 10740 
  Problem seed: 159 
Setting seed: 10740
Applying Algorithm forest.splitbias.oob ...
Generating problem taski ...
Result:
List of 3
 $ idi   : int 10096
 $ lrn   : chr [1:3] "randomForest" "oob" ""
 $ result: Named num [1:5] 0.853 0.5 0.22 0.147 0.998
  ..- attr(*, "names")= chr [1:5] "ACC" "BER" "multiclass.brier" "MMCE" ...
NULL
Writing result file: /home/probst/Random_Forest/RFSplitbias/results/Splitbias-files/jobs/40/10740-result.RData
########## Executing jid=10741 ##########
Timestamp: 2016-04-28 16:35:29
Experiment: 
  Problem: taski 
  Problem parameters: idi=10096, learner=, teststat=, testtype= 
  Algorithm: forest.splitbias.oob 
  Algorithm parameters:  
  Replication: 38 
  Seed: 10741 
  Problem seed: 160 
Setting seed: 10741
Applying Algorithm forest.splitbias.oob ...
Generating problem taski ...
Result:
List of 3
 $ idi   : int 10096
 $ lrn   : chr [1:3] "randomForest" "oob" ""
 $ result: Named num [1:5] 0.853 0.5 0.222 0.147 0.998
  ..- attr(*, "names")= chr [1:5] "ACC" "BER" "multiclass.brier" "MMCE" ...
NULL
Writing result file: /home/probst/Random_Forest/RFSplitbias/results/Splitbias-files/jobs/41/10741-result.RData
########## Executing jid=10742 ##########
Timestamp: 2016-04-28 16:35:30
Experiment: 
  Problem: taski 
  Problem parameters: idi=10096, learner=, teststat=, testtype= 
  Algorithm: forest.splitbias.oob 
  Algorithm parameters:  
  Replication: 39 
  Seed: 10742 
  Problem seed: 161 
Setting seed: 10742
Applying Algorithm forest.splitbias.oob ...
Generating problem taski ...
Result:
List of 3
 $ idi   : int 10096
 $ lrn   : chr [1:3] "randomForest" "oob" ""
 $ result: Named num [1:5] 0.859 0.507 0.219 0.141 0.999
  ..- attr(*, "names")= chr [1:5] "ACC" "BER" "multiclass.brier" "MMCE" ...
NULL
Writing result file: /home/probst/Random_Forest/RFSplitbias/results/Splitbias-files/jobs/42/10742-result.RData
########## Executing jid=10743 ##########
Timestamp: 2016-04-28 16:35:31
Experiment: 
  Problem: taski 
  Problem parameters: idi=10096, learner=, teststat=, testtype= 
  Algorithm: forest.splitbias.oob 
  Algorithm parameters:  
  Replication: 40 
  Seed: 10743 
  Problem seed: 162 
Setting seed: 10743
Applying Algorithm forest.splitbias.oob ...
Generating problem taski ...
Result:
List of 3
 $ idi   : int 10096
 $ lrn   : chr [1:3] "randomForest" "oob" ""
 $ result: Named num [1:5] 0.856 0.499 0.216 0.144 0.999
  ..- attr(*, "names")= chr [1:5] "ACC" "BER" "multiclass.brier" "MMCE" ...
NULL
Writing result file: /home/probst/Random_Forest/RFSplitbias/results/Splitbias-files/jobs/43/10743-result.RData
########## Executing jid=10744 ##########
Timestamp: 2016-04-28 16:35:32
Experiment: 
  Problem: taski 
  Problem parameters: idi=10096, learner=, teststat=, testtype= 
  Algorithm: forest.splitbias.oob 
  Algorithm parameters:  
  Replication: 41 
  Seed: 10744 
  Problem seed: 163 
Setting seed: 10744
Applying Algorithm forest.splitbias.oob ...
Generating problem taski ...
Result:
List of 3
 $ idi   : int 10096
 $ lrn   : chr [1:3] "randomForest" "oob" ""
 $ result: Named num [1:5] 0.853 0.5 0.219 0.147 0.999
  ..- attr(*, "names")= chr [1:5] "ACC" "BER" "multiclass.brier" "MMCE" ...
NULL
Writing result file: /home/probst/Random_Forest/RFSplitbias/results/Splitbias-files/jobs/44/10744-result.RData
########## Executing jid=10745 ##########
Timestamp: 2016-04-28 16:35:33
Experiment: 
  Problem: taski 
  Problem parameters: idi=10096, learner=, teststat=, testtype= 
  Algorithm: forest.splitbias.oob 
  Algorithm parameters:  
  Replication: 42 
  Seed: 10745 
  Problem seed: 164 
Setting seed: 10745
Applying Algorithm forest.splitbias.oob ...
Generating problem taski ...
Result:
List of 3
 $ idi   : int 10096
 $ lrn   : chr [1:3] "randomForest" "oob" ""
 $ result: Named num [1:5] 0.856 0.499 0.22 0.144 0.998
  ..- attr(*, "names")= chr [1:5] "ACC" "BER" "multiclass.brier" "MMCE" ...
NULL
Writing result file: /home/probst/Random_Forest/RFSplitbias/results/Splitbias-files/jobs/45/10745-result.RData
########## Executing jid=10746 ##########
Timestamp: 2016-04-28 16:35:35
Experiment: 
  Problem: taski 
  Problem parameters: idi=10096, learner=, teststat=, testtype= 
  Algorithm: forest.splitbias.oob 
  Algorithm parameters:  
  Replication: 43 
  Seed: 10746 
  Problem seed: 165 
Setting seed: 10746
Applying Algorithm forest.splitbias.oob ...
Generating problem taski ...
Result:
List of 3
 $ idi   : int 10096
 $ lrn   : chr [1:3] "randomForest" "oob" ""
 $ result: Named num [1:5] 0.856 0.499 0.221 0.144 0.998
  ..- attr(*, "names")= chr [1:5] "ACC" "BER" "multiclass.brier" "MMCE" ...
NULL
Writing result file: /home/probst/Random_Forest/RFSplitbias/results/Splitbias-files/jobs/46/10746-result.RData
########## Executing jid=10747 ##########
Timestamp: 2016-04-28 16:35:36
Experiment: 
  Problem: taski 
  Problem parameters: idi=10096, learner=, teststat=, testtype= 
  Algorithm: forest.splitbias.oob 
  Algorithm parameters:  
  Replication: 44 
  Seed: 10747 
  Problem seed: 166 
Setting seed: 10747
Applying Algorithm forest.splitbias.oob ...
Generating problem taski ...
Result:
List of 3
 $ idi   : int 10096
 $ lrn   : chr [1:3] "randomForest" "oob" ""
 $ result: Named num [1:5] 0.856 0.499 0.222 0.144 0.998
  ..- attr(*, "names")= chr [1:5] "ACC" "BER" "multiclass.brier" "MMCE" ...
NULL
Writing result file: /home/probst/Random_Forest/RFSplitbias/results/Splitbias-files/jobs/47/10747-result.RData
########## Executing jid=10748 ##########
Timestamp: 2016-04-28 16:35:37
Experiment: 
  Problem: taski 
  Problem parameters: idi=10096, learner=, teststat=, testtype= 
  Algorithm: forest.splitbias.oob 
  Algorithm parameters:  
  Replication: 45 
  Seed: 10748 
  Problem seed: 167 
Setting seed: 10748
Applying Algorithm forest.splitbias.oob ...
Generating problem taski ...
Result:
List of 3
 $ idi   : int 10096
 $ lrn   : chr [1:3] "randomForest" "oob" ""
 $ result: Named num [1:5] 0.859 0.497 0.219 0.141 0.999
  ..- attr(*, "names")= chr [1:5] "ACC" "BER" "multiclass.brier" "MMCE" ...
NULL
Writing result file: /home/probst/Random_Forest/RFSplitbias/results/Splitbias-files/jobs/48/10748-result.RData
########## Executing jid=10749 ##########
Timestamp: 2016-04-28 16:35:38
Experiment: 
  Problem: taski 
  Problem parameters: idi=10096, learner=, teststat=, testtype= 
  Algorithm: forest.splitbias.oob 
  Algorithm parameters:  
  Replication: 46 
  Seed: 10749 
  Problem seed: 168 
Setting seed: 10749
Applying Algorithm forest.splitbias.oob ...
Generating problem taski ...
Result:
List of 3
 $ idi   : int 10096
 $ lrn   : chr [1:3] "randomForest" "oob" ""
 $ result: Named num [1:5] 0.856 0.499 0.217 0.144 0.999
  ..- attr(*, "names")= chr [1:5] "ACC" "BER" "multiclass.brier" "MMCE" ...
NULL
Writing result file: /home/probst/Random_Forest/RFSplitbias/results/Splitbias-files/jobs/49/10749-result.RData
########## Executing jid=10750 ##########
Timestamp: 2016-04-28 16:35:39
Experiment: 
  Problem: taski 
  Problem parameters: idi=10096, learner=, teststat=, testtype= 
  Algorithm: forest.splitbias.oob 
  Algorithm parameters:  
  Replication: 47 
  Seed: 10750 
  Problem seed: 169 
Setting seed: 10750
Applying Algorithm forest.splitbias.oob ...
Generating problem taski ...
Result:
List of 3
 $ idi   : int 10096
 $ lrn   : chr [1:3] "randomForest" "oob" ""
 $ result: Named num [1:5] 0.853 0.5 0.22 0.147 0.999
  ..- attr(*, "names")= chr [1:5] "ACC" "BER" "multiclass.brier" "MMCE" ...
NULL
Writing result file: /home/probst/Random_Forest/RFSplitbias/results/Splitbias-files/jobs/50/10750-result.RData
########## Executing jid=10751 ##########
Timestamp: 2016-04-28 16:35:40
Experiment: 
  Problem: taski 
  Problem parameters: idi=10096, learner=, teststat=, testtype= 
  Algorithm: forest.splitbias.oob 
  Algorithm parameters:  
  Replication: 48 
  Seed: 10751 
  Problem seed: 170 
Setting seed: 10751
Applying Algorithm forest.splitbias.oob ...
Generating problem taski ...
Result:
List of 3
 $ idi   : int 10096
 $ lrn   : chr [1:3] "randomForest" "oob" ""
 $ result: Named num [1:5] 0.853 0.5 0.218 0.147 0.999
  ..- attr(*, "names")= chr [1:5] "ACC" "BER" "multiclass.brier" "MMCE" ...
NULL
Writing result file: /home/probst/Random_Forest/RFSplitbias/results/Splitbias-files/jobs/51/10751-result.RData
########## Executing jid=10752 ##########
Timestamp: 2016-04-28 16:35:42
Experiment: 
  Problem: taski 
  Problem parameters: idi=10096, learner=, teststat=, testtype= 
  Algorithm: forest.splitbias.oob 
  Algorithm parameters:  
  Replication: 49 
  Seed: 10752 
  Problem seed: 171 
Setting seed: 10752
Applying Algorithm forest.splitbias.oob ...
Generating problem taski ...
Result:
List of 3
 $ idi   : int 10096
 $ lrn   : chr [1:3] "randomForest" "oob" ""
 $ result: Named num [1:5] 0.85 0.502 0.22 0.15 0.998
  ..- attr(*, "names")= chr [1:5] "ACC" "BER" "multiclass.brier" "MMCE" ...
NULL
Writing result file: /home/probst/Random_Forest/RFSplitbias/results/Splitbias-files/jobs/52/10752-result.RData
########## Executing jid=10753 ##########
Timestamp: 2016-04-28 16:35:43
Experiment: 
  Problem: taski 
  Problem parameters: idi=10096, learner=, teststat=, testtype= 
  Algorithm: forest.splitbias.oob 
  Algorithm parameters:  
  Replication: 50 
  Seed: 10753 
  Problem seed: 172 
Setting seed: 10753
Applying Algorithm forest.splitbias.oob ...
Generating problem taski ...
Result:
List of 3
 $ idi   : int 10096
 $ lrn   : chr [1:3] "randomForest" "oob" ""
 $ result: Named num [1:5] 0.853 0.5 0.22 0.147 0.998
  ..- attr(*, "names")= chr [1:5] "ACC" "BER" "multiclass.brier" "MMCE" ...
NULL
Writing result file: /home/probst/Random_Forest/RFSplitbias/results/Splitbias-files/jobs/53/10753-result.RData
########## Executing jid=10754 ##########
Timestamp: 2016-04-28 16:35:44
Experiment: 
  Problem: taski 
  Problem parameters: idi=39, learner=, teststat=, testtype= 
  Algorithm: forest.splitbias.oob 
  Algorithm parameters:  
  Replication: 11 
  Seed: 10754 
  Problem seed: 133 
Setting seed: 10754
Applying Algorithm forest.splitbias.oob ...
Generating problem taski ...
Result:
List of 3
 $ idi   : int 39
 $ lrn   : chr [1:3] "randomForest" "oob" ""
 $ result: Named num [1:5] 0.865 0.139 0.241 0.135 0.582
  ..- attr(*, "names")= chr [1:5] "ACC" "BER" "multiclass.brier" "MMCE" ...
NULL
Writing result file: /home/probst/Random_Forest/RFSplitbias/results/Splitbias-files/jobs/54/10754-result.RData
########## Executing jid=10755 ##########
Timestamp: 2016-04-28 16:35:45
Experiment: 
  Problem: taski 
  Problem parameters: idi=39, learner=, teststat=, testtype= 
  Algorithm: forest.splitbias.oob 
  Algorithm parameters:  
  Replication: 12 
  Seed: 10755 
  Problem seed: 134 
Setting seed: 10755
Applying Algorithm forest.splitbias.oob ...
Generating problem taski ...
Result:
List of 3
 $ idi   : int 39
 $ lrn   : chr [1:3] "randomForest" "oob" ""
 $ result: Named num [1:5] 0.846 0.158 0.247 0.154 0.573
  ..- attr(*, "names")= chr [1:5] "ACC" "BER" "multiclass.brier" "MMCE" ...
NULL
Writing result file: /home/probst/Random_Forest/RFSplitbias/results/Splitbias-files/jobs/55/10755-result.RData
########## Executing jid=10756 ##########
Timestamp: 2016-04-28 16:35:46
Experiment: 
  Problem: taski 
  Problem parameters: idi=39, learner=, teststat=, testtype= 
  Algorithm: forest.splitbias.oob 
  Algorithm parameters:  
  Replication: 13 
  Seed: 10756 
  Problem seed: 135 
Setting seed: 10756
Applying Algorithm forest.splitbias.oob ...
Generating problem taski ...
Result:
List of 3
 $ idi   : int 39
 $ lrn   : chr [1:3] "randomForest" "oob" ""
 $ result: Named num [1:5] 0.832 0.173 0.246 0.168 0.569
  ..- attr(*, "names")= chr [1:5] "ACC" "BER" "multiclass.brier" "MMCE" ...
NULL
Writing result file: /home/probst/Random_Forest/RFSplitbias/results/Splitbias-files/jobs/56/10756-result.RData
########## Executing jid=10757 ##########
Timestamp: 2016-04-28 16:35:47
Experiment: 
  Problem: taski 
  Problem parameters: idi=39, learner=, teststat=, testtype= 
  Algorithm: forest.splitbias.oob 
  Algorithm parameters:  
  Replication: 14 
  Seed: 10757 
  Problem seed: 136 
Setting seed: 10757
Applying Algorithm forest.splitbias.oob ...
Generating problem taski ...
Result:
List of 3
 $ idi   : int 39
 $ lrn   : chr [1:3] "randomForest" "oob" ""
 $ result: Named num [1:5] 0.837 0.169 0.249 0.163 0.58
  ..- attr(*, "names")= chr [1:5] "ACC" "BER" "multiclass.brier" "MMCE" ...
NULL
Writing result file: /home/probst/Random_Forest/RFSplitbias/results/Splitbias-files/jobs/57/10757-result.RData
########## Executing jid=10758 ##########
Timestamp: 2016-04-28 16:35:49
Experiment: 
  Problem: taski 
  Problem parameters: idi=39, learner=, teststat=, testtype= 
  Algorithm: forest.splitbias.oob 
  Algorithm parameters:  
  Replication: 15 
  Seed: 10758 
  Problem seed: 137 
Setting seed: 10758
Applying Algorithm forest.splitbias.oob ...
Generating problem taski ...
Result:
List of 3
 $ idi   : int 39
 $ lrn   : chr [1:3] "randomForest" "oob" ""
 $ result: Named num [1:5] 0.837 0.167 0.245 0.163 0.564
  ..- attr(*, "names")= chr [1:5] "ACC" "BER" "multiclass.brier" "MMCE" ...
NULL
Writing result file: /home/probst/Random_Forest/RFSplitbias/results/Splitbias-files/jobs/58/10758-result.RData
########## Executing jid=10759 ##########
Timestamp: 2016-04-28 16:35:50
Experiment: 
  Problem: taski 
  Problem parameters: idi=39, learner=, teststat=, testtype= 
  Algorithm: forest.splitbias.oob 
  Algorithm parameters:  
  Replication: 16 
  Seed: 10759 
  Problem seed: 138 
Setting seed: 10759
Applying Algorithm forest.splitbias.oob ...
Generating problem taski ...
Result:
List of 3
 $ idi   : int 39
 $ lrn   : chr [1:3] "randomForest" "oob" ""
 $ result: Named num [1:5] 0.846 0.158 0.243 0.154 0.579
  ..- attr(*, "names")= chr [1:5] "ACC" "BER" "multiclass.brier" "MMCE" ...
NULL
Writing result file: /home/probst/Random_Forest/RFSplitbias/results/Splitbias-files/jobs/59/10759-result.RData
########## Executing jid=10760 ##########
Timestamp: 2016-04-28 16:35:51
Experiment: 
  Problem: taski 
  Problem parameters: idi=39, learner=, teststat=, testtype= 
  Algorithm: forest.splitbias.oob 
  Algorithm parameters:  
  Replication: 17 
  Seed: 10760 
  Problem seed: 139 
Setting seed: 10760
Applying Algorithm forest.splitbias.oob ...
Generating problem taski ...
Result:
List of 3
 $ idi   : int 39
 $ lrn   : chr [1:3] "randomForest" "oob" ""
 $ result: Named num [1:5] 0.88 0.123 0.239 0.12 0.56
  ..- attr(*, "names")= chr [1:5] "ACC" "BER" "multiclass.brier" "MMCE" ...
NULL
Writing result file: /home/probst/Random_Forest/RFSplitbias/results/Splitbias-files/jobs/60/10760-result.RData
########## Executing jid=10761 ##########
Timestamp: 2016-04-28 16:35:52
Experiment: 
  Problem: taski 
  Problem parameters: idi=39, learner=, teststat=, testtype= 
  Algorithm: forest.splitbias.oob 
  Algorithm parameters:  
  Replication: 18 
  Seed: 10761 
  Problem seed: 140 
Setting seed: 10761
Applying Algorithm forest.splitbias.oob ...
Generating problem taski ...
Result:
List of 3
 $ idi   : int 39
 $ lrn   : chr [1:3] "randomForest" "oob" ""
 $ result: Named num [1:5] 0.851 0.154 0.246 0.149 0.573
  ..- attr(*, "names")= chr [1:5] "ACC" "BER" "multiclass.brier" "MMCE" ...
NULL
Writing result file: /home/probst/Random_Forest/RFSplitbias/results/Splitbias-files/jobs/61/10761-result.RData
########## Executing jid=10762 ##########
Timestamp: 2016-04-28 16:35:53
Experiment: 
  Problem: taski 
  Problem parameters: idi=39, learner=, teststat=, testtype= 
  Algorithm: forest.splitbias.oob 
  Algorithm parameters:  
  Replication: 19 
  Seed: 10762 
  Problem seed: 141 
Setting seed: 10762
Applying Algorithm forest.splitbias.oob ...
Generating problem taski ...
Result:
List of 3
 $ idi   : int 39
 $ lrn   : chr [1:3] "randomForest" "oob" ""
 $ result: Named num [1:5] 0.846 0.159 0.244 0.154 0.581
  ..- attr(*, "names")= chr [1:5] "ACC" "BER" "multiclass.brier" "MMCE" ...
NULL
Writing result file: /home/probst/Random_Forest/RFSplitbias/results/Splitbias-files/jobs/62/10762-result.RData
########## Executing jid=10763 ##########
Timestamp: 2016-04-28 16:35:54
Experiment: 
  Problem: taski 
  Problem parameters: idi=39, learner=, teststat=, testtype= 
  Algorithm: forest.splitbias.oob 
  Algorithm parameters:  
  Replication: 20 
  Seed: 10763 
  Problem seed: 142 
Setting seed: 10763
Applying Algorithm forest.splitbias.oob ...
Generating problem taski ...
Result:
List of 3
 $ idi   : int 39
 $ lrn   : chr [1:3] "randomForest" "oob" ""
 $ result: Named num [1:5] 0.832 0.174 0.248 0.168 0.566
  ..- attr(*, "names")= chr [1:5] "ACC" "BER" "multiclass.brier" "MMCE" ...
NULL
Writing result file: /home/probst/Random_Forest/RFSplitbias/results/Splitbias-files/jobs/63/10763-result.RData
########## Executing jid=10764 ##########
Timestamp: 2016-04-28 16:35:56
Experiment: 
  Problem: taski 
  Problem parameters: idi=39, learner=, teststat=, testtype= 
  Algorithm: forest.splitbias.oob 
  Algorithm parameters:  
  Replication: 21 
  Seed: 10764 
  Problem seed: 143 
Setting seed: 10764
Applying Algorithm forest.splitbias.oob ...
Generating problem taski ...
Result:
List of 3
 $ idi   : int 39
 $ lrn   : chr [1:3] "randomForest" "oob" ""
 $ result: Named num [1:5] 0.861 0.144 0.243 0.139 0.57
  ..- attr(*, "names")= chr [1:5] "ACC" "BER" "multiclass.brier" "MMCE" ...
NULL
Writing result file: /home/probst/Random_Forest/RFSplitbias/results/Splitbias-files/jobs/64/10764-result.RData
########## Executing jid=10765 ##########
Timestamp: 2016-04-28 16:35:57
Experiment: 
  Problem: taski 
  Problem parameters: idi=39, learner=, teststat=, testtype= 
  Algorithm: forest.splitbias.oob 
  Algorithm parameters:  
  Replication: 22 
  Seed: 10765 
  Problem seed: 144 
Setting seed: 10765
Applying Algorithm forest.splitbias.oob ...
Generating problem taski ...
Result:
List of 3
 $ idi   : int 39
 $ lrn   : chr [1:3] "randomForest" "oob" ""
 $ result: Named num [1:5] 0.851 0.154 0.243 0.149 0.575
  ..- attr(*, "names")= chr [1:5] "ACC" "BER" "multiclass.brier" "MMCE" ...
NULL
Writing result file: /home/probst/Random_Forest/RFSplitbias/results/Splitbias-files/jobs/65/10765-result.RData
########## Executing jid=10766 ##########
Timestamp: 2016-04-28 16:35:58
Experiment: 
  Problem: taski 
  Problem parameters: idi=39, learner=, teststat=, testtype= 
  Algorithm: forest.splitbias.oob 
  Algorithm parameters:  
  Replication: 23 
  Seed: 10766 
  Problem seed: 145 
Setting seed: 10766
Applying Algorithm forest.splitbias.oob ...
Generating problem taski ...
Result:
List of 3
 $ idi   : int 39
 $ lrn   : chr [1:3] "randomForest" "oob" ""
 $ result: Named num [1:5] 0.865 0.138 0.242 0.135 0.568
  ..- attr(*, "names")= chr [1:5] "ACC" "BER" "multiclass.brier" "MMCE" ...
NULL
Writing result file: /home/probst/Random_Forest/RFSplitbias/results/Splitbias-files/jobs/66/10766-result.RData
########## Executing jid=10767 ##########
Timestamp: 2016-04-28 16:35:59
Experiment: 
  Problem: taski 
  Problem parameters: idi=39, learner=, teststat=, testtype= 
  Algorithm: forest.splitbias.oob 
  Algorithm parameters:  
  Replication: 24 
  Seed: 10767 
  Problem seed: 146 
Setting seed: 10767
Applying Algorithm forest.splitbias.oob ...
Generating problem taski ...
Result:
List of 3
 $ idi   : int 39
 $ lrn   : chr [1:3] "randomForest" "oob" ""
 $ result: Named num [1:5] 0.851 0.155 0.244 0.149 0.578
  ..- attr(*, "names")= chr [1:5] "ACC" "BER" "multiclass.brier" "MMCE" ...
NULL
Writing result file: /home/probst/Random_Forest/RFSplitbias/results/Splitbias-files/jobs/67/10767-result.RData
########## Executing jid=10768 ##########
Timestamp: 2016-04-28 16:36:00
Experiment: 
  Problem: taski 
  Problem parameters: idi=39, learner=, teststat=, testtype= 
  Algorithm: forest.splitbias.oob 
  Algorithm parameters:  
  Replication: 25 
  Seed: 10768 
  Problem seed: 147 
Setting seed: 10768
Applying Algorithm forest.splitbias.oob ...
Generating problem taski ...
Result:
List of 3
 $ idi   : int 39
 $ lrn   : chr [1:3] "randomForest" "oob" ""
 $ result: Named num [1:5] 0.851 0.153 0.246 0.149 0.575
  ..- attr(*, "names")= chr [1:5] "ACC" "BER" "multiclass.brier" "MMCE" ...
NULL
Writing result file: /home/probst/Random_Forest/RFSplitbias/results/Splitbias-files/jobs/68/10768-result.RData
########## Executing jid=10769 ##########
Timestamp: 2016-04-28 16:36:01
Experiment: 
  Problem: taski 
  Problem parameters: idi=39, learner=, teststat=, testtype= 
  Algorithm: forest.splitbias.oob 
  Algorithm parameters:  
  Replication: 26 
  Seed: 10769 
  Problem seed: 148 
Setting seed: 10769
Applying Algorithm forest.splitbias.oob ...
Generating problem taski ...
Result:
List of 3
 $ idi   : int 39
 $ lrn   : chr [1:3] "randomForest" "oob" ""
 $ result: Named num [1:5] 0.846 0.159 0.243 0.154 0.579
  ..- attr(*, "names")= chr [1:5] "ACC" "BER" "multiclass.brier" "MMCE" ...
NULL
Writing result file: /home/probst/Random_Forest/RFSplitbias/results/Splitbias-files/jobs/69/10769-result.RData
########## Executing jid=10770 ##########
Timestamp: 2016-04-28 16:36:03
Experiment: 
  Problem: taski 
  Problem parameters: idi=39, learner=, teststat=, testtype= 
  Algorithm: forest.splitbias.oob 
  Algorithm parameters:  
  Replication: 27 
  Seed: 10770 
  Problem seed: 149 
Setting seed: 10770
Applying Algorithm forest.splitbias.oob ...
Generating problem taski ...
Result:
List of 3
 $ idi   : int 39
 $ lrn   : chr [1:3] "randomForest" "oob" ""
 $ result: Named num [1:5] 0.837 0.168 0.244 0.163 0.571
  ..- attr(*, "names")= chr [1:5] "ACC" "BER" "multiclass.brier" "MMCE" ...
NULL
Writing result file: /home/probst/Random_Forest/RFSplitbias/results/Splitbias-files/jobs/70/10770-result.RData
########## Executing jid=10771 ##########
Timestamp: 2016-04-28 16:36:04
Experiment: 
  Problem: taski 
  Problem parameters: idi=39, learner=, teststat=, testtype= 
  Algorithm: forest.splitbias.oob 
  Algorithm parameters:  
  Replication: 28 
  Seed: 10771 
  Problem seed: 150 
Setting seed: 10771
Applying Algorithm forest.splitbias.oob ...
Generating problem taski ...
Result:
List of 3
 $ idi   : int 39
 $ lrn   : chr [1:3] "randomForest" "oob" ""
 $ result: Named num [1:5] 0.856 0.149 0.239 0.144 0.574
  ..- attr(*, "names")= chr [1:5] "ACC" "BER" "multiclass.brier" "MMCE" ...
NULL
Writing result file: /home/probst/Random_Forest/RFSplitbias/results/Splitbias-files/jobs/71/10771-result.RData
########## Executing jid=10772 ##########
Timestamp: 2016-04-28 16:36:05
Experiment: 
  Problem: taski 
  Problem parameters: idi=39, learner=, teststat=, testtype= 
  Algorithm: forest.splitbias.oob 
  Algorithm parameters:  
  Replication: 29 
  Seed: 10772 
  Problem seed: 151 
Setting seed: 10772
Applying Algorithm forest.splitbias.oob ...
Generating problem taski ...
Result:
List of 3
 $ idi   : int 39
 $ lrn   : chr [1:3] "randomForest" "oob" ""
 $ result: Named num [1:5] 0.846 0.158 0.245 0.154 0.579
  ..- attr(*, "names")= chr [1:5] "ACC" "BER" "multiclass.brier" "MMCE" ...
NULL
Writing result file: /home/probst/Random_Forest/RFSplitbias/results/Splitbias-files/jobs/72/10772-result.RData
########## Executing jid=10773 ##########
Timestamp: 2016-04-28 16:36:06
Experiment: 
  Problem: taski 
  Problem parameters: idi=39, learner=, teststat=, testtype= 
  Algorithm: forest.splitbias.oob 
  Algorithm parameters:  
  Replication: 30 
  Seed: 10773 
  Problem seed: 152 
Setting seed: 10773
Applying Algorithm forest.splitbias.oob ...
Generating problem taski ...
Result:
List of 3
 $ idi   : int 39
 $ lrn   : chr [1:3] "randomForest" "oob" ""
 $ result: Named num [1:5] 0.832 0.175 0.247 0.168 0.569
  ..- attr(*, "names")= chr [1:5] "ACC" "BER" "multiclass.brier" "MMCE" ...
NULL
Writing result file: /home/probst/Random_Forest/RFSplitbias/results/Splitbias-files/jobs/73/10773-result.RData
########## Executing jid=10774 ##########
Timestamp: 2016-04-28 16:36:07
Experiment: 
  Problem: taski 
  Problem parameters: idi=39, learner=, teststat=, testtype= 
  Algorithm: forest.splitbias.oob 
  Algorithm parameters:  
  Replication: 31 
  Seed: 10774 
  Problem seed: 153 
Setting seed: 10774
Applying Algorithm forest.splitbias.oob ...
Generating problem taski ...
Result:
List of 3
 $ idi   : int 39
 $ lrn   : chr [1:3] "randomForest" "oob" ""
 $ result: Named num [1:5] 0.856 0.147 0.245 0.144 0.561
  ..- attr(*, "names")= chr [1:5] "ACC" "BER" "multiclass.brier" "MMCE" ...
NULL
Writing result file: /home/probst/Random_Forest/RFSplitbias/results/Splitbias-files/jobs/74/10774-result.RData
########## Executing jid=10775 ##########
Timestamp: 2016-04-28 16:36:08
Experiment: 
  Problem: taski 
  Problem parameters: idi=39, learner=, teststat=, testtype= 
  Algorithm: forest.splitbias.oob 
  Algorithm parameters:  
  Replication: 32 
  Seed: 10775 
  Problem seed: 154 
Setting seed: 10775
Applying Algorithm forest.splitbias.oob ...
Generating problem taski ...
Result:
List of 3
 $ idi   : int 39
 $ lrn   : chr [1:3] "randomForest" "oob" ""
 $ result: Named num [1:5] 0.865 0.138 0.243 0.135 0.576
  ..- attr(*, "names")= chr [1:5] "ACC" "BER" "multiclass.brier" "MMCE" ...
NULL
Writing result file: /home/probst/Random_Forest/RFSplitbias/results/Splitbias-files/jobs/75/10775-result.RData
########## Executing jid=10776 ##########
Timestamp: 2016-04-28 16:36:10
Experiment: 
  Problem: taski 
  Problem parameters: idi=39, learner=, teststat=, testtype= 
  Algorithm: forest.splitbias.oob 
  Algorithm parameters:  
  Replication: 33 
  Seed: 10776 
  Problem seed: 155 
Setting seed: 10776
Applying Algorithm forest.splitbias.oob ...
Generating problem taski ...
Result:
List of 3
 $ idi   : int 39
 $ lrn   : chr [1:3] "randomForest" "oob" ""
 $ result: Named num [1:5] 0.837 0.169 0.246 0.163 0.582
  ..- attr(*, "names")= chr [1:5] "ACC" "BER" "multiclass.brier" "MMCE" ...
NULL
Writing result file: /home/probst/Random_Forest/RFSplitbias/results/Splitbias-files/jobs/76/10776-result.RData
########## Executing jid=10777 ##########
Timestamp: 2016-04-28 16:36:11
Experiment: 
  Problem: taski 
  Problem parameters: idi=39, learner=, teststat=, testtype= 
  Algorithm: forest.splitbias.oob 
  Algorithm parameters:  
  Replication: 34 
  Seed: 10777 
  Problem seed: 156 
Setting seed: 10777
Applying Algorithm forest.splitbias.oob ...
Generating problem taski ...
Result:
List of 3
 $ idi   : int 39
 $ lrn   : chr [1:3] "randomForest" "oob" ""
 $ result: Named num [1:5] 0.861 0.144 0.243 0.139 0.576
  ..- attr(*, "names")= chr [1:5] "ACC" "BER" "multiclass.brier" "MMCE" ...
NULL
Writing result file: /home/probst/Random_Forest/RFSplitbias/results/Splitbias-files/jobs/77/10777-result.RData
########## Executing jid=10778 ##########
Timestamp: 2016-04-28 16:36:12
Experiment: 
  Problem: taski 
  Problem parameters: idi=39, learner=, teststat=, testtype= 
  Algorithm: forest.splitbias.oob 
  Algorithm parameters:  
  Replication: 35 
  Seed: 10778 
  Problem seed: 157 
Setting seed: 10778
Applying Algorithm forest.splitbias.oob ...
Generating problem taski ...
Result:
List of 3
 $ idi   : int 39
 $ lrn   : chr [1:3] "randomForest" "oob" ""
 $ result: Named num [1:5] 0.856 0.148 0.246 0.144 0.565
  ..- attr(*, "names")= chr [1:5] "ACC" "BER" "multiclass.brier" "MMCE" ...
NULL
Writing result file: /home/probst/Random_Forest/RFSplitbias/results/Splitbias-files/jobs/78/10778-result.RData
########## Executing jid=10779 ##########
Timestamp: 2016-04-28 16:36:13
Experiment: 
  Problem: taski 
  Problem parameters: idi=39, learner=, teststat=, testtype= 
  Algorithm: forest.splitbias.oob 
  Algorithm parameters:  
  Replication: 36 
  Seed: 10779 
  Problem seed: 158 
Setting seed: 10779
Applying Algorithm forest.splitbias.oob ...
Generating problem taski ...
Result:
List of 3
 $ idi   : int 39
 $ lrn   : chr [1:3] "randomForest" "oob" ""
 $ result: Named num [1:5] 0.841 0.164 0.245 0.159 0.575
  ..- attr(*, "names")= chr [1:5] "ACC" "BER" "multiclass.brier" "MMCE" ...
NULL
Writing result file: /home/probst/Random_Forest/RFSplitbias/results/Splitbias-files/jobs/79/10779-result.RData
########## Executing jid=10780 ##########
Timestamp: 2016-04-28 16:36:15
Experiment: 
  Problem: taski 
  Problem parameters: idi=39, learner=, teststat=, testtype= 
  Algorithm: forest.splitbias.oob 
  Algorithm parameters:  
  Replication: 37 
  Seed: 10780 
  Problem seed: 159 
Setting seed: 10780
Applying Algorithm forest.splitbias.oob ...
Generating problem taski ...
Result:
List of 3
 $ idi   : int 39
 $ lrn   : chr [1:3] "randomForest" "oob" ""
 $ result: Named num [1:5] 0.865 0.138 0.243 0.135 0.567
  ..- attr(*, "names")= chr [1:5] "ACC" "BER" "multiclass.brier" "MMCE" ...
NULL
Writing result file: /home/probst/Random_Forest/RFSplitbias/results/Splitbias-files/jobs/80/10780-result.RData
########## Executing jid=10781 ##########
Timestamp: 2016-04-28 16:36:16
Experiment: 
  Problem: taski 
  Problem parameters: idi=39, learner=, teststat=, testtype= 
  Algorithm: forest.splitbias.oob 
  Algorithm parameters:  
  Replication: 38 
  Seed: 10781 
  Problem seed: 160 
Setting seed: 10781
Applying Algorithm forest.splitbias.oob ...
Generating problem taski ...
Result:
List of 3
 $ idi   : int 39
 $ lrn   : chr [1:3] "randomForest" "oob" ""
 $ result: Named num [1:5] 0.851 0.153 0.249 0.149 0.579
  ..- attr(*, "names")= chr [1:5] "ACC" "BER" "multiclass.brier" "MMCE" ...
NULL
Writing result file: /home/probst/Random_Forest/RFSplitbias/results/Splitbias-files/jobs/81/10781-result.RData
########## Executing jid=10782 ##########
Timestamp: 2016-04-28 16:36:17
Experiment: 
  Problem: taski 
  Problem parameters: idi=39, learner=, teststat=, testtype= 
  Algorithm: forest.splitbias.oob 
  Algorithm parameters:  
  Replication: 39 
  Seed: 10782 
  Problem seed: 161 
Setting seed: 10782
Applying Algorithm forest.splitbias.oob ...
Generating problem taski ...
Result:
List of 3
 $ idi   : int 39
 $ lrn   : chr [1:3] "randomForest" "oob" ""
 $ result: Named num [1:5] 0.837 0.168 0.246 0.163 0.591
  ..- attr(*, "names")= chr [1:5] "ACC" "BER" "multiclass.brier" "MMCE" ...
NULL
Writing result file: /home/probst/Random_Forest/RFSplitbias/results/Splitbias-files/jobs/82/10782-result.RData
########## Executing jid=10783 ##########
Timestamp: 2016-04-28 16:36:18
Experiment: 
  Problem: taski 
  Problem parameters: idi=39, learner=, teststat=, testtype= 
  Algorithm: forest.splitbias.oob 
  Algorithm parameters:  
  Replication: 40 
  Seed: 10783 
  Problem seed: 162 
Setting seed: 10783
Applying Algorithm forest.splitbias.oob ...
Generating problem taski ...
Result:
List of 3
 $ idi   : int 39
 $ lrn   : chr [1:3] "randomForest" "oob" ""
 $ result: Named num [1:5] 0.837 0.168 0.246 0.163 0.586
  ..- attr(*, "names")= chr [1:5] "ACC" "BER" "multiclass.brier" "MMCE" ...
NULL
Writing result file: /home/probst/Random_Forest/RFSplitbias/results/Splitbias-files/jobs/83/10783-result.RData
########## Executing jid=10784 ##########
Timestamp: 2016-04-28 16:36:19
Experiment: 
  Problem: taski 
  Problem parameters: idi=39, learner=, teststat=, testtype= 
  Algorithm: forest.splitbias.oob 
  Algorithm parameters:  
  Replication: 41 
  Seed: 10784 
  Problem seed: 163 
Setting seed: 10784
Applying Algorithm forest.splitbias.oob ...
Generating problem taski ...
Result:
List of 3
 $ idi   : int 39
 $ lrn   : chr [1:3] "randomForest" "oob" ""
 $ result: Named num [1:5] 0.841 0.164 0.244 0.159 0.578
  ..- attr(*, "names")= chr [1:5] "ACC" "BER" "multiclass.brier" "MMCE" ...
NULL
Writing result file: /home/probst/Random_Forest/RFSplitbias/results/Splitbias-files/jobs/84/10784-result.RData
########## Executing jid=10785 ##########
Timestamp: 2016-04-28 16:36:20
Experiment: 
  Problem: taski 
  Problem parameters: idi=39, learner=, teststat=, testtype= 
  Algorithm: forest.splitbias.oob 
  Algorithm parameters:  
  Replication: 42 
  Seed: 10785 
  Problem seed: 164 
Setting seed: 10785
Applying Algorithm forest.splitbias.oob ...
Generating problem taski ...
Result:
List of 3
 $ idi   : int 39
 $ lrn   : chr [1:3] "randomForest" "oob" ""
 $ result: Named num [1:5] 0.837 0.168 0.248 0.163 0.577
  ..- attr(*, "names")= chr [1:5] "ACC" "BER" "multiclass.brier" "MMCE" ...
NULL
Writing result file: /home/probst/Random_Forest/RFSplitbias/results/Splitbias-files/jobs/85/10785-result.RData
########## Executing jid=10786 ##########
Timestamp: 2016-04-28 16:36:22
Experiment: 
  Problem: taski 
  Problem parameters: idi=39, learner=, teststat=, testtype= 
  Algorithm: forest.splitbias.oob 
  Algorithm parameters:  
  Replication: 43 
  Seed: 10786 
  Problem seed: 165 
Setting seed: 10786
Applying Algorithm forest.splitbias.oob ...
Generating problem taski ...
Result:
List of 3
 $ idi   : int 39
 $ lrn   : chr [1:3] "randomForest" "oob" ""
 $ result: Named num [1:5] 0.856 0.148 0.244 0.144 0.576
  ..- attr(*, "names")= chr [1:5] "ACC" "BER" "multiclass.brier" "MMCE" ...
NULL
Writing result file: /home/probst/Random_Forest/RFSplitbias/results/Splitbias-files/jobs/86/10786-result.RData
########## Executing jid=10787 ##########
Timestamp: 2016-04-28 16:36:23
Experiment: 
  Problem: taski 
  Problem parameters: idi=39, learner=, teststat=, testtype= 
  Algorithm: forest.splitbias.oob 
  Algorithm parameters:  
  Replication: 44 
  Seed: 10787 
  Problem seed: 166 
Setting seed: 10787
Applying Algorithm forest.splitbias.oob ...
Generating problem taski ...
Result:
List of 3
 $ idi   : int 39
 $ lrn   : chr [1:3] "randomForest" "oob" ""
 $ result: Named num [1:5] 0.851 0.153 0.248 0.149 0.576
  ..- attr(*, "names")= chr [1:5] "ACC" "BER" "multiclass.brier" "MMCE" ...
NULL
Writing result file: /home/probst/Random_Forest/RFSplitbias/results/Splitbias-files/jobs/87/10787-result.RData
########## Executing jid=10788 ##########
Timestamp: 2016-04-28 16:36:24
Experiment: 
  Problem: taski 
  Problem parameters: idi=39, learner=, teststat=, testtype= 
  Algorithm: forest.splitbias.oob 
  Algorithm parameters:  
  Replication: 45 
  Seed: 10788 
  Problem seed: 167 
Setting seed: 10788
Applying Algorithm forest.splitbias.oob ...
Generating problem taski ...
Result:
List of 3
 $ idi   : int 39
 $ lrn   : chr [1:3] "randomForest" "oob" ""
 $ result: Named num [1:5] 0.846 0.158 0.244 0.154 0.568
  ..- attr(*, "names")= chr [1:5] "ACC" "BER" "multiclass.brier" "MMCE" ...
NULL
Writing result file: /home/probst/Random_Forest/RFSplitbias/results/Splitbias-files/jobs/88/10788-result.RData
########## Executing jid=10789 ##########
Timestamp: 2016-04-28 16:36:25
Experiment: 
  Problem: taski 
  Problem parameters: idi=39, learner=, teststat=, testtype= 
  Algorithm: forest.splitbias.oob 
  Algorithm parameters:  
  Replication: 46 
  Seed: 10789 
  Problem seed: 168 
Setting seed: 10789
Applying Algorithm forest.splitbias.oob ...
Generating problem taski ...
Result:
List of 3
 $ idi   : int 39
 $ lrn   : chr [1:3] "randomForest" "oob" ""
 $ result: Named num [1:5] 0.851 0.154 0.244 0.149 0.574
  ..- attr(*, "names")= chr [1:5] "ACC" "BER" "multiclass.brier" "MMCE" ...
NULL
Writing result file: /home/probst/Random_Forest/RFSplitbias/results/Splitbias-files/jobs/89/10789-result.RData
########## Executing jid=10790 ##########
Timestamp: 2016-04-28 16:36:26
Experiment: 
  Problem: taski 
  Problem parameters: idi=39, learner=, teststat=, testtype= 
  Algorithm: forest.splitbias.oob 
  Algorithm parameters:  
  Replication: 47 
  Seed: 10790 
  Problem seed: 169 
Setting seed: 10790
Applying Algorithm forest.splitbias.oob ...
Generating problem taski ...
Result:
List of 3
 $ idi   : int 39
 $ lrn   : chr [1:3] "randomForest" "oob" ""
 $ result: Named num [1:5] 0.846 0.16 0.243 0.154 0.591
  ..- attr(*, "names")= chr [1:5] "ACC" "BER" "multiclass.brier" "MMCE" ...
NULL
Writing result file: /home/probst/Random_Forest/RFSplitbias/results/Splitbias-files/jobs/90/10790-result.RData
########## Executing jid=10791 ##########
Timestamp: 2016-04-28 16:36:27
Experiment: 
  Problem: taski 
  Problem parameters: idi=39, learner=, teststat=, testtype= 
  Algorithm: forest.splitbias.oob 
  Algorithm parameters:  
  Replication: 48 
  Seed: 10791 
  Problem seed: 170 
Setting seed: 10791
Applying Algorithm forest.splitbias.oob ...
Generating problem taski ...
Result:
List of 3
 $ idi   : int 39
 $ lrn   : chr [1:3] "randomForest" "oob" ""
 $ result: Named num [1:5] 0.846 0.158 0.246 0.154 0.581
  ..- attr(*, "names")= chr [1:5] "ACC" "BER" "multiclass.brier" "MMCE" ...
NULL
Writing result file: /home/probst/Random_Forest/RFSplitbias/results/Splitbias-files/jobs/91/10791-result.RData
########## Executing jid=10792 ##########
Timestamp: 2016-04-28 16:36:29
Experiment: 
  Problem: taski 
  Problem parameters: idi=39, learner=, teststat=, testtype= 
  Algorithm: forest.splitbias.oob 
  Algorithm parameters:  
  Replication: 49 
  Seed: 10792 
  Problem seed: 171 
Setting seed: 10792
Applying Algorithm forest.splitbias.oob ...
Generating problem taski ...
Result:
List of 3
 $ idi   : int 39
 $ lrn   : chr [1:3] "randomForest" "oob" ""
 $ result: Named num [1:5] 0.851 0.153 0.238 0.149 0.575
  ..- attr(*, "names")= chr [1:5] "ACC" "BER" "multiclass.brier" "MMCE" ...
NULL
Writing result file: /home/probst/Random_Forest/RFSplitbias/results/Splitbias-files/jobs/92/10792-result.RData
########## Executing jid=10793 ##########
Timestamp: 2016-04-28 16:36:30
Experiment: 
  Problem: taski 
  Problem parameters: idi=39, learner=, teststat=, testtype= 
  Algorithm: forest.splitbias.oob 
  Algorithm parameters:  
  Replication: 50 
  Seed: 10793 
  Problem seed: 172 
Setting seed: 10793
Applying Algorithm forest.splitbias.oob ...
Generating problem taski ...
Result:
List of 3
 $ idi   : int 39
 $ lrn   : chr [1:3] "randomForest" "oob" ""
 $ result: Named num [1:5] 0.841 0.164 0.245 0.159 0.58
  ..- attr(*, "names")= chr [1:5] "ACC" "BER" "multiclass.brier" "MMCE" ...
NULL
Writing result file: /home/probst/Random_Forest/RFSplitbias/results/Splitbias-files/jobs/93/10793-result.RData
########## Executing jid=10794 ##########
Timestamp: 2016-04-28 16:36:31
Experiment: 
  Problem: taski 
  Problem parameters: idi=3022, learner=, teststat=, testtype= 
  Algorithm: forest.splitbias.oob 
  Algorithm parameters:  
  Replication: 11 
  Seed: 10794 
  Problem seed: 133 
Setting seed: 10794
Applying Algorithm forest.splitbias.oob ...
Generating problem taski ...
Result:
List of 3
 $ idi   : int 3022
 $ lrn   : chr [1:3] "randomForest" "oob" ""
 $ result: Named num [1:5] 0.9838 0.0162 0.1328 0.0162 0.6758
  ..- attr(*, "names")= chr [1:5] "ACC" "BER" "multiclass.brier" "MMCE" ...
NULL
Writing result file: /home/probst/Random_Forest/RFSplitbias/results/Splitbias-files/jobs/94/10794-result.RData
########## Executing jid=10795 ##########
Timestamp: 2016-04-28 16:36:44
Experiment: 
  Problem: taski 
  Problem parameters: idi=3022, learner=, teststat=, testtype= 
  Algorithm: forest.splitbias.oob 
  Algorithm parameters:  
  Replication: 12 
  Seed: 10795 
  Problem seed: 134 
Setting seed: 10795
Applying Algorithm forest.splitbias.oob ...
Generating problem taski ...
Result:
List of 3
 $ idi   : int 3022
 $ lrn   : chr [1:3] "randomForest" "oob" ""
 $ result: Named num [1:5] 0.9838 0.0162 0.1327 0.0162 0.6763
  ..- attr(*, "names")= chr [1:5] "ACC" "BER" "multiclass.brier" "MMCE" ...
NULL
Writing result file: /home/probst/Random_Forest/RFSplitbias/results/Splitbias-files/jobs/95/10795-result.RData
########## Executing jid=10796 ##########
Timestamp: 2016-04-28 16:36:57
Experiment: 
  Problem: taski 
  Problem parameters: idi=3022, learner=, teststat=, testtype= 
  Algorithm: forest.splitbias.oob 
  Algorithm parameters:  
  Replication: 13 
  Seed: 10796 
  Problem seed: 135 
Setting seed: 10796
Applying Algorithm forest.splitbias.oob ...
Generating problem taski ...
Result:
List of 3
 $ idi   : int 3022
 $ lrn   : chr [1:3] "randomForest" "oob" ""
 $ result: Named num [1:5] 0.9859 0.0141 0.1324 0.0141 0.6798
  ..- attr(*, "names")= chr [1:5] "ACC" "BER" "multiclass.brier" "MMCE" ...
NULL
Writing result file: /home/probst/Random_Forest/RFSplitbias/results/Splitbias-files/jobs/96/10796-result.RData
########## Executing jid=10797 ##########
Timestamp: 2016-04-28 16:37:10
Experiment: 
  Problem: taski 
  Problem parameters: idi=3022, learner=, teststat=, testtype= 
  Algorithm: forest.splitbias.oob 
  Algorithm parameters:  
  Replication: 14 
  Seed: 10797 
  Problem seed: 136 
Setting seed: 10797
Applying Algorithm forest.splitbias.oob ...
Generating problem taski ...
Result:
List of 3
 $ idi   : int 3022
 $ lrn   : chr [1:3] "randomForest" "oob" ""
 $ result: Named num [1:5] 0.9838 0.0162 0.1321 0.0162 0.6775
  ..- attr(*, "names")= chr [1:5] "ACC" "BER" "multiclass.brier" "MMCE" ...
NULL
Writing result file: /home/probst/Random_Forest/RFSplitbias/results/Splitbias-files/jobs/97/10797-result.RData
########## Executing jid=10798 ##########
Timestamp: 2016-04-28 16:37:23
Experiment: 
  Problem: taski 
  Problem parameters: idi=3022, learner=, teststat=, testtype= 
  Algorithm: forest.splitbias.oob 
  Algorithm parameters:  
  Replication: 15 
  Seed: 10798 
  Problem seed: 137 
Setting seed: 10798
Applying Algorithm forest.splitbias.oob ...
Generating problem taski ...
Result:
List of 3
 $ idi   : int 3022
 $ lrn   : chr [1:3] "randomForest" "oob" ""
 $ result: Named num [1:5] 0.9818 0.0182 0.1337 0.0182 0.6807
  ..- attr(*, "names")= chr [1:5] "ACC" "BER" "multiclass.brier" "MMCE" ...
NULL
Writing result file: /home/probst/Random_Forest/RFSplitbias/results/Splitbias-files/jobs/98/10798-result.RData
########## Executing jid=10799 ##########
Timestamp: 2016-04-28 16:37:36
Experiment: 
  Problem: taski 
  Problem parameters: idi=3022, learner=, teststat=, testtype= 
  Algorithm: forest.splitbias.oob 
  Algorithm parameters:  
  Replication: 16 
  Seed: 10799 
  Problem seed: 138 
Setting seed: 10799
Applying Algorithm forest.splitbias.oob ...
Generating problem taski ...
Result:
List of 3
 $ idi   : int 3022
 $ lrn   : chr [1:3] "randomForest" "oob" ""
 $ result: Named num [1:5] 0.9828 0.0172 0.1328 0.0172 0.6815
  ..- attr(*, "names")= chr [1:5] "ACC" "BER" "multiclass.brier" "MMCE" ...
NULL
Writing result file: /home/probst/Random_Forest/RFSplitbias/results/Splitbias-files/jobs/99/10799-result.RData
########## Executing jid=10800 ##########
Timestamp: 2016-04-28 16:37:49
Experiment: 
  Problem: taski 
  Problem parameters: idi=3022, learner=, teststat=, testtype= 
  Algorithm: forest.splitbias.oob 
  Algorithm parameters:  
  Replication: 17 
  Seed: 10800 
  Problem seed: 139 
Setting seed: 10800
Applying Algorithm forest.splitbias.oob ...
Generating problem taski ...
Result:
List of 3
 $ idi   : int 3022
 $ lrn   : chr [1:3] "randomForest" "oob" ""
 $ result: Named num [1:5] 0.9838 0.0162 0.1318 0.0162 0.6811
  ..- attr(*, "names")= chr [1:5] "ACC" "BER" "multiclass.brier" "MMCE" ...
NULL
Writing result file: /home/probst/Random_Forest/RFSplitbias/results/Splitbias-files/jobs/00/10800-result.RData
########## Executing jid=10801 ##########
Timestamp: 2016-04-28 16:38:02
Experiment: 
  Problem: taski 
  Problem parameters: idi=3022, learner=, teststat=, testtype= 
  Algorithm: forest.splitbias.oob 
  Algorithm parameters:  
  Replication: 18 
  Seed: 10801 
  Problem seed: 140 
Setting seed: 10801
Applying Algorithm forest.splitbias.oob ...
Generating problem taski ...
Result:
List of 3
 $ idi   : int 3022
 $ lrn   : chr [1:3] "randomForest" "oob" ""
 $ result: Named num [1:5] 0.9838 0.0162 0.1324 0.0162 0.6746
  ..- attr(*, "names")= chr [1:5] "ACC" "BER" "multiclass.brier" "MMCE" ...
NULL
Writing result file: /home/probst/Random_Forest/RFSplitbias/results/Splitbias-files/jobs/01/10801-result.RData
########## Executing jid=10802 ##########
Timestamp: 2016-04-28 16:38:16
Experiment: 
  Problem: taski 
  Problem parameters: idi=3022, learner=, teststat=, testtype= 
  Algorithm: forest.splitbias.oob 
  Algorithm parameters:  
  Replication: 19 
  Seed: 10802 
  Problem seed: 141 
Setting seed: 10802
Applying Algorithm forest.splitbias.oob ...
Generating problem taski ...
Result:
List of 3
 $ idi   : int 3022
 $ lrn   : chr [1:3] "randomForest" "oob" ""
 $ result: Named num [1:5] 0.9879 0.0121 0.1318 0.0121 0.6766
  ..- attr(*, "names")= chr [1:5] "ACC" "BER" "multiclass.brier" "MMCE" ...
NULL
Writing result file: /home/probst/Random_Forest/RFSplitbias/results/Splitbias-files/jobs/02/10802-result.RData
########## Executing jid=10803 ##########
Timestamp: 2016-04-28 16:38:29
Experiment: 
  Problem: taski 
  Problem parameters: idi=3022, learner=, teststat=, testtype= 
  Algorithm: forest.splitbias.oob 
  Algorithm parameters:  
  Replication: 20 
  Seed: 10803 
  Problem seed: 142 
Setting seed: 10803
Applying Algorithm forest.splitbias.oob ...
Generating problem taski ...
Result:
List of 3
 $ idi   : int 3022
 $ lrn   : chr [1:3] "randomForest" "oob" ""
 $ result: Named num [1:5] 0.9798 0.0202 0.1336 0.0202 0.6779
  ..- attr(*, "names")= chr [1:5] "ACC" "BER" "multiclass.brier" "MMCE" ...
NULL
Writing result file: /home/probst/Random_Forest/RFSplitbias/results/Splitbias-files/jobs/03/10803-result.RData
2016-04-28 16:38:42: All done.
Setting work back to: /nfsmb/koll/probst/Random_Forest/RFSplitbias/results
Memory usage according to gc:
          used  (Mb) gc trigger  (Mb) max used  (Mb)
Ncells 1923930 102.8    3205452 171.2  2844238 151.9
Vcells 4660516  35.6   15996972 122.1 15175285 115.8
