Loading registry: /home/probst/Random_Forest/RFSplitbias/results/Splitbias-files/registry.RData
Loading conf: 
2016-04-28 14:26:15: Starting job on node lin65.
Auto-mailer settings: start=none, done=none, error=none.
Setting work dir: /nfsmb/koll/probst/Random_Forest/RFSplitbias/results
########## Executing jid=1804 ##########
Timestamp: 2016-04-28 14:26:15
Experiment: 
  Problem: taski 
  Problem parameters: idi=3614, learner=, teststat=, testtype= 
  Algorithm: forest.splitbias.oob 
  Algorithm parameters:  
  Replication: 7 
  Seed: 1804 
  Problem seed: 129 
Setting seed: 1804
Applying Algorithm forest.splitbias.oob ...
Generating problem taski ...
Result:
List of 3
 $ idi   : int 3614
 $ lrn   : chr [1:3] "randomForest" "oob" ""
 $ result: Named num [1:5] 0.748 0.322 0.302 0.252 0.807
  ..- attr(*, "names")= chr [1:5] "ACC" "BER" "multiclass.brier" "MMCE" ...
NULL
Writing result file: /home/probst/Random_Forest/RFSplitbias/results/Splitbias-files/jobs/04/1804-result.RData
########## Executing jid=1805 ##########
Timestamp: 2016-04-28 14:26:16
Experiment: 
  Problem: taski 
  Problem parameters: idi=3614, learner=, teststat=, testtype= 
  Algorithm: forest.splitbias.oob 
  Algorithm parameters:  
  Replication: 8 
  Seed: 1805 
  Problem seed: 130 
Setting seed: 1805
Applying Algorithm forest.splitbias.oob ...
Generating problem taski ...
Result:
List of 3
 $ idi   : int 3614
 $ lrn   : chr [1:3] "randomForest" "oob" ""
 $ result: Named num [1:5] 0.748 0.316 0.302 0.252 0.805
  ..- attr(*, "names")= chr [1:5] "ACC" "BER" "multiclass.brier" "MMCE" ...
NULL
Writing result file: /home/probst/Random_Forest/RFSplitbias/results/Splitbias-files/jobs/05/1805-result.RData
########## Executing jid=1806 ##########
Timestamp: 2016-04-28 14:26:16
Experiment: 
  Problem: taski 
  Problem parameters: idi=3614, learner=, teststat=, testtype= 
  Algorithm: forest.splitbias.oob 
  Algorithm parameters:  
  Replication: 9 
  Seed: 1806 
  Problem seed: 131 
Setting seed: 1806
Applying Algorithm forest.splitbias.oob ...
Generating problem taski ...
Result:
List of 3
 $ idi   : int 3614
 $ lrn   : chr [1:3] "randomForest" "oob" ""
 $ result: Named num [1:5] 0.773 0.299 0.299 0.227 0.805
  ..- attr(*, "names")= chr [1:5] "ACC" "BER" "multiclass.brier" "MMCE" ...
NULL
Writing result file: /home/probst/Random_Forest/RFSplitbias/results/Splitbias-files/jobs/06/1806-result.RData
########## Executing jid=1807 ##########
Timestamp: 2016-04-28 14:26:17
Experiment: 
  Problem: taski 
  Problem parameters: idi=3614, learner=, teststat=, testtype= 
  Algorithm: forest.splitbias.oob 
  Algorithm parameters:  
  Replication: 10 
  Seed: 1807 
  Problem seed: 132 
Setting seed: 1807
Applying Algorithm forest.splitbias.oob ...
Generating problem taski ...
Result:
List of 3
 $ idi   : int 3614
 $ lrn   : chr [1:3] "randomForest" "oob" ""
 $ result: Named num [1:5] 0.761 0.314 0.3 0.239 0.809
  ..- attr(*, "names")= chr [1:5] "ACC" "BER" "multiclass.brier" "MMCE" ...
NULL
Writing result file: /home/probst/Random_Forest/RFSplitbias/results/Splitbias-files/jobs/07/1807-result.RData
########## Executing jid=1808 ##########
Timestamp: 2016-04-28 14:26:17
Experiment: 
  Problem: taski 
  Problem parameters: idi=9984, learner=, teststat=, testtype= 
  Algorithm: forest.splitbias.oob 
  Algorithm parameters:  
  Replication: 2 
  Seed: 1808 
  Problem seed: 124 
Setting seed: 1808
Applying Algorithm forest.splitbias.oob ...
Generating problem taski ...
Result:
List of 3
 $ idi   : int 9984
 $ lrn   : chr [1:3] "randomForest" "oob" ""
 $ result: Named num [1:5] 0.87 0.434 0.225 0.13 0.989
  ..- attr(*, "names")= chr [1:5] "ACC" "BER" "multiclass.brier" "MMCE" ...
NULL
Writing result file: /home/probst/Random_Forest/RFSplitbias/results/Splitbias-files/jobs/08/1808-result.RData
########## Executing jid=1809 ##########
Timestamp: 2016-04-28 14:26:18
Experiment: 
  Problem: taski 
  Problem parameters: idi=9984, learner=, teststat=, testtype= 
  Algorithm: forest.splitbias.oob 
  Algorithm parameters:  
  Replication: 3 
  Seed: 1809 
  Problem seed: 125 
Setting seed: 1809
Applying Algorithm forest.splitbias.oob ...
Generating problem taski ...
Result:
List of 3
 $ idi   : int 9984
 $ lrn   : chr [1:3] "randomForest" "oob" ""
 $ result: Named num [1:5] 0.86 0.439 0.221 0.14 0.989
  ..- attr(*, "names")= chr [1:5] "ACC" "BER" "multiclass.brier" "MMCE" ...
NULL
Writing result file: /home/probst/Random_Forest/RFSplitbias/results/Splitbias-files/jobs/09/1809-result.RData
########## Executing jid=1810 ##########
Timestamp: 2016-04-28 14:26:19
Experiment: 
  Problem: taski 
  Problem parameters: idi=9984, learner=, teststat=, testtype= 
  Algorithm: forest.splitbias.oob 
  Algorithm parameters:  
  Replication: 4 
  Seed: 1810 
  Problem seed: 126 
Setting seed: 1810
Applying Algorithm forest.splitbias.oob ...
Generating problem taski ...
Result:
List of 3
 $ idi   : int 9984
 $ lrn   : chr [1:3] "randomForest" "oob" ""
 $ result: Named num [1:5] 0.86 0.439 0.224 0.14 0.989
  ..- attr(*, "names")= chr [1:5] "ACC" "BER" "multiclass.brier" "MMCE" ...
NULL
Writing result file: /home/probst/Random_Forest/RFSplitbias/results/Splitbias-files/jobs/10/1810-result.RData
########## Executing jid=1811 ##########
Timestamp: 2016-04-28 14:26:19
Experiment: 
  Problem: taski 
  Problem parameters: idi=9984, learner=, teststat=, testtype= 
  Algorithm: forest.splitbias.oob 
  Algorithm parameters:  
  Replication: 5 
  Seed: 1811 
  Problem seed: 127 
Setting seed: 1811
Applying Algorithm forest.splitbias.oob ...
Generating problem taski ...
Result:
List of 3
 $ idi   : int 9984
 $ lrn   : chr [1:3] "randomForest" "oob" ""
 $ result: Named num [1:5] 0.87 0.434 0.225 0.13 0.99
  ..- attr(*, "names")= chr [1:5] "ACC" "BER" "multiclass.brier" "MMCE" ...
NULL
Writing result file: /home/probst/Random_Forest/RFSplitbias/results/Splitbias-files/jobs/11/1811-result.RData
########## Executing jid=1812 ##########
Timestamp: 2016-04-28 14:26:20
Experiment: 
  Problem: taski 
  Problem parameters: idi=9984, learner=, teststat=, testtype= 
  Algorithm: forest.splitbias.oob 
  Algorithm parameters:  
  Replication: 6 
  Seed: 1812 
  Problem seed: 128 
Setting seed: 1812
Applying Algorithm forest.splitbias.oob ...
Generating problem taski ...
Result:
List of 3
 $ idi   : int 9984
 $ lrn   : chr [1:3] "randomForest" "oob" ""
 $ result: Named num [1:5] 0.87 0.434 0.22 0.13 0.99
  ..- attr(*, "names")= chr [1:5] "ACC" "BER" "multiclass.brier" "MMCE" ...
NULL
Writing result file: /home/probst/Random_Forest/RFSplitbias/results/Splitbias-files/jobs/12/1812-result.RData
########## Executing jid=1813 ##########
Timestamp: 2016-04-28 14:26:20
Experiment: 
  Problem: taski 
  Problem parameters: idi=9984, learner=, teststat=, testtype= 
  Algorithm: forest.splitbias.oob 
  Algorithm parameters:  
  Replication: 7 
  Seed: 1813 
  Problem seed: 129 
Setting seed: 1813
Applying Algorithm forest.splitbias.oob ...
Generating problem taski ...
Result:
List of 3
 $ idi   : int 9984
 $ lrn   : chr [1:3] "randomForest" "oob" ""
 $ result: Named num [1:5] 0.86 0.439 0.222 0.14 0.991
  ..- attr(*, "names")= chr [1:5] "ACC" "BER" "multiclass.brier" "MMCE" ...
NULL
Writing result file: /home/probst/Random_Forest/RFSplitbias/results/Splitbias-files/jobs/13/1813-result.RData
########## Executing jid=1814 ##########
Timestamp: 2016-04-28 14:26:21
Experiment: 
  Problem: taski 
  Problem parameters: idi=9984, learner=, teststat=, testtype= 
  Algorithm: forest.splitbias.oob 
  Algorithm parameters:  
  Replication: 8 
  Seed: 1814 
  Problem seed: 130 
Setting seed: 1814
Applying Algorithm forest.splitbias.oob ...
Generating problem taski ...
Result:
List of 3
 $ idi   : int 9984
 $ lrn   : chr [1:3] "randomForest" "oob" ""
 $ result: Named num [1:5] 0.87 0.434 0.223 0.13 0.991
  ..- attr(*, "names")= chr [1:5] "ACC" "BER" "multiclass.brier" "MMCE" ...
NULL
Writing result file: /home/probst/Random_Forest/RFSplitbias/results/Splitbias-files/jobs/14/1814-result.RData
########## Executing jid=1815 ##########
Timestamp: 2016-04-28 14:26:21
Experiment: 
  Problem: taski 
  Problem parameters: idi=9984, learner=, teststat=, testtype= 
  Algorithm: forest.splitbias.oob 
  Algorithm parameters:  
  Replication: 9 
  Seed: 1815 
  Problem seed: 131 
Setting seed: 1815
Applying Algorithm forest.splitbias.oob ...
Generating problem taski ...
Result:
List of 3
 $ idi   : int 9984
 $ lrn   : chr [1:3] "randomForest" "oob" ""
 $ result: Named num [1:5] 0.87 0.434 0.225 0.13 0.992
  ..- attr(*, "names")= chr [1:5] "ACC" "BER" "multiclass.brier" "MMCE" ...
NULL
Writing result file: /home/probst/Random_Forest/RFSplitbias/results/Splitbias-files/jobs/15/1815-result.RData
########## Executing jid=1816 ##########
Timestamp: 2016-04-28 14:26:22
Experiment: 
  Problem: taski 
  Problem parameters: idi=9984, learner=, teststat=, testtype= 
  Algorithm: forest.splitbias.oob 
  Algorithm parameters:  
  Replication: 10 
  Seed: 1816 
  Problem seed: 132 
Setting seed: 1816
Applying Algorithm forest.splitbias.oob ...
Generating problem taski ...
Result:
List of 3
 $ idi   : int 9984
 $ lrn   : chr [1:3] "randomForest" "oob" ""
 $ result: Named num [1:5] 0.87 0.434 0.223 0.13 0.989
  ..- attr(*, "names")= chr [1:5] "ACC" "BER" "multiclass.brier" "MMCE" ...
NULL
Writing result file: /home/probst/Random_Forest/RFSplitbias/results/Splitbias-files/jobs/16/1816-result.RData
########## Executing jid=1817 ##########
Timestamp: 2016-04-28 14:26:22
Experiment: 
  Problem: taski 
  Problem parameters: idi=3765, learner=, teststat=, testtype= 
  Algorithm: forest.splitbias.oob 
  Algorithm parameters:  
  Replication: 2 
  Seed: 1817 
  Problem seed: 124 
Setting seed: 1817
Applying Algorithm forest.splitbias.oob ...
Generating problem taski ...
Result:
List of 3
 $ idi   : int 3765
 $ lrn   : chr [1:3] "randomForest" "oob" ""
 $ result: Named num [1:5] 0.626 0.374 0.501 0.374 0.572
  ..- attr(*, "names")= chr [1:5] "ACC" "BER" "multiclass.brier" "MMCE" ...
NULL
Writing result file: /home/probst/Random_Forest/RFSplitbias/results/Splitbias-files/jobs/17/1817-result.RData
########## Executing jid=1818 ##########
Timestamp: 2016-04-28 14:26:23
Experiment: 
  Problem: taski 
  Problem parameters: idi=3765, learner=, teststat=, testtype= 
  Algorithm: forest.splitbias.oob 
  Algorithm parameters:  
  Replication: 3 
  Seed: 1818 
  Problem seed: 125 
Setting seed: 1818
Applying Algorithm forest.splitbias.oob ...
Generating problem taski ...
Result:
List of 3
 $ idi   : int 3765
 $ lrn   : chr [1:3] "randomForest" "oob" ""
 $ result: Named num [1:5] 0.626 0.373 0.504 0.374 0.551
  ..- attr(*, "names")= chr [1:5] "ACC" "BER" "multiclass.brier" "MMCE" ...
NULL
Writing result file: /home/probst/Random_Forest/RFSplitbias/results/Splitbias-files/jobs/18/1818-result.RData
########## Executing jid=1819 ##########
Timestamp: 2016-04-28 14:26:23
Experiment: 
  Problem: taski 
  Problem parameters: idi=3765, learner=, teststat=, testtype= 
  Algorithm: forest.splitbias.oob 
  Algorithm parameters:  
  Replication: 4 
  Seed: 1819 
  Problem seed: 126 
Setting seed: 1819
Applying Algorithm forest.splitbias.oob ...
Generating problem taski ...
Result:
List of 3
 $ idi   : int 3765
 $ lrn   : chr [1:3] "randomForest" "oob" ""
 $ result: Named num [1:5] 0.639 0.36 0.501 0.361 0.563
  ..- attr(*, "names")= chr [1:5] "ACC" "BER" "multiclass.brier" "MMCE" ...
NULL
Writing result file: /home/probst/Random_Forest/RFSplitbias/results/Splitbias-files/jobs/19/1819-result.RData
########## Executing jid=1820 ##########
Timestamp: 2016-04-28 14:26:24
Experiment: 
  Problem: taski 
  Problem parameters: idi=3765, learner=, teststat=, testtype= 
  Algorithm: forest.splitbias.oob 
  Algorithm parameters:  
  Replication: 5 
  Seed: 1820 
  Problem seed: 127 
Setting seed: 1820
Applying Algorithm forest.splitbias.oob ...
Generating problem taski ...
Result:
List of 3
 $ idi   : int 3765
 $ lrn   : chr [1:3] "randomForest" "oob" ""
 $ result: Named num [1:5] 0.626 0.373 0.495 0.374 0.557
  ..- attr(*, "names")= chr [1:5] "ACC" "BER" "multiclass.brier" "MMCE" ...
NULL
Writing result file: /home/probst/Random_Forest/RFSplitbias/results/Splitbias-files/jobs/20/1820-result.RData
########## Executing jid=1821 ##########
Timestamp: 2016-04-28 14:26:24
Experiment: 
  Problem: taski 
  Problem parameters: idi=3765, learner=, teststat=, testtype= 
  Algorithm: forest.splitbias.oob 
  Algorithm parameters:  
  Replication: 6 
  Seed: 1821 
  Problem seed: 128 
Setting seed: 1821
Applying Algorithm forest.splitbias.oob ...
Generating problem taski ...
Result:
List of 3
 $ idi   : int 3765
 $ lrn   : chr [1:3] "randomForest" "oob" ""
 $ result: Named num [1:5] 0.633 0.367 0.495 0.367 0.567
  ..- attr(*, "names")= chr [1:5] "ACC" "BER" "multiclass.brier" "MMCE" ...
NULL
Writing result file: /home/probst/Random_Forest/RFSplitbias/results/Splitbias-files/jobs/21/1821-result.RData
########## Executing jid=1822 ##########
Timestamp: 2016-04-28 14:26:25
Experiment: 
  Problem: taski 
  Problem parameters: idi=3765, learner=, teststat=, testtype= 
  Algorithm: forest.splitbias.oob 
  Algorithm parameters:  
  Replication: 7 
  Seed: 1822 
  Problem seed: 129 
Setting seed: 1822
Applying Algorithm forest.splitbias.oob ...
Generating problem taski ...
Result:
List of 3
 $ idi   : int 3765
 $ lrn   : chr [1:3] "randomForest" "oob" ""
 $ result: Named num [1:5] 0.626 0.373 0.505 0.374 0.555
  ..- attr(*, "names")= chr [1:5] "ACC" "BER" "multiclass.brier" "MMCE" ...
NULL
Writing result file: /home/probst/Random_Forest/RFSplitbias/results/Splitbias-files/jobs/22/1822-result.RData
########## Executing jid=1823 ##########
Timestamp: 2016-04-28 14:26:26
Experiment: 
  Problem: taski 
  Problem parameters: idi=3765, learner=, teststat=, testtype= 
  Algorithm: forest.splitbias.oob 
  Algorithm parameters:  
  Replication: 8 
  Seed: 1823 
  Problem seed: 130 
Setting seed: 1823
Applying Algorithm forest.splitbias.oob ...
Generating problem taski ...
Result:
List of 3
 $ idi   : int 3765
 $ lrn   : chr [1:3] "randomForest" "oob" ""
 $ result: Named num [1:5] 0.646 0.353 0.495 0.354 0.559
  ..- attr(*, "names")= chr [1:5] "ACC" "BER" "multiclass.brier" "MMCE" ...
NULL
Writing result file: /home/probst/Random_Forest/RFSplitbias/results/Splitbias-files/jobs/23/1823-result.RData
########## Executing jid=1824 ##########
Timestamp: 2016-04-28 14:26:26
Experiment: 
  Problem: taski 
  Problem parameters: idi=3765, learner=, teststat=, testtype= 
  Algorithm: forest.splitbias.oob 
  Algorithm parameters:  
  Replication: 9 
  Seed: 1824 
  Problem seed: 131 
Setting seed: 1824
Applying Algorithm forest.splitbias.oob ...
Generating problem taski ...
Result:
List of 3
 $ idi   : int 3765
 $ lrn   : chr [1:3] "randomForest" "oob" ""
 $ result: Named num [1:5] 0.639 0.361 0.5 0.361 0.563
  ..- attr(*, "names")= chr [1:5] "ACC" "BER" "multiclass.brier" "MMCE" ...
NULL
Writing result file: /home/probst/Random_Forest/RFSplitbias/results/Splitbias-files/jobs/24/1824-result.RData
########## Executing jid=1825 ##########
Timestamp: 2016-04-28 14:26:27
Experiment: 
  Problem: taski 
  Problem parameters: idi=3765, learner=, teststat=, testtype= 
  Algorithm: forest.splitbias.oob 
  Algorithm parameters:  
  Replication: 10 
  Seed: 1825 
  Problem seed: 132 
Setting seed: 1825
Applying Algorithm forest.splitbias.oob ...
Generating problem taski ...
Result:
List of 3
 $ idi   : int 3765
 $ lrn   : chr [1:3] "randomForest" "oob" ""
 $ result: Named num [1:5] 0.633 0.367 0.496 0.367 0.552
  ..- attr(*, "names")= chr [1:5] "ACC" "BER" "multiclass.brier" "MMCE" ...
NULL
Writing result file: /home/probst/Random_Forest/RFSplitbias/results/Splitbias-files/jobs/25/1825-result.RData
########## Executing jid=1826 ##########
Timestamp: 2016-04-28 14:26:27
Experiment: 
  Problem: taski 
  Problem parameters: idi=3949, learner=, teststat=, testtype= 
  Algorithm: forest.splitbias.oob 
  Algorithm parameters:  
  Replication: 2 
  Seed: 1826 
  Problem seed: 124 
Setting seed: 1826
Applying Algorithm forest.splitbias.oob ...
Generating problem taski ...
Result:
List of 3
 $ idi   : int 3949
 $ lrn   : chr [1:3] "randomForest" "oob" ""
 $ result: Named num [1:5] 0.662 0.337 0.42 0.338 0.528
  ..- attr(*, "names")= chr [1:5] "ACC" "BER" "multiclass.brier" "MMCE" ...
NULL
Writing result file: /home/probst/Random_Forest/RFSplitbias/results/Splitbias-files/jobs/26/1826-result.RData
########## Executing jid=1827 ##########
Timestamp: 2016-04-28 14:26:34
Experiment: 
  Problem: taski 
  Problem parameters: idi=3949, learner=, teststat=, testtype= 
  Algorithm: forest.splitbias.oob 
  Algorithm parameters:  
  Replication: 3 
  Seed: 1827 
  Problem seed: 125 
Setting seed: 1827
Applying Algorithm forest.splitbias.oob ...
Generating problem taski ...
Result:
List of 3
 $ idi   : int 3949
 $ lrn   : chr [1:3] "randomForest" "oob" ""
 $ result: Named num [1:5] 0.675 0.324 0.423 0.325 0.52
  ..- attr(*, "names")= chr [1:5] "ACC" "BER" "multiclass.brier" "MMCE" ...
NULL
Writing result file: /home/probst/Random_Forest/RFSplitbias/results/Splitbias-files/jobs/27/1827-result.RData
########## Executing jid=1828 ##########
Timestamp: 2016-04-28 14:26:40
Experiment: 
  Problem: taski 
  Problem parameters: idi=3949, learner=, teststat=, testtype= 
  Algorithm: forest.splitbias.oob 
  Algorithm parameters:  
  Replication: 4 
  Seed: 1828 
  Problem seed: 126 
Setting seed: 1828
Applying Algorithm forest.splitbias.oob ...
Generating problem taski ...
Result:
List of 3
 $ idi   : int 3949
 $ lrn   : chr [1:3] "randomForest" "oob" ""
 $ result: Named num [1:5] 0.675 0.324 0.423 0.325 0.529
  ..- attr(*, "names")= chr [1:5] "ACC" "BER" "multiclass.brier" "MMCE" ...
NULL
Writing result file: /home/probst/Random_Forest/RFSplitbias/results/Splitbias-files/jobs/28/1828-result.RData
########## Executing jid=1829 ##########
Timestamp: 2016-04-28 14:26:47
Experiment: 
  Problem: taski 
  Problem parameters: idi=3949, learner=, teststat=, testtype= 
  Algorithm: forest.splitbias.oob 
  Algorithm parameters:  
  Replication: 5 
  Seed: 1829 
  Problem seed: 127 
Setting seed: 1829
Applying Algorithm forest.splitbias.oob ...
Generating problem taski ...
Result:
List of 3
 $ idi   : int 3949
 $ lrn   : chr [1:3] "randomForest" "oob" ""
 $ result: Named num [1:5] 0.695 0.304 0.422 0.305 0.518
  ..- attr(*, "names")= chr [1:5] "ACC" "BER" "multiclass.brier" "MMCE" ...
NULL
Writing result file: /home/probst/Random_Forest/RFSplitbias/results/Splitbias-files/jobs/29/1829-result.RData
########## Executing jid=1830 ##########
Timestamp: 2016-04-28 14:26:54
Experiment: 
  Problem: taski 
  Problem parameters: idi=3949, learner=, teststat=, testtype= 
  Algorithm: forest.splitbias.oob 
  Algorithm parameters:  
  Replication: 6 
  Seed: 1830 
  Problem seed: 128 
Setting seed: 1830
Applying Algorithm forest.splitbias.oob ...
Generating problem taski ...
Result:
List of 3
 $ idi   : int 3949
 $ lrn   : chr [1:3] "randomForest" "oob" ""
 $ result: Named num [1:5] 0.675 0.324 0.428 0.325 0.517
  ..- attr(*, "names")= chr [1:5] "ACC" "BER" "multiclass.brier" "MMCE" ...
NULL
Writing result file: /home/probst/Random_Forest/RFSplitbias/results/Splitbias-files/jobs/30/1830-result.RData
########## Executing jid=1831 ##########
Timestamp: 2016-04-28 14:27:00
Experiment: 
  Problem: taski 
  Problem parameters: idi=3949, learner=, teststat=, testtype= 
  Algorithm: forest.splitbias.oob 
  Algorithm parameters:  
  Replication: 7 
  Seed: 1831 
  Problem seed: 129 
Setting seed: 1831
Applying Algorithm forest.splitbias.oob ...
Generating problem taski ...
Result:
List of 3
 $ idi   : int 3949
 $ lrn   : chr [1:3] "randomForest" "oob" ""
 $ result: Named num [1:5] 0.669 0.33 0.42 0.331 0.512
  ..- attr(*, "names")= chr [1:5] "ACC" "BER" "multiclass.brier" "MMCE" ...
NULL
Writing result file: /home/probst/Random_Forest/RFSplitbias/results/Splitbias-files/jobs/31/1831-result.RData
########## Executing jid=1832 ##########
Timestamp: 2016-04-28 14:27:07
Experiment: 
  Problem: taski 
  Problem parameters: idi=3949, learner=, teststat=, testtype= 
  Algorithm: forest.splitbias.oob 
  Algorithm parameters:  
  Replication: 8 
  Seed: 1832 
  Problem seed: 130 
Setting seed: 1832
Applying Algorithm forest.splitbias.oob ...
Generating problem taski ...
Result:
List of 3
 $ idi   : int 3949
 $ lrn   : chr [1:3] "randomForest" "oob" ""
 $ result: Named num [1:5] 0.675 0.324 0.421 0.325 0.523
  ..- attr(*, "names")= chr [1:5] "ACC" "BER" "multiclass.brier" "MMCE" ...
NULL
Writing result file: /home/probst/Random_Forest/RFSplitbias/results/Splitbias-files/jobs/32/1832-result.RData
########## Executing jid=1833 ##########
Timestamp: 2016-04-28 14:27:13
Experiment: 
  Problem: taski 
  Problem parameters: idi=3949, learner=, teststat=, testtype= 
  Algorithm: forest.splitbias.oob 
  Algorithm parameters:  
  Replication: 9 
  Seed: 1833 
  Problem seed: 131 
Setting seed: 1833
Applying Algorithm forest.splitbias.oob ...
Generating problem taski ...
Result:
List of 3
 $ idi   : int 3949
 $ lrn   : chr [1:3] "randomForest" "oob" ""
 $ result: Named num [1:5] 0.689 0.31 0.427 0.311 0.519
  ..- attr(*, "names")= chr [1:5] "ACC" "BER" "multiclass.brier" "MMCE" ...
NULL
Writing result file: /home/probst/Random_Forest/RFSplitbias/results/Splitbias-files/jobs/33/1833-result.RData
########## Executing jid=1834 ##########
Timestamp: 2016-04-28 14:27:20
Experiment: 
  Problem: taski 
  Problem parameters: idi=3949, learner=, teststat=, testtype= 
  Algorithm: forest.splitbias.oob 
  Algorithm parameters:  
  Replication: 10 
  Seed: 1834 
  Problem seed: 132 
Setting seed: 1834
Applying Algorithm forest.splitbias.oob ...
Generating problem taski ...
Result:
List of 3
 $ idi   : int 3949
 $ lrn   : chr [1:3] "randomForest" "oob" ""
 $ result: Named num [1:5] 0.675 0.324 0.429 0.325 0.532
  ..- attr(*, "names")= chr [1:5] "ACC" "BER" "multiclass.brier" "MMCE" ...
NULL
Writing result file: /home/probst/Random_Forest/RFSplitbias/results/Splitbias-files/jobs/34/1834-result.RData
########## Executing jid=1835 ##########
Timestamp: 2016-04-28 14:27:27
Experiment: 
  Problem: taski 
  Problem parameters: idi=9897, learner=, teststat=, testtype= 
  Algorithm: forest.splitbias.oob 
  Algorithm parameters:  
  Replication: 2 
  Seed: 1835 
  Problem seed: 124 
Setting seed: 1835
Applying Algorithm forest.splitbias.oob ...
Generating problem taski ...
Result:
List of 3
 $ idi   : int 9897
 $ lrn   : chr [1:3] "randomForest" "oob" ""
 $ result: Named num [1:5] 0.66 0.446 0.49 0.34 0.775
  ..- attr(*, "names")= chr [1:5] "ACC" "BER" "multiclass.brier" "MMCE" ...
NULL
Writing result file: /home/probst/Random_Forest/RFSplitbias/results/Splitbias-files/jobs/35/1835-result.RData
########## Executing jid=1836 ##########
Timestamp: 2016-04-28 14:27:27
Experiment: 
  Problem: taski 
  Problem parameters: idi=9897, learner=, teststat=, testtype= 
  Algorithm: forest.splitbias.oob 
  Algorithm parameters:  
  Replication: 3 
  Seed: 1836 
  Problem seed: 125 
Setting seed: 1836
Applying Algorithm forest.splitbias.oob ...
Generating problem taski ...
Result:
List of 3
 $ idi   : int 9897
 $ lrn   : chr [1:3] "randomForest" "oob" ""
 $ result: Named num [1:5] 0.67 0.428 0.493 0.33 0.749
  ..- attr(*, "names")= chr [1:5] "ACC" "BER" "multiclass.brier" "MMCE" ...
NULL
Writing result file: /home/probst/Random_Forest/RFSplitbias/results/Splitbias-files/jobs/36/1836-result.RData
########## Executing jid=1837 ##########
Timestamp: 2016-04-28 14:27:28
Experiment: 
  Problem: taski 
  Problem parameters: idi=9897, learner=, teststat=, testtype= 
  Algorithm: forest.splitbias.oob 
  Algorithm parameters:  
  Replication: 4 
  Seed: 1837 
  Problem seed: 126 
Setting seed: 1837
Applying Algorithm forest.splitbias.oob ...
Generating problem taski ...
Result:
List of 3
 $ idi   : int 9897
 $ lrn   : chr [1:3] "randomForest" "oob" ""
 $ result: Named num [1:5] 0.66 0.445 0.494 0.34 0.755
  ..- attr(*, "names")= chr [1:5] "ACC" "BER" "multiclass.brier" "MMCE" ...
NULL
Writing result file: /home/probst/Random_Forest/RFSplitbias/results/Splitbias-files/jobs/37/1837-result.RData
########## Executing jid=1838 ##########
Timestamp: 2016-04-28 14:27:29
Experiment: 
  Problem: taski 
  Problem parameters: idi=9897, learner=, teststat=, testtype= 
  Algorithm: forest.splitbias.oob 
  Algorithm parameters:  
  Replication: 5 
  Seed: 1838 
  Problem seed: 127 
Setting seed: 1838
Applying Algorithm forest.splitbias.oob ...
Generating problem taski ...
Result:
List of 3
 $ idi   : int 9897
 $ lrn   : chr [1:3] "randomForest" "oob" ""
 $ result: Named num [1:5] 0.679 0.429 0.49 0.321 0.769
  ..- attr(*, "names")= chr [1:5] "ACC" "BER" "multiclass.brier" "MMCE" ...
NULL
Writing result file: /home/probst/Random_Forest/RFSplitbias/results/Splitbias-files/jobs/38/1838-result.RData
########## Executing jid=1839 ##########
Timestamp: 2016-04-28 14:27:29
Experiment: 
  Problem: taski 
  Problem parameters: idi=9897, learner=, teststat=, testtype= 
  Algorithm: forest.splitbias.oob 
  Algorithm parameters:  
  Replication: 6 
  Seed: 1839 
  Problem seed: 128 
Setting seed: 1839
Applying Algorithm forest.splitbias.oob ...
Generating problem taski ...
Result:
List of 3
 $ idi   : int 9897
 $ lrn   : chr [1:3] "randomForest" "oob" ""
 $ result: Named num [1:5] 0.66 0.439 0.49 0.34 0.765
  ..- attr(*, "names")= chr [1:5] "ACC" "BER" "multiclass.brier" "MMCE" ...
NULL
Writing result file: /home/probst/Random_Forest/RFSplitbias/results/Splitbias-files/jobs/39/1839-result.RData
########## Executing jid=1840 ##########
Timestamp: 2016-04-28 14:27:30
Experiment: 
  Problem: taski 
  Problem parameters: idi=9897, learner=, teststat=, testtype= 
  Algorithm: forest.splitbias.oob 
  Algorithm parameters:  
  Replication: 7 
  Seed: 1840 
  Problem seed: 129 
Setting seed: 1840
Applying Algorithm forest.splitbias.oob ...
Generating problem taski ...
Result:
List of 3
 $ idi   : int 9897
 $ lrn   : chr [1:3] "randomForest" "oob" ""
 $ result: Named num [1:5] 0.679 0.422 0.49 0.321 0.754
  ..- attr(*, "names")= chr [1:5] "ACC" "BER" "multiclass.brier" "MMCE" ...
NULL
Writing result file: /home/probst/Random_Forest/RFSplitbias/results/Splitbias-files/jobs/40/1840-result.RData
########## Executing jid=1841 ##########
Timestamp: 2016-04-28 14:27:30
Experiment: 
  Problem: taski 
  Problem parameters: idi=9897, learner=, teststat=, testtype= 
  Algorithm: forest.splitbias.oob 
  Algorithm parameters:  
  Replication: 8 
  Seed: 1841 
  Problem seed: 130 
Setting seed: 1841
Applying Algorithm forest.splitbias.oob ...
Generating problem taski ...
Result:
List of 3
 $ idi   : int 9897
 $ lrn   : chr [1:3] "randomForest" "oob" ""
 $ result: Named num [1:5] 0.698 0.4 0.497 0.302 0.76
  ..- attr(*, "names")= chr [1:5] "ACC" "BER" "multiclass.brier" "MMCE" ...
NULL
Writing result file: /home/probst/Random_Forest/RFSplitbias/results/Splitbias-files/jobs/41/1841-result.RData
########## Executing jid=1842 ##########
Timestamp: 2016-04-28 14:27:31
Experiment: 
  Problem: taski 
  Problem parameters: idi=9897, learner=, teststat=, testtype= 
  Algorithm: forest.splitbias.oob 
  Algorithm parameters:  
  Replication: 9 
  Seed: 1842 
  Problem seed: 131 
Setting seed: 1842
Applying Algorithm forest.splitbias.oob ...
Generating problem taski ...
Result:
List of 3
 $ idi   : int 9897
 $ lrn   : chr [1:3] "randomForest" "oob" ""
 $ result: Named num [1:5] 0.66 0.458 0.486 0.34 0.767
  ..- attr(*, "names")= chr [1:5] "ACC" "BER" "multiclass.brier" "MMCE" ...
NULL
Writing result file: /home/probst/Random_Forest/RFSplitbias/results/Splitbias-files/jobs/42/1842-result.RData
########## Executing jid=1843 ##########
Timestamp: 2016-04-28 14:27:31
Experiment: 
  Problem: taski 
  Problem parameters: idi=9897, learner=, teststat=, testtype= 
  Algorithm: forest.splitbias.oob 
  Algorithm parameters:  
  Replication: 10 
  Seed: 1843 
  Problem seed: 132 
Setting seed: 1843
Applying Algorithm forest.splitbias.oob ...
Generating problem taski ...
Result:
List of 3
 $ idi   : int 9897
 $ lrn   : chr [1:3] "randomForest" "oob" ""
 $ result: Named num [1:5] 0.689 0.417 0.491 0.311 0.753
  ..- attr(*, "names")= chr [1:5] "ACC" "BER" "multiclass.brier" "MMCE" ...
NULL
Writing result file: /home/probst/Random_Forest/RFSplitbias/results/Splitbias-files/jobs/43/1843-result.RData
########## Executing jid=1844 ##########
Timestamp: 2016-04-28 14:27:32
Experiment: 
  Problem: taski 
  Problem parameters: idi=3912, learner=, teststat=, testtype= 
  Algorithm: forest.splitbias.oob 
  Algorithm parameters:  
  Replication: 2 
  Seed: 1844 
  Problem seed: 124 
Setting seed: 1844
Applying Algorithm forest.splitbias.oob ...
Generating problem taski ...
Result:
List of 3
 $ idi   : int 3912
 $ lrn   : chr [1:3] "randomForest" "oob" ""
 $ result: Named num [1:5] 0.806 0.304 0.23 0.194 0.866
  ..- attr(*, "names")= chr [1:5] "ACC" "BER" "multiclass.brier" "MMCE" ...
NULL
Writing result file: /home/probst/Random_Forest/RFSplitbias/results/Splitbias-files/jobs/44/1844-result.RData
########## Executing jid=1845 ##########
Timestamp: 2016-04-28 14:27:32
Experiment: 
  Problem: taski 
  Problem parameters: idi=3912, learner=, teststat=, testtype= 
  Algorithm: forest.splitbias.oob 
  Algorithm parameters:  
  Replication: 3 
  Seed: 1845 
  Problem seed: 125 
Setting seed: 1845
Applying Algorithm forest.splitbias.oob ...
Generating problem taski ...
Result:
List of 3
 $ idi   : int 3912
 $ lrn   : chr [1:3] "randomForest" "oob" ""
 $ result: Named num [1:5] 0.806 0.259 0.227 0.194 0.879
  ..- attr(*, "names")= chr [1:5] "ACC" "BER" "multiclass.brier" "MMCE" ...
NULL
Writing result file: /home/probst/Random_Forest/RFSplitbias/results/Splitbias-files/jobs/45/1845-result.RData
########## Executing jid=1846 ##########
Timestamp: 2016-04-28 14:27:33
Experiment: 
  Problem: taski 
  Problem parameters: idi=3912, learner=, teststat=, testtype= 
  Algorithm: forest.splitbias.oob 
  Algorithm parameters:  
  Replication: 4 
  Seed: 1846 
  Problem seed: 126 
Setting seed: 1846
Applying Algorithm forest.splitbias.oob ...
Generating problem taski ...
Result:
List of 3
 $ idi   : int 3912
 $ lrn   : chr [1:3] "randomForest" "oob" ""
 $ result: Named num [1:5] 0.833 0.286 0.227 0.167 0.866
  ..- attr(*, "names")= chr [1:5] "ACC" "BER" "multiclass.brier" "MMCE" ...
NULL
Writing result file: /home/probst/Random_Forest/RFSplitbias/results/Splitbias-files/jobs/46/1846-result.RData
########## Executing jid=1847 ##########
Timestamp: 2016-04-28 14:27:33
Experiment: 
  Problem: taski 
  Problem parameters: idi=3912, learner=, teststat=, testtype= 
  Algorithm: forest.splitbias.oob 
  Algorithm parameters:  
  Replication: 5 
  Seed: 1847 
  Problem seed: 127 
Setting seed: 1847
Applying Algorithm forest.splitbias.oob ...
Generating problem taski ...
Result:
List of 3
 $ idi   : int 3912
 $ lrn   : chr [1:3] "randomForest" "oob" ""
 $ result: Named num [1:5] 0.861 0.223 0.231 0.139 0.871
  ..- attr(*, "names")= chr [1:5] "ACC" "BER" "multiclass.brier" "MMCE" ...
NULL
Writing result file: /home/probst/Random_Forest/RFSplitbias/results/Splitbias-files/jobs/47/1847-result.RData
########## Executing jid=1848 ##########
Timestamp: 2016-04-28 14:27:34
Experiment: 
  Problem: taski 
  Problem parameters: idi=3912, learner=, teststat=, testtype= 
  Algorithm: forest.splitbias.oob 
  Algorithm parameters:  
  Replication: 6 
  Seed: 1848 
  Problem seed: 128 
Setting seed: 1848
Applying Algorithm forest.splitbias.oob ...
Generating problem taski ...
Result:
List of 3
 $ idi   : int 3912
 $ lrn   : chr [1:3] "randomForest" "oob" ""
 $ result: Named num [1:5] 0.861 0.223 0.235 0.139 0.862
  ..- attr(*, "names")= chr [1:5] "ACC" "BER" "multiclass.brier" "MMCE" ...
NULL
Writing result file: /home/probst/Random_Forest/RFSplitbias/results/Splitbias-files/jobs/48/1848-result.RData
########## Executing jid=1849 ##########
Timestamp: 2016-04-28 14:27:35
Experiment: 
  Problem: taski 
  Problem parameters: idi=3912, learner=, teststat=, testtype= 
  Algorithm: forest.splitbias.oob 
  Algorithm parameters:  
  Replication: 7 
  Seed: 1849 
  Problem seed: 129 
Setting seed: 1849
Applying Algorithm forest.splitbias.oob ...
Generating problem taski ...
Result:
List of 3
 $ idi   : int 3912
 $ lrn   : chr [1:3] "randomForest" "oob" ""
 $ result: Named num [1:5] 0.833 0.241 0.23 0.167 0.866
  ..- attr(*, "names")= chr [1:5] "ACC" "BER" "multiclass.brier" "MMCE" ...
NULL
Writing result file: /home/probst/Random_Forest/RFSplitbias/results/Splitbias-files/jobs/49/1849-result.RData
########## Executing jid=1850 ##########
Timestamp: 2016-04-28 14:27:35
Experiment: 
  Problem: taski 
  Problem parameters: idi=3912, learner=, teststat=, testtype= 
  Algorithm: forest.splitbias.oob 
  Algorithm parameters:  
  Replication: 8 
  Seed: 1850 
  Problem seed: 130 
Setting seed: 1850
Applying Algorithm forest.splitbias.oob ...
Generating problem taski ...
Result:
List of 3
 $ idi   : int 3912
 $ lrn   : chr [1:3] "randomForest" "oob" ""
 $ result: Named num [1:5] 0.806 0.259 0.239 0.194 0.866
  ..- attr(*, "names")= chr [1:5] "ACC" "BER" "multiclass.brier" "MMCE" ...
NULL
Writing result file: /home/probst/Random_Forest/RFSplitbias/results/Splitbias-files/jobs/50/1850-result.RData
########## Executing jid=1851 ##########
Timestamp: 2016-04-28 14:27:36
Experiment: 
  Problem: taski 
  Problem parameters: idi=3912, learner=, teststat=, testtype= 
  Algorithm: forest.splitbias.oob 
  Algorithm parameters:  
  Replication: 9 
  Seed: 1851 
  Problem seed: 131 
Setting seed: 1851
Applying Algorithm forest.splitbias.oob ...
Generating problem taski ...
Result:
List of 3
 $ idi   : int 3912
 $ lrn   : chr [1:3] "randomForest" "oob" ""
 $ result: Named num [1:5] 0.806 0.259 0.239 0.194 0.871
  ..- attr(*, "names")= chr [1:5] "ACC" "BER" "multiclass.brier" "MMCE" ...
NULL
Writing result file: /home/probst/Random_Forest/RFSplitbias/results/Splitbias-files/jobs/51/1851-result.RData
########## Executing jid=1852 ##########
Timestamp: 2016-04-28 14:27:36
Experiment: 
  Problem: taski 
  Problem parameters: idi=3912, learner=, teststat=, testtype= 
  Algorithm: forest.splitbias.oob 
  Algorithm parameters:  
  Replication: 10 
  Seed: 1852 
  Problem seed: 132 
Setting seed: 1852
Applying Algorithm forest.splitbias.oob ...
Generating problem taski ...
Result:
List of 3
 $ idi   : int 3912
 $ lrn   : chr [1:3] "randomForest" "oob" ""
 $ result: Named num [1:5] 0.861 0.223 0.229 0.139 0.875
  ..- attr(*, "names")= chr [1:5] "ACC" "BER" "multiclass.brier" "MMCE" ...
NULL
Writing result file: /home/probst/Random_Forest/RFSplitbias/results/Splitbias-files/jobs/52/1852-result.RData
########## Executing jid=1853 ##########
Timestamp: 2016-04-28 14:27:36
Experiment: 
  Problem: taski 
  Problem parameters: idi=3585, learner=, teststat=, testtype= 
  Algorithm: forest.splitbias.oob 
  Algorithm parameters:  
  Replication: 2 
  Seed: 1853 
  Problem seed: 124 
Setting seed: 1853
Applying Algorithm forest.splitbias.oob ...
Generating problem taski ...
Result:
List of 3
 $ idi   : int 3585
 $ lrn   : chr [1:3] "randomForest" "oob" ""
 $ result: Named num [1:5] 0.752 0.332 0.352 0.248 0.836
  ..- attr(*, "names")= chr [1:5] "ACC" "BER" "multiclass.brier" "MMCE" ...
NULL
Writing result file: /home/probst/Random_Forest/RFSplitbias/results/Splitbias-files/jobs/53/1853-result.RData
########## Executing jid=1854 ##########
Timestamp: 2016-04-28 14:27:37
Experiment: 
  Problem: taski 
  Problem parameters: idi=3585, learner=, teststat=, testtype= 
  Algorithm: forest.splitbias.oob 
  Algorithm parameters:  
  Replication: 3 
  Seed: 1854 
  Problem seed: 125 
Setting seed: 1854
Applying Algorithm forest.splitbias.oob ...
Generating problem taski ...
Result:
List of 3
 $ idi   : int 3585
 $ lrn   : chr [1:3] "randomForest" "oob" ""
 $ result: Named num [1:5] 0.73 0.367 0.35 0.27 0.851
  ..- attr(*, "names")= chr [1:5] "ACC" "BER" "multiclass.brier" "MMCE" ...
NULL
Writing result file: /home/probst/Random_Forest/RFSplitbias/results/Splitbias-files/jobs/54/1854-result.RData
########## Executing jid=1855 ##########
Timestamp: 2016-04-28 14:27:38
Experiment: 
  Problem: taski 
  Problem parameters: idi=3585, learner=, teststat=, testtype= 
  Algorithm: forest.splitbias.oob 
  Algorithm parameters:  
  Replication: 4 
  Seed: 1855 
  Problem seed: 126 
Setting seed: 1855
Applying Algorithm forest.splitbias.oob ...
Generating problem taski ...
Result:
List of 3
 $ idi   : int 3585
 $ lrn   : chr [1:3] "randomForest" "oob" ""
 $ result: Named num [1:5] 0.745 0.338 0.355 0.255 0.827
  ..- attr(*, "names")= chr [1:5] "ACC" "BER" "multiclass.brier" "MMCE" ...
NULL
Writing result file: /home/probst/Random_Forest/RFSplitbias/results/Splitbias-files/jobs/55/1855-result.RData
########## Executing jid=1856 ##########
Timestamp: 2016-04-28 14:27:38
Experiment: 
  Problem: taski 
  Problem parameters: idi=3585, learner=, teststat=, testtype= 
  Algorithm: forest.splitbias.oob 
  Algorithm parameters:  
  Replication: 5 
  Seed: 1856 
  Problem seed: 127 
Setting seed: 1856
Applying Algorithm forest.splitbias.oob ...
Generating problem taski ...
Result:
List of 3
 $ idi   : int 3585
 $ lrn   : chr [1:3] "randomForest" "oob" ""
 $ result: Named num [1:5] 0.752 0.332 0.349 0.248 0.823
  ..- attr(*, "names")= chr [1:5] "ACC" "BER" "multiclass.brier" "MMCE" ...
NULL
Writing result file: /home/probst/Random_Forest/RFSplitbias/results/Splitbias-files/jobs/56/1856-result.RData
########## Executing jid=1857 ##########
Timestamp: 2016-04-28 14:27:39
Experiment: 
  Problem: taski 
  Problem parameters: idi=3585, learner=, teststat=, testtype= 
  Algorithm: forest.splitbias.oob 
  Algorithm parameters:  
  Replication: 6 
  Seed: 1857 
  Problem seed: 128 
Setting seed: 1857
Applying Algorithm forest.splitbias.oob ...
Generating problem taski ...
Result:
List of 3
 $ idi   : int 3585
 $ lrn   : chr [1:3] "randomForest" "oob" ""
 $ result: Named num [1:5] 0.752 0.332 0.35 0.248 0.837
  ..- attr(*, "names")= chr [1:5] "ACC" "BER" "multiclass.brier" "MMCE" ...
NULL
Writing result file: /home/probst/Random_Forest/RFSplitbias/results/Splitbias-files/jobs/57/1857-result.RData
########## Executing jid=1858 ##########
Timestamp: 2016-04-28 14:27:39
Experiment: 
  Problem: taski 
  Problem parameters: idi=3585, learner=, teststat=, testtype= 
  Algorithm: forest.splitbias.oob 
  Algorithm parameters:  
  Replication: 7 
  Seed: 1858 
  Problem seed: 129 
Setting seed: 1858
Applying Algorithm forest.splitbias.oob ...
Generating problem taski ...
Result:
List of 3
 $ idi   : int 3585
 $ lrn   : chr [1:3] "randomForest" "oob" ""
 $ result: Named num [1:5] 0.759 0.327 0.343 0.241 0.83
  ..- attr(*, "names")= chr [1:5] "ACC" "BER" "multiclass.brier" "MMCE" ...
NULL
Writing result file: /home/probst/Random_Forest/RFSplitbias/results/Splitbias-files/jobs/58/1858-result.RData
########## Executing jid=1859 ##########
Timestamp: 2016-04-28 14:27:40
Experiment: 
  Problem: taski 
  Problem parameters: idi=3585, learner=, teststat=, testtype= 
  Algorithm: forest.splitbias.oob 
  Algorithm parameters:  
  Replication: 8 
  Seed: 1859 
  Problem seed: 130 
Setting seed: 1859
Applying Algorithm forest.splitbias.oob ...
Generating problem taski ...
Result:
List of 3
 $ idi   : int 3585
 $ lrn   : chr [1:3] "randomForest" "oob" ""
 $ result: Named num [1:5] 0.745 0.344 0.348 0.255 0.841
  ..- attr(*, "names")= chr [1:5] "ACC" "BER" "multiclass.brier" "MMCE" ...
NULL
Writing result file: /home/probst/Random_Forest/RFSplitbias/results/Splitbias-files/jobs/59/1859-result.RData
########## Executing jid=1860 ##########
Timestamp: 2016-04-28 14:27:40
Experiment: 
  Problem: taski 
  Problem parameters: idi=3585, learner=, teststat=, testtype= 
  Algorithm: forest.splitbias.oob 
  Algorithm parameters:  
  Replication: 9 
  Seed: 1860 
  Problem seed: 131 
Setting seed: 1860
Applying Algorithm forest.splitbias.oob ...
Generating problem taski ...
Result:
List of 3
 $ idi   : int 3585
 $ lrn   : chr [1:3] "randomForest" "oob" ""
 $ result: Named num [1:5] 0.759 0.321 0.347 0.241 0.845
  ..- attr(*, "names")= chr [1:5] "ACC" "BER" "multiclass.brier" "MMCE" ...
NULL
Writing result file: /home/probst/Random_Forest/RFSplitbias/results/Splitbias-files/jobs/60/1860-result.RData
########## Executing jid=1861 ##########
Timestamp: 2016-04-28 14:27:41
Experiment: 
  Problem: taski 
  Problem parameters: idi=3585, learner=, teststat=, testtype= 
  Algorithm: forest.splitbias.oob 
  Algorithm parameters:  
  Replication: 10 
  Seed: 1861 
  Problem seed: 132 
Setting seed: 1861
Applying Algorithm forest.splitbias.oob ...
Generating problem taski ...
Result:
List of 3
 $ idi   : int 3585
 $ lrn   : chr [1:3] "randomForest" "oob" ""
 $ result: Named num [1:5] 0.766 0.315 0.352 0.234 0.83
  ..- attr(*, "names")= chr [1:5] "ACC" "BER" "multiclass.brier" "MMCE" ...
NULL
Writing result file: /home/probst/Random_Forest/RFSplitbias/results/Splitbias-files/jobs/61/1861-result.RData
########## Executing jid=1862 ##########
Timestamp: 2016-04-28 14:27:41
Experiment: 
  Problem: taski 
  Problem parameters: idi=3724, learner=, teststat=, testtype= 
  Algorithm: forest.splitbias.oob 
  Algorithm parameters:  
  Replication: 2 
  Seed: 1862 
  Problem seed: 124 
Setting seed: 1862
Applying Algorithm forest.splitbias.oob ...
Generating problem taski ...
Result:
List of 3
 $ idi   : int 3724
 $ lrn   : chr [1:3] "randomForest" "oob" ""
 $ result: Named num [1:5] 0.847 0.152 0.251 0.153 0.516
  ..- attr(*, "names")= chr [1:5] "ACC" "BER" "multiclass.brier" "MMCE" ...
NULL
Writing result file: /home/probst/Random_Forest/RFSplitbias/results/Splitbias-files/jobs/62/1862-result.RData
########## Executing jid=1863 ##########
Timestamp: 2016-04-28 14:27:42
Experiment: 
  Problem: taski 
  Problem parameters: idi=3724, learner=, teststat=, testtype= 
  Algorithm: forest.splitbias.oob 
  Algorithm parameters:  
  Replication: 3 
  Seed: 1863 
  Problem seed: 125 
Setting seed: 1863
Applying Algorithm forest.splitbias.oob ...
Generating problem taski ...
Result:
List of 3
 $ idi   : int 3724
 $ lrn   : chr [1:3] "randomForest" "oob" ""
 $ result: Named num [1:5] 0.845 0.155 0.253 0.155 0.501
  ..- attr(*, "names")= chr [1:5] "ACC" "BER" "multiclass.brier" "MMCE" ...
NULL
Writing result file: /home/probst/Random_Forest/RFSplitbias/results/Splitbias-files/jobs/63/1863-result.RData
########## Executing jid=1864 ##########
Timestamp: 2016-04-28 14:27:43
Experiment: 
  Problem: taski 
  Problem parameters: idi=3724, learner=, teststat=, testtype= 
  Algorithm: forest.splitbias.oob 
  Algorithm parameters:  
  Replication: 4 
  Seed: 1864 
  Problem seed: 126 
Setting seed: 1864
Applying Algorithm forest.splitbias.oob ...
Generating problem taski ...
Result:
List of 3
 $ idi   : int 3724
 $ lrn   : chr [1:3] "randomForest" "oob" ""
 $ result: Named num [1:5] 0.845 0.155 0.253 0.155 0.529
  ..- attr(*, "names")= chr [1:5] "ACC" "BER" "multiclass.brier" "MMCE" ...
NULL
Writing result file: /home/probst/Random_Forest/RFSplitbias/results/Splitbias-files/jobs/64/1864-result.RData
########## Executing jid=1865 ##########
Timestamp: 2016-04-28 14:27:43
Experiment: 
  Problem: taski 
  Problem parameters: idi=3724, learner=, teststat=, testtype= 
  Algorithm: forest.splitbias.oob 
  Algorithm parameters:  
  Replication: 5 
  Seed: 1865 
  Problem seed: 127 
Setting seed: 1865
Applying Algorithm forest.splitbias.oob ...
Generating problem taski ...
Result:
List of 3
 $ idi   : int 3724
 $ lrn   : chr [1:3] "randomForest" "oob" ""
 $ result: Named num [1:5] 0.845 0.155 0.25 0.155 0.535
  ..- attr(*, "names")= chr [1:5] "ACC" "BER" "multiclass.brier" "MMCE" ...
NULL
Writing result file: /home/probst/Random_Forest/RFSplitbias/results/Splitbias-files/jobs/65/1865-result.RData
########## Executing jid=1866 ##########
Timestamp: 2016-04-28 14:27:44
Experiment: 
  Problem: taski 
  Problem parameters: idi=3724, learner=, teststat=, testtype= 
  Algorithm: forest.splitbias.oob 
  Algorithm parameters:  
  Replication: 6 
  Seed: 1866 
  Problem seed: 128 
Setting seed: 1866
Applying Algorithm forest.splitbias.oob ...
Generating problem taski ...
Result:
List of 3
 $ idi   : int 3724
 $ lrn   : chr [1:3] "randomForest" "oob" ""
 $ result: Named num [1:5] 0.839 0.16 0.253 0.161 0.521
  ..- attr(*, "names")= chr [1:5] "ACC" "BER" "multiclass.brier" "MMCE" ...
NULL
Writing result file: /home/probst/Random_Forest/RFSplitbias/results/Splitbias-files/jobs/66/1866-result.RData
########## Executing jid=1867 ##########
Timestamp: 2016-04-28 14:27:44
Experiment: 
  Problem: taski 
  Problem parameters: idi=3724, learner=, teststat=, testtype= 
  Algorithm: forest.splitbias.oob 
  Algorithm parameters:  
  Replication: 7 
  Seed: 1867 
  Problem seed: 129 
Setting seed: 1867
Applying Algorithm forest.splitbias.oob ...
Generating problem taski ...
Result:
List of 3
 $ idi   : int 3724
 $ lrn   : chr [1:3] "randomForest" "oob" ""
 $ result: Named num [1:5] 0.847 0.152 0.253 0.153 0.534
  ..- attr(*, "names")= chr [1:5] "ACC" "BER" "multiclass.brier" "MMCE" ...
NULL
Writing result file: /home/probst/Random_Forest/RFSplitbias/results/Splitbias-files/jobs/67/1867-result.RData
########## Executing jid=1868 ##########
Timestamp: 2016-04-28 14:27:45
Experiment: 
  Problem: taski 
  Problem parameters: idi=3724, learner=, teststat=, testtype= 
  Algorithm: forest.splitbias.oob 
  Algorithm parameters:  
  Replication: 8 
  Seed: 1868 
  Problem seed: 130 
Setting seed: 1868
Applying Algorithm forest.splitbias.oob ...
Generating problem taski ...
Result:
List of 3
 $ idi   : int 3724
 $ lrn   : chr [1:3] "randomForest" "oob" ""
 $ result: Named num [1:5] 0.845 0.155 0.253 0.155 0.521
  ..- attr(*, "names")= chr [1:5] "ACC" "BER" "multiclass.brier" "MMCE" ...
NULL
Writing result file: /home/probst/Random_Forest/RFSplitbias/results/Splitbias-files/jobs/68/1868-result.RData
########## Executing jid=1869 ##########
Timestamp: 2016-04-28 14:27:46
Experiment: 
  Problem: taski 
  Problem parameters: idi=3724, learner=, teststat=, testtype= 
  Algorithm: forest.splitbias.oob 
  Algorithm parameters:  
  Replication: 9 
  Seed: 1869 
  Problem seed: 131 
Setting seed: 1869
Applying Algorithm forest.splitbias.oob ...
Generating problem taski ...
Result:
List of 3
 $ idi   : int 3724
 $ lrn   : chr [1:3] "randomForest" "oob" ""
 $ result: Named num [1:5] 0.853 0.147 0.253 0.147 0.527
  ..- attr(*, "names")= chr [1:5] "ACC" "BER" "multiclass.brier" "MMCE" ...
NULL
Writing result file: /home/probst/Random_Forest/RFSplitbias/results/Splitbias-files/jobs/69/1869-result.RData
########## Executing jid=1870 ##########
Timestamp: 2016-04-28 14:27:46
Experiment: 
  Problem: taski 
  Problem parameters: idi=3724, learner=, teststat=, testtype= 
  Algorithm: forest.splitbias.oob 
  Algorithm parameters:  
  Replication: 10 
  Seed: 1870 
  Problem seed: 132 
Setting seed: 1870
Applying Algorithm forest.splitbias.oob ...
Generating problem taski ...
Result:
List of 3
 $ idi   : int 3724
 $ lrn   : chr [1:3] "randomForest" "oob" ""
 $ result: Named num [1:5] 0.847 0.152 0.251 0.153 0.501
  ..- attr(*, "names")= chr [1:5] "ACC" "BER" "multiclass.brier" "MMCE" ...
NULL
Writing result file: /home/probst/Random_Forest/RFSplitbias/results/Splitbias-files/jobs/70/1870-result.RData
########## Executing jid=1871 ##########
Timestamp: 2016-04-28 14:27:47
Experiment: 
  Problem: taski 
  Problem parameters: idi=3569, learner=, teststat=, testtype= 
  Algorithm: forest.splitbias.oob 
  Algorithm parameters:  
  Replication: 2 
  Seed: 1871 
  Problem seed: 124 
Setting seed: 1871
Applying Algorithm forest.splitbias.oob ...
Generating problem taski ...
Result:
List of 3
 $ idi   : int 3569
 $ lrn   : chr [1:3] "randomForest" "oob" ""
 $ result: Named num [1:5] 1 0 0.0443 0 0.7978
  ..- attr(*, "names")= chr [1:5] "ACC" "BER" "multiclass.brier" "MMCE" ...
NULL
Writing result file: /home/probst/Random_Forest/RFSplitbias/results/Splitbias-files/jobs/71/1871-result.RData
########## Executing jid=1872 ##########
Timestamp: 2016-04-28 14:27:47
Experiment: 
  Problem: taski 
  Problem parameters: idi=3569, learner=, teststat=, testtype= 
  Algorithm: forest.splitbias.oob 
  Algorithm parameters:  
  Replication: 3 
  Seed: 1872 
  Problem seed: 125 
Setting seed: 1872
Applying Algorithm forest.splitbias.oob ...
Generating problem taski ...
Result:
List of 3
 $ idi   : int 3569
 $ lrn   : chr [1:3] "randomForest" "oob" ""
 $ result: Named num [1:5] 1 0 0.0422 0 0.8247
  ..- attr(*, "names")= chr [1:5] "ACC" "BER" "multiclass.brier" "MMCE" ...
NULL
Writing result file: /home/probst/Random_Forest/RFSplitbias/results/Splitbias-files/jobs/72/1872-result.RData
########## Executing jid=1873 ##########
Timestamp: 2016-04-28 14:27:48
Experiment: 
  Problem: taski 
  Problem parameters: idi=3569, learner=, teststat=, testtype= 
  Algorithm: forest.splitbias.oob 
  Algorithm parameters:  
  Replication: 4 
  Seed: 1873 
  Problem seed: 126 
Setting seed: 1873
Applying Algorithm forest.splitbias.oob ...
Generating problem taski ...
Result:
List of 3
 $ idi   : int 3569
 $ lrn   : chr [1:3] "randomForest" "oob" ""
 $ result: Named num [1:5] 1 0 0.0437 0 0.8091
  ..- attr(*, "names")= chr [1:5] "ACC" "BER" "multiclass.brier" "MMCE" ...
NULL
Writing result file: /home/probst/Random_Forest/RFSplitbias/results/Splitbias-files/jobs/73/1873-result.RData
########## Executing jid=1874 ##########
Timestamp: 2016-04-28 14:27:49
Experiment: 
  Problem: taski 
  Problem parameters: idi=3569, learner=, teststat=, testtype= 
  Algorithm: forest.splitbias.oob 
  Algorithm parameters:  
  Replication: 5 
  Seed: 1874 
  Problem seed: 127 
Setting seed: 1874
Applying Algorithm forest.splitbias.oob ...
Generating problem taski ...
Result:
List of 3
 $ idi   : int 3569
 $ lrn   : chr [1:3] "randomForest" "oob" ""
 $ result: Named num [1:5] 1 0 0.0445 0 0.8345
  ..- attr(*, "names")= chr [1:5] "ACC" "BER" "multiclass.brier" "MMCE" ...
NULL
Writing result file: /home/probst/Random_Forest/RFSplitbias/results/Splitbias-files/jobs/74/1874-result.RData
########## Executing jid=1875 ##########
Timestamp: 2016-04-28 14:27:49
Experiment: 
  Problem: taski 
  Problem parameters: idi=3569, learner=, teststat=, testtype= 
  Algorithm: forest.splitbias.oob 
  Algorithm parameters:  
  Replication: 6 
  Seed: 1875 
  Problem seed: 128 
Setting seed: 1875
Applying Algorithm forest.splitbias.oob ...
Generating problem taski ...
Result:
List of 3
 $ idi   : int 3569
 $ lrn   : chr [1:3] "randomForest" "oob" ""
 $ result: Named num [1:5] 1 0 0.0398 0 0.8208
  ..- attr(*, "names")= chr [1:5] "ACC" "BER" "multiclass.brier" "MMCE" ...
NULL
Writing result file: /home/probst/Random_Forest/RFSplitbias/results/Splitbias-files/jobs/75/1875-result.RData
########## Executing jid=1876 ##########
Timestamp: 2016-04-28 14:27:50
Experiment: 
  Problem: taski 
  Problem parameters: idi=3569, learner=, teststat=, testtype= 
  Algorithm: forest.splitbias.oob 
  Algorithm parameters:  
  Replication: 7 
  Seed: 1876 
  Problem seed: 129 
Setting seed: 1876
Applying Algorithm forest.splitbias.oob ...
Generating problem taski ...
Result:
List of 3
 $ idi   : int 3569
 $ lrn   : chr [1:3] "randomForest" "oob" ""
 $ result: Named num [1:5] 1 0 0.0458 0 0.8058
  ..- attr(*, "names")= chr [1:5] "ACC" "BER" "multiclass.brier" "MMCE" ...
NULL
Writing result file: /home/probst/Random_Forest/RFSplitbias/results/Splitbias-files/jobs/76/1876-result.RData
########## Executing jid=1877 ##########
Timestamp: 2016-04-28 14:27:51
Experiment: 
  Problem: taski 
  Problem parameters: idi=3569, learner=, teststat=, testtype= 
  Algorithm: forest.splitbias.oob 
  Algorithm parameters:  
  Replication: 8 
  Seed: 1877 
  Problem seed: 130 
Setting seed: 1877
Applying Algorithm forest.splitbias.oob ...
Generating problem taski ...
Result:
List of 3
 $ idi   : int 3569
 $ lrn   : chr [1:3] "randomForest" "oob" ""
 $ result: Named num [1:5] 1 0 0.0416 0 0.8147
  ..- attr(*, "names")= chr [1:5] "ACC" "BER" "multiclass.brier" "MMCE" ...
NULL
Writing result file: /home/probst/Random_Forest/RFSplitbias/results/Splitbias-files/jobs/77/1877-result.RData
########## Executing jid=1878 ##########
Timestamp: 2016-04-28 14:27:51
Experiment: 
  Problem: taski 
  Problem parameters: idi=3569, learner=, teststat=, testtype= 
  Algorithm: forest.splitbias.oob 
  Algorithm parameters:  
  Replication: 9 
  Seed: 1878 
  Problem seed: 131 
Setting seed: 1878
Applying Algorithm forest.splitbias.oob ...
Generating problem taski ...
Result:
List of 3
 $ idi   : int 3569
 $ lrn   : chr [1:3] "randomForest" "oob" ""
 $ result: Named num [1:5] 1 0 0.0412 0 0.816
  ..- attr(*, "names")= chr [1:5] "ACC" "BER" "multiclass.brier" "MMCE" ...
NULL
Writing result file: /home/probst/Random_Forest/RFSplitbias/results/Splitbias-files/jobs/78/1878-result.RData
########## Executing jid=1879 ##########
Timestamp: 2016-04-28 14:27:52
Experiment: 
  Problem: taski 
  Problem parameters: idi=3569, learner=, teststat=, testtype= 
  Algorithm: forest.splitbias.oob 
  Algorithm parameters:  
  Replication: 10 
  Seed: 1879 
  Problem seed: 132 
Setting seed: 1879
Applying Algorithm forest.splitbias.oob ...
Generating problem taski ...
Result:
List of 3
 $ idi   : int 3569
 $ lrn   : chr [1:3] "randomForest" "oob" ""
 $ result: Named num [1:5] 1 0 0.0434 0 0.8282
  ..- attr(*, "names")= chr [1:5] "ACC" "BER" "multiclass.brier" "MMCE" ...
NULL
Writing result file: /home/probst/Random_Forest/RFSplitbias/results/Splitbias-files/jobs/79/1879-result.RData
########## Executing jid=1880 ##########
Timestamp: 2016-04-28 14:27:53
Experiment: 
  Problem: taski 
  Problem parameters: idi=3923, learner=, teststat=, testtype= 
  Algorithm: forest.splitbias.oob 
  Algorithm parameters:  
  Replication: 2 
  Seed: 1880 
  Problem seed: 124 
Setting seed: 1880
Applying Algorithm forest.splitbias.oob ...
Generating problem taski ...
Result:
List of 3
 $ idi   : int 3923
 $ lrn   : chr [1:3] "randomForest" "oob" ""
 $ result: Named num [1:5] 0.9077 0.4629 0.1689 0.0923 0.9962
  ..- attr(*, "names")= chr [1:5] "ACC" "BER" "multiclass.brier" "MMCE" ...
NULL
Writing result file: /home/probst/Random_Forest/RFSplitbias/results/Splitbias-files/jobs/80/1880-result.RData
########## Executing jid=1881 ##########
Timestamp: 2016-04-28 14:27:53
Experiment: 
  Problem: taski 
  Problem parameters: idi=3923, learner=, teststat=, testtype= 
  Algorithm: forest.splitbias.oob 
  Algorithm parameters:  
  Replication: 3 
  Seed: 1881 
  Problem seed: 125 
Setting seed: 1881
Applying Algorithm forest.splitbias.oob ...
Generating problem taski ...
Result:
List of 3
 $ idi   : int 3923
 $ lrn   : chr [1:3] "randomForest" "oob" ""
 $ result: Named num [1:5] 0.9 0.467 0.169 0.1 0.995
  ..- attr(*, "names")= chr [1:5] "ACC" "BER" "multiclass.brier" "MMCE" ...
NULL
Writing result file: /home/probst/Random_Forest/RFSplitbias/results/Splitbias-files/jobs/81/1881-result.RData
########## Executing jid=1882 ##########
Timestamp: 2016-04-28 14:27:54
Experiment: 
  Problem: taski 
  Problem parameters: idi=3923, learner=, teststat=, testtype= 
  Algorithm: forest.splitbias.oob 
  Algorithm parameters:  
  Replication: 4 
  Seed: 1882 
  Problem seed: 126 
Setting seed: 1882
Applying Algorithm forest.splitbias.oob ...
Generating problem taski ...
Result:
List of 3
 $ idi   : int 3923
 $ lrn   : chr [1:3] "randomForest" "oob" ""
 $ result: Named num [1:5] 0.892 0.471 0.17 0.108 0.995
  ..- attr(*, "names")= chr [1:5] "ACC" "BER" "multiclass.brier" "MMCE" ...
NULL
Writing result file: /home/probst/Random_Forest/RFSplitbias/results/Splitbias-files/jobs/82/1882-result.RData
########## Executing jid=1883 ##########
Timestamp: 2016-04-28 14:27:54
Experiment: 
  Problem: taski 
  Problem parameters: idi=3923, learner=, teststat=, testtype= 
  Algorithm: forest.splitbias.oob 
  Algorithm parameters:  
  Replication: 5 
  Seed: 1883 
  Problem seed: 127 
Setting seed: 1883
Applying Algorithm forest.splitbias.oob ...
Generating problem taski ...
Result:
List of 3
 $ idi   : int 3923
 $ lrn   : chr [1:3] "randomForest" "oob" ""
 $ result: Named num [1:5] 0.9 0.467 0.166 0.1 0.995
  ..- attr(*, "names")= chr [1:5] "ACC" "BER" "multiclass.brier" "MMCE" ...
NULL
Writing result file: /home/probst/Random_Forest/RFSplitbias/results/Splitbias-files/jobs/83/1883-result.RData
########## Executing jid=1884 ##########
Timestamp: 2016-04-28 14:27:55
Experiment: 
  Problem: taski 
  Problem parameters: idi=3923, learner=, teststat=, testtype= 
  Algorithm: forest.splitbias.oob 
  Algorithm parameters:  
  Replication: 6 
  Seed: 1884 
  Problem seed: 128 
Setting seed: 1884
Applying Algorithm forest.splitbias.oob ...
Generating problem taski ...
Result:
List of 3
 $ idi   : int 3923
 $ lrn   : chr [1:3] "randomForest" "oob" ""
 $ result: Named num [1:5] 0.9 0.467 0.166 0.1 0.996
  ..- attr(*, "names")= chr [1:5] "ACC" "BER" "multiclass.brier" "MMCE" ...
NULL
Writing result file: /home/probst/Random_Forest/RFSplitbias/results/Splitbias-files/jobs/84/1884-result.RData
########## Executing jid=1885 ##########
Timestamp: 2016-04-28 14:27:55
Experiment: 
  Problem: taski 
  Problem parameters: idi=3923, learner=, teststat=, testtype= 
  Algorithm: forest.splitbias.oob 
  Algorithm parameters:  
  Replication: 7 
  Seed: 1885 
  Problem seed: 129 
Setting seed: 1885
Applying Algorithm forest.splitbias.oob ...
Generating problem taski ...
Result:
List of 3
 $ idi   : int 3923
 $ lrn   : chr [1:3] "randomForest" "oob" ""
 $ result: Named num [1:5] 0.9077 0.4629 0.1669 0.0923 0.9954
  ..- attr(*, "names")= chr [1:5] "ACC" "BER" "multiclass.brier" "MMCE" ...
NULL
Writing result file: /home/probst/Random_Forest/RFSplitbias/results/Splitbias-files/jobs/85/1885-result.RData
########## Executing jid=1886 ##########
Timestamp: 2016-04-28 14:27:56
Experiment: 
  Problem: taski 
  Problem parameters: idi=3923, learner=, teststat=, testtype= 
  Algorithm: forest.splitbias.oob 
  Algorithm parameters:  
  Replication: 8 
  Seed: 1886 
  Problem seed: 130 
Setting seed: 1886
Applying Algorithm forest.splitbias.oob ...
Generating problem taski ...
Result:
List of 3
 $ idi   : int 3923
 $ lrn   : chr [1:3] "randomForest" "oob" ""
 $ result: Named num [1:5] 0.892 0.471 0.167 0.108 0.994
  ..- attr(*, "names")= chr [1:5] "ACC" "BER" "multiclass.brier" "MMCE" ...
NULL
Writing result file: /home/probst/Random_Forest/RFSplitbias/results/Splitbias-files/jobs/86/1886-result.RData
########## Executing jid=1887 ##########
Timestamp: 2016-04-28 14:27:56
Experiment: 
  Problem: taski 
  Problem parameters: idi=3923, learner=, teststat=, testtype= 
  Algorithm: forest.splitbias.oob 
  Algorithm parameters:  
  Replication: 9 
  Seed: 1887 
  Problem seed: 131 
Setting seed: 1887
Applying Algorithm forest.splitbias.oob ...
Generating problem taski ...
Result:
List of 3
 $ idi   : int 3923
 $ lrn   : chr [1:3] "randomForest" "oob" ""
 $ result: Named num [1:5] 0.9077 0.4629 0.1662 0.0923 0.9954
  ..- attr(*, "names")= chr [1:5] "ACC" "BER" "multiclass.brier" "MMCE" ...
NULL
Writing result file: /home/probst/Random_Forest/RFSplitbias/results/Splitbias-files/jobs/87/1887-result.RData
########## Executing jid=1888 ##########
Timestamp: 2016-04-28 14:27:57
Experiment: 
  Problem: taski 
  Problem parameters: idi=3923, learner=, teststat=, testtype= 
  Algorithm: forest.splitbias.oob 
  Algorithm parameters:  
  Replication: 10 
  Seed: 1888 
  Problem seed: 132 
Setting seed: 1888
Applying Algorithm forest.splitbias.oob ...
Generating problem taski ...
Result:
List of 3
 $ idi   : int 3923
 $ lrn   : chr [1:3] "randomForest" "oob" ""
 $ result: Named num [1:5] 0.892 0.471 0.167 0.108 0.996
  ..- attr(*, "names")= chr [1:5] "ACC" "BER" "multiclass.brier" "MMCE" ...
NULL
Writing result file: /home/probst/Random_Forest/RFSplitbias/results/Splitbias-files/jobs/88/1888-result.RData
########## Executing jid=1889 ##########
Timestamp: 2016-04-28 14:27:57
Experiment: 
  Problem: taski 
  Problem parameters: idi=42, learner=, teststat=, testtype= 
  Algorithm: forest.splitbias.oob 
  Algorithm parameters:  
  Replication: 2 
  Seed: 1889 
  Problem seed: 124 
Setting seed: 1889
Applying Algorithm forest.splitbias.oob ...
Generating problem taski ...
Result:
List of 3
 $ idi   : int 42
 $ lrn   : chr [1:3] "randomForest" "oob" ""
 $ result: Named num [1:5] 0.742 0.405 0.375 0.258 0.92
  ..- attr(*, "names")= chr [1:5] "ACC" "BER" "multiclass.brier" "MMCE" ...
NULL
Writing result file: /home/probst/Random_Forest/RFSplitbias/results/Splitbias-files/jobs/89/1889-result.RData
########## Executing jid=1890 ##########
Timestamp: 2016-04-28 14:27:58
Experiment: 
  Problem: taski 
  Problem parameters: idi=42, learner=, teststat=, testtype= 
  Algorithm: forest.splitbias.oob 
  Algorithm parameters:  
  Replication: 3 
  Seed: 1890 
  Problem seed: 125 
Setting seed: 1890
Applying Algorithm forest.splitbias.oob ...
Generating problem taski ...
Result:
List of 3
 $ idi   : int 42
 $ lrn   : chr [1:3] "randomForest" "oob" ""
 $ result: Named num [1:5] 0.748 0.4 0.38 0.252 0.933
  ..- attr(*, "names")= chr [1:5] "ACC" "BER" "multiclass.brier" "MMCE" ...
NULL
Writing result file: /home/probst/Random_Forest/RFSplitbias/results/Splitbias-files/jobs/90/1890-result.RData
########## Executing jid=1891 ##########
Timestamp: 2016-04-28 14:27:59
Experiment: 
  Problem: taski 
  Problem parameters: idi=42, learner=, teststat=, testtype= 
  Algorithm: forest.splitbias.oob 
  Algorithm parameters:  
  Replication: 4 
  Seed: 1891 
  Problem seed: 126 
Setting seed: 1891
Applying Algorithm forest.splitbias.oob ...
Generating problem taski ...
Result:
List of 3
 $ idi   : int 42
 $ lrn   : chr [1:3] "randomForest" "oob" ""
 $ result: Named num [1:5] 0.742 0.413 0.38 0.258 0.927
  ..- attr(*, "names")= chr [1:5] "ACC" "BER" "multiclass.brier" "MMCE" ...
NULL
Writing result file: /home/probst/Random_Forest/RFSplitbias/results/Splitbias-files/jobs/91/1891-result.RData
########## Executing jid=1892 ##########
Timestamp: 2016-04-28 14:27:59
Experiment: 
  Problem: taski 
  Problem parameters: idi=42, learner=, teststat=, testtype= 
  Algorithm: forest.splitbias.oob 
  Algorithm parameters:  
  Replication: 5 
  Seed: 1892 
  Problem seed: 127 
Setting seed: 1892
Applying Algorithm forest.splitbias.oob ...
Generating problem taski ...
Result:
List of 3
 $ idi   : int 42
 $ lrn   : chr [1:3] "randomForest" "oob" ""
 $ result: Named num [1:5] 0.745 0.399 0.378 0.255 0.924
  ..- attr(*, "names")= chr [1:5] "ACC" "BER" "multiclass.brier" "MMCE" ...
NULL
Writing result file: /home/probst/Random_Forest/RFSplitbias/results/Splitbias-files/jobs/92/1892-result.RData
########## Executing jid=1893 ##########
Timestamp: 2016-04-28 14:28:00
Experiment: 
  Problem: taski 
  Problem parameters: idi=42, learner=, teststat=, testtype= 
  Algorithm: forest.splitbias.oob 
  Algorithm parameters:  
  Replication: 6 
  Seed: 1893 
  Problem seed: 128 
Setting seed: 1893
Applying Algorithm forest.splitbias.oob ...
Generating problem taski ...
Result:
List of 3
 $ idi   : int 42
 $ lrn   : chr [1:3] "randomForest" "oob" ""
 $ result: Named num [1:5] 0.742 0.409 0.379 0.258 0.927
  ..- attr(*, "names")= chr [1:5] "ACC" "BER" "multiclass.brier" "MMCE" ...
NULL
Writing result file: /home/probst/Random_Forest/RFSplitbias/results/Splitbias-files/jobs/93/1893-result.RData
########## Executing jid=1894 ##########
Timestamp: 2016-04-28 14:28:00
Experiment: 
  Problem: taski 
  Problem parameters: idi=42, learner=, teststat=, testtype= 
  Algorithm: forest.splitbias.oob 
  Algorithm parameters:  
  Replication: 7 
  Seed: 1894 
  Problem seed: 129 
Setting seed: 1894
Applying Algorithm forest.splitbias.oob ...
Generating problem taski ...
Result:
List of 3
 $ idi   : int 42
 $ lrn   : chr [1:3] "randomForest" "oob" ""
 $ result: Named num [1:5] 0.752 0.394 0.376 0.248 0.924
  ..- attr(*, "names")= chr [1:5] "ACC" "BER" "multiclass.brier" "MMCE" ...
NULL
Writing result file: /home/probst/Random_Forest/RFSplitbias/results/Splitbias-files/jobs/94/1894-result.RData
########## Executing jid=1895 ##########
Timestamp: 2016-04-28 14:28:01
Experiment: 
  Problem: taski 
  Problem parameters: idi=42, learner=, teststat=, testtype= 
  Algorithm: forest.splitbias.oob 
  Algorithm parameters:  
  Replication: 8 
  Seed: 1895 
  Problem seed: 130 
Setting seed: 1895
Applying Algorithm forest.splitbias.oob ...
Generating problem taski ...
Result:
List of 3
 $ idi   : int 42
 $ lrn   : chr [1:3] "randomForest" "oob" ""
 $ result: Named num [1:5] 0.745 0.399 0.377 0.255 0.928
  ..- attr(*, "names")= chr [1:5] "ACC" "BER" "multiclass.brier" "MMCE" ...
NULL
Writing result file: /home/probst/Random_Forest/RFSplitbias/results/Splitbias-files/jobs/95/1895-result.RData
########## Executing jid=1896 ##########
Timestamp: 2016-04-28 14:28:02
Experiment: 
  Problem: taski 
  Problem parameters: idi=42, learner=, teststat=, testtype= 
  Algorithm: forest.splitbias.oob 
  Algorithm parameters:  
  Replication: 9 
  Seed: 1896 
  Problem seed: 131 
Setting seed: 1896
Applying Algorithm forest.splitbias.oob ...
Generating problem taski ...
Result:
List of 3
 $ idi   : int 42
 $ lrn   : chr [1:3] "randomForest" "oob" ""
 $ result: Named num [1:5] 0.748 0.4 0.377 0.252 0.927
  ..- attr(*, "names")= chr [1:5] "ACC" "BER" "multiclass.brier" "MMCE" ...
NULL
Writing result file: /home/probst/Random_Forest/RFSplitbias/results/Splitbias-files/jobs/96/1896-result.RData
########## Executing jid=1897 ##########
Timestamp: 2016-04-28 14:28:02
Experiment: 
  Problem: taski 
  Problem parameters: idi=42, learner=, teststat=, testtype= 
  Algorithm: forest.splitbias.oob 
  Algorithm parameters:  
  Replication: 10 
  Seed: 1897 
  Problem seed: 132 
Setting seed: 1897
Applying Algorithm forest.splitbias.oob ...
Generating problem taski ...
Result:
List of 3
 $ idi   : int 42
 $ lrn   : chr [1:3] "randomForest" "oob" ""
 $ result: Named num [1:5] 0.745 0.402 0.379 0.255 0.929
  ..- attr(*, "names")= chr [1:5] "ACC" "BER" "multiclass.brier" "MMCE" ...
NULL
Writing result file: /home/probst/Random_Forest/RFSplitbias/results/Splitbias-files/jobs/97/1897-result.RData
########## Executing jid=1898 ##########
Timestamp: 2016-04-28 14:28:03
Experiment: 
  Problem: taski 
  Problem parameters: idi=3542, learner=, teststat=, testtype= 
  Algorithm: forest.splitbias.oob 
  Algorithm parameters:  
  Replication: 2 
  Seed: 1898 
  Problem seed: 124 
Setting seed: 1898
Applying Algorithm forest.splitbias.oob ...
Generating problem taski ...
Result:
List of 3
 $ idi   : int 3542
 $ lrn   : chr [1:3] "randomForest" "oob" ""
 $ result: Named num [1:5] 0.9848 0.0567 0.0281 0.0152 0.9648
  ..- attr(*, "names")= chr [1:5] "ACC" "BER" "multiclass.brier" "MMCE" ...
NULL
Writing result file: /home/probst/Random_Forest/RFSplitbias/results/Splitbias-files/jobs/98/1898-result.RData
########## Executing jid=1899 ##########
Timestamp: 2016-04-28 14:28:04
Experiment: 
  Problem: taski 
  Problem parameters: idi=3542, learner=, teststat=, testtype= 
  Algorithm: forest.splitbias.oob 
  Algorithm parameters:  
  Replication: 3 
  Seed: 1899 
  Problem seed: 125 
Setting seed: 1899
Applying Algorithm forest.splitbias.oob ...
Generating problem taski ...
Result:
List of 3
 $ idi   : int 3542
 $ lrn   : chr [1:3] "randomForest" "oob" ""
 $ result: Named num [1:5] 0.9886 0.0547 0.0285 0.0114 0.9697
  ..- attr(*, "names")= chr [1:5] "ACC" "BER" "multiclass.brier" "MMCE" ...
NULL
Writing result file: /home/probst/Random_Forest/RFSplitbias/results/Splitbias-files/jobs/99/1899-result.RData
########## Executing jid=1900 ##########
Timestamp: 2016-04-28 14:28:04
Experiment: 
  Problem: taski 
  Problem parameters: idi=3542, learner=, teststat=, testtype= 
  Algorithm: forest.splitbias.oob 
  Algorithm parameters:  
  Replication: 4 
  Seed: 1900 
  Problem seed: 126 
Setting seed: 1900
Applying Algorithm forest.splitbias.oob ...
Generating problem taski ...
Result:
List of 3
 $ idi   : int 3542
 $ lrn   : chr [1:3] "randomForest" "oob" ""
 $ result: Named num [1:5] 0.9886 0.0304 0.0284 0.0114 0.9676
  ..- attr(*, "names")= chr [1:5] "ACC" "BER" "multiclass.brier" "MMCE" ...
NULL
Writing result file: /home/probst/Random_Forest/RFSplitbias/results/Splitbias-files/jobs/00/1900-result.RData
########## Executing jid=1901 ##########
Timestamp: 2016-04-28 14:28:05
Experiment: 
  Problem: taski 
  Problem parameters: idi=3542, learner=, teststat=, testtype= 
  Algorithm: forest.splitbias.oob 
  Algorithm parameters:  
  Replication: 5 
  Seed: 1901 
  Problem seed: 127 
Setting seed: 1901
Applying Algorithm forest.splitbias.oob ...
Generating problem taski ...
Result:
List of 3
 $ idi   : int 3542
 $ lrn   : chr [1:3] "randomForest" "oob" ""
 $ result: Named num [1:5] 0.9848 0.0567 0.0278 0.0152 0.9701
  ..- attr(*, "names")= chr [1:5] "ACC" "BER" "multiclass.brier" "MMCE" ...
NULL
Writing result file: /home/probst/Random_Forest/RFSplitbias/results/Splitbias-files/jobs/01/1901-result.RData
########## Executing jid=1902 ##########
Timestamp: 2016-04-28 14:28:05
Experiment: 
  Problem: taski 
  Problem parameters: idi=3542, learner=, teststat=, testtype= 
  Algorithm: forest.splitbias.oob 
  Algorithm parameters:  
  Replication: 6 
  Seed: 1902 
  Problem seed: 128 
Setting seed: 1902
Applying Algorithm forest.splitbias.oob ...
Generating problem taski ...
Result:
List of 3
 $ idi   : int 3542
 $ lrn   : chr [1:3] "randomForest" "oob" ""
 $ result: Named num [1:5] 0.9848 0.0567 0.0278 0.0152 0.9673
  ..- attr(*, "names")= chr [1:5] "ACC" "BER" "multiclass.brier" "MMCE" ...
NULL
Writing result file: /home/probst/Random_Forest/RFSplitbias/results/Splitbias-files/jobs/02/1902-result.RData
########## Executing jid=1903 ##########
Timestamp: 2016-04-28 14:28:06
Experiment: 
  Problem: taski 
  Problem parameters: idi=3542, learner=, teststat=, testtype= 
  Algorithm: forest.splitbias.oob 
  Algorithm parameters:  
  Replication: 7 
  Seed: 1903 
  Problem seed: 129 
Setting seed: 1903
Applying Algorithm forest.splitbias.oob ...
Generating problem taski ...
Result:
List of 3
 $ idi   : int 3542
 $ lrn   : chr [1:3] "randomForest" "oob" ""
 $ result: Named num [1:5] 0.9848 0.0567 0.0275 0.0152 0.9654
  ..- attr(*, "names")= chr [1:5] "ACC" "BER" "multiclass.brier" "MMCE" ...
NULL
Writing result file: /home/probst/Random_Forest/RFSplitbias/results/Splitbias-files/jobs/03/1903-result.RData
2016-04-28 14:28:06: All done.
Setting work back to: /nfsmb/koll/probst/Random_Forest/RFSplitbias/results
Memory usage according to gc:
          used (Mb) gc trigger  (Mb) max used  (Mb)
Ncells 1762830 94.2    2637877 140.9  1964560 105.0
Vcells 4652120 35.5   14256408 108.8  7687434  58.7
