Loading registry: /home/probst/Random_Forest/RFSplitbias/results/Splitbias-files/registry.RData
Loading conf: 
2016-04-28 14:33:13: Starting job on node lin65.
Auto-mailer settings: start=none, done=none, error=none.
Setting work dir: /nfsmb/koll/probst/Random_Forest/RFSplitbias/results
########## Executing jid=2304 ##########
Timestamp: 2016-04-28 14:33:13
Experiment: 
  Problem: taski 
  Problem parameters: idi=3901, learner=, teststat=, testtype= 
  Algorithm: forest.splitbias.oob 
  Algorithm parameters:  
  Replication: 3 
  Seed: 2304 
  Problem seed: 125 
Setting seed: 2304
Applying Algorithm forest.splitbias.oob ...
Generating problem taski ...
Result:
List of 3
 $ idi   : int 3901
 $ lrn   : chr [1:3] "randomForest" "oob" ""
 $ result: Named num [1:5] 0.691 0.315 0.415 0.309 0.59
  ..- attr(*, "names")= chr [1:5] "ACC" "BER" "multiclass.brier" "MMCE" ...
NULL
Writing result file: /home/probst/Random_Forest/RFSplitbias/results/Splitbias-files/jobs/04/2304-result.RData
########## Executing jid=2305 ##########
Timestamp: 2016-04-28 14:33:14
Experiment: 
  Problem: taski 
  Problem parameters: idi=3901, learner=, teststat=, testtype= 
  Algorithm: forest.splitbias.oob 
  Algorithm parameters:  
  Replication: 4 
  Seed: 2305 
  Problem seed: 126 
Setting seed: 2305
Applying Algorithm forest.splitbias.oob ...
Generating problem taski ...
Result:
List of 3
 $ idi   : int 3901
 $ lrn   : chr [1:3] "randomForest" "oob" ""
 $ result: Named num [1:5] 0.694 0.311 0.414 0.306 0.586
  ..- attr(*, "names")= chr [1:5] "ACC" "BER" "multiclass.brier" "MMCE" ...
NULL
Writing result file: /home/probst/Random_Forest/RFSplitbias/results/Splitbias-files/jobs/05/2305-result.RData
########## Executing jid=2306 ##########
Timestamp: 2016-04-28 14:33:15
Experiment: 
  Problem: taski 
  Problem parameters: idi=3901, learner=, teststat=, testtype= 
  Algorithm: forest.splitbias.oob 
  Algorithm parameters:  
  Replication: 5 
  Seed: 2306 
  Problem seed: 127 
Setting seed: 2306
Applying Algorithm forest.splitbias.oob ...
Generating problem taski ...
Result:
List of 3
 $ idi   : int 3901
 $ lrn   : chr [1:3] "randomForest" "oob" ""
 $ result: Named num [1:5] 0.686 0.32 0.412 0.314 0.585
  ..- attr(*, "names")= chr [1:5] "ACC" "BER" "multiclass.brier" "MMCE" ...
NULL
Writing result file: /home/probst/Random_Forest/RFSplitbias/results/Splitbias-files/jobs/06/2306-result.RData
########## Executing jid=2307 ##########
Timestamp: 2016-04-28 14:33:16
Experiment: 
  Problem: taski 
  Problem parameters: idi=3901, learner=, teststat=, testtype= 
  Algorithm: forest.splitbias.oob 
  Algorithm parameters:  
  Replication: 6 
  Seed: 2307 
  Problem seed: 128 
Setting seed: 2307
Applying Algorithm forest.splitbias.oob ...
Generating problem taski ...
Result:
List of 3
 $ idi   : int 3901
 $ lrn   : chr [1:3] "randomForest" "oob" ""
 $ result: Named num [1:5] 0.691 0.314 0.411 0.309 0.588
  ..- attr(*, "names")= chr [1:5] "ACC" "BER" "multiclass.brier" "MMCE" ...
NULL
Writing result file: /home/probst/Random_Forest/RFSplitbias/results/Splitbias-files/jobs/07/2307-result.RData
########## Executing jid=2308 ##########
Timestamp: 2016-04-28 14:33:17
Experiment: 
  Problem: taski 
  Problem parameters: idi=3901, learner=, teststat=, testtype= 
  Algorithm: forest.splitbias.oob 
  Algorithm parameters:  
  Replication: 7 
  Seed: 2308 
  Problem seed: 129 
Setting seed: 2308
Applying Algorithm forest.splitbias.oob ...
Generating problem taski ...
Result:
List of 3
 $ idi   : int 3901
 $ lrn   : chr [1:3] "randomForest" "oob" ""
 $ result: Named num [1:5] 0.691 0.314 0.417 0.309 0.588
  ..- attr(*, "names")= chr [1:5] "ACC" "BER" "multiclass.brier" "MMCE" ...
NULL
Writing result file: /home/probst/Random_Forest/RFSplitbias/results/Splitbias-files/jobs/08/2308-result.RData
########## Executing jid=2309 ##########
Timestamp: 2016-04-28 14:33:18
Experiment: 
  Problem: taski 
  Problem parameters: idi=3901, learner=, teststat=, testtype= 
  Algorithm: forest.splitbias.oob 
  Algorithm parameters:  
  Replication: 8 
  Seed: 2309 
  Problem seed: 130 
Setting seed: 2309
Applying Algorithm forest.splitbias.oob ...
Generating problem taski ...
Result:
List of 3
 $ idi   : int 3901
 $ lrn   : chr [1:3] "randomForest" "oob" ""
 $ result: Named num [1:5] 0.691 0.314 0.414 0.309 0.581
  ..- attr(*, "names")= chr [1:5] "ACC" "BER" "multiclass.brier" "MMCE" ...
NULL
Writing result file: /home/probst/Random_Forest/RFSplitbias/results/Splitbias-files/jobs/09/2309-result.RData
########## Executing jid=2310 ##########
Timestamp: 2016-04-28 14:33:19
Experiment: 
  Problem: taski 
  Problem parameters: idi=3901, learner=, teststat=, testtype= 
  Algorithm: forest.splitbias.oob 
  Algorithm parameters:  
  Replication: 9 
  Seed: 2310 
  Problem seed: 131 
Setting seed: 2310
Applying Algorithm forest.splitbias.oob ...
Generating problem taski ...
Result:
List of 3
 $ idi   : int 3901
 $ lrn   : chr [1:3] "randomForest" "oob" ""
 $ result: Named num [1:5] 0.691 0.315 0.419 0.309 0.595
  ..- attr(*, "names")= chr [1:5] "ACC" "BER" "multiclass.brier" "MMCE" ...
NULL
Writing result file: /home/probst/Random_Forest/RFSplitbias/results/Splitbias-files/jobs/10/2310-result.RData
########## Executing jid=2311 ##########
Timestamp: 2016-04-28 14:33:19
Experiment: 
  Problem: taski 
  Problem parameters: idi=3901, learner=, teststat=, testtype= 
  Algorithm: forest.splitbias.oob 
  Algorithm parameters:  
  Replication: 10 
  Seed: 2311 
  Problem seed: 132 
Setting seed: 2311
Applying Algorithm forest.splitbias.oob ...
Generating problem taski ...
Result:
List of 3
 $ idi   : int 3901
 $ lrn   : chr [1:3] "randomForest" "oob" ""
 $ result: Named num [1:5] 0.688 0.317 0.414 0.312 0.585
  ..- attr(*, "names")= chr [1:5] "ACC" "BER" "multiclass.brier" "MMCE" ...
NULL
Writing result file: /home/probst/Random_Forest/RFSplitbias/results/Splitbias-files/jobs/11/2311-result.RData
########## Executing jid=2312 ##########
Timestamp: 2016-04-28 14:33:20
Experiment: 
  Problem: taski 
  Problem parameters: idi=3955, learner=, teststat=, testtype= 
  Algorithm: forest.splitbias.oob 
  Algorithm parameters:  
  Replication: 2 
  Seed: 2312 
  Problem seed: 124 
Setting seed: 2312
Applying Algorithm forest.splitbias.oob ...
Generating problem taski ...
Result:
List of 3
 $ idi   : int 3955
 $ lrn   : chr [1:3] "randomForest" "oob" ""
 $ result: Named num [1:5] 1 0 0.00901 0 0.83812
  ..- attr(*, "names")= chr [1:5] "ACC" "BER" "multiclass.brier" "MMCE" ...
NULL
Writing result file: /home/probst/Random_Forest/RFSplitbias/results/Splitbias-files/jobs/12/2312-result.RData
########## Executing jid=2313 ##########
Timestamp: 2016-04-28 14:33:21
Experiment: 
  Problem: taski 
  Problem parameters: idi=3955, learner=, teststat=, testtype= 
  Algorithm: forest.splitbias.oob 
  Algorithm parameters:  
  Replication: 3 
  Seed: 2313 
  Problem seed: 125 
Setting seed: 2313
Applying Algorithm forest.splitbias.oob ...
Generating problem taski ...
Result:
List of 3
 $ idi   : int 3955
 $ lrn   : chr [1:3] "randomForest" "oob" ""
 $ result: Named num [1:5] 1 0 0.00813 0 0.8341
  ..- attr(*, "names")= chr [1:5] "ACC" "BER" "multiclass.brier" "MMCE" ...
NULL
Writing result file: /home/probst/Random_Forest/RFSplitbias/results/Splitbias-files/jobs/13/2313-result.RData
########## Executing jid=2314 ##########
Timestamp: 2016-04-28 14:33:22
Experiment: 
  Problem: taski 
  Problem parameters: idi=3955, learner=, teststat=, testtype= 
  Algorithm: forest.splitbias.oob 
  Algorithm parameters:  
  Replication: 4 
  Seed: 2314 
  Problem seed: 126 
Setting seed: 2314
Applying Algorithm forest.splitbias.oob ...
Generating problem taski ...
Result:
List of 3
 $ idi   : int 3955
 $ lrn   : chr [1:3] "randomForest" "oob" ""
 $ result: Named num [1:5] 1 0 0.0103 0 0.833
  ..- attr(*, "names")= chr [1:5] "ACC" "BER" "multiclass.brier" "MMCE" ...
NULL
Writing result file: /home/probst/Random_Forest/RFSplitbias/results/Splitbias-files/jobs/14/2314-result.RData
########## Executing jid=2315 ##########
Timestamp: 2016-04-28 14:33:22
Experiment: 
  Problem: taski 
  Problem parameters: idi=3955, learner=, teststat=, testtype= 
  Algorithm: forest.splitbias.oob 
  Algorithm parameters:  
  Replication: 5 
  Seed: 2315 
  Problem seed: 127 
Setting seed: 2315
Applying Algorithm forest.splitbias.oob ...
Generating problem taski ...
Result:
List of 3
 $ idi   : int 3955
 $ lrn   : chr [1:3] "randomForest" "oob" ""
 $ result: Named num [1:5] 1 0 0.00892 0 0.82639
  ..- attr(*, "names")= chr [1:5] "ACC" "BER" "multiclass.brier" "MMCE" ...
NULL
Writing result file: /home/probst/Random_Forest/RFSplitbias/results/Splitbias-files/jobs/15/2315-result.RData
########## Executing jid=2316 ##########
Timestamp: 2016-04-28 14:33:23
Experiment: 
  Problem: taski 
  Problem parameters: idi=3955, learner=, teststat=, testtype= 
  Algorithm: forest.splitbias.oob 
  Algorithm parameters:  
  Replication: 6 
  Seed: 2316 
  Problem seed: 128 
Setting seed: 2316
Applying Algorithm forest.splitbias.oob ...
Generating problem taski ...
Result:
List of 3
 $ idi   : int 3955
 $ lrn   : chr [1:3] "randomForest" "oob" ""
 $ result: Named num [1:5] 1 0 0.00905 0 0.83719
  ..- attr(*, "names")= chr [1:5] "ACC" "BER" "multiclass.brier" "MMCE" ...
NULL
Writing result file: /home/probst/Random_Forest/RFSplitbias/results/Splitbias-files/jobs/16/2316-result.RData
########## Executing jid=2317 ##########
Timestamp: 2016-04-28 14:33:23
Experiment: 
  Problem: taski 
  Problem parameters: idi=3955, learner=, teststat=, testtype= 
  Algorithm: forest.splitbias.oob 
  Algorithm parameters:  
  Replication: 7 
  Seed: 2317 
  Problem seed: 129 
Setting seed: 2317
Applying Algorithm forest.splitbias.oob ...
Generating problem taski ...
Result:
List of 3
 $ idi   : int 3955
 $ lrn   : chr [1:3] "randomForest" "oob" ""
 $ result: Named num [1:5] 1 0 0.00964 0 0.83594
  ..- attr(*, "names")= chr [1:5] "ACC" "BER" "multiclass.brier" "MMCE" ...
NULL
Writing result file: /home/probst/Random_Forest/RFSplitbias/results/Splitbias-files/jobs/17/2317-result.RData
########## Executing jid=2318 ##########
Timestamp: 2016-04-28 14:33:24
Experiment: 
  Problem: taski 
  Problem parameters: idi=3955, learner=, teststat=, testtype= 
  Algorithm: forest.splitbias.oob 
  Algorithm parameters:  
  Replication: 8 
  Seed: 2318 
  Problem seed: 130 
Setting seed: 2318
Applying Algorithm forest.splitbias.oob ...
Generating problem taski ...
Result:
List of 3
 $ idi   : int 3955
 $ lrn   : chr [1:3] "randomForest" "oob" ""
 $ result: Named num [1:5] 1 0 0.00958 0 0.83917
  ..- attr(*, "names")= chr [1:5] "ACC" "BER" "multiclass.brier" "MMCE" ...
NULL
Writing result file: /home/probst/Random_Forest/RFSplitbias/results/Splitbias-files/jobs/18/2318-result.RData
########## Executing jid=2319 ##########
Timestamp: 2016-04-28 14:33:25
Experiment: 
  Problem: taski 
  Problem parameters: idi=3955, learner=, teststat=, testtype= 
  Algorithm: forest.splitbias.oob 
  Algorithm parameters:  
  Replication: 9 
  Seed: 2319 
  Problem seed: 131 
Setting seed: 2319
Applying Algorithm forest.splitbias.oob ...
Generating problem taski ...
Result:
List of 3
 $ idi   : int 3955
 $ lrn   : chr [1:3] "randomForest" "oob" ""
 $ result: Named num [1:5] 1 0 0.00817 0 0.82242
  ..- attr(*, "names")= chr [1:5] "ACC" "BER" "multiclass.brier" "MMCE" ...
NULL
Writing result file: /home/probst/Random_Forest/RFSplitbias/results/Splitbias-files/jobs/19/2319-result.RData
########## Executing jid=2320 ##########
Timestamp: 2016-04-28 14:33:25
Experiment: 
  Problem: taski 
  Problem parameters: idi=3955, learner=, teststat=, testtype= 
  Algorithm: forest.splitbias.oob 
  Algorithm parameters:  
  Replication: 10 
  Seed: 2320 
  Problem seed: 132 
Setting seed: 2320
Applying Algorithm forest.splitbias.oob ...
Generating problem taski ...
Result:
List of 3
 $ idi   : int 3955
 $ lrn   : chr [1:3] "randomForest" "oob" ""
 $ result: Named num [1:5] 1 0 0.00892 0 0.84178
  ..- attr(*, "names")= chr [1:5] "ACC" "BER" "multiclass.brier" "MMCE" ...
NULL
Writing result file: /home/probst/Random_Forest/RFSplitbias/results/Splitbias-files/jobs/20/2320-result.RData
########## Executing jid=2321 ##########
Timestamp: 2016-04-28 14:33:26
Experiment: 
  Problem: taski 
  Problem parameters: idi=3909, learner=, teststat=, testtype= 
  Algorithm: forest.splitbias.oob 
  Algorithm parameters:  
  Replication: 2 
  Seed: 2321 
  Problem seed: 124 
Setting seed: 2321
Applying Algorithm forest.splitbias.oob ...
Generating problem taski ...
Result:
List of 3
 $ idi   : int 3909
 $ lrn   : chr [1:3] "randomForest" "oob" ""
 $ result: Named num [1:5] 0.9091 0.5089 0.1573 0.0909 0.996
  ..- attr(*, "names")= chr [1:5] "ACC" "BER" "multiclass.brier" "MMCE" ...
NULL
Writing result file: /home/probst/Random_Forest/RFSplitbias/results/Splitbias-files/jobs/21/2321-result.RData
########## Executing jid=2322 ##########
Timestamp: 2016-04-28 14:33:26
Experiment: 
  Problem: taski 
  Problem parameters: idi=3909, learner=, teststat=, testtype= 
  Algorithm: forest.splitbias.oob 
  Algorithm parameters:  
  Replication: 3 
  Seed: 2322 
  Problem seed: 125 
Setting seed: 2322
Applying Algorithm forest.splitbias.oob ...
Generating problem taski ...
Result:
List of 3
 $ idi   : int 3909
 $ lrn   : chr [1:3] "randomForest" "oob" ""
 $ result: Named num [1:5] 0.9091 0.5089 0.1571 0.0909 0.996
  ..- attr(*, "names")= chr [1:5] "ACC" "BER" "multiclass.brier" "MMCE" ...
NULL
Writing result file: /home/probst/Random_Forest/RFSplitbias/results/Splitbias-files/jobs/22/2322-result.RData
########## Executing jid=2323 ##########
Timestamp: 2016-04-28 14:33:27
Experiment: 
  Problem: taski 
  Problem parameters: idi=3909, learner=, teststat=, testtype= 
  Algorithm: forest.splitbias.oob 
  Algorithm parameters:  
  Replication: 4 
  Seed: 2323 
  Problem seed: 126 
Setting seed: 2323
Applying Algorithm forest.splitbias.oob ...
Generating problem taski ...
Result:
List of 3
 $ idi   : int 3909
 $ lrn   : chr [1:3] "randomForest" "oob" ""
 $ result: Named num [1:5] 0.9091 0.5089 0.1563 0.0909 0.996
  ..- attr(*, "names")= chr [1:5] "ACC" "BER" "multiclass.brier" "MMCE" ...
NULL
Writing result file: /home/probst/Random_Forest/RFSplitbias/results/Splitbias-files/jobs/23/2323-result.RData
########## Executing jid=2324 ##########
Timestamp: 2016-04-28 14:33:27
Experiment: 
  Problem: taski 
  Problem parameters: idi=3909, learner=, teststat=, testtype= 
  Algorithm: forest.splitbias.oob 
  Algorithm parameters:  
  Replication: 5 
  Seed: 2324 
  Problem seed: 127 
Setting seed: 2324
Applying Algorithm forest.splitbias.oob ...
Generating problem taski ...
Result:
List of 3
 $ idi   : int 3909
 $ lrn   : chr [1:3] "randomForest" "oob" ""
 $ result: Named num [1:5] 0.9091 0.5089 0.1578 0.0909 0.995
  ..- attr(*, "names")= chr [1:5] "ACC" "BER" "multiclass.brier" "MMCE" ...
NULL
Writing result file: /home/probst/Random_Forest/RFSplitbias/results/Splitbias-files/jobs/24/2324-result.RData
########## Executing jid=2325 ##########
Timestamp: 2016-04-28 14:33:28
Experiment: 
  Problem: taski 
  Problem parameters: idi=3909, learner=, teststat=, testtype= 
  Algorithm: forest.splitbias.oob 
  Algorithm parameters:  
  Replication: 6 
  Seed: 2325 
  Problem seed: 128 
Setting seed: 2325
Applying Algorithm forest.splitbias.oob ...
Generating problem taski ...
Result:
List of 3
 $ idi   : int 3909
 $ lrn   : chr [1:3] "randomForest" "oob" ""
 $ result: Named num [1:5] 0.9091 0.5089 0.1552 0.0909 0.994
  ..- attr(*, "names")= chr [1:5] "ACC" "BER" "multiclass.brier" "MMCE" ...
NULL
Writing result file: /home/probst/Random_Forest/RFSplitbias/results/Splitbias-files/jobs/25/2325-result.RData
########## Executing jid=2326 ##########
Timestamp: 2016-04-28 14:33:29
Experiment: 
  Problem: taski 
  Problem parameters: idi=3909, learner=, teststat=, testtype= 
  Algorithm: forest.splitbias.oob 
  Algorithm parameters:  
  Replication: 7 
  Seed: 2326 
  Problem seed: 129 
Setting seed: 2326
Applying Algorithm forest.splitbias.oob ...
Generating problem taski ...
Result:
List of 3
 $ idi   : int 3909
 $ lrn   : chr [1:3] "randomForest" "oob" ""
 $ result: Named num [1:5] 0.9091 0.5089 0.1583 0.0909 0.996
  ..- attr(*, "names")= chr [1:5] "ACC" "BER" "multiclass.brier" "MMCE" ...
NULL
Writing result file: /home/probst/Random_Forest/RFSplitbias/results/Splitbias-files/jobs/26/2326-result.RData
########## Executing jid=2327 ##########
Timestamp: 2016-04-28 14:33:29
Experiment: 
  Problem: taski 
  Problem parameters: idi=3909, learner=, teststat=, testtype= 
  Algorithm: forest.splitbias.oob 
  Algorithm parameters:  
  Replication: 8 
  Seed: 2327 
  Problem seed: 130 
Setting seed: 2327
Applying Algorithm forest.splitbias.oob ...
Generating problem taski ...
Result:
List of 3
 $ idi   : int 3909
 $ lrn   : chr [1:3] "randomForest" "oob" ""
 $ result: Named num [1:5] 0.9091 0.5089 0.1558 0.0909 0.996
  ..- attr(*, "names")= chr [1:5] "ACC" "BER" "multiclass.brier" "MMCE" ...
NULL
Writing result file: /home/probst/Random_Forest/RFSplitbias/results/Splitbias-files/jobs/27/2327-result.RData
########## Executing jid=2328 ##########
Timestamp: 2016-04-28 14:33:30
Experiment: 
  Problem: taski 
  Problem parameters: idi=3909, learner=, teststat=, testtype= 
  Algorithm: forest.splitbias.oob 
  Algorithm parameters:  
  Replication: 9 
  Seed: 2328 
  Problem seed: 131 
Setting seed: 2328
Applying Algorithm forest.splitbias.oob ...
Generating problem taski ...
Result:
List of 3
 $ idi   : int 3909
 $ lrn   : chr [1:3] "randomForest" "oob" ""
 $ result: Named num [1:5] 0.9091 0.5089 0.1558 0.0909 0.996
  ..- attr(*, "names")= chr [1:5] "ACC" "BER" "multiclass.brier" "MMCE" ...
NULL
Writing result file: /home/probst/Random_Forest/RFSplitbias/results/Splitbias-files/jobs/28/2328-result.RData
########## Executing jid=2329 ##########
Timestamp: 2016-04-28 14:33:30
Experiment: 
  Problem: taski 
  Problem parameters: idi=3909, learner=, teststat=, testtype= 
  Algorithm: forest.splitbias.oob 
  Algorithm parameters:  
  Replication: 10 
  Seed: 2329 
  Problem seed: 132 
Setting seed: 2329
Applying Algorithm forest.splitbias.oob ...
Generating problem taski ...
Result:
List of 3
 $ idi   : int 3909
 $ lrn   : chr [1:3] "randomForest" "oob" ""
 $ result: Named num [1:5] 0.9091 0.5089 0.1572 0.0909 0.996
  ..- attr(*, "names")= chr [1:5] "ACC" "BER" "multiclass.brier" "MMCE" ...
NULL
Writing result file: /home/probst/Random_Forest/RFSplitbias/results/Splitbias-files/jobs/29/2329-result.RData
########## Executing jid=2330 ##########
Timestamp: 2016-04-28 14:33:31
Experiment: 
  Problem: taski 
  Problem parameters: idi=10101, learner=, teststat=, testtype= 
  Algorithm: forest.splitbias.oob 
  Algorithm parameters:  
  Replication: 2 
  Seed: 2330 
  Problem seed: 124 
Setting seed: 2330
Applying Algorithm forest.splitbias.oob ...
Generating problem taski ...
Result:
List of 3
 $ idi   : int 10101
 $ lrn   : chr [1:3] "randomForest" "oob" ""
 $ result: Named num [1:5] 0.755 0.4 0.369 0.245 0.907
  ..- attr(*, "names")= chr [1:5] "ACC" "BER" "multiclass.brier" "MMCE" ...
NULL
Writing result file: /home/probst/Random_Forest/RFSplitbias/results/Splitbias-files/jobs/30/2330-result.RData
########## Executing jid=2331 ##########
Timestamp: 2016-04-28 14:33:32
Experiment: 
  Problem: taski 
  Problem parameters: idi=10101, learner=, teststat=, testtype= 
  Algorithm: forest.splitbias.oob 
  Algorithm parameters:  
  Replication: 3 
  Seed: 2331 
  Problem seed: 125 
Setting seed: 2331
Applying Algorithm forest.splitbias.oob ...
Generating problem taski ...
Result:
List of 3
 $ idi   : int 10101
 $ lrn   : chr [1:3] "randomForest" "oob" ""
 $ result: Named num [1:5] 0.75 0.409 0.37 0.25 0.906
  ..- attr(*, "names")= chr [1:5] "ACC" "BER" "multiclass.brier" "MMCE" ...
NULL
Writing result file: /home/probst/Random_Forest/RFSplitbias/results/Splitbias-files/jobs/31/2331-result.RData
########## Executing jid=2332 ##########
Timestamp: 2016-04-28 14:33:33
Experiment: 
  Problem: taski 
  Problem parameters: idi=10101, learner=, teststat=, testtype= 
  Algorithm: forest.splitbias.oob 
  Algorithm parameters:  
  Replication: 4 
  Seed: 2332 
  Problem seed: 126 
Setting seed: 2332
Applying Algorithm forest.splitbias.oob ...
Generating problem taski ...
Result:
List of 3
 $ idi   : int 10101
 $ lrn   : chr [1:3] "randomForest" "oob" ""
 $ result: Named num [1:5] 0.751 0.41 0.37 0.249 0.909
  ..- attr(*, "names")= chr [1:5] "ACC" "BER" "multiclass.brier" "MMCE" ...
NULL
Writing result file: /home/probst/Random_Forest/RFSplitbias/results/Splitbias-files/jobs/32/2332-result.RData
########## Executing jid=2333 ##########
Timestamp: 2016-04-28 14:33:34
Experiment: 
  Problem: taski 
  Problem parameters: idi=10101, learner=, teststat=, testtype= 
  Algorithm: forest.splitbias.oob 
  Algorithm parameters:  
  Replication: 5 
  Seed: 2333 
  Problem seed: 127 
Setting seed: 2333
Applying Algorithm forest.splitbias.oob ...
Generating problem taski ...
Result:
List of 3
 $ idi   : int 10101
 $ lrn   : chr [1:3] "randomForest" "oob" ""
 $ result: Named num [1:5] 0.754 0.405 0.367 0.246 0.906
  ..- attr(*, "names")= chr [1:5] "ACC" "BER" "multiclass.brier" "MMCE" ...
NULL
Writing result file: /home/probst/Random_Forest/RFSplitbias/results/Splitbias-files/jobs/33/2333-result.RData
########## Executing jid=2334 ##########
Timestamp: 2016-04-28 14:33:35
Experiment: 
  Problem: taski 
  Problem parameters: idi=10101, learner=, teststat=, testtype= 
  Algorithm: forest.splitbias.oob 
  Algorithm parameters:  
  Replication: 6 
  Seed: 2334 
  Problem seed: 128 
Setting seed: 2334
Applying Algorithm forest.splitbias.oob ...
Generating problem taski ...
Result:
List of 3
 $ idi   : int 10101
 $ lrn   : chr [1:3] "randomForest" "oob" ""
 $ result: Named num [1:5] 0.75 0.406 0.369 0.25 0.907
  ..- attr(*, "names")= chr [1:5] "ACC" "BER" "multiclass.brier" "MMCE" ...
NULL
Writing result file: /home/probst/Random_Forest/RFSplitbias/results/Splitbias-files/jobs/34/2334-result.RData
########## Executing jid=2335 ##########
Timestamp: 2016-04-28 14:33:36
Experiment: 
  Problem: taski 
  Problem parameters: idi=10101, learner=, teststat=, testtype= 
  Algorithm: forest.splitbias.oob 
  Algorithm parameters:  
  Replication: 7 
  Seed: 2335 
  Problem seed: 129 
Setting seed: 2335
Applying Algorithm forest.splitbias.oob ...
Generating problem taski ...
Result:
List of 3
 $ idi   : int 10101
 $ lrn   : chr [1:3] "randomForest" "oob" ""
 $ result: Named num [1:5] 0.751 0.408 0.369 0.249 0.907
  ..- attr(*, "names")= chr [1:5] "ACC" "BER" "multiclass.brier" "MMCE" ...
NULL
Writing result file: /home/probst/Random_Forest/RFSplitbias/results/Splitbias-files/jobs/35/2335-result.RData
########## Executing jid=2336 ##########
Timestamp: 2016-04-28 14:33:37
Experiment: 
  Problem: taski 
  Problem parameters: idi=10101, learner=, teststat=, testtype= 
  Algorithm: forest.splitbias.oob 
  Algorithm parameters:  
  Replication: 8 
  Seed: 2336 
  Problem seed: 130 
Setting seed: 2336
Applying Algorithm forest.splitbias.oob ...
Generating problem taski ...
Result:
List of 3
 $ idi   : int 10101
 $ lrn   : chr [1:3] "randomForest" "oob" ""
 $ result: Named num [1:5] 0.755 0.398 0.37 0.245 0.906
  ..- attr(*, "names")= chr [1:5] "ACC" "BER" "multiclass.brier" "MMCE" ...
NULL
Writing result file: /home/probst/Random_Forest/RFSplitbias/results/Splitbias-files/jobs/36/2336-result.RData
########## Executing jid=2337 ##########
Timestamp: 2016-04-28 14:33:38
Experiment: 
  Problem: taski 
  Problem parameters: idi=10101, learner=, teststat=, testtype= 
  Algorithm: forest.splitbias.oob 
  Algorithm parameters:  
  Replication: 9 
  Seed: 2337 
  Problem seed: 131 
Setting seed: 2337
Applying Algorithm forest.splitbias.oob ...
Generating problem taski ...
Result:
List of 3
 $ idi   : int 10101
 $ lrn   : chr [1:3] "randomForest" "oob" ""
 $ result: Named num [1:5] 0.753 0.408 0.369 0.247 0.907
  ..- attr(*, "names")= chr [1:5] "ACC" "BER" "multiclass.brier" "MMCE" ...
NULL
Writing result file: /home/probst/Random_Forest/RFSplitbias/results/Splitbias-files/jobs/37/2337-result.RData
########## Executing jid=2338 ##########
Timestamp: 2016-04-28 14:33:39
Experiment: 
  Problem: taski 
  Problem parameters: idi=10101, learner=, teststat=, testtype= 
  Algorithm: forest.splitbias.oob 
  Algorithm parameters:  
  Replication: 10 
  Seed: 2338 
  Problem seed: 132 
Setting seed: 2338
Applying Algorithm forest.splitbias.oob ...
Generating problem taski ...
Result:
List of 3
 $ idi   : int 10101
 $ lrn   : chr [1:3] "randomForest" "oob" ""
 $ result: Named num [1:5] 0.747 0.409 0.371 0.253 0.907
  ..- attr(*, "names")= chr [1:5] "ACC" "BER" "multiclass.brier" "MMCE" ...
NULL
Writing result file: /home/probst/Random_Forest/RFSplitbias/results/Splitbias-files/jobs/38/2338-result.RData
########## Executing jid=2339 ##########
Timestamp: 2016-04-28 14:33:40
Experiment: 
  Problem: taski 
  Problem parameters: idi=3644, learner=, teststat=, testtype= 
  Algorithm: forest.splitbias.oob 
  Algorithm parameters:  
  Replication: 2 
  Seed: 2339 
  Problem seed: 124 
Setting seed: 2339
Applying Algorithm forest.splitbias.oob ...
Generating problem taski ...
Result:
List of 3
 $ idi   : int 3644
 $ lrn   : chr [1:3] "randomForest" "oob" ""
 $ result: Named num [1:5] 0.99603 0.00403 0.03443 0.00397 0.54237
  ..- attr(*, "names")= chr [1:5] "ACC" "BER" "multiclass.brier" "MMCE" ...
NULL
Writing result file: /home/probst/Random_Forest/RFSplitbias/results/Splitbias-files/jobs/39/2339-result.RData
########## Executing jid=2340 ##########
Timestamp: 2016-04-28 14:33:40
Experiment: 
  Problem: taski 
  Problem parameters: idi=3644, learner=, teststat=, testtype= 
  Algorithm: forest.splitbias.oob 
  Algorithm parameters:  
  Replication: 3 
  Seed: 2340 
  Problem seed: 125 
Setting seed: 2340
Applying Algorithm forest.splitbias.oob ...
Generating problem taski ...
Result:
List of 3
 $ idi   : int 3644
 $ lrn   : chr [1:3] "randomForest" "oob" ""
 $ result: Named num [1:5] 0.99603 0.00403 0.0359 0.00397 0.54029
  ..- attr(*, "names")= chr [1:5] "ACC" "BER" "multiclass.brier" "MMCE" ...
NULL
Writing result file: /home/probst/Random_Forest/RFSplitbias/results/Splitbias-files/jobs/40/2340-result.RData
########## Executing jid=2341 ##########
Timestamp: 2016-04-28 14:33:41
Experiment: 
  Problem: taski 
  Problem parameters: idi=3644, learner=, teststat=, testtype= 
  Algorithm: forest.splitbias.oob 
  Algorithm parameters:  
  Replication: 4 
  Seed: 2341 
  Problem seed: 126 
Setting seed: 2341
Applying Algorithm forest.splitbias.oob ...
Generating problem taski ...
Result:
List of 3
 $ idi   : int 3644
 $ lrn   : chr [1:3] "randomForest" "oob" ""
 $ result: Named num [1:5] 0.99603 0.00403 0.03515 0.00397 0.55466
  ..- attr(*, "names")= chr [1:5] "ACC" "BER" "multiclass.brier" "MMCE" ...
NULL
Writing result file: /home/probst/Random_Forest/RFSplitbias/results/Splitbias-files/jobs/41/2341-result.RData
########## Executing jid=2342 ##########
Timestamp: 2016-04-28 14:33:42
Experiment: 
  Problem: taski 
  Problem parameters: idi=3644, learner=, teststat=, testtype= 
  Algorithm: forest.splitbias.oob 
  Algorithm parameters:  
  Replication: 5 
  Seed: 2342 
  Problem seed: 127 
Setting seed: 2342
Applying Algorithm forest.splitbias.oob ...
Generating problem taski ...
Result:
List of 3
 $ idi   : int 3644
 $ lrn   : chr [1:3] "randomForest" "oob" ""
 $ result: Named num [1:5] 0.99603 0.00403 0.03355 0.00397 0.51411
  ..- attr(*, "names")= chr [1:5] "ACC" "BER" "multiclass.brier" "MMCE" ...
NULL
Writing result file: /home/probst/Random_Forest/RFSplitbias/results/Splitbias-files/jobs/42/2342-result.RData
########## Executing jid=2343 ##########
Timestamp: 2016-04-28 14:33:42
Experiment: 
  Problem: taski 
  Problem parameters: idi=3644, learner=, teststat=, testtype= 
  Algorithm: forest.splitbias.oob 
  Algorithm parameters:  
  Replication: 6 
  Seed: 2343 
  Problem seed: 128 
Setting seed: 2343
Applying Algorithm forest.splitbias.oob ...
Generating problem taski ...
Result:
List of 3
 $ idi   : int 3644
 $ lrn   : chr [1:3] "randomForest" "oob" ""
 $ result: Named num [1:5] 0.99603 0.00403 0.03757 0.00397 0.53503
  ..- attr(*, "names")= chr [1:5] "ACC" "BER" "multiclass.brier" "MMCE" ...
NULL
Writing result file: /home/probst/Random_Forest/RFSplitbias/results/Splitbias-files/jobs/43/2343-result.RData
########## Executing jid=2344 ##########
Timestamp: 2016-04-28 14:33:43
Experiment: 
  Problem: taski 
  Problem parameters: idi=3644, learner=, teststat=, testtype= 
  Algorithm: forest.splitbias.oob 
  Algorithm parameters:  
  Replication: 7 
  Seed: 2344 
  Problem seed: 129 
Setting seed: 2344
Applying Algorithm forest.splitbias.oob ...
Generating problem taski ...
Result:
List of 3
 $ idi   : int 3644
 $ lrn   : chr [1:3] "randomForest" "oob" ""
 $ result: Named num [1:5] 0.99603 0.00403 0.03679 0.00397 0.53787
  ..- attr(*, "names")= chr [1:5] "ACC" "BER" "multiclass.brier" "MMCE" ...
NULL
Writing result file: /home/probst/Random_Forest/RFSplitbias/results/Splitbias-files/jobs/44/2344-result.RData
########## Executing jid=2345 ##########
Timestamp: 2016-04-28 14:33:44
Experiment: 
  Problem: taski 
  Problem parameters: idi=3644, learner=, teststat=, testtype= 
  Algorithm: forest.splitbias.oob 
  Algorithm parameters:  
  Replication: 8 
  Seed: 2345 
  Problem seed: 130 
Setting seed: 2345
Applying Algorithm forest.splitbias.oob ...
Generating problem taski ...
Result:
List of 3
 $ idi   : int 3644
 $ lrn   : chr [1:3] "randomForest" "oob" ""
 $ result: Named num [1:5] 0.99603 0.00403 0.03604 0.00397 0.56007
  ..- attr(*, "names")= chr [1:5] "ACC" "BER" "multiclass.brier" "MMCE" ...
NULL
Writing result file: /home/probst/Random_Forest/RFSplitbias/results/Splitbias-files/jobs/45/2345-result.RData
########## Executing jid=2346 ##########
Timestamp: 2016-04-28 14:33:45
Experiment: 
  Problem: taski 
  Problem parameters: idi=3644, learner=, teststat=, testtype= 
  Algorithm: forest.splitbias.oob 
  Algorithm parameters:  
  Replication: 9 
  Seed: 2346 
  Problem seed: 131 
Setting seed: 2346
Applying Algorithm forest.splitbias.oob ...
Generating problem taski ...
Result:
List of 3
 $ idi   : int 3644
 $ lrn   : chr [1:3] "randomForest" "oob" ""
 $ result: Named num [1:5] 0.99603 0.00403 0.03731 0.00397 0.55541
  ..- attr(*, "names")= chr [1:5] "ACC" "BER" "multiclass.brier" "MMCE" ...
NULL
Writing result file: /home/probst/Random_Forest/RFSplitbias/results/Splitbias-files/jobs/46/2346-result.RData
########## Executing jid=2347 ##########
Timestamp: 2016-04-28 14:33:45
Experiment: 
  Problem: taski 
  Problem parameters: idi=3644, learner=, teststat=, testtype= 
  Algorithm: forest.splitbias.oob 
  Algorithm parameters:  
  Replication: 10 
  Seed: 2347 
  Problem seed: 132 
Setting seed: 2347
Applying Algorithm forest.splitbias.oob ...
Generating problem taski ...
Result:
List of 3
 $ idi   : int 3644
 $ lrn   : chr [1:3] "randomForest" "oob" ""
 $ result: Named num [1:5] 0.99603 0.00403 0.0366 0.00397 0.54127
  ..- attr(*, "names")= chr [1:5] "ACC" "BER" "multiclass.brier" "MMCE" ...
NULL
Writing result file: /home/probst/Random_Forest/RFSplitbias/results/Splitbias-files/jobs/47/2347-result.RData
########## Executing jid=2348 ##########
Timestamp: 2016-04-28 14:33:46
Experiment: 
  Problem: taski 
  Problem parameters: idi=52, learner=, teststat=, testtype= 
  Algorithm: forest.splitbias.oob 
  Algorithm parameters:  
  Replication: 2 
  Seed: 2348 
  Problem seed: 124 
Setting seed: 2348
Applying Algorithm forest.splitbias.oob ...
Generating problem taski ...
Result:
List of 3
 $ idi   : int 52
 $ lrn   : chr [1:3] "randomForest" "oob" ""
 $ result: Named num [1:5] 0.826 0.179 0.255 0.174 0.57
  ..- attr(*, "names")= chr [1:5] "ACC" "BER" "multiclass.brier" "MMCE" ...
NULL
Writing result file: /home/probst/Random_Forest/RFSplitbias/results/Splitbias-files/jobs/48/2348-result.RData
########## Executing jid=2349 ##########
Timestamp: 2016-04-28 14:33:47
Experiment: 
  Problem: taski 
  Problem parameters: idi=52, learner=, teststat=, testtype= 
  Algorithm: forest.splitbias.oob 
  Algorithm parameters:  
  Replication: 3 
  Seed: 2349 
  Problem seed: 125 
Setting seed: 2349
Applying Algorithm forest.splitbias.oob ...
Generating problem taski ...
Result:
List of 3
 $ idi   : int 52
 $ lrn   : chr [1:3] "randomForest" "oob" ""
 $ result: Named num [1:5] 0.833 0.172 0.253 0.167 0.564
  ..- attr(*, "names")= chr [1:5] "ACC" "BER" "multiclass.brier" "MMCE" ...
NULL
Writing result file: /home/probst/Random_Forest/RFSplitbias/results/Splitbias-files/jobs/49/2349-result.RData
########## Executing jid=2350 ##########
Timestamp: 2016-04-28 14:33:47
Experiment: 
  Problem: taski 
  Problem parameters: idi=52, learner=, teststat=, testtype= 
  Algorithm: forest.splitbias.oob 
  Algorithm parameters:  
  Replication: 4 
  Seed: 2350 
  Problem seed: 126 
Setting seed: 2350
Applying Algorithm forest.splitbias.oob ...
Generating problem taski ...
Result:
List of 3
 $ idi   : int 52
 $ lrn   : chr [1:3] "randomForest" "oob" ""
 $ result: Named num [1:5] 0.826 0.18 0.254 0.174 0.564
  ..- attr(*, "names")= chr [1:5] "ACC" "BER" "multiclass.brier" "MMCE" ...
NULL
Writing result file: /home/probst/Random_Forest/RFSplitbias/results/Splitbias-files/jobs/50/2350-result.RData
########## Executing jid=2351 ##########
Timestamp: 2016-04-28 14:33:48
Experiment: 
  Problem: taski 
  Problem parameters: idi=52, learner=, teststat=, testtype= 
  Algorithm: forest.splitbias.oob 
  Algorithm parameters:  
  Replication: 5 
  Seed: 2351 
  Problem seed: 127 
Setting seed: 2351
Applying Algorithm forest.splitbias.oob ...
Generating problem taski ...
Result:
List of 3
 $ idi   : int 52
 $ lrn   : chr [1:3] "randomForest" "oob" ""
 $ result: Named num [1:5] 0.83 0.177 0.255 0.17 0.559
  ..- attr(*, "names")= chr [1:5] "ACC" "BER" "multiclass.brier" "MMCE" ...
NULL
Writing result file: /home/probst/Random_Forest/RFSplitbias/results/Splitbias-files/jobs/51/2351-result.RData
########## Executing jid=2352 ##########
Timestamp: 2016-04-28 14:33:49
Experiment: 
  Problem: taski 
  Problem parameters: idi=52, learner=, teststat=, testtype= 
  Algorithm: forest.splitbias.oob 
  Algorithm parameters:  
  Replication: 6 
  Seed: 2352 
  Problem seed: 128 
Setting seed: 2352
Applying Algorithm forest.splitbias.oob ...
Generating problem taski ...
Result:
List of 3
 $ idi   : int 52
 $ lrn   : chr [1:3] "randomForest" "oob" ""
 $ result: Named num [1:5] 0.841 0.164 0.252 0.159 0.57
  ..- attr(*, "names")= chr [1:5] "ACC" "BER" "multiclass.brier" "MMCE" ...
NULL
Writing result file: /home/probst/Random_Forest/RFSplitbias/results/Splitbias-files/jobs/52/2352-result.RData
########## Executing jid=2353 ##########
Timestamp: 2016-04-28 14:33:50
Experiment: 
  Problem: taski 
  Problem parameters: idi=52, learner=, teststat=, testtype= 
  Algorithm: forest.splitbias.oob 
  Algorithm parameters:  
  Replication: 7 
  Seed: 2353 
  Problem seed: 129 
Setting seed: 2353
Applying Algorithm forest.splitbias.oob ...
Generating problem taski ...
Result:
List of 3
 $ idi   : int 52
 $ lrn   : chr [1:3] "randomForest" "oob" ""
 $ result: Named num [1:5] 0.826 0.178 0.252 0.174 0.565
  ..- attr(*, "names")= chr [1:5] "ACC" "BER" "multiclass.brier" "MMCE" ...
NULL
Writing result file: /home/probst/Random_Forest/RFSplitbias/results/Splitbias-files/jobs/53/2353-result.RData
########## Executing jid=2354 ##########
Timestamp: 2016-04-28 14:33:51
Experiment: 
  Problem: taski 
  Problem parameters: idi=52, learner=, teststat=, testtype= 
  Algorithm: forest.splitbias.oob 
  Algorithm parameters:  
  Replication: 8 
  Seed: 2354 
  Problem seed: 130 
Setting seed: 2354
Applying Algorithm forest.splitbias.oob ...
Generating problem taski ...
Result:
List of 3
 $ idi   : int 52
 $ lrn   : chr [1:3] "randomForest" "oob" ""
 $ result: Named num [1:5] 0.833 0.172 0.253 0.167 0.563
  ..- attr(*, "names")= chr [1:5] "ACC" "BER" "multiclass.brier" "MMCE" ...
NULL
Writing result file: /home/probst/Random_Forest/RFSplitbias/results/Splitbias-files/jobs/54/2354-result.RData
########## Executing jid=2355 ##########
Timestamp: 2016-04-28 14:33:51
Experiment: 
  Problem: taski 
  Problem parameters: idi=52, learner=, teststat=, testtype= 
  Algorithm: forest.splitbias.oob 
  Algorithm parameters:  
  Replication: 9 
  Seed: 2355 
  Problem seed: 131 
Setting seed: 2355
Applying Algorithm forest.splitbias.oob ...
Generating problem taski ...
Result:
List of 3
 $ idi   : int 52
 $ lrn   : chr [1:3] "randomForest" "oob" ""
 $ result: Named num [1:5] 0.837 0.168 0.25 0.163 0.562
  ..- attr(*, "names")= chr [1:5] "ACC" "BER" "multiclass.brier" "MMCE" ...
NULL
Writing result file: /home/probst/Random_Forest/RFSplitbias/results/Splitbias-files/jobs/55/2355-result.RData
########## Executing jid=2356 ##########
Timestamp: 2016-04-28 14:33:52
Experiment: 
  Problem: taski 
  Problem parameters: idi=52, learner=, teststat=, testtype= 
  Algorithm: forest.splitbias.oob 
  Algorithm parameters:  
  Replication: 10 
  Seed: 2356 
  Problem seed: 132 
Setting seed: 2356
Applying Algorithm forest.splitbias.oob ...
Generating problem taski ...
Result:
List of 3
 $ idi   : int 52
 $ lrn   : chr [1:3] "randomForest" "oob" ""
 $ result: Named num [1:5] 0.837 0.169 0.255 0.163 0.566
  ..- attr(*, "names")= chr [1:5] "ACC" "BER" "multiclass.brier" "MMCE" ...
NULL
Writing result file: /home/probst/Random_Forest/RFSplitbias/results/Splitbias-files/jobs/56/2356-result.RData
########## Executing jid=2357 ##########
Timestamp: 2016-04-28 14:33:53
Experiment: 
  Problem: taski 
  Problem parameters: idi=3055, learner=, teststat=, testtype= 
  Algorithm: forest.splitbias.oob 
  Algorithm parameters:  
  Replication: 2 
  Seed: 2357 
  Problem seed: 124 
Setting seed: 2357
Applying Algorithm forest.splitbias.oob ...
Generating problem taski ...
Result:
List of 3
 $ idi   : int 3055
 $ lrn   : chr [1:3] "randomForest" "oob" ""
 $ result: Named num [1:5] 0.9892 0.0111 0.0384 0.0108 0.7597
  ..- attr(*, "names")= chr [1:5] "ACC" "BER" "multiclass.brier" "MMCE" ...
NULL
Writing result file: /home/probst/Random_Forest/RFSplitbias/results/Splitbias-files/jobs/57/2357-result.RData
########## Executing jid=2358 ##########
Timestamp: 2016-04-28 14:33:54
Experiment: 
  Problem: taski 
  Problem parameters: idi=3055, learner=, teststat=, testtype= 
  Algorithm: forest.splitbias.oob 
  Algorithm parameters:  
  Replication: 3 
  Seed: 2358 
  Problem seed: 125 
Setting seed: 2358
Applying Algorithm forest.splitbias.oob ...
Generating problem taski ...
Result:
List of 3
 $ idi   : int 3055
 $ lrn   : chr [1:3] "randomForest" "oob" ""
 $ result: Named num [1:5] 0.9892 0.0111 0.0394 0.0108 0.7671
  ..- attr(*, "names")= chr [1:5] "ACC" "BER" "multiclass.brier" "MMCE" ...
NULL
Writing result file: /home/probst/Random_Forest/RFSplitbias/results/Splitbias-files/jobs/58/2358-result.RData
########## Executing jid=2359 ##########
Timestamp: 2016-04-28 14:33:54
Experiment: 
  Problem: taski 
  Problem parameters: idi=3055, learner=, teststat=, testtype= 
  Algorithm: forest.splitbias.oob 
  Algorithm parameters:  
  Replication: 4 
  Seed: 2359 
  Problem seed: 126 
Setting seed: 2359
Applying Algorithm forest.splitbias.oob ...
Generating problem taski ...
Result:
List of 3
 $ idi   : int 3055
 $ lrn   : chr [1:3] "randomForest" "oob" ""
 $ result: Named num [1:5] 0.9892 0.0111 0.0393 0.0108 0.7839
  ..- attr(*, "names")= chr [1:5] "ACC" "BER" "multiclass.brier" "MMCE" ...
NULL
Writing result file: /home/probst/Random_Forest/RFSplitbias/results/Splitbias-files/jobs/59/2359-result.RData
########## Executing jid=2360 ##########
Timestamp: 2016-04-28 14:33:55
Experiment: 
  Problem: taski 
  Problem parameters: idi=3055, learner=, teststat=, testtype= 
  Algorithm: forest.splitbias.oob 
  Algorithm parameters:  
  Replication: 5 
  Seed: 2360 
  Problem seed: 127 
Setting seed: 2360
Applying Algorithm forest.splitbias.oob ...
Generating problem taski ...
Result:
List of 3
 $ idi   : int 3055
 $ lrn   : chr [1:3] "randomForest" "oob" ""
 $ result: Named num [1:5] 0.9892 0.0111 0.0391 0.0108 0.7735
  ..- attr(*, "names")= chr [1:5] "ACC" "BER" "multiclass.brier" "MMCE" ...
NULL
Writing result file: /home/probst/Random_Forest/RFSplitbias/results/Splitbias-files/jobs/60/2360-result.RData
########## Executing jid=2361 ##########
Timestamp: 2016-04-28 14:33:56
Experiment: 
  Problem: taski 
  Problem parameters: idi=3055, learner=, teststat=, testtype= 
  Algorithm: forest.splitbias.oob 
  Algorithm parameters:  
  Replication: 6 
  Seed: 2361 
  Problem seed: 128 
Setting seed: 2361
Applying Algorithm forest.splitbias.oob ...
Generating problem taski ...
Result:
List of 3
 $ idi   : int 3055
 $ lrn   : chr [1:3] "randomForest" "oob" ""
 $ result: Named num [1:5] 0.9892 0.0111 0.0402 0.0108 0.778
  ..- attr(*, "names")= chr [1:5] "ACC" "BER" "multiclass.brier" "MMCE" ...
NULL
Writing result file: /home/probst/Random_Forest/RFSplitbias/results/Splitbias-files/jobs/61/2361-result.RData
########## Executing jid=2362 ##########
Timestamp: 2016-04-28 14:33:56
Experiment: 
  Problem: taski 
  Problem parameters: idi=3055, learner=, teststat=, testtype= 
  Algorithm: forest.splitbias.oob 
  Algorithm parameters:  
  Replication: 7 
  Seed: 2362 
  Problem seed: 129 
Setting seed: 2362
Applying Algorithm forest.splitbias.oob ...
Generating problem taski ...
Result:
List of 3
 $ idi   : int 3055
 $ lrn   : chr [1:3] "randomForest" "oob" ""
 $ result: Named num [1:5] 0.9874 0.0129 0.0393 0.0126 0.7688
  ..- attr(*, "names")= chr [1:5] "ACC" "BER" "multiclass.brier" "MMCE" ...
NULL
Writing result file: /home/probst/Random_Forest/RFSplitbias/results/Splitbias-files/jobs/62/2362-result.RData
########## Executing jid=2363 ##########
Timestamp: 2016-04-28 14:33:57
Experiment: 
  Problem: taski 
  Problem parameters: idi=3055, learner=, teststat=, testtype= 
  Algorithm: forest.splitbias.oob 
  Algorithm parameters:  
  Replication: 8 
  Seed: 2363 
  Problem seed: 130 
Setting seed: 2363
Applying Algorithm forest.splitbias.oob ...
Generating problem taski ...
Result:
List of 3
 $ idi   : int 3055
 $ lrn   : chr [1:3] "randomForest" "oob" ""
 $ result: Named num [1:5] 0.9892 0.0111 0.0397 0.0108 0.7756
  ..- attr(*, "names")= chr [1:5] "ACC" "BER" "multiclass.brier" "MMCE" ...
NULL
Writing result file: /home/probst/Random_Forest/RFSplitbias/results/Splitbias-files/jobs/63/2363-result.RData
########## Executing jid=2364 ##########
Timestamp: 2016-04-28 14:33:58
Experiment: 
  Problem: taski 
  Problem parameters: idi=3055, learner=, teststat=, testtype= 
  Algorithm: forest.splitbias.oob 
  Algorithm parameters:  
  Replication: 9 
  Seed: 2364 
  Problem seed: 131 
Setting seed: 2364
Applying Algorithm forest.splitbias.oob ...
Generating problem taski ...
Result:
List of 3
 $ idi   : int 3055
 $ lrn   : chr [1:3] "randomForest" "oob" ""
 $ result: Named num [1:5] 0.9892 0.0111 0.04 0.0108 0.7611
  ..- attr(*, "names")= chr [1:5] "ACC" "BER" "multiclass.brier" "MMCE" ...
NULL
Writing result file: /home/probst/Random_Forest/RFSplitbias/results/Splitbias-files/jobs/64/2364-result.RData
########## Executing jid=2365 ##########
Timestamp: 2016-04-28 14:33:59
Experiment: 
  Problem: taski 
  Problem parameters: idi=3055, learner=, teststat=, testtype= 
  Algorithm: forest.splitbias.oob 
  Algorithm parameters:  
  Replication: 10 
  Seed: 2365 
  Problem seed: 132 
Setting seed: 2365
Applying Algorithm forest.splitbias.oob ...
Generating problem taski ...
Result:
List of 3
 $ idi   : int 3055
 $ lrn   : chr [1:3] "randomForest" "oob" ""
 $ result: Named num [1:5] 0.9874 0.0129 0.0405 0.0126 0.7601
  ..- attr(*, "names")= chr [1:5] "ACC" "BER" "multiclass.brier" "MMCE" ...
NULL
Writing result file: /home/probst/Random_Forest/RFSplitbias/results/Splitbias-files/jobs/65/2365-result.RData
########## Executing jid=2366 ##########
Timestamp: 2016-04-28 14:33:59
Experiment: 
  Problem: taski 
  Problem parameters: idi=9988, learner=, teststat=, testtype= 
  Algorithm: forest.splitbias.oob 
  Algorithm parameters:  
  Replication: 2 
  Seed: 2366 
  Problem seed: 124 
Setting seed: 2366
Applying Algorithm forest.splitbias.oob ...
Generating problem taski ...
Result:
List of 3
 $ idi   : int 9988
 $ lrn   : chr [1:3] "randomForest" "oob" ""
 $ result: Named num [1:5] 0.9159 0.0953 0.1296 0.0841 0.735
  ..- attr(*, "names")= chr [1:5] "ACC" "BER" "multiclass.brier" "MMCE" ...
NULL
Writing result file: /home/probst/Random_Forest/RFSplitbias/results/Splitbias-files/jobs/66/2366-result.RData
########## Executing jid=2367 ##########
Timestamp: 2016-04-28 14:34:00
Experiment: 
  Problem: taski 
  Problem parameters: idi=9988, learner=, teststat=, testtype= 
  Algorithm: forest.splitbias.oob 
  Algorithm parameters:  
  Replication: 3 
  Seed: 2367 
  Problem seed: 125 
Setting seed: 2367
Applying Algorithm forest.splitbias.oob ...
Generating problem taski ...
Result:
List of 3
 $ idi   : int 9988
 $ lrn   : chr [1:3] "randomForest" "oob" ""
 $ result: Named num [1:5] 0.9136 0.0988 0.13 0.0864 0.7362
  ..- attr(*, "names")= chr [1:5] "ACC" "BER" "multiclass.brier" "MMCE" ...
NULL
Writing result file: /home/probst/Random_Forest/RFSplitbias/results/Splitbias-files/jobs/67/2367-result.RData
########## Executing jid=2368 ##########
Timestamp: 2016-04-28 14:34:01
Experiment: 
  Problem: taski 
  Problem parameters: idi=9988, learner=, teststat=, testtype= 
  Algorithm: forest.splitbias.oob 
  Algorithm parameters:  
  Replication: 4 
  Seed: 2368 
  Problem seed: 126 
Setting seed: 2368
Applying Algorithm forest.splitbias.oob ...
Generating problem taski ...
Result:
List of 3
 $ idi   : int 9988
 $ lrn   : chr [1:3] "randomForest" "oob" ""
 $ result: Named num [1:5] 0.9114 0.1023 0.1312 0.0886 0.7425
  ..- attr(*, "names")= chr [1:5] "ACC" "BER" "multiclass.brier" "MMCE" ...
NULL
Writing result file: /home/probst/Random_Forest/RFSplitbias/results/Splitbias-files/jobs/68/2368-result.RData
########## Executing jid=2369 ##########
Timestamp: 2016-04-28 14:34:02
Experiment: 
  Problem: taski 
  Problem parameters: idi=9988, learner=, teststat=, testtype= 
  Algorithm: forest.splitbias.oob 
  Algorithm parameters:  
  Replication: 5 
  Seed: 2369 
  Problem seed: 127 
Setting seed: 2369
Applying Algorithm forest.splitbias.oob ...
Generating problem taski ...
Result:
List of 3
 $ idi   : int 9988
 $ lrn   : chr [1:3] "randomForest" "oob" ""
 $ result: Named num [1:5] 0.9136 0.0988 0.131 0.0864 0.7393
  ..- attr(*, "names")= chr [1:5] "ACC" "BER" "multiclass.brier" "MMCE" ...
NULL
Writing result file: /home/probst/Random_Forest/RFSplitbias/results/Splitbias-files/jobs/69/2369-result.RData
########## Executing jid=2370 ##########
Timestamp: 2016-04-28 14:34:03
Experiment: 
  Problem: taski 
  Problem parameters: idi=9988, learner=, teststat=, testtype= 
  Algorithm: forest.splitbias.oob 
  Algorithm parameters:  
  Replication: 6 
  Seed: 2370 
  Problem seed: 128 
Setting seed: 2370
Applying Algorithm forest.splitbias.oob ...
Generating problem taski ...
Result:
List of 3
 $ idi   : int 9988
 $ lrn   : chr [1:3] "randomForest" "oob" ""
 $ result: Named num [1:5] 0.9159 0.0953 0.1308 0.0841 0.7265
  ..- attr(*, "names")= chr [1:5] "ACC" "BER" "multiclass.brier" "MMCE" ...
NULL
Writing result file: /home/probst/Random_Forest/RFSplitbias/results/Splitbias-files/jobs/70/2370-result.RData
########## Executing jid=2371 ##########
Timestamp: 2016-04-28 14:34:03
Experiment: 
  Problem: taski 
  Problem parameters: idi=9988, learner=, teststat=, testtype= 
  Algorithm: forest.splitbias.oob 
  Algorithm parameters:  
  Replication: 7 
  Seed: 2371 
  Problem seed: 129 
Setting seed: 2371
Applying Algorithm forest.splitbias.oob ...
Generating problem taski ...
Result:
List of 3
 $ idi   : int 9988
 $ lrn   : chr [1:3] "randomForest" "oob" ""
 $ result: Named num [1:5] 0.9159 0.0953 0.1305 0.0841 0.7378
  ..- attr(*, "names")= chr [1:5] "ACC" "BER" "multiclass.brier" "MMCE" ...
NULL
Writing result file: /home/probst/Random_Forest/RFSplitbias/results/Splitbias-files/jobs/71/2371-result.RData
########## Executing jid=2372 ##########
Timestamp: 2016-04-28 14:34:04
Experiment: 
  Problem: taski 
  Problem parameters: idi=9988, learner=, teststat=, testtype= 
  Algorithm: forest.splitbias.oob 
  Algorithm parameters:  
  Replication: 8 
  Seed: 2372 
  Problem seed: 130 
Setting seed: 2372
Applying Algorithm forest.splitbias.oob ...
Generating problem taski ...
Result:
List of 3
 $ idi   : int 9988
 $ lrn   : chr [1:3] "randomForest" "oob" ""
 $ result: Named num [1:5] 0.9159 0.0953 0.1315 0.0841 0.7341
  ..- attr(*, "names")= chr [1:5] "ACC" "BER" "multiclass.brier" "MMCE" ...
NULL
Writing result file: /home/probst/Random_Forest/RFSplitbias/results/Splitbias-files/jobs/72/2372-result.RData
########## Executing jid=2373 ##########
Timestamp: 2016-04-28 14:34:05
Experiment: 
  Problem: taski 
  Problem parameters: idi=9988, learner=, teststat=, testtype= 
  Algorithm: forest.splitbias.oob 
  Algorithm parameters:  
  Replication: 9 
  Seed: 2373 
  Problem seed: 131 
Setting seed: 2373
Applying Algorithm forest.splitbias.oob ...
Generating problem taski ...
Result:
List of 3
 $ idi   : int 9988
 $ lrn   : chr [1:3] "randomForest" "oob" ""
 $ result: Named num [1:5] 0.9114 0.1023 0.1303 0.0886 0.7404
  ..- attr(*, "names")= chr [1:5] "ACC" "BER" "multiclass.brier" "MMCE" ...
NULL
Writing result file: /home/probst/Random_Forest/RFSplitbias/results/Splitbias-files/jobs/73/2373-result.RData
########## Executing jid=2374 ##########
Timestamp: 2016-04-28 14:34:06
Experiment: 
  Problem: taski 
  Problem parameters: idi=9988, learner=, teststat=, testtype= 
  Algorithm: forest.splitbias.oob 
  Algorithm parameters:  
  Replication: 10 
  Seed: 2374 
  Problem seed: 132 
Setting seed: 2374
Applying Algorithm forest.splitbias.oob ...
Generating problem taski ...
Result:
List of 3
 $ idi   : int 9988
 $ lrn   : chr [1:3] "randomForest" "oob" ""
 $ result: Named num [1:5] 0.9114 0.1005 0.1292 0.0886 0.7379
  ..- attr(*, "names")= chr [1:5] "ACC" "BER" "multiclass.brier" "MMCE" ...
NULL
Writing result file: /home/probst/Random_Forest/RFSplitbias/results/Splitbias-files/jobs/74/2374-result.RData
########## Executing jid=2375 ##########
Timestamp: 2016-04-28 14:34:07
Experiment: 
  Problem: taski 
  Problem parameters: idi=3560, learner=, teststat=, testtype= 
  Algorithm: forest.splitbias.oob 
  Algorithm parameters:  
  Replication: 2 
  Seed: 2375 
  Problem seed: 124 
Setting seed: 2375
Applying Algorithm forest.splitbias.oob ...
Generating problem taski ...
Result:
List of 3
 $ idi   : int 3560
 $ lrn   : chr [1:3] "randomForest" "oob" ""
 $ result: Named num [1:5] 0.202 0.798 0.982 0.798 0.52
  ..- attr(*, "names")= chr [1:5] "ACC" "BER" "multiclass.brier" "MMCE" ...
NULL
Writing result file: /home/probst/Random_Forest/RFSplitbias/results/Splitbias-files/jobs/75/2375-result.RData
########## Executing jid=2376 ##########
Timestamp: 2016-04-28 14:34:11
Experiment: 
  Problem: taski 
  Problem parameters: idi=3560, learner=, teststat=, testtype= 
  Algorithm: forest.splitbias.oob 
  Algorithm parameters:  
  Replication: 3 
  Seed: 2376 
  Problem seed: 125 
Setting seed: 2376
Applying Algorithm forest.splitbias.oob ...
Generating problem taski ...
Result:
List of 3
 $ idi   : int 3560
 $ lrn   : chr [1:3] "randomForest" "oob" ""
 $ result: Named num [1:5] 0.206 0.794 0.983 0.794 0.526
  ..- attr(*, "names")= chr [1:5] "ACC" "BER" "multiclass.brier" "MMCE" ...
NULL
Writing result file: /home/probst/Random_Forest/RFSplitbias/results/Splitbias-files/jobs/76/2376-result.RData
########## Executing jid=2377 ##########
Timestamp: 2016-04-28 14:34:16
Experiment: 
  Problem: taski 
  Problem parameters: idi=3560, learner=, teststat=, testtype= 
  Algorithm: forest.splitbias.oob 
  Algorithm parameters:  
  Replication: 4 
  Seed: 2377 
  Problem seed: 126 
Setting seed: 2377
Applying Algorithm forest.splitbias.oob ...
Generating problem taski ...
Result:
List of 3
 $ idi   : int 3560
 $ lrn   : chr [1:3] "randomForest" "oob" ""
 $ result: Named num [1:5] 0.212 0.787 0.98 0.788 0.521
  ..- attr(*, "names")= chr [1:5] "ACC" "BER" "multiclass.brier" "MMCE" ...
NULL
Writing result file: /home/probst/Random_Forest/RFSplitbias/results/Splitbias-files/jobs/77/2377-result.RData
########## Executing jid=2378 ##########
Timestamp: 2016-04-28 14:34:21
Experiment: 
  Problem: taski 
  Problem parameters: idi=3560, learner=, teststat=, testtype= 
  Algorithm: forest.splitbias.oob 
  Algorithm parameters:  
  Replication: 5 
  Seed: 2378 
  Problem seed: 127 
Setting seed: 2378
Applying Algorithm forest.splitbias.oob ...
Generating problem taski ...
Result:
List of 3
 $ idi   : int 3560
 $ lrn   : chr [1:3] "randomForest" "oob" ""
 $ result: Named num [1:5] 0.213 0.787 0.983 0.787 0.525
  ..- attr(*, "names")= chr [1:5] "ACC" "BER" "multiclass.brier" "MMCE" ...
NULL
Writing result file: /home/probst/Random_Forest/RFSplitbias/results/Splitbias-files/jobs/78/2378-result.RData
########## Executing jid=2379 ##########
Timestamp: 2016-04-28 14:34:26
Experiment: 
  Problem: taski 
  Problem parameters: idi=3560, learner=, teststat=, testtype= 
  Algorithm: forest.splitbias.oob 
  Algorithm parameters:  
  Replication: 6 
  Seed: 2379 
  Problem seed: 128 
Setting seed: 2379
Applying Algorithm forest.splitbias.oob ...
Generating problem taski ...
Result:
List of 3
 $ idi   : int 3560
 $ lrn   : chr [1:3] "randomForest" "oob" ""
 $ result: Named num [1:5] 0.208 0.791 0.983 0.792 0.521
  ..- attr(*, "names")= chr [1:5] "ACC" "BER" "multiclass.brier" "MMCE" ...
NULL
Writing result file: /home/probst/Random_Forest/RFSplitbias/results/Splitbias-files/jobs/79/2379-result.RData
########## Executing jid=2380 ##########
Timestamp: 2016-04-28 14:34:31
Experiment: 
  Problem: taski 
  Problem parameters: idi=3560, learner=, teststat=, testtype= 
  Algorithm: forest.splitbias.oob 
  Algorithm parameters:  
  Replication: 7 
  Seed: 2380 
  Problem seed: 129 
Setting seed: 2380
Applying Algorithm forest.splitbias.oob ...
Generating problem taski ...
Result:
List of 3
 $ idi   : int 3560
 $ lrn   : chr [1:3] "randomForest" "oob" ""
 $ result: Named num [1:5] 0.205 0.795 0.98 0.795 0.518
  ..- attr(*, "names")= chr [1:5] "ACC" "BER" "multiclass.brier" "MMCE" ...
NULL
Writing result file: /home/probst/Random_Forest/RFSplitbias/results/Splitbias-files/jobs/80/2380-result.RData
########## Executing jid=2381 ##########
Timestamp: 2016-04-28 14:34:36
Experiment: 
  Problem: taski 
  Problem parameters: idi=3560, learner=, teststat=, testtype= 
  Algorithm: forest.splitbias.oob 
  Algorithm parameters:  
  Replication: 8 
  Seed: 2381 
  Problem seed: 130 
Setting seed: 2381
Applying Algorithm forest.splitbias.oob ...
Generating problem taski ...
Result:
List of 3
 $ idi   : int 3560
 $ lrn   : chr [1:3] "randomForest" "oob" ""
 $ result: Named num [1:5] 0.205 0.795 0.984 0.795 0.523
  ..- attr(*, "names")= chr [1:5] "ACC" "BER" "multiclass.brier" "MMCE" ...
NULL
Writing result file: /home/probst/Random_Forest/RFSplitbias/results/Splitbias-files/jobs/81/2381-result.RData
########## Executing jid=2382 ##########
Timestamp: 2016-04-28 14:34:40
Experiment: 
  Problem: taski 
  Problem parameters: idi=3560, learner=, teststat=, testtype= 
  Algorithm: forest.splitbias.oob 
  Algorithm parameters:  
  Replication: 9 
  Seed: 2382 
  Problem seed: 131 
Setting seed: 2382
Applying Algorithm forest.splitbias.oob ...
Generating problem taski ...
Result:
List of 3
 $ idi   : int 3560
 $ lrn   : chr [1:3] "randomForest" "oob" ""
 $ result: Named num [1:5] 0.198 0.801 0.983 0.802 0.525
  ..- attr(*, "names")= chr [1:5] "ACC" "BER" "multiclass.brier" "MMCE" ...
NULL
Writing result file: /home/probst/Random_Forest/RFSplitbias/results/Splitbias-files/jobs/82/2382-result.RData
########## Executing jid=2383 ##########
Timestamp: 2016-04-28 14:34:45
Experiment: 
  Problem: taski 
  Problem parameters: idi=3560, learner=, teststat=, testtype= 
  Algorithm: forest.splitbias.oob 
  Algorithm parameters:  
  Replication: 10 
  Seed: 2383 
  Problem seed: 132 
Setting seed: 2383
Applying Algorithm forest.splitbias.oob ...
Generating problem taski ...
Result:
List of 3
 $ idi   : int 3560
 $ lrn   : chr [1:3] "randomForest" "oob" ""
 $ result: Named num [1:5] 0.203 0.796 0.984 0.797 0.522
  ..- attr(*, "names")= chr [1:5] "ACC" "BER" "multiclass.brier" "MMCE" ...
NULL
Writing result file: /home/probst/Random_Forest/RFSplitbias/results/Splitbias-files/jobs/83/2383-result.RData
########## Executing jid=2384 ##########
Timestamp: 2016-04-28 14:34:50
Experiment: 
  Problem: taski 
  Problem parameters: idi=3749, learner=, teststat=, testtype= 
  Algorithm: forest.splitbias.oob 
  Algorithm parameters:  
  Replication: 2 
  Seed: 2384 
  Problem seed: 124 
Setting seed: 2384
Applying Algorithm forest.splitbias.oob ...
Generating problem taski ...
Result:
List of 3
 $ idi   : int 3749
 $ lrn   : chr [1:3] "randomForest" "oob" ""
 $ result: Named num [1:5] 0.644 0.356 0.432 0.356 0.514
  ..- attr(*, "names")= chr [1:5] "ACC" "BER" "multiclass.brier" "MMCE" ...
NULL
Writing result file: /home/probst/Random_Forest/RFSplitbias/results/Splitbias-files/jobs/84/2384-result.RData
########## Executing jid=2385 ##########
Timestamp: 2016-04-28 14:34:51
Experiment: 
  Problem: taski 
  Problem parameters: idi=3749, learner=, teststat=, testtype= 
  Algorithm: forest.splitbias.oob 
  Algorithm parameters:  
  Replication: 3 
  Seed: 2385 
  Problem seed: 125 
Setting seed: 2385
Applying Algorithm forest.splitbias.oob ...
Generating problem taski ...
Result:
List of 3
 $ idi   : int 3749
 $ lrn   : chr [1:3] "randomForest" "oob" ""
 $ result: Named num [1:5] 0.646 0.354 0.428 0.354 0.52
  ..- attr(*, "names")= chr [1:5] "ACC" "BER" "multiclass.brier" "MMCE" ...
NULL
Writing result file: /home/probst/Random_Forest/RFSplitbias/results/Splitbias-files/jobs/85/2385-result.RData
########## Executing jid=2386 ##########
Timestamp: 2016-04-28 14:34:52
Experiment: 
  Problem: taski 
  Problem parameters: idi=3749, learner=, teststat=, testtype= 
  Algorithm: forest.splitbias.oob 
  Algorithm parameters:  
  Replication: 4 
  Seed: 2386 
  Problem seed: 126 
Setting seed: 2386
Applying Algorithm forest.splitbias.oob ...
Generating problem taski ...
Result:
List of 3
 $ idi   : int 3749
 $ lrn   : chr [1:3] "randomForest" "oob" ""
 $ result: Named num [1:5] 0.65 0.35 0.426 0.35 0.519
  ..- attr(*, "names")= chr [1:5] "ACC" "BER" "multiclass.brier" "MMCE" ...
NULL
Writing result file: /home/probst/Random_Forest/RFSplitbias/results/Splitbias-files/jobs/86/2386-result.RData
########## Executing jid=2387 ##########
Timestamp: 2016-04-28 14:34:53
Experiment: 
  Problem: taski 
  Problem parameters: idi=3749, learner=, teststat=, testtype= 
  Algorithm: forest.splitbias.oob 
  Algorithm parameters:  
  Replication: 5 
  Seed: 2387 
  Problem seed: 127 
Setting seed: 2387
Applying Algorithm forest.splitbias.oob ...
Generating problem taski ...
Result:
List of 3
 $ idi   : int 3749
 $ lrn   : chr [1:3] "randomForest" "oob" ""
 $ result: Named num [1:5] 0.64 0.36 0.431 0.36 0.51
  ..- attr(*, "names")= chr [1:5] "ACC" "BER" "multiclass.brier" "MMCE" ...
NULL
Writing result file: /home/probst/Random_Forest/RFSplitbias/results/Splitbias-files/jobs/87/2387-result.RData
########## Executing jid=2388 ##########
Timestamp: 2016-04-28 14:34:54
Experiment: 
  Problem: taski 
  Problem parameters: idi=3749, learner=, teststat=, testtype= 
  Algorithm: forest.splitbias.oob 
  Algorithm parameters:  
  Replication: 6 
  Seed: 2388 
  Problem seed: 128 
Setting seed: 2388
Applying Algorithm forest.splitbias.oob ...
Generating problem taski ...
Result:
List of 3
 $ idi   : int 3749
 $ lrn   : chr [1:3] "randomForest" "oob" ""
 $ result: Named num [1:5] 0.638 0.362 0.432 0.362 0.512
  ..- attr(*, "names")= chr [1:5] "ACC" "BER" "multiclass.brier" "MMCE" ...
NULL
Writing result file: /home/probst/Random_Forest/RFSplitbias/results/Splitbias-files/jobs/88/2388-result.RData
########## Executing jid=2389 ##########
Timestamp: 2016-04-28 14:34:55
Experiment: 
  Problem: taski 
  Problem parameters: idi=3749, learner=, teststat=, testtype= 
  Algorithm: forest.splitbias.oob 
  Algorithm parameters:  
  Replication: 7 
  Seed: 2389 
  Problem seed: 129 
Setting seed: 2389
Applying Algorithm forest.splitbias.oob ...
Generating problem taski ...
Result:
List of 3
 $ idi   : int 3749
 $ lrn   : chr [1:3] "randomForest" "oob" ""
 $ result: Named num [1:5] 0.642 0.358 0.43 0.358 0.525
  ..- attr(*, "names")= chr [1:5] "ACC" "BER" "multiclass.brier" "MMCE" ...
NULL
Writing result file: /home/probst/Random_Forest/RFSplitbias/results/Splitbias-files/jobs/89/2389-result.RData
########## Executing jid=2390 ##########
Timestamp: 2016-04-28 14:34:56
Experiment: 
  Problem: taski 
  Problem parameters: idi=3749, learner=, teststat=, testtype= 
  Algorithm: forest.splitbias.oob 
  Algorithm parameters:  
  Replication: 8 
  Seed: 2390 
  Problem seed: 130 
Setting seed: 2390
Applying Algorithm forest.splitbias.oob ...
Generating problem taski ...
Result:
List of 3
 $ idi   : int 3749
 $ lrn   : chr [1:3] "randomForest" "oob" ""
 $ result: Named num [1:5] 0.644 0.356 0.429 0.356 0.521
  ..- attr(*, "names")= chr [1:5] "ACC" "BER" "multiclass.brier" "MMCE" ...
NULL
Writing result file: /home/probst/Random_Forest/RFSplitbias/results/Splitbias-files/jobs/90/2390-result.RData
########## Executing jid=2391 ##########
Timestamp: 2016-04-28 14:34:57
Experiment: 
  Problem: taski 
  Problem parameters: idi=3749, learner=, teststat=, testtype= 
  Algorithm: forest.splitbias.oob 
  Algorithm parameters:  
  Replication: 9 
  Seed: 2391 
  Problem seed: 131 
Setting seed: 2391
Applying Algorithm forest.splitbias.oob ...
Generating problem taski ...
Result:
List of 3
 $ idi   : int 3749
 $ lrn   : chr [1:3] "randomForest" "oob" ""
 $ result: Named num [1:5] 0.628 0.372 0.429 0.372 0.52
  ..- attr(*, "names")= chr [1:5] "ACC" "BER" "multiclass.brier" "MMCE" ...
NULL
Writing result file: /home/probst/Random_Forest/RFSplitbias/results/Splitbias-files/jobs/91/2391-result.RData
########## Executing jid=2392 ##########
Timestamp: 2016-04-28 14:34:58
Experiment: 
  Problem: taski 
  Problem parameters: idi=3749, learner=, teststat=, testtype= 
  Algorithm: forest.splitbias.oob 
  Algorithm parameters:  
  Replication: 10 
  Seed: 2392 
  Problem seed: 132 
Setting seed: 2392
Applying Algorithm forest.splitbias.oob ...
Generating problem taski ...
Result:
List of 3
 $ idi   : int 3749
 $ lrn   : chr [1:3] "randomForest" "oob" ""
 $ result: Named num [1:5] 0.644 0.356 0.429 0.356 0.517
  ..- attr(*, "names")= chr [1:5] "ACC" "BER" "multiclass.brier" "MMCE" ...
NULL
Writing result file: /home/probst/Random_Forest/RFSplitbias/results/Splitbias-files/jobs/92/2392-result.RData
########## Executing jid=2393 ##########
Timestamp: 2016-04-28 14:34:59
Experiment: 
  Problem: taski 
  Problem parameters: idi=3616, learner=, teststat=, testtype= 
  Algorithm: forest.splitbias.oob 
  Algorithm parameters:  
  Replication: 2 
  Seed: 2393 
  Problem seed: 124 
Setting seed: 2393
Applying Algorithm forest.splitbias.oob ...
Generating problem taski ...
Result:
List of 3
 $ idi   : int 3616
 $ lrn   : chr [1:3] "randomForest" "oob" ""
 $ result: Named num [1:5] 0.634 0.367 0.454 0.366 0.543
  ..- attr(*, "names")= chr [1:5] "ACC" "BER" "multiclass.brier" "MMCE" ...
NULL
Writing result file: /home/probst/Random_Forest/RFSplitbias/results/Splitbias-files/jobs/93/2393-result.RData
########## Executing jid=2394 ##########
Timestamp: 2016-04-28 14:35:00
Experiment: 
  Problem: taski 
  Problem parameters: idi=3616, learner=, teststat=, testtype= 
  Algorithm: forest.splitbias.oob 
  Algorithm parameters:  
  Replication: 3 
  Seed: 2394 
  Problem seed: 125 
Setting seed: 2394
Applying Algorithm forest.splitbias.oob ...
Generating problem taski ...
Result:
List of 3
 $ idi   : int 3616
 $ lrn   : chr [1:3] "randomForest" "oob" ""
 $ result: Named num [1:5] 0.628 0.372 0.454 0.372 0.532
  ..- attr(*, "names")= chr [1:5] "ACC" "BER" "multiclass.brier" "MMCE" ...
NULL
Writing result file: /home/probst/Random_Forest/RFSplitbias/results/Splitbias-files/jobs/94/2394-result.RData
########## Executing jid=2395 ##########
Timestamp: 2016-04-28 14:35:01
Experiment: 
  Problem: taski 
  Problem parameters: idi=3616, learner=, teststat=, testtype= 
  Algorithm: forest.splitbias.oob 
  Algorithm parameters:  
  Replication: 4 
  Seed: 2395 
  Problem seed: 126 
Setting seed: 2395
Applying Algorithm forest.splitbias.oob ...
Generating problem taski ...
Result:
List of 3
 $ idi   : int 3616
 $ lrn   : chr [1:3] "randomForest" "oob" ""
 $ result: Named num [1:5] 0.612 0.388 0.455 0.388 0.538
  ..- attr(*, "names")= chr [1:5] "ACC" "BER" "multiclass.brier" "MMCE" ...
NULL
Writing result file: /home/probst/Random_Forest/RFSplitbias/results/Splitbias-files/jobs/95/2395-result.RData
########## Executing jid=2396 ##########
Timestamp: 2016-04-28 14:35:02
Experiment: 
  Problem: taski 
  Problem parameters: idi=3616, learner=, teststat=, testtype= 
  Algorithm: forest.splitbias.oob 
  Algorithm parameters:  
  Replication: 5 
  Seed: 2396 
  Problem seed: 127 
Setting seed: 2396
Applying Algorithm forest.splitbias.oob ...
Generating problem taski ...
Result:
List of 3
 $ idi   : int 3616
 $ lrn   : chr [1:3] "randomForest" "oob" ""
 $ result: Named num [1:5] 0.634 0.366 0.455 0.366 0.534
  ..- attr(*, "names")= chr [1:5] "ACC" "BER" "multiclass.brier" "MMCE" ...
NULL
Writing result file: /home/probst/Random_Forest/RFSplitbias/results/Splitbias-files/jobs/96/2396-result.RData
########## Executing jid=2397 ##########
Timestamp: 2016-04-28 14:35:03
Experiment: 
  Problem: taski 
  Problem parameters: idi=3616, learner=, teststat=, testtype= 
  Algorithm: forest.splitbias.oob 
  Algorithm parameters:  
  Replication: 6 
  Seed: 2397 
  Problem seed: 128 
Setting seed: 2397
Applying Algorithm forest.splitbias.oob ...
Generating problem taski ...
Result:
List of 3
 $ idi   : int 3616
 $ lrn   : chr [1:3] "randomForest" "oob" ""
 $ result: Named num [1:5] 0.64 0.36 0.455 0.36 0.533
  ..- attr(*, "names")= chr [1:5] "ACC" "BER" "multiclass.brier" "MMCE" ...
NULL
Writing result file: /home/probst/Random_Forest/RFSplitbias/results/Splitbias-files/jobs/97/2397-result.RData
########## Executing jid=2398 ##########
Timestamp: 2016-04-28 14:35:03
Experiment: 
  Problem: taski 
  Problem parameters: idi=3616, learner=, teststat=, testtype= 
  Algorithm: forest.splitbias.oob 
  Algorithm parameters:  
  Replication: 7 
  Seed: 2398 
  Problem seed: 129 
Setting seed: 2398
Applying Algorithm forest.splitbias.oob ...
Generating problem taski ...
Result:
List of 3
 $ idi   : int 3616
 $ lrn   : chr [1:3] "randomForest" "oob" ""
 $ result: Named num [1:5] 0.632 0.369 0.456 0.368 0.543
  ..- attr(*, "names")= chr [1:5] "ACC" "BER" "multiclass.brier" "MMCE" ...
NULL
Writing result file: /home/probst/Random_Forest/RFSplitbias/results/Splitbias-files/jobs/98/2398-result.RData
########## Executing jid=2399 ##########
Timestamp: 2016-04-28 14:35:05
Experiment: 
  Problem: taski 
  Problem parameters: idi=3616, learner=, teststat=, testtype= 
  Algorithm: forest.splitbias.oob 
  Algorithm parameters:  
  Replication: 8 
  Seed: 2399 
  Problem seed: 130 
Setting seed: 2399
Applying Algorithm forest.splitbias.oob ...
Generating problem taski ...
Result:
List of 3
 $ idi   : int 3616
 $ lrn   : chr [1:3] "randomForest" "oob" ""
 $ result: Named num [1:5] 0.626 0.374 0.455 0.374 0.541
  ..- attr(*, "names")= chr [1:5] "ACC" "BER" "multiclass.brier" "MMCE" ...
NULL
Writing result file: /home/probst/Random_Forest/RFSplitbias/results/Splitbias-files/jobs/99/2399-result.RData
########## Executing jid=2400 ##########
Timestamp: 2016-04-28 14:35:06
Experiment: 
  Problem: taski 
  Problem parameters: idi=3616, learner=, teststat=, testtype= 
  Algorithm: forest.splitbias.oob 
  Algorithm parameters:  
  Replication: 9 
  Seed: 2400 
  Problem seed: 131 
Setting seed: 2400
Applying Algorithm forest.splitbias.oob ...
Generating problem taski ...
Result:
List of 3
 $ idi   : int 3616
 $ lrn   : chr [1:3] "randomForest" "oob" ""
 $ result: Named num [1:5] 0.626 0.375 0.459 0.374 0.538
  ..- attr(*, "names")= chr [1:5] "ACC" "BER" "multiclass.brier" "MMCE" ...
NULL
Writing result file: /home/probst/Random_Forest/RFSplitbias/results/Splitbias-files/jobs/00/2400-result.RData
########## Executing jid=2401 ##########
Timestamp: 2016-04-28 14:35:07
Experiment: 
  Problem: taski 
  Problem parameters: idi=3616, learner=, teststat=, testtype= 
  Algorithm: forest.splitbias.oob 
  Algorithm parameters:  
  Replication: 10 
  Seed: 2401 
  Problem seed: 132 
Setting seed: 2401
Applying Algorithm forest.splitbias.oob ...
Generating problem taski ...
Result:
List of 3
 $ idi   : int 3616
 $ lrn   : chr [1:3] "randomForest" "oob" ""
 $ result: Named num [1:5] 0.628 0.372 0.457 0.372 0.533
  ..- attr(*, "names")= chr [1:5] "ACC" "BER" "multiclass.brier" "MMCE" ...
NULL
Writing result file: /home/probst/Random_Forest/RFSplitbias/results/Splitbias-files/jobs/01/2401-result.RData
########## Executing jid=2402 ##########
Timestamp: 2016-04-28 14:35:07
Experiment: 
  Problem: taski 
  Problem parameters: idi=3054, learner=, teststat=, testtype= 
  Algorithm: forest.splitbias.oob 
  Algorithm parameters:  
  Replication: 2 
  Seed: 2402 
  Problem seed: 124 
Setting seed: 2402
Applying Algorithm forest.splitbias.oob ...
Generating problem taski ...
Result:
List of 3
 $ idi   : int 3054
 $ lrn   : chr [1:3] "randomForest" "oob" ""
 $ result: Named num [1:5] 0.83 0.248 0.255 0.17 0.985
  ..- attr(*, "names")= chr [1:5] "ACC" "BER" "multiclass.brier" "MMCE" ...
NULL
Writing result file: /home/probst/Random_Forest/RFSplitbias/results/Splitbias-files/jobs/02/2402-result.RData
########## Executing jid=2403 ##########
Timestamp: 2016-04-28 14:35:08
Experiment: 
  Problem: taski 
  Problem parameters: idi=3054, learner=, teststat=, testtype= 
  Algorithm: forest.splitbias.oob 
  Algorithm parameters:  
  Replication: 3 
  Seed: 2403 
  Problem seed: 125 
Setting seed: 2403
Applying Algorithm forest.splitbias.oob ...
Generating problem taski ...
Result:
List of 3
 $ idi   : int 3054
 $ lrn   : chr [1:3] "randomForest" "oob" ""
 $ result: Named num [1:5] 0.817 0.267 0.259 0.183 0.98
  ..- attr(*, "names")= chr [1:5] "ACC" "BER" "multiclass.brier" "MMCE" ...
NULL
Writing result file: /home/probst/Random_Forest/RFSplitbias/results/Splitbias-files/jobs/03/2403-result.RData
2016-04-28 14:35:09: All done.
Setting work back to: /nfsmb/koll/probst/Random_Forest/RFSplitbias/results
Memory usage according to gc:
          used (Mb) gc trigger  (Mb) max used  (Mb)
Ncells 1771885 94.7    2637877 140.9  2076709 111.0
Vcells 4652618 35.5   14256408 108.8 12093584  92.3
