Loading registry: /home/probst/Random_Forest/RFSplitbias/results/Splitbias-files/registry.RData
Loading conf: 
2016-04-28 14:36:30: Starting job on node lin65.
Auto-mailer settings: start=none, done=none, error=none.
Setting work dir: /nfsmb/koll/probst/Random_Forest/RFSplitbias/results
########## Executing jid=2504 ##########
Timestamp: 2016-04-28 14:36:30
Experiment: 
  Problem: taski 
  Problem parameters: idi=3937, learner=, teststat=, testtype= 
  Algorithm: forest.splitbias.oob 
  Algorithm parameters:  
  Replication: 5 
  Seed: 2504 
  Problem seed: 127 
Setting seed: 2504
Applying Algorithm forest.splitbias.oob ...
Generating problem taski ...
Result:
List of 3
 $ idi   : int 3937
 $ lrn   : chr [1:3] "randomForest" "oob" ""
 $ result: Named num [1:5] 0.563 0.541 0.626 0.437 0.777
  ..- attr(*, "names")= chr [1:5] "ACC" "BER" "multiclass.brier" "MMCE" ...
NULL
Writing result file: /home/probst/Random_Forest/RFSplitbias/results/Splitbias-files/jobs/04/2504-result.RData
########## Executing jid=2505 ##########
Timestamp: 2016-04-28 14:36:32
Experiment: 
  Problem: taski 
  Problem parameters: idi=3937, learner=, teststat=, testtype= 
  Algorithm: forest.splitbias.oob 
  Algorithm parameters:  
  Replication: 6 
  Seed: 2505 
  Problem seed: 128 
Setting seed: 2505
Applying Algorithm forest.splitbias.oob ...
Generating problem taski ...
Result:
List of 3
 $ idi   : int 3937
 $ lrn   : chr [1:3] "randomForest" "oob" ""
 $ result: Named num [1:5] 0.571 0.532 0.626 0.429 0.779
  ..- attr(*, "names")= chr [1:5] "ACC" "BER" "multiclass.brier" "MMCE" ...
NULL
Writing result file: /home/probst/Random_Forest/RFSplitbias/results/Splitbias-files/jobs/05/2505-result.RData
########## Executing jid=2506 ##########
Timestamp: 2016-04-28 14:36:35
Experiment: 
  Problem: taski 
  Problem parameters: idi=3937, learner=, teststat=, testtype= 
  Algorithm: forest.splitbias.oob 
  Algorithm parameters:  
  Replication: 7 
  Seed: 2506 
  Problem seed: 129 
Setting seed: 2506
Applying Algorithm forest.splitbias.oob ...
Generating problem taski ...
Result:
List of 3
 $ idi   : int 3937
 $ lrn   : chr [1:3] "randomForest" "oob" ""
 $ result: Named num [1:5] 0.552 0.552 0.628 0.448 0.778
  ..- attr(*, "names")= chr [1:5] "ACC" "BER" "multiclass.brier" "MMCE" ...
NULL
Writing result file: /home/probst/Random_Forest/RFSplitbias/results/Splitbias-files/jobs/06/2506-result.RData
########## Executing jid=2507 ##########
Timestamp: 2016-04-28 14:36:37
Experiment: 
  Problem: taski 
  Problem parameters: idi=3937, learner=, teststat=, testtype= 
  Algorithm: forest.splitbias.oob 
  Algorithm parameters:  
  Replication: 8 
  Seed: 2507 
  Problem seed: 130 
Setting seed: 2507
Applying Algorithm forest.splitbias.oob ...
Generating problem taski ...
Result:
List of 3
 $ idi   : int 3937
 $ lrn   : chr [1:3] "randomForest" "oob" ""
 $ result: Named num [1:5] 0.556 0.545 0.626 0.444 0.777
  ..- attr(*, "names")= chr [1:5] "ACC" "BER" "multiclass.brier" "MMCE" ...
NULL
Writing result file: /home/probst/Random_Forest/RFSplitbias/results/Splitbias-files/jobs/07/2507-result.RData
########## Executing jid=2508 ##########
Timestamp: 2016-04-28 14:36:39
Experiment: 
  Problem: taski 
  Problem parameters: idi=3937, learner=, teststat=, testtype= 
  Algorithm: forest.splitbias.oob 
  Algorithm parameters:  
  Replication: 9 
  Seed: 2508 
  Problem seed: 131 
Setting seed: 2508
Applying Algorithm forest.splitbias.oob ...
Generating problem taski ...
Result:
List of 3
 $ idi   : int 3937
 $ lrn   : chr [1:3] "randomForest" "oob" ""
 $ result: Named num [1:5] 0.565 0.539 0.629 0.435 0.782
  ..- attr(*, "names")= chr [1:5] "ACC" "BER" "multiclass.brier" "MMCE" ...
NULL
Writing result file: /home/probst/Random_Forest/RFSplitbias/results/Splitbias-files/jobs/08/2508-result.RData
########## Executing jid=2509 ##########
Timestamp: 2016-04-28 14:36:41
Experiment: 
  Problem: taski 
  Problem parameters: idi=3937, learner=, teststat=, testtype= 
  Algorithm: forest.splitbias.oob 
  Algorithm parameters:  
  Replication: 10 
  Seed: 2509 
  Problem seed: 132 
Setting seed: 2509
Applying Algorithm forest.splitbias.oob ...
Generating problem taski ...
Result:
List of 3
 $ idi   : int 3937
 $ lrn   : chr [1:3] "randomForest" "oob" ""
 $ result: Named num [1:5] 0.567 0.534 0.625 0.433 0.781
  ..- attr(*, "names")= chr [1:5] "ACC" "BER" "multiclass.brier" "MMCE" ...
NULL
Writing result file: /home/probst/Random_Forest/RFSplitbias/results/Splitbias-files/jobs/09/2509-result.RData
########## Executing jid=2510 ##########
Timestamp: 2016-04-28 14:36:43
Experiment: 
  Problem: taski 
  Problem parameters: idi=3583, learner=, teststat=, testtype= 
  Algorithm: forest.splitbias.oob 
  Algorithm parameters:  
  Replication: 2 
  Seed: 2510 
  Problem seed: 124 
Setting seed: 2510
Applying Algorithm forest.splitbias.oob ...
Generating problem taski ...
Result:
List of 3
 $ idi   : int 3583
 $ lrn   : chr [1:3] "randomForest" "oob" ""
 $ result: Named num [1:5] 0.888 0.115 0.165 0.112 0.584
  ..- attr(*, "names")= chr [1:5] "ACC" "BER" "multiclass.brier" "MMCE" ...
NULL
Writing result file: /home/probst/Random_Forest/RFSplitbias/results/Splitbias-files/jobs/10/2510-result.RData
########## Executing jid=2511 ##########
Timestamp: 2016-04-28 14:36:44
Experiment: 
  Problem: taski 
  Problem parameters: idi=3583, learner=, teststat=, testtype= 
  Algorithm: forest.splitbias.oob 
  Algorithm parameters:  
  Replication: 3 
  Seed: 2511 
  Problem seed: 125 
Setting seed: 2511
Applying Algorithm forest.splitbias.oob ...
Generating problem taski ...
Result:
List of 3
 $ idi   : int 3583
 $ lrn   : chr [1:3] "randomForest" "oob" ""
 $ result: Named num [1:5] 0.884 0.119 0.164 0.116 0.586
  ..- attr(*, "names")= chr [1:5] "ACC" "BER" "multiclass.brier" "MMCE" ...
NULL
Writing result file: /home/probst/Random_Forest/RFSplitbias/results/Splitbias-files/jobs/11/2511-result.RData
########## Executing jid=2512 ##########
Timestamp: 2016-04-28 14:36:45
Experiment: 
  Problem: taski 
  Problem parameters: idi=3583, learner=, teststat=, testtype= 
  Algorithm: forest.splitbias.oob 
  Algorithm parameters:  
  Replication: 4 
  Seed: 2512 
  Problem seed: 126 
Setting seed: 2512
Applying Algorithm forest.splitbias.oob ...
Generating problem taski ...
Result:
List of 3
 $ idi   : int 3583
 $ lrn   : chr [1:3] "randomForest" "oob" ""
 $ result: Named num [1:5] 0.888 0.115 0.165 0.112 0.589
  ..- attr(*, "names")= chr [1:5] "ACC" "BER" "multiclass.brier" "MMCE" ...
NULL
Writing result file: /home/probst/Random_Forest/RFSplitbias/results/Splitbias-files/jobs/12/2512-result.RData
########## Executing jid=2513 ##########
Timestamp: 2016-04-28 14:36:46
Experiment: 
  Problem: taski 
  Problem parameters: idi=3583, learner=, teststat=, testtype= 
  Algorithm: forest.splitbias.oob 
  Algorithm parameters:  
  Replication: 5 
  Seed: 2513 
  Problem seed: 127 
Setting seed: 2513
Applying Algorithm forest.splitbias.oob ...
Generating problem taski ...
Result:
List of 3
 $ idi   : int 3583
 $ lrn   : chr [1:3] "randomForest" "oob" ""
 $ result: Named num [1:5] 0.884 0.119 0.165 0.116 0.59
  ..- attr(*, "names")= chr [1:5] "ACC" "BER" "multiclass.brier" "MMCE" ...
NULL
Writing result file: /home/probst/Random_Forest/RFSplitbias/results/Splitbias-files/jobs/13/2513-result.RData
########## Executing jid=2514 ##########
Timestamp: 2016-04-28 14:36:47
Experiment: 
  Problem: taski 
  Problem parameters: idi=3583, learner=, teststat=, testtype= 
  Algorithm: forest.splitbias.oob 
  Algorithm parameters:  
  Replication: 6 
  Seed: 2514 
  Problem seed: 128 
Setting seed: 2514
Applying Algorithm forest.splitbias.oob ...
Generating problem taski ...
Result:
List of 3
 $ idi   : int 3583
 $ lrn   : chr [1:3] "randomForest" "oob" ""
 $ result: Named num [1:5] 0.882 0.122 0.163 0.118 0.575
  ..- attr(*, "names")= chr [1:5] "ACC" "BER" "multiclass.brier" "MMCE" ...
NULL
Writing result file: /home/probst/Random_Forest/RFSplitbias/results/Splitbias-files/jobs/14/2514-result.RData
########## Executing jid=2515 ##########
Timestamp: 2016-04-28 14:36:48
Experiment: 
  Problem: taski 
  Problem parameters: idi=3583, learner=, teststat=, testtype= 
  Algorithm: forest.splitbias.oob 
  Algorithm parameters:  
  Replication: 7 
  Seed: 2515 
  Problem seed: 129 
Setting seed: 2515
Applying Algorithm forest.splitbias.oob ...
Generating problem taski ...
Result:
List of 3
 $ idi   : int 3583
 $ lrn   : chr [1:3] "randomForest" "oob" ""
 $ result: Named num [1:5] 0.888 0.115 0.167 0.112 0.578
  ..- attr(*, "names")= chr [1:5] "ACC" "BER" "multiclass.brier" "MMCE" ...
NULL
Writing result file: /home/probst/Random_Forest/RFSplitbias/results/Splitbias-files/jobs/15/2515-result.RData
########## Executing jid=2516 ##########
Timestamp: 2016-04-28 14:36:49
Experiment: 
  Problem: taski 
  Problem parameters: idi=3583, learner=, teststat=, testtype= 
  Algorithm: forest.splitbias.oob 
  Algorithm parameters:  
  Replication: 8 
  Seed: 2516 
  Problem seed: 130 
Setting seed: 2516
Applying Algorithm forest.splitbias.oob ...
Generating problem taski ...
Result:
List of 3
 $ idi   : int 3583
 $ lrn   : chr [1:3] "randomForest" "oob" ""
 $ result: Named num [1:5] 0.88 0.123 0.164 0.12 0.582
  ..- attr(*, "names")= chr [1:5] "ACC" "BER" "multiclass.brier" "MMCE" ...
NULL
Writing result file: /home/probst/Random_Forest/RFSplitbias/results/Splitbias-files/jobs/16/2516-result.RData
########## Executing jid=2517 ##########
Timestamp: 2016-04-28 14:36:50
Experiment: 
  Problem: taski 
  Problem parameters: idi=3583, learner=, teststat=, testtype= 
  Algorithm: forest.splitbias.oob 
  Algorithm parameters:  
  Replication: 9 
  Seed: 2517 
  Problem seed: 131 
Setting seed: 2517
Applying Algorithm forest.splitbias.oob ...
Generating problem taski ...
Result:
List of 3
 $ idi   : int 3583
 $ lrn   : chr [1:3] "randomForest" "oob" ""
 $ result: Named num [1:5] 0.886 0.118 0.165 0.114 0.583
  ..- attr(*, "names")= chr [1:5] "ACC" "BER" "multiclass.brier" "MMCE" ...
NULL
Writing result file: /home/probst/Random_Forest/RFSplitbias/results/Splitbias-files/jobs/17/2517-result.RData
########## Executing jid=2518 ##########
Timestamp: 2016-04-28 14:36:51
Experiment: 
  Problem: taski 
  Problem parameters: idi=3583, learner=, teststat=, testtype= 
  Algorithm: forest.splitbias.oob 
  Algorithm parameters:  
  Replication: 10 
  Seed: 2518 
  Problem seed: 132 
Setting seed: 2518
Applying Algorithm forest.splitbias.oob ...
Generating problem taski ...
Result:
List of 3
 $ idi   : int 3583
 $ lrn   : chr [1:3] "randomForest" "oob" ""
 $ result: Named num [1:5] 0.884 0.12 0.165 0.116 0.584
  ..- attr(*, "names")= chr [1:5] "ACC" "BER" "multiclass.brier" "MMCE" ...
NULL
Writing result file: /home/probst/Random_Forest/RFSplitbias/results/Splitbias-files/jobs/18/2518-result.RData
########## Executing jid=2519 ##########
Timestamp: 2016-04-28 14:36:52
Experiment: 
  Problem: taski 
  Problem parameters: idi=3554, learner=, teststat=, testtype= 
  Algorithm: forest.splitbias.oob 
  Algorithm parameters:  
  Replication: 2 
  Seed: 2519 
  Problem seed: 124 
Setting seed: 2519
Applying Algorithm forest.splitbias.oob ...
Generating problem taski ...
Result:
List of 3
 $ idi   : int 3554
 $ lrn   : chr [1:3] "randomForest" "oob" ""
 $ result: Named num [1:5] 0.861 0.5 0.226 0.139 1
  ..- attr(*, "names")= chr [1:5] "ACC" "BER" "multiclass.brier" "MMCE" ...
NULL
Writing result file: /home/probst/Random_Forest/RFSplitbias/results/Splitbias-files/jobs/19/2519-result.RData
########## Executing jid=2520 ##########
Timestamp: 2016-04-28 14:36:53
Experiment: 
  Problem: taski 
  Problem parameters: idi=3554, learner=, teststat=, testtype= 
  Algorithm: forest.splitbias.oob 
  Algorithm parameters:  
  Replication: 3 
  Seed: 2520 
  Problem seed: 125 
Setting seed: 2520
Applying Algorithm forest.splitbias.oob ...
Generating problem taski ...
Result:
List of 3
 $ idi   : int 3554
 $ lrn   : chr [1:3] "randomForest" "oob" ""
 $ result: Named num [1:5] 0.861 0.5 0.227 0.139 1
  ..- attr(*, "names")= chr [1:5] "ACC" "BER" "multiclass.brier" "MMCE" ...
NULL
Writing result file: /home/probst/Random_Forest/RFSplitbias/results/Splitbias-files/jobs/20/2520-result.RData
########## Executing jid=2521 ##########
Timestamp: 2016-04-28 14:36:54
Experiment: 
  Problem: taski 
  Problem parameters: idi=3554, learner=, teststat=, testtype= 
  Algorithm: forest.splitbias.oob 
  Algorithm parameters:  
  Replication: 4 
  Seed: 2521 
  Problem seed: 126 
Setting seed: 2521
Applying Algorithm forest.splitbias.oob ...
Generating problem taski ...
Result:
List of 3
 $ idi   : int 3554
 $ lrn   : chr [1:3] "randomForest" "oob" ""
 $ result: Named num [1:5] 0.861 0.5 0.223 0.139 1
  ..- attr(*, "names")= chr [1:5] "ACC" "BER" "multiclass.brier" "MMCE" ...
NULL
Writing result file: /home/probst/Random_Forest/RFSplitbias/results/Splitbias-files/jobs/21/2521-result.RData
########## Executing jid=2522 ##########
Timestamp: 2016-04-28 14:36:55
Experiment: 
  Problem: taski 
  Problem parameters: idi=3554, learner=, teststat=, testtype= 
  Algorithm: forest.splitbias.oob 
  Algorithm parameters:  
  Replication: 5 
  Seed: 2522 
  Problem seed: 127 
Setting seed: 2522
Applying Algorithm forest.splitbias.oob ...
Generating problem taski ...
Result:
List of 3
 $ idi   : int 3554
 $ lrn   : chr [1:3] "randomForest" "oob" ""
 $ result: Named num [1:5] 0.861 0.5 0.226 0.139 1
  ..- attr(*, "names")= chr [1:5] "ACC" "BER" "multiclass.brier" "MMCE" ...
NULL
Writing result file: /home/probst/Random_Forest/RFSplitbias/results/Splitbias-files/jobs/22/2522-result.RData
########## Executing jid=2523 ##########
Timestamp: 2016-04-28 14:36:56
Experiment: 
  Problem: taski 
  Problem parameters: idi=3554, learner=, teststat=, testtype= 
  Algorithm: forest.splitbias.oob 
  Algorithm parameters:  
  Replication: 6 
  Seed: 2523 
  Problem seed: 128 
Setting seed: 2523
Applying Algorithm forest.splitbias.oob ...
Generating problem taski ...
Result:
List of 3
 $ idi   : int 3554
 $ lrn   : chr [1:3] "randomForest" "oob" ""
 $ result: Named num [1:5] 0.867 0.48 0.223 0.133 1
  ..- attr(*, "names")= chr [1:5] "ACC" "BER" "multiclass.brier" "MMCE" ...
NULL
Writing result file: /home/probst/Random_Forest/RFSplitbias/results/Splitbias-files/jobs/23/2523-result.RData
########## Executing jid=2524 ##########
Timestamp: 2016-04-28 14:36:57
Experiment: 
  Problem: taski 
  Problem parameters: idi=3554, learner=, teststat=, testtype= 
  Algorithm: forest.splitbias.oob 
  Algorithm parameters:  
  Replication: 7 
  Seed: 2524 
  Problem seed: 129 
Setting seed: 2524
Applying Algorithm forest.splitbias.oob ...
Generating problem taski ...
Result:
List of 3
 $ idi   : int 3554
 $ lrn   : chr [1:3] "randomForest" "oob" ""
 $ result: Named num [1:5] 0.861 0.5 0.226 0.139 1
  ..- attr(*, "names")= chr [1:5] "ACC" "BER" "multiclass.brier" "MMCE" ...
NULL
Writing result file: /home/probst/Random_Forest/RFSplitbias/results/Splitbias-files/jobs/24/2524-result.RData
########## Executing jid=2525 ##########
Timestamp: 2016-04-28 14:36:58
Experiment: 
  Problem: taski 
  Problem parameters: idi=3554, learner=, teststat=, testtype= 
  Algorithm: forest.splitbias.oob 
  Algorithm parameters:  
  Replication: 8 
  Seed: 2525 
  Problem seed: 130 
Setting seed: 2525
Applying Algorithm forest.splitbias.oob ...
Generating problem taski ...
Result:
List of 3
 $ idi   : int 3554
 $ lrn   : chr [1:3] "randomForest" "oob" ""
 $ result: Named num [1:5] 0.861 0.5 0.226 0.139 1
  ..- attr(*, "names")= chr [1:5] "ACC" "BER" "multiclass.brier" "MMCE" ...
NULL
Writing result file: /home/probst/Random_Forest/RFSplitbias/results/Splitbias-files/jobs/25/2525-result.RData
########## Executing jid=2526 ##########
Timestamp: 2016-04-28 14:36:59
Experiment: 
  Problem: taski 
  Problem parameters: idi=3554, learner=, teststat=, testtype= 
  Algorithm: forest.splitbias.oob 
  Algorithm parameters:  
  Replication: 9 
  Seed: 2526 
  Problem seed: 131 
Setting seed: 2526
Applying Algorithm forest.splitbias.oob ...
Generating problem taski ...
Result:
List of 3
 $ idi   : int 3554
 $ lrn   : chr [1:3] "randomForest" "oob" ""
 $ result: Named num [1:5] 0.861 0.5 0.227 0.139 1
  ..- attr(*, "names")= chr [1:5] "ACC" "BER" "multiclass.brier" "MMCE" ...
NULL
Writing result file: /home/probst/Random_Forest/RFSplitbias/results/Splitbias-files/jobs/26/2526-result.RData
########## Executing jid=2527 ##########
Timestamp: 2016-04-28 14:37:00
Experiment: 
  Problem: taski 
  Problem parameters: idi=3554, learner=, teststat=, testtype= 
  Algorithm: forest.splitbias.oob 
  Algorithm parameters:  
  Replication: 10 
  Seed: 2527 
  Problem seed: 132 
Setting seed: 2527
Applying Algorithm forest.splitbias.oob ...
Generating problem taski ...
Result:
List of 3
 $ idi   : int 3554
 $ lrn   : chr [1:3] "randomForest" "oob" ""
 $ result: Named num [1:5] 0.861 0.5 0.228 0.139 1
  ..- attr(*, "names")= chr [1:5] "ACC" "BER" "multiclass.brier" "MMCE" ...
NULL
Writing result file: /home/probst/Random_Forest/RFSplitbias/results/Splitbias-files/jobs/27/2527-result.RData
########## Executing jid=2528 ##########
Timestamp: 2016-04-28 14:37:01
Experiment: 
  Problem: taski 
  Problem parameters: idi=3056, learner=, teststat=, testtype= 
  Algorithm: forest.splitbias.oob 
  Algorithm parameters:  
  Replication: 2 
  Seed: 2528 
  Problem seed: 124 
Setting seed: 2528
Applying Algorithm forest.splitbias.oob ...
Generating problem taski ...
Result:
List of 3
 $ idi   : int 3056
 $ lrn   : chr [1:3] "randomForest" "oob" ""
 $ result: Named num [1:5] 0.824 0.306 0.261 0.176 0.65
  ..- attr(*, "names")= chr [1:5] "ACC" "BER" "multiclass.brier" "MMCE" ...
NULL
Writing result file: /home/probst/Random_Forest/RFSplitbias/results/Splitbias-files/jobs/28/2528-result.RData
########## Executing jid=2529 ##########
Timestamp: 2016-04-28 14:37:01
Experiment: 
  Problem: taski 
  Problem parameters: idi=3056, learner=, teststat=, testtype= 
  Algorithm: forest.splitbias.oob 
  Algorithm parameters:  
  Replication: 3 
  Seed: 2529 
  Problem seed: 125 
Setting seed: 2529
Applying Algorithm forest.splitbias.oob ...
Generating problem taski ...
Result:
List of 3
 $ idi   : int 3056
 $ lrn   : chr [1:3] "randomForest" "oob" ""
 $ result: Named num [1:5] 0.824 0.299 0.262 0.176 0.661
  ..- attr(*, "names")= chr [1:5] "ACC" "BER" "multiclass.brier" "MMCE" ...
NULL
Writing result file: /home/probst/Random_Forest/RFSplitbias/results/Splitbias-files/jobs/29/2529-result.RData
########## Executing jid=2530 ##########
Timestamp: 2016-04-28 14:37:02
Experiment: 
  Problem: taski 
  Problem parameters: idi=3056, learner=, teststat=, testtype= 
  Algorithm: forest.splitbias.oob 
  Algorithm parameters:  
  Replication: 4 
  Seed: 2530 
  Problem seed: 126 
Setting seed: 2530
Applying Algorithm forest.splitbias.oob ...
Generating problem taski ...
Result:
List of 3
 $ idi   : int 3056
 $ lrn   : chr [1:3] "randomForest" "oob" ""
 $ result: Named num [1:5] 0.813 0.306 0.264 0.187 0.659
  ..- attr(*, "names")= chr [1:5] "ACC" "BER" "multiclass.brier" "MMCE" ...
NULL
Writing result file: /home/probst/Random_Forest/RFSplitbias/results/Splitbias-files/jobs/30/2530-result.RData
########## Executing jid=2531 ##########
Timestamp: 2016-04-28 14:37:02
Experiment: 
  Problem: taski 
  Problem parameters: idi=3056, learner=, teststat=, testtype= 
  Algorithm: forest.splitbias.oob 
  Algorithm parameters:  
  Replication: 5 
  Seed: 2531 
  Problem seed: 127 
Setting seed: 2531
Applying Algorithm forest.splitbias.oob ...
Generating problem taski ...
Result:
List of 3
 $ idi   : int 3056
 $ lrn   : chr [1:3] "randomForest" "oob" ""
 $ result: Named num [1:5] 0.813 0.306 0.263 0.187 0.661
  ..- attr(*, "names")= chr [1:5] "ACC" "BER" "multiclass.brier" "MMCE" ...
NULL
Writing result file: /home/probst/Random_Forest/RFSplitbias/results/Splitbias-files/jobs/31/2531-result.RData
########## Executing jid=2532 ##########
Timestamp: 2016-04-28 14:37:03
Experiment: 
  Problem: taski 
  Problem parameters: idi=3056, learner=, teststat=, testtype= 
  Algorithm: forest.splitbias.oob 
  Algorithm parameters:  
  Replication: 6 
  Seed: 2532 
  Problem seed: 128 
Setting seed: 2532
Applying Algorithm forest.splitbias.oob ...
Generating problem taski ...
Result:
List of 3
 $ idi   : int 3056
 $ lrn   : chr [1:3] "randomForest" "oob" ""
 $ result: Named num [1:5] 0.824 0.299 0.263 0.176 0.647
  ..- attr(*, "names")= chr [1:5] "ACC" "BER" "multiclass.brier" "MMCE" ...
NULL
Writing result file: /home/probst/Random_Forest/RFSplitbias/results/Splitbias-files/jobs/32/2532-result.RData
########## Executing jid=2533 ##########
Timestamp: 2016-04-28 14:37:04
Experiment: 
  Problem: taski 
  Problem parameters: idi=3056, learner=, teststat=, testtype= 
  Algorithm: forest.splitbias.oob 
  Algorithm parameters:  
  Replication: 7 
  Seed: 2533 
  Problem seed: 129 
Setting seed: 2533
Applying Algorithm forest.splitbias.oob ...
Generating problem taski ...
Result:
List of 3
 $ idi   : int 3056
 $ lrn   : chr [1:3] "randomForest" "oob" ""
 $ result: Named num [1:5] 0.82 0.308 0.264 0.18 0.639
  ..- attr(*, "names")= chr [1:5] "ACC" "BER" "multiclass.brier" "MMCE" ...
NULL
Writing result file: /home/probst/Random_Forest/RFSplitbias/results/Splitbias-files/jobs/33/2533-result.RData
########## Executing jid=2534 ##########
Timestamp: 2016-04-28 14:37:04
Experiment: 
  Problem: taski 
  Problem parameters: idi=3056, learner=, teststat=, testtype= 
  Algorithm: forest.splitbias.oob 
  Algorithm parameters:  
  Replication: 8 
  Seed: 2534 
  Problem seed: 130 
Setting seed: 2534
Applying Algorithm forest.splitbias.oob ...
Generating problem taski ...
Result:
List of 3
 $ idi   : int 3056
 $ lrn   : chr [1:3] "randomForest" "oob" ""
 $ result: Named num [1:5] 0.82 0.302 0.261 0.18 0.645
  ..- attr(*, "names")= chr [1:5] "ACC" "BER" "multiclass.brier" "MMCE" ...
NULL
Writing result file: /home/probst/Random_Forest/RFSplitbias/results/Splitbias-files/jobs/34/2534-result.RData
########## Executing jid=2535 ##########
Timestamp: 2016-04-28 14:37:05
Experiment: 
  Problem: taski 
  Problem parameters: idi=3056, learner=, teststat=, testtype= 
  Algorithm: forest.splitbias.oob 
  Algorithm parameters:  
  Replication: 9 
  Seed: 2535 
  Problem seed: 131 
Setting seed: 2535
Applying Algorithm forest.splitbias.oob ...
Generating problem taski ...
Result:
List of 3
 $ idi   : int 3056
 $ lrn   : chr [1:3] "randomForest" "oob" ""
 $ result: Named num [1:5] 0.82 0.302 0.261 0.18 0.662
  ..- attr(*, "names")= chr [1:5] "ACC" "BER" "multiclass.brier" "MMCE" ...
NULL
Writing result file: /home/probst/Random_Forest/RFSplitbias/results/Splitbias-files/jobs/35/2535-result.RData
########## Executing jid=2536 ##########
Timestamp: 2016-04-28 14:37:06
Experiment: 
  Problem: taski 
  Problem parameters: idi=3056, learner=, teststat=, testtype= 
  Algorithm: forest.splitbias.oob 
  Algorithm parameters:  
  Replication: 10 
  Seed: 2536 
  Problem seed: 132 
Setting seed: 2536
Applying Algorithm forest.splitbias.oob ...
Generating problem taski ...
Result:
List of 3
 $ idi   : int 3056
 $ lrn   : chr [1:3] "randomForest" "oob" ""
 $ result: Named num [1:5] 0.828 0.297 0.26 0.172 0.659
  ..- attr(*, "names")= chr [1:5] "ACC" "BER" "multiclass.brier" "MMCE" ...
NULL
Writing result file: /home/probst/Random_Forest/RFSplitbias/results/Splitbias-files/jobs/36/2536-result.RData
########## Executing jid=2537 ##########
Timestamp: 2016-04-28 14:37:06
Experiment: 
  Problem: taski 
  Problem parameters: idi=3619, learner=, teststat=, testtype= 
  Algorithm: forest.splitbias.oob 
  Algorithm parameters:  
  Replication: 2 
  Seed: 2537 
  Problem seed: 124 
Setting seed: 2537
Applying Algorithm forest.splitbias.oob ...
Generating problem taski ...
Result:
List of 3
 $ idi   : int 3619
 $ lrn   : chr [1:3] "randomForest" "oob" ""
 $ result: Named num [1:5] 0.562 0.442 0.513 0.438 0.614
  ..- attr(*, "names")= chr [1:5] "ACC" "BER" "multiclass.brier" "MMCE" ...
NULL
Writing result file: /home/probst/Random_Forest/RFSplitbias/results/Splitbias-files/jobs/37/2537-result.RData
########## Executing jid=2538 ##########
Timestamp: 2016-04-28 14:37:07
Experiment: 
  Problem: taski 
  Problem parameters: idi=3619, learner=, teststat=, testtype= 
  Algorithm: forest.splitbias.oob 
  Algorithm parameters:  
  Replication: 3 
  Seed: 2538 
  Problem seed: 125 
Setting seed: 2538
Applying Algorithm forest.splitbias.oob ...
Generating problem taski ...
Result:
List of 3
 $ idi   : int 3619
 $ lrn   : chr [1:3] "randomForest" "oob" ""
 $ result: Named num [1:5] 0.567 0.436 0.515 0.433 0.596
  ..- attr(*, "names")= chr [1:5] "ACC" "BER" "multiclass.brier" "MMCE" ...
NULL
Writing result file: /home/probst/Random_Forest/RFSplitbias/results/Splitbias-files/jobs/38/2538-result.RData
########## Executing jid=2539 ##########
Timestamp: 2016-04-28 14:37:08
Experiment: 
  Problem: taski 
  Problem parameters: idi=3619, learner=, teststat=, testtype= 
  Algorithm: forest.splitbias.oob 
  Algorithm parameters:  
  Replication: 4 
  Seed: 2539 
  Problem seed: 126 
Setting seed: 2539
Applying Algorithm forest.splitbias.oob ...
Generating problem taski ...
Result:
List of 3
 $ idi   : int 3619
 $ lrn   : chr [1:3] "randomForest" "oob" ""
 $ result: Named num [1:5] 0.577 0.425 0.514 0.423 0.621
  ..- attr(*, "names")= chr [1:5] "ACC" "BER" "multiclass.brier" "MMCE" ...
NULL
Writing result file: /home/probst/Random_Forest/RFSplitbias/results/Splitbias-files/jobs/39/2539-result.RData
########## Executing jid=2540 ##########
Timestamp: 2016-04-28 14:37:09
Experiment: 
  Problem: taski 
  Problem parameters: idi=3619, learner=, teststat=, testtype= 
  Algorithm: forest.splitbias.oob 
  Algorithm parameters:  
  Replication: 5 
  Seed: 2540 
  Problem seed: 127 
Setting seed: 2540
Applying Algorithm forest.splitbias.oob ...
Generating problem taski ...
Result:
List of 3
 $ idi   : int 3619
 $ lrn   : chr [1:3] "randomForest" "oob" ""
 $ result: Named num [1:5] 0.562 0.442 0.514 0.438 0.621
  ..- attr(*, "names")= chr [1:5] "ACC" "BER" "multiclass.brier" "MMCE" ...
NULL
Writing result file: /home/probst/Random_Forest/RFSplitbias/results/Splitbias-files/jobs/40/2540-result.RData
########## Executing jid=2541 ##########
Timestamp: 2016-04-28 14:37:10
Experiment: 
  Problem: taski 
  Problem parameters: idi=3619, learner=, teststat=, testtype= 
  Algorithm: forest.splitbias.oob 
  Algorithm parameters:  
  Replication: 6 
  Seed: 2541 
  Problem seed: 128 
Setting seed: 2541
Applying Algorithm forest.splitbias.oob ...
Generating problem taski ...
Result:
List of 3
 $ idi   : int 3619
 $ lrn   : chr [1:3] "randomForest" "oob" ""
 $ result: Named num [1:5] 0.567 0.435 0.51 0.433 0.604
  ..- attr(*, "names")= chr [1:5] "ACC" "BER" "multiclass.brier" "MMCE" ...
NULL
Writing result file: /home/probst/Random_Forest/RFSplitbias/results/Splitbias-files/jobs/41/2541-result.RData
########## Executing jid=2542 ##########
Timestamp: 2016-04-28 14:37:11
Experiment: 
  Problem: taski 
  Problem parameters: idi=3619, learner=, teststat=, testtype= 
  Algorithm: forest.splitbias.oob 
  Algorithm parameters:  
  Replication: 7 
  Seed: 2542 
  Problem seed: 129 
Setting seed: 2542
Applying Algorithm forest.splitbias.oob ...
Generating problem taski ...
Result:
List of 3
 $ idi   : int 3619
 $ lrn   : chr [1:3] "randomForest" "oob" ""
 $ result: Named num [1:5] 0.582 0.42 0.512 0.418 0.615
  ..- attr(*, "names")= chr [1:5] "ACC" "BER" "multiclass.brier" "MMCE" ...
NULL
Writing result file: /home/probst/Random_Forest/RFSplitbias/results/Splitbias-files/jobs/42/2542-result.RData
########## Executing jid=2543 ##########
Timestamp: 2016-04-28 14:37:12
Experiment: 
  Problem: taski 
  Problem parameters: idi=3619, learner=, teststat=, testtype= 
  Algorithm: forest.splitbias.oob 
  Algorithm parameters:  
  Replication: 8 
  Seed: 2543 
  Problem seed: 130 
Setting seed: 2543
Applying Algorithm forest.splitbias.oob ...
Generating problem taski ...
Result:
List of 3
 $ idi   : int 3619
 $ lrn   : chr [1:3] "randomForest" "oob" ""
 $ result: Named num [1:5] 0.598 0.403 0.508 0.402 0.618
  ..- attr(*, "names")= chr [1:5] "ACC" "BER" "multiclass.brier" "MMCE" ...
NULL
Writing result file: /home/probst/Random_Forest/RFSplitbias/results/Splitbias-files/jobs/43/2543-result.RData
########## Executing jid=2544 ##########
Timestamp: 2016-04-28 14:37:13
Experiment: 
  Problem: taski 
  Problem parameters: idi=3619, learner=, teststat=, testtype= 
  Algorithm: forest.splitbias.oob 
  Algorithm parameters:  
  Replication: 9 
  Seed: 2544 
  Problem seed: 131 
Setting seed: 2544
Applying Algorithm forest.splitbias.oob ...
Generating problem taski ...
Result:
List of 3
 $ idi   : int 3619
 $ lrn   : chr [1:3] "randomForest" "oob" ""
 $ result: Named num [1:5] 0.572 0.43 0.515 0.428 0.607
  ..- attr(*, "names")= chr [1:5] "ACC" "BER" "multiclass.brier" "MMCE" ...
NULL
Writing result file: /home/probst/Random_Forest/RFSplitbias/results/Splitbias-files/jobs/44/2544-result.RData
########## Executing jid=2545 ##########
Timestamp: 2016-04-28 14:37:13
Experiment: 
  Problem: taski 
  Problem parameters: idi=3619, learner=, teststat=, testtype= 
  Algorithm: forest.splitbias.oob 
  Algorithm parameters:  
  Replication: 10 
  Seed: 2545 
  Problem seed: 132 
Setting seed: 2545
Applying Algorithm forest.splitbias.oob ...
Generating problem taski ...
Result:
List of 3
 $ idi   : int 3619
 $ lrn   : chr [1:3] "randomForest" "oob" ""
 $ result: Named num [1:5] 0.567 0.436 0.521 0.433 0.624
  ..- attr(*, "names")= chr [1:5] "ACC" "BER" "multiclass.brier" "MMCE" ...
NULL
Writing result file: /home/probst/Random_Forest/RFSplitbias/results/Splitbias-files/jobs/45/2545-result.RData
########## Executing jid=2546 ##########
Timestamp: 2016-04-28 14:37:14
Experiment: 
  Problem: taski 
  Problem parameters: idi=9971, learner=, teststat=, testtype= 
  Algorithm: forest.splitbias.oob 
  Algorithm parameters:  
  Replication: 2 
  Seed: 2546 
  Problem seed: 124 
Setting seed: 2546
Applying Algorithm forest.splitbias.oob ...
Generating problem taski ...
Result:
List of 3
 $ idi   : int 9971
 $ lrn   : chr [1:3] "randomForest" "oob" ""
 $ result: Named num [1:5] 0.695 0.425 0.353 0.305 0.894
  ..- attr(*, "names")= chr [1:5] "ACC" "BER" "multiclass.brier" "MMCE" ...
NULL
Writing result file: /home/probst/Random_Forest/RFSplitbias/results/Splitbias-files/jobs/46/2546-result.RData
########## Executing jid=2547 ##########
Timestamp: 2016-04-28 14:37:16
Experiment: 
  Problem: taski 
  Problem parameters: idi=9971, learner=, teststat=, testtype= 
  Algorithm: forest.splitbias.oob 
  Algorithm parameters:  
  Replication: 3 
  Seed: 2547 
  Problem seed: 125 
Setting seed: 2547
Applying Algorithm forest.splitbias.oob ...
Generating problem taski ...
Result:
List of 3
 $ idi   : int 9971
 $ lrn   : chr [1:3] "randomForest" "oob" ""
 $ result: Named num [1:5] 0.695 0.411 0.355 0.305 0.887
  ..- attr(*, "names")= chr [1:5] "ACC" "BER" "multiclass.brier" "MMCE" ...
NULL
Writing result file: /home/probst/Random_Forest/RFSplitbias/results/Splitbias-files/jobs/47/2547-result.RData
########## Executing jid=2548 ##########
Timestamp: 2016-04-28 14:37:17
Experiment: 
  Problem: taski 
  Problem parameters: idi=9971, learner=, teststat=, testtype= 
  Algorithm: forest.splitbias.oob 
  Algorithm parameters:  
  Replication: 4 
  Seed: 2548 
  Problem seed: 126 
Setting seed: 2548
Applying Algorithm forest.splitbias.oob ...
Generating problem taski ...
Result:
List of 3
 $ idi   : int 9971
 $ lrn   : chr [1:3] "randomForest" "oob" ""
 $ result: Named num [1:5] 0.702 0.41 0.352 0.298 0.892
  ..- attr(*, "names")= chr [1:5] "ACC" "BER" "multiclass.brier" "MMCE" ...
NULL
Writing result file: /home/probst/Random_Forest/RFSplitbias/results/Splitbias-files/jobs/48/2548-result.RData
########## Executing jid=2549 ##########
Timestamp: 2016-04-28 14:37:18
Experiment: 
  Problem: taski 
  Problem parameters: idi=9971, learner=, teststat=, testtype= 
  Algorithm: forest.splitbias.oob 
  Algorithm parameters:  
  Replication: 5 
  Seed: 2549 
  Problem seed: 127 
Setting seed: 2549
Applying Algorithm forest.splitbias.oob ...
Generating problem taski ...
Result:
List of 3
 $ idi   : int 9971
 $ lrn   : chr [1:3] "randomForest" "oob" ""
 $ result: Named num [1:5] 0.703 0.407 0.352 0.297 0.89
  ..- attr(*, "names")= chr [1:5] "ACC" "BER" "multiclass.brier" "MMCE" ...
NULL
Writing result file: /home/probst/Random_Forest/RFSplitbias/results/Splitbias-files/jobs/49/2549-result.RData
########## Executing jid=2550 ##########
Timestamp: 2016-04-28 14:37:19
Experiment: 
  Problem: taski 
  Problem parameters: idi=9971, learner=, teststat=, testtype= 
  Algorithm: forest.splitbias.oob 
  Algorithm parameters:  
  Replication: 6 
  Seed: 2550 
  Problem seed: 128 
Setting seed: 2550
Applying Algorithm forest.splitbias.oob ...
Generating problem taski ...
Result:
List of 3
 $ idi   : int 9971
 $ lrn   : chr [1:3] "randomForest" "oob" ""
 $ result: Named num [1:5] 0.688 0.423 0.356 0.312 0.884
  ..- attr(*, "names")= chr [1:5] "ACC" "BER" "multiclass.brier" "MMCE" ...
NULL
Writing result file: /home/probst/Random_Forest/RFSplitbias/results/Splitbias-files/jobs/50/2550-result.RData
########## Executing jid=2551 ##########
Timestamp: 2016-04-28 14:37:20
Experiment: 
  Problem: taski 
  Problem parameters: idi=9971, learner=, teststat=, testtype= 
  Algorithm: forest.splitbias.oob 
  Algorithm parameters:  
  Replication: 7 
  Seed: 2551 
  Problem seed: 129 
Setting seed: 2551
Applying Algorithm forest.splitbias.oob ...
Generating problem taski ...
Result:
List of 3
 $ idi   : int 9971
 $ lrn   : chr [1:3] "randomForest" "oob" ""
 $ result: Named num [1:5] 0.69 0.427 0.354 0.31 0.893
  ..- attr(*, "names")= chr [1:5] "ACC" "BER" "multiclass.brier" "MMCE" ...
NULL
Writing result file: /home/probst/Random_Forest/RFSplitbias/results/Splitbias-files/jobs/51/2551-result.RData
########## Executing jid=2552 ##########
Timestamp: 2016-04-28 14:37:21
Experiment: 
  Problem: taski 
  Problem parameters: idi=9971, learner=, teststat=, testtype= 
  Algorithm: forest.splitbias.oob 
  Algorithm parameters:  
  Replication: 8 
  Seed: 2552 
  Problem seed: 130 
Setting seed: 2552
Applying Algorithm forest.splitbias.oob ...
Generating problem taski ...
Result:
List of 3
 $ idi   : int 9971
 $ lrn   : chr [1:3] "randomForest" "oob" ""
 $ result: Named num [1:5] 0.698 0.412 0.353 0.302 0.886
  ..- attr(*, "names")= chr [1:5] "ACC" "BER" "multiclass.brier" "MMCE" ...
NULL
Writing result file: /home/probst/Random_Forest/RFSplitbias/results/Splitbias-files/jobs/52/2552-result.RData
########## Executing jid=2553 ##########
Timestamp: 2016-04-28 14:37:23
Experiment: 
  Problem: taski 
  Problem parameters: idi=9971, learner=, teststat=, testtype= 
  Algorithm: forest.splitbias.oob 
  Algorithm parameters:  
  Replication: 9 
  Seed: 2553 
  Problem seed: 131 
Setting seed: 2553
Applying Algorithm forest.splitbias.oob ...
Generating problem taski ...
Result:
List of 3
 $ idi   : int 9971
 $ lrn   : chr [1:3] "randomForest" "oob" ""
 $ result: Named num [1:5] 0.69 0.424 0.352 0.31 0.891
  ..- attr(*, "names")= chr [1:5] "ACC" "BER" "multiclass.brier" "MMCE" ...
NULL
Writing result file: /home/probst/Random_Forest/RFSplitbias/results/Splitbias-files/jobs/53/2553-result.RData
########## Executing jid=2554 ##########
Timestamp: 2016-04-28 14:37:24
Experiment: 
  Problem: taski 
  Problem parameters: idi=9971, learner=, teststat=, testtype= 
  Algorithm: forest.splitbias.oob 
  Algorithm parameters:  
  Replication: 10 
  Seed: 2554 
  Problem seed: 132 
Setting seed: 2554
Applying Algorithm forest.splitbias.oob ...
Generating problem taski ...
Result:
List of 3
 $ idi   : int 9971
 $ lrn   : chr [1:3] "randomForest" "oob" ""
 $ result: Named num [1:5] 0.708 0.409 0.354 0.292 0.892
  ..- attr(*, "names")= chr [1:5] "ACC" "BER" "multiclass.brier" "MMCE" ...
NULL
Writing result file: /home/probst/Random_Forest/RFSplitbias/results/Splitbias-files/jobs/54/2554-result.RData
########## Executing jid=2555 ##########
Timestamp: 2016-04-28 14:37:25
Experiment: 
  Problem: taski 
  Problem parameters: idi=3905, learner=, teststat=, testtype= 
  Algorithm: forest.splitbias.oob 
  Algorithm parameters:  
  Replication: 2 
  Seed: 2555 
  Problem seed: 124 
Setting seed: 2555
Applying Algorithm forest.splitbias.oob ...
Generating problem taski ...
Result:
List of 3
 $ idi   : int 3905
 $ lrn   : chr [1:3] "randomForest" "oob" ""
 $ result: Named num [1:5] 0.708 0.392 0.388 0.292 0.823
  ..- attr(*, "names")= chr [1:5] "ACC" "BER" "multiclass.brier" "MMCE" ...
NULL
Writing result file: /home/probst/Random_Forest/RFSplitbias/results/Splitbias-files/jobs/55/2555-result.RData
########## Executing jid=2556 ##########
Timestamp: 2016-04-28 14:37:26
Experiment: 
  Problem: taski 
  Problem parameters: idi=3905, learner=, teststat=, testtype= 
  Algorithm: forest.splitbias.oob 
  Algorithm parameters:  
  Replication: 3 
  Seed: 2556 
  Problem seed: 125 
Setting seed: 2556
Applying Algorithm forest.splitbias.oob ...
Generating problem taski ...
Result:
List of 3
 $ idi   : int 3905
 $ lrn   : chr [1:3] "randomForest" "oob" ""
 $ result: Named num [1:5] 0.714 0.392 0.384 0.286 0.831
  ..- attr(*, "names")= chr [1:5] "ACC" "BER" "multiclass.brier" "MMCE" ...
NULL
Writing result file: /home/probst/Random_Forest/RFSplitbias/results/Splitbias-files/jobs/56/2556-result.RData
########## Executing jid=2557 ##########
Timestamp: 2016-04-28 14:37:26
Experiment: 
  Problem: taski 
  Problem parameters: idi=3905, learner=, teststat=, testtype= 
  Algorithm: forest.splitbias.oob 
  Algorithm parameters:  
  Replication: 4 
  Seed: 2557 
  Problem seed: 126 
Setting seed: 2557
Applying Algorithm forest.splitbias.oob ...
Generating problem taski ...
Result:
List of 3
 $ idi   : int 3905
 $ lrn   : chr [1:3] "randomForest" "oob" ""
 $ result: Named num [1:5] 0.714 0.387 0.391 0.286 0.823
  ..- attr(*, "names")= chr [1:5] "ACC" "BER" "multiclass.brier" "MMCE" ...
NULL
Writing result file: /home/probst/Random_Forest/RFSplitbias/results/Splitbias-files/jobs/57/2557-result.RData
########## Executing jid=2558 ##########
Timestamp: 2016-04-28 14:37:27
Experiment: 
  Problem: taski 
  Problem parameters: idi=3905, learner=, teststat=, testtype= 
  Algorithm: forest.splitbias.oob 
  Algorithm parameters:  
  Replication: 5 
  Seed: 2558 
  Problem seed: 127 
Setting seed: 2558
Applying Algorithm forest.splitbias.oob ...
Generating problem taski ...
Result:
List of 3
 $ idi   : int 3905
 $ lrn   : chr [1:3] "randomForest" "oob" ""
 $ result: Named num [1:5] 0.72 0.377 0.387 0.28 0.829
  ..- attr(*, "names")= chr [1:5] "ACC" "BER" "multiclass.brier" "MMCE" ...
NULL
Writing result file: /home/probst/Random_Forest/RFSplitbias/results/Splitbias-files/jobs/58/2558-result.RData
########## Executing jid=2559 ##########
Timestamp: 2016-04-28 14:37:28
Experiment: 
  Problem: taski 
  Problem parameters: idi=3905, learner=, teststat=, testtype= 
  Algorithm: forest.splitbias.oob 
  Algorithm parameters:  
  Replication: 6 
  Seed: 2559 
  Problem seed: 128 
Setting seed: 2559
Applying Algorithm forest.splitbias.oob ...
Generating problem taski ...
Result:
List of 3
 $ idi   : int 3905
 $ lrn   : chr [1:3] "randomForest" "oob" ""
 $ result: Named num [1:5] 0.72 0.382 0.382 0.28 0.828
  ..- attr(*, "names")= chr [1:5] "ACC" "BER" "multiclass.brier" "MMCE" ...
NULL
Writing result file: /home/probst/Random_Forest/RFSplitbias/results/Splitbias-files/jobs/59/2559-result.RData
########## Executing jid=2560 ##########
Timestamp: 2016-04-28 14:37:29
Experiment: 
  Problem: taski 
  Problem parameters: idi=3905, learner=, teststat=, testtype= 
  Algorithm: forest.splitbias.oob 
  Algorithm parameters:  
  Replication: 7 
  Seed: 2560 
  Problem seed: 129 
Setting seed: 2560
Applying Algorithm forest.splitbias.oob ...
Generating problem taski ...
Result:
List of 3
 $ idi   : int 3905
 $ lrn   : chr [1:3] "randomForest" "oob" ""
 $ result: Named num [1:5] 0.727 0.373 0.386 0.273 0.828
  ..- attr(*, "names")= chr [1:5] "ACC" "BER" "multiclass.brier" "MMCE" ...
NULL
Writing result file: /home/probst/Random_Forest/RFSplitbias/results/Splitbias-files/jobs/60/2560-result.RData
########## Executing jid=2561 ##########
Timestamp: 2016-04-28 14:37:29
Experiment: 
  Problem: taski 
  Problem parameters: idi=3905, learner=, teststat=, testtype= 
  Algorithm: forest.splitbias.oob 
  Algorithm parameters:  
  Replication: 8 
  Seed: 2561 
  Problem seed: 130 
Setting seed: 2561
Applying Algorithm forest.splitbias.oob ...
Generating problem taski ...
Result:
List of 3
 $ idi   : int 3905
 $ lrn   : chr [1:3] "randomForest" "oob" ""
 $ result: Named num [1:5] 0.733 0.373 0.385 0.267 0.83
  ..- attr(*, "names")= chr [1:5] "ACC" "BER" "multiclass.brier" "MMCE" ...
NULL
Writing result file: /home/probst/Random_Forest/RFSplitbias/results/Splitbias-files/jobs/61/2561-result.RData
########## Executing jid=2562 ##########
Timestamp: 2016-04-28 14:37:30
Experiment: 
  Problem: taski 
  Problem parameters: idi=3905, learner=, teststat=, testtype= 
  Algorithm: forest.splitbias.oob 
  Algorithm parameters:  
  Replication: 9 
  Seed: 2562 
  Problem seed: 131 
Setting seed: 2562
Applying Algorithm forest.splitbias.oob ...
Generating problem taski ...
Result:
List of 3
 $ idi   : int 3905
 $ lrn   : chr [1:3] "randomForest" "oob" ""
 $ result: Named num [1:5] 0.72 0.377 0.385 0.28 0.831
  ..- attr(*, "names")= chr [1:5] "ACC" "BER" "multiclass.brier" "MMCE" ...
NULL
Writing result file: /home/probst/Random_Forest/RFSplitbias/results/Splitbias-files/jobs/62/2562-result.RData
########## Executing jid=2563 ##########
Timestamp: 2016-04-28 14:37:31
Experiment: 
  Problem: taski 
  Problem parameters: idi=3905, learner=, teststat=, testtype= 
  Algorithm: forest.splitbias.oob 
  Algorithm parameters:  
  Replication: 10 
  Seed: 2563 
  Problem seed: 132 
Setting seed: 2563
Applying Algorithm forest.splitbias.oob ...
Generating problem taski ...
Result:
List of 3
 $ idi   : int 3905
 $ lrn   : chr [1:3] "randomForest" "oob" ""
 $ result: Named num [1:5] 0.727 0.373 0.384 0.273 0.828
  ..- attr(*, "names")= chr [1:5] "ACC" "BER" "multiclass.brier" "MMCE" ...
NULL
Writing result file: /home/probst/Random_Forest/RFSplitbias/results/Splitbias-files/jobs/63/2563-result.RData
########## Executing jid=2564 ##########
Timestamp: 2016-04-28 14:37:32
Experiment: 
  Problem: taski 
  Problem parameters: idi=9903, learner=, teststat=, testtype= 
  Algorithm: forest.splitbias.oob 
  Algorithm parameters:  
  Replication: 2 
  Seed: 2564 
  Problem seed: 124 
Setting seed: 2564
Applying Algorithm forest.splitbias.oob ...
Generating problem taski ...
Result:
List of 3
 $ idi   : int 9903
 $ lrn   : chr [1:3] "randomForest" "oob" ""
 $ result: Named num [1:5] 0.504 0.627 0.646 0.496 0.766
  ..- attr(*, "names")= chr [1:5] "ACC" "BER" "multiclass.brier" "MMCE" ...
NULL
Writing result file: /home/probst/Random_Forest/RFSplitbias/results/Splitbias-files/jobs/64/2564-result.RData
########## Executing jid=2565 ##########
Timestamp: 2016-04-28 14:37:33
Experiment: 
  Problem: taski 
  Problem parameters: idi=9903, learner=, teststat=, testtype= 
  Algorithm: forest.splitbias.oob 
  Algorithm parameters:  
  Replication: 3 
  Seed: 2565 
  Problem seed: 125 
Setting seed: 2565
Applying Algorithm forest.splitbias.oob ...
Generating problem taski ...
Result:
List of 3
 $ idi   : int 9903
 $ lrn   : chr [1:3] "randomForest" "oob" ""
 $ result: Named num [1:5] 0.52 0.615 0.646 0.48 0.767
  ..- attr(*, "names")= chr [1:5] "ACC" "BER" "multiclass.brier" "MMCE" ...
NULL
Writing result file: /home/probst/Random_Forest/RFSplitbias/results/Splitbias-files/jobs/65/2565-result.RData
########## Executing jid=2566 ##########
Timestamp: 2016-04-28 14:37:34
Experiment: 
  Problem: taski 
  Problem parameters: idi=9903, learner=, teststat=, testtype= 
  Algorithm: forest.splitbias.oob 
  Algorithm parameters:  
  Replication: 4 
  Seed: 2566 
  Problem seed: 126 
Setting seed: 2566
Applying Algorithm forest.splitbias.oob ...
Generating problem taski ...
Result:
List of 3
 $ idi   : int 9903
 $ lrn   : chr [1:3] "randomForest" "oob" ""
 $ result: Named num [1:5] 0.506 0.637 0.649 0.494 0.769
  ..- attr(*, "names")= chr [1:5] "ACC" "BER" "multiclass.brier" "MMCE" ...
NULL
Writing result file: /home/probst/Random_Forest/RFSplitbias/results/Splitbias-files/jobs/66/2566-result.RData
########## Executing jid=2567 ##########
Timestamp: 2016-04-28 14:37:35
Experiment: 
  Problem: taski 
  Problem parameters: idi=9903, learner=, teststat=, testtype= 
  Algorithm: forest.splitbias.oob 
  Algorithm parameters:  
  Replication: 5 
  Seed: 2567 
  Problem seed: 127 
Setting seed: 2567
Applying Algorithm forest.splitbias.oob ...
Generating problem taski ...
Result:
List of 3
 $ idi   : int 9903
 $ lrn   : chr [1:3] "randomForest" "oob" ""
 $ result: Named num [1:5] 0.514 0.624 0.643 0.486 0.77
  ..- attr(*, "names")= chr [1:5] "ACC" "BER" "multiclass.brier" "MMCE" ...
NULL
Writing result file: /home/probst/Random_Forest/RFSplitbias/results/Splitbias-files/jobs/67/2567-result.RData
########## Executing jid=2568 ##########
Timestamp: 2016-04-28 14:37:37
Experiment: 
  Problem: taski 
  Problem parameters: idi=9903, learner=, teststat=, testtype= 
  Algorithm: forest.splitbias.oob 
  Algorithm parameters:  
  Replication: 6 
  Seed: 2568 
  Problem seed: 128 
Setting seed: 2568
Applying Algorithm forest.splitbias.oob ...
Generating problem taski ...
Result:
List of 3
 $ idi   : int 9903
 $ lrn   : chr [1:3] "randomForest" "oob" ""
 $ result: Named num [1:5] 0.516 0.617 0.644 0.484 0.771
  ..- attr(*, "names")= chr [1:5] "ACC" "BER" "multiclass.brier" "MMCE" ...
NULL
Writing result file: /home/probst/Random_Forest/RFSplitbias/results/Splitbias-files/jobs/68/2568-result.RData
########## Executing jid=2569 ##########
Timestamp: 2016-04-28 14:37:38
Experiment: 
  Problem: taski 
  Problem parameters: idi=9903, learner=, teststat=, testtype= 
  Algorithm: forest.splitbias.oob 
  Algorithm parameters:  
  Replication: 7 
  Seed: 2569 
  Problem seed: 129 
Setting seed: 2569
Applying Algorithm forest.splitbias.oob ...
Generating problem taski ...
Result:
List of 3
 $ idi   : int 9903
 $ lrn   : chr [1:3] "randomForest" "oob" ""
 $ result: Named num [1:5] 0.52 0.618 0.646 0.48 0.767
  ..- attr(*, "names")= chr [1:5] "ACC" "BER" "multiclass.brier" "MMCE" ...
NULL
Writing result file: /home/probst/Random_Forest/RFSplitbias/results/Splitbias-files/jobs/69/2569-result.RData
########## Executing jid=2570 ##########
Timestamp: 2016-04-28 14:37:39
Experiment: 
  Problem: taski 
  Problem parameters: idi=9903, learner=, teststat=, testtype= 
  Algorithm: forest.splitbias.oob 
  Algorithm parameters:  
  Replication: 8 
  Seed: 2570 
  Problem seed: 130 
Setting seed: 2570
Applying Algorithm forest.splitbias.oob ...
Generating problem taski ...
Result:
List of 3
 $ idi   : int 9903
 $ lrn   : chr [1:3] "randomForest" "oob" ""
 $ result: Named num [1:5] 0.516 0.624 0.645 0.484 0.776
  ..- attr(*, "names")= chr [1:5] "ACC" "BER" "multiclass.brier" "MMCE" ...
NULL
Writing result file: /home/probst/Random_Forest/RFSplitbias/results/Splitbias-files/jobs/70/2570-result.RData
########## Executing jid=2571 ##########
Timestamp: 2016-04-28 14:37:41
Experiment: 
  Problem: taski 
  Problem parameters: idi=9903, learner=, teststat=, testtype= 
  Algorithm: forest.splitbias.oob 
  Algorithm parameters:  
  Replication: 9 
  Seed: 2571 
  Problem seed: 131 
Setting seed: 2571
Applying Algorithm forest.splitbias.oob ...
Generating problem taski ...
Result:
List of 3
 $ idi   : int 9903
 $ lrn   : chr [1:3] "randomForest" "oob" ""
 $ result: Named num [1:5] 0.542 0.605 0.642 0.458 0.778
  ..- attr(*, "names")= chr [1:5] "ACC" "BER" "multiclass.brier" "MMCE" ...
NULL
Writing result file: /home/probst/Random_Forest/RFSplitbias/results/Splitbias-files/jobs/71/2571-result.RData
########## Executing jid=2572 ##########
Timestamp: 2016-04-28 14:37:42
Experiment: 
  Problem: taski 
  Problem parameters: idi=9903, learner=, teststat=, testtype= 
  Algorithm: forest.splitbias.oob 
  Algorithm parameters:  
  Replication: 10 
  Seed: 2572 
  Problem seed: 132 
Setting seed: 2572
Applying Algorithm forest.splitbias.oob ...
Generating problem taski ...
Result:
List of 3
 $ idi   : int 9903
 $ lrn   : chr [1:3] "randomForest" "oob" ""
 $ result: Named num [1:5] 0.516 0.627 0.644 0.484 0.773
  ..- attr(*, "names")= chr [1:5] "ACC" "BER" "multiclass.brier" "MMCE" ...
NULL
Writing result file: /home/probst/Random_Forest/RFSplitbias/results/Splitbias-files/jobs/72/2572-result.RData
########## Executing jid=2573 ##########
Timestamp: 2016-04-28 14:37:43
Experiment: 
  Problem: taski 
  Problem parameters: idi=9982, learner=, teststat=, testtype= 
  Algorithm: forest.splitbias.oob 
  Algorithm parameters:  
  Replication: 2 
  Seed: 2573 
  Problem seed: 124 
Setting seed: 2573
Applying Algorithm forest.splitbias.oob ...
Generating problem taski ...
Result:
List of 3
 $ idi   : int 9982
 $ lrn   : chr [1:3] "randomForest" "oob" ""
 $ result: Named num [1:5] 0.544 0.448 0.534 0.456 0.579
  ..- attr(*, "names")= chr [1:5] "ACC" "BER" "multiclass.brier" "MMCE" ...
NULL
Writing result file: /home/probst/Random_Forest/RFSplitbias/results/Splitbias-files/jobs/73/2573-result.RData
########## Executing jid=2574 ##########
Timestamp: 2016-04-28 14:37:45
Experiment: 
  Problem: taski 
  Problem parameters: idi=9982, learner=, teststat=, testtype= 
  Algorithm: forest.splitbias.oob 
  Algorithm parameters:  
  Replication: 3 
  Seed: 2574 
  Problem seed: 125 
Setting seed: 2574
Applying Algorithm forest.splitbias.oob ...
Generating problem taski ...
Result:
List of 3
 $ idi   : int 9982
 $ lrn   : chr [1:3] "randomForest" "oob" ""
 $ result: Named num [1:5] 0.544 0.448 0.532 0.456 0.574
  ..- attr(*, "names")= chr [1:5] "ACC" "BER" "multiclass.brier" "MMCE" ...
NULL
Writing result file: /home/probst/Random_Forest/RFSplitbias/results/Splitbias-files/jobs/74/2574-result.RData
########## Executing jid=2575 ##########
Timestamp: 2016-04-28 14:37:47
Experiment: 
  Problem: taski 
  Problem parameters: idi=9982, learner=, teststat=, testtype= 
  Algorithm: forest.splitbias.oob 
  Algorithm parameters:  
  Replication: 4 
  Seed: 2575 
  Problem seed: 126 
Setting seed: 2575
Applying Algorithm forest.splitbias.oob ...
Generating problem taski ...
Result:
List of 3
 $ idi   : int 9982
 $ lrn   : chr [1:3] "randomForest" "oob" ""
 $ result: Named num [1:5] 0.542 0.45 0.538 0.458 0.58
  ..- attr(*, "names")= chr [1:5] "ACC" "BER" "multiclass.brier" "MMCE" ...
NULL
Writing result file: /home/probst/Random_Forest/RFSplitbias/results/Splitbias-files/jobs/75/2575-result.RData
########## Executing jid=2576 ##########
Timestamp: 2016-04-28 14:37:49
Experiment: 
  Problem: taski 
  Problem parameters: idi=9982, learner=, teststat=, testtype= 
  Algorithm: forest.splitbias.oob 
  Algorithm parameters:  
  Replication: 5 
  Seed: 2576 
  Problem seed: 127 
Setting seed: 2576
Applying Algorithm forest.splitbias.oob ...
Generating problem taski ...
Result:
List of 3
 $ idi   : int 9982
 $ lrn   : chr [1:3] "randomForest" "oob" ""
 $ result: Named num [1:5] 0.538 0.453 0.536 0.462 0.579
  ..- attr(*, "names")= chr [1:5] "ACC" "BER" "multiclass.brier" "MMCE" ...
NULL
Writing result file: /home/probst/Random_Forest/RFSplitbias/results/Splitbias-files/jobs/76/2576-result.RData
########## Executing jid=2577 ##########
Timestamp: 2016-04-28 14:37:51
Experiment: 
  Problem: taski 
  Problem parameters: idi=9982, learner=, teststat=, testtype= 
  Algorithm: forest.splitbias.oob 
  Algorithm parameters:  
  Replication: 6 
  Seed: 2577 
  Problem seed: 128 
Setting seed: 2577
Applying Algorithm forest.splitbias.oob ...
Generating problem taski ...
Result:
List of 3
 $ idi   : int 9982
 $ lrn   : chr [1:3] "randomForest" "oob" ""
 $ result: Named num [1:5] 0.554 0.437 0.536 0.446 0.586
  ..- attr(*, "names")= chr [1:5] "ACC" "BER" "multiclass.brier" "MMCE" ...
NULL
Writing result file: /home/probst/Random_Forest/RFSplitbias/results/Splitbias-files/jobs/77/2577-result.RData
########## Executing jid=2578 ##########
Timestamp: 2016-04-28 14:37:54
Experiment: 
  Problem: taski 
  Problem parameters: idi=9982, learner=, teststat=, testtype= 
  Algorithm: forest.splitbias.oob 
  Algorithm parameters:  
  Replication: 7 
  Seed: 2578 
  Problem seed: 129 
Setting seed: 2578
Applying Algorithm forest.splitbias.oob ...
Generating problem taski ...
Result:
List of 3
 $ idi   : int 9982
 $ lrn   : chr [1:3] "randomForest" "oob" ""
 $ result: Named num [1:5] 0.54 0.451 0.533 0.46 0.574
  ..- attr(*, "names")= chr [1:5] "ACC" "BER" "multiclass.brier" "MMCE" ...
NULL
Writing result file: /home/probst/Random_Forest/RFSplitbias/results/Splitbias-files/jobs/78/2578-result.RData
########## Executing jid=2579 ##########
Timestamp: 2016-04-28 14:37:56
Experiment: 
  Problem: taski 
  Problem parameters: idi=9982, learner=, teststat=, testtype= 
  Algorithm: forest.splitbias.oob 
  Algorithm parameters:  
  Replication: 8 
  Seed: 2579 
  Problem seed: 130 
Setting seed: 2579
Applying Algorithm forest.splitbias.oob ...
Generating problem taski ...
Result:
List of 3
 $ idi   : int 9982
 $ lrn   : chr [1:3] "randomForest" "oob" ""
 $ result: Named num [1:5] 0.554 0.438 0.531 0.446 0.579
  ..- attr(*, "names")= chr [1:5] "ACC" "BER" "multiclass.brier" "MMCE" ...
NULL
Writing result file: /home/probst/Random_Forest/RFSplitbias/results/Splitbias-files/jobs/79/2579-result.RData
########## Executing jid=2580 ##########
Timestamp: 2016-04-28 14:37:58
Experiment: 
  Problem: taski 
  Problem parameters: idi=9982, learner=, teststat=, testtype= 
  Algorithm: forest.splitbias.oob 
  Algorithm parameters:  
  Replication: 9 
  Seed: 2580 
  Problem seed: 131 
Setting seed: 2580
Applying Algorithm forest.splitbias.oob ...
Generating problem taski ...
Result:
List of 3
 $ idi   : int 9982
 $ lrn   : chr [1:3] "randomForest" "oob" ""
 $ result: Named num [1:5] 0.546 0.444 0.534 0.454 0.573
  ..- attr(*, "names")= chr [1:5] "ACC" "BER" "multiclass.brier" "MMCE" ...
NULL
Writing result file: /home/probst/Random_Forest/RFSplitbias/results/Splitbias-files/jobs/80/2580-result.RData
########## Executing jid=2581 ##########
Timestamp: 2016-04-28 14:38:00
Experiment: 
  Problem: taski 
  Problem parameters: idi=9982, learner=, teststat=, testtype= 
  Algorithm: forest.splitbias.oob 
  Algorithm parameters:  
  Replication: 10 
  Seed: 2581 
  Problem seed: 132 
Setting seed: 2581
Applying Algorithm forest.splitbias.oob ...
Generating problem taski ...
Result:
List of 3
 $ idi   : int 9982
 $ lrn   : chr [1:3] "randomForest" "oob" ""
 $ result: Named num [1:5] 0.542 0.449 0.535 0.458 0.577
  ..- attr(*, "names")= chr [1:5] "ACC" "BER" "multiclass.brier" "MMCE" ...
NULL
Writing result file: /home/probst/Random_Forest/RFSplitbias/results/Splitbias-files/jobs/81/2581-result.RData
########## Executing jid=2582 ##########
Timestamp: 2016-04-28 14:38:02
Experiment: 
  Problem: taski 
  Problem parameters: idi=37, learner=, teststat=, testtype= 
  Algorithm: forest.splitbias.oob 
  Algorithm parameters:  
  Replication: 2 
  Seed: 2582 
  Problem seed: 124 
Setting seed: 2582
Applying Algorithm forest.splitbias.oob ...
Generating problem taski ...
Result:
List of 3
 $ idi   : int 37
 $ lrn   : chr [1:3] "randomForest" "oob" ""
 $ result: Named num [1:5] 0.766 0.273 0.321 0.234 0.763
  ..- attr(*, "names")= chr [1:5] "ACC" "BER" "multiclass.brier" "MMCE" ...
NULL
Writing result file: /home/probst/Random_Forest/RFSplitbias/results/Splitbias-files/jobs/82/2582-result.RData
########## Executing jid=2583 ##########
Timestamp: 2016-04-28 14:38:04
Experiment: 
  Problem: taski 
  Problem parameters: idi=37, learner=, teststat=, testtype= 
  Algorithm: forest.splitbias.oob 
  Algorithm parameters:  
  Replication: 3 
  Seed: 2583 
  Problem seed: 125 
Setting seed: 2583
Applying Algorithm forest.splitbias.oob ...
Generating problem taski ...
Result:
List of 3
 $ idi   : int 37
 $ lrn   : chr [1:3] "randomForest" "oob" ""
 $ result: Named num [1:5] 0.768 0.268 0.319 0.232 0.762
  ..- attr(*, "names")= chr [1:5] "ACC" "BER" "multiclass.brier" "MMCE" ...
NULL
Writing result file: /home/probst/Random_Forest/RFSplitbias/results/Splitbias-files/jobs/83/2583-result.RData
########## Executing jid=2584 ##########
Timestamp: 2016-04-28 14:38:05
Experiment: 
  Problem: taski 
  Problem parameters: idi=37, learner=, teststat=, testtype= 
  Algorithm: forest.splitbias.oob 
  Algorithm parameters:  
  Replication: 4 
  Seed: 2584 
  Problem seed: 126 
Setting seed: 2584
Applying Algorithm forest.splitbias.oob ...
Generating problem taski ...
Result:
List of 3
 $ idi   : int 37
 $ lrn   : chr [1:3] "randomForest" "oob" ""
 $ result: Named num [1:5] 0.77 0.27 0.318 0.23 0.762
  ..- attr(*, "names")= chr [1:5] "ACC" "BER" "multiclass.brier" "MMCE" ...
NULL
Writing result file: /home/probst/Random_Forest/RFSplitbias/results/Splitbias-files/jobs/84/2584-result.RData
########## Executing jid=2585 ##########
Timestamp: 2016-04-28 14:38:06
Experiment: 
  Problem: taski 
  Problem parameters: idi=37, learner=, teststat=, testtype= 
  Algorithm: forest.splitbias.oob 
  Algorithm parameters:  
  Replication: 5 
  Seed: 2585 
  Problem seed: 127 
Setting seed: 2585
Applying Algorithm forest.splitbias.oob ...
Generating problem taski ...
Result:
List of 3
 $ idi   : int 37
 $ lrn   : chr [1:3] "randomForest" "oob" ""
 $ result: Named num [1:5] 0.77 0.267 0.318 0.23 0.761
  ..- attr(*, "names")= chr [1:5] "ACC" "BER" "multiclass.brier" "MMCE" ...
NULL
Writing result file: /home/probst/Random_Forest/RFSplitbias/results/Splitbias-files/jobs/85/2585-result.RData
########## Executing jid=2586 ##########
Timestamp: 2016-04-28 14:38:07
Experiment: 
  Problem: taski 
  Problem parameters: idi=37, learner=, teststat=, testtype= 
  Algorithm: forest.splitbias.oob 
  Algorithm parameters:  
  Replication: 6 
  Seed: 2586 
  Problem seed: 128 
Setting seed: 2586
Applying Algorithm forest.splitbias.oob ...
Generating problem taski ...
Result:
List of 3
 $ idi   : int 37
 $ lrn   : chr [1:3] "randomForest" "oob" ""
 $ result: Named num [1:5] 0.775 0.264 0.318 0.225 0.766
  ..- attr(*, "names")= chr [1:5] "ACC" "BER" "multiclass.brier" "MMCE" ...
NULL
Writing result file: /home/probst/Random_Forest/RFSplitbias/results/Splitbias-files/jobs/86/2586-result.RData
########## Executing jid=2587 ##########
Timestamp: 2016-04-28 14:38:09
Experiment: 
  Problem: taski 
  Problem parameters: idi=37, learner=, teststat=, testtype= 
  Algorithm: forest.splitbias.oob 
  Algorithm parameters:  
  Replication: 7 
  Seed: 2587 
  Problem seed: 129 
Setting seed: 2587
Applying Algorithm forest.splitbias.oob ...
Generating problem taski ...
Result:
List of 3
 $ idi   : int 37
 $ lrn   : chr [1:3] "randomForest" "oob" ""
 $ result: Named num [1:5] 0.77 0.268 0.32 0.23 0.762
  ..- attr(*, "names")= chr [1:5] "ACC" "BER" "multiclass.brier" "MMCE" ...
NULL
Writing result file: /home/probst/Random_Forest/RFSplitbias/results/Splitbias-files/jobs/87/2587-result.RData
########## Executing jid=2588 ##########
Timestamp: 2016-04-28 14:38:10
Experiment: 
  Problem: taski 
  Problem parameters: idi=37, learner=, teststat=, testtype= 
  Algorithm: forest.splitbias.oob 
  Algorithm parameters:  
  Replication: 8 
  Seed: 2588 
  Problem seed: 130 
Setting seed: 2588
Applying Algorithm forest.splitbias.oob ...
Generating problem taski ...
Result:
List of 3
 $ idi   : int 37
 $ lrn   : chr [1:3] "randomForest" "oob" ""
 $ result: Named num [1:5] 0.767 0.27 0.321 0.233 0.763
  ..- attr(*, "names")= chr [1:5] "ACC" "BER" "multiclass.brier" "MMCE" ...
NULL
Writing result file: /home/probst/Random_Forest/RFSplitbias/results/Splitbias-files/jobs/88/2588-result.RData
########## Executing jid=2589 ##########
Timestamp: 2016-04-28 14:38:11
Experiment: 
  Problem: taski 
  Problem parameters: idi=37, learner=, teststat=, testtype= 
  Algorithm: forest.splitbias.oob 
  Algorithm parameters:  
  Replication: 9 
  Seed: 2589 
  Problem seed: 131 
Setting seed: 2589
Applying Algorithm forest.splitbias.oob ...
Generating problem taski ...
Result:
List of 3
 $ idi   : int 37
 $ lrn   : chr [1:3] "randomForest" "oob" ""
 $ result: Named num [1:5] 0.771 0.267 0.318 0.229 0.762
  ..- attr(*, "names")= chr [1:5] "ACC" "BER" "multiclass.brier" "MMCE" ...
NULL
Writing result file: /home/probst/Random_Forest/RFSplitbias/results/Splitbias-files/jobs/89/2589-result.RData
########## Executing jid=2590 ##########
Timestamp: 2016-04-28 14:38:13
Experiment: 
  Problem: taski 
  Problem parameters: idi=37, learner=, teststat=, testtype= 
  Algorithm: forest.splitbias.oob 
  Algorithm parameters:  
  Replication: 10 
  Seed: 2590 
  Problem seed: 132 
Setting seed: 2590
Applying Algorithm forest.splitbias.oob ...
Generating problem taski ...
Result:
List of 3
 $ idi   : int 37
 $ lrn   : chr [1:3] "randomForest" "oob" ""
 $ result: Named num [1:5] 0.772 0.264 0.319 0.228 0.764
  ..- attr(*, "names")= chr [1:5] "ACC" "BER" "multiclass.brier" "MMCE" ...
NULL
Writing result file: /home/probst/Random_Forest/RFSplitbias/results/Splitbias-files/jobs/90/2590-result.RData
########## Executing jid=2591 ##########
Timestamp: 2016-04-28 14:38:14
Experiment: 
  Problem: taski 
  Problem parameters: idi=3691, learner=, teststat=, testtype= 
  Algorithm: forest.splitbias.oob 
  Algorithm parameters:  
  Replication: 2 
  Seed: 2591 
  Problem seed: 124 
Setting seed: 2591
Applying Algorithm forest.splitbias.oob ...
Generating problem taski ...
Result:
List of 3
 $ idi   : int 3691
 $ lrn   : chr [1:3] "randomForest" "oob" ""
 $ result: Named num [1:5] 0.682 0.335 0.396 0.318 0.668
  ..- attr(*, "names")= chr [1:5] "ACC" "BER" "multiclass.brier" "MMCE" ...
NULL
Writing result file: /home/probst/Random_Forest/RFSplitbias/results/Splitbias-files/jobs/91/2591-result.RData
########## Executing jid=2592 ##########
Timestamp: 2016-04-28 14:38:15
Experiment: 
  Problem: taski 
  Problem parameters: idi=3691, learner=, teststat=, testtype= 
  Algorithm: forest.splitbias.oob 
  Algorithm parameters:  
  Replication: 3 
  Seed: 2592 
  Problem seed: 125 
Setting seed: 2592
Applying Algorithm forest.splitbias.oob ...
Generating problem taski ...
Result:
List of 3
 $ idi   : int 3691
 $ lrn   : chr [1:3] "randomForest" "oob" ""
 $ result: Named num [1:5] 0.693 0.325 0.394 0.307 0.666
  ..- attr(*, "names")= chr [1:5] "ACC" "BER" "multiclass.brier" "MMCE" ...
NULL
Writing result file: /home/probst/Random_Forest/RFSplitbias/results/Splitbias-files/jobs/92/2592-result.RData
########## Executing jid=2593 ##########
Timestamp: 2016-04-28 14:38:16
Experiment: 
  Problem: taski 
  Problem parameters: idi=3691, learner=, teststat=, testtype= 
  Algorithm: forest.splitbias.oob 
  Algorithm parameters:  
  Replication: 4 
  Seed: 2593 
  Problem seed: 126 
Setting seed: 2593
Applying Algorithm forest.splitbias.oob ...
Generating problem taski ...
Result:
List of 3
 $ idi   : int 3691
 $ lrn   : chr [1:3] "randomForest" "oob" ""
 $ result: Named num [1:5] 0.691 0.327 0.394 0.309 0.661
  ..- attr(*, "names")= chr [1:5] "ACC" "BER" "multiclass.brier" "MMCE" ...
NULL
Writing result file: /home/probst/Random_Forest/RFSplitbias/results/Splitbias-files/jobs/93/2593-result.RData
########## Executing jid=2594 ##########
Timestamp: 2016-04-28 14:38:17
Experiment: 
  Problem: taski 
  Problem parameters: idi=3691, learner=, teststat=, testtype= 
  Algorithm: forest.splitbias.oob 
  Algorithm parameters:  
  Replication: 5 
  Seed: 2594 
  Problem seed: 127 
Setting seed: 2594
Applying Algorithm forest.splitbias.oob ...
Generating problem taski ...
Result:
List of 3
 $ idi   : int 3691
 $ lrn   : chr [1:3] "randomForest" "oob" ""
 $ result: Named num [1:5] 0.693 0.324 0.39 0.307 0.662
  ..- attr(*, "names")= chr [1:5] "ACC" "BER" "multiclass.brier" "MMCE" ...
NULL
Writing result file: /home/probst/Random_Forest/RFSplitbias/results/Splitbias-files/jobs/94/2594-result.RData
########## Executing jid=2595 ##########
Timestamp: 2016-04-28 14:38:18
Experiment: 
  Problem: taski 
  Problem parameters: idi=3691, learner=, teststat=, testtype= 
  Algorithm: forest.splitbias.oob 
  Algorithm parameters:  
  Replication: 6 
  Seed: 2595 
  Problem seed: 128 
Setting seed: 2595
Applying Algorithm forest.splitbias.oob ...
Generating problem taski ...
Result:
List of 3
 $ idi   : int 3691
 $ lrn   : chr [1:3] "randomForest" "oob" ""
 $ result: Named num [1:5] 0.691 0.327 0.392 0.309 0.674
  ..- attr(*, "names")= chr [1:5] "ACC" "BER" "multiclass.brier" "MMCE" ...
NULL
Writing result file: /home/probst/Random_Forest/RFSplitbias/results/Splitbias-files/jobs/95/2595-result.RData
########## Executing jid=2596 ##########
Timestamp: 2016-04-28 14:38:19
Experiment: 
  Problem: taski 
  Problem parameters: idi=3691, learner=, teststat=, testtype= 
  Algorithm: forest.splitbias.oob 
  Algorithm parameters:  
  Replication: 7 
  Seed: 2596 
  Problem seed: 129 
Setting seed: 2596
Applying Algorithm forest.splitbias.oob ...
Generating problem taski ...
Result:
List of 3
 $ idi   : int 3691
 $ lrn   : chr [1:3] "randomForest" "oob" ""
 $ result: Named num [1:5] 0.689 0.329 0.392 0.311 0.672
  ..- attr(*, "names")= chr [1:5] "ACC" "BER" "multiclass.brier" "MMCE" ...
NULL
Writing result file: /home/probst/Random_Forest/RFSplitbias/results/Splitbias-files/jobs/96/2596-result.RData
########## Executing jid=2597 ##########
Timestamp: 2016-04-28 14:38:20
Experiment: 
  Problem: taski 
  Problem parameters: idi=3691, learner=, teststat=, testtype= 
  Algorithm: forest.splitbias.oob 
  Algorithm parameters:  
  Replication: 8 
  Seed: 2597 
  Problem seed: 130 
Setting seed: 2597
Applying Algorithm forest.splitbias.oob ...
Generating problem taski ...
Result:
List of 3
 $ idi   : int 3691
 $ lrn   : chr [1:3] "randomForest" "oob" ""
 $ result: Named num [1:5] 0.698 0.319 0.394 0.302 0.67
  ..- attr(*, "names")= chr [1:5] "ACC" "BER" "multiclass.brier" "MMCE" ...
NULL
Writing result file: /home/probst/Random_Forest/RFSplitbias/results/Splitbias-files/jobs/97/2597-result.RData
########## Executing jid=2598 ##########
Timestamp: 2016-04-28 14:38:21
Experiment: 
  Problem: taski 
  Problem parameters: idi=3691, learner=, teststat=, testtype= 
  Algorithm: forest.splitbias.oob 
  Algorithm parameters:  
  Replication: 9 
  Seed: 2598 
  Problem seed: 131 
Setting seed: 2598
Applying Algorithm forest.splitbias.oob ...
Generating problem taski ...
Result:
List of 3
 $ idi   : int 3691
 $ lrn   : chr [1:3] "randomForest" "oob" ""
 $ result: Named num [1:5] 0.684 0.334 0.393 0.316 0.666
  ..- attr(*, "names")= chr [1:5] "ACC" "BER" "multiclass.brier" "MMCE" ...
NULL
Writing result file: /home/probst/Random_Forest/RFSplitbias/results/Splitbias-files/jobs/98/2598-result.RData
########## Executing jid=2599 ##########
Timestamp: 2016-04-28 14:38:22
Experiment: 
  Problem: taski 
  Problem parameters: idi=3691, learner=, teststat=, testtype= 
  Algorithm: forest.splitbias.oob 
  Algorithm parameters:  
  Replication: 10 
  Seed: 2599 
  Problem seed: 132 
Setting seed: 2599
Applying Algorithm forest.splitbias.oob ...
Generating problem taski ...
Result:
List of 3
 $ idi   : int 3691
 $ lrn   : chr [1:3] "randomForest" "oob" ""
 $ result: Named num [1:5] 0.686 0.332 0.394 0.314 0.663
  ..- attr(*, "names")= chr [1:5] "ACC" "BER" "multiclass.brier" "MMCE" ...
NULL
Writing result file: /home/probst/Random_Forest/RFSplitbias/results/Splitbias-files/jobs/99/2599-result.RData
########## Executing jid=2600 ##########
Timestamp: 2016-04-28 14:38:23
Experiment: 
  Problem: taski 
  Problem parameters: idi=3718, learner=, teststat=, testtype= 
  Algorithm: forest.splitbias.oob 
  Algorithm parameters:  
  Replication: 2 
  Seed: 2600 
  Problem seed: 124 
Setting seed: 2600
Applying Algorithm forest.splitbias.oob ...
Generating problem taski ...
Result:
List of 3
 $ idi   : int 3718
 $ lrn   : chr [1:3] "randomForest" "oob" ""
 $ result: Named num [1:5] 0.891 0.116 0.163 0.109 0.547
  ..- attr(*, "names")= chr [1:5] "ACC" "BER" "multiclass.brier" "MMCE" ...
NULL
Writing result file: /home/probst/Random_Forest/RFSplitbias/results/Splitbias-files/jobs/00/2600-result.RData
########## Executing jid=2601 ##########
Timestamp: 2016-04-28 14:38:24
Experiment: 
  Problem: taski 
  Problem parameters: idi=3718, learner=, teststat=, testtype= 
  Algorithm: forest.splitbias.oob 
  Algorithm parameters:  
  Replication: 3 
  Seed: 2601 
  Problem seed: 125 
Setting seed: 2601
Applying Algorithm forest.splitbias.oob ...
Generating problem taski ...
Result:
List of 3
 $ idi   : int 3718
 $ lrn   : chr [1:3] "randomForest" "oob" ""
 $ result: Named num [1:5] 0.899 0.108 0.161 0.101 0.56
  ..- attr(*, "names")= chr [1:5] "ACC" "BER" "multiclass.brier" "MMCE" ...
NULL
Writing result file: /home/probst/Random_Forest/RFSplitbias/results/Splitbias-files/jobs/01/2601-result.RData
########## Executing jid=2602 ##########
Timestamp: 2016-04-28 14:38:25
Experiment: 
  Problem: taski 
  Problem parameters: idi=3718, learner=, teststat=, testtype= 
  Algorithm: forest.splitbias.oob 
  Algorithm parameters:  
  Replication: 4 
  Seed: 2602 
  Problem seed: 126 
Setting seed: 2602
Applying Algorithm forest.splitbias.oob ...
Generating problem taski ...
Result:
List of 3
 $ idi   : int 3718
 $ lrn   : chr [1:3] "randomForest" "oob" ""
 $ result: Named num [1:5] 0.9032 0.1038 0.1626 0.0968 0.5452
  ..- attr(*, "names")= chr [1:5] "ACC" "BER" "multiclass.brier" "MMCE" ...
NULL
Writing result file: /home/probst/Random_Forest/RFSplitbias/results/Splitbias-files/jobs/02/2602-result.RData
########## Executing jid=2603 ##########
Timestamp: 2016-04-28 14:38:26
Experiment: 
  Problem: taski 
  Problem parameters: idi=3718, learner=, teststat=, testtype= 
  Algorithm: forest.splitbias.oob 
  Algorithm parameters:  
  Replication: 5 
  Seed: 2603 
  Problem seed: 127 
Setting seed: 2603
Applying Algorithm forest.splitbias.oob ...
Generating problem taski ...
Result:
List of 3
 $ idi   : int 3718
 $ lrn   : chr [1:3] "randomForest" "oob" ""
 $ result: Named num [1:5] 0.895 0.111 0.163 0.105 0.552
  ..- attr(*, "names")= chr [1:5] "ACC" "BER" "multiclass.brier" "MMCE" ...
NULL
Writing result file: /home/probst/Random_Forest/RFSplitbias/results/Splitbias-files/jobs/03/2603-result.RData
2016-04-28 14:38:27: All done.
Setting work back to: /nfsmb/koll/probst/Random_Forest/RFSplitbias/results
Memory usage according to gc:
          used (Mb) gc trigger  (Mb) max used  (Mb)
Ncells 1775523 94.9    2637877 140.9  2080755 111.2
Vcells 4652696 35.5   14256408 108.8 10855671  82.9
