Loading registry: /home/probst/Random_Forest/RFSplitbias/results/Splitbias-files/registry.RData
Loading conf: 
2016-04-28 14:44:03: Starting job on node lin65.
Auto-mailer settings: start=none, done=none, error=none.
Setting work dir: /nfsmb/koll/probst/Random_Forest/RFSplitbias/results
########## Executing jid=2804 ##########
Timestamp: 2016-04-28 14:44:03
Experiment: 
  Problem: taski 
  Problem parameters: idi=3920, learner=, teststat=, testtype= 
  Algorithm: forest.splitbias.oob 
  Algorithm parameters:  
  Replication: 8 
  Seed: 2804 
  Problem seed: 130 
Setting seed: 2804
Applying Algorithm forest.splitbias.oob ...
Generating problem taski ...
Result:
List of 3
 $ idi   : int 3920
 $ lrn   : chr [1:3] "randomForest" "oob" ""
 $ result: Named num [1:5] 0.9107 0.4328 0.1368 0.0893 0.9909
  ..- attr(*, "names")= chr [1:5] "ACC" "BER" "multiclass.brier" "MMCE" ...
NULL
Writing result file: /home/probst/Random_Forest/RFSplitbias/results/Splitbias-files/jobs/04/2804-result.RData
########## Executing jid=2805 ##########
Timestamp: 2016-04-28 14:44:05
Experiment: 
  Problem: taski 
  Problem parameters: idi=3920, learner=, teststat=, testtype= 
  Algorithm: forest.splitbias.oob 
  Algorithm parameters:  
  Replication: 9 
  Seed: 2805 
  Problem seed: 131 
Setting seed: 2805
Applying Algorithm forest.splitbias.oob ...
Generating problem taski ...
Result:
List of 3
 $ idi   : int 3920
 $ lrn   : chr [1:3] "randomForest" "oob" ""
 $ result: Named num [1:5] 0.9156 0.4153 0.1381 0.0844 0.9907
  ..- attr(*, "names")= chr [1:5] "ACC" "BER" "multiclass.brier" "MMCE" ...
NULL
Writing result file: /home/probst/Random_Forest/RFSplitbias/results/Splitbias-files/jobs/05/2805-result.RData
########## Executing jid=2806 ##########
Timestamp: 2016-04-28 14:44:06
Experiment: 
  Problem: taski 
  Problem parameters: idi=3920, learner=, teststat=, testtype= 
  Algorithm: forest.splitbias.oob 
  Algorithm parameters:  
  Replication: 10 
  Seed: 2806 
  Problem seed: 132 
Setting seed: 2806
Applying Algorithm forest.splitbias.oob ...
Generating problem taski ...
Result:
List of 3
 $ idi   : int 3920
 $ lrn   : chr [1:3] "randomForest" "oob" ""
 $ result: Named num [1:5] 0.9156 0.4153 0.1379 0.0844 0.99
  ..- attr(*, "names")= chr [1:5] "ACC" "BER" "multiclass.brier" "MMCE" ...
NULL
Writing result file: /home/probst/Random_Forest/RFSplitbias/results/Splitbias-files/jobs/06/2806-result.RData
########## Executing jid=2807 ##########
Timestamp: 2016-04-28 14:44:07
Experiment: 
  Problem: taski 
  Problem parameters: idi=9895, learner=, teststat=, testtype= 
  Algorithm: forest.splitbias.oob 
  Algorithm parameters:  
  Replication: 2 
  Seed: 2807 
  Problem seed: 124 
Setting seed: 2807
Applying Algorithm forest.splitbias.oob ...
Generating problem taski ...
Result:
List of 3
 $ idi   : int 9895
 $ lrn   : chr [1:3] "randomForest" "oob" ""
 $ result: Named num [1:5] 0.844 0.161 0.229 0.156 0.693
  ..- attr(*, "names")= chr [1:5] "ACC" "BER" "multiclass.brier" "MMCE" ...
NULL
Writing result file: /home/probst/Random_Forest/RFSplitbias/results/Splitbias-files/jobs/07/2807-result.RData
########## Executing jid=2808 ##########
Timestamp: 2016-04-28 14:44:08
Experiment: 
  Problem: taski 
  Problem parameters: idi=9895, learner=, teststat=, testtype= 
  Algorithm: forest.splitbias.oob 
  Algorithm parameters:  
  Replication: 3 
  Seed: 2808 
  Problem seed: 125 
Setting seed: 2808
Applying Algorithm forest.splitbias.oob ...
Generating problem taski ...
Result:
List of 3
 $ idi   : int 9895
 $ lrn   : chr [1:3] "randomForest" "oob" ""
 $ result: Named num [1:5] 0.844 0.161 0.23 0.156 0.704
  ..- attr(*, "names")= chr [1:5] "ACC" "BER" "multiclass.brier" "MMCE" ...
NULL
Writing result file: /home/probst/Random_Forest/RFSplitbias/results/Splitbias-files/jobs/08/2808-result.RData
########## Executing jid=2809 ##########
Timestamp: 2016-04-28 14:44:09
Experiment: 
  Problem: taski 
  Problem parameters: idi=9895, learner=, teststat=, testtype= 
  Algorithm: forest.splitbias.oob 
  Algorithm parameters:  
  Replication: 4 
  Seed: 2809 
  Problem seed: 126 
Setting seed: 2809
Applying Algorithm forest.splitbias.oob ...
Generating problem taski ...
Result:
List of 3
 $ idi   : int 9895
 $ lrn   : chr [1:3] "randomForest" "oob" ""
 $ result: Named num [1:5] 0.844 0.161 0.238 0.156 0.705
  ..- attr(*, "names")= chr [1:5] "ACC" "BER" "multiclass.brier" "MMCE" ...
NULL
Writing result file: /home/probst/Random_Forest/RFSplitbias/results/Splitbias-files/jobs/09/2809-result.RData
########## Executing jid=2810 ##########
Timestamp: 2016-04-28 14:44:10
Experiment: 
  Problem: taski 
  Problem parameters: idi=9895, learner=, teststat=, testtype= 
  Algorithm: forest.splitbias.oob 
  Algorithm parameters:  
  Replication: 5 
  Seed: 2810 
  Problem seed: 127 
Setting seed: 2810
Applying Algorithm forest.splitbias.oob ...
Generating problem taski ...
Result:
List of 3
 $ idi   : int 9895
 $ lrn   : chr [1:3] "randomForest" "oob" ""
 $ result: Named num [1:5] 0.797 0.212 0.237 0.203 0.718
  ..- attr(*, "names")= chr [1:5] "ACC" "BER" "multiclass.brier" "MMCE" ...
NULL
Writing result file: /home/probst/Random_Forest/RFSplitbias/results/Splitbias-files/jobs/10/2810-result.RData
########## Executing jid=2811 ##########
Timestamp: 2016-04-28 14:44:11
Experiment: 
  Problem: taski 
  Problem parameters: idi=9895, learner=, teststat=, testtype= 
  Algorithm: forest.splitbias.oob 
  Algorithm parameters:  
  Replication: 6 
  Seed: 2811 
  Problem seed: 128 
Setting seed: 2811
Applying Algorithm forest.splitbias.oob ...
Generating problem taski ...
Result:
List of 3
 $ idi   : int 9895
 $ lrn   : chr [1:3] "randomForest" "oob" ""
 $ result: Named num [1:5] 0.844 0.161 0.232 0.156 0.701
  ..- attr(*, "names")= chr [1:5] "ACC" "BER" "multiclass.brier" "MMCE" ...
NULL
Writing result file: /home/probst/Random_Forest/RFSplitbias/results/Splitbias-files/jobs/11/2811-result.RData
########## Executing jid=2812 ##########
Timestamp: 2016-04-28 14:44:12
Experiment: 
  Problem: taski 
  Problem parameters: idi=9895, learner=, teststat=, testtype= 
  Algorithm: forest.splitbias.oob 
  Algorithm parameters:  
  Replication: 7 
  Seed: 2812 
  Problem seed: 129 
Setting seed: 2812
Applying Algorithm forest.splitbias.oob ...
Generating problem taski ...
Result:
List of 3
 $ idi   : int 9895
 $ lrn   : chr [1:3] "randomForest" "oob" ""
 $ result: Named num [1:5] 0.828 0.178 0.234 0.172 0.733
  ..- attr(*, "names")= chr [1:5] "ACC" "BER" "multiclass.brier" "MMCE" ...
NULL
Writing result file: /home/probst/Random_Forest/RFSplitbias/results/Splitbias-files/jobs/12/2812-result.RData
########## Executing jid=2813 ##########
Timestamp: 2016-04-28 14:44:13
Experiment: 
  Problem: taski 
  Problem parameters: idi=9895, learner=, teststat=, testtype= 
  Algorithm: forest.splitbias.oob 
  Algorithm parameters:  
  Replication: 8 
  Seed: 2813 
  Problem seed: 130 
Setting seed: 2813
Applying Algorithm forest.splitbias.oob ...
Generating problem taski ...
Result:
List of 3
 $ idi   : int 9895
 $ lrn   : chr [1:3] "randomForest" "oob" ""
 $ result: Named num [1:5] 0.828 0.178 0.236 0.172 0.715
  ..- attr(*, "names")= chr [1:5] "ACC" "BER" "multiclass.brier" "MMCE" ...
NULL
Writing result file: /home/probst/Random_Forest/RFSplitbias/results/Splitbias-files/jobs/13/2813-result.RData
########## Executing jid=2814 ##########
Timestamp: 2016-04-28 14:44:14
Experiment: 
  Problem: taski 
  Problem parameters: idi=9895, learner=, teststat=, testtype= 
  Algorithm: forest.splitbias.oob 
  Algorithm parameters:  
  Replication: 9 
  Seed: 2814 
  Problem seed: 131 
Setting seed: 2814
Applying Algorithm forest.splitbias.oob ...
Generating problem taski ...
Result:
List of 3
 $ idi   : int 9895
 $ lrn   : chr [1:3] "randomForest" "oob" ""
 $ result: Named num [1:5] 0.844 0.161 0.231 0.156 0.714
  ..- attr(*, "names")= chr [1:5] "ACC" "BER" "multiclass.brier" "MMCE" ...
NULL
Writing result file: /home/probst/Random_Forest/RFSplitbias/results/Splitbias-files/jobs/14/2814-result.RData
########## Executing jid=2815 ##########
Timestamp: 2016-04-28 14:44:15
Experiment: 
  Problem: taski 
  Problem parameters: idi=9895, learner=, teststat=, testtype= 
  Algorithm: forest.splitbias.oob 
  Algorithm parameters:  
  Replication: 10 
  Seed: 2815 
  Problem seed: 132 
Setting seed: 2815
Applying Algorithm forest.splitbias.oob ...
Generating problem taski ...
Result:
List of 3
 $ idi   : int 9895
 $ lrn   : chr [1:3] "randomForest" "oob" ""
 $ result: Named num [1:5] 0.844 0.161 0.23 0.156 0.672
  ..- attr(*, "names")= chr [1:5] "ACC" "BER" "multiclass.brier" "MMCE" ...
NULL
Writing result file: /home/probst/Random_Forest/RFSplitbias/results/Splitbias-files/jobs/15/2815-result.RData
########## Executing jid=2816 ##########
Timestamp: 2016-04-28 14:44:16
Experiment: 
  Problem: taski 
  Problem parameters: idi=3057, learner=, teststat=, testtype= 
  Algorithm: forest.splitbias.oob 
  Algorithm parameters:  
  Replication: 2 
  Seed: 2816 
  Problem seed: 124 
Setting seed: 2816
Applying Algorithm forest.splitbias.oob ...
Generating problem taski ...
Result:
List of 3
 $ idi   : int 3057
 $ lrn   : chr [1:3] "randomForest" "oob" ""
 $ result: Named num [1:5] 0.9312 0.0901 0.1217 0.0688 0.7937
  ..- attr(*, "names")= chr [1:5] "ACC" "BER" "multiclass.brier" "MMCE" ...
NULL
Writing result file: /home/probst/Random_Forest/RFSplitbias/results/Splitbias-files/jobs/16/2816-result.RData
########## Executing jid=2817 ##########
Timestamp: 2016-04-28 14:44:18
Experiment: 
  Problem: taski 
  Problem parameters: idi=3057, learner=, teststat=, testtype= 
  Algorithm: forest.splitbias.oob 
  Algorithm parameters:  
  Replication: 3 
  Seed: 2817 
  Problem seed: 125 
Setting seed: 2817
Applying Algorithm forest.splitbias.oob ...
Generating problem taski ...
Result:
List of 3
 $ idi   : int 3057
 $ lrn   : chr [1:3] "randomForest" "oob" ""
 $ result: Named num [1:5] 0.9312 0.0835 0.1185 0.0688 0.7919
  ..- attr(*, "names")= chr [1:5] "ACC" "BER" "multiclass.brier" "MMCE" ...
NULL
Writing result file: /home/probst/Random_Forest/RFSplitbias/results/Splitbias-files/jobs/17/2817-result.RData
########## Executing jid=2818 ##########
Timestamp: 2016-04-28 14:44:19
Experiment: 
  Problem: taski 
  Problem parameters: idi=3057, learner=, teststat=, testtype= 
  Algorithm: forest.splitbias.oob 
  Algorithm parameters:  
  Replication: 4 
  Seed: 2818 
  Problem seed: 126 
Setting seed: 2818
Applying Algorithm forest.splitbias.oob ...
Generating problem taski ...
Result:
List of 3
 $ idi   : int 3057
 $ lrn   : chr [1:3] "randomForest" "oob" ""
 $ result: Named num [1:5] 0.937 0.0828 0.123 0.063 0.7878
  ..- attr(*, "names")= chr [1:5] "ACC" "BER" "multiclass.brier" "MMCE" ...
NULL
Writing result file: /home/probst/Random_Forest/RFSplitbias/results/Splitbias-files/jobs/18/2818-result.RData
########## Executing jid=2819 ##########
Timestamp: 2016-04-28 14:44:20
Experiment: 
  Problem: taski 
  Problem parameters: idi=3057, learner=, teststat=, testtype= 
  Algorithm: forest.splitbias.oob 
  Algorithm parameters:  
  Replication: 5 
  Seed: 2819 
  Problem seed: 127 
Setting seed: 2819
Applying Algorithm forest.splitbias.oob ...
Generating problem taski ...
Result:
List of 3
 $ idi   : int 3057
 $ lrn   : chr [1:3] "randomForest" "oob" ""
 $ result: Named num [1:5] 0.9456 0.0736 0.1177 0.0544 0.7838
  ..- attr(*, "names")= chr [1:5] "ACC" "BER" "multiclass.brier" "MMCE" ...
NULL
Writing result file: /home/probst/Random_Forest/RFSplitbias/results/Splitbias-files/jobs/19/2819-result.RData
########## Executing jid=2820 ##########
Timestamp: 2016-04-28 14:44:22
Experiment: 
  Problem: taski 
  Problem parameters: idi=3057, learner=, teststat=, testtype= 
  Algorithm: forest.splitbias.oob 
  Algorithm parameters:  
  Replication: 6 
  Seed: 2820 
  Problem seed: 128 
Setting seed: 2820
Applying Algorithm forest.splitbias.oob ...
Generating problem taski ...
Result:
List of 3
 $ idi   : int 3057
 $ lrn   : chr [1:3] "randomForest" "oob" ""
 $ result: Named num [1:5] 0.937 0.0763 0.121 0.063 0.7829
  ..- attr(*, "names")= chr [1:5] "ACC" "BER" "multiclass.brier" "MMCE" ...
NULL
Writing result file: /home/probst/Random_Forest/RFSplitbias/results/Splitbias-files/jobs/20/2820-result.RData
########## Executing jid=2821 ##########
Timestamp: 2016-04-28 14:44:23
Experiment: 
  Problem: taski 
  Problem parameters: idi=3057, learner=, teststat=, testtype= 
  Algorithm: forest.splitbias.oob 
  Algorithm parameters:  
  Replication: 7 
  Seed: 2821 
  Problem seed: 129 
Setting seed: 2821
Applying Algorithm forest.splitbias.oob ...
Generating problem taski ...
Result:
List of 3
 $ idi   : int 3057
 $ lrn   : chr [1:3] "randomForest" "oob" ""
 $ result: Named num [1:5] 0.9398 0.0776 0.1201 0.0602 0.7894
  ..- attr(*, "names")= chr [1:5] "ACC" "BER" "multiclass.brier" "MMCE" ...
NULL
Writing result file: /home/probst/Random_Forest/RFSplitbias/results/Splitbias-files/jobs/21/2821-result.RData
########## Executing jid=2822 ##########
Timestamp: 2016-04-28 14:44:24
Experiment: 
  Problem: taski 
  Problem parameters: idi=3057, learner=, teststat=, testtype= 
  Algorithm: forest.splitbias.oob 
  Algorithm parameters:  
  Replication: 8 
  Seed: 2822 
  Problem seed: 130 
Setting seed: 2822
Applying Algorithm forest.splitbias.oob ...
Generating problem taski ...
Result:
List of 3
 $ idi   : int 3057
 $ lrn   : chr [1:3] "randomForest" "oob" ""
 $ result: Named num [1:5] 0.9341 0.0815 0.1194 0.0659 0.7916
  ..- attr(*, "names")= chr [1:5] "ACC" "BER" "multiclass.brier" "MMCE" ...
NULL
Writing result file: /home/probst/Random_Forest/RFSplitbias/results/Splitbias-files/jobs/22/2822-result.RData
########## Executing jid=2823 ##########
Timestamp: 2016-04-28 14:44:25
Experiment: 
  Problem: taski 
  Problem parameters: idi=3057, learner=, teststat=, testtype= 
  Algorithm: forest.splitbias.oob 
  Algorithm parameters:  
  Replication: 9 
  Seed: 2823 
  Problem seed: 131 
Setting seed: 2823
Applying Algorithm forest.splitbias.oob ...
Generating problem taski ...
Result:
List of 3
 $ idi   : int 3057
 $ lrn   : chr [1:3] "randomForest" "oob" ""
 $ result: Named num [1:5] 0.9427 0.0723 0.1198 0.0573 0.7889
  ..- attr(*, "names")= chr [1:5] "ACC" "BER" "multiclass.brier" "MMCE" ...
NULL
Writing result file: /home/probst/Random_Forest/RFSplitbias/results/Splitbias-files/jobs/23/2823-result.RData
########## Executing jid=2824 ##########
Timestamp: 2016-04-28 14:44:27
Experiment: 
  Problem: taski 
  Problem parameters: idi=3057, learner=, teststat=, testtype= 
  Algorithm: forest.splitbias.oob 
  Algorithm parameters:  
  Replication: 10 
  Seed: 2824 
  Problem seed: 132 
Setting seed: 2824
Applying Algorithm forest.splitbias.oob ...
Generating problem taski ...
Result:
List of 3
 $ idi   : int 3057
 $ lrn   : chr [1:3] "randomForest" "oob" ""
 $ result: Named num [1:5] 0.9427 0.0756 0.1181 0.0573 0.783
  ..- attr(*, "names")= chr [1:5] "ACC" "BER" "multiclass.brier" "MMCE" ...
NULL
Writing result file: /home/probst/Random_Forest/RFSplitbias/results/Splitbias-files/jobs/24/2824-result.RData
########## Executing jid=2825 ##########
Timestamp: 2016-04-28 14:44:28
Experiment: 
  Problem: taski 
  Problem parameters: idi=53, learner=, teststat=, testtype= 
  Algorithm: forest.splitbias.oob 
  Algorithm parameters:  
  Replication: 2 
  Seed: 2825 
  Problem seed: 124 
Setting seed: 2825
Applying Algorithm forest.splitbias.oob ...
Generating problem taski ...
Result:
List of 3
 $ idi   : int 53
 $ lrn   : chr [1:3] "randomForest" "oob" ""
 $ result: Named num [1:5] 0.746 0.251 0.293 0.254 0.798
  ..- attr(*, "names")= chr [1:5] "ACC" "BER" "multiclass.brier" "MMCE" ...
NULL
Writing result file: /home/probst/Random_Forest/RFSplitbias/results/Splitbias-files/jobs/25/2825-result.RData
########## Executing jid=2826 ##########
Timestamp: 2016-04-28 14:44:30
Experiment: 
  Problem: taski 
  Problem parameters: idi=53, learner=, teststat=, testtype= 
  Algorithm: forest.splitbias.oob 
  Algorithm parameters:  
  Replication: 3 
  Seed: 2826 
  Problem seed: 125 
Setting seed: 2826
Applying Algorithm forest.splitbias.oob ...
Generating problem taski ...
Result:
List of 3
 $ idi   : int 53
 $ lrn   : chr [1:3] "randomForest" "oob" ""
 $ result: Named num [1:5] 0.743 0.253 0.291 0.257 0.797
  ..- attr(*, "names")= chr [1:5] "ACC" "BER" "multiclass.brier" "MMCE" ...
NULL
Writing result file: /home/probst/Random_Forest/RFSplitbias/results/Splitbias-files/jobs/26/2826-result.RData
########## Executing jid=2827 ##########
Timestamp: 2016-04-28 14:44:32
Experiment: 
  Problem: taski 
  Problem parameters: idi=53, learner=, teststat=, testtype= 
  Algorithm: forest.splitbias.oob 
  Algorithm parameters:  
  Replication: 4 
  Seed: 2827 
  Problem seed: 126 
Setting seed: 2827
Applying Algorithm forest.splitbias.oob ...
Generating problem taski ...
Result:
List of 3
 $ idi   : int 53
 $ lrn   : chr [1:3] "randomForest" "oob" ""
 $ result: Named num [1:5] 0.741 0.256 0.292 0.259 0.796
  ..- attr(*, "names")= chr [1:5] "ACC" "BER" "multiclass.brier" "MMCE" ...
NULL
Writing result file: /home/probst/Random_Forest/RFSplitbias/results/Splitbias-files/jobs/27/2827-result.RData
########## Executing jid=2828 ##########
Timestamp: 2016-04-28 14:44:34
Experiment: 
  Problem: taski 
  Problem parameters: idi=53, learner=, teststat=, testtype= 
  Algorithm: forest.splitbias.oob 
  Algorithm parameters:  
  Replication: 5 
  Seed: 2828 
  Problem seed: 127 
Setting seed: 2828
Applying Algorithm forest.splitbias.oob ...
Generating problem taski ...
Result:
List of 3
 $ idi   : int 53
 $ lrn   : chr [1:3] "randomForest" "oob" ""
 $ result: Named num [1:5] 0.752 0.245 0.292 0.248 0.795
  ..- attr(*, "names")= chr [1:5] "ACC" "BER" "multiclass.brier" "MMCE" ...
NULL
Writing result file: /home/probst/Random_Forest/RFSplitbias/results/Splitbias-files/jobs/28/2828-result.RData
########## Executing jid=2829 ##########
Timestamp: 2016-04-28 14:44:36
Experiment: 
  Problem: taski 
  Problem parameters: idi=53, learner=, teststat=, testtype= 
  Algorithm: forest.splitbias.oob 
  Algorithm parameters:  
  Replication: 6 
  Seed: 2829 
  Problem seed: 128 
Setting seed: 2829
Applying Algorithm forest.splitbias.oob ...
Generating problem taski ...
Result:
List of 3
 $ idi   : int 53
 $ lrn   : chr [1:3] "randomForest" "oob" ""
 $ result: Named num [1:5] 0.743 0.254 0.291 0.257 0.798
  ..- attr(*, "names")= chr [1:5] "ACC" "BER" "multiclass.brier" "MMCE" ...
NULL
Writing result file: /home/probst/Random_Forest/RFSplitbias/results/Splitbias-files/jobs/29/2829-result.RData
########## Executing jid=2830 ##########
Timestamp: 2016-04-28 14:44:38
Experiment: 
  Problem: taski 
  Problem parameters: idi=53, learner=, teststat=, testtype= 
  Algorithm: forest.splitbias.oob 
  Algorithm parameters:  
  Replication: 7 
  Seed: 2830 
  Problem seed: 129 
Setting seed: 2830
Applying Algorithm forest.splitbias.oob ...
Generating problem taski ...
Result:
List of 3
 $ idi   : int 53
 $ lrn   : chr [1:3] "randomForest" "oob" ""
 $ result: Named num [1:5] 0.743 0.253 0.292 0.257 0.793
  ..- attr(*, "names")= chr [1:5] "ACC" "BER" "multiclass.brier" "MMCE" ...
NULL
Writing result file: /home/probst/Random_Forest/RFSplitbias/results/Splitbias-files/jobs/30/2830-result.RData
########## Executing jid=2831 ##########
Timestamp: 2016-04-28 14:44:39
Experiment: 
  Problem: taski 
  Problem parameters: idi=53, learner=, teststat=, testtype= 
  Algorithm: forest.splitbias.oob 
  Algorithm parameters:  
  Replication: 8 
  Seed: 2831 
  Problem seed: 130 
Setting seed: 2831
Applying Algorithm forest.splitbias.oob ...
Generating problem taski ...
Result:
List of 3
 $ idi   : int 53
 $ lrn   : chr [1:3] "randomForest" "oob" ""
 $ result: Named num [1:5] 0.741 0.256 0.291 0.259 0.798
  ..- attr(*, "names")= chr [1:5] "ACC" "BER" "multiclass.brier" "MMCE" ...
NULL
Writing result file: /home/probst/Random_Forest/RFSplitbias/results/Splitbias-files/jobs/31/2831-result.RData
########## Executing jid=2832 ##########
Timestamp: 2016-04-28 14:44:41
Experiment: 
  Problem: taski 
  Problem parameters: idi=53, learner=, teststat=, testtype= 
  Algorithm: forest.splitbias.oob 
  Algorithm parameters:  
  Replication: 9 
  Seed: 2832 
  Problem seed: 131 
Setting seed: 2832
Applying Algorithm forest.splitbias.oob ...
Generating problem taski ...
Result:
List of 3
 $ idi   : int 53
 $ lrn   : chr [1:3] "randomForest" "oob" ""
 $ result: Named num [1:5] 0.747 0.25 0.292 0.253 0.798
  ..- attr(*, "names")= chr [1:5] "ACC" "BER" "multiclass.brier" "MMCE" ...
NULL
Writing result file: /home/probst/Random_Forest/RFSplitbias/results/Splitbias-files/jobs/32/2832-result.RData
########## Executing jid=2833 ##########
Timestamp: 2016-04-28 14:44:43
Experiment: 
  Problem: taski 
  Problem parameters: idi=53, learner=, teststat=, testtype= 
  Algorithm: forest.splitbias.oob 
  Algorithm parameters:  
  Replication: 10 
  Seed: 2833 
  Problem seed: 132 
Setting seed: 2833
Applying Algorithm forest.splitbias.oob ...
Generating problem taski ...
Result:
List of 3
 $ idi   : int 53
 $ lrn   : chr [1:3] "randomForest" "oob" ""
 $ result: Named num [1:5] 0.743 0.254 0.293 0.257 0.796
  ..- attr(*, "names")= chr [1:5] "ACC" "BER" "multiclass.brier" "MMCE" ...
NULL
Writing result file: /home/probst/Random_Forest/RFSplitbias/results/Splitbias-files/jobs/33/2833-result.RData
########## Executing jid=2834 ##########
Timestamp: 2016-04-28 14:44:45
Experiment: 
  Problem: taski 
  Problem parameters: idi=9907, learner=, teststat=, testtype= 
  Algorithm: forest.splitbias.oob 
  Algorithm parameters:  
  Replication: 2 
  Seed: 2834 
  Problem seed: 124 
Setting seed: 2834
Applying Algorithm forest.splitbias.oob ...
Generating problem taski ...
Result:
List of 3
 $ idi   : int 9907
 $ lrn   : chr [1:3] "randomForest" "oob" ""
 $ result: Named num [1:5] 0.352 0.823 0.797 0.647 0.828
  ..- attr(*, "names")= chr [1:5] "ACC" "BER" "multiclass.brier" "MMCE" ...
NULL
Writing result file: /home/probst/Random_Forest/RFSplitbias/results/Splitbias-files/jobs/34/2834-result.RData
########## Executing jid=2835 ##########
Timestamp: 2016-04-28 14:44:47
Experiment: 
  Problem: taski 
  Problem parameters: idi=9907, learner=, teststat=, testtype= 
  Algorithm: forest.splitbias.oob 
  Algorithm parameters:  
  Replication: 3 
  Seed: 2835 
  Problem seed: 125 
Setting seed: 2835
Applying Algorithm forest.splitbias.oob ...
Generating problem taski ...
Result:
List of 3
 $ idi   : int 9907
 $ lrn   : chr [1:3] "randomForest" "oob" ""
 $ result: Named num [1:5] 0.372 0.817 0.792 0.627 0.826
  ..- attr(*, "names")= chr [1:5] "ACC" "BER" "multiclass.brier" "MMCE" ...
NULL
Writing result file: /home/probst/Random_Forest/RFSplitbias/results/Splitbias-files/jobs/35/2835-result.RData
########## Executing jid=2836 ##########
Timestamp: 2016-04-28 14:44:49
Experiment: 
  Problem: taski 
  Problem parameters: idi=9907, learner=, teststat=, testtype= 
  Algorithm: forest.splitbias.oob 
  Algorithm parameters:  
  Replication: 4 
  Seed: 2836 
  Problem seed: 126 
Setting seed: 2836
Applying Algorithm forest.splitbias.oob ...
Generating problem taski ...
Result:
List of 3
 $ idi   : int 9907
 $ lrn   : chr [1:3] "randomForest" "oob" ""
 $ result: Named num [1:5] 0.362 0.819 0.796 0.637 0.808
  ..- attr(*, "names")= chr [1:5] "ACC" "BER" "multiclass.brier" "MMCE" ...
NULL
Writing result file: /home/probst/Random_Forest/RFSplitbias/results/Splitbias-files/jobs/36/2836-result.RData
########## Executing jid=2837 ##########
Timestamp: 2016-04-28 14:44:51
Experiment: 
  Problem: taski 
  Problem parameters: idi=9907, learner=, teststat=, testtype= 
  Algorithm: forest.splitbias.oob 
  Algorithm parameters:  
  Replication: 5 
  Seed: 2837 
  Problem seed: 127 
Setting seed: 2837
Applying Algorithm forest.splitbias.oob ...
Generating problem taski ...
Result:
List of 3
 $ idi   : int 9907
 $ lrn   : chr [1:3] "randomForest" "oob" ""
 $ result: Named num [1:5] 0.378 0.812 0.793 0.623 0.828
  ..- attr(*, "names")= chr [1:5] "ACC" "BER" "multiclass.brier" "MMCE" ...
NULL
Writing result file: /home/probst/Random_Forest/RFSplitbias/results/Splitbias-files/jobs/37/2837-result.RData
########## Executing jid=2838 ##########
Timestamp: 2016-04-28 14:44:53
Experiment: 
  Problem: taski 
  Problem parameters: idi=9907, learner=, teststat=, testtype= 
  Algorithm: forest.splitbias.oob 
  Algorithm parameters:  
  Replication: 6 
  Seed: 2838 
  Problem seed: 128 
Setting seed: 2838
Applying Algorithm forest.splitbias.oob ...
Generating problem taski ...
Result:
List of 3
 $ idi   : int 9907
 $ lrn   : chr [1:3] "randomForest" "oob" ""
 $ result: Named num [1:5] 0.383 0.81 0.79 0.618 0.818
  ..- attr(*, "names")= chr [1:5] "ACC" "BER" "multiclass.brier" "MMCE" ...
NULL
Writing result file: /home/probst/Random_Forest/RFSplitbias/results/Splitbias-files/jobs/38/2838-result.RData
########## Executing jid=2839 ##########
Timestamp: 2016-04-28 14:44:55
Experiment: 
  Problem: taski 
  Problem parameters: idi=9907, learner=, teststat=, testtype= 
  Algorithm: forest.splitbias.oob 
  Algorithm parameters:  
  Replication: 7 
  Seed: 2839 
  Problem seed: 129 
Setting seed: 2839
Applying Algorithm forest.splitbias.oob ...
Generating problem taski ...
Result:
List of 3
 $ idi   : int 9907
 $ lrn   : chr [1:3] "randomForest" "oob" ""
 $ result: Named num [1:5] 0.385 0.809 0.796 0.615 0.83
  ..- attr(*, "names")= chr [1:5] "ACC" "BER" "multiclass.brier" "MMCE" ...
NULL
Writing result file: /home/probst/Random_Forest/RFSplitbias/results/Splitbias-files/jobs/39/2839-result.RData
########## Executing jid=2840 ##########
Timestamp: 2016-04-28 14:44:57
Experiment: 
  Problem: taski 
  Problem parameters: idi=9907, learner=, teststat=, testtype= 
  Algorithm: forest.splitbias.oob 
  Algorithm parameters:  
  Replication: 8 
  Seed: 2840 
  Problem seed: 130 
Setting seed: 2840
Applying Algorithm forest.splitbias.oob ...
Generating problem taski ...
Result:
List of 3
 $ idi   : int 9907
 $ lrn   : chr [1:3] "randomForest" "oob" ""
 $ result: Named num [1:5] 0.37 0.818 0.79 0.63 0.829
  ..- attr(*, "names")= chr [1:5] "ACC" "BER" "multiclass.brier" "MMCE" ...
NULL
Writing result file: /home/probst/Random_Forest/RFSplitbias/results/Splitbias-files/jobs/40/2840-result.RData
########## Executing jid=2841 ##########
Timestamp: 2016-04-28 14:44:59
Experiment: 
  Problem: taski 
  Problem parameters: idi=9907, learner=, teststat=, testtype= 
  Algorithm: forest.splitbias.oob 
  Algorithm parameters:  
  Replication: 9 
  Seed: 2841 
  Problem seed: 131 
Setting seed: 2841
Applying Algorithm forest.splitbias.oob ...
Generating problem taski ...
Result:
List of 3
 $ idi   : int 9907
 $ lrn   : chr [1:3] "randomForest" "oob" ""
 $ result: Named num [1:5] 0.372 0.815 0.797 0.627 0.817
  ..- attr(*, "names")= chr [1:5] "ACC" "BER" "multiclass.brier" "MMCE" ...
NULL
Writing result file: /home/probst/Random_Forest/RFSplitbias/results/Splitbias-files/jobs/41/2841-result.RData
########## Executing jid=2842 ##########
Timestamp: 2016-04-28 14:45:01
Experiment: 
  Problem: taski 
  Problem parameters: idi=9907, learner=, teststat=, testtype= 
  Algorithm: forest.splitbias.oob 
  Algorithm parameters:  
  Replication: 10 
  Seed: 2842 
  Problem seed: 132 
Setting seed: 2842
Applying Algorithm forest.splitbias.oob ...
Generating problem taski ...
Result:
List of 3
 $ idi   : int 9907
 $ lrn   : chr [1:3] "randomForest" "oob" ""
 $ result: Named num [1:5] 0.378 0.811 0.792 0.623 0.828
  ..- attr(*, "names")= chr [1:5] "ACC" "BER" "multiclass.brier" "MMCE" ...
NULL
Writing result file: /home/probst/Random_Forest/RFSplitbias/results/Splitbias-files/jobs/42/2842-result.RData
########## Executing jid=2843 ##########
Timestamp: 2016-04-28 14:45:03
Experiment: 
  Problem: taski 
  Problem parameters: idi=9946, learner=, teststat=, testtype= 
  Algorithm: forest.splitbias.oob 
  Algorithm parameters:  
  Replication: 2 
  Seed: 2843 
  Problem seed: 124 
Setting seed: 2843
Applying Algorithm forest.splitbias.oob ...
Generating problem taski ...
Result:
List of 3
 $ idi   : int 9946
 $ lrn   : chr [1:3] "randomForest" "oob" ""
 $ result: Named num [1:5] 0.9596 0.0466 0.0612 0.0404 0.5081
  ..- attr(*, "names")= chr [1:5] "ACC" "BER" "multiclass.brier" "MMCE" ...
NULL
Writing result file: /home/probst/Random_Forest/RFSplitbias/results/Splitbias-files/jobs/43/2843-result.RData
########## Executing jid=2844 ##########
Timestamp: 2016-04-28 14:45:04
Experiment: 
  Problem: taski 
  Problem parameters: idi=9946, learner=, teststat=, testtype= 
  Algorithm: forest.splitbias.oob 
  Algorithm parameters:  
  Replication: 3 
  Seed: 2844 
  Problem seed: 125 
Setting seed: 2844
Applying Algorithm forest.splitbias.oob ...
Generating problem taski ...
Result:
List of 3
 $ idi   : int 9946
 $ lrn   : chr [1:3] "randomForest" "oob" ""
 $ result: Named num [1:5] 0.9613 0.0442 0.0605 0.0387 0.5056
  ..- attr(*, "names")= chr [1:5] "ACC" "BER" "multiclass.brier" "MMCE" ...
NULL
Writing result file: /home/probst/Random_Forest/RFSplitbias/results/Splitbias-files/jobs/44/2844-result.RData
########## Executing jid=2845 ##########
Timestamp: 2016-04-28 14:45:05
Experiment: 
  Problem: taski 
  Problem parameters: idi=9946, learner=, teststat=, testtype= 
  Algorithm: forest.splitbias.oob 
  Algorithm parameters:  
  Replication: 4 
  Seed: 2845 
  Problem seed: 126 
Setting seed: 2845
Applying Algorithm forest.splitbias.oob ...
Generating problem taski ...
Result:
List of 3
 $ idi   : int 9946
 $ lrn   : chr [1:3] "randomForest" "oob" ""
 $ result: Named num [1:5] 0.9578 0.047 0.0596 0.0422 0.5061
  ..- attr(*, "names")= chr [1:5] "ACC" "BER" "multiclass.brier" "MMCE" ...
NULL
Writing result file: /home/probst/Random_Forest/RFSplitbias/results/Splitbias-files/jobs/45/2845-result.RData
########## Executing jid=2846 ##########
Timestamp: 2016-04-28 14:45:07
Experiment: 
  Problem: taski 
  Problem parameters: idi=9946, learner=, teststat=, testtype= 
  Algorithm: forest.splitbias.oob 
  Algorithm parameters:  
  Replication: 5 
  Seed: 2846 
  Problem seed: 127 
Setting seed: 2846
Applying Algorithm forest.splitbias.oob ...
Generating problem taski ...
Result:
List of 3
 $ idi   : int 9946
 $ lrn   : chr [1:3] "randomForest" "oob" ""
 $ result: Named num [1:5] 0.9613 0.0433 0.0611 0.0387 0.5094
  ..- attr(*, "names")= chr [1:5] "ACC" "BER" "multiclass.brier" "MMCE" ...
NULL
Writing result file: /home/probst/Random_Forest/RFSplitbias/results/Splitbias-files/jobs/46/2846-result.RData
########## Executing jid=2847 ##########
Timestamp: 2016-04-28 14:45:08
Experiment: 
  Problem: taski 
  Problem parameters: idi=9946, learner=, teststat=, testtype= 
  Algorithm: forest.splitbias.oob 
  Algorithm parameters:  
  Replication: 6 
  Seed: 2847 
  Problem seed: 128 
Setting seed: 2847
Applying Algorithm forest.splitbias.oob ...
Generating problem taski ...
Result:
List of 3
 $ idi   : int 9946
 $ lrn   : chr [1:3] "randomForest" "oob" ""
 $ result: Named num [1:5] 0.9596 0.0456 0.061 0.0404 0.5013
  ..- attr(*, "names")= chr [1:5] "ACC" "BER" "multiclass.brier" "MMCE" ...
NULL
Writing result file: /home/probst/Random_Forest/RFSplitbias/results/Splitbias-files/jobs/47/2847-result.RData
########## Executing jid=2848 ##########
Timestamp: 2016-04-28 14:45:09
Experiment: 
  Problem: taski 
  Problem parameters: idi=9946, learner=, teststat=, testtype= 
  Algorithm: forest.splitbias.oob 
  Algorithm parameters:  
  Replication: 7 
  Seed: 2848 
  Problem seed: 129 
Setting seed: 2848
Applying Algorithm forest.splitbias.oob ...
Generating problem taski ...
Result:
List of 3
 $ idi   : int 9946
 $ lrn   : chr [1:3] "randomForest" "oob" ""
 $ result: Named num [1:5] 0.9631 0.0419 0.0609 0.0369 0.4946
  ..- attr(*, "names")= chr [1:5] "ACC" "BER" "multiclass.brier" "MMCE" ...
NULL
Writing result file: /home/probst/Random_Forest/RFSplitbias/results/Splitbias-files/jobs/48/2848-result.RData
########## Executing jid=2849 ##########
Timestamp: 2016-04-28 14:45:10
Experiment: 
  Problem: taski 
  Problem parameters: idi=9946, learner=, teststat=, testtype= 
  Algorithm: forest.splitbias.oob 
  Algorithm parameters:  
  Replication: 8 
  Seed: 2849 
  Problem seed: 130 
Setting seed: 2849
Applying Algorithm forest.splitbias.oob ...
Generating problem taski ...
Result:
List of 3
 $ idi   : int 9946
 $ lrn   : chr [1:3] "randomForest" "oob" ""
 $ result: Named num [1:5] 0.9613 0.0433 0.0607 0.0387 0.5028
  ..- attr(*, "names")= chr [1:5] "ACC" "BER" "multiclass.brier" "MMCE" ...
NULL
Writing result file: /home/probst/Random_Forest/RFSplitbias/results/Splitbias-files/jobs/49/2849-result.RData
########## Executing jid=2850 ##########
Timestamp: 2016-04-28 14:45:12
Experiment: 
  Problem: taski 
  Problem parameters: idi=9946, learner=, teststat=, testtype= 
  Algorithm: forest.splitbias.oob 
  Algorithm parameters:  
  Replication: 9 
  Seed: 2850 
  Problem seed: 131 
Setting seed: 2850
Applying Algorithm forest.splitbias.oob ...
Generating problem taski ...
Result:
List of 3
 $ idi   : int 9946
 $ lrn   : chr [1:3] "randomForest" "oob" ""
 $ result: Named num [1:5] 0.9631 0.0409 0.0605 0.0369 0.5086
  ..- attr(*, "names")= chr [1:5] "ACC" "BER" "multiclass.brier" "MMCE" ...
NULL
Writing result file: /home/probst/Random_Forest/RFSplitbias/results/Splitbias-files/jobs/50/2850-result.RData
########## Executing jid=2851 ##########
Timestamp: 2016-04-28 14:45:13
Experiment: 
  Problem: taski 
  Problem parameters: idi=9946, learner=, teststat=, testtype= 
  Algorithm: forest.splitbias.oob 
  Algorithm parameters:  
  Replication: 10 
  Seed: 2851 
  Problem seed: 132 
Setting seed: 2851
Applying Algorithm forest.splitbias.oob ...
Generating problem taski ...
Result:
List of 3
 $ idi   : int 9946
 $ lrn   : chr [1:3] "randomForest" "oob" ""
 $ result: Named num [1:5] 0.9649 0.0385 0.0607 0.0351 0.5104
  ..- attr(*, "names")= chr [1:5] "ACC" "BER" "multiclass.brier" "MMCE" ...
NULL
Writing result file: /home/probst/Random_Forest/RFSplitbias/results/Splitbias-files/jobs/51/2851-result.RData
########## Executing jid=2852 ##########
Timestamp: 2016-04-28 14:45:14
Experiment: 
  Problem: taski 
  Problem parameters: idi=3915, learner=, teststat=, testtype= 
  Algorithm: forest.splitbias.oob 
  Algorithm parameters:  
  Replication: 2 
  Seed: 2852 
  Problem seed: 124 
Setting seed: 2852
Applying Algorithm forest.splitbias.oob ...
Generating problem taski ...
Result:
List of 3
 $ idi   : int 3915
 $ lrn   : chr [1:3] "randomForest" "oob" ""
 $ result: Named num [1:5] 0.893 0.466 0.146 0.107 0.994
  ..- attr(*, "names")= chr [1:5] "ACC" "BER" "multiclass.brier" "MMCE" ...
NULL
Writing result file: /home/probst/Random_Forest/RFSplitbias/results/Splitbias-files/jobs/52/2852-result.RData
########## Executing jid=2853 ##########
Timestamp: 2016-04-28 14:45:16
Experiment: 
  Problem: taski 
  Problem parameters: idi=3915, learner=, teststat=, testtype= 
  Algorithm: forest.splitbias.oob 
  Algorithm parameters:  
  Replication: 3 
  Seed: 2853 
  Problem seed: 125 
Setting seed: 2853
Applying Algorithm forest.splitbias.oob ...
Generating problem taski ...
Result:
List of 3
 $ idi   : int 3915
 $ lrn   : chr [1:3] "randomForest" "oob" ""
 $ result: Named num [1:5] 0.897 0.463 0.146 0.103 0.994
  ..- attr(*, "names")= chr [1:5] "ACC" "BER" "multiclass.brier" "MMCE" ...
NULL
Writing result file: /home/probst/Random_Forest/RFSplitbias/results/Splitbias-files/jobs/53/2853-result.RData
########## Executing jid=2854 ##########
Timestamp: 2016-04-28 14:45:17
Experiment: 
  Problem: taski 
  Problem parameters: idi=3915, learner=, teststat=, testtype= 
  Algorithm: forest.splitbias.oob 
  Algorithm parameters:  
  Replication: 4 
  Seed: 2854 
  Problem seed: 126 
Setting seed: 2854
Applying Algorithm forest.splitbias.oob ...
Generating problem taski ...
Result:
List of 3
 $ idi   : int 3915
 $ lrn   : chr [1:3] "randomForest" "oob" ""
 $ result: Named num [1:5] 0.9017 0.4607 0.1451 0.0983 0.9945
  ..- attr(*, "names")= chr [1:5] "ACC" "BER" "multiclass.brier" "MMCE" ...
NULL
Writing result file: /home/probst/Random_Forest/RFSplitbias/results/Splitbias-files/jobs/54/2854-result.RData
########## Executing jid=2855 ##########
Timestamp: 2016-04-28 14:45:18
Experiment: 
  Problem: taski 
  Problem parameters: idi=3915, learner=, teststat=, testtype= 
  Algorithm: forest.splitbias.oob 
  Algorithm parameters:  
  Replication: 5 
  Seed: 2855 
  Problem seed: 127 
Setting seed: 2855
Applying Algorithm forest.splitbias.oob ...
Generating problem taski ...
Result:
List of 3
 $ idi   : int 3915
 $ lrn   : chr [1:3] "randomForest" "oob" ""
 $ result: Named num [1:5] 0.897 0.453 0.146 0.103 0.994
  ..- attr(*, "names")= chr [1:5] "ACC" "BER" "multiclass.brier" "MMCE" ...
NULL
Writing result file: /home/probst/Random_Forest/RFSplitbias/results/Splitbias-files/jobs/55/2855-result.RData
########## Executing jid=2856 ##########
Timestamp: 2016-04-28 14:45:19
Experiment: 
  Problem: taski 
  Problem parameters: idi=3915, learner=, teststat=, testtype= 
  Algorithm: forest.splitbias.oob 
  Algorithm parameters:  
  Replication: 6 
  Seed: 2856 
  Problem seed: 128 
Setting seed: 2856
Applying Algorithm forest.splitbias.oob ...
Generating problem taski ...
Result:
List of 3
 $ idi   : int 3915
 $ lrn   : chr [1:3] "randomForest" "oob" ""
 $ result: Named num [1:5] 0.897 0.463 0.147 0.103 0.995
  ..- attr(*, "names")= chr [1:5] "ACC" "BER" "multiclass.brier" "MMCE" ...
NULL
Writing result file: /home/probst/Random_Forest/RFSplitbias/results/Splitbias-files/jobs/56/2856-result.RData
########## Executing jid=2857 ##########
Timestamp: 2016-04-28 14:45:20
Experiment: 
  Problem: taski 
  Problem parameters: idi=3915, learner=, teststat=, testtype= 
  Algorithm: forest.splitbias.oob 
  Algorithm parameters:  
  Replication: 7 
  Seed: 2857 
  Problem seed: 129 
Setting seed: 2857
Applying Algorithm forest.splitbias.oob ...
Generating problem taski ...
Result:
List of 3
 $ idi   : int 3915
 $ lrn   : chr [1:3] "randomForest" "oob" ""
 $ result: Named num [1:5] 0.9 0.462 0.145 0.1 0.995
  ..- attr(*, "names")= chr [1:5] "ACC" "BER" "multiclass.brier" "MMCE" ...
NULL
Writing result file: /home/probst/Random_Forest/RFSplitbias/results/Splitbias-files/jobs/57/2857-result.RData
########## Executing jid=2858 ##########
Timestamp: 2016-04-28 14:45:22
Experiment: 
  Problem: taski 
  Problem parameters: idi=3915, learner=, teststat=, testtype= 
  Algorithm: forest.splitbias.oob 
  Algorithm parameters:  
  Replication: 8 
  Seed: 2858 
  Problem seed: 130 
Setting seed: 2858
Applying Algorithm forest.splitbias.oob ...
Generating problem taski ...
Result:
List of 3
 $ idi   : int 3915
 $ lrn   : chr [1:3] "randomForest" "oob" ""
 $ result: Named num [1:5] 0.897 0.463 0.144 0.103 0.994
  ..- attr(*, "names")= chr [1:5] "ACC" "BER" "multiclass.brier" "MMCE" ...
NULL
Writing result file: /home/probst/Random_Forest/RFSplitbias/results/Splitbias-files/jobs/58/2858-result.RData
########## Executing jid=2859 ##########
Timestamp: 2016-04-28 14:45:23
Experiment: 
  Problem: taski 
  Problem parameters: idi=3915, learner=, teststat=, testtype= 
  Algorithm: forest.splitbias.oob 
  Algorithm parameters:  
  Replication: 9 
  Seed: 2859 
  Problem seed: 131 
Setting seed: 2859
Applying Algorithm forest.splitbias.oob ...
Generating problem taski ...
Result:
List of 3
 $ idi   : int 3915
 $ lrn   : chr [1:3] "randomForest" "oob" ""
 $ result: Named num [1:5] 0.897 0.463 0.146 0.103 0.995
  ..- attr(*, "names")= chr [1:5] "ACC" "BER" "multiclass.brier" "MMCE" ...
NULL
Writing result file: /home/probst/Random_Forest/RFSplitbias/results/Splitbias-files/jobs/59/2859-result.RData
########## Executing jid=2860 ##########
Timestamp: 2016-04-28 14:45:25
Experiment: 
  Problem: taski 
  Problem parameters: idi=3915, learner=, teststat=, testtype= 
  Algorithm: forest.splitbias.oob 
  Algorithm parameters:  
  Replication: 10 
  Seed: 2860 
  Problem seed: 132 
Setting seed: 2860
Applying Algorithm forest.splitbias.oob ...
Generating problem taski ...
Result:
List of 3
 $ idi   : int 3915
 $ lrn   : chr [1:3] "randomForest" "oob" ""
 $ result: Named num [1:5] 0.895 0.464 0.143 0.105 0.995
  ..- attr(*, "names")= chr [1:5] "ACC" "BER" "multiclass.brier" "MMCE" ...
NULL
Writing result file: /home/probst/Random_Forest/RFSplitbias/results/Splitbias-files/jobs/60/2860-result.RData
########## Executing jid=2861 ##########
Timestamp: 2016-04-28 14:45:26
Experiment: 
  Problem: taski 
  Problem parameters: idi=7548, learner=, teststat=, testtype= 
  Algorithm: forest.splitbias.oob 
  Algorithm parameters:  
  Replication: 2 
  Seed: 2861 
  Problem seed: 124 
Setting seed: 2861
Applying Algorithm forest.splitbias.oob ...
Generating problem taski ...
Result:
List of 3
 $ idi   : int 7548
 $ lrn   : chr [1:3] "randomForest" "oob" ""
 $ result: Named num [1:5] 0.9304 0.3895 0.1086 0.0696 0.9929
  ..- attr(*, "names")= chr [1:5] "ACC" "BER" "multiclass.brier" "MMCE" ...
NULL
Writing result file: /home/probst/Random_Forest/RFSplitbias/results/Splitbias-files/jobs/61/2861-result.RData
########## Executing jid=2862 ##########
Timestamp: 2016-04-28 14:45:28
Experiment: 
  Problem: taski 
  Problem parameters: idi=7548, learner=, teststat=, testtype= 
  Algorithm: forest.splitbias.oob 
  Algorithm parameters:  
  Replication: 3 
  Seed: 2862 
  Problem seed: 125 
Setting seed: 2862
Applying Algorithm forest.splitbias.oob ...
Generating problem taski ...
Result:
List of 3
 $ idi   : int 7548
 $ lrn   : chr [1:3] "randomForest" "oob" ""
 $ result: Named num [1:5] 0.9349 0.3607 0.1087 0.0651 0.9932
  ..- attr(*, "names")= chr [1:5] "ACC" "BER" "multiclass.brier" "MMCE" ...
NULL
Writing result file: /home/probst/Random_Forest/RFSplitbias/results/Splitbias-files/jobs/62/2862-result.RData
########## Executing jid=2863 ##########
Timestamp: 2016-04-28 14:45:30
Experiment: 
  Problem: taski 
  Problem parameters: idi=7548, learner=, teststat=, testtype= 
  Algorithm: forest.splitbias.oob 
  Algorithm parameters:  
  Replication: 4 
  Seed: 2863 
  Problem seed: 126 
Setting seed: 2863
Applying Algorithm forest.splitbias.oob ...
Generating problem taski ...
Result:
List of 3
 $ idi   : int 7548
 $ lrn   : chr [1:3] "randomForest" "oob" ""
 $ result: Named num [1:5] 0.9304 0.3895 0.1094 0.0696 0.9916
  ..- attr(*, "names")= chr [1:5] "ACC" "BER" "multiclass.brier" "MMCE" ...
NULL
Writing result file: /home/probst/Random_Forest/RFSplitbias/results/Splitbias-files/jobs/63/2863-result.RData
########## Executing jid=2864 ##########
Timestamp: 2016-04-28 14:45:31
Experiment: 
  Problem: taski 
  Problem parameters: idi=7548, learner=, teststat=, testtype= 
  Algorithm: forest.splitbias.oob 
  Algorithm parameters:  
  Replication: 5 
  Seed: 2864 
  Problem seed: 127 
Setting seed: 2864
Applying Algorithm forest.splitbias.oob ...
Generating problem taski ...
Result:
List of 3
 $ idi   : int 7548
 $ lrn   : chr [1:3] "randomForest" "oob" ""
 $ result: Named num [1:5] 0.9274 0.4088 0.11 0.0726 0.9931
  ..- attr(*, "names")= chr [1:5] "ACC" "BER" "multiclass.brier" "MMCE" ...
NULL
Writing result file: /home/probst/Random_Forest/RFSplitbias/results/Splitbias-files/jobs/64/2864-result.RData
########## Executing jid=2865 ##########
Timestamp: 2016-04-28 14:45:33
Experiment: 
  Problem: taski 
  Problem parameters: idi=7548, learner=, teststat=, testtype= 
  Algorithm: forest.splitbias.oob 
  Algorithm parameters:  
  Replication: 6 
  Seed: 2865 
  Problem seed: 128 
Setting seed: 2865
Applying Algorithm forest.splitbias.oob ...
Generating problem taski ...
Result:
List of 3
 $ idi   : int 7548
 $ lrn   : chr [1:3] "randomForest" "oob" ""
 $ result: Named num [1:5] 0.9304 0.3895 0.1084 0.0696 0.993
  ..- attr(*, "names")= chr [1:5] "ACC" "BER" "multiclass.brier" "MMCE" ...
NULL
Writing result file: /home/probst/Random_Forest/RFSplitbias/results/Splitbias-files/jobs/65/2865-result.RData
########## Executing jid=2866 ##########
Timestamp: 2016-04-28 14:45:35
Experiment: 
  Problem: taski 
  Problem parameters: idi=7548, learner=, teststat=, testtype= 
  Algorithm: forest.splitbias.oob 
  Algorithm parameters:  
  Replication: 7 
  Seed: 2866 
  Problem seed: 129 
Setting seed: 2866
Applying Algorithm forest.splitbias.oob ...
Generating problem taski ...
Result:
List of 3
 $ idi   : int 7548
 $ lrn   : chr [1:3] "randomForest" "oob" ""
 $ result: Named num [1:5] 0.9289 0.3992 0.1087 0.0711 0.9924
  ..- attr(*, "names")= chr [1:5] "ACC" "BER" "multiclass.brier" "MMCE" ...
NULL
Writing result file: /home/probst/Random_Forest/RFSplitbias/results/Splitbias-files/jobs/66/2866-result.RData
########## Executing jid=2867 ##########
Timestamp: 2016-04-28 14:45:36
Experiment: 
  Problem: taski 
  Problem parameters: idi=7548, learner=, teststat=, testtype= 
  Algorithm: forest.splitbias.oob 
  Algorithm parameters:  
  Replication: 8 
  Seed: 2867 
  Problem seed: 130 
Setting seed: 2867
Applying Algorithm forest.splitbias.oob ...
Generating problem taski ...
Result:
List of 3
 $ idi   : int 7548
 $ lrn   : chr [1:3] "randomForest" "oob" ""
 $ result: Named num [1:5] 0.9304 0.3895 0.1085 0.0696 0.9922
  ..- attr(*, "names")= chr [1:5] "ACC" "BER" "multiclass.brier" "MMCE" ...
NULL
Writing result file: /home/probst/Random_Forest/RFSplitbias/results/Splitbias-files/jobs/67/2867-result.RData
########## Executing jid=2868 ##########
Timestamp: 2016-04-28 14:45:38
Experiment: 
  Problem: taski 
  Problem parameters: idi=7548, learner=, teststat=, testtype= 
  Algorithm: forest.splitbias.oob 
  Algorithm parameters:  
  Replication: 9 
  Seed: 2868 
  Problem seed: 131 
Setting seed: 2868
Applying Algorithm forest.splitbias.oob ...
Generating problem taski ...
Result:
List of 3
 $ idi   : int 7548
 $ lrn   : chr [1:3] "randomForest" "oob" ""
 $ result: Named num [1:5] 0.9274 0.4088 0.1106 0.0726 0.9932
  ..- attr(*, "names")= chr [1:5] "ACC" "BER" "multiclass.brier" "MMCE" ...
NULL
Writing result file: /home/probst/Random_Forest/RFSplitbias/results/Splitbias-files/jobs/68/2868-result.RData
########## Executing jid=2869 ##########
Timestamp: 2016-04-28 14:45:40
Experiment: 
  Problem: taski 
  Problem parameters: idi=7548, learner=, teststat=, testtype= 
  Algorithm: forest.splitbias.oob 
  Algorithm parameters:  
  Replication: 10 
  Seed: 2869 
  Problem seed: 132 
Setting seed: 2869
Applying Algorithm forest.splitbias.oob ...
Generating problem taski ...
Result:
List of 3
 $ idi   : int 7548
 $ lrn   : chr [1:3] "randomForest" "oob" ""
 $ result: Named num [1:5] 0.9319 0.3799 0.1089 0.0681 0.9922
  ..- attr(*, "names")= chr [1:5] "ACC" "BER" "multiclass.brier" "MMCE" ...
NULL
Writing result file: /home/probst/Random_Forest/RFSplitbias/results/Splitbias-files/jobs/69/2869-result.RData
########## Executing jid=2870 ##########
Timestamp: 2016-04-28 14:45:41
Experiment: 
  Problem: taski 
  Problem parameters: idi=10097, learner=, teststat=, testtype= 
  Algorithm: forest.splitbias.oob 
  Algorithm parameters:  
  Replication: 2 
  Seed: 2870 
  Problem seed: 124 
Setting seed: 2870
Applying Algorithm forest.splitbias.oob ...
Generating problem taski ...
Result:
List of 3
 $ idi   : int 10097
 $ lrn   : chr [1:3] "randomForest" "oob" ""
 $ result: Named num [1:5] 0.9191 0.3856 0.1224 0.0809 0.991
  ..- attr(*, "names")= chr [1:5] "ACC" "BER" "multiclass.brier" "MMCE" ...
NULL
Writing result file: /home/probst/Random_Forest/RFSplitbias/results/Splitbias-files/jobs/70/2870-result.RData
########## Executing jid=2871 ##########
Timestamp: 2016-04-28 14:45:43
Experiment: 
  Problem: taski 
  Problem parameters: idi=10097, learner=, teststat=, testtype= 
  Algorithm: forest.splitbias.oob 
  Algorithm parameters:  
  Replication: 3 
  Seed: 2871 
  Problem seed: 125 
Setting seed: 2871
Applying Algorithm forest.splitbias.oob ...
Generating problem taski ...
Result:
List of 3
 $ idi   : int 10097
 $ lrn   : chr [1:3] "randomForest" "oob" ""
 $ result: Named num [1:5] 0.9234 0.3684 0.1213 0.0766 0.9905
  ..- attr(*, "names")= chr [1:5] "ACC" "BER" "multiclass.brier" "MMCE" ...
NULL
Writing result file: /home/probst/Random_Forest/RFSplitbias/results/Splitbias-files/jobs/71/2871-result.RData
########## Executing jid=2872 ##########
Timestamp: 2016-04-28 14:45:45
Experiment: 
  Problem: taski 
  Problem parameters: idi=10097, learner=, teststat=, testtype= 
  Algorithm: forest.splitbias.oob 
  Algorithm parameters:  
  Replication: 4 
  Seed: 2872 
  Problem seed: 126 
Setting seed: 2872
Applying Algorithm forest.splitbias.oob ...
Generating problem taski ...
Result:
List of 3
 $ idi   : int 10097
 $ lrn   : chr [1:3] "randomForest" "oob" ""
 $ result: Named num [1:5] 0.9191 0.3856 0.1221 0.0809 0.9909
  ..- attr(*, "names")= chr [1:5] "ACC" "BER" "multiclass.brier" "MMCE" ...
NULL
Writing result file: /home/probst/Random_Forest/RFSplitbias/results/Splitbias-files/jobs/72/2872-result.RData
########## Executing jid=2873 ##########
Timestamp: 2016-04-28 14:45:47
Experiment: 
  Problem: taski 
  Problem parameters: idi=10097, learner=, teststat=, testtype= 
  Algorithm: forest.splitbias.oob 
  Algorithm parameters:  
  Replication: 5 
  Seed: 2873 
  Problem seed: 127 
Setting seed: 2873
Applying Algorithm forest.splitbias.oob ...
Generating problem taski ...
Result:
List of 3
 $ idi   : int 10097
 $ lrn   : chr [1:3] "randomForest" "oob" ""
 $ result: Named num [1:5] 0.9191 0.3856 0.1207 0.0809 0.9889
  ..- attr(*, "names")= chr [1:5] "ACC" "BER" "multiclass.brier" "MMCE" ...
NULL
Writing result file: /home/probst/Random_Forest/RFSplitbias/results/Splitbias-files/jobs/73/2873-result.RData
########## Executing jid=2874 ##########
Timestamp: 2016-04-28 14:45:49
Experiment: 
  Problem: taski 
  Problem parameters: idi=10097, learner=, teststat=, testtype= 
  Algorithm: forest.splitbias.oob 
  Algorithm parameters:  
  Replication: 6 
  Seed: 2874 
  Problem seed: 128 
Setting seed: 2874
Applying Algorithm forest.splitbias.oob ...
Generating problem taski ...
Result:
List of 3
 $ idi   : int 10097
 $ lrn   : chr [1:3] "randomForest" "oob" ""
 $ result: Named num [1:5] 0.9206 0.3774 0.1209 0.0794 0.9895
  ..- attr(*, "names")= chr [1:5] "ACC" "BER" "multiclass.brier" "MMCE" ...
NULL
Writing result file: /home/probst/Random_Forest/RFSplitbias/results/Splitbias-files/jobs/74/2874-result.RData
########## Executing jid=2875 ##########
Timestamp: 2016-04-28 14:45:50
Experiment: 
  Problem: taski 
  Problem parameters: idi=10097, learner=, teststat=, testtype= 
  Algorithm: forest.splitbias.oob 
  Algorithm parameters:  
  Replication: 7 
  Seed: 2875 
  Problem seed: 129 
Setting seed: 2875
Applying Algorithm forest.splitbias.oob ...
Generating problem taski ...
Result:
List of 3
 $ idi   : int 10097
 $ lrn   : chr [1:3] "randomForest" "oob" ""
 $ result: Named num [1:5] 0.9163 0.3946 0.1203 0.0837 0.9905
  ..- attr(*, "names")= chr [1:5] "ACC" "BER" "multiclass.brier" "MMCE" ...
NULL
Writing result file: /home/probst/Random_Forest/RFSplitbias/results/Splitbias-files/jobs/75/2875-result.RData
########## Executing jid=2876 ##########
Timestamp: 2016-04-28 14:45:52
Experiment: 
  Problem: taski 
  Problem parameters: idi=10097, learner=, teststat=, testtype= 
  Algorithm: forest.splitbias.oob 
  Algorithm parameters:  
  Replication: 8 
  Seed: 2876 
  Problem seed: 130 
Setting seed: 2876
Applying Algorithm forest.splitbias.oob ...
Generating problem taski ...
Result:
List of 3
 $ idi   : int 10097
 $ lrn   : chr [1:3] "randomForest" "oob" ""
 $ result: Named num [1:5] 0.9206 0.3848 0.1211 0.0794 0.9896
  ..- attr(*, "names")= chr [1:5] "ACC" "BER" "multiclass.brier" "MMCE" ...
NULL
Writing result file: /home/probst/Random_Forest/RFSplitbias/results/Splitbias-files/jobs/76/2876-result.RData
########## Executing jid=2877 ##########
Timestamp: 2016-04-28 14:45:54
Experiment: 
  Problem: taski 
  Problem parameters: idi=10097, learner=, teststat=, testtype= 
  Algorithm: forest.splitbias.oob 
  Algorithm parameters:  
  Replication: 9 
  Seed: 2877 
  Problem seed: 131 
Setting seed: 2877
Applying Algorithm forest.splitbias.oob ...
Generating problem taski ...
Result:
List of 3
 $ idi   : int 10097
 $ lrn   : chr [1:3] "randomForest" "oob" ""
 $ result: Named num [1:5] 0.9177 0.3938 0.1219 0.0823 0.9902
  ..- attr(*, "names")= chr [1:5] "ACC" "BER" "multiclass.brier" "MMCE" ...
NULL
Writing result file: /home/probst/Random_Forest/RFSplitbias/results/Splitbias-files/jobs/77/2877-result.RData
########## Executing jid=2878 ##########
Timestamp: 2016-04-28 14:45:56
Experiment: 
  Problem: taski 
  Problem parameters: idi=10097, learner=, teststat=, testtype= 
  Algorithm: forest.splitbias.oob 
  Algorithm parameters:  
  Replication: 10 
  Seed: 2878 
  Problem seed: 132 
Setting seed: 2878
Applying Algorithm forest.splitbias.oob ...
Generating problem taski ...
Result:
List of 3
 $ idi   : int 10097
 $ lrn   : chr [1:3] "randomForest" "oob" ""
 $ result: Named num [1:5] 0.9206 0.3774 0.1217 0.0794 0.9895
  ..- attr(*, "names")= chr [1:5] "ACC" "BER" "multiclass.brier" "MMCE" ...
NULL
Writing result file: /home/probst/Random_Forest/RFSplitbias/results/Splitbias-files/jobs/78/2878-result.RData
########## Executing jid=2879 ##########
Timestamp: 2016-04-28 14:45:58
Experiment: 
  Problem: taski 
  Problem parameters: idi=3716, learner=, teststat=, testtype= 
  Algorithm: forest.splitbias.oob 
  Algorithm parameters:  
  Replication: 2 
  Seed: 2879 
  Problem seed: 124 
Setting seed: 2879
Applying Algorithm forest.splitbias.oob ...
Generating problem taski ...
Result:
List of 3
 $ idi   : int 3716
 $ lrn   : chr [1:3] "randomForest" "oob" ""
 $ result: Named num [1:5] 0.9292 0.0731 0.1268 0.0708 0.6494
  ..- attr(*, "names")= chr [1:5] "ACC" "BER" "multiclass.brier" "MMCE" ...
NULL
Writing result file: /home/probst/Random_Forest/RFSplitbias/results/Splitbias-files/jobs/79/2879-result.RData
########## Executing jid=2880 ##########
Timestamp: 2016-04-28 14:45:59
Experiment: 
  Problem: taski 
  Problem parameters: idi=3716, learner=, teststat=, testtype= 
  Algorithm: forest.splitbias.oob 
  Algorithm parameters:  
  Replication: 3 
  Seed: 2880 
  Problem seed: 125 
Setting seed: 2880
Applying Algorithm forest.splitbias.oob ...
Generating problem taski ...
Result:
List of 3
 $ idi   : int 3716
 $ lrn   : chr [1:3] "randomForest" "oob" ""
 $ result: Named num [1:5] 0.925 0.0767 0.1267 0.075 0.6396
  ..- attr(*, "names")= chr [1:5] "ACC" "BER" "multiclass.brier" "MMCE" ...
NULL
Writing result file: /home/probst/Random_Forest/RFSplitbias/results/Splitbias-files/jobs/80/2880-result.RData
########## Executing jid=2881 ##########
Timestamp: 2016-04-28 14:46:01
Experiment: 
  Problem: taski 
  Problem parameters: idi=3716, learner=, teststat=, testtype= 
  Algorithm: forest.splitbias.oob 
  Algorithm parameters:  
  Replication: 4 
  Seed: 2881 
  Problem seed: 126 
Setting seed: 2881
Applying Algorithm forest.splitbias.oob ...
Generating problem taski ...
Result:
List of 3
 $ idi   : int 3716
 $ lrn   : chr [1:3] "randomForest" "oob" ""
 $ result: Named num [1:5] 0.925 0.078 0.125 0.075 0.634
  ..- attr(*, "names")= chr [1:5] "ACC" "BER" "multiclass.brier" "MMCE" ...
NULL
Writing result file: /home/probst/Random_Forest/RFSplitbias/results/Splitbias-files/jobs/81/2881-result.RData
########## Executing jid=2882 ##########
Timestamp: 2016-04-28 14:46:02
Experiment: 
  Problem: taski 
  Problem parameters: idi=3716, learner=, teststat=, testtype= 
  Algorithm: forest.splitbias.oob 
  Algorithm parameters:  
  Replication: 5 
  Seed: 2882 
  Problem seed: 127 
Setting seed: 2882
Applying Algorithm forest.splitbias.oob ...
Generating problem taski ...
Result:
List of 3
 $ idi   : int 3716
 $ lrn   : chr [1:3] "randomForest" "oob" ""
 $ result: Named num [1:5] 0.9292 0.0731 0.1263 0.0708 0.6514
  ..- attr(*, "names")= chr [1:5] "ACC" "BER" "multiclass.brier" "MMCE" ...
NULL
Writing result file: /home/probst/Random_Forest/RFSplitbias/results/Splitbias-files/jobs/82/2882-result.RData
########## Executing jid=2883 ##########
Timestamp: 2016-04-28 14:46:04
Experiment: 
  Problem: taski 
  Problem parameters: idi=3716, learner=, teststat=, testtype= 
  Algorithm: forest.splitbias.oob 
  Algorithm parameters:  
  Replication: 6 
  Seed: 2883 
  Problem seed: 128 
Setting seed: 2883
Applying Algorithm forest.splitbias.oob ...
Generating problem taski ...
Result:
List of 3
 $ idi   : int 3716
 $ lrn   : chr [1:3] "randomForest" "oob" ""
 $ result: Named num [1:5] 0.9292 0.0731 0.1215 0.0708 0.6445
  ..- attr(*, "names")= chr [1:5] "ACC" "BER" "multiclass.brier" "MMCE" ...
NULL
Writing result file: /home/probst/Random_Forest/RFSplitbias/results/Splitbias-files/jobs/83/2883-result.RData
########## Executing jid=2884 ##########
Timestamp: 2016-04-28 14:46:05
Experiment: 
  Problem: taski 
  Problem parameters: idi=3716, learner=, teststat=, testtype= 
  Algorithm: forest.splitbias.oob 
  Algorithm parameters:  
  Replication: 7 
  Seed: 2884 
  Problem seed: 129 
Setting seed: 2884
Applying Algorithm forest.splitbias.oob ...
Generating problem taski ...
Result:
List of 3
 $ idi   : int 3716
 $ lrn   : chr [1:3] "randomForest" "oob" ""
 $ result: Named num [1:5] 0.925 0.078 0.126 0.075 0.648
  ..- attr(*, "names")= chr [1:5] "ACC" "BER" "multiclass.brier" "MMCE" ...
NULL
Writing result file: /home/probst/Random_Forest/RFSplitbias/results/Splitbias-files/jobs/84/2884-result.RData
########## Executing jid=2885 ##########
Timestamp: 2016-04-28 14:46:07
Experiment: 
  Problem: taski 
  Problem parameters: idi=3716, learner=, teststat=, testtype= 
  Algorithm: forest.splitbias.oob 
  Algorithm parameters:  
  Replication: 8 
  Seed: 2885 
  Problem seed: 130 
Setting seed: 2885
Applying Algorithm forest.splitbias.oob ...
Generating problem taski ...
Result:
List of 3
 $ idi   : int 3716
 $ lrn   : chr [1:3] "randomForest" "oob" ""
 $ result: Named num [1:5] 0.9333 0.0682 0.1259 0.0667 0.6311
  ..- attr(*, "names")= chr [1:5] "ACC" "BER" "multiclass.brier" "MMCE" ...
NULL
Writing result file: /home/probst/Random_Forest/RFSplitbias/results/Splitbias-files/jobs/85/2885-result.RData
########## Executing jid=2886 ##########
Timestamp: 2016-04-28 14:46:09
Experiment: 
  Problem: taski 
  Problem parameters: idi=3716, learner=, teststat=, testtype= 
  Algorithm: forest.splitbias.oob 
  Algorithm parameters:  
  Replication: 9 
  Seed: 2886 
  Problem seed: 131 
Setting seed: 2886
Applying Algorithm forest.splitbias.oob ...
Generating problem taski ...
Result:
List of 3
 $ idi   : int 3716
 $ lrn   : chr [1:3] "randomForest" "oob" ""
 $ result: Named num [1:5] 0.9292 0.0731 0.1237 0.0708 0.6344
  ..- attr(*, "names")= chr [1:5] "ACC" "BER" "multiclass.brier" "MMCE" ...
NULL
Writing result file: /home/probst/Random_Forest/RFSplitbias/results/Splitbias-files/jobs/86/2886-result.RData
########## Executing jid=2887 ##########
Timestamp: 2016-04-28 14:46:10
Experiment: 
  Problem: taski 
  Problem parameters: idi=3716, learner=, teststat=, testtype= 
  Algorithm: forest.splitbias.oob 
  Algorithm parameters:  
  Replication: 10 
  Seed: 2887 
  Problem seed: 132 
Setting seed: 2887
Applying Algorithm forest.splitbias.oob ...
Generating problem taski ...
Result:
List of 3
 $ idi   : int 3716
 $ lrn   : chr [1:3] "randomForest" "oob" ""
 $ result: Named num [1:5] 0.9375 0.0646 0.1243 0.0625 0.6462
  ..- attr(*, "names")= chr [1:5] "ACC" "BER" "multiclass.brier" "MMCE" ...
NULL
Writing result file: /home/probst/Random_Forest/RFSplitbias/results/Splitbias-files/jobs/87/2887-result.RData
########## Executing jid=2888 ##########
Timestamp: 2016-04-28 14:46:12
Experiment: 
  Problem: taski 
  Problem parameters: idi=9904, learner=, teststat=, testtype= 
  Algorithm: forest.splitbias.oob 
  Algorithm parameters:  
  Replication: 2 
  Seed: 2888 
  Problem seed: 124 
Setting seed: 2888
Applying Algorithm forest.splitbias.oob ...
Generating problem taski ...
Result:
List of 3
 $ idi   : int 9904
 $ lrn   : chr [1:3] "randomForest" "oob" ""
 $ result: Named num [1:5] 0.284 0.82 0.84 0.716 0.798
  ..- attr(*, "names")= chr [1:5] "ACC" "BER" "multiclass.brier" "MMCE" ...
NULL
Writing result file: /home/probst/Random_Forest/RFSplitbias/results/Splitbias-files/jobs/88/2888-result.RData
########## Executing jid=2889 ##########
Timestamp: 2016-04-28 14:46:15
Experiment: 
  Problem: taski 
  Problem parameters: idi=9904, learner=, teststat=, testtype= 
  Algorithm: forest.splitbias.oob 
  Algorithm parameters:  
  Replication: 3 
  Seed: 2889 
  Problem seed: 125 
Setting seed: 2889
Applying Algorithm forest.splitbias.oob ...
Generating problem taski ...
Result:
List of 3
 $ idi   : int 9904
 $ lrn   : chr [1:3] "randomForest" "oob" ""
 $ result: Named num [1:5] 0.285 0.818 0.836 0.715 0.802
  ..- attr(*, "names")= chr [1:5] "ACC" "BER" "multiclass.brier" "MMCE" ...
NULL
Writing result file: /home/probst/Random_Forest/RFSplitbias/results/Splitbias-files/jobs/89/2889-result.RData
########## Executing jid=2890 ##########
Timestamp: 2016-04-28 14:46:19
Experiment: 
  Problem: taski 
  Problem parameters: idi=9904, learner=, teststat=, testtype= 
  Algorithm: forest.splitbias.oob 
  Algorithm parameters:  
  Replication: 4 
  Seed: 2890 
  Problem seed: 126 
Setting seed: 2890
Applying Algorithm forest.splitbias.oob ...
Generating problem taski ...
Result:
List of 3
 $ idi   : int 9904
 $ lrn   : chr [1:3] "randomForest" "oob" ""
 $ result: Named num [1:5] 0.291 0.817 0.836 0.709 0.802
  ..- attr(*, "names")= chr [1:5] "ACC" "BER" "multiclass.brier" "MMCE" ...
NULL
Writing result file: /home/probst/Random_Forest/RFSplitbias/results/Splitbias-files/jobs/90/2890-result.RData
########## Executing jid=2891 ##########
Timestamp: 2016-04-28 14:46:22
Experiment: 
  Problem: taski 
  Problem parameters: idi=9904, learner=, teststat=, testtype= 
  Algorithm: forest.splitbias.oob 
  Algorithm parameters:  
  Replication: 5 
  Seed: 2891 
  Problem seed: 127 
Setting seed: 2891
Applying Algorithm forest.splitbias.oob ...
Generating problem taski ...
Result:
List of 3
 $ idi   : int 9904
 $ lrn   : chr [1:3] "randomForest" "oob" ""
 $ result: Named num [1:5] 0.292 0.813 0.837 0.708 0.802
  ..- attr(*, "names")= chr [1:5] "ACC" "BER" "multiclass.brier" "MMCE" ...
NULL
Writing result file: /home/probst/Random_Forest/RFSplitbias/results/Splitbias-files/jobs/91/2891-result.RData
########## Executing jid=2892 ##########
Timestamp: 2016-04-28 14:46:26
Experiment: 
  Problem: taski 
  Problem parameters: idi=9904, learner=, teststat=, testtype= 
  Algorithm: forest.splitbias.oob 
  Algorithm parameters:  
  Replication: 6 
  Seed: 2892 
  Problem seed: 128 
Setting seed: 2892
Applying Algorithm forest.splitbias.oob ...
Generating problem taski ...
Result:
List of 3
 $ idi   : int 9904
 $ lrn   : chr [1:3] "randomForest" "oob" ""
 $ result: Named num [1:5] 0.287 0.821 0.839 0.713 0.794
  ..- attr(*, "names")= chr [1:5] "ACC" "BER" "multiclass.brier" "MMCE" ...
NULL
Writing result file: /home/probst/Random_Forest/RFSplitbias/results/Splitbias-files/jobs/92/2892-result.RData
########## Executing jid=2893 ##########
Timestamp: 2016-04-28 14:46:29
Experiment: 
  Problem: taski 
  Problem parameters: idi=9904, learner=, teststat=, testtype= 
  Algorithm: forest.splitbias.oob 
  Algorithm parameters:  
  Replication: 7 
  Seed: 2893 
  Problem seed: 129 
Setting seed: 2893
Applying Algorithm forest.splitbias.oob ...
Generating problem taski ...
Result:
List of 3
 $ idi   : int 9904
 $ lrn   : chr [1:3] "randomForest" "oob" ""
 $ result: Named num [1:5] 0.285 0.82 0.838 0.715 0.805
  ..- attr(*, "names")= chr [1:5] "ACC" "BER" "multiclass.brier" "MMCE" ...
NULL
Writing result file: /home/probst/Random_Forest/RFSplitbias/results/Splitbias-files/jobs/93/2893-result.RData
########## Executing jid=2894 ##########
Timestamp: 2016-04-28 14:46:33
Experiment: 
  Problem: taski 
  Problem parameters: idi=9904, learner=, teststat=, testtype= 
  Algorithm: forest.splitbias.oob 
  Algorithm parameters:  
  Replication: 8 
  Seed: 2894 
  Problem seed: 130 
Setting seed: 2894
Applying Algorithm forest.splitbias.oob ...
Generating problem taski ...
Result:
List of 3
 $ idi   : int 9904
 $ lrn   : chr [1:3] "randomForest" "oob" ""
 $ result: Named num [1:5] 0.283 0.823 0.839 0.717 0.802
  ..- attr(*, "names")= chr [1:5] "ACC" "BER" "multiclass.brier" "MMCE" ...
NULL
Writing result file: /home/probst/Random_Forest/RFSplitbias/results/Splitbias-files/jobs/94/2894-result.RData
########## Executing jid=2895 ##########
Timestamp: 2016-04-28 14:46:36
Experiment: 
  Problem: taski 
  Problem parameters: idi=9904, learner=, teststat=, testtype= 
  Algorithm: forest.splitbias.oob 
  Algorithm parameters:  
  Replication: 9 
  Seed: 2895 
  Problem seed: 131 
Setting seed: 2895
Applying Algorithm forest.splitbias.oob ...
Generating problem taski ...
Result:
List of 3
 $ idi   : int 9904
 $ lrn   : chr [1:3] "randomForest" "oob" ""
 $ result: Named num [1:5] 0.288 0.818 0.837 0.712 0.797
  ..- attr(*, "names")= chr [1:5] "ACC" "BER" "multiclass.brier" "MMCE" ...
NULL
Writing result file: /home/probst/Random_Forest/RFSplitbias/results/Splitbias-files/jobs/95/2895-result.RData
########## Executing jid=2896 ##########
Timestamp: 2016-04-28 14:46:39
Experiment: 
  Problem: taski 
  Problem parameters: idi=9904, learner=, teststat=, testtype= 
  Algorithm: forest.splitbias.oob 
  Algorithm parameters:  
  Replication: 10 
  Seed: 2896 
  Problem seed: 132 
Setting seed: 2896
Applying Algorithm forest.splitbias.oob ...
Generating problem taski ...
Result:
List of 3
 $ idi   : int 9904
 $ lrn   : chr [1:3] "randomForest" "oob" ""
 $ result: Named num [1:5] 0.297 0.811 0.836 0.703 0.807
  ..- attr(*, "names")= chr [1:5] "ACC" "BER" "multiclass.brier" "MMCE" ...
NULL
Writing result file: /home/probst/Random_Forest/RFSplitbias/results/Splitbias-files/jobs/96/2896-result.RData
########## Executing jid=2897 ##########
Timestamp: 2016-04-28 14:46:43
Experiment: 
  Problem: taski 
  Problem parameters: idi=3049, learner=, teststat=, testtype= 
  Algorithm: forest.splitbias.oob 
  Algorithm parameters:  
  Replication: 2 
  Seed: 2897 
  Problem seed: 124 
Setting seed: 2897
Applying Algorithm forest.splitbias.oob ...
Generating problem taski ...
Result:
List of 3
 $ idi   : int 3049
 $ lrn   : chr [1:3] "randomForest" "oob" ""
 $ result: Named num [1:5] 0.9669 0.3431 0.0559 0.0331 0.9962
  ..- attr(*, "names")= chr [1:5] "ACC" "BER" "multiclass.brier" "MMCE" ...
NULL
Writing result file: /home/probst/Random_Forest/RFSplitbias/results/Splitbias-files/jobs/97/2897-result.RData
########## Executing jid=2898 ##########
Timestamp: 2016-04-28 14:46:45
Experiment: 
  Problem: taski 
  Problem parameters: idi=3049, learner=, teststat=, testtype= 
  Algorithm: forest.splitbias.oob 
  Algorithm parameters:  
  Replication: 3 
  Seed: 2898 
  Problem seed: 125 
Setting seed: 2898
Applying Algorithm forest.splitbias.oob ...
Generating problem taski ...
Result:
List of 3
 $ idi   : int 3049
 $ lrn   : chr [1:3] "randomForest" "oob" ""
 $ result: Named num [1:5] 0.9669 0.3431 0.0561 0.0331 0.9962
  ..- attr(*, "names")= chr [1:5] "ACC" "BER" "multiclass.brier" "MMCE" ...
NULL
Writing result file: /home/probst/Random_Forest/RFSplitbias/results/Splitbias-files/jobs/98/2898-result.RData
########## Executing jid=2899 ##########
Timestamp: 2016-04-28 14:46:48
Experiment: 
  Problem: taski 
  Problem parameters: idi=3049, learner=, teststat=, testtype= 
  Algorithm: forest.splitbias.oob 
  Algorithm parameters:  
  Replication: 4 
  Seed: 2899 
  Problem seed: 126 
Setting seed: 2899
Applying Algorithm forest.splitbias.oob ...
Generating problem taski ...
Result:
List of 3
 $ idi   : int 3049
 $ lrn   : chr [1:3] "randomForest" "oob" ""
 $ result: Named num [1:5] 0.9648 0.3675 0.0566 0.0352 0.9961
  ..- attr(*, "names")= chr [1:5] "ACC" "BER" "multiclass.brier" "MMCE" ...
NULL
Writing result file: /home/probst/Random_Forest/RFSplitbias/results/Splitbias-files/jobs/99/2899-result.RData
########## Executing jid=2900 ##########
Timestamp: 2016-04-28 14:46:50
Experiment: 
  Problem: taski 
  Problem parameters: idi=3049, learner=, teststat=, testtype= 
  Algorithm: forest.splitbias.oob 
  Algorithm parameters:  
  Replication: 5 
  Seed: 2900 
  Problem seed: 127 
Setting seed: 2900
Applying Algorithm forest.splitbias.oob ...
Generating problem taski ...
Result:
List of 3
 $ idi   : int 3049
 $ lrn   : chr [1:3] "randomForest" "oob" ""
 $ result: Named num [1:5] 0.9648 0.3675 0.0558 0.0352 0.9963
  ..- attr(*, "names")= chr [1:5] "ACC" "BER" "multiclass.brier" "MMCE" ...
NULL
Writing result file: /home/probst/Random_Forest/RFSplitbias/results/Splitbias-files/jobs/00/2900-result.RData
########## Executing jid=2901 ##########
Timestamp: 2016-04-28 14:46:53
Experiment: 
  Problem: taski 
  Problem parameters: idi=3049, learner=, teststat=, testtype= 
  Algorithm: forest.splitbias.oob 
  Algorithm parameters:  
  Replication: 6 
  Seed: 2901 
  Problem seed: 128 
Setting seed: 2901
Applying Algorithm forest.splitbias.oob ...
Generating problem taski ...
Result:
List of 3
 $ idi   : int 3049
 $ lrn   : chr [1:3] "randomForest" "oob" ""
 $ result: Named num [1:5] 0.9669 0.3431 0.055 0.0331 0.9957
  ..- attr(*, "names")= chr [1:5] "ACC" "BER" "multiclass.brier" "MMCE" ...
NULL
Writing result file: /home/probst/Random_Forest/RFSplitbias/results/Splitbias-files/jobs/01/2901-result.RData
########## Executing jid=2902 ##########
Timestamp: 2016-04-28 14:46:55
Experiment: 
  Problem: taski 
  Problem parameters: idi=3049, learner=, teststat=, testtype= 
  Algorithm: forest.splitbias.oob 
  Algorithm parameters:  
  Replication: 7 
  Seed: 2902 
  Problem seed: 129 
Setting seed: 2902
Applying Algorithm forest.splitbias.oob ...
Generating problem taski ...
Result:
List of 3
 $ idi   : int 3049
 $ lrn   : chr [1:3] "randomForest" "oob" ""
 $ result: Named num [1:5] 0.9626 0.3919 0.0562 0.0374 0.9964
  ..- attr(*, "names")= chr [1:5] "ACC" "BER" "multiclass.brier" "MMCE" ...
NULL
Writing result file: /home/probst/Random_Forest/RFSplitbias/results/Splitbias-files/jobs/02/2902-result.RData
########## Executing jid=2903 ##########
Timestamp: 2016-04-28 14:46:58
Experiment: 
  Problem: taski 
  Problem parameters: idi=3049, learner=, teststat=, testtype= 
  Algorithm: forest.splitbias.oob 
  Algorithm parameters:  
  Replication: 8 
  Seed: 2903 
  Problem seed: 130 
Setting seed: 2903
Applying Algorithm forest.splitbias.oob ...
Generating problem taski ...
Result:
List of 3
 $ idi   : int 3049
 $ lrn   : chr [1:3] "randomForest" "oob" ""
 $ result: Named num [1:5] 0.968 0.3426 0.0554 0.032 0.9962
  ..- attr(*, "names")= chr [1:5] "ACC" "BER" "multiclass.brier" "MMCE" ...
NULL
Writing result file: /home/probst/Random_Forest/RFSplitbias/results/Splitbias-files/jobs/03/2903-result.RData
2016-04-28 14:47:00: All done.
Setting work back to: /nfsmb/koll/probst/Random_Forest/RFSplitbias/results
Memory usage according to gc:
          used (Mb) gc trigger  (Mb) max used  (Mb)
Ncells 1781065 95.2    3205452 171.2  2143667 114.5
Vcells 4653144 35.6   14256408 108.8 14241198 108.7
