Loading registry: /home/probst/Random_Forest/RFSplitbias/results/Splitbias-files/registry.RData
Loading conf: 
2016-04-28 14:49:06: Starting job on node lin65.
Auto-mailer settings: start=none, done=none, error=none.
Setting work dir: /nfsmb/koll/probst/Random_Forest/RFSplitbias/results
########## Executing jid=3104 ##########
Timestamp: 2016-04-28 14:49:06
Experiment: 
  Problem: taski 
  Problem parameters: idi=5019, learner=, teststat=, testtype= 
  Algorithm: forest.splitbias.oob 
  Algorithm parameters:  
  Replication: 2 
  Seed: 3104 
  Problem seed: 124 
Setting seed: 3104
Applying Algorithm forest.splitbias.oob ...
Generating problem taski ...
Result:
List of 3
 $ idi   : int 5019
 $ lrn   : chr [1:3] "randomForest" "oob" ""
 $ result: Named num [1:4] 0.177 0.1372 0.0188 0.047
  ..- attr(*, "names")= chr [1:4] "MAE" "MEDAE" "MEDSE" "MSE"
NULL
Writing result file: /home/probst/Random_Forest/RFSplitbias/results/Splitbias-files/jobs/04/3104-result.RData
########## Executing jid=3105 ##########
Timestamp: 2016-04-28 14:49:07
Experiment: 
  Problem: taski 
  Problem parameters: idi=5019, learner=, teststat=, testtype= 
  Algorithm: forest.splitbias.oob 
  Algorithm parameters:  
  Replication: 3 
  Seed: 3105 
  Problem seed: 125 
Setting seed: 3105
Applying Algorithm forest.splitbias.oob ...
Generating problem taski ...
Result:
List of 3
 $ idi   : int 5019
 $ lrn   : chr [1:3] "randomForest" "oob" ""
 $ result: Named num [1:4] 0.1771 0.1431 0.0205 0.047
  ..- attr(*, "names")= chr [1:4] "MAE" "MEDAE" "MEDSE" "MSE"
NULL
Writing result file: /home/probst/Random_Forest/RFSplitbias/results/Splitbias-files/jobs/05/3105-result.RData
########## Executing jid=3106 ##########
Timestamp: 2016-04-28 14:49:07
Experiment: 
  Problem: taski 
  Problem parameters: idi=5019, learner=, teststat=, testtype= 
  Algorithm: forest.splitbias.oob 
  Algorithm parameters:  
  Replication: 4 
  Seed: 3106 
  Problem seed: 126 
Setting seed: 3106
Applying Algorithm forest.splitbias.oob ...
Generating problem taski ...
Result:
List of 3
 $ idi   : int 5019
 $ lrn   : chr [1:3] "randomForest" "oob" ""
 $ result: Named num [1:4] 0.1765 0.1398 0.0195 0.0467
  ..- attr(*, "names")= chr [1:4] "MAE" "MEDAE" "MEDSE" "MSE"
NULL
Writing result file: /home/probst/Random_Forest/RFSplitbias/results/Splitbias-files/jobs/06/3106-result.RData
########## Executing jid=3107 ##########
Timestamp: 2016-04-28 14:49:08
Experiment: 
  Problem: taski 
  Problem parameters: idi=5019, learner=, teststat=, testtype= 
  Algorithm: forest.splitbias.oob 
  Algorithm parameters:  
  Replication: 5 
  Seed: 3107 
  Problem seed: 127 
Setting seed: 3107
Applying Algorithm forest.splitbias.oob ...
Generating problem taski ...
Result:
List of 3
 $ idi   : int 5019
 $ lrn   : chr [1:3] "randomForest" "oob" ""
 $ result: Named num [1:4] 0.1761 0.1343 0.018 0.0464
  ..- attr(*, "names")= chr [1:4] "MAE" "MEDAE" "MEDSE" "MSE"
NULL
Writing result file: /home/probst/Random_Forest/RFSplitbias/results/Splitbias-files/jobs/07/3107-result.RData
########## Executing jid=3108 ##########
Timestamp: 2016-04-28 14:49:08
Experiment: 
  Problem: taski 
  Problem parameters: idi=5019, learner=, teststat=, testtype= 
  Algorithm: forest.splitbias.oob 
  Algorithm parameters:  
  Replication: 6 
  Seed: 3108 
  Problem seed: 128 
Setting seed: 3108
Applying Algorithm forest.splitbias.oob ...
Generating problem taski ...
Result:
List of 3
 $ idi   : int 5019
 $ lrn   : chr [1:3] "randomForest" "oob" ""
 $ result: Named num [1:4] 0.1779 0.1418 0.0201 0.0471
  ..- attr(*, "names")= chr [1:4] "MAE" "MEDAE" "MEDSE" "MSE"
NULL
Writing result file: /home/probst/Random_Forest/RFSplitbias/results/Splitbias-files/jobs/08/3108-result.RData
########## Executing jid=3109 ##########
Timestamp: 2016-04-28 14:49:09
Experiment: 
  Problem: taski 
  Problem parameters: idi=5019, learner=, teststat=, testtype= 
  Algorithm: forest.splitbias.oob 
  Algorithm parameters:  
  Replication: 7 
  Seed: 3109 
  Problem seed: 129 
Setting seed: 3109
Applying Algorithm forest.splitbias.oob ...
Generating problem taski ...
Result:
List of 3
 $ idi   : int 5019
 $ lrn   : chr [1:3] "randomForest" "oob" ""
 $ result: Named num [1:4] 0.1766 0.1443 0.0208 0.0468
  ..- attr(*, "names")= chr [1:4] "MAE" "MEDAE" "MEDSE" "MSE"
NULL
Writing result file: /home/probst/Random_Forest/RFSplitbias/results/Splitbias-files/jobs/09/3109-result.RData
########## Executing jid=3110 ##########
Timestamp: 2016-04-28 14:49:09
Experiment: 
  Problem: taski 
  Problem parameters: idi=5019, learner=, teststat=, testtype= 
  Algorithm: forest.splitbias.oob 
  Algorithm parameters:  
  Replication: 8 
  Seed: 3110 
  Problem seed: 130 
Setting seed: 3110
Applying Algorithm forest.splitbias.oob ...
Generating problem taski ...
Result:
List of 3
 $ idi   : int 5019
 $ lrn   : chr [1:3] "randomForest" "oob" ""
 $ result: Named num [1:4] 0.1763 0.1391 0.0193 0.0466
  ..- attr(*, "names")= chr [1:4] "MAE" "MEDAE" "MEDSE" "MSE"
NULL
Writing result file: /home/probst/Random_Forest/RFSplitbias/results/Splitbias-files/jobs/10/3110-result.RData
########## Executing jid=3111 ##########
Timestamp: 2016-04-28 14:49:10
Experiment: 
  Problem: taski 
  Problem parameters: idi=5019, learner=, teststat=, testtype= 
  Algorithm: forest.splitbias.oob 
  Algorithm parameters:  
  Replication: 9 
  Seed: 3111 
  Problem seed: 131 
Setting seed: 3111
Applying Algorithm forest.splitbias.oob ...
Generating problem taski ...
Result:
List of 3
 $ idi   : int 5019
 $ lrn   : chr [1:3] "randomForest" "oob" ""
 $ result: Named num [1:4] 0.1763 0.1378 0.019 0.0466
  ..- attr(*, "names")= chr [1:4] "MAE" "MEDAE" "MEDSE" "MSE"
NULL
Writing result file: /home/probst/Random_Forest/RFSplitbias/results/Splitbias-files/jobs/11/3111-result.RData
########## Executing jid=3112 ##########
Timestamp: 2016-04-28 14:49:10
Experiment: 
  Problem: taski 
  Problem parameters: idi=5019, learner=, teststat=, testtype= 
  Algorithm: forest.splitbias.oob 
  Algorithm parameters:  
  Replication: 10 
  Seed: 3112 
  Problem seed: 132 
Setting seed: 3112
Applying Algorithm forest.splitbias.oob ...
Generating problem taski ...
Result:
List of 3
 $ idi   : int 5019
 $ lrn   : chr [1:3] "randomForest" "oob" ""
 $ result: Named num [1:4] 0.1769 0.1385 0.0192 0.0467
  ..- attr(*, "names")= chr [1:4] "MAE" "MEDAE" "MEDSE" "MSE"
NULL
Writing result file: /home/probst/Random_Forest/RFSplitbias/results/Splitbias-files/jobs/12/3112-result.RData
########## Executing jid=3113 ##########
Timestamp: 2016-04-28 14:49:11
Experiment: 
  Problem: taski 
  Problem parameters: idi=4805, learner=, teststat=, testtype= 
  Algorithm: forest.splitbias.oob 
  Algorithm parameters:  
  Replication: 2 
  Seed: 3113 
  Problem seed: 124 
Setting seed: 3113
Applying Algorithm forest.splitbias.oob ...
Generating problem taski ...
Result:
List of 3
 $ idi   : int 4805
 $ lrn   : chr [1:3] "randomForest" "oob" ""
 $ result: Named num [1:4] 0.3545 0.2441 0.0596 0.1747
  ..- attr(*, "names")= chr [1:4] "MAE" "MEDAE" "MEDSE" "MSE"
NULL
Writing result file: /home/probst/Random_Forest/RFSplitbias/results/Splitbias-files/jobs/13/3113-result.RData
########## Executing jid=3114 ##########
Timestamp: 2016-04-28 14:49:11
Experiment: 
  Problem: taski 
  Problem parameters: idi=4805, learner=, teststat=, testtype= 
  Algorithm: forest.splitbias.oob 
  Algorithm parameters:  
  Replication: 3 
  Seed: 3114 
  Problem seed: 125 
Setting seed: 3114
Applying Algorithm forest.splitbias.oob ...
Generating problem taski ...
Result:
List of 3
 $ idi   : int 4805
 $ lrn   : chr [1:3] "randomForest" "oob" ""
 $ result: Named num [1:4] 0.3436 0.2454 0.0602 0.1675
  ..- attr(*, "names")= chr [1:4] "MAE" "MEDAE" "MEDSE" "MSE"
NULL
Writing result file: /home/probst/Random_Forest/RFSplitbias/results/Splitbias-files/jobs/14/3114-result.RData
########## Executing jid=3115 ##########
Timestamp: 2016-04-28 14:49:12
Experiment: 
  Problem: taski 
  Problem parameters: idi=4805, learner=, teststat=, testtype= 
  Algorithm: forest.splitbias.oob 
  Algorithm parameters:  
  Replication: 4 
  Seed: 3115 
  Problem seed: 126 
Setting seed: 3115
Applying Algorithm forest.splitbias.oob ...
Generating problem taski ...
Result:
List of 3
 $ idi   : int 4805
 $ lrn   : chr [1:3] "randomForest" "oob" ""
 $ result: Named num [1:4] 0.3462 0.2461 0.0606 0.1685
  ..- attr(*, "names")= chr [1:4] "MAE" "MEDAE" "MEDSE" "MSE"
NULL
Writing result file: /home/probst/Random_Forest/RFSplitbias/results/Splitbias-files/jobs/15/3115-result.RData
########## Executing jid=3116 ##########
Timestamp: 2016-04-28 14:49:12
Experiment: 
  Problem: taski 
  Problem parameters: idi=4805, learner=, teststat=, testtype= 
  Algorithm: forest.splitbias.oob 
  Algorithm parameters:  
  Replication: 5 
  Seed: 3116 
  Problem seed: 127 
Setting seed: 3116
Applying Algorithm forest.splitbias.oob ...
Generating problem taski ...
Result:
List of 3
 $ idi   : int 4805
 $ lrn   : chr [1:3] "randomForest" "oob" ""
 $ result: Named num [1:4] 0.3434 0.2241 0.0502 0.1682
  ..- attr(*, "names")= chr [1:4] "MAE" "MEDAE" "MEDSE" "MSE"
NULL
Writing result file: /home/probst/Random_Forest/RFSplitbias/results/Splitbias-files/jobs/16/3116-result.RData
########## Executing jid=3117 ##########
Timestamp: 2016-04-28 14:49:13
Experiment: 
  Problem: taski 
  Problem parameters: idi=4805, learner=, teststat=, testtype= 
  Algorithm: forest.splitbias.oob 
  Algorithm parameters:  
  Replication: 6 
  Seed: 3117 
  Problem seed: 128 
Setting seed: 3117
Applying Algorithm forest.splitbias.oob ...
Generating problem taski ...
Result:
List of 3
 $ idi   : int 4805
 $ lrn   : chr [1:3] "randomForest" "oob" ""
 $ result: Named num [1:4] 0.3456 0.2247 0.0505 0.1705
  ..- attr(*, "names")= chr [1:4] "MAE" "MEDAE" "MEDSE" "MSE"
NULL
Writing result file: /home/probst/Random_Forest/RFSplitbias/results/Splitbias-files/jobs/17/3117-result.RData
########## Executing jid=3118 ##########
Timestamp: 2016-04-28 14:49:13
Experiment: 
  Problem: taski 
  Problem parameters: idi=4805, learner=, teststat=, testtype= 
  Algorithm: forest.splitbias.oob 
  Algorithm parameters:  
  Replication: 7 
  Seed: 3118 
  Problem seed: 129 
Setting seed: 3118
Applying Algorithm forest.splitbias.oob ...
Generating problem taski ...
Result:
List of 3
 $ idi   : int 4805
 $ lrn   : chr [1:3] "randomForest" "oob" ""
 $ result: Named num [1:4] 0.3449 0.2189 0.0479 0.1743
  ..- attr(*, "names")= chr [1:4] "MAE" "MEDAE" "MEDSE" "MSE"
NULL
Writing result file: /home/probst/Random_Forest/RFSplitbias/results/Splitbias-files/jobs/18/3118-result.RData
########## Executing jid=3119 ##########
Timestamp: 2016-04-28 14:49:14
Experiment: 
  Problem: taski 
  Problem parameters: idi=4805, learner=, teststat=, testtype= 
  Algorithm: forest.splitbias.oob 
  Algorithm parameters:  
  Replication: 8 
  Seed: 3119 
  Problem seed: 130 
Setting seed: 3119
Applying Algorithm forest.splitbias.oob ...
Generating problem taski ...
Result:
List of 3
 $ idi   : int 4805
 $ lrn   : chr [1:3] "randomForest" "oob" ""
 $ result: Named num [1:4] 0.352 0.235 0.055 0.173
  ..- attr(*, "names")= chr [1:4] "MAE" "MEDAE" "MEDSE" "MSE"
NULL
Writing result file: /home/probst/Random_Forest/RFSplitbias/results/Splitbias-files/jobs/19/3119-result.RData
########## Executing jid=3120 ##########
Timestamp: 2016-04-28 14:49:14
Experiment: 
  Problem: taski 
  Problem parameters: idi=4805, learner=, teststat=, testtype= 
  Algorithm: forest.splitbias.oob 
  Algorithm parameters:  
  Replication: 9 
  Seed: 3120 
  Problem seed: 131 
Setting seed: 3120
Applying Algorithm forest.splitbias.oob ...
Generating problem taski ...
Result:
List of 3
 $ idi   : int 4805
 $ lrn   : chr [1:3] "randomForest" "oob" ""
 $ result: Named num [1:4] 0.349 0.2456 0.0603 0.1698
  ..- attr(*, "names")= chr [1:4] "MAE" "MEDAE" "MEDSE" "MSE"
NULL
Writing result file: /home/probst/Random_Forest/RFSplitbias/results/Splitbias-files/jobs/20/3120-result.RData
########## Executing jid=3121 ##########
Timestamp: 2016-04-28 14:49:14
Experiment: 
  Problem: taski 
  Problem parameters: idi=4805, learner=, teststat=, testtype= 
  Algorithm: forest.splitbias.oob 
  Algorithm parameters:  
  Replication: 10 
  Seed: 3121 
  Problem seed: 132 
Setting seed: 3121
Applying Algorithm forest.splitbias.oob ...
Generating problem taski ...
Result:
List of 3
 $ idi   : int 4805
 $ lrn   : chr [1:3] "randomForest" "oob" ""
 $ result: Named num [1:4] 0.3598 0.2374 0.0563 0.1782
  ..- attr(*, "names")= chr [1:4] "MAE" "MEDAE" "MEDSE" "MSE"
NULL
Writing result file: /home/probst/Random_Forest/RFSplitbias/results/Splitbias-files/jobs/21/3121-result.RData
########## Executing jid=3122 ##########
Timestamp: 2016-04-28 14:49:15
Experiment: 
  Problem: taski 
  Problem parameters: idi=4991, learner=, teststat=, testtype= 
  Algorithm: forest.splitbias.oob 
  Algorithm parameters:  
  Replication: 2 
  Seed: 3122 
  Problem seed: 124 
Setting seed: 3122
Applying Algorithm forest.splitbias.oob ...
Generating problem taski ...
Result:
List of 3
 $ idi   : int 4991
 $ lrn   : chr [1:3] "randomForest" "oob" ""
 $ result: Named num [1:4] 136 103 10636 38612
  ..- attr(*, "names")= chr [1:4] "MAE" "MEDAE" "MEDSE" "MSE"
NULL
Writing result file: /home/probst/Random_Forest/RFSplitbias/results/Splitbias-files/jobs/22/3122-result.RData
########## Executing jid=3123 ##########
Timestamp: 2016-04-28 14:49:15
Experiment: 
  Problem: taski 
  Problem parameters: idi=4991, learner=, teststat=, testtype= 
  Algorithm: forest.splitbias.oob 
  Algorithm parameters:  
  Replication: 3 
  Seed: 3123 
  Problem seed: 125 
Setting seed: 3123
Applying Algorithm forest.splitbias.oob ...
Generating problem taski ...
Result:
List of 3
 $ idi   : int 4991
 $ lrn   : chr [1:3] "randomForest" "oob" ""
 $ result: Named num [1:4] 135.4 99.4 9888.1 37014.1
  ..- attr(*, "names")= chr [1:4] "MAE" "MEDAE" "MEDSE" "MSE"
NULL
Writing result file: /home/probst/Random_Forest/RFSplitbias/results/Splitbias-files/jobs/23/3123-result.RData
########## Executing jid=3124 ##########
Timestamp: 2016-04-28 14:49:16
Experiment: 
  Problem: taski 
  Problem parameters: idi=4991, learner=, teststat=, testtype= 
  Algorithm: forest.splitbias.oob 
  Algorithm parameters:  
  Replication: 4 
  Seed: 3124 
  Problem seed: 126 
Setting seed: 3124
Applying Algorithm forest.splitbias.oob ...
Generating problem taski ...
Result:
List of 3
 $ idi   : int 4991
 $ lrn   : chr [1:3] "randomForest" "oob" ""
 $ result: Named num [1:4] 138 108 11655 39271
  ..- attr(*, "names")= chr [1:4] "MAE" "MEDAE" "MEDSE" "MSE"
NULL
Writing result file: /home/probst/Random_Forest/RFSplitbias/results/Splitbias-files/jobs/24/3124-result.RData
########## Executing jid=3125 ##########
Timestamp: 2016-04-28 14:49:16
Experiment: 
  Problem: taski 
  Problem parameters: idi=4991, learner=, teststat=, testtype= 
  Algorithm: forest.splitbias.oob 
  Algorithm parameters:  
  Replication: 5 
  Seed: 3125 
  Problem seed: 127 
Setting seed: 3125
Applying Algorithm forest.splitbias.oob ...
Generating problem taski ...
Result:
List of 3
 $ idi   : int 4991
 $ lrn   : chr [1:3] "randomForest" "oob" ""
 $ result: Named num [1:4] 147 137 18721 41301
  ..- attr(*, "names")= chr [1:4] "MAE" "MEDAE" "MEDSE" "MSE"
NULL
Writing result file: /home/probst/Random_Forest/RFSplitbias/results/Splitbias-files/jobs/25/3125-result.RData
########## Executing jid=3126 ##########
Timestamp: 2016-04-28 14:49:17
Experiment: 
  Problem: taski 
  Problem parameters: idi=4991, learner=, teststat=, testtype= 
  Algorithm: forest.splitbias.oob 
  Algorithm parameters:  
  Replication: 6 
  Seed: 3126 
  Problem seed: 128 
Setting seed: 3126
Applying Algorithm forest.splitbias.oob ...
Generating problem taski ...
Result:
List of 3
 $ idi   : int 4991
 $ lrn   : chr [1:3] "randomForest" "oob" ""
 $ result: Named num [1:4] 141 129 16516 39308
  ..- attr(*, "names")= chr [1:4] "MAE" "MEDAE" "MEDSE" "MSE"
NULL
Writing result file: /home/probst/Random_Forest/RFSplitbias/results/Splitbias-files/jobs/26/3126-result.RData
########## Executing jid=3127 ##########
Timestamp: 2016-04-28 14:49:17
Experiment: 
  Problem: taski 
  Problem parameters: idi=4991, learner=, teststat=, testtype= 
  Algorithm: forest.splitbias.oob 
  Algorithm parameters:  
  Replication: 7 
  Seed: 3127 
  Problem seed: 129 
Setting seed: 3127
Applying Algorithm forest.splitbias.oob ...
Generating problem taski ...
Result:
List of 3
 $ idi   : int 4991
 $ lrn   : chr [1:3] "randomForest" "oob" ""
 $ result: Named num [1:4] 146 132 17430 40967
  ..- attr(*, "names")= chr [1:4] "MAE" "MEDAE" "MEDSE" "MSE"
NULL
Writing result file: /home/probst/Random_Forest/RFSplitbias/results/Splitbias-files/jobs/27/3127-result.RData
########## Executing jid=3128 ##########
Timestamp: 2016-04-28 14:49:18
Experiment: 
  Problem: taski 
  Problem parameters: idi=4991, learner=, teststat=, testtype= 
  Algorithm: forest.splitbias.oob 
  Algorithm parameters:  
  Replication: 8 
  Seed: 3128 
  Problem seed: 130 
Setting seed: 3128
Applying Algorithm forest.splitbias.oob ...
Generating problem taski ...
Result:
List of 3
 $ idi   : int 4991
 $ lrn   : chr [1:3] "randomForest" "oob" ""
 $ result: Named num [1:4] 142 105 11024 38519
  ..- attr(*, "names")= chr [1:4] "MAE" "MEDAE" "MEDSE" "MSE"
NULL
Writing result file: /home/probst/Random_Forest/RFSplitbias/results/Splitbias-files/jobs/28/3128-result.RData
########## Executing jid=3129 ##########
Timestamp: 2016-04-28 14:49:18
Experiment: 
  Problem: taski 
  Problem parameters: idi=4991, learner=, teststat=, testtype= 
  Algorithm: forest.splitbias.oob 
  Algorithm parameters:  
  Replication: 9 
  Seed: 3129 
  Problem seed: 131 
Setting seed: 3129
Applying Algorithm forest.splitbias.oob ...
Generating problem taski ...
Result:
List of 3
 $ idi   : int 4991
 $ lrn   : chr [1:3] "randomForest" "oob" ""
 $ result: Named num [1:4] 141 105 10967 39436
  ..- attr(*, "names")= chr [1:4] "MAE" "MEDAE" "MEDSE" "MSE"
NULL
Writing result file: /home/probst/Random_Forest/RFSplitbias/results/Splitbias-files/jobs/29/3129-result.RData
########## Executing jid=3130 ##########
Timestamp: 2016-04-28 14:49:19
Experiment: 
  Problem: taski 
  Problem parameters: idi=4991, learner=, teststat=, testtype= 
  Algorithm: forest.splitbias.oob 
  Algorithm parameters:  
  Replication: 10 
  Seed: 3130 
  Problem seed: 132 
Setting seed: 3130
Applying Algorithm forest.splitbias.oob ...
Generating problem taski ...
Result:
List of 3
 $ idi   : int 4991
 $ lrn   : chr [1:3] "randomForest" "oob" ""
 $ result: Named num [1:4] 134.1 96.7 9350.6 37882
  ..- attr(*, "names")= chr [1:4] "MAE" "MEDAE" "MEDSE" "MSE"
NULL
Writing result file: /home/probst/Random_Forest/RFSplitbias/results/Splitbias-files/jobs/30/3130-result.RData
########## Executing jid=3131 ##########
Timestamp: 2016-04-28 14:49:19
Experiment: 
  Problem: taski 
  Problem parameters: idi=5037, learner=, teststat=, testtype= 
  Algorithm: forest.splitbias.oob 
  Algorithm parameters:  
  Replication: 2 
  Seed: 3131 
  Problem seed: 124 
Setting seed: 3131
Applying Algorithm forest.splitbias.oob ...
Generating problem taski ...
Result:
List of 3
 $ idi   : int 5037
 $ lrn   : chr [1:3] "randomForest" "oob" ""
 $ result: Named num [1:4] 2.06 1.65 2.74 7.91
  ..- attr(*, "names")= chr [1:4] "MAE" "MEDAE" "MEDSE" "MSE"
NULL
Writing result file: /home/probst/Random_Forest/RFSplitbias/results/Splitbias-files/jobs/31/3131-result.RData
########## Executing jid=3132 ##########
Timestamp: 2016-04-28 14:49:20
Experiment: 
  Problem: taski 
  Problem parameters: idi=5037, learner=, teststat=, testtype= 
  Algorithm: forest.splitbias.oob 
  Algorithm parameters:  
  Replication: 3 
  Seed: 3132 
  Problem seed: 125 
Setting seed: 3132
Applying Algorithm forest.splitbias.oob ...
Generating problem taski ...
Result:
List of 3
 $ idi   : int 5037
 $ lrn   : chr [1:3] "randomForest" "oob" ""
 $ result: Named num [1:4] 2.04 1.65 2.73 7.91
  ..- attr(*, "names")= chr [1:4] "MAE" "MEDAE" "MEDSE" "MSE"
NULL
Writing result file: /home/probst/Random_Forest/RFSplitbias/results/Splitbias-files/jobs/32/3132-result.RData
########## Executing jid=3133 ##########
Timestamp: 2016-04-28 14:49:20
Experiment: 
  Problem: taski 
  Problem parameters: idi=5037, learner=, teststat=, testtype= 
  Algorithm: forest.splitbias.oob 
  Algorithm parameters:  
  Replication: 4 
  Seed: 3133 
  Problem seed: 126 
Setting seed: 3133
Applying Algorithm forest.splitbias.oob ...
Generating problem taski ...
Result:
List of 3
 $ idi   : int 5037
 $ lrn   : chr [1:3] "randomForest" "oob" ""
 $ result: Named num [1:4] 2.04 1.59 2.54 7.99
  ..- attr(*, "names")= chr [1:4] "MAE" "MEDAE" "MEDSE" "MSE"
NULL
Writing result file: /home/probst/Random_Forest/RFSplitbias/results/Splitbias-files/jobs/33/3133-result.RData
########## Executing jid=3134 ##########
Timestamp: 2016-04-28 14:49:21
Experiment: 
  Problem: taski 
  Problem parameters: idi=5037, learner=, teststat=, testtype= 
  Algorithm: forest.splitbias.oob 
  Algorithm parameters:  
  Replication: 5 
  Seed: 3134 
  Problem seed: 127 
Setting seed: 3134
Applying Algorithm forest.splitbias.oob ...
Generating problem taski ...
Result:
List of 3
 $ idi   : int 5037
 $ lrn   : chr [1:3] "randomForest" "oob" ""
 $ result: Named num [1:4] 2.06 1.68 2.82 7.96
  ..- attr(*, "names")= chr [1:4] "MAE" "MEDAE" "MEDSE" "MSE"
NULL
Writing result file: /home/probst/Random_Forest/RFSplitbias/results/Splitbias-files/jobs/34/3134-result.RData
########## Executing jid=3135 ##########
Timestamp: 2016-04-28 14:49:21
Experiment: 
  Problem: taski 
  Problem parameters: idi=5037, learner=, teststat=, testtype= 
  Algorithm: forest.splitbias.oob 
  Algorithm parameters:  
  Replication: 6 
  Seed: 3135 
  Problem seed: 128 
Setting seed: 3135
Applying Algorithm forest.splitbias.oob ...
Generating problem taski ...
Result:
List of 3
 $ idi   : int 5037
 $ lrn   : chr [1:3] "randomForest" "oob" ""
 $ result: Named num [1:4] 2.05 1.66 2.74 7.86
  ..- attr(*, "names")= chr [1:4] "MAE" "MEDAE" "MEDSE" "MSE"
NULL
Writing result file: /home/probst/Random_Forest/RFSplitbias/results/Splitbias-files/jobs/35/3135-result.RData
########## Executing jid=3136 ##########
Timestamp: 2016-04-28 14:49:22
Experiment: 
  Problem: taski 
  Problem parameters: idi=5037, learner=, teststat=, testtype= 
  Algorithm: forest.splitbias.oob 
  Algorithm parameters:  
  Replication: 7 
  Seed: 3136 
  Problem seed: 129 
Setting seed: 3136
Applying Algorithm forest.splitbias.oob ...
Generating problem taski ...
Result:
List of 3
 $ idi   : int 5037
 $ lrn   : chr [1:3] "randomForest" "oob" ""
 $ result: Named num [1:4] 2.03 1.64 2.68 7.74
  ..- attr(*, "names")= chr [1:4] "MAE" "MEDAE" "MEDSE" "MSE"
NULL
Writing result file: /home/probst/Random_Forest/RFSplitbias/results/Splitbias-files/jobs/36/3136-result.RData
########## Executing jid=3137 ##########
Timestamp: 2016-04-28 14:49:22
Experiment: 
  Problem: taski 
  Problem parameters: idi=5037, learner=, teststat=, testtype= 
  Algorithm: forest.splitbias.oob 
  Algorithm parameters:  
  Replication: 8 
  Seed: 3137 
  Problem seed: 130 
Setting seed: 3137
Applying Algorithm forest.splitbias.oob ...
Generating problem taski ...
Result:
List of 3
 $ idi   : int 5037
 $ lrn   : chr [1:3] "randomForest" "oob" ""
 $ result: Named num [1:4] 2.07 1.65 2.73 7.95
  ..- attr(*, "names")= chr [1:4] "MAE" "MEDAE" "MEDSE" "MSE"
NULL
Writing result file: /home/probst/Random_Forest/RFSplitbias/results/Splitbias-files/jobs/37/3137-result.RData
########## Executing jid=3138 ##########
Timestamp: 2016-04-28 14:49:23
Experiment: 
  Problem: taski 
  Problem parameters: idi=5037, learner=, teststat=, testtype= 
  Algorithm: forest.splitbias.oob 
  Algorithm parameters:  
  Replication: 9 
  Seed: 3138 
  Problem seed: 131 
Setting seed: 3138
Applying Algorithm forest.splitbias.oob ...
Generating problem taski ...
Result:
List of 3
 $ idi   : int 5037
 $ lrn   : chr [1:3] "randomForest" "oob" ""
 $ result: Named num [1:4] 2.09 1.64 2.7 8.17
  ..- attr(*, "names")= chr [1:4] "MAE" "MEDAE" "MEDSE" "MSE"
NULL
Writing result file: /home/probst/Random_Forest/RFSplitbias/results/Splitbias-files/jobs/38/3138-result.RData
########## Executing jid=3139 ##########
Timestamp: 2016-04-28 14:49:23
Experiment: 
  Problem: taski 
  Problem parameters: idi=5037, learner=, teststat=, testtype= 
  Algorithm: forest.splitbias.oob 
  Algorithm parameters:  
  Replication: 10 
  Seed: 3139 
  Problem seed: 132 
Setting seed: 3139
Applying Algorithm forest.splitbias.oob ...
Generating problem taski ...
Result:
List of 3
 $ idi   : int 5037
 $ lrn   : chr [1:3] "randomForest" "oob" ""
 $ result: Named num [1:4] 2.04 1.57 2.47 7.82
  ..- attr(*, "names")= chr [1:4] "MAE" "MEDAE" "MEDSE" "MSE"
NULL
Writing result file: /home/probst/Random_Forest/RFSplitbias/results/Splitbias-files/jobs/39/3139-result.RData
########## Executing jid=3140 ##########
Timestamp: 2016-04-28 14:49:24
Experiment: 
  Problem: taski 
  Problem parameters: idi=5003, learner=, teststat=, testtype= 
  Algorithm: forest.splitbias.oob 
  Algorithm parameters:  
  Replication: 2 
  Seed: 3140 
  Problem seed: 124 
Setting seed: 3140
Applying Algorithm forest.splitbias.oob ...
Generating problem taski ...
Warnung in randomForest.default(m, y, ...)
  The response has five or fewer unique values.  Are you sure you want to do regression?
Result:
List of 3
 $ idi   : int 5003
 $ lrn   : chr [1:3] "randomForest" "oob" ""
 $ result: Named num [1:4] 0.468 0.405 0.164 0.349
  ..- attr(*, "names")= chr [1:4] "MAE" "MEDAE" "MEDSE" "MSE"
NULL
Writing result file: /home/probst/Random_Forest/RFSplitbias/results/Splitbias-files/jobs/40/3140-result.RData
########## Executing jid=3141 ##########
Timestamp: 2016-04-28 14:49:25
Experiment: 
  Problem: taski 
  Problem parameters: idi=5003, learner=, teststat=, testtype= 
  Algorithm: forest.splitbias.oob 
  Algorithm parameters:  
  Replication: 3 
  Seed: 3141 
  Problem seed: 125 
Setting seed: 3141
Applying Algorithm forest.splitbias.oob ...
Generating problem taski ...
Warnung in randomForest.default(m, y, ...)
  The response has five or fewer unique values.  Are you sure you want to do regression?
Result:
List of 3
 $ idi   : int 5003
 $ lrn   : chr [1:3] "randomForest" "oob" ""
 $ result: Named num [1:4] 0.461 0.332 0.11 0.337
  ..- attr(*, "names")= chr [1:4] "MAE" "MEDAE" "MEDSE" "MSE"
NULL
Writing result file: /home/probst/Random_Forest/RFSplitbias/results/Splitbias-files/jobs/41/3141-result.RData
########## Executing jid=3142 ##########
Timestamp: 2016-04-28 14:49:25
Experiment: 
  Problem: taski 
  Problem parameters: idi=5003, learner=, teststat=, testtype= 
  Algorithm: forest.splitbias.oob 
  Algorithm parameters:  
  Replication: 4 
  Seed: 3142 
  Problem seed: 126 
Setting seed: 3142
Applying Algorithm forest.splitbias.oob ...
Generating problem taski ...
Warnung in randomForest.default(m, y, ...)
  The response has five or fewer unique values.  Are you sure you want to do regression?
Result:
List of 3
 $ idi   : int 5003
 $ lrn   : chr [1:3] "randomForest" "oob" ""
 $ result: Named num [1:4] 0.461 0.368 0.135 0.337
  ..- attr(*, "names")= chr [1:4] "MAE" "MEDAE" "MEDSE" "MSE"
NULL
Writing result file: /home/probst/Random_Forest/RFSplitbias/results/Splitbias-files/jobs/42/3142-result.RData
########## Executing jid=3143 ##########
Timestamp: 2016-04-28 14:49:26
Experiment: 
  Problem: taski 
  Problem parameters: idi=5003, learner=, teststat=, testtype= 
  Algorithm: forest.splitbias.oob 
  Algorithm parameters:  
  Replication: 5 
  Seed: 3143 
  Problem seed: 127 
Setting seed: 3143
Applying Algorithm forest.splitbias.oob ...
Generating problem taski ...
Warnung in randomForest.default(m, y, ...)
  The response has five or fewer unique values.  Are you sure you want to do regression?
Result:
List of 3
 $ idi   : int 5003
 $ lrn   : chr [1:3] "randomForest" "oob" ""
 $ result: Named num [1:4] 0.459 0.399 0.159 0.338
  ..- attr(*, "names")= chr [1:4] "MAE" "MEDAE" "MEDSE" "MSE"
NULL
Writing result file: /home/probst/Random_Forest/RFSplitbias/results/Splitbias-files/jobs/43/3143-result.RData
########## Executing jid=3144 ##########
Timestamp: 2016-04-28 14:49:26
Experiment: 
  Problem: taski 
  Problem parameters: idi=5003, learner=, teststat=, testtype= 
  Algorithm: forest.splitbias.oob 
  Algorithm parameters:  
  Replication: 6 
  Seed: 3144 
  Problem seed: 128 
Setting seed: 3144
Applying Algorithm forest.splitbias.oob ...
Generating problem taski ...
Warnung in randomForest.default(m, y, ...)
  The response has five or fewer unique values.  Are you sure you want to do regression?
Result:
List of 3
 $ idi   : int 5003
 $ lrn   : chr [1:3] "randomForest" "oob" ""
 $ result: Named num [1:4] 0.453 0.359 0.129 0.323
  ..- attr(*, "names")= chr [1:4] "MAE" "MEDAE" "MEDSE" "MSE"
NULL
Writing result file: /home/probst/Random_Forest/RFSplitbias/results/Splitbias-files/jobs/44/3144-result.RData
########## Executing jid=3145 ##########
Timestamp: 2016-04-28 14:49:27
Experiment: 
  Problem: taski 
  Problem parameters: idi=5003, learner=, teststat=, testtype= 
  Algorithm: forest.splitbias.oob 
  Algorithm parameters:  
  Replication: 7 
  Seed: 3145 
  Problem seed: 129 
Setting seed: 3145
Applying Algorithm forest.splitbias.oob ...
Generating problem taski ...
Warnung in randomForest.default(m, y, ...)
  The response has five or fewer unique values.  Are you sure you want to do regression?
Result:
List of 3
 $ idi   : int 5003
 $ lrn   : chr [1:3] "randomForest" "oob" ""
 $ result: Named num [1:4] 0.441 0.33 0.109 0.314
  ..- attr(*, "names")= chr [1:4] "MAE" "MEDAE" "MEDSE" "MSE"
NULL
Writing result file: /home/probst/Random_Forest/RFSplitbias/results/Splitbias-files/jobs/45/3145-result.RData
########## Executing jid=3146 ##########
Timestamp: 2016-04-28 14:49:27
Experiment: 
  Problem: taski 
  Problem parameters: idi=5003, learner=, teststat=, testtype= 
  Algorithm: forest.splitbias.oob 
  Algorithm parameters:  
  Replication: 8 
  Seed: 3146 
  Problem seed: 130 
Setting seed: 3146
Applying Algorithm forest.splitbias.oob ...
Generating problem taski ...
Warnung in randomForest.default(m, y, ...)
  The response has five or fewer unique values.  Are you sure you want to do regression?
Result:
List of 3
 $ idi   : int 5003
 $ lrn   : chr [1:3] "randomForest" "oob" ""
 $ result: Named num [1:4] 0.464 0.352 0.124 0.34
  ..- attr(*, "names")= chr [1:4] "MAE" "MEDAE" "MEDSE" "MSE"
NULL
Writing result file: /home/probst/Random_Forest/RFSplitbias/results/Splitbias-files/jobs/46/3146-result.RData
########## Executing jid=3147 ##########
Timestamp: 2016-04-28 14:49:28
Experiment: 
  Problem: taski 
  Problem parameters: idi=5003, learner=, teststat=, testtype= 
  Algorithm: forest.splitbias.oob 
  Algorithm parameters:  
  Replication: 9 
  Seed: 3147 
  Problem seed: 131 
Setting seed: 3147
Applying Algorithm forest.splitbias.oob ...
Generating problem taski ...
Warnung in randomForest.default(m, y, ...)
  The response has five or fewer unique values.  Are you sure you want to do regression?
Result:
List of 3
 $ idi   : int 5003
 $ lrn   : chr [1:3] "randomForest" "oob" ""
 $ result: Named num [1:4] 0.476 0.408 0.167 0.358
  ..- attr(*, "names")= chr [1:4] "MAE" "MEDAE" "MEDSE" "MSE"
NULL
Writing result file: /home/probst/Random_Forest/RFSplitbias/results/Splitbias-files/jobs/47/3147-result.RData
########## Executing jid=3148 ##########
Timestamp: 2016-04-28 14:49:28
Experiment: 
  Problem: taski 
  Problem parameters: idi=5003, learner=, teststat=, testtype= 
  Algorithm: forest.splitbias.oob 
  Algorithm parameters:  
  Replication: 10 
  Seed: 3148 
  Problem seed: 132 
Setting seed: 3148
Applying Algorithm forest.splitbias.oob ...
Generating problem taski ...
Warnung in randomForest.default(m, y, ...)
  The response has five or fewer unique values.  Are you sure you want to do regression?
Result:
List of 3
 $ idi   : int 5003
 $ lrn   : chr [1:3] "randomForest" "oob" ""
 $ result: Named num [1:4] 0.454 0.393 0.154 0.325
  ..- attr(*, "names")= chr [1:4] "MAE" "MEDAE" "MEDSE" "MSE"
NULL
Writing result file: /home/probst/Random_Forest/RFSplitbias/results/Splitbias-files/jobs/48/3148-result.RData
########## Executing jid=3149 ##########
Timestamp: 2016-04-28 14:49:29
Experiment: 
  Problem: taski 
  Problem parameters: idi=4985, learner=, teststat=, testtype= 
  Algorithm: forest.splitbias.oob 
  Algorithm parameters:  
  Replication: 2 
  Seed: 3149 
  Problem seed: 124 
Setting seed: 3149
Applying Algorithm forest.splitbias.oob ...
Generating problem taski ...
Result:
List of 3
 $ idi   : int 4985
 $ lrn   : chr [1:3] "randomForest" "oob" ""
 $ result: Named num [1:4] 4.68 4.58 21.02 30.42
  ..- attr(*, "names")= chr [1:4] "MAE" "MEDAE" "MEDSE" "MSE"
NULL
Writing result file: /home/probst/Random_Forest/RFSplitbias/results/Splitbias-files/jobs/49/3149-result.RData
########## Executing jid=3150 ##########
Timestamp: 2016-04-28 14:49:29
Experiment: 
  Problem: taski 
  Problem parameters: idi=4985, learner=, teststat=, testtype= 
  Algorithm: forest.splitbias.oob 
  Algorithm parameters:  
  Replication: 3 
  Seed: 3150 
  Problem seed: 125 
Setting seed: 3150
Applying Algorithm forest.splitbias.oob ...
Generating problem taski ...
Result:
List of 3
 $ idi   : int 4985
 $ lrn   : chr [1:3] "randomForest" "oob" ""
 $ result: Named num [1:4] 4.59 4.51 20.38 29.2
  ..- attr(*, "names")= chr [1:4] "MAE" "MEDAE" "MEDSE" "MSE"
NULL
Writing result file: /home/probst/Random_Forest/RFSplitbias/results/Splitbias-files/jobs/50/3150-result.RData
########## Executing jid=3151 ##########
Timestamp: 2016-04-28 14:49:30
Experiment: 
  Problem: taski 
  Problem parameters: idi=4985, learner=, teststat=, testtype= 
  Algorithm: forest.splitbias.oob 
  Algorithm parameters:  
  Replication: 4 
  Seed: 3151 
  Problem seed: 126 
Setting seed: 3151
Applying Algorithm forest.splitbias.oob ...
Generating problem taski ...
Result:
List of 3
 $ idi   : int 4985
 $ lrn   : chr [1:3] "randomForest" "oob" ""
 $ result: Named num [1:4] 4.59 4.47 19.96 29.56
  ..- attr(*, "names")= chr [1:4] "MAE" "MEDAE" "MEDSE" "MSE"
NULL
Writing result file: /home/probst/Random_Forest/RFSplitbias/results/Splitbias-files/jobs/51/3151-result.RData
########## Executing jid=3152 ##########
Timestamp: 2016-04-28 14:49:30
Experiment: 
  Problem: taski 
  Problem parameters: idi=4985, learner=, teststat=, testtype= 
  Algorithm: forest.splitbias.oob 
  Algorithm parameters:  
  Replication: 5 
  Seed: 3152 
  Problem seed: 127 
Setting seed: 3152
Applying Algorithm forest.splitbias.oob ...
Generating problem taski ...
Result:
List of 3
 $ idi   : int 4985
 $ lrn   : chr [1:3] "randomForest" "oob" ""
 $ result: Named num [1:4] 4.7 4.73 22.41 30.46
  ..- attr(*, "names")= chr [1:4] "MAE" "MEDAE" "MEDSE" "MSE"
NULL
Writing result file: /home/probst/Random_Forest/RFSplitbias/results/Splitbias-files/jobs/52/3152-result.RData
########## Executing jid=3153 ##########
Timestamp: 2016-04-28 14:49:31
Experiment: 
  Problem: taski 
  Problem parameters: idi=4985, learner=, teststat=, testtype= 
  Algorithm: forest.splitbias.oob 
  Algorithm parameters:  
  Replication: 6 
  Seed: 3153 
  Problem seed: 128 
Setting seed: 3153
Applying Algorithm forest.splitbias.oob ...
Generating problem taski ...
Result:
List of 3
 $ idi   : int 4985
 $ lrn   : chr [1:3] "randomForest" "oob" ""
 $ result: Named num [1:4] 4.57 4.49 20.21 28.91
  ..- attr(*, "names")= chr [1:4] "MAE" "MEDAE" "MEDSE" "MSE"
NULL
Writing result file: /home/probst/Random_Forest/RFSplitbias/results/Splitbias-files/jobs/53/3153-result.RData
########## Executing jid=3154 ##########
Timestamp: 2016-04-28 14:49:31
Experiment: 
  Problem: taski 
  Problem parameters: idi=4985, learner=, teststat=, testtype= 
  Algorithm: forest.splitbias.oob 
  Algorithm parameters:  
  Replication: 7 
  Seed: 3154 
  Problem seed: 129 
Setting seed: 3154
Applying Algorithm forest.splitbias.oob ...
Generating problem taski ...
Result:
List of 3
 $ idi   : int 4985
 $ lrn   : chr [1:3] "randomForest" "oob" ""
 $ result: Named num [1:4] 4.67 4.66 21.8 30.64
  ..- attr(*, "names")= chr [1:4] "MAE" "MEDAE" "MEDSE" "MSE"
NULL
Writing result file: /home/probst/Random_Forest/RFSplitbias/results/Splitbias-files/jobs/54/3154-result.RData
########## Executing jid=3155 ##########
Timestamp: 2016-04-28 14:49:32
Experiment: 
  Problem: taski 
  Problem parameters: idi=4985, learner=, teststat=, testtype= 
  Algorithm: forest.splitbias.oob 
  Algorithm parameters:  
  Replication: 8 
  Seed: 3155 
  Problem seed: 130 
Setting seed: 3155
Applying Algorithm forest.splitbias.oob ...
Generating problem taski ...
Result:
List of 3
 $ idi   : int 4985
 $ lrn   : chr [1:3] "randomForest" "oob" ""
 $ result: Named num [1:4] 4.69 4.69 21.99 30.76
  ..- attr(*, "names")= chr [1:4] "MAE" "MEDAE" "MEDSE" "MSE"
NULL
Writing result file: /home/probst/Random_Forest/RFSplitbias/results/Splitbias-files/jobs/55/3155-result.RData
########## Executing jid=3156 ##########
Timestamp: 2016-04-28 14:49:32
Experiment: 
  Problem: taski 
  Problem parameters: idi=4985, learner=, teststat=, testtype= 
  Algorithm: forest.splitbias.oob 
  Algorithm parameters:  
  Replication: 9 
  Seed: 3156 
  Problem seed: 131 
Setting seed: 3156
Applying Algorithm forest.splitbias.oob ...
Generating problem taski ...
Result:
List of 3
 $ idi   : int 4985
 $ lrn   : chr [1:3] "randomForest" "oob" ""
 $ result: Named num [1:4] 4.6 4.63 21.47 29.73
  ..- attr(*, "names")= chr [1:4] "MAE" "MEDAE" "MEDSE" "MSE"
NULL
Writing result file: /home/probst/Random_Forest/RFSplitbias/results/Splitbias-files/jobs/56/3156-result.RData
########## Executing jid=3157 ##########
Timestamp: 2016-04-28 14:49:33
Experiment: 
  Problem: taski 
  Problem parameters: idi=4985, learner=, teststat=, testtype= 
  Algorithm: forest.splitbias.oob 
  Algorithm parameters:  
  Replication: 10 
  Seed: 3157 
  Problem seed: 132 
Setting seed: 3157
Applying Algorithm forest.splitbias.oob ...
Generating problem taski ...
Result:
List of 3
 $ idi   : int 4985
 $ lrn   : chr [1:3] "randomForest" "oob" ""
 $ result: Named num [1:4] 4.7 4.48 20.07 30.47
  ..- attr(*, "names")= chr [1:4] "MAE" "MEDAE" "MEDSE" "MSE"
NULL
Writing result file: /home/probst/Random_Forest/RFSplitbias/results/Splitbias-files/jobs/57/3157-result.RData
########## Executing jid=3158 ##########
Timestamp: 2016-04-28 14:49:33
Experiment: 
  Problem: taski 
  Problem parameters: idi=4980, learner=, teststat=, testtype= 
  Algorithm: forest.splitbias.oob 
  Algorithm parameters:  
  Replication: 2 
  Seed: 3158 
  Problem seed: 124 
Setting seed: 3158
Applying Algorithm forest.splitbias.oob ...
Generating problem taski ...
Result:
List of 3
 $ idi   : int 4980
 $ lrn   : chr [1:3] "randomForest" "oob" ""
 $ result: Named num [1:4] 91 78.5 6161.7 11501.7
  ..- attr(*, "names")= chr [1:4] "MAE" "MEDAE" "MEDSE" "MSE"
NULL
Writing result file: /home/probst/Random_Forest/RFSplitbias/results/Splitbias-files/jobs/58/3158-result.RData
########## Executing jid=3159 ##########
Timestamp: 2016-04-28 14:49:34
Experiment: 
  Problem: taski 
  Problem parameters: idi=4980, learner=, teststat=, testtype= 
  Algorithm: forest.splitbias.oob 
  Algorithm parameters:  
  Replication: 3 
  Seed: 3159 
  Problem seed: 125 
Setting seed: 3159
Applying Algorithm forest.splitbias.oob ...
Generating problem taski ...
Result:
List of 3
 $ idi   : int 4980
 $ lrn   : chr [1:3] "randomForest" "oob" ""
 $ result: Named num [1:4] 88.9 76 5776.8 11232.9
  ..- attr(*, "names")= chr [1:4] "MAE" "MEDAE" "MEDSE" "MSE"
NULL
Writing result file: /home/probst/Random_Forest/RFSplitbias/results/Splitbias-files/jobs/59/3159-result.RData
########## Executing jid=3160 ##########
Timestamp: 2016-04-28 14:49:34
Experiment: 
  Problem: taski 
  Problem parameters: idi=4980, learner=, teststat=, testtype= 
  Algorithm: forest.splitbias.oob 
  Algorithm parameters:  
  Replication: 4 
  Seed: 3160 
  Problem seed: 126 
Setting seed: 3160
Applying Algorithm forest.splitbias.oob ...
Generating problem taski ...
Result:
List of 3
 $ idi   : int 4980
 $ lrn   : chr [1:3] "randomForest" "oob" ""
 $ result: Named num [1:4] 90 77.3 5989.8 11380.9
  ..- attr(*, "names")= chr [1:4] "MAE" "MEDAE" "MEDSE" "MSE"
NULL
Writing result file: /home/probst/Random_Forest/RFSplitbias/results/Splitbias-files/jobs/60/3160-result.RData
########## Executing jid=3161 ##########
Timestamp: 2016-04-28 14:49:35
Experiment: 
  Problem: taski 
  Problem parameters: idi=4980, learner=, teststat=, testtype= 
  Algorithm: forest.splitbias.oob 
  Algorithm parameters:  
  Replication: 5 
  Seed: 3161 
  Problem seed: 127 
Setting seed: 3161
Applying Algorithm forest.splitbias.oob ...
Generating problem taski ...
Result:
List of 3
 $ idi   : int 4980
 $ lrn   : chr [1:3] "randomForest" "oob" ""
 $ result: Named num [1:4] 90.3 79 6248.6 11255.5
  ..- attr(*, "names")= chr [1:4] "MAE" "MEDAE" "MEDSE" "MSE"
NULL
Writing result file: /home/probst/Random_Forest/RFSplitbias/results/Splitbias-files/jobs/61/3161-result.RData
########## Executing jid=3162 ##########
Timestamp: 2016-04-28 14:49:35
Experiment: 
  Problem: taski 
  Problem parameters: idi=4980, learner=, teststat=, testtype= 
  Algorithm: forest.splitbias.oob 
  Algorithm parameters:  
  Replication: 6 
  Seed: 3162 
  Problem seed: 128 
Setting seed: 3162
Applying Algorithm forest.splitbias.oob ...
Generating problem taski ...
Result:
List of 3
 $ idi   : int 4980
 $ lrn   : chr [1:3] "randomForest" "oob" ""
 $ result: Named num [1:4] 90.2 76.4 5840.3 11479.4
  ..- attr(*, "names")= chr [1:4] "MAE" "MEDAE" "MEDSE" "MSE"
NULL
Writing result file: /home/probst/Random_Forest/RFSplitbias/results/Splitbias-files/jobs/62/3162-result.RData
########## Executing jid=3163 ##########
Timestamp: 2016-04-28 14:49:35
Experiment: 
  Problem: taski 
  Problem parameters: idi=4980, learner=, teststat=, testtype= 
  Algorithm: forest.splitbias.oob 
  Algorithm parameters:  
  Replication: 7 
  Seed: 3163 
  Problem seed: 129 
Setting seed: 3163
Applying Algorithm forest.splitbias.oob ...
Generating problem taski ...
Result:
List of 3
 $ idi   : int 4980
 $ lrn   : chr [1:3] "randomForest" "oob" ""
 $ result: Named num [1:4] 88.4 72 5189.5 11079.3
  ..- attr(*, "names")= chr [1:4] "MAE" "MEDAE" "MEDSE" "MSE"
NULL
Writing result file: /home/probst/Random_Forest/RFSplitbias/results/Splitbias-files/jobs/63/3163-result.RData
########## Executing jid=3164 ##########
Timestamp: 2016-04-28 14:49:36
Experiment: 
  Problem: taski 
  Problem parameters: idi=4980, learner=, teststat=, testtype= 
  Algorithm: forest.splitbias.oob 
  Algorithm parameters:  
  Replication: 8 
  Seed: 3164 
  Problem seed: 130 
Setting seed: 3164
Applying Algorithm forest.splitbias.oob ...
Generating problem taski ...
Result:
List of 3
 $ idi   : int 4980
 $ lrn   : chr [1:3] "randomForest" "oob" ""
 $ result: Named num [1:4] 89 77.2 5958.4 11249.3
  ..- attr(*, "names")= chr [1:4] "MAE" "MEDAE" "MEDSE" "MSE"
NULL
Writing result file: /home/probst/Random_Forest/RFSplitbias/results/Splitbias-files/jobs/64/3164-result.RData
########## Executing jid=3165 ##########
Timestamp: 2016-04-28 14:49:36
Experiment: 
  Problem: taski 
  Problem parameters: idi=4980, learner=, teststat=, testtype= 
  Algorithm: forest.splitbias.oob 
  Algorithm parameters:  
  Replication: 9 
  Seed: 3165 
  Problem seed: 131 
Setting seed: 3165
Applying Algorithm forest.splitbias.oob ...
Generating problem taski ...
Result:
List of 3
 $ idi   : int 4980
 $ lrn   : chr [1:3] "randomForest" "oob" ""
 $ result: Named num [1:4] 88.9 77 5930 11260.3
  ..- attr(*, "names")= chr [1:4] "MAE" "MEDAE" "MEDSE" "MSE"
NULL
Writing result file: /home/probst/Random_Forest/RFSplitbias/results/Splitbias-files/jobs/65/3165-result.RData
########## Executing jid=3166 ##########
Timestamp: 2016-04-28 14:49:37
Experiment: 
  Problem: taski 
  Problem parameters: idi=4980, learner=, teststat=, testtype= 
  Algorithm: forest.splitbias.oob 
  Algorithm parameters:  
  Replication: 10 
  Seed: 3166 
  Problem seed: 132 
Setting seed: 3166
Applying Algorithm forest.splitbias.oob ...
Generating problem taski ...
Result:
List of 3
 $ idi   : int 4980
 $ lrn   : chr [1:3] "randomForest" "oob" ""
 $ result: Named num [1:4] 88.8 75.5 5701.2 11207.8
  ..- attr(*, "names")= chr [1:4] "MAE" "MEDAE" "MEDSE" "MSE"
NULL
Writing result file: /home/probst/Random_Forest/RFSplitbias/results/Splitbias-files/jobs/66/3166-result.RData
########## Executing jid=3167 ##########
Timestamp: 2016-04-28 14:49:37
Experiment: 
  Problem: taski 
  Problem parameters: idi=2284, learner=, teststat=, testtype= 
  Algorithm: forest.splitbias.oob 
  Algorithm parameters:  
  Replication: 2 
  Seed: 3167 
  Problem seed: 124 
Setting seed: 3167
Applying Algorithm forest.splitbias.oob ...
Generating problem taski ...
Result:
List of 3
 $ idi   : int 2284
 $ lrn   : chr [1:3] "randomForest" "oob" ""
 $ result: Named num [1:4] 8.19 5.17 26.73 115.98
  ..- attr(*, "names")= chr [1:4] "MAE" "MEDAE" "MEDSE" "MSE"
NULL
Writing result file: /home/probst/Random_Forest/RFSplitbias/results/Splitbias-files/jobs/67/3167-result.RData
########## Executing jid=3168 ##########
Timestamp: 2016-04-28 14:49:38
Experiment: 
  Problem: taski 
  Problem parameters: idi=2284, learner=, teststat=, testtype= 
  Algorithm: forest.splitbias.oob 
  Algorithm parameters:  
  Replication: 3 
  Seed: 3168 
  Problem seed: 125 
Setting seed: 3168
Applying Algorithm forest.splitbias.oob ...
Generating problem taski ...
Result:
List of 3
 $ idi   : int 2284
 $ lrn   : chr [1:3] "randomForest" "oob" ""
 $ result: Named num [1:4] 7.73 5.66 32.06 106.55
  ..- attr(*, "names")= chr [1:4] "MAE" "MEDAE" "MEDSE" "MSE"
NULL
Writing result file: /home/probst/Random_Forest/RFSplitbias/results/Splitbias-files/jobs/68/3168-result.RData
########## Executing jid=3169 ##########
Timestamp: 2016-04-28 14:49:38
Experiment: 
  Problem: taski 
  Problem parameters: idi=2284, learner=, teststat=, testtype= 
  Algorithm: forest.splitbias.oob 
  Algorithm parameters:  
  Replication: 4 
  Seed: 3169 
  Problem seed: 126 
Setting seed: 3169
Applying Algorithm forest.splitbias.oob ...
Generating problem taski ...
Result:
List of 3
 $ idi   : int 2284
 $ lrn   : chr [1:3] "randomForest" "oob" ""
 $ result: Named num [1:4] 7.87 5.47 29.97 107.96
  ..- attr(*, "names")= chr [1:4] "MAE" "MEDAE" "MEDSE" "MSE"
NULL
Writing result file: /home/probst/Random_Forest/RFSplitbias/results/Splitbias-files/jobs/69/3169-result.RData
########## Executing jid=3170 ##########
Timestamp: 2016-04-28 14:49:39
Experiment: 
  Problem: taski 
  Problem parameters: idi=2284, learner=, teststat=, testtype= 
  Algorithm: forest.splitbias.oob 
  Algorithm parameters:  
  Replication: 5 
  Seed: 3170 
  Problem seed: 127 
Setting seed: 3170
Applying Algorithm forest.splitbias.oob ...
Generating problem taski ...
Result:
List of 3
 $ idi   : int 2284
 $ lrn   : chr [1:3] "randomForest" "oob" ""
 $ result: Named num [1:4] 7.54 5.35 28.64 101.9
  ..- attr(*, "names")= chr [1:4] "MAE" "MEDAE" "MEDSE" "MSE"
NULL
Writing result file: /home/probst/Random_Forest/RFSplitbias/results/Splitbias-files/jobs/70/3170-result.RData
########## Executing jid=3171 ##########
Timestamp: 2016-04-28 14:49:39
Experiment: 
  Problem: taski 
  Problem parameters: idi=2284, learner=, teststat=, testtype= 
  Algorithm: forest.splitbias.oob 
  Algorithm parameters:  
  Replication: 6 
  Seed: 3171 
  Problem seed: 128 
Setting seed: 3171
Applying Algorithm forest.splitbias.oob ...
Generating problem taski ...
Result:
List of 3
 $ idi   : int 2284
 $ lrn   : chr [1:3] "randomForest" "oob" ""
 $ result: Named num [1:4] 7.84 4.94 24.63 109.94
  ..- attr(*, "names")= chr [1:4] "MAE" "MEDAE" "MEDSE" "MSE"
NULL
Writing result file: /home/probst/Random_Forest/RFSplitbias/results/Splitbias-files/jobs/71/3171-result.RData
########## Executing jid=3172 ##########
Timestamp: 2016-04-28 14:49:40
Experiment: 
  Problem: taski 
  Problem parameters: idi=2284, learner=, teststat=, testtype= 
  Algorithm: forest.splitbias.oob 
  Algorithm parameters:  
  Replication: 7 
  Seed: 3172 
  Problem seed: 129 
Setting seed: 3172
Applying Algorithm forest.splitbias.oob ...
Generating problem taski ...
Result:
List of 3
 $ idi   : int 2284
 $ lrn   : chr [1:3] "randomForest" "oob" ""
 $ result: Named num [1:4] 7.51 5.38 29.19 102.19
  ..- attr(*, "names")= chr [1:4] "MAE" "MEDAE" "MEDSE" "MSE"
NULL
Writing result file: /home/probst/Random_Forest/RFSplitbias/results/Splitbias-files/jobs/72/3172-result.RData
########## Executing jid=3173 ##########
Timestamp: 2016-04-28 14:49:40
Experiment: 
  Problem: taski 
  Problem parameters: idi=2284, learner=, teststat=, testtype= 
  Algorithm: forest.splitbias.oob 
  Algorithm parameters:  
  Replication: 8 
  Seed: 3173 
  Problem seed: 130 
Setting seed: 3173
Applying Algorithm forest.splitbias.oob ...
Generating problem taski ...
Result:
List of 3
 $ idi   : int 2284
 $ lrn   : chr [1:3] "randomForest" "oob" ""
 $ result: Named num [1:4] 7.71 4.79 23.47 103.73
  ..- attr(*, "names")= chr [1:4] "MAE" "MEDAE" "MEDSE" "MSE"
NULL
Writing result file: /home/probst/Random_Forest/RFSplitbias/results/Splitbias-files/jobs/73/3173-result.RData
########## Executing jid=3174 ##########
Timestamp: 2016-04-28 14:49:41
Experiment: 
  Problem: taski 
  Problem parameters: idi=2284, learner=, teststat=, testtype= 
  Algorithm: forest.splitbias.oob 
  Algorithm parameters:  
  Replication: 9 
  Seed: 3174 
  Problem seed: 131 
Setting seed: 3174
Applying Algorithm forest.splitbias.oob ...
Generating problem taski ...
Result:
List of 3
 $ idi   : int 2284
 $ lrn   : chr [1:3] "randomForest" "oob" ""
 $ result: Named num [1:4] 7.65 4.68 21.89 104.11
  ..- attr(*, "names")= chr [1:4] "MAE" "MEDAE" "MEDSE" "MSE"
NULL
Writing result file: /home/probst/Random_Forest/RFSplitbias/results/Splitbias-files/jobs/74/3174-result.RData
########## Executing jid=3175 ##########
Timestamp: 2016-04-28 14:49:41
Experiment: 
  Problem: taski 
  Problem parameters: idi=2284, learner=, teststat=, testtype= 
  Algorithm: forest.splitbias.oob 
  Algorithm parameters:  
  Replication: 10 
  Seed: 3175 
  Problem seed: 132 
Setting seed: 3175
Applying Algorithm forest.splitbias.oob ...
Generating problem taski ...
Result:
List of 3
 $ idi   : int 2284
 $ lrn   : chr [1:3] "randomForest" "oob" ""
 $ result: Named num [1:4] 7.96 5.5 30.27 111.27
  ..- attr(*, "names")= chr [1:4] "MAE" "MEDAE" "MEDSE" "MSE"
NULL
Writing result file: /home/probst/Random_Forest/RFSplitbias/results/Splitbias-files/jobs/75/3175-result.RData
########## Executing jid=3176 ##########
Timestamp: 2016-04-28 14:49:42
Experiment: 
  Problem: taski 
  Problem parameters: idi=5008, learner=, teststat=, testtype= 
  Algorithm: forest.splitbias.oob 
  Algorithm parameters:  
  Replication: 2 
  Seed: 3176 
  Problem seed: 124 
Setting seed: 3176
Applying Algorithm forest.splitbias.oob ...
Generating problem taski ...
Result:
List of 3
 $ idi   : int 5008
 $ lrn   : chr [1:3] "randomForest" "oob" ""
 $ result: Named num [1:4] 1.68 1.38 1.91 4.27
  ..- attr(*, "names")= chr [1:4] "MAE" "MEDAE" "MEDSE" "MSE"
NULL
Writing result file: /home/probst/Random_Forest/RFSplitbias/results/Splitbias-files/jobs/76/3176-result.RData
########## Executing jid=3177 ##########
Timestamp: 2016-04-28 14:49:42
Experiment: 
  Problem: taski 
  Problem parameters: idi=5008, learner=, teststat=, testtype= 
  Algorithm: forest.splitbias.oob 
  Algorithm parameters:  
  Replication: 3 
  Seed: 3177 
  Problem seed: 125 
Setting seed: 3177
Applying Algorithm forest.splitbias.oob ...
Generating problem taski ...
Result:
List of 3
 $ idi   : int 5008
 $ lrn   : chr [1:3] "randomForest" "oob" ""
 $ result: Named num [1:4] 1.69 1.33 1.76 4.31
  ..- attr(*, "names")= chr [1:4] "MAE" "MEDAE" "MEDSE" "MSE"
NULL
Writing result file: /home/probst/Random_Forest/RFSplitbias/results/Splitbias-files/jobs/77/3177-result.RData
########## Executing jid=3178 ##########
Timestamp: 2016-04-28 14:49:43
Experiment: 
  Problem: taski 
  Problem parameters: idi=5008, learner=, teststat=, testtype= 
  Algorithm: forest.splitbias.oob 
  Algorithm parameters:  
  Replication: 4 
  Seed: 3178 
  Problem seed: 126 
Setting seed: 3178
Applying Algorithm forest.splitbias.oob ...
Generating problem taski ...
Result:
List of 3
 $ idi   : int 5008
 $ lrn   : chr [1:3] "randomForest" "oob" ""
 $ result: Named num [1:4] 1.69 1.29 1.67 4.31
  ..- attr(*, "names")= chr [1:4] "MAE" "MEDAE" "MEDSE" "MSE"
NULL
Writing result file: /home/probst/Random_Forest/RFSplitbias/results/Splitbias-files/jobs/78/3178-result.RData
########## Executing jid=3179 ##########
Timestamp: 2016-04-28 14:49:43
Experiment: 
  Problem: taski 
  Problem parameters: idi=5008, learner=, teststat=, testtype= 
  Algorithm: forest.splitbias.oob 
  Algorithm parameters:  
  Replication: 5 
  Seed: 3179 
  Problem seed: 127 
Setting seed: 3179
Applying Algorithm forest.splitbias.oob ...
Generating problem taski ...
Result:
List of 3
 $ idi   : int 5008
 $ lrn   : chr [1:3] "randomForest" "oob" ""
 $ result: Named num [1:4] 1.69 1.37 1.88 4.35
  ..- attr(*, "names")= chr [1:4] "MAE" "MEDAE" "MEDSE" "MSE"
NULL
Writing result file: /home/probst/Random_Forest/RFSplitbias/results/Splitbias-files/jobs/79/3179-result.RData
########## Executing jid=3180 ##########
Timestamp: 2016-04-28 14:49:44
Experiment: 
  Problem: taski 
  Problem parameters: idi=5008, learner=, teststat=, testtype= 
  Algorithm: forest.splitbias.oob 
  Algorithm parameters:  
  Replication: 6 
  Seed: 3180 
  Problem seed: 128 
Setting seed: 3180
Applying Algorithm forest.splitbias.oob ...
Generating problem taski ...
Result:
List of 3
 $ idi   : int 5008
 $ lrn   : chr [1:3] "randomForest" "oob" ""
 $ result: Named num [1:4] 1.7 1.41 1.99 4.34
  ..- attr(*, "names")= chr [1:4] "MAE" "MEDAE" "MEDSE" "MSE"
NULL
Writing result file: /home/probst/Random_Forest/RFSplitbias/results/Splitbias-files/jobs/80/3180-result.RData
########## Executing jid=3181 ##########
Timestamp: 2016-04-28 14:49:44
Experiment: 
  Problem: taski 
  Problem parameters: idi=5008, learner=, teststat=, testtype= 
  Algorithm: forest.splitbias.oob 
  Algorithm parameters:  
  Replication: 7 
  Seed: 3181 
  Problem seed: 129 
Setting seed: 3181
Applying Algorithm forest.splitbias.oob ...
Generating problem taski ...
Result:
List of 3
 $ idi   : int 5008
 $ lrn   : chr [1:3] "randomForest" "oob" ""
 $ result: Named num [1:4] 1.72 1.38 1.89 4.43
  ..- attr(*, "names")= chr [1:4] "MAE" "MEDAE" "MEDSE" "MSE"
NULL
Writing result file: /home/probst/Random_Forest/RFSplitbias/results/Splitbias-files/jobs/81/3181-result.RData
########## Executing jid=3182 ##########
Timestamp: 2016-04-28 14:49:45
Experiment: 
  Problem: taski 
  Problem parameters: idi=5008, learner=, teststat=, testtype= 
  Algorithm: forest.splitbias.oob 
  Algorithm parameters:  
  Replication: 8 
  Seed: 3182 
  Problem seed: 130 
Setting seed: 3182
Applying Algorithm forest.splitbias.oob ...
Generating problem taski ...
Result:
List of 3
 $ idi   : int 5008
 $ lrn   : chr [1:3] "randomForest" "oob" ""
 $ result: Named num [1:4] 1.71 1.38 1.91 4.4
  ..- attr(*, "names")= chr [1:4] "MAE" "MEDAE" "MEDSE" "MSE"
NULL
Writing result file: /home/probst/Random_Forest/RFSplitbias/results/Splitbias-files/jobs/82/3182-result.RData
########## Executing jid=3183 ##########
Timestamp: 2016-04-28 14:49:45
Experiment: 
  Problem: taski 
  Problem parameters: idi=5008, learner=, teststat=, testtype= 
  Algorithm: forest.splitbias.oob 
  Algorithm parameters:  
  Replication: 9 
  Seed: 3183 
  Problem seed: 131 
Setting seed: 3183
Applying Algorithm forest.splitbias.oob ...
Generating problem taski ...
Result:
List of 3
 $ idi   : int 5008
 $ lrn   : chr [1:3] "randomForest" "oob" ""
 $ result: Named num [1:4] 1.69 1.37 1.87 4.32
  ..- attr(*, "names")= chr [1:4] "MAE" "MEDAE" "MEDSE" "MSE"
NULL
Writing result file: /home/probst/Random_Forest/RFSplitbias/results/Splitbias-files/jobs/83/3183-result.RData
########## Executing jid=3184 ##########
Timestamp: 2016-04-28 14:49:46
Experiment: 
  Problem: taski 
  Problem parameters: idi=5008, learner=, teststat=, testtype= 
  Algorithm: forest.splitbias.oob 
  Algorithm parameters:  
  Replication: 10 
  Seed: 3184 
  Problem seed: 132 
Setting seed: 3184
Applying Algorithm forest.splitbias.oob ...
Generating problem taski ...
Result:
List of 3
 $ idi   : int 5008
 $ lrn   : chr [1:3] "randomForest" "oob" ""
 $ result: Named num [1:4] 1.69 1.33 1.77 4.3
  ..- attr(*, "names")= chr [1:4] "MAE" "MEDAE" "MEDSE" "MSE"
NULL
Writing result file: /home/probst/Random_Forest/RFSplitbias/results/Splitbias-files/jobs/84/3184-result.RData
########## Executing jid=3185 ##########
Timestamp: 2016-04-28 14:49:46
Experiment: 
  Problem: taski 
  Problem parameters: idi=4979, learner=, teststat=, testtype= 
  Algorithm: forest.splitbias.oob 
  Algorithm parameters:  
  Replication: 2 
  Seed: 3185 
  Problem seed: 124 
Setting seed: 3185
Applying Algorithm forest.splitbias.oob ...
Generating problem taski ...
Result:
List of 3
 $ idi   : int 4979
 $ lrn   : chr [1:3] "randomForest" "oob" ""
 $ result: Named num [1:4] 19.6 13.2 173.6 951
  ..- attr(*, "names")= chr [1:4] "MAE" "MEDAE" "MEDSE" "MSE"
NULL
Writing result file: /home/probst/Random_Forest/RFSplitbias/results/Splitbias-files/jobs/85/3185-result.RData
########## Executing jid=3186 ##########
Timestamp: 2016-04-28 14:49:47
Experiment: 
  Problem: taski 
  Problem parameters: idi=4979, learner=, teststat=, testtype= 
  Algorithm: forest.splitbias.oob 
  Algorithm parameters:  
  Replication: 3 
  Seed: 3186 
  Problem seed: 125 
Setting seed: 3186
Applying Algorithm forest.splitbias.oob ...
Generating problem taski ...
Result:
List of 3
 $ idi   : int 4979
 $ lrn   : chr [1:3] "randomForest" "oob" ""
 $ result: Named num [1:4] 19.6 12.3 152.4 950.4
  ..- attr(*, "names")= chr [1:4] "MAE" "MEDAE" "MEDSE" "MSE"
NULL
Writing result file: /home/probst/Random_Forest/RFSplitbias/results/Splitbias-files/jobs/86/3186-result.RData
########## Executing jid=3187 ##########
Timestamp: 2016-04-28 14:49:47
Experiment: 
  Problem: taski 
  Problem parameters: idi=4979, learner=, teststat=, testtype= 
  Algorithm: forest.splitbias.oob 
  Algorithm parameters:  
  Replication: 4 
  Seed: 3187 
  Problem seed: 126 
Setting seed: 3187
Applying Algorithm forest.splitbias.oob ...
Generating problem taski ...
Result:
List of 3
 $ idi   : int 4979
 $ lrn   : chr [1:3] "randomForest" "oob" ""
 $ result: Named num [1:4] 19.6 13.1 172 943.8
  ..- attr(*, "names")= chr [1:4] "MAE" "MEDAE" "MEDSE" "MSE"
NULL
Writing result file: /home/probst/Random_Forest/RFSplitbias/results/Splitbias-files/jobs/87/3187-result.RData
########## Executing jid=3188 ##########
Timestamp: 2016-04-28 14:49:48
Experiment: 
  Problem: taski 
  Problem parameters: idi=4979, learner=, teststat=, testtype= 
  Algorithm: forest.splitbias.oob 
  Algorithm parameters:  
  Replication: 5 
  Seed: 3188 
  Problem seed: 127 
Setting seed: 3188
Applying Algorithm forest.splitbias.oob ...
Generating problem taski ...
Result:
List of 3
 $ idi   : int 4979
 $ lrn   : chr [1:3] "randomForest" "oob" ""
 $ result: Named num [1:4] 19.6 12.6 157.9 943.3
  ..- attr(*, "names")= chr [1:4] "MAE" "MEDAE" "MEDSE" "MSE"
NULL
Writing result file: /home/probst/Random_Forest/RFSplitbias/results/Splitbias-files/jobs/88/3188-result.RData
########## Executing jid=3189 ##########
Timestamp: 2016-04-28 14:49:48
Experiment: 
  Problem: taski 
  Problem parameters: idi=4979, learner=, teststat=, testtype= 
  Algorithm: forest.splitbias.oob 
  Algorithm parameters:  
  Replication: 6 
  Seed: 3189 
  Problem seed: 128 
Setting seed: 3189
Applying Algorithm forest.splitbias.oob ...
Generating problem taski ...
Result:
List of 3
 $ idi   : int 4979
 $ lrn   : chr [1:3] "randomForest" "oob" ""
 $ result: Named num [1:4] 19.9 13.2 175 960.8
  ..- attr(*, "names")= chr [1:4] "MAE" "MEDAE" "MEDSE" "MSE"
NULL
Writing result file: /home/probst/Random_Forest/RFSplitbias/results/Splitbias-files/jobs/89/3189-result.RData
########## Executing jid=3190 ##########
Timestamp: 2016-04-28 14:49:49
Experiment: 
  Problem: taski 
  Problem parameters: idi=4979, learner=, teststat=, testtype= 
  Algorithm: forest.splitbias.oob 
  Algorithm parameters:  
  Replication: 7 
  Seed: 3190 
  Problem seed: 129 
Setting seed: 3190
Applying Algorithm forest.splitbias.oob ...
Generating problem taski ...
Result:
List of 3
 $ idi   : int 4979
 $ lrn   : chr [1:3] "randomForest" "oob" ""
 $ result: Named num [1:4] 19.6 12.9 166.1 959
  ..- attr(*, "names")= chr [1:4] "MAE" "MEDAE" "MEDSE" "MSE"
NULL
Writing result file: /home/probst/Random_Forest/RFSplitbias/results/Splitbias-files/jobs/90/3190-result.RData
########## Executing jid=3191 ##########
Timestamp: 2016-04-28 14:49:49
Experiment: 
  Problem: taski 
  Problem parameters: idi=4979, learner=, teststat=, testtype= 
  Algorithm: forest.splitbias.oob 
  Algorithm parameters:  
  Replication: 8 
  Seed: 3191 
  Problem seed: 130 
Setting seed: 3191
Applying Algorithm forest.splitbias.oob ...
Generating problem taski ...
Result:
List of 3
 $ idi   : int 4979
 $ lrn   : chr [1:3] "randomForest" "oob" ""
 $ result: Named num [1:4] 19.6 13 169 959.4
  ..- attr(*, "names")= chr [1:4] "MAE" "MEDAE" "MEDSE" "MSE"
NULL
Writing result file: /home/probst/Random_Forest/RFSplitbias/results/Splitbias-files/jobs/91/3191-result.RData
########## Executing jid=3192 ##########
Timestamp: 2016-04-28 14:49:50
Experiment: 
  Problem: taski 
  Problem parameters: idi=4979, learner=, teststat=, testtype= 
  Algorithm: forest.splitbias.oob 
  Algorithm parameters:  
  Replication: 9 
  Seed: 3192 
  Problem seed: 131 
Setting seed: 3192
Applying Algorithm forest.splitbias.oob ...
Generating problem taski ...
Result:
List of 3
 $ idi   : int 4979
 $ lrn   : chr [1:3] "randomForest" "oob" ""
 $ result: Named num [1:4] 19.6 12.7 161.9 948
  ..- attr(*, "names")= chr [1:4] "MAE" "MEDAE" "MEDSE" "MSE"
NULL
Writing result file: /home/probst/Random_Forest/RFSplitbias/results/Splitbias-files/jobs/92/3192-result.RData
########## Executing jid=3193 ##########
Timestamp: 2016-04-28 14:49:50
Experiment: 
  Problem: taski 
  Problem parameters: idi=4979, learner=, teststat=, testtype= 
  Algorithm: forest.splitbias.oob 
  Algorithm parameters:  
  Replication: 10 
  Seed: 3193 
  Problem seed: 132 
Setting seed: 3193
Applying Algorithm forest.splitbias.oob ...
Generating problem taski ...
Result:
List of 3
 $ idi   : int 4979
 $ lrn   : chr [1:3] "randomForest" "oob" ""
 $ result: Named num [1:4] 19.6 13.4 179.5 951.5
  ..- attr(*, "names")= chr [1:4] "MAE" "MEDAE" "MEDSE" "MSE"
NULL
Writing result file: /home/probst/Random_Forest/RFSplitbias/results/Splitbias-files/jobs/93/3193-result.RData
########## Executing jid=3194 ##########
Timestamp: 2016-04-28 14:49:51
Experiment: 
  Problem: taski 
  Problem parameters: idi=4981, learner=, teststat=, testtype= 
  Algorithm: forest.splitbias.oob 
  Algorithm parameters:  
  Replication: 2 
  Seed: 3194 
  Problem seed: 124 
Setting seed: 3194
Applying Algorithm forest.splitbias.oob ...
Generating problem taski ...
Result:
List of 3
 $ idi   : int 4981
 $ lrn   : chr [1:3] "randomForest" "oob" ""
 $ result: Named num [1:4] 8.63 5.55 30.8 126.44
  ..- attr(*, "names")= chr [1:4] "MAE" "MEDAE" "MEDSE" "MSE"
NULL
Writing result file: /home/probst/Random_Forest/RFSplitbias/results/Splitbias-files/jobs/94/3194-result.RData
########## Executing jid=3195 ##########
Timestamp: 2016-04-28 14:49:51
Experiment: 
  Problem: taski 
  Problem parameters: idi=4981, learner=, teststat=, testtype= 
  Algorithm: forest.splitbias.oob 
  Algorithm parameters:  
  Replication: 3 
  Seed: 3195 
  Problem seed: 125 
Setting seed: 3195
Applying Algorithm forest.splitbias.oob ...
Generating problem taski ...
Result:
List of 3
 $ idi   : int 4981
 $ lrn   : chr [1:3] "randomForest" "oob" ""
 $ result: Named num [1:4] 8.36 5.81 33.73 120.62
  ..- attr(*, "names")= chr [1:4] "MAE" "MEDAE" "MEDSE" "MSE"
NULL
Writing result file: /home/probst/Random_Forest/RFSplitbias/results/Splitbias-files/jobs/95/3195-result.RData
########## Executing jid=3196 ##########
Timestamp: 2016-04-28 14:49:52
Experiment: 
  Problem: taski 
  Problem parameters: idi=4981, learner=, teststat=, testtype= 
  Algorithm: forest.splitbias.oob 
  Algorithm parameters:  
  Replication: 4 
  Seed: 3196 
  Problem seed: 126 
Setting seed: 3196
Applying Algorithm forest.splitbias.oob ...
Generating problem taski ...
Result:
List of 3
 $ idi   : int 4981
 $ lrn   : chr [1:3] "randomForest" "oob" ""
 $ result: Named num [1:4] 8.35 6.33 40.02 119.67
  ..- attr(*, "names")= chr [1:4] "MAE" "MEDAE" "MEDSE" "MSE"
NULL
Writing result file: /home/probst/Random_Forest/RFSplitbias/results/Splitbias-files/jobs/96/3196-result.RData
########## Executing jid=3197 ##########
Timestamp: 2016-04-28 14:49:52
Experiment: 
  Problem: taski 
  Problem parameters: idi=4981, learner=, teststat=, testtype= 
  Algorithm: forest.splitbias.oob 
  Algorithm parameters:  
  Replication: 5 
  Seed: 3197 
  Problem seed: 127 
Setting seed: 3197
Applying Algorithm forest.splitbias.oob ...
Generating problem taski ...
Result:
List of 3
 $ idi   : int 4981
 $ lrn   : chr [1:3] "randomForest" "oob" ""
 $ result: Named num [1:4] 8.47 6.1 37.19 122.99
  ..- attr(*, "names")= chr [1:4] "MAE" "MEDAE" "MEDSE" "MSE"
NULL
Writing result file: /home/probst/Random_Forest/RFSplitbias/results/Splitbias-files/jobs/97/3197-result.RData
########## Executing jid=3198 ##########
Timestamp: 2016-04-28 14:49:53
Experiment: 
  Problem: taski 
  Problem parameters: idi=4981, learner=, teststat=, testtype= 
  Algorithm: forest.splitbias.oob 
  Algorithm parameters:  
  Replication: 6 
  Seed: 3198 
  Problem seed: 128 
Setting seed: 3198
Applying Algorithm forest.splitbias.oob ...
Generating problem taski ...
Result:
List of 3
 $ idi   : int 4981
 $ lrn   : chr [1:3] "randomForest" "oob" ""
 $ result: Named num [1:4] 8.41 6.23 38.8 120.55
  ..- attr(*, "names")= chr [1:4] "MAE" "MEDAE" "MEDSE" "MSE"
NULL
Writing result file: /home/probst/Random_Forest/RFSplitbias/results/Splitbias-files/jobs/98/3198-result.RData
########## Executing jid=3199 ##########
Timestamp: 2016-04-28 14:49:53
Experiment: 
  Problem: taski 
  Problem parameters: idi=4981, learner=, teststat=, testtype= 
  Algorithm: forest.splitbias.oob 
  Algorithm parameters:  
  Replication: 7 
  Seed: 3199 
  Problem seed: 129 
Setting seed: 3199
Applying Algorithm forest.splitbias.oob ...
Generating problem taski ...
Result:
List of 3
 $ idi   : int 4981
 $ lrn   : chr [1:3] "randomForest" "oob" ""
 $ result: Named num [1:4] 8.56 5.56 30.95 128.03
  ..- attr(*, "names")= chr [1:4] "MAE" "MEDAE" "MEDSE" "MSE"
NULL
Writing result file: /home/probst/Random_Forest/RFSplitbias/results/Splitbias-files/jobs/99/3199-result.RData
########## Executing jid=3200 ##########
Timestamp: 2016-04-28 14:49:54
Experiment: 
  Problem: taski 
  Problem parameters: idi=4981, learner=, teststat=, testtype= 
  Algorithm: forest.splitbias.oob 
  Algorithm parameters:  
  Replication: 8 
  Seed: 3200 
  Problem seed: 130 
Setting seed: 3200
Applying Algorithm forest.splitbias.oob ...
Generating problem taski ...
Result:
List of 3
 $ idi   : int 4981
 $ lrn   : chr [1:3] "randomForest" "oob" ""
 $ result: Named num [1:4] 8.85 6.22 38.71 131.74
  ..- attr(*, "names")= chr [1:4] "MAE" "MEDAE" "MEDSE" "MSE"
NULL
Writing result file: /home/probst/Random_Forest/RFSplitbias/results/Splitbias-files/jobs/00/3200-result.RData
########## Executing jid=3201 ##########
Timestamp: 2016-04-28 14:49:54
Experiment: 
  Problem: taski 
  Problem parameters: idi=4981, learner=, teststat=, testtype= 
  Algorithm: forest.splitbias.oob 
  Algorithm parameters:  
  Replication: 9 
  Seed: 3201 
  Problem seed: 131 
Setting seed: 3201
Applying Algorithm forest.splitbias.oob ...
Generating problem taski ...
Result:
List of 3
 $ idi   : int 4981
 $ lrn   : chr [1:3] "randomForest" "oob" ""
 $ result: Named num [1:4] 8.35 5.64 31.76 119.22
  ..- attr(*, "names")= chr [1:4] "MAE" "MEDAE" "MEDSE" "MSE"
NULL
Writing result file: /home/probst/Random_Forest/RFSplitbias/results/Splitbias-files/jobs/01/3201-result.RData
########## Executing jid=3202 ##########
Timestamp: 2016-04-28 14:49:55
Experiment: 
  Problem: taski 
  Problem parameters: idi=4981, learner=, teststat=, testtype= 
  Algorithm: forest.splitbias.oob 
  Algorithm parameters:  
  Replication: 10 
  Seed: 3202 
  Problem seed: 132 
Setting seed: 3202
Applying Algorithm forest.splitbias.oob ...
Generating problem taski ...
Result:
List of 3
 $ idi   : int 4981
 $ lrn   : chr [1:3] "randomForest" "oob" ""
 $ result: Named num [1:4] 8.67 6.19 38.33 129.28
  ..- attr(*, "names")= chr [1:4] "MAE" "MEDAE" "MEDSE" "MSE"
NULL
Writing result file: /home/probst/Random_Forest/RFSplitbias/results/Splitbias-files/jobs/02/3202-result.RData
########## Executing jid=3203 ##########
Timestamp: 2016-04-28 14:49:55
Experiment: 
  Problem: taski 
  Problem parameters: idi=4998, learner=, teststat=, testtype= 
  Algorithm: forest.splitbias.oob 
  Algorithm parameters:  
  Replication: 2 
  Seed: 3203 
  Problem seed: 124 
Setting seed: 3203
Applying Algorithm forest.splitbias.oob ...
Generating problem taski ...
Result:
List of 3
 $ idi   : int 4998
 $ lrn   : chr [1:3] "randomForest" "oob" ""
 $ result: Named num [1:4] 8.22 6.85 46.87 103.87
  ..- attr(*, "names")= chr [1:4] "MAE" "MEDAE" "MEDSE" "MSE"
NULL
Writing result file: /home/probst/Random_Forest/RFSplitbias/results/Splitbias-files/jobs/03/3203-result.RData
2016-04-28 14:49:56: All done.
Setting work back to: /nfsmb/koll/probst/Random_Forest/RFSplitbias/results
Memory usage according to gc:
          used (Mb) gc trigger  (Mb) max used  (Mb)
Ncells 1786363 95.5    3205452 171.2  1919578 102.6
Vcells 4653142 35.6   13750151 105.0  5523481  42.2
