Loading registry: /home/probst/Random_Forest/RFSplitbias/results/Splitbias-files/registry.RData
Loading conf: 
2016-04-28 14:53:47: Starting job on node lin65.
Auto-mailer settings: start=none, done=none, error=none.
Setting work dir: /nfsmb/koll/probst/Random_Forest/RFSplitbias/results
########## Executing jid=3604 ##########
Timestamp: 2016-04-28 14:53:47
Experiment: 
  Problem: taski 
  Problem parameters: idi=2294, learner=, teststat=, testtype= 
  Algorithm: forest.splitbias.oob 
  Algorithm parameters:  
  Replication: 7 
  Seed: 3604 
  Problem seed: 129 
Setting seed: 3604
Applying Algorithm forest.splitbias.oob ...
Generating problem taski ...
Result:
List of 3
 $ idi   : int 2294
 $ lrn   : chr [1:3] "randomForest" "oob" ""
 $ result: Named num [1:4] 363 289 83356 212645
  ..- attr(*, "names")= chr [1:4] "MAE" "MEDAE" "MEDSE" "MSE"
NULL
Writing result file: /home/probst/Random_Forest/RFSplitbias/results/Splitbias-files/jobs/04/3604-result.RData
########## Executing jid=3605 ##########
Timestamp: 2016-04-28 14:53:48
Experiment: 
  Problem: taski 
  Problem parameters: idi=2294, learner=, teststat=, testtype= 
  Algorithm: forest.splitbias.oob 
  Algorithm parameters:  
  Replication: 8 
  Seed: 3605 
  Problem seed: 130 
Setting seed: 3605
Applying Algorithm forest.splitbias.oob ...
Generating problem taski ...
Result:
List of 3
 $ idi   : int 2294
 $ lrn   : chr [1:3] "randomForest" "oob" ""
 $ result: Named num [1:4] 362 287 82621 209811
  ..- attr(*, "names")= chr [1:4] "MAE" "MEDAE" "MEDSE" "MSE"
NULL
Writing result file: /home/probst/Random_Forest/RFSplitbias/results/Splitbias-files/jobs/05/3605-result.RData
########## Executing jid=3606 ##########
Timestamp: 2016-04-28 14:53:49
Experiment: 
  Problem: taski 
  Problem parameters: idi=2294, learner=, teststat=, testtype= 
  Algorithm: forest.splitbias.oob 
  Algorithm parameters:  
  Replication: 9 
  Seed: 3606 
  Problem seed: 131 
Setting seed: 3606
Applying Algorithm forest.splitbias.oob ...
Generating problem taski ...
Result:
List of 3
 $ idi   : int 2294
 $ lrn   : chr [1:3] "randomForest" "oob" ""
 $ result: Named num [1:4] 362 273 74342 209476
  ..- attr(*, "names")= chr [1:4] "MAE" "MEDAE" "MEDSE" "MSE"
NULL
Writing result file: /home/probst/Random_Forest/RFSplitbias/results/Splitbias-files/jobs/06/3606-result.RData
########## Executing jid=3607 ##########
Timestamp: 2016-04-28 14:53:49
Experiment: 
  Problem: taski 
  Problem parameters: idi=2294, learner=, teststat=, testtype= 
  Algorithm: forest.splitbias.oob 
  Algorithm parameters:  
  Replication: 10 
  Seed: 3607 
  Problem seed: 132 
Setting seed: 3607
Applying Algorithm forest.splitbias.oob ...
Generating problem taski ...
Result:
List of 3
 $ idi   : int 2294
 $ lrn   : chr [1:3] "randomForest" "oob" ""
 $ result: Named num [1:4] 363 291 84763 211605
  ..- attr(*, "names")= chr [1:4] "MAE" "MEDAE" "MEDSE" "MSE"
NULL
Writing result file: /home/probst/Random_Forest/RFSplitbias/results/Splitbias-files/jobs/07/3607-result.RData
########## Executing jid=3608 ##########
Timestamp: 2016-04-28 14:53:50
Experiment: 
  Problem: taski 
  Problem parameters: idi=4880, learner=, teststat=, testtype= 
  Algorithm: forest.splitbias.oob 
  Algorithm parameters:  
  Replication: 2 
  Seed: 3608 
  Problem seed: 124 
Setting seed: 3608
Applying Algorithm forest.splitbias.oob ...
Generating problem taski ...
Result:
List of 3
 $ idi   : int 4880
 $ lrn   : chr [1:3] "randomForest" "oob" ""
 $ result: Named num [1:4] 734 235 55165 3182135
  ..- attr(*, "names")= chr [1:4] "MAE" "MEDAE" "MEDSE" "MSE"
NULL
Writing result file: /home/probst/Random_Forest/RFSplitbias/results/Splitbias-files/jobs/08/3608-result.RData
########## Executing jid=3609 ##########
Timestamp: 2016-04-28 14:53:51
Experiment: 
  Problem: taski 
  Problem parameters: idi=4880, learner=, teststat=, testtype= 
  Algorithm: forest.splitbias.oob 
  Algorithm parameters:  
  Replication: 3 
  Seed: 3609 
  Problem seed: 125 
Setting seed: 3609
Applying Algorithm forest.splitbias.oob ...
Generating problem taski ...
Result:
List of 3
 $ idi   : int 4880
 $ lrn   : chr [1:3] "randomForest" "oob" ""
 $ result: Named num [1:4] 772 246 60402 3534083
  ..- attr(*, "names")= chr [1:4] "MAE" "MEDAE" "MEDSE" "MSE"
NULL
Writing result file: /home/probst/Random_Forest/RFSplitbias/results/Splitbias-files/jobs/09/3609-result.RData
########## Executing jid=3610 ##########
Timestamp: 2016-04-28 14:53:52
Experiment: 
  Problem: taski 
  Problem parameters: idi=4880, learner=, teststat=, testtype= 
  Algorithm: forest.splitbias.oob 
  Algorithm parameters:  
  Replication: 4 
  Seed: 3610 
  Problem seed: 126 
Setting seed: 3610
Applying Algorithm forest.splitbias.oob ...
Generating problem taski ...
Result:
List of 3
 $ idi   : int 4880
 $ lrn   : chr [1:3] "randomForest" "oob" ""
 $ result: Named num [1:4] 734 242 58376 3220148
  ..- attr(*, "names")= chr [1:4] "MAE" "MEDAE" "MEDSE" "MSE"
NULL
Writing result file: /home/probst/Random_Forest/RFSplitbias/results/Splitbias-files/jobs/10/3610-result.RData
########## Executing jid=3611 ##########
Timestamp: 2016-04-28 14:53:52
Experiment: 
  Problem: taski 
  Problem parameters: idi=4880, learner=, teststat=, testtype= 
  Algorithm: forest.splitbias.oob 
  Algorithm parameters:  
  Replication: 5 
  Seed: 3611 
  Problem seed: 127 
Setting seed: 3611
Applying Algorithm forest.splitbias.oob ...
Generating problem taski ...
Result:
List of 3
 $ idi   : int 4880
 $ lrn   : chr [1:3] "randomForest" "oob" ""
 $ result: Named num [1:4] 779 252 63456 3609696
  ..- attr(*, "names")= chr [1:4] "MAE" "MEDAE" "MEDSE" "MSE"
NULL
Writing result file: /home/probst/Random_Forest/RFSplitbias/results/Splitbias-files/jobs/11/3611-result.RData
########## Executing jid=3612 ##########
Timestamp: 2016-04-28 14:53:53
Experiment: 
  Problem: taski 
  Problem parameters: idi=4880, learner=, teststat=, testtype= 
  Algorithm: forest.splitbias.oob 
  Algorithm parameters:  
  Replication: 6 
  Seed: 3612 
  Problem seed: 128 
Setting seed: 3612
Applying Algorithm forest.splitbias.oob ...
Generating problem taski ...
Result:
List of 3
 $ idi   : int 4880
 $ lrn   : chr [1:3] "randomForest" "oob" ""
 $ result: Named num [1:4] 734 237 56156 3312773
  ..- attr(*, "names")= chr [1:4] "MAE" "MEDAE" "MEDSE" "MSE"
NULL
Writing result file: /home/probst/Random_Forest/RFSplitbias/results/Splitbias-files/jobs/12/3612-result.RData
########## Executing jid=3613 ##########
Timestamp: 2016-04-28 14:53:54
Experiment: 
  Problem: taski 
  Problem parameters: idi=4880, learner=, teststat=, testtype= 
  Algorithm: forest.splitbias.oob 
  Algorithm parameters:  
  Replication: 7 
  Seed: 3613 
  Problem seed: 129 
Setting seed: 3613
Applying Algorithm forest.splitbias.oob ...
Generating problem taski ...
Result:
List of 3
 $ idi   : int 4880
 $ lrn   : chr [1:3] "randomForest" "oob" ""
 $ result: Named num [1:4] 744 245 59853 3250317
  ..- attr(*, "names")= chr [1:4] "MAE" "MEDAE" "MEDSE" "MSE"
NULL
Writing result file: /home/probst/Random_Forest/RFSplitbias/results/Splitbias-files/jobs/13/3613-result.RData
########## Executing jid=3614 ##########
Timestamp: 2016-04-28 14:53:55
Experiment: 
  Problem: taski 
  Problem parameters: idi=4880, learner=, teststat=, testtype= 
  Algorithm: forest.splitbias.oob 
  Algorithm parameters:  
  Replication: 8 
  Seed: 3614 
  Problem seed: 130 
Setting seed: 3614
Applying Algorithm forest.splitbias.oob ...
Generating problem taski ...
Result:
List of 3
 $ idi   : int 4880
 $ lrn   : chr [1:3] "randomForest" "oob" ""
 $ result: Named num [1:4] 764 244 59723 3549850
  ..- attr(*, "names")= chr [1:4] "MAE" "MEDAE" "MEDSE" "MSE"
NULL
Writing result file: /home/probst/Random_Forest/RFSplitbias/results/Splitbias-files/jobs/14/3614-result.RData
########## Executing jid=3615 ##########
Timestamp: 2016-04-28 14:53:56
Experiment: 
  Problem: taski 
  Problem parameters: idi=4880, learner=, teststat=, testtype= 
  Algorithm: forest.splitbias.oob 
  Algorithm parameters:  
  Replication: 9 
  Seed: 3615 
  Problem seed: 131 
Setting seed: 3615
Applying Algorithm forest.splitbias.oob ...
Generating problem taski ...
Result:
List of 3
 $ idi   : int 4880
 $ lrn   : chr [1:3] "randomForest" "oob" ""
 $ result: Named num [1:4] 729 244 59710 3169700
  ..- attr(*, "names")= chr [1:4] "MAE" "MEDAE" "MEDSE" "MSE"
NULL
Writing result file: /home/probst/Random_Forest/RFSplitbias/results/Splitbias-files/jobs/15/3615-result.RData
########## Executing jid=3616 ##########
Timestamp: 2016-04-28 14:53:56
Experiment: 
  Problem: taski 
  Problem parameters: idi=4880, learner=, teststat=, testtype= 
  Algorithm: forest.splitbias.oob 
  Algorithm parameters:  
  Replication: 10 
  Seed: 3616 
  Problem seed: 132 
Setting seed: 3616
Applying Algorithm forest.splitbias.oob ...
Generating problem taski ...
Result:
List of 3
 $ idi   : int 4880
 $ lrn   : chr [1:3] "randomForest" "oob" ""
 $ result: Named num [1:4] 751 243 58955 3340168
  ..- attr(*, "names")= chr [1:4] "MAE" "MEDAE" "MEDSE" "MSE"
NULL
Writing result file: /home/probst/Random_Forest/RFSplitbias/results/Splitbias-files/jobs/16/3616-result.RData
########## Executing jid=3617 ##########
Timestamp: 2016-04-28 14:53:57
Experiment: 
  Problem: taski 
  Problem parameters: idi=4879, learner=, teststat=, testtype= 
  Algorithm: forest.splitbias.oob 
  Algorithm parameters:  
  Replication: 2 
  Seed: 3617 
  Problem seed: 124 
Setting seed: 3617
Applying Algorithm forest.splitbias.oob ...
Generating problem taski ...
Result:
List of 3
 $ idi   : int 4879
 $ lrn   : chr [1:3] "randomForest" "oob" ""
 $ result: Named num [1:4] 693 205 42199 2930030
  ..- attr(*, "names")= chr [1:4] "MAE" "MEDAE" "MEDSE" "MSE"
NULL
Writing result file: /home/probst/Random_Forest/RFSplitbias/results/Splitbias-files/jobs/17/3617-result.RData
########## Executing jid=3618 ##########
Timestamp: 2016-04-28 14:53:58
Experiment: 
  Problem: taski 
  Problem parameters: idi=4879, learner=, teststat=, testtype= 
  Algorithm: forest.splitbias.oob 
  Algorithm parameters:  
  Replication: 3 
  Seed: 3618 
  Problem seed: 125 
Setting seed: 3618
Applying Algorithm forest.splitbias.oob ...
Generating problem taski ...
Result:
List of 3
 $ idi   : int 4879
 $ lrn   : chr [1:3] "randomForest" "oob" ""
 $ result: Named num [1:4] 723 211 44702 3188458
  ..- attr(*, "names")= chr [1:4] "MAE" "MEDAE" "MEDSE" "MSE"
NULL
Writing result file: /home/probst/Random_Forest/RFSplitbias/results/Splitbias-files/jobs/18/3618-result.RData
########## Executing jid=3619 ##########
Timestamp: 2016-04-28 14:53:59
Experiment: 
  Problem: taski 
  Problem parameters: idi=4879, learner=, teststat=, testtype= 
  Algorithm: forest.splitbias.oob 
  Algorithm parameters:  
  Replication: 4 
  Seed: 3619 
  Problem seed: 126 
Setting seed: 3619
Applying Algorithm forest.splitbias.oob ...
Generating problem taski ...
Result:
List of 3
 $ idi   : int 4879
 $ lrn   : chr [1:3] "randomForest" "oob" ""
 $ result: Named num [1:4] 711 203 41153 3161410
  ..- attr(*, "names")= chr [1:4] "MAE" "MEDAE" "MEDSE" "MSE"
NULL
Writing result file: /home/probst/Random_Forest/RFSplitbias/results/Splitbias-files/jobs/19/3619-result.RData
########## Executing jid=3620 ##########
Timestamp: 2016-04-28 14:54:00
Experiment: 
  Problem: taski 
  Problem parameters: idi=4879, learner=, teststat=, testtype= 
  Algorithm: forest.splitbias.oob 
  Algorithm parameters:  
  Replication: 5 
  Seed: 3620 
  Problem seed: 127 
Setting seed: 3620
Applying Algorithm forest.splitbias.oob ...
Generating problem taski ...
Result:
List of 3
 $ idi   : int 4879
 $ lrn   : chr [1:3] "randomForest" "oob" ""
 $ result: Named num [1:4] 713 201 40381 3162100
  ..- attr(*, "names")= chr [1:4] "MAE" "MEDAE" "MEDSE" "MSE"
NULL
Writing result file: /home/probst/Random_Forest/RFSplitbias/results/Splitbias-files/jobs/20/3620-result.RData
########## Executing jid=3621 ##########
Timestamp: 2016-04-28 14:54:00
Experiment: 
  Problem: taski 
  Problem parameters: idi=4879, learner=, teststat=, testtype= 
  Algorithm: forest.splitbias.oob 
  Algorithm parameters:  
  Replication: 6 
  Seed: 3621 
  Problem seed: 128 
Setting seed: 3621
Applying Algorithm forest.splitbias.oob ...
Generating problem taski ...
Result:
List of 3
 $ idi   : int 4879
 $ lrn   : chr [1:3] "randomForest" "oob" ""
 $ result: Named num [1:4] 705 199 39430 3088872
  ..- attr(*, "names")= chr [1:4] "MAE" "MEDAE" "MEDSE" "MSE"
NULL
Writing result file: /home/probst/Random_Forest/RFSplitbias/results/Splitbias-files/jobs/21/3621-result.RData
########## Executing jid=3622 ##########
Timestamp: 2016-04-28 14:54:01
Experiment: 
  Problem: taski 
  Problem parameters: idi=4879, learner=, teststat=, testtype= 
  Algorithm: forest.splitbias.oob 
  Algorithm parameters:  
  Replication: 7 
  Seed: 3622 
  Problem seed: 129 
Setting seed: 3622
Applying Algorithm forest.splitbias.oob ...
Generating problem taski ...
Result:
List of 3
 $ idi   : int 4879
 $ lrn   : chr [1:3] "randomForest" "oob" ""
 $ result: Named num [1:4] 719 202 41001 3222051
  ..- attr(*, "names")= chr [1:4] "MAE" "MEDAE" "MEDSE" "MSE"
NULL
Writing result file: /home/probst/Random_Forest/RFSplitbias/results/Splitbias-files/jobs/22/3622-result.RData
########## Executing jid=3623 ##########
Timestamp: 2016-04-28 14:54:02
Experiment: 
  Problem: taski 
  Problem parameters: idi=4879, learner=, teststat=, testtype= 
  Algorithm: forest.splitbias.oob 
  Algorithm parameters:  
  Replication: 8 
  Seed: 3623 
  Problem seed: 130 
Setting seed: 3623
Applying Algorithm forest.splitbias.oob ...
Generating problem taski ...
Result:
List of 3
 $ idi   : int 4879
 $ lrn   : chr [1:3] "randomForest" "oob" ""
 $ result: Named num [1:4] 735 205 42131 3317307
  ..- attr(*, "names")= chr [1:4] "MAE" "MEDAE" "MEDSE" "MSE"
NULL
Writing result file: /home/probst/Random_Forest/RFSplitbias/results/Splitbias-files/jobs/23/3623-result.RData
########## Executing jid=3624 ##########
Timestamp: 2016-04-28 14:54:03
Experiment: 
  Problem: taski 
  Problem parameters: idi=4879, learner=, teststat=, testtype= 
  Algorithm: forest.splitbias.oob 
  Algorithm parameters:  
  Replication: 9 
  Seed: 3624 
  Problem seed: 131 
Setting seed: 3624
Applying Algorithm forest.splitbias.oob ...
Generating problem taski ...
Result:
List of 3
 $ idi   : int 4879
 $ lrn   : chr [1:3] "randomForest" "oob" ""
 $ result: Named num [1:4] 731 204 41807 3373399
  ..- attr(*, "names")= chr [1:4] "MAE" "MEDAE" "MEDSE" "MSE"
NULL
Writing result file: /home/probst/Random_Forest/RFSplitbias/results/Splitbias-files/jobs/24/3624-result.RData
########## Executing jid=3625 ##########
Timestamp: 2016-04-28 14:54:04
Experiment: 
  Problem: taski 
  Problem parameters: idi=4879, learner=, teststat=, testtype= 
  Algorithm: forest.splitbias.oob 
  Algorithm parameters:  
  Replication: 10 
  Seed: 3625 
  Problem seed: 132 
Setting seed: 3625
Applying Algorithm forest.splitbias.oob ...
Generating problem taski ...
Result:
List of 3
 $ idi   : int 4879
 $ lrn   : chr [1:3] "randomForest" "oob" ""
 $ result: Named num [1:4] 709 204 41726 3059136
  ..- attr(*, "names")= chr [1:4] "MAE" "MEDAE" "MEDSE" "MSE"
NULL
Writing result file: /home/probst/Random_Forest/RFSplitbias/results/Splitbias-files/jobs/25/3625-result.RData
########## Executing jid=3626 ##########
Timestamp: 2016-04-28 14:54:05
Experiment: 
  Problem: taski 
  Problem parameters: idi=4825, learner=, teststat=, testtype= 
  Algorithm: forest.splitbias.oob 
  Algorithm parameters:  
  Replication: 2 
  Seed: 3626 
  Problem seed: 124 
Setting seed: 3626
Applying Algorithm forest.splitbias.oob ...
Generating problem taski ...
Result:
List of 3
 $ idi   : int 4825
 $ lrn   : chr [1:3] "randomForest" "oob" ""
 $ result: Named num [1:4] 3.45 2.84 8.04 26.84
  ..- attr(*, "names")= chr [1:4] "MAE" "MEDAE" "MEDSE" "MSE"
NULL
Writing result file: /home/probst/Random_Forest/RFSplitbias/results/Splitbias-files/jobs/26/3626-result.RData
########## Executing jid=3627 ##########
Timestamp: 2016-04-28 14:54:05
Experiment: 
  Problem: taski 
  Problem parameters: idi=4825, learner=, teststat=, testtype= 
  Algorithm: forest.splitbias.oob 
  Algorithm parameters:  
  Replication: 3 
  Seed: 3627 
  Problem seed: 125 
Setting seed: 3627
Applying Algorithm forest.splitbias.oob ...
Generating problem taski ...
Result:
List of 3
 $ idi   : int 4825
 $ lrn   : chr [1:3] "randomForest" "oob" ""
 $ result: Named num [1:4] 3.45 2.83 8.03 26.67
  ..- attr(*, "names")= chr [1:4] "MAE" "MEDAE" "MEDSE" "MSE"
NULL
Writing result file: /home/probst/Random_Forest/RFSplitbias/results/Splitbias-files/jobs/27/3627-result.RData
########## Executing jid=3628 ##########
Timestamp: 2016-04-28 14:54:06
Experiment: 
  Problem: taski 
  Problem parameters: idi=4825, learner=, teststat=, testtype= 
  Algorithm: forest.splitbias.oob 
  Algorithm parameters:  
  Replication: 4 
  Seed: 3628 
  Problem seed: 126 
Setting seed: 3628
Applying Algorithm forest.splitbias.oob ...
Generating problem taski ...
Result:
List of 3
 $ idi   : int 4825
 $ lrn   : chr [1:3] "randomForest" "oob" ""
 $ result: Named num [1:4] 3.44 2.8 7.86 26.62
  ..- attr(*, "names")= chr [1:4] "MAE" "MEDAE" "MEDSE" "MSE"
NULL
Writing result file: /home/probst/Random_Forest/RFSplitbias/results/Splitbias-files/jobs/28/3628-result.RData
########## Executing jid=3629 ##########
Timestamp: 2016-04-28 14:54:06
Experiment: 
  Problem: taski 
  Problem parameters: idi=4825, learner=, teststat=, testtype= 
  Algorithm: forest.splitbias.oob 
  Algorithm parameters:  
  Replication: 5 
  Seed: 3629 
  Problem seed: 127 
Setting seed: 3629
Applying Algorithm forest.splitbias.oob ...
Generating problem taski ...
Result:
List of 3
 $ idi   : int 4825
 $ lrn   : chr [1:3] "randomForest" "oob" ""
 $ result: Named num [1:4] 3.48 2.89 8.38 27.1
  ..- attr(*, "names")= chr [1:4] "MAE" "MEDAE" "MEDSE" "MSE"
NULL
Writing result file: /home/probst/Random_Forest/RFSplitbias/results/Splitbias-files/jobs/29/3629-result.RData
########## Executing jid=3630 ##########
Timestamp: 2016-04-28 14:54:07
Experiment: 
  Problem: taski 
  Problem parameters: idi=4825, learner=, teststat=, testtype= 
  Algorithm: forest.splitbias.oob 
  Algorithm parameters:  
  Replication: 6 
  Seed: 3630 
  Problem seed: 128 
Setting seed: 3630
Applying Algorithm forest.splitbias.oob ...
Generating problem taski ...
Result:
List of 3
 $ idi   : int 4825
 $ lrn   : chr [1:3] "randomForest" "oob" ""
 $ result: Named num [1:4] 3.49 2.9 8.41 27.19
  ..- attr(*, "names")= chr [1:4] "MAE" "MEDAE" "MEDSE" "MSE"
NULL
Writing result file: /home/probst/Random_Forest/RFSplitbias/results/Splitbias-files/jobs/30/3630-result.RData
########## Executing jid=3631 ##########
Timestamp: 2016-04-28 14:54:08
Experiment: 
  Problem: taski 
  Problem parameters: idi=4825, learner=, teststat=, testtype= 
  Algorithm: forest.splitbias.oob 
  Algorithm parameters:  
  Replication: 7 
  Seed: 3631 
  Problem seed: 129 
Setting seed: 3631
Applying Algorithm forest.splitbias.oob ...
Generating problem taski ...
Result:
List of 3
 $ idi   : int 4825
 $ lrn   : chr [1:3] "randomForest" "oob" ""
 $ result: Named num [1:4] 3.49 2.88 8.32 27.27
  ..- attr(*, "names")= chr [1:4] "MAE" "MEDAE" "MEDSE" "MSE"
NULL
Writing result file: /home/probst/Random_Forest/RFSplitbias/results/Splitbias-files/jobs/31/3631-result.RData
########## Executing jid=3632 ##########
Timestamp: 2016-04-28 14:54:08
Experiment: 
  Problem: taski 
  Problem parameters: idi=4825, learner=, teststat=, testtype= 
  Algorithm: forest.splitbias.oob 
  Algorithm parameters:  
  Replication: 8 
  Seed: 3632 
  Problem seed: 130 
Setting seed: 3632
Applying Algorithm forest.splitbias.oob ...
Generating problem taski ...
Result:
List of 3
 $ idi   : int 4825
 $ lrn   : chr [1:3] "randomForest" "oob" ""
 $ result: Named num [1:4] 3.47 2.86 8.17 26.91
  ..- attr(*, "names")= chr [1:4] "MAE" "MEDAE" "MEDSE" "MSE"
NULL
Writing result file: /home/probst/Random_Forest/RFSplitbias/results/Splitbias-files/jobs/32/3632-result.RData
########## Executing jid=3633 ##########
Timestamp: 2016-04-28 14:54:09
Experiment: 
  Problem: taski 
  Problem parameters: idi=4825, learner=, teststat=, testtype= 
  Algorithm: forest.splitbias.oob 
  Algorithm parameters:  
  Replication: 9 
  Seed: 3633 
  Problem seed: 131 
Setting seed: 3633
Applying Algorithm forest.splitbias.oob ...
Generating problem taski ...
Result:
List of 3
 $ idi   : int 4825
 $ lrn   : chr [1:3] "randomForest" "oob" ""
 $ result: Named num [1:4] 3.4 2.74 7.51 26.16
  ..- attr(*, "names")= chr [1:4] "MAE" "MEDAE" "MEDSE" "MSE"
NULL
Writing result file: /home/probst/Random_Forest/RFSplitbias/results/Splitbias-files/jobs/33/3633-result.RData
########## Executing jid=3634 ##########
Timestamp: 2016-04-28 14:54:10
Experiment: 
  Problem: taski 
  Problem parameters: idi=4825, learner=, teststat=, testtype= 
  Algorithm: forest.splitbias.oob 
  Algorithm parameters:  
  Replication: 10 
  Seed: 3634 
  Problem seed: 132 
Setting seed: 3634
Applying Algorithm forest.splitbias.oob ...
Generating problem taski ...
Result:
List of 3
 $ idi   : int 4825
 $ lrn   : chr [1:3] "randomForest" "oob" ""
 $ result: Named num [1:4] 3.46 2.86 8.2 26.74
  ..- attr(*, "names")= chr [1:4] "MAE" "MEDAE" "MEDSE" "MSE"
NULL
Writing result file: /home/probst/Random_Forest/RFSplitbias/results/Splitbias-files/jobs/34/3634-result.RData
########## Executing jid=3635 ##########
Timestamp: 2016-04-28 14:54:10
Experiment: 
  Problem: taski 
  Problem parameters: idi=2308, learner=, teststat=, testtype= 
  Algorithm: forest.splitbias.oob 
  Algorithm parameters:  
  Replication: 2 
  Seed: 3635 
  Problem seed: 124 
Setting seed: 3635
Applying Algorithm forest.splitbias.oob ...
Generating problem taski ...
Result:
List of 3
 $ idi   : int 2308
 $ lrn   : chr [1:3] "randomForest" "oob" ""
 $ result: Named num [1:4] 0.05199 0.03654 0.00134 0.00902
  ..- attr(*, "names")= chr [1:4] "MAE" "MEDAE" "MEDSE" "MSE"
NULL
Writing result file: /home/probst/Random_Forest/RFSplitbias/results/Splitbias-files/jobs/35/3635-result.RData
########## Executing jid=3636 ##########
Timestamp: 2016-04-28 14:54:11
Experiment: 
  Problem: taski 
  Problem parameters: idi=2308, learner=, teststat=, testtype= 
  Algorithm: forest.splitbias.oob 
  Algorithm parameters:  
  Replication: 3 
  Seed: 3636 
  Problem seed: 125 
Setting seed: 3636
Applying Algorithm forest.splitbias.oob ...
Generating problem taski ...
Result:
List of 3
 $ idi   : int 2308
 $ lrn   : chr [1:3] "randomForest" "oob" ""
 $ result: Named num [1:4] 0.05209 0.03427 0.00117 0.00906
  ..- attr(*, "names")= chr [1:4] "MAE" "MEDAE" "MEDSE" "MSE"
NULL
Writing result file: /home/probst/Random_Forest/RFSplitbias/results/Splitbias-files/jobs/36/3636-result.RData
########## Executing jid=3637 ##########
Timestamp: 2016-04-28 14:54:11
Experiment: 
  Problem: taski 
  Problem parameters: idi=2308, learner=, teststat=, testtype= 
  Algorithm: forest.splitbias.oob 
  Algorithm parameters:  
  Replication: 4 
  Seed: 3637 
  Problem seed: 126 
Setting seed: 3637
Applying Algorithm forest.splitbias.oob ...
Generating problem taski ...
Result:
List of 3
 $ idi   : int 2308
 $ lrn   : chr [1:3] "randomForest" "oob" ""
 $ result: Named num [1:4] 0.05272 0.03672 0.00135 0.00934
  ..- attr(*, "names")= chr [1:4] "MAE" "MEDAE" "MEDSE" "MSE"
NULL
Writing result file: /home/probst/Random_Forest/RFSplitbias/results/Splitbias-files/jobs/37/3637-result.RData
########## Executing jid=3638 ##########
Timestamp: 2016-04-28 14:54:12
Experiment: 
  Problem: taski 
  Problem parameters: idi=2308, learner=, teststat=, testtype= 
  Algorithm: forest.splitbias.oob 
  Algorithm parameters:  
  Replication: 5 
  Seed: 3638 
  Problem seed: 127 
Setting seed: 3638
Applying Algorithm forest.splitbias.oob ...
Generating problem taski ...
Result:
List of 3
 $ idi   : int 2308
 $ lrn   : chr [1:3] "randomForest" "oob" ""
 $ result: Named num [1:4] 0.05238 0.03525 0.00124 0.00918
  ..- attr(*, "names")= chr [1:4] "MAE" "MEDAE" "MEDSE" "MSE"
NULL
Writing result file: /home/probst/Random_Forest/RFSplitbias/results/Splitbias-files/jobs/38/3638-result.RData
########## Executing jid=3639 ##########
Timestamp: 2016-04-28 14:54:13
Experiment: 
  Problem: taski 
  Problem parameters: idi=2308, learner=, teststat=, testtype= 
  Algorithm: forest.splitbias.oob 
  Algorithm parameters:  
  Replication: 6 
  Seed: 3639 
  Problem seed: 128 
Setting seed: 3639
Applying Algorithm forest.splitbias.oob ...
Generating problem taski ...
Result:
List of 3
 $ idi   : int 2308
 $ lrn   : chr [1:3] "randomForest" "oob" ""
 $ result: Named num [1:4] 0.05238 0.03412 0.00116 0.00928
  ..- attr(*, "names")= chr [1:4] "MAE" "MEDAE" "MEDSE" "MSE"
NULL
Writing result file: /home/probst/Random_Forest/RFSplitbias/results/Splitbias-files/jobs/39/3639-result.RData
########## Executing jid=3640 ##########
Timestamp: 2016-04-28 14:54:13
Experiment: 
  Problem: taski 
  Problem parameters: idi=2308, learner=, teststat=, testtype= 
  Algorithm: forest.splitbias.oob 
  Algorithm parameters:  
  Replication: 7 
  Seed: 3640 
  Problem seed: 129 
Setting seed: 3640
Applying Algorithm forest.splitbias.oob ...
Generating problem taski ...
Result:
List of 3
 $ idi   : int 2308
 $ lrn   : chr [1:3] "randomForest" "oob" ""
 $ result: Named num [1:4] 0.0526 0.03538 0.00125 0.00899
  ..- attr(*, "names")= chr [1:4] "MAE" "MEDAE" "MEDSE" "MSE"
NULL
Writing result file: /home/probst/Random_Forest/RFSplitbias/results/Splitbias-files/jobs/40/3640-result.RData
########## Executing jid=3641 ##########
Timestamp: 2016-04-28 14:54:14
Experiment: 
  Problem: taski 
  Problem parameters: idi=2308, learner=, teststat=, testtype= 
  Algorithm: forest.splitbias.oob 
  Algorithm parameters:  
  Replication: 8 
  Seed: 3641 
  Problem seed: 130 
Setting seed: 3641
Applying Algorithm forest.splitbias.oob ...
Generating problem taski ...
Result:
List of 3
 $ idi   : int 2308
 $ lrn   : chr [1:3] "randomForest" "oob" ""
 $ result: Named num [1:4] 0.05247 0.03552 0.00126 0.00929
  ..- attr(*, "names")= chr [1:4] "MAE" "MEDAE" "MEDSE" "MSE"
NULL
Writing result file: /home/probst/Random_Forest/RFSplitbias/results/Splitbias-files/jobs/41/3641-result.RData
########## Executing jid=3642 ##########
Timestamp: 2016-04-28 14:54:14
Experiment: 
  Problem: taski 
  Problem parameters: idi=2308, learner=, teststat=, testtype= 
  Algorithm: forest.splitbias.oob 
  Algorithm parameters:  
  Replication: 9 
  Seed: 3642 
  Problem seed: 131 
Setting seed: 3642
Applying Algorithm forest.splitbias.oob ...
Generating problem taski ...
Result:
List of 3
 $ idi   : int 2308
 $ lrn   : chr [1:3] "randomForest" "oob" ""
 $ result: Named num [1:4] 0.05305 0.03597 0.00129 0.0093
  ..- attr(*, "names")= chr [1:4] "MAE" "MEDAE" "MEDSE" "MSE"
NULL
Writing result file: /home/probst/Random_Forest/RFSplitbias/results/Splitbias-files/jobs/42/3642-result.RData
########## Executing jid=3643 ##########
Timestamp: 2016-04-28 14:54:15
Experiment: 
  Problem: taski 
  Problem parameters: idi=2308, learner=, teststat=, testtype= 
  Algorithm: forest.splitbias.oob 
  Algorithm parameters:  
  Replication: 10 
  Seed: 3643 
  Problem seed: 132 
Setting seed: 3643
Applying Algorithm forest.splitbias.oob ...
Generating problem taski ...
Result:
List of 3
 $ idi   : int 2308
 $ lrn   : chr [1:3] "randomForest" "oob" ""
 $ result: Named num [1:4] 0.05207 0.03603 0.0013 0.00907
  ..- attr(*, "names")= chr [1:4] "MAE" "MEDAE" "MEDSE" "MSE"
NULL
Writing result file: /home/probst/Random_Forest/RFSplitbias/results/Splitbias-files/jobs/43/3643-result.RData
########## Executing jid=3644 ##########
Timestamp: 2016-04-28 14:54:15
Experiment: 
  Problem: taski 
  Problem parameters: idi=2317, learner=, teststat=, testtype= 
  Algorithm: forest.splitbias.oob 
  Algorithm parameters:  
  Replication: 2 
  Seed: 3644 
  Problem seed: 124 
Setting seed: 3644
Applying Algorithm forest.splitbias.oob ...
Generating problem taski ...
Result:
List of 3
 $ idi   : int 2317
 $ lrn   : chr [1:3] "randomForest" "oob" ""
 $ result: Named num [1:4] 1.63 1.24 1.53 4.46
  ..- attr(*, "names")= chr [1:4] "MAE" "MEDAE" "MEDSE" "MSE"
NULL
Writing result file: /home/probst/Random_Forest/RFSplitbias/results/Splitbias-files/jobs/44/3644-result.RData
########## Executing jid=3645 ##########
Timestamp: 2016-04-28 14:54:16
Experiment: 
  Problem: taski 
  Problem parameters: idi=2317, learner=, teststat=, testtype= 
  Algorithm: forest.splitbias.oob 
  Algorithm parameters:  
  Replication: 3 
  Seed: 3645 
  Problem seed: 125 
Setting seed: 3645
Applying Algorithm forest.splitbias.oob ...
Generating problem taski ...
Result:
List of 3
 $ idi   : int 2317
 $ lrn   : chr [1:3] "randomForest" "oob" ""
 $ result: Named num [1:4] 1.62 1.19 1.42 4.43
  ..- attr(*, "names")= chr [1:4] "MAE" "MEDAE" "MEDSE" "MSE"
NULL
Writing result file: /home/probst/Random_Forest/RFSplitbias/results/Splitbias-files/jobs/45/3645-result.RData
########## Executing jid=3646 ##########
Timestamp: 2016-04-28 14:54:17
Experiment: 
  Problem: taski 
  Problem parameters: idi=2317, learner=, teststat=, testtype= 
  Algorithm: forest.splitbias.oob 
  Algorithm parameters:  
  Replication: 4 
  Seed: 3646 
  Problem seed: 126 
Setting seed: 3646
Applying Algorithm forest.splitbias.oob ...
Generating problem taski ...
Result:
List of 3
 $ idi   : int 2317
 $ lrn   : chr [1:3] "randomForest" "oob" ""
 $ result: Named num [1:4] 1.62 1.17 1.36 4.39
  ..- attr(*, "names")= chr [1:4] "MAE" "MEDAE" "MEDSE" "MSE"
NULL
Writing result file: /home/probst/Random_Forest/RFSplitbias/results/Splitbias-files/jobs/46/3646-result.RData
########## Executing jid=3647 ##########
Timestamp: 2016-04-28 14:54:17
Experiment: 
  Problem: taski 
  Problem parameters: idi=2317, learner=, teststat=, testtype= 
  Algorithm: forest.splitbias.oob 
  Algorithm parameters:  
  Replication: 5 
  Seed: 3647 
  Problem seed: 127 
Setting seed: 3647
Applying Algorithm forest.splitbias.oob ...
Generating problem taski ...
Result:
List of 3
 $ idi   : int 2317
 $ lrn   : chr [1:3] "randomForest" "oob" ""
 $ result: Named num [1:4] 1.61 1.2 1.43 4.3
  ..- attr(*, "names")= chr [1:4] "MAE" "MEDAE" "MEDSE" "MSE"
NULL
Writing result file: /home/probst/Random_Forest/RFSplitbias/results/Splitbias-files/jobs/47/3647-result.RData
########## Executing jid=3648 ##########
Timestamp: 2016-04-28 14:54:18
Experiment: 
  Problem: taski 
  Problem parameters: idi=2317, learner=, teststat=, testtype= 
  Algorithm: forest.splitbias.oob 
  Algorithm parameters:  
  Replication: 6 
  Seed: 3648 
  Problem seed: 128 
Setting seed: 3648
Applying Algorithm forest.splitbias.oob ...
Generating problem taski ...
Result:
List of 3
 $ idi   : int 2317
 $ lrn   : chr [1:3] "randomForest" "oob" ""
 $ result: Named num [1:4] 1.62 1.19 1.42 4.43
  ..- attr(*, "names")= chr [1:4] "MAE" "MEDAE" "MEDSE" "MSE"
NULL
Writing result file: /home/probst/Random_Forest/RFSplitbias/results/Splitbias-files/jobs/48/3648-result.RData
########## Executing jid=3649 ##########
Timestamp: 2016-04-28 14:54:19
Experiment: 
  Problem: taski 
  Problem parameters: idi=2317, learner=, teststat=, testtype= 
  Algorithm: forest.splitbias.oob 
  Algorithm parameters:  
  Replication: 7 
  Seed: 3649 
  Problem seed: 129 
Setting seed: 3649
Applying Algorithm forest.splitbias.oob ...
Generating problem taski ...
Result:
List of 3
 $ idi   : int 2317
 $ lrn   : chr [1:3] "randomForest" "oob" ""
 $ result: Named num [1:4] 1.62 1.21 1.47 4.37
  ..- attr(*, "names")= chr [1:4] "MAE" "MEDAE" "MEDSE" "MSE"
NULL
Writing result file: /home/probst/Random_Forest/RFSplitbias/results/Splitbias-files/jobs/49/3649-result.RData
########## Executing jid=3650 ##########
Timestamp: 2016-04-28 14:54:19
Experiment: 
  Problem: taski 
  Problem parameters: idi=2317, learner=, teststat=, testtype= 
  Algorithm: forest.splitbias.oob 
  Algorithm parameters:  
  Replication: 8 
  Seed: 3650 
  Problem seed: 130 
Setting seed: 3650
Applying Algorithm forest.splitbias.oob ...
Generating problem taski ...
Result:
List of 3
 $ idi   : int 2317
 $ lrn   : chr [1:3] "randomForest" "oob" ""
 $ result: Named num [1:4] 1.6 1.13 1.28 4.33
  ..- attr(*, "names")= chr [1:4] "MAE" "MEDAE" "MEDSE" "MSE"
NULL
Writing result file: /home/probst/Random_Forest/RFSplitbias/results/Splitbias-files/jobs/50/3650-result.RData
########## Executing jid=3651 ##########
Timestamp: 2016-04-28 14:54:20
Experiment: 
  Problem: taski 
  Problem parameters: idi=2317, learner=, teststat=, testtype= 
  Algorithm: forest.splitbias.oob 
  Algorithm parameters:  
  Replication: 9 
  Seed: 3651 
  Problem seed: 131 
Setting seed: 3651
Applying Algorithm forest.splitbias.oob ...
Generating problem taski ...
Result:
List of 3
 $ idi   : int 2317
 $ lrn   : chr [1:3] "randomForest" "oob" ""
 $ result: Named num [1:4] 1.63 1.23 1.5 4.42
  ..- attr(*, "names")= chr [1:4] "MAE" "MEDAE" "MEDSE" "MSE"
NULL
Writing result file: /home/probst/Random_Forest/RFSplitbias/results/Splitbias-files/jobs/51/3651-result.RData
########## Executing jid=3652 ##########
Timestamp: 2016-04-28 14:54:21
Experiment: 
  Problem: taski 
  Problem parameters: idi=2317, learner=, teststat=, testtype= 
  Algorithm: forest.splitbias.oob 
  Algorithm parameters:  
  Replication: 10 
  Seed: 3652 
  Problem seed: 132 
Setting seed: 3652
Applying Algorithm forest.splitbias.oob ...
Generating problem taski ...
Result:
List of 3
 $ idi   : int 2317
 $ lrn   : chr [1:3] "randomForest" "oob" ""
 $ result: Named num [1:4] 1.62 1.19 1.42 4.46
  ..- attr(*, "names")= chr [1:4] "MAE" "MEDAE" "MEDSE" "MSE"
NULL
Writing result file: /home/probst/Random_Forest/RFSplitbias/results/Splitbias-files/jobs/52/3652-result.RData
########## Executing jid=3653 ##########
Timestamp: 2016-04-28 14:54:21
Experiment: 
  Problem: taski 
  Problem parameters: idi=5030, learner=, teststat=, testtype= 
  Algorithm: forest.splitbias.oob 
  Algorithm parameters:  
  Replication: 2 
  Seed: 3653 
  Problem seed: 124 
Setting seed: 3653
Applying Algorithm forest.splitbias.oob ...
Generating problem taski ...
Result:
List of 3
 $ idi   : int 5030
 $ lrn   : chr [1:3] "randomForest" "oob" ""
 $ result: Named num [1:4] 391 114 13016 712848
  ..- attr(*, "names")= chr [1:4] "MAE" "MEDAE" "MEDSE" "MSE"
NULL
Writing result file: /home/probst/Random_Forest/RFSplitbias/results/Splitbias-files/jobs/53/3653-result.RData
########## Executing jid=3654 ##########
Timestamp: 2016-04-28 14:54:22
Experiment: 
  Problem: taski 
  Problem parameters: idi=5030, learner=, teststat=, testtype= 
  Algorithm: forest.splitbias.oob 
  Algorithm parameters:  
  Replication: 3 
  Seed: 3654 
  Problem seed: 125 
Setting seed: 3654
Applying Algorithm forest.splitbias.oob ...
Generating problem taski ...
Result:
List of 3
 $ idi   : int 5030
 $ lrn   : chr [1:3] "randomForest" "oob" ""
 $ result: Named num [1:4] 391 109 11809 716078
  ..- attr(*, "names")= chr [1:4] "MAE" "MEDAE" "MEDSE" "MSE"
NULL
Writing result file: /home/probst/Random_Forest/RFSplitbias/results/Splitbias-files/jobs/54/3654-result.RData
########## Executing jid=3655 ##########
Timestamp: 2016-04-28 14:54:23
Experiment: 
  Problem: taski 
  Problem parameters: idi=5030, learner=, teststat=, testtype= 
  Algorithm: forest.splitbias.oob 
  Algorithm parameters:  
  Replication: 4 
  Seed: 3655 
  Problem seed: 126 
Setting seed: 3655
Applying Algorithm forest.splitbias.oob ...
Generating problem taski ...
Result:
List of 3
 $ idi   : int 5030
 $ lrn   : chr [1:3] "randomForest" "oob" ""
 $ result: Named num [1:4] 404 121 14628 719042
  ..- attr(*, "names")= chr [1:4] "MAE" "MEDAE" "MEDSE" "MSE"
NULL
Writing result file: /home/probst/Random_Forest/RFSplitbias/results/Splitbias-files/jobs/55/3655-result.RData
########## Executing jid=3656 ##########
Timestamp: 2016-04-28 14:54:23
Experiment: 
  Problem: taski 
  Problem parameters: idi=5030, learner=, teststat=, testtype= 
  Algorithm: forest.splitbias.oob 
  Algorithm parameters:  
  Replication: 5 
  Seed: 3656 
  Problem seed: 127 
Setting seed: 3656
Applying Algorithm forest.splitbias.oob ...
Generating problem taski ...
Result:
List of 3
 $ idi   : int 5030
 $ lrn   : chr [1:3] "randomForest" "oob" ""
 $ result: Named num [1:4] 400 109 11915 731767
  ..- attr(*, "names")= chr [1:4] "MAE" "MEDAE" "MEDSE" "MSE"
NULL
Writing result file: /home/probst/Random_Forest/RFSplitbias/results/Splitbias-files/jobs/56/3656-result.RData
########## Executing jid=3657 ##########
Timestamp: 2016-04-28 14:54:24
Experiment: 
  Problem: taski 
  Problem parameters: idi=5030, learner=, teststat=, testtype= 
  Algorithm: forest.splitbias.oob 
  Algorithm parameters:  
  Replication: 6 
  Seed: 3657 
  Problem seed: 128 
Setting seed: 3657
Applying Algorithm forest.splitbias.oob ...
Generating problem taski ...
Result:
List of 3
 $ idi   : int 5030
 $ lrn   : chr [1:3] "randomForest" "oob" ""
 $ result: Named num [1:4] 400 103 10687 731731
  ..- attr(*, "names")= chr [1:4] "MAE" "MEDAE" "MEDSE" "MSE"
NULL
Writing result file: /home/probst/Random_Forest/RFSplitbias/results/Splitbias-files/jobs/57/3657-result.RData
########## Executing jid=3658 ##########
Timestamp: 2016-04-28 14:54:25
Experiment: 
  Problem: taski 
  Problem parameters: idi=5030, learner=, teststat=, testtype= 
  Algorithm: forest.splitbias.oob 
  Algorithm parameters:  
  Replication: 7 
  Seed: 3658 
  Problem seed: 129 
Setting seed: 3658
Applying Algorithm forest.splitbias.oob ...
Generating problem taski ...
Result:
List of 3
 $ idi   : int 5030
 $ lrn   : chr [1:3] "randomForest" "oob" ""
 $ result: Named num [1:4] 387 105 10970 720259
  ..- attr(*, "names")= chr [1:4] "MAE" "MEDAE" "MEDSE" "MSE"
NULL
Writing result file: /home/probst/Random_Forest/RFSplitbias/results/Splitbias-files/jobs/58/3658-result.RData
########## Executing jid=3659 ##########
Timestamp: 2016-04-28 14:54:25
Experiment: 
  Problem: taski 
  Problem parameters: idi=5030, learner=, teststat=, testtype= 
  Algorithm: forest.splitbias.oob 
  Algorithm parameters:  
  Replication: 8 
  Seed: 3659 
  Problem seed: 130 
Setting seed: 3659
Applying Algorithm forest.splitbias.oob ...
Generating problem taski ...
Result:
List of 3
 $ idi   : int 5030
 $ lrn   : chr [1:3] "randomForest" "oob" ""
 $ result: Named num [1:4] 405 124 15466 738423
  ..- attr(*, "names")= chr [1:4] "MAE" "MEDAE" "MEDSE" "MSE"
NULL
Writing result file: /home/probst/Random_Forest/RFSplitbias/results/Splitbias-files/jobs/59/3659-result.RData
########## Executing jid=3660 ##########
Timestamp: 2016-04-28 14:54:26
Experiment: 
  Problem: taski 
  Problem parameters: idi=5030, learner=, teststat=, testtype= 
  Algorithm: forest.splitbias.oob 
  Algorithm parameters:  
  Replication: 9 
  Seed: 3660 
  Problem seed: 131 
Setting seed: 3660
Applying Algorithm forest.splitbias.oob ...
Generating problem taski ...
Result:
List of 3
 $ idi   : int 5030
 $ lrn   : chr [1:3] "randomForest" "oob" ""
 $ result: Named num [1:4] 386 103 10672 705112
  ..- attr(*, "names")= chr [1:4] "MAE" "MEDAE" "MEDSE" "MSE"
NULL
Writing result file: /home/probst/Random_Forest/RFSplitbias/results/Splitbias-files/jobs/60/3660-result.RData
########## Executing jid=3661 ##########
Timestamp: 2016-04-28 14:54:27
Experiment: 
  Problem: taski 
  Problem parameters: idi=5030, learner=, teststat=, testtype= 
  Algorithm: forest.splitbias.oob 
  Algorithm parameters:  
  Replication: 10 
  Seed: 3661 
  Problem seed: 132 
Setting seed: 3661
Applying Algorithm forest.splitbias.oob ...
Generating problem taski ...
Result:
List of 3
 $ idi   : int 5030
 $ lrn   : chr [1:3] "randomForest" "oob" ""
 $ result: Named num [1:4] 405 113 12811 739269
  ..- attr(*, "names")= chr [1:4] "MAE" "MEDAE" "MEDSE" "MSE"
NULL
Writing result file: /home/probst/Random_Forest/RFSplitbias/results/Splitbias-files/jobs/61/3661-result.RData
########## Executing jid=3662 ##########
Timestamp: 2016-04-28 14:54:27
Experiment: 
  Problem: taski 
  Problem parameters: idi=4847, learner=, teststat=, testtype= 
  Algorithm: forest.splitbias.oob 
  Algorithm parameters:  
  Replication: 2 
  Seed: 3662 
  Problem seed: 124 
Setting seed: 3662
Applying Algorithm forest.splitbias.oob ...
Generating problem taski ...
Result:
List of 3
 $ idi   : int 4847
 $ lrn   : chr [1:3] "randomForest" "oob" ""
 $ result: Named num [1:4] 3.73 1.59 2.53 60.11
  ..- attr(*, "names")= chr [1:4] "MAE" "MEDAE" "MEDSE" "MSE"
NULL
Writing result file: /home/probst/Random_Forest/RFSplitbias/results/Splitbias-files/jobs/62/3662-result.RData
########## Executing jid=3663 ##########
Timestamp: 2016-04-28 14:54:28
Experiment: 
  Problem: taski 
  Problem parameters: idi=4847, learner=, teststat=, testtype= 
  Algorithm: forest.splitbias.oob 
  Algorithm parameters:  
  Replication: 3 
  Seed: 3663 
  Problem seed: 125 
Setting seed: 3663
Applying Algorithm forest.splitbias.oob ...
Generating problem taski ...
Result:
List of 3
 $ idi   : int 4847
 $ lrn   : chr [1:3] "randomForest" "oob" ""
 $ result: Named num [1:4] 3.65 1.51 2.28 59.78
  ..- attr(*, "names")= chr [1:4] "MAE" "MEDAE" "MEDSE" "MSE"
NULL
Writing result file: /home/probst/Random_Forest/RFSplitbias/results/Splitbias-files/jobs/63/3663-result.RData
########## Executing jid=3664 ##########
Timestamp: 2016-04-28 14:54:29
Experiment: 
  Problem: taski 
  Problem parameters: idi=4847, learner=, teststat=, testtype= 
  Algorithm: forest.splitbias.oob 
  Algorithm parameters:  
  Replication: 4 
  Seed: 3664 
  Problem seed: 126 
Setting seed: 3664
Applying Algorithm forest.splitbias.oob ...
Generating problem taski ...
Result:
List of 3
 $ idi   : int 4847
 $ lrn   : chr [1:3] "randomForest" "oob" ""
 $ result: Named num [1:4] 3.68 1.62 2.62 59.55
  ..- attr(*, "names")= chr [1:4] "MAE" "MEDAE" "MEDSE" "MSE"
NULL
Writing result file: /home/probst/Random_Forest/RFSplitbias/results/Splitbias-files/jobs/64/3664-result.RData
########## Executing jid=3665 ##########
Timestamp: 2016-04-28 14:54:29
Experiment: 
  Problem: taski 
  Problem parameters: idi=4847, learner=, teststat=, testtype= 
  Algorithm: forest.splitbias.oob 
  Algorithm parameters:  
  Replication: 5 
  Seed: 3665 
  Problem seed: 127 
Setting seed: 3665
Applying Algorithm forest.splitbias.oob ...
Generating problem taski ...
Result:
List of 3
 $ idi   : int 4847
 $ lrn   : chr [1:3] "randomForest" "oob" ""
 $ result: Named num [1:4] 3.74 1.54 2.38 59.74
  ..- attr(*, "names")= chr [1:4] "MAE" "MEDAE" "MEDSE" "MSE"
NULL
Writing result file: /home/probst/Random_Forest/RFSplitbias/results/Splitbias-files/jobs/65/3665-result.RData
########## Executing jid=3666 ##########
Timestamp: 2016-04-28 14:54:30
Experiment: 
  Problem: taski 
  Problem parameters: idi=4847, learner=, teststat=, testtype= 
  Algorithm: forest.splitbias.oob 
  Algorithm parameters:  
  Replication: 6 
  Seed: 3666 
  Problem seed: 128 
Setting seed: 3666
Applying Algorithm forest.splitbias.oob ...
Generating problem taski ...
Result:
List of 3
 $ idi   : int 4847
 $ lrn   : chr [1:3] "randomForest" "oob" ""
 $ result: Named num [1:4] 3.67 1.45 2.09 59.61
  ..- attr(*, "names")= chr [1:4] "MAE" "MEDAE" "MEDSE" "MSE"
NULL
Writing result file: /home/probst/Random_Forest/RFSplitbias/results/Splitbias-files/jobs/66/3666-result.RData
########## Executing jid=3667 ##########
Timestamp: 2016-04-28 14:54:31
Experiment: 
  Problem: taski 
  Problem parameters: idi=4847, learner=, teststat=, testtype= 
  Algorithm: forest.splitbias.oob 
  Algorithm parameters:  
  Replication: 7 
  Seed: 3667 
  Problem seed: 129 
Setting seed: 3667
Applying Algorithm forest.splitbias.oob ...
Generating problem taski ...
Result:
List of 3
 $ idi   : int 4847
 $ lrn   : chr [1:3] "randomForest" "oob" ""
 $ result: Named num [1:4] 3.63 1.54 2.38 58.72
  ..- attr(*, "names")= chr [1:4] "MAE" "MEDAE" "MEDSE" "MSE"
NULL
Writing result file: /home/probst/Random_Forest/RFSplitbias/results/Splitbias-files/jobs/67/3667-result.RData
########## Executing jid=3668 ##########
Timestamp: 2016-04-28 14:54:31
Experiment: 
  Problem: taski 
  Problem parameters: idi=4847, learner=, teststat=, testtype= 
  Algorithm: forest.splitbias.oob 
  Algorithm parameters:  
  Replication: 8 
  Seed: 3668 
  Problem seed: 130 
Setting seed: 3668
Applying Algorithm forest.splitbias.oob ...
Generating problem taski ...
Result:
List of 3
 $ idi   : int 4847
 $ lrn   : chr [1:3] "randomForest" "oob" ""
 $ result: Named num [1:4] 3.72 1.54 2.37 59.99
  ..- attr(*, "names")= chr [1:4] "MAE" "MEDAE" "MEDSE" "MSE"
NULL
Writing result file: /home/probst/Random_Forest/RFSplitbias/results/Splitbias-files/jobs/68/3668-result.RData
########## Executing jid=3669 ##########
Timestamp: 2016-04-28 14:54:32
Experiment: 
  Problem: taski 
  Problem parameters: idi=4847, learner=, teststat=, testtype= 
  Algorithm: forest.splitbias.oob 
  Algorithm parameters:  
  Replication: 9 
  Seed: 3669 
  Problem seed: 131 
Setting seed: 3669
Applying Algorithm forest.splitbias.oob ...
Generating problem taski ...
Result:
List of 3
 $ idi   : int 4847
 $ lrn   : chr [1:3] "randomForest" "oob" ""
 $ result: Named num [1:4] 3.69 1.71 2.93 59.44
  ..- attr(*, "names")= chr [1:4] "MAE" "MEDAE" "MEDSE" "MSE"
NULL
Writing result file: /home/probst/Random_Forest/RFSplitbias/results/Splitbias-files/jobs/69/3669-result.RData
########## Executing jid=3670 ##########
Timestamp: 2016-04-28 14:54:33
Experiment: 
  Problem: taski 
  Problem parameters: idi=4847, learner=, teststat=, testtype= 
  Algorithm: forest.splitbias.oob 
  Algorithm parameters:  
  Replication: 10 
  Seed: 3670 
  Problem seed: 132 
Setting seed: 3670
Applying Algorithm forest.splitbias.oob ...
Generating problem taski ...
Result:
List of 3
 $ idi   : int 4847
 $ lrn   : chr [1:3] "randomForest" "oob" ""
 $ result: Named num [1:4] 3.72 1.58 2.5 59.83
  ..- attr(*, "names")= chr [1:4] "MAE" "MEDAE" "MEDSE" "MSE"
NULL
Writing result file: /home/probst/Random_Forest/RFSplitbias/results/Splitbias-files/jobs/70/3670-result.RData
########## Executing jid=3671 ##########
Timestamp: 2016-04-28 14:54:33
Experiment: 
  Problem: taski 
  Problem parameters: idi=5021, learner=, teststat=, testtype= 
  Algorithm: forest.splitbias.oob 
  Algorithm parameters:  
  Replication: 2 
  Seed: 3671 
  Problem seed: 124 
Setting seed: 3671
Applying Algorithm forest.splitbias.oob ...
Generating problem taski ...
Result:
List of 3
 $ idi   : int 5021
 $ lrn   : chr [1:3] "randomForest" "oob" ""
 $ result: Named num [1:4] 0.4043 0.2991 0.0895 0.3049
  ..- attr(*, "names")= chr [1:4] "MAE" "MEDAE" "MEDSE" "MSE"
NULL
Writing result file: /home/probst/Random_Forest/RFSplitbias/results/Splitbias-files/jobs/71/3671-result.RData
########## Executing jid=3672 ##########
Timestamp: 2016-04-28 14:54:34
Experiment: 
  Problem: taski 
  Problem parameters: idi=5021, learner=, teststat=, testtype= 
  Algorithm: forest.splitbias.oob 
  Algorithm parameters:  
  Replication: 3 
  Seed: 3672 
  Problem seed: 125 
Setting seed: 3672
Applying Algorithm forest.splitbias.oob ...
Generating problem taski ...
Result:
List of 3
 $ idi   : int 5021
 $ lrn   : chr [1:3] "randomForest" "oob" ""
 $ result: Named num [1:4] 0.4055 0.3104 0.0963 0.3051
  ..- attr(*, "names")= chr [1:4] "MAE" "MEDAE" "MEDSE" "MSE"
NULL
Writing result file: /home/probst/Random_Forest/RFSplitbias/results/Splitbias-files/jobs/72/3672-result.RData
########## Executing jid=3673 ##########
Timestamp: 2016-04-28 14:54:35
Experiment: 
  Problem: taski 
  Problem parameters: idi=5021, learner=, teststat=, testtype= 
  Algorithm: forest.splitbias.oob 
  Algorithm parameters:  
  Replication: 4 
  Seed: 3673 
  Problem seed: 126 
Setting seed: 3673
Applying Algorithm forest.splitbias.oob ...
Generating problem taski ...
Result:
List of 3
 $ idi   : int 5021
 $ lrn   : chr [1:3] "randomForest" "oob" ""
 $ result: Named num [1:4] 0.4057 0.3151 0.0993 0.3044
  ..- attr(*, "names")= chr [1:4] "MAE" "MEDAE" "MEDSE" "MSE"
NULL
Writing result file: /home/probst/Random_Forest/RFSplitbias/results/Splitbias-files/jobs/73/3673-result.RData
########## Executing jid=3674 ##########
Timestamp: 2016-04-28 14:54:36
Experiment: 
  Problem: taski 
  Problem parameters: idi=5021, learner=, teststat=, testtype= 
  Algorithm: forest.splitbias.oob 
  Algorithm parameters:  
  Replication: 5 
  Seed: 3674 
  Problem seed: 127 
Setting seed: 3674
Applying Algorithm forest.splitbias.oob ...
Generating problem taski ...
Result:
List of 3
 $ idi   : int 5021
 $ lrn   : chr [1:3] "randomForest" "oob" ""
 $ result: Named num [1:4] 0.4057 0.3101 0.0962 0.3035
  ..- attr(*, "names")= chr [1:4] "MAE" "MEDAE" "MEDSE" "MSE"
NULL
Writing result file: /home/probst/Random_Forest/RFSplitbias/results/Splitbias-files/jobs/74/3674-result.RData
########## Executing jid=3675 ##########
Timestamp: 2016-04-28 14:54:36
Experiment: 
  Problem: taski 
  Problem parameters: idi=5021, learner=, teststat=, testtype= 
  Algorithm: forest.splitbias.oob 
  Algorithm parameters:  
  Replication: 6 
  Seed: 3675 
  Problem seed: 128 
Setting seed: 3675
Applying Algorithm forest.splitbias.oob ...
Generating problem taski ...
Result:
List of 3
 $ idi   : int 5021
 $ lrn   : chr [1:3] "randomForest" "oob" ""
 $ result: Named num [1:4] 0.4053 0.3079 0.0948 0.3046
  ..- attr(*, "names")= chr [1:4] "MAE" "MEDAE" "MEDSE" "MSE"
NULL
Writing result file: /home/probst/Random_Forest/RFSplitbias/results/Splitbias-files/jobs/75/3675-result.RData
########## Executing jid=3676 ##########
Timestamp: 2016-04-28 14:54:37
Experiment: 
  Problem: taski 
  Problem parameters: idi=5021, learner=, teststat=, testtype= 
  Algorithm: forest.splitbias.oob 
  Algorithm parameters:  
  Replication: 7 
  Seed: 3676 
  Problem seed: 129 
Setting seed: 3676
Applying Algorithm forest.splitbias.oob ...
Generating problem taski ...
Result:
List of 3
 $ idi   : int 5021
 $ lrn   : chr [1:3] "randomForest" "oob" ""
 $ result: Named num [1:4] 0.4034 0.3087 0.0953 0.3017
  ..- attr(*, "names")= chr [1:4] "MAE" "MEDAE" "MEDSE" "MSE"
NULL
Writing result file: /home/probst/Random_Forest/RFSplitbias/results/Splitbias-files/jobs/76/3676-result.RData
########## Executing jid=3677 ##########
Timestamp: 2016-04-28 14:54:38
Experiment: 
  Problem: taski 
  Problem parameters: idi=5021, learner=, teststat=, testtype= 
  Algorithm: forest.splitbias.oob 
  Algorithm parameters:  
  Replication: 8 
  Seed: 3677 
  Problem seed: 130 
Setting seed: 3677
Applying Algorithm forest.splitbias.oob ...
Generating problem taski ...
Result:
List of 3
 $ idi   : int 5021
 $ lrn   : chr [1:3] "randomForest" "oob" ""
 $ result: Named num [1:4] 0.4041 0.3116 0.0971 0.3028
  ..- attr(*, "names")= chr [1:4] "MAE" "MEDAE" "MEDSE" "MSE"
NULL
Writing result file: /home/probst/Random_Forest/RFSplitbias/results/Splitbias-files/jobs/77/3677-result.RData
########## Executing jid=3678 ##########
Timestamp: 2016-04-28 14:54:39
Experiment: 
  Problem: taski 
  Problem parameters: idi=5021, learner=, teststat=, testtype= 
  Algorithm: forest.splitbias.oob 
  Algorithm parameters:  
  Replication: 9 
  Seed: 3678 
  Problem seed: 131 
Setting seed: 3678
Applying Algorithm forest.splitbias.oob ...
Generating problem taski ...
Result:
List of 3
 $ idi   : int 5021
 $ lrn   : chr [1:3] "randomForest" "oob" ""
 $ result: Named num [1:4] 0.4045 0.3127 0.0978 0.3029
  ..- attr(*, "names")= chr [1:4] "MAE" "MEDAE" "MEDSE" "MSE"
NULL
Writing result file: /home/probst/Random_Forest/RFSplitbias/results/Splitbias-files/jobs/78/3678-result.RData
########## Executing jid=3679 ##########
Timestamp: 2016-04-28 14:54:39
Experiment: 
  Problem: taski 
  Problem parameters: idi=5021, learner=, teststat=, testtype= 
  Algorithm: forest.splitbias.oob 
  Algorithm parameters:  
  Replication: 10 
  Seed: 3679 
  Problem seed: 132 
Setting seed: 3679
Applying Algorithm forest.splitbias.oob ...
Generating problem taski ...
Result:
List of 3
 $ idi   : int 5021
 $ lrn   : chr [1:3] "randomForest" "oob" ""
 $ result: Named num [1:4] 0.4067 0.2965 0.0879 0.3058
  ..- attr(*, "names")= chr [1:4] "MAE" "MEDAE" "MEDSE" "MSE"
NULL
Writing result file: /home/probst/Random_Forest/RFSplitbias/results/Splitbias-files/jobs/79/3679-result.RData
########## Executing jid=3680 ##########
Timestamp: 2016-04-28 14:54:40
Experiment: 
  Problem: taski 
  Problem parameters: idi=2286, learner=, teststat=, testtype= 
  Algorithm: forest.splitbias.oob 
  Algorithm parameters:  
  Replication: 2 
  Seed: 3680 
  Problem seed: 124 
Setting seed: 3680
Applying Algorithm forest.splitbias.oob ...
Generating problem taski ...
Result:
List of 3
 $ idi   : int 2286
 $ lrn   : chr [1:3] "randomForest" "oob" ""
 $ result: Named num [1:4] 1265 770 593540 3790007
  ..- attr(*, "names")= chr [1:4] "MAE" "MEDAE" "MEDSE" "MSE"
NULL
Writing result file: /home/probst/Random_Forest/RFSplitbias/results/Splitbias-files/jobs/80/3680-result.RData
########## Executing jid=3681 ##########
Timestamp: 2016-04-28 14:54:41
Experiment: 
  Problem: taski 
  Problem parameters: idi=2286, learner=, teststat=, testtype= 
  Algorithm: forest.splitbias.oob 
  Algorithm parameters:  
  Replication: 3 
  Seed: 3681 
  Problem seed: 125 
Setting seed: 3681
Applying Algorithm forest.splitbias.oob ...
Generating problem taski ...
Result:
List of 3
 $ idi   : int 2286
 $ lrn   : chr [1:3] "randomForest" "oob" ""
 $ result: Named num [1:4] 1280 747 558728 3864104
  ..- attr(*, "names")= chr [1:4] "MAE" "MEDAE" "MEDSE" "MSE"
NULL
Writing result file: /home/probst/Random_Forest/RFSplitbias/results/Splitbias-files/jobs/81/3681-result.RData
########## Executing jid=3682 ##########
Timestamp: 2016-04-28 14:54:42
Experiment: 
  Problem: taski 
  Problem parameters: idi=2286, learner=, teststat=, testtype= 
  Algorithm: forest.splitbias.oob 
  Algorithm parameters:  
  Replication: 4 
  Seed: 3682 
  Problem seed: 126 
Setting seed: 3682
Applying Algorithm forest.splitbias.oob ...
Generating problem taski ...
Result:
List of 3
 $ idi   : int 2286
 $ lrn   : chr [1:3] "randomForest" "oob" ""
 $ result: Named num [1:4] 1287 794 630640 3817580
  ..- attr(*, "names")= chr [1:4] "MAE" "MEDAE" "MEDSE" "MSE"
NULL
Writing result file: /home/probst/Random_Forest/RFSplitbias/results/Splitbias-files/jobs/82/3682-result.RData
########## Executing jid=3683 ##########
Timestamp: 2016-04-28 14:54:42
Experiment: 
  Problem: taski 
  Problem parameters: idi=2286, learner=, teststat=, testtype= 
  Algorithm: forest.splitbias.oob 
  Algorithm parameters:  
  Replication: 5 
  Seed: 3683 
  Problem seed: 127 
Setting seed: 3683
Applying Algorithm forest.splitbias.oob ...
Generating problem taski ...
Result:
List of 3
 $ idi   : int 2286
 $ lrn   : chr [1:3] "randomForest" "oob" ""
 $ result: Named num [1:4] 1280 735 540463 3829026
  ..- attr(*, "names")= chr [1:4] "MAE" "MEDAE" "MEDSE" "MSE"
NULL
Writing result file: /home/probst/Random_Forest/RFSplitbias/results/Splitbias-files/jobs/83/3683-result.RData
########## Executing jid=3684 ##########
Timestamp: 2016-04-28 14:54:43
Experiment: 
  Problem: taski 
  Problem parameters: idi=2286, learner=, teststat=, testtype= 
  Algorithm: forest.splitbias.oob 
  Algorithm parameters:  
  Replication: 6 
  Seed: 3684 
  Problem seed: 128 
Setting seed: 3684
Applying Algorithm forest.splitbias.oob ...
Generating problem taski ...
Result:
List of 3
 $ idi   : int 2286
 $ lrn   : chr [1:3] "randomForest" "oob" ""
 $ result: Named num [1:4] 1279 740 547170 3825113
  ..- attr(*, "names")= chr [1:4] "MAE" "MEDAE" "MEDSE" "MSE"
NULL
Writing result file: /home/probst/Random_Forest/RFSplitbias/results/Splitbias-files/jobs/84/3684-result.RData
########## Executing jid=3685 ##########
Timestamp: 2016-04-28 14:54:44
Experiment: 
  Problem: taski 
  Problem parameters: idi=2286, learner=, teststat=, testtype= 
  Algorithm: forest.splitbias.oob 
  Algorithm parameters:  
  Replication: 7 
  Seed: 3685 
  Problem seed: 129 
Setting seed: 3685
Applying Algorithm forest.splitbias.oob ...
Generating problem taski ...
Result:
List of 3
 $ idi   : int 2286
 $ lrn   : chr [1:3] "randomForest" "oob" ""
 $ result: Named num [1:4] 1285 761 579114 3860612
  ..- attr(*, "names")= chr [1:4] "MAE" "MEDAE" "MEDSE" "MSE"
NULL
Writing result file: /home/probst/Random_Forest/RFSplitbias/results/Splitbias-files/jobs/85/3685-result.RData
########## Executing jid=3686 ##########
Timestamp: 2016-04-28 14:54:44
Experiment: 
  Problem: taski 
  Problem parameters: idi=2286, learner=, teststat=, testtype= 
  Algorithm: forest.splitbias.oob 
  Algorithm parameters:  
  Replication: 8 
  Seed: 3686 
  Problem seed: 130 
Setting seed: 3686
Applying Algorithm forest.splitbias.oob ...
Generating problem taski ...
Result:
List of 3
 $ idi   : int 2286
 $ lrn   : chr [1:3] "randomForest" "oob" ""
 $ result: Named num [1:4] 1280 761 579181 3808842
  ..- attr(*, "names")= chr [1:4] "MAE" "MEDAE" "MEDSE" "MSE"
NULL
Writing result file: /home/probst/Random_Forest/RFSplitbias/results/Splitbias-files/jobs/86/3686-result.RData
########## Executing jid=3687 ##########
Timestamp: 2016-04-28 14:54:45
Experiment: 
  Problem: taski 
  Problem parameters: idi=2286, learner=, teststat=, testtype= 
  Algorithm: forest.splitbias.oob 
  Algorithm parameters:  
  Replication: 9 
  Seed: 3687 
  Problem seed: 131 
Setting seed: 3687
Applying Algorithm forest.splitbias.oob ...
Generating problem taski ...
Result:
List of 3
 $ idi   : int 2286
 $ lrn   : chr [1:3] "randomForest" "oob" ""
 $ result: Named num [1:4] 1288 778 605850 3906100
  ..- attr(*, "names")= chr [1:4] "MAE" "MEDAE" "MEDSE" "MSE"
NULL
Writing result file: /home/probst/Random_Forest/RFSplitbias/results/Splitbias-files/jobs/87/3687-result.RData
########## Executing jid=3688 ##########
Timestamp: 2016-04-28 14:54:46
Experiment: 
  Problem: taski 
  Problem parameters: idi=2286, learner=, teststat=, testtype= 
  Algorithm: forest.splitbias.oob 
  Algorithm parameters:  
  Replication: 10 
  Seed: 3688 
  Problem seed: 132 
Setting seed: 3688
Applying Algorithm forest.splitbias.oob ...
Generating problem taski ...
Result:
List of 3
 $ idi   : int 2286
 $ lrn   : chr [1:3] "randomForest" "oob" ""
 $ result: Named num [1:4] 1280 731 534208 3821962
  ..- attr(*, "names")= chr [1:4] "MAE" "MEDAE" "MEDSE" "MSE"
NULL
Writing result file: /home/probst/Random_Forest/RFSplitbias/results/Splitbias-files/jobs/88/3688-result.RData
########## Executing jid=3689 ##########
Timestamp: 2016-04-28 14:54:47
Experiment: 
  Problem: taski 
  Problem parameters: idi=7574, learner=, teststat=, testtype= 
  Algorithm: forest.splitbias.oob 
  Algorithm parameters:  
  Replication: 2 
  Seed: 3689 
  Problem seed: 124 
Setting seed: 3689
Applying Algorithm forest.splitbias.oob ...
Generating problem taski ...
Warnung in randomForest.default(m, y, ...)
  The response has five or fewer unique values.  Are you sure you want to do regression?
Result:
List of 3
 $ idi   : int 7574
 $ lrn   : chr [1:3] "randomForest" "oob" ""
 $ result: Named num [1:4] 0.08909 0.03935 0.00155 0.02936
  ..- attr(*, "names")= chr [1:4] "MAE" "MEDAE" "MEDSE" "MSE"
NULL
Writing result file: /home/probst/Random_Forest/RFSplitbias/results/Splitbias-files/jobs/89/3689-result.RData
########## Executing jid=3690 ##########
Timestamp: 2016-04-28 14:54:48
Experiment: 
  Problem: taski 
  Problem parameters: idi=7574, learner=, teststat=, testtype= 
  Algorithm: forest.splitbias.oob 
  Algorithm parameters:  
  Replication: 3 
  Seed: 3690 
  Problem seed: 125 
Setting seed: 3690
Applying Algorithm forest.splitbias.oob ...
Generating problem taski ...
Warnung in randomForest.default(m, y, ...)
  The response has five or fewer unique values.  Are you sure you want to do regression?
Result:
List of 3
 $ idi   : int 7574
 $ lrn   : chr [1:3] "randomForest" "oob" ""
 $ result: Named num [1:4] 0.08465 0.03655 0.00134 0.02829
  ..- attr(*, "names")= chr [1:4] "MAE" "MEDAE" "MEDSE" "MSE"
NULL
Writing result file: /home/probst/Random_Forest/RFSplitbias/results/Splitbias-files/jobs/90/3690-result.RData
########## Executing jid=3691 ##########
Timestamp: 2016-04-28 14:54:49
Experiment: 
  Problem: taski 
  Problem parameters: idi=7574, learner=, teststat=, testtype= 
  Algorithm: forest.splitbias.oob 
  Algorithm parameters:  
  Replication: 4 
  Seed: 3691 
  Problem seed: 126 
Setting seed: 3691
Applying Algorithm forest.splitbias.oob ...
Generating problem taski ...
Warnung in randomForest.default(m, y, ...)
  The response has five or fewer unique values.  Are you sure you want to do regression?
Result:
List of 3
 $ idi   : int 7574
 $ lrn   : chr [1:3] "randomForest" "oob" ""
 $ result: Named num [1:4] 0.08574 0.03673 0.00135 0.02842
  ..- attr(*, "names")= chr [1:4] "MAE" "MEDAE" "MEDSE" "MSE"
NULL
Writing result file: /home/probst/Random_Forest/RFSplitbias/results/Splitbias-files/jobs/91/3691-result.RData
########## Executing jid=3692 ##########
Timestamp: 2016-04-28 14:54:50
Experiment: 
  Problem: taski 
  Problem parameters: idi=7574, learner=, teststat=, testtype= 
  Algorithm: forest.splitbias.oob 
  Algorithm parameters:  
  Replication: 5 
  Seed: 3692 
  Problem seed: 127 
Setting seed: 3692
Applying Algorithm forest.splitbias.oob ...
Generating problem taski ...
Warnung in randomForest.default(m, y, ...)
  The response has five or fewer unique values.  Are you sure you want to do regression?
Result:
List of 3
 $ idi   : int 7574
 $ lrn   : chr [1:3] "randomForest" "oob" ""
 $ result: Named num [1:4] 0.086 0.0374 0.0014 0.0284
  ..- attr(*, "names")= chr [1:4] "MAE" "MEDAE" "MEDSE" "MSE"
NULL
Writing result file: /home/probst/Random_Forest/RFSplitbias/results/Splitbias-files/jobs/92/3692-result.RData
########## Executing jid=3693 ##########
Timestamp: 2016-04-28 14:54:51
Experiment: 
  Problem: taski 
  Problem parameters: idi=7574, learner=, teststat=, testtype= 
  Algorithm: forest.splitbias.oob 
  Algorithm parameters:  
  Replication: 6 
  Seed: 3693 
  Problem seed: 128 
Setting seed: 3693
Applying Algorithm forest.splitbias.oob ...
Generating problem taski ...
Warnung in randomForest.default(m, y, ...)
  The response has five or fewer unique values.  Are you sure you want to do regression?
Result:
List of 3
 $ idi   : int 7574
 $ lrn   : chr [1:3] "randomForest" "oob" ""
 $ result: Named num [1:4] 0.08622 0.03577 0.00128 0.02896
  ..- attr(*, "names")= chr [1:4] "MAE" "MEDAE" "MEDSE" "MSE"
NULL
Writing result file: /home/probst/Random_Forest/RFSplitbias/results/Splitbias-files/jobs/93/3693-result.RData
########## Executing jid=3694 ##########
Timestamp: 2016-04-28 14:54:52
Experiment: 
  Problem: taski 
  Problem parameters: idi=7574, learner=, teststat=, testtype= 
  Algorithm: forest.splitbias.oob 
  Algorithm parameters:  
  Replication: 7 
  Seed: 3694 
  Problem seed: 129 
Setting seed: 3694
Applying Algorithm forest.splitbias.oob ...
Generating problem taski ...
Warnung in randomForest.default(m, y, ...)
  The response has five or fewer unique values.  Are you sure you want to do regression?
Result:
List of 3
 $ idi   : int 7574
 $ lrn   : chr [1:3] "randomForest" "oob" ""
 $ result: Named num [1:4] 0.08459 0.03834 0.00147 0.02803
  ..- attr(*, "names")= chr [1:4] "MAE" "MEDAE" "MEDSE" "MSE"
NULL
Writing result file: /home/probst/Random_Forest/RFSplitbias/results/Splitbias-files/jobs/94/3694-result.RData
########## Executing jid=3695 ##########
Timestamp: 2016-04-28 14:54:53
Experiment: 
  Problem: taski 
  Problem parameters: idi=7574, learner=, teststat=, testtype= 
  Algorithm: forest.splitbias.oob 
  Algorithm parameters:  
  Replication: 8 
  Seed: 3695 
  Problem seed: 130 
Setting seed: 3695
Applying Algorithm forest.splitbias.oob ...
Generating problem taski ...
Warnung in randomForest.default(m, y, ...)
  The response has five or fewer unique values.  Are you sure you want to do regression?
Result:
List of 3
 $ idi   : int 7574
 $ lrn   : chr [1:3] "randomForest" "oob" ""
 $ result: Named num [1:4] 0.08554 0.03677 0.00135 0.02854
  ..- attr(*, "names")= chr [1:4] "MAE" "MEDAE" "MEDSE" "MSE"
NULL
Writing result file: /home/probst/Random_Forest/RFSplitbias/results/Splitbias-files/jobs/95/3695-result.RData
########## Executing jid=3696 ##########
Timestamp: 2016-04-28 14:54:54
Experiment: 
  Problem: taski 
  Problem parameters: idi=7574, learner=, teststat=, testtype= 
  Algorithm: forest.splitbias.oob 
  Algorithm parameters:  
  Replication: 9 
  Seed: 3696 
  Problem seed: 131 
Setting seed: 3696
Applying Algorithm forest.splitbias.oob ...
Generating problem taski ...
Warnung in randomForest.default(m, y, ...)
  The response has five or fewer unique values.  Are you sure you want to do regression?
Result:
List of 3
 $ idi   : int 7574
 $ lrn   : chr [1:3] "randomForest" "oob" ""
 $ result: Named num [1:4] 0.08545 0.03684 0.00136 0.02759
  ..- attr(*, "names")= chr [1:4] "MAE" "MEDAE" "MEDSE" "MSE"
NULL
Writing result file: /home/probst/Random_Forest/RFSplitbias/results/Splitbias-files/jobs/96/3696-result.RData
########## Executing jid=3697 ##########
Timestamp: 2016-04-28 14:54:55
Experiment: 
  Problem: taski 
  Problem parameters: idi=7574, learner=, teststat=, testtype= 
  Algorithm: forest.splitbias.oob 
  Algorithm parameters:  
  Replication: 10 
  Seed: 3697 
  Problem seed: 132 
Setting seed: 3697
Applying Algorithm forest.splitbias.oob ...
Generating problem taski ...
Warnung in randomForest.default(m, y, ...)
  The response has five or fewer unique values.  Are you sure you want to do regression?
Result:
List of 3
 $ idi   : int 7574
 $ lrn   : chr [1:3] "randomForest" "oob" ""
 $ result: Named num [1:4] 0.08664 0.03752 0.00141 0.02963
  ..- attr(*, "names")= chr [1:4] "MAE" "MEDAE" "MEDSE" "MSE"
NULL
Writing result file: /home/probst/Random_Forest/RFSplitbias/results/Splitbias-files/jobs/97/3697-result.RData
########## Executing jid=3698 ##########
Timestamp: 2016-04-28 14:54:56
Experiment: 
  Problem: taski 
  Problem parameters: idi=5017, learner=, teststat=, testtype= 
  Algorithm: forest.splitbias.oob 
  Algorithm parameters:  
  Replication: 2 
  Seed: 3698 
  Problem seed: 124 
Setting seed: 3698
Applying Algorithm forest.splitbias.oob ...
Generating problem taski ...
Result:
List of 3
 $ idi   : int 5017
 $ lrn   : chr [1:3] "randomForest" "oob" ""
 $ result: Named num [1:4] 1.85e+04 1.49e+04 2.22e+08 5.89e+08
  ..- attr(*, "names")= chr [1:4] "MAE" "MEDAE" "MEDSE" "MSE"
NULL
Writing result file: /home/probst/Random_Forest/RFSplitbias/results/Splitbias-files/jobs/98/3698-result.RData
########## Executing jid=3699 ##########
Timestamp: 2016-04-28 14:54:57
Experiment: 
  Problem: taski 
  Problem parameters: idi=5017, learner=, teststat=, testtype= 
  Algorithm: forest.splitbias.oob 
  Algorithm parameters:  
  Replication: 3 
  Seed: 3699 
  Problem seed: 125 
Setting seed: 3699
Applying Algorithm forest.splitbias.oob ...
Generating problem taski ...
Result:
List of 3
 $ idi   : int 5017
 $ lrn   : chr [1:3] "randomForest" "oob" ""
 $ result: Named num [1:4] 1.85e+04 1.50e+04 2.26e+08 5.90e+08
  ..- attr(*, "names")= chr [1:4] "MAE" "MEDAE" "MEDSE" "MSE"
NULL
Writing result file: /home/probst/Random_Forest/RFSplitbias/results/Splitbias-files/jobs/99/3699-result.RData
########## Executing jid=3700 ##########
Timestamp: 2016-04-28 14:54:59
Experiment: 
  Problem: taski 
  Problem parameters: idi=5017, learner=, teststat=, testtype= 
  Algorithm: forest.splitbias.oob 
  Algorithm parameters:  
  Replication: 4 
  Seed: 3700 
  Problem seed: 126 
Setting seed: 3700
Applying Algorithm forest.splitbias.oob ...
Generating problem taski ...
Result:
List of 3
 $ idi   : int 5017
 $ lrn   : chr [1:3] "randomForest" "oob" ""
 $ result: Named num [1:4] 1.84e+04 1.53e+04 2.33e+08 5.88e+08
  ..- attr(*, "names")= chr [1:4] "MAE" "MEDAE" "MEDSE" "MSE"
NULL
Writing result file: /home/probst/Random_Forest/RFSplitbias/results/Splitbias-files/jobs/00/3700-result.RData
########## Executing jid=3701 ##########
Timestamp: 2016-04-28 14:55:00
Experiment: 
  Problem: taski 
  Problem parameters: idi=5017, learner=, teststat=, testtype= 
  Algorithm: forest.splitbias.oob 
  Algorithm parameters:  
  Replication: 5 
  Seed: 3701 
  Problem seed: 127 
Setting seed: 3701
Applying Algorithm forest.splitbias.oob ...
Generating problem taski ...
Result:
List of 3
 $ idi   : int 5017
 $ lrn   : chr [1:3] "randomForest" "oob" ""
 $ result: Named num [1:4] 1.83e+04 1.50e+04 2.26e+08 5.86e+08
  ..- attr(*, "names")= chr [1:4] "MAE" "MEDAE" "MEDSE" "MSE"
NULL
Writing result file: /home/probst/Random_Forest/RFSplitbias/results/Splitbias-files/jobs/01/3701-result.RData
########## Executing jid=3702 ##########
Timestamp: 2016-04-28 14:55:01
Experiment: 
  Problem: taski 
  Problem parameters: idi=5017, learner=, teststat=, testtype= 
  Algorithm: forest.splitbias.oob 
  Algorithm parameters:  
  Replication: 6 
  Seed: 3702 
  Problem seed: 128 
Setting seed: 3702
Applying Algorithm forest.splitbias.oob ...
Generating problem taski ...
Result:
List of 3
 $ idi   : int 5017
 $ lrn   : chr [1:3] "randomForest" "oob" ""
 $ result: Named num [1:4] 1.85e+04 1.50e+04 2.26e+08 5.89e+08
  ..- attr(*, "names")= chr [1:4] "MAE" "MEDAE" "MEDSE" "MSE"
NULL
Writing result file: /home/probst/Random_Forest/RFSplitbias/results/Splitbias-files/jobs/02/3702-result.RData
########## Executing jid=3703 ##########
Timestamp: 2016-04-28 14:55:02
Experiment: 
  Problem: taski 
  Problem parameters: idi=5017, learner=, teststat=, testtype= 
  Algorithm: forest.splitbias.oob 
  Algorithm parameters:  
  Replication: 7 
  Seed: 3703 
  Problem seed: 129 
Setting seed: 3703
Applying Algorithm forest.splitbias.oob ...
Generating problem taski ...
Result:
List of 3
 $ idi   : int 5017
 $ lrn   : chr [1:3] "randomForest" "oob" ""
 $ result: Named num [1:4] 1.84e+04 1.51e+04 2.27e+08 5.86e+08
  ..- attr(*, "names")= chr [1:4] "MAE" "MEDAE" "MEDSE" "MSE"
NULL
Writing result file: /home/probst/Random_Forest/RFSplitbias/results/Splitbias-files/jobs/03/3703-result.RData
2016-04-28 14:55:04: All done.
Setting work back to: /nfsmb/koll/probst/Random_Forest/RFSplitbias/results
Memory usage according to gc:
          used (Mb) gc trigger  (Mb) max used  (Mb)
Ncells 1795406 95.9    3205452 171.2  1919759 102.6
Vcells 4653643 35.6   13750151 105.0 12972688  99.0
