Loading registry: /home/probst/Random_Forest/RFSplitbias/results/Splitbias-files/registry.RData
Loading conf: 
2016-04-28 15:01:20: Starting job on node lin65.
Auto-mailer settings: start=none, done=none, error=none.
Setting work dir: /nfsmb/koll/probst/Random_Forest/RFSplitbias/results
########## Executing jid=4104 ##########
Timestamp: 2016-04-28 15:01:20
Experiment: 
  Problem: taski 
  Problem parameters: idi=3768, learner=, teststat=, testtype= 
  Algorithm: forest.splitbias.oob 
  Algorithm parameters:  
  Replication: 41 
  Seed: 4104 
  Problem seed: 163 
Setting seed: 4104
Applying Algorithm forest.splitbias.oob ...
Generating problem taski ...
Result:
List of 3
 $ idi   : int 3768
 $ lrn   : chr [1:3] "randomForest" "oob" ""
 $ result: Named num [1:5] 0.769 0.352 0.361 0.231 0.96
  ..- attr(*, "names")= chr [1:5] "ACC" "BER" "multiclass.brier" "MMCE" ...
NULL
Writing result file: /home/probst/Random_Forest/RFSplitbias/results/Splitbias-files/jobs/04/4104-result.RData
########## Executing jid=4105 ##########
Timestamp: 2016-04-28 15:01:20
Experiment: 
  Problem: taski 
  Problem parameters: idi=3768, learner=, teststat=, testtype= 
  Algorithm: forest.splitbias.oob 
  Algorithm parameters:  
  Replication: 42 
  Seed: 4105 
  Problem seed: 164 
Setting seed: 4105
Applying Algorithm forest.splitbias.oob ...
Generating problem taski ...
Result:
List of 3
 $ idi   : int 3768
 $ lrn   : chr [1:3] "randomForest" "oob" ""
 $ result: Named num [1:5] 0.718 0.412 0.371 0.282 0.96
  ..- attr(*, "names")= chr [1:5] "ACC" "BER" "multiclass.brier" "MMCE" ...
NULL
Writing result file: /home/probst/Random_Forest/RFSplitbias/results/Splitbias-files/jobs/05/4105-result.RData
########## Executing jid=4106 ##########
Timestamp: 2016-04-28 15:01:21
Experiment: 
  Problem: taski 
  Problem parameters: idi=3768, learner=, teststat=, testtype= 
  Algorithm: forest.splitbias.oob 
  Algorithm parameters:  
  Replication: 43 
  Seed: 4106 
  Problem seed: 165 
Setting seed: 4106
Applying Algorithm forest.splitbias.oob ...
Generating problem taski ...
Result:
List of 3
 $ idi   : int 3768
 $ lrn   : chr [1:3] "randomForest" "oob" ""
 $ result: Named num [1:5] 0.795 0.31 0.366 0.205 0.963
  ..- attr(*, "names")= chr [1:5] "ACC" "BER" "multiclass.brier" "MMCE" ...
NULL
Writing result file: /home/probst/Random_Forest/RFSplitbias/results/Splitbias-files/jobs/06/4106-result.RData
########## Executing jid=4107 ##########
Timestamp: 2016-04-28 15:01:21
Experiment: 
  Problem: taski 
  Problem parameters: idi=3768, learner=, teststat=, testtype= 
  Algorithm: forest.splitbias.oob 
  Algorithm parameters:  
  Replication: 44 
  Seed: 4107 
  Problem seed: 166 
Setting seed: 4107
Applying Algorithm forest.splitbias.oob ...
Generating problem taski ...
Result:
List of 3
 $ idi   : int 3768
 $ lrn   : chr [1:3] "randomForest" "oob" ""
 $ result: Named num [1:5] 0.718 0.435 0.366 0.282 0.966
  ..- attr(*, "names")= chr [1:5] "ACC" "BER" "multiclass.brier" "MMCE" ...
NULL
Writing result file: /home/probst/Random_Forest/RFSplitbias/results/Splitbias-files/jobs/07/4107-result.RData
########## Executing jid=4108 ##########
Timestamp: 2016-04-28 15:01:22
Experiment: 
  Problem: taski 
  Problem parameters: idi=3768, learner=, teststat=, testtype= 
  Algorithm: forest.splitbias.oob 
  Algorithm parameters:  
  Replication: 45 
  Seed: 4108 
  Problem seed: 167 
Setting seed: 4108
Applying Algorithm forest.splitbias.oob ...
Generating problem taski ...
Result:
List of 3
 $ idi   : int 3768
 $ lrn   : chr [1:3] "randomForest" "oob" ""
 $ result: Named num [1:5] 0.769 0.352 0.364 0.231 0.963
  ..- attr(*, "names")= chr [1:5] "ACC" "BER" "multiclass.brier" "MMCE" ...
NULL
Writing result file: /home/probst/Random_Forest/RFSplitbias/results/Splitbias-files/jobs/08/4108-result.RData
########## Executing jid=4109 ##########
Timestamp: 2016-04-28 15:01:22
Experiment: 
  Problem: taski 
  Problem parameters: idi=3768, learner=, teststat=, testtype= 
  Algorithm: forest.splitbias.oob 
  Algorithm parameters:  
  Replication: 46 
  Seed: 4109 
  Problem seed: 168 
Setting seed: 4109
Applying Algorithm forest.splitbias.oob ...
Generating problem taski ...
Result:
List of 3
 $ idi   : int 3768
 $ lrn   : chr [1:3] "randomForest" "oob" ""
 $ result: Named num [1:5] 0.718 0.412 0.379 0.282 0.963
  ..- attr(*, "names")= chr [1:5] "ACC" "BER" "multiclass.brier" "MMCE" ...
NULL
Writing result file: /home/probst/Random_Forest/RFSplitbias/results/Splitbias-files/jobs/09/4109-result.RData
########## Executing jid=4110 ##########
Timestamp: 2016-04-28 15:01:23
Experiment: 
  Problem: taski 
  Problem parameters: idi=3768, learner=, teststat=, testtype= 
  Algorithm: forest.splitbias.oob 
  Algorithm parameters:  
  Replication: 47 
  Seed: 4110 
  Problem seed: 169 
Setting seed: 4110
Applying Algorithm forest.splitbias.oob ...
Generating problem taski ...
Result:
List of 3
 $ idi   : int 3768
 $ lrn   : chr [1:3] "randomForest" "oob" ""
 $ result: Named num [1:5] 0.744 0.37 0.36 0.256 0.954
  ..- attr(*, "names")= chr [1:5] "ACC" "BER" "multiclass.brier" "MMCE" ...
NULL
Writing result file: /home/probst/Random_Forest/RFSplitbias/results/Splitbias-files/jobs/10/4110-result.RData
########## Executing jid=4111 ##########
Timestamp: 2016-04-28 15:01:23
Experiment: 
  Problem: taski 
  Problem parameters: idi=3768, learner=, teststat=, testtype= 
  Algorithm: forest.splitbias.oob 
  Algorithm parameters:  
  Replication: 48 
  Seed: 4111 
  Problem seed: 170 
Setting seed: 4111
Applying Algorithm forest.splitbias.oob ...
Generating problem taski ...
Result:
List of 3
 $ idi   : int 3768
 $ lrn   : chr [1:3] "randomForest" "oob" ""
 $ result: Named num [1:5] 0.769 0.352 0.365 0.231 0.963
  ..- attr(*, "names")= chr [1:5] "ACC" "BER" "multiclass.brier" "MMCE" ...
NULL
Writing result file: /home/probst/Random_Forest/RFSplitbias/results/Splitbias-files/jobs/11/4111-result.RData
########## Executing jid=4112 ##########
Timestamp: 2016-04-28 15:01:24
Experiment: 
  Problem: taski 
  Problem parameters: idi=3768, learner=, teststat=, testtype= 
  Algorithm: forest.splitbias.oob 
  Algorithm parameters:  
  Replication: 49 
  Seed: 4112 
  Problem seed: 171 
Setting seed: 4112
Applying Algorithm forest.splitbias.oob ...
Generating problem taski ...
Result:
List of 3
 $ idi   : int 3768
 $ lrn   : chr [1:3] "randomForest" "oob" ""
 $ result: Named num [1:5] 0.769 0.352 0.368 0.231 0.972
  ..- attr(*, "names")= chr [1:5] "ACC" "BER" "multiclass.brier" "MMCE" ...
NULL
Writing result file: /home/probst/Random_Forest/RFSplitbias/results/Splitbias-files/jobs/12/4112-result.RData
########## Executing jid=4113 ##########
Timestamp: 2016-04-28 15:01:24
Experiment: 
  Problem: taski 
  Problem parameters: idi=3768, learner=, teststat=, testtype= 
  Algorithm: forest.splitbias.oob 
  Algorithm parameters:  
  Replication: 50 
  Seed: 4113 
  Problem seed: 172 
Setting seed: 4113
Applying Algorithm forest.splitbias.oob ...
Generating problem taski ...
Result:
List of 3
 $ idi   : int 3768
 $ lrn   : chr [1:3] "randomForest" "oob" ""
 $ result: Named num [1:5] 0.769 0.352 0.362 0.231 0.963
  ..- attr(*, "names")= chr [1:5] "ACC" "BER" "multiclass.brier" "MMCE" ...
NULL
Writing result file: /home/probst/Random_Forest/RFSplitbias/results/Splitbias-files/jobs/13/4113-result.RData
########## Executing jid=4114 ##########
Timestamp: 2016-04-28 15:01:24
Experiment: 
  Problem: taski 
  Problem parameters: idi=3655, learner=, teststat=, testtype= 
  Algorithm: forest.splitbias.oob 
  Algorithm parameters:  
  Replication: 11 
  Seed: 4114 
  Problem seed: 133 
Setting seed: 4114
Applying Algorithm forest.splitbias.oob ...
Generating problem taski ...
Result:
List of 3
 $ idi   : int 3655
 $ lrn   : chr [1:3] "randomForest" "oob" ""
 $ result: Named num [1:5] 0.873 0.122 0.192 0.127 0.406
  ..- attr(*, "names")= chr [1:5] "ACC" "BER" "multiclass.brier" "MMCE" ...
NULL
Writing result file: /home/probst/Random_Forest/RFSplitbias/results/Splitbias-files/jobs/14/4114-result.RData
########## Executing jid=4115 ##########
Timestamp: 2016-04-28 15:01:25
Experiment: 
  Problem: taski 
  Problem parameters: idi=3655, learner=, teststat=, testtype= 
  Algorithm: forest.splitbias.oob 
  Algorithm parameters:  
  Replication: 12 
  Seed: 4115 
  Problem seed: 134 
Setting seed: 4115
Applying Algorithm forest.splitbias.oob ...
Generating problem taski ...
Result:
List of 3
 $ idi   : int 3655
 $ lrn   : chr [1:3] "randomForest" "oob" ""
 $ result: Named num [1:5] 0.873 0.122 0.192 0.127 0.685
  ..- attr(*, "names")= chr [1:5] "ACC" "BER" "multiclass.brier" "MMCE" ...
NULL
Writing result file: /home/probst/Random_Forest/RFSplitbias/results/Splitbias-files/jobs/15/4115-result.RData
########## Executing jid=4116 ##########
Timestamp: 2016-04-28 15:01:25
Experiment: 
  Problem: taski 
  Problem parameters: idi=3655, learner=, teststat=, testtype= 
  Algorithm: forest.splitbias.oob 
  Algorithm parameters:  
  Replication: 13 
  Seed: 4116 
  Problem seed: 135 
Setting seed: 4116
Applying Algorithm forest.splitbias.oob ...
Generating problem taski ...
Result:
List of 3
 $ idi   : int 3655
 $ lrn   : chr [1:3] "randomForest" "oob" ""
 $ result: Named num [1:5] 0.873 0.122 0.198 0.127 0.644
  ..- attr(*, "names")= chr [1:5] "ACC" "BER" "multiclass.brier" "MMCE" ...
NULL
Writing result file: /home/probst/Random_Forest/RFSplitbias/results/Splitbias-files/jobs/16/4116-result.RData
########## Executing jid=4117 ##########
Timestamp: 2016-04-28 15:01:26
Experiment: 
  Problem: taski 
  Problem parameters: idi=3655, learner=, teststat=, testtype= 
  Algorithm: forest.splitbias.oob 
  Algorithm parameters:  
  Replication: 14 
  Seed: 4117 
  Problem seed: 136 
Setting seed: 4117
Applying Algorithm forest.splitbias.oob ...
Generating problem taski ...
Result:
List of 3
 $ idi   : int 3655
 $ lrn   : chr [1:3] "randomForest" "oob" ""
 $ result: Named num [1:5] 0.873 0.122 0.195 0.127 0.642
  ..- attr(*, "names")= chr [1:5] "ACC" "BER" "multiclass.brier" "MMCE" ...
NULL
Writing result file: /home/probst/Random_Forest/RFSplitbias/results/Splitbias-files/jobs/17/4117-result.RData
########## Executing jid=4118 ##########
Timestamp: 2016-04-28 15:01:27
Experiment: 
  Problem: taski 
  Problem parameters: idi=3655, learner=, teststat=, testtype= 
  Algorithm: forest.splitbias.oob 
  Algorithm parameters:  
  Replication: 15 
  Seed: 4118 
  Problem seed: 137 
Setting seed: 4118
Applying Algorithm forest.splitbias.oob ...
Generating problem taski ...
Result:
List of 3
 $ idi   : int 3655
 $ lrn   : chr [1:3] "randomForest" "oob" ""
 $ result: Named num [1:5] 0.873 0.122 0.192 0.127 0.609
  ..- attr(*, "names")= chr [1:5] "ACC" "BER" "multiclass.brier" "MMCE" ...
NULL
Writing result file: /home/probst/Random_Forest/RFSplitbias/results/Splitbias-files/jobs/18/4118-result.RData
########## Executing jid=4119 ##########
Timestamp: 2016-04-28 15:01:27
Experiment: 
  Problem: taski 
  Problem parameters: idi=3655, learner=, teststat=, testtype= 
  Algorithm: forest.splitbias.oob 
  Algorithm parameters:  
  Replication: 16 
  Seed: 4119 
  Problem seed: 138 
Setting seed: 4119
Applying Algorithm forest.splitbias.oob ...
Generating problem taski ...
Result:
List of 3
 $ idi   : int 3655
 $ lrn   : chr [1:3] "randomForest" "oob" ""
 $ result: Named num [1:5] 0.873 0.122 0.197 0.127 0.586
  ..- attr(*, "names")= chr [1:5] "ACC" "BER" "multiclass.brier" "MMCE" ...
NULL
Writing result file: /home/probst/Random_Forest/RFSplitbias/results/Splitbias-files/jobs/19/4119-result.RData
########## Executing jid=4120 ##########
Timestamp: 2016-04-28 15:01:28
Experiment: 
  Problem: taski 
  Problem parameters: idi=3655, learner=, teststat=, testtype= 
  Algorithm: forest.splitbias.oob 
  Algorithm parameters:  
  Replication: 17 
  Seed: 4120 
  Problem seed: 139 
Setting seed: 4120
Applying Algorithm forest.splitbias.oob ...
Generating problem taski ...
Result:
List of 3
 $ idi   : int 3655
 $ lrn   : chr [1:3] "randomForest" "oob" ""
 $ result: Named num [1:5] 0.873 0.122 0.197 0.127 0.587
  ..- attr(*, "names")= chr [1:5] "ACC" "BER" "multiclass.brier" "MMCE" ...
NULL
Writing result file: /home/probst/Random_Forest/RFSplitbias/results/Splitbias-files/jobs/20/4120-result.RData
########## Executing jid=4121 ##########
Timestamp: 2016-04-28 15:01:28
Experiment: 
  Problem: taski 
  Problem parameters: idi=3655, learner=, teststat=, testtype= 
  Algorithm: forest.splitbias.oob 
  Algorithm parameters:  
  Replication: 18 
  Seed: 4121 
  Problem seed: 140 
Setting seed: 4121
Applying Algorithm forest.splitbias.oob ...
Generating problem taski ...
Result:
List of 3
 $ idi   : int 3655
 $ lrn   : chr [1:3] "randomForest" "oob" ""
 $ result: Named num [1:5] 0.873 0.122 0.198 0.127 0.611
  ..- attr(*, "names")= chr [1:5] "ACC" "BER" "multiclass.brier" "MMCE" ...
NULL
Writing result file: /home/probst/Random_Forest/RFSplitbias/results/Splitbias-files/jobs/21/4121-result.RData
########## Executing jid=4122 ##########
Timestamp: 2016-04-28 15:01:29
Experiment: 
  Problem: taski 
  Problem parameters: idi=3655, learner=, teststat=, testtype= 
  Algorithm: forest.splitbias.oob 
  Algorithm parameters:  
  Replication: 19 
  Seed: 4122 
  Problem seed: 141 
Setting seed: 4122
Applying Algorithm forest.splitbias.oob ...
Generating problem taski ...
Result:
List of 3
 $ idi   : int 3655
 $ lrn   : chr [1:3] "randomForest" "oob" ""
 $ result: Named num [1:5] 0.873 0.122 0.195 0.127 0.63
  ..- attr(*, "names")= chr [1:5] "ACC" "BER" "multiclass.brier" "MMCE" ...
NULL
Writing result file: /home/probst/Random_Forest/RFSplitbias/results/Splitbias-files/jobs/22/4122-result.RData
########## Executing jid=4123 ##########
Timestamp: 2016-04-28 15:01:29
Experiment: 
  Problem: taski 
  Problem parameters: idi=3655, learner=, teststat=, testtype= 
  Algorithm: forest.splitbias.oob 
  Algorithm parameters:  
  Replication: 20 
  Seed: 4123 
  Problem seed: 142 
Setting seed: 4123
Applying Algorithm forest.splitbias.oob ...
Generating problem taski ...
Result:
List of 3
 $ idi   : int 3655
 $ lrn   : chr [1:3] "randomForest" "oob" ""
 $ result: Named num [1:5] 0.855 0.143 0.198 0.145 0.595
  ..- attr(*, "names")= chr [1:5] "ACC" "BER" "multiclass.brier" "MMCE" ...
NULL
Writing result file: /home/probst/Random_Forest/RFSplitbias/results/Splitbias-files/jobs/23/4123-result.RData
########## Executing jid=4124 ##########
Timestamp: 2016-04-28 15:01:30
Experiment: 
  Problem: taski 
  Problem parameters: idi=3655, learner=, teststat=, testtype= 
  Algorithm: forest.splitbias.oob 
  Algorithm parameters:  
  Replication: 21 
  Seed: 4124 
  Problem seed: 143 
Setting seed: 4124
Applying Algorithm forest.splitbias.oob ...
Generating problem taski ...
Result:
List of 3
 $ idi   : int 3655
 $ lrn   : chr [1:3] "randomForest" "oob" ""
 $ result: Named num [1:5] 0.873 0.122 0.197 0.127 0.649
  ..- attr(*, "names")= chr [1:5] "ACC" "BER" "multiclass.brier" "MMCE" ...
NULL
Writing result file: /home/probst/Random_Forest/RFSplitbias/results/Splitbias-files/jobs/24/4124-result.RData
########## Executing jid=4125 ##########
Timestamp: 2016-04-28 15:01:30
Experiment: 
  Problem: taski 
  Problem parameters: idi=3655, learner=, teststat=, testtype= 
  Algorithm: forest.splitbias.oob 
  Algorithm parameters:  
  Replication: 22 
  Seed: 4125 
  Problem seed: 144 
Setting seed: 4125
Applying Algorithm forest.splitbias.oob ...
Generating problem taski ...
Result:
List of 3
 $ idi   : int 3655
 $ lrn   : chr [1:3] "randomForest" "oob" ""
 $ result: Named num [1:5] 0.873 0.122 0.198 0.127 0.571
  ..- attr(*, "names")= chr [1:5] "ACC" "BER" "multiclass.brier" "MMCE" ...
NULL
Writing result file: /home/probst/Random_Forest/RFSplitbias/results/Splitbias-files/jobs/25/4125-result.RData
########## Executing jid=4126 ##########
Timestamp: 2016-04-28 15:01:31
Experiment: 
  Problem: taski 
  Problem parameters: idi=3655, learner=, teststat=, testtype= 
  Algorithm: forest.splitbias.oob 
  Algorithm parameters:  
  Replication: 23 
  Seed: 4126 
  Problem seed: 145 
Setting seed: 4126
Applying Algorithm forest.splitbias.oob ...
Generating problem taski ...
Result:
List of 3
 $ idi   : int 3655
 $ lrn   : chr [1:3] "randomForest" "oob" ""
 $ result: Named num [1:5] 0.873 0.122 0.194 0.127 0.618
  ..- attr(*, "names")= chr [1:5] "ACC" "BER" "multiclass.brier" "MMCE" ...
NULL
Writing result file: /home/probst/Random_Forest/RFSplitbias/results/Splitbias-files/jobs/26/4126-result.RData
########## Executing jid=4127 ##########
Timestamp: 2016-04-28 15:01:31
Experiment: 
  Problem: taski 
  Problem parameters: idi=3655, learner=, teststat=, testtype= 
  Algorithm: forest.splitbias.oob 
  Algorithm parameters:  
  Replication: 24 
  Seed: 4127 
  Problem seed: 146 
Setting seed: 4127
Applying Algorithm forest.splitbias.oob ...
Generating problem taski ...
Result:
List of 3
 $ idi   : int 3655
 $ lrn   : chr [1:3] "randomForest" "oob" ""
 $ result: Named num [1:5] 0.855 0.143 0.192 0.145 0.53
  ..- attr(*, "names")= chr [1:5] "ACC" "BER" "multiclass.brier" "MMCE" ...
NULL
Writing result file: /home/probst/Random_Forest/RFSplitbias/results/Splitbias-files/jobs/27/4127-result.RData
########## Executing jid=4128 ##########
Timestamp: 2016-04-28 15:01:32
Experiment: 
  Problem: taski 
  Problem parameters: idi=3655, learner=, teststat=, testtype= 
  Algorithm: forest.splitbias.oob 
  Algorithm parameters:  
  Replication: 25 
  Seed: 4128 
  Problem seed: 147 
Setting seed: 4128
Applying Algorithm forest.splitbias.oob ...
Generating problem taski ...
Result:
List of 3
 $ idi   : int 3655
 $ lrn   : chr [1:3] "randomForest" "oob" ""
 $ result: Named num [1:5] 0.873 0.122 0.201 0.127 0.587
  ..- attr(*, "names")= chr [1:5] "ACC" "BER" "multiclass.brier" "MMCE" ...
NULL
Writing result file: /home/probst/Random_Forest/RFSplitbias/results/Splitbias-files/jobs/28/4128-result.RData
########## Executing jid=4129 ##########
Timestamp: 2016-04-28 15:01:32
Experiment: 
  Problem: taski 
  Problem parameters: idi=3655, learner=, teststat=, testtype= 
  Algorithm: forest.splitbias.oob 
  Algorithm parameters:  
  Replication: 26 
  Seed: 4129 
  Problem seed: 148 
Setting seed: 4129
Applying Algorithm forest.splitbias.oob ...
Generating problem taski ...
Result:
List of 3
 $ idi   : int 3655
 $ lrn   : chr [1:3] "randomForest" "oob" ""
 $ result: Named num [1:5] 0.873 0.122 0.198 0.127 0.577
  ..- attr(*, "names")= chr [1:5] "ACC" "BER" "multiclass.brier" "MMCE" ...
NULL
Writing result file: /home/probst/Random_Forest/RFSplitbias/results/Splitbias-files/jobs/29/4129-result.RData
########## Executing jid=4130 ##########
Timestamp: 2016-04-28 15:01:33
Experiment: 
  Problem: taski 
  Problem parameters: idi=3655, learner=, teststat=, testtype= 
  Algorithm: forest.splitbias.oob 
  Algorithm parameters:  
  Replication: 27 
  Seed: 4130 
  Problem seed: 149 
Setting seed: 4130
Applying Algorithm forest.splitbias.oob ...
Generating problem taski ...
Result:
List of 3
 $ idi   : int 3655
 $ lrn   : chr [1:3] "randomForest" "oob" ""
 $ result: Named num [1:5] 0.873 0.122 0.199 0.127 0.663
  ..- attr(*, "names")= chr [1:5] "ACC" "BER" "multiclass.brier" "MMCE" ...
NULL
Writing result file: /home/probst/Random_Forest/RFSplitbias/results/Splitbias-files/jobs/30/4130-result.RData
########## Executing jid=4131 ##########
Timestamp: 2016-04-28 15:01:33
Experiment: 
  Problem: taski 
  Problem parameters: idi=3655, learner=, teststat=, testtype= 
  Algorithm: forest.splitbias.oob 
  Algorithm parameters:  
  Replication: 28 
  Seed: 4131 
  Problem seed: 150 
Setting seed: 4131
Applying Algorithm forest.splitbias.oob ...
Generating problem taski ...
Result:
List of 3
 $ idi   : int 3655
 $ lrn   : chr [1:3] "randomForest" "oob" ""
 $ result: Named num [1:5] 0.873 0.122 0.197 0.127 0.575
  ..- attr(*, "names")= chr [1:5] "ACC" "BER" "multiclass.brier" "MMCE" ...
NULL
Writing result file: /home/probst/Random_Forest/RFSplitbias/results/Splitbias-files/jobs/31/4131-result.RData
########## Executing jid=4132 ##########
Timestamp: 2016-04-28 15:01:34
Experiment: 
  Problem: taski 
  Problem parameters: idi=3655, learner=, teststat=, testtype= 
  Algorithm: forest.splitbias.oob 
  Algorithm parameters:  
  Replication: 29 
  Seed: 4132 
  Problem seed: 151 
Setting seed: 4132
Applying Algorithm forest.splitbias.oob ...
Generating problem taski ...
Result:
List of 3
 $ idi   : int 3655
 $ lrn   : chr [1:3] "randomForest" "oob" ""
 $ result: Named num [1:5] 0.855 0.143 0.196 0.145 0.406
  ..- attr(*, "names")= chr [1:5] "ACC" "BER" "multiclass.brier" "MMCE" ...
NULL
Writing result file: /home/probst/Random_Forest/RFSplitbias/results/Splitbias-files/jobs/32/4132-result.RData
########## Executing jid=4133 ##########
Timestamp: 2016-04-28 15:01:34
Experiment: 
  Problem: taski 
  Problem parameters: idi=3655, learner=, teststat=, testtype= 
  Algorithm: forest.splitbias.oob 
  Algorithm parameters:  
  Replication: 30 
  Seed: 4133 
  Problem seed: 152 
Setting seed: 4133
Applying Algorithm forest.splitbias.oob ...
Generating problem taski ...
Result:
List of 3
 $ idi   : int 3655
 $ lrn   : chr [1:3] "randomForest" "oob" ""
 $ result: Named num [1:5] 0.873 0.122 0.194 0.127 0.406
  ..- attr(*, "names")= chr [1:5] "ACC" "BER" "multiclass.brier" "MMCE" ...
NULL
Writing result file: /home/probst/Random_Forest/RFSplitbias/results/Splitbias-files/jobs/33/4133-result.RData
########## Executing jid=4134 ##########
Timestamp: 2016-04-28 15:01:35
Experiment: 
  Problem: taski 
  Problem parameters: idi=3655, learner=, teststat=, testtype= 
  Algorithm: forest.splitbias.oob 
  Algorithm parameters:  
  Replication: 31 
  Seed: 4134 
  Problem seed: 153 
Setting seed: 4134
Applying Algorithm forest.splitbias.oob ...
Generating problem taski ...
Result:
List of 3
 $ idi   : int 3655
 $ lrn   : chr [1:3] "randomForest" "oob" ""
 $ result: Named num [1:5] 0.873 0.122 0.197 0.127 0.587
  ..- attr(*, "names")= chr [1:5] "ACC" "BER" "multiclass.brier" "MMCE" ...
NULL
Writing result file: /home/probst/Random_Forest/RFSplitbias/results/Splitbias-files/jobs/34/4134-result.RData
########## Executing jid=4135 ##########
Timestamp: 2016-04-28 15:01:35
Experiment: 
  Problem: taski 
  Problem parameters: idi=3655, learner=, teststat=, testtype= 
  Algorithm: forest.splitbias.oob 
  Algorithm parameters:  
  Replication: 32 
  Seed: 4135 
  Problem seed: 154 
Setting seed: 4135
Applying Algorithm forest.splitbias.oob ...
Generating problem taski ...
Result:
List of 3
 $ idi   : int 3655
 $ lrn   : chr [1:3] "randomForest" "oob" ""
 $ result: Named num [1:5] 0.873 0.122 0.195 0.127 0.642
  ..- attr(*, "names")= chr [1:5] "ACC" "BER" "multiclass.brier" "MMCE" ...
NULL
Writing result file: /home/probst/Random_Forest/RFSplitbias/results/Splitbias-files/jobs/35/4135-result.RData
########## Executing jid=4136 ##########
Timestamp: 2016-04-28 15:01:36
Experiment: 
  Problem: taski 
  Problem parameters: idi=3655, learner=, teststat=, testtype= 
  Algorithm: forest.splitbias.oob 
  Algorithm parameters:  
  Replication: 33 
  Seed: 4136 
  Problem seed: 155 
Setting seed: 4136
Applying Algorithm forest.splitbias.oob ...
Generating problem taski ...
Result:
List of 3
 $ idi   : int 3655
 $ lrn   : chr [1:3] "randomForest" "oob" ""
 $ result: Named num [1:5] 0.855 0.143 0.199 0.145 0.625
  ..- attr(*, "names")= chr [1:5] "ACC" "BER" "multiclass.brier" "MMCE" ...
NULL
Writing result file: /home/probst/Random_Forest/RFSplitbias/results/Splitbias-files/jobs/36/4136-result.RData
########## Executing jid=4137 ##########
Timestamp: 2016-04-28 15:01:36
Experiment: 
  Problem: taski 
  Problem parameters: idi=3655, learner=, teststat=, testtype= 
  Algorithm: forest.splitbias.oob 
  Algorithm parameters:  
  Replication: 34 
  Seed: 4137 
  Problem seed: 156 
Setting seed: 4137
Applying Algorithm forest.splitbias.oob ...
Generating problem taski ...
Result:
List of 3
 $ idi   : int 3655
 $ lrn   : chr [1:3] "randomForest" "oob" ""
 $ result: Named num [1:5] 0.873 0.122 0.195 0.127 0.602
  ..- attr(*, "names")= chr [1:5] "ACC" "BER" "multiclass.brier" "MMCE" ...
NULL
Writing result file: /home/probst/Random_Forest/RFSplitbias/results/Splitbias-files/jobs/37/4137-result.RData
########## Executing jid=4138 ##########
Timestamp: 2016-04-28 15:01:37
Experiment: 
  Problem: taski 
  Problem parameters: idi=3655, learner=, teststat=, testtype= 
  Algorithm: forest.splitbias.oob 
  Algorithm parameters:  
  Replication: 35 
  Seed: 4138 
  Problem seed: 157 
Setting seed: 4138
Applying Algorithm forest.splitbias.oob ...
Generating problem taski ...
Result:
List of 3
 $ idi   : int 3655
 $ lrn   : chr [1:3] "randomForest" "oob" ""
 $ result: Named num [1:5] 0.873 0.122 0.197 0.127 0.399
  ..- attr(*, "names")= chr [1:5] "ACC" "BER" "multiclass.brier" "MMCE" ...
NULL
Writing result file: /home/probst/Random_Forest/RFSplitbias/results/Splitbias-files/jobs/38/4138-result.RData
########## Executing jid=4139 ##########
Timestamp: 2016-04-28 15:01:37
Experiment: 
  Problem: taski 
  Problem parameters: idi=3655, learner=, teststat=, testtype= 
  Algorithm: forest.splitbias.oob 
  Algorithm parameters:  
  Replication: 36 
  Seed: 4139 
  Problem seed: 158 
Setting seed: 4139
Applying Algorithm forest.splitbias.oob ...
Generating problem taski ...
Result:
List of 3
 $ idi   : int 3655
 $ lrn   : chr [1:3] "randomForest" "oob" ""
 $ result: Named num [1:5] 0.873 0.122 0.191 0.127 0.626
  ..- attr(*, "names")= chr [1:5] "ACC" "BER" "multiclass.brier" "MMCE" ...
NULL
Writing result file: /home/probst/Random_Forest/RFSplitbias/results/Splitbias-files/jobs/39/4139-result.RData
########## Executing jid=4140 ##########
Timestamp: 2016-04-28 15:01:38
Experiment: 
  Problem: taski 
  Problem parameters: idi=3655, learner=, teststat=, testtype= 
  Algorithm: forest.splitbias.oob 
  Algorithm parameters:  
  Replication: 37 
  Seed: 4140 
  Problem seed: 159 
Setting seed: 4140
Applying Algorithm forest.splitbias.oob ...
Generating problem taski ...
Result:
List of 3
 $ idi   : int 3655
 $ lrn   : chr [1:3] "randomForest" "oob" ""
 $ result: Named num [1:5] 0.855 0.143 0.189 0.145 0.407
  ..- attr(*, "names")= chr [1:5] "ACC" "BER" "multiclass.brier" "MMCE" ...
NULL
Writing result file: /home/probst/Random_Forest/RFSplitbias/results/Splitbias-files/jobs/40/4140-result.RData
########## Executing jid=4141 ##########
Timestamp: 2016-04-28 15:01:38
Experiment: 
  Problem: taski 
  Problem parameters: idi=3655, learner=, teststat=, testtype= 
  Algorithm: forest.splitbias.oob 
  Algorithm parameters:  
  Replication: 38 
  Seed: 4141 
  Problem seed: 160 
Setting seed: 4141
Applying Algorithm forest.splitbias.oob ...
Generating problem taski ...
Result:
List of 3
 $ idi   : int 3655
 $ lrn   : chr [1:3] "randomForest" "oob" ""
 $ result: Named num [1:5] 0.855 0.143 0.197 0.145 0.668
  ..- attr(*, "names")= chr [1:5] "ACC" "BER" "multiclass.brier" "MMCE" ...
NULL
Writing result file: /home/probst/Random_Forest/RFSplitbias/results/Splitbias-files/jobs/41/4141-result.RData
########## Executing jid=4142 ##########
Timestamp: 2016-04-28 15:01:38
Experiment: 
  Problem: taski 
  Problem parameters: idi=3655, learner=, teststat=, testtype= 
  Algorithm: forest.splitbias.oob 
  Algorithm parameters:  
  Replication: 39 
  Seed: 4142 
  Problem seed: 161 
Setting seed: 4142
Applying Algorithm forest.splitbias.oob ...
Generating problem taski ...
Result:
List of 3
 $ idi   : int 3655
 $ lrn   : chr [1:3] "randomForest" "oob" ""
 $ result: Named num [1:5] 0.855 0.143 0.193 0.145 0.676
  ..- attr(*, "names")= chr [1:5] "ACC" "BER" "multiclass.brier" "MMCE" ...
NULL
Writing result file: /home/probst/Random_Forest/RFSplitbias/results/Splitbias-files/jobs/42/4142-result.RData
########## Executing jid=4143 ##########
Timestamp: 2016-04-28 15:01:39
Experiment: 
  Problem: taski 
  Problem parameters: idi=3655, learner=, teststat=, testtype= 
  Algorithm: forest.splitbias.oob 
  Algorithm parameters:  
  Replication: 40 
  Seed: 4143 
  Problem seed: 162 
Setting seed: 4143
Applying Algorithm forest.splitbias.oob ...
Generating problem taski ...
Result:
List of 3
 $ idi   : int 3655
 $ lrn   : chr [1:3] "randomForest" "oob" ""
 $ result: Named num [1:5] 0.873 0.122 0.193 0.127 0.405
  ..- attr(*, "names")= chr [1:5] "ACC" "BER" "multiclass.brier" "MMCE" ...
NULL
Writing result file: /home/probst/Random_Forest/RFSplitbias/results/Splitbias-files/jobs/43/4143-result.RData
########## Executing jid=4144 ##########
Timestamp: 2016-04-28 15:01:39
Experiment: 
  Problem: taski 
  Problem parameters: idi=3655, learner=, teststat=, testtype= 
  Algorithm: forest.splitbias.oob 
  Algorithm parameters:  
  Replication: 41 
  Seed: 4144 
  Problem seed: 163 
Setting seed: 4144
Applying Algorithm forest.splitbias.oob ...
Generating problem taski ...
Result:
List of 3
 $ idi   : int 3655
 $ lrn   : chr [1:3] "randomForest" "oob" ""
 $ result: Named num [1:5] 0.873 0.122 0.199 0.127 0.642
  ..- attr(*, "names")= chr [1:5] "ACC" "BER" "multiclass.brier" "MMCE" ...
NULL
Writing result file: /home/probst/Random_Forest/RFSplitbias/results/Splitbias-files/jobs/44/4144-result.RData
########## Executing jid=4145 ##########
Timestamp: 2016-04-28 15:01:40
Experiment: 
  Problem: taski 
  Problem parameters: idi=3655, learner=, teststat=, testtype= 
  Algorithm: forest.splitbias.oob 
  Algorithm parameters:  
  Replication: 42 
  Seed: 4145 
  Problem seed: 164 
Setting seed: 4145
Applying Algorithm forest.splitbias.oob ...
Generating problem taski ...
Result:
List of 3
 $ idi   : int 3655
 $ lrn   : chr [1:3] "randomForest" "oob" ""
 $ result: Named num [1:5] 0.873 0.122 0.193 0.127 0.555
  ..- attr(*, "names")= chr [1:5] "ACC" "BER" "multiclass.brier" "MMCE" ...
NULL
Writing result file: /home/probst/Random_Forest/RFSplitbias/results/Splitbias-files/jobs/45/4145-result.RData
########## Executing jid=4146 ##########
Timestamp: 2016-04-28 15:01:40
Experiment: 
  Problem: taski 
  Problem parameters: idi=3655, learner=, teststat=, testtype= 
  Algorithm: forest.splitbias.oob 
  Algorithm parameters:  
  Replication: 43 
  Seed: 4146 
  Problem seed: 165 
Setting seed: 4146
Applying Algorithm forest.splitbias.oob ...
Generating problem taski ...
Result:
List of 3
 $ idi   : int 3655
 $ lrn   : chr [1:3] "randomForest" "oob" ""
 $ result: Named num [1:5] 0.873 0.122 0.193 0.127 0.628
  ..- attr(*, "names")= chr [1:5] "ACC" "BER" "multiclass.brier" "MMCE" ...
NULL
Writing result file: /home/probst/Random_Forest/RFSplitbias/results/Splitbias-files/jobs/46/4146-result.RData
########## Executing jid=4147 ##########
Timestamp: 2016-04-28 15:01:41
Experiment: 
  Problem: taski 
  Problem parameters: idi=3655, learner=, teststat=, testtype= 
  Algorithm: forest.splitbias.oob 
  Algorithm parameters:  
  Replication: 44 
  Seed: 4147 
  Problem seed: 166 
Setting seed: 4147
Applying Algorithm forest.splitbias.oob ...
Generating problem taski ...
Result:
List of 3
 $ idi   : int 3655
 $ lrn   : chr [1:3] "randomForest" "oob" ""
 $ result: Named num [1:5] 0.873 0.122 0.203 0.127 0.582
  ..- attr(*, "names")= chr [1:5] "ACC" "BER" "multiclass.brier" "MMCE" ...
NULL
Writing result file: /home/probst/Random_Forest/RFSplitbias/results/Splitbias-files/jobs/47/4147-result.RData
########## Executing jid=4148 ##########
Timestamp: 2016-04-28 15:01:41
Experiment: 
  Problem: taski 
  Problem parameters: idi=3655, learner=, teststat=, testtype= 
  Algorithm: forest.splitbias.oob 
  Algorithm parameters:  
  Replication: 45 
  Seed: 4148 
  Problem seed: 167 
Setting seed: 4148
Applying Algorithm forest.splitbias.oob ...
Generating problem taski ...
Result:
List of 3
 $ idi   : int 3655
 $ lrn   : chr [1:3] "randomForest" "oob" ""
 $ result: Named num [1:5] 0.873 0.122 0.192 0.127 0.653
  ..- attr(*, "names")= chr [1:5] "ACC" "BER" "multiclass.brier" "MMCE" ...
NULL
Writing result file: /home/probst/Random_Forest/RFSplitbias/results/Splitbias-files/jobs/48/4148-result.RData
########## Executing jid=4149 ##########
Timestamp: 2016-04-28 15:01:42
Experiment: 
  Problem: taski 
  Problem parameters: idi=3655, learner=, teststat=, testtype= 
  Algorithm: forest.splitbias.oob 
  Algorithm parameters:  
  Replication: 46 
  Seed: 4149 
  Problem seed: 168 
Setting seed: 4149
Applying Algorithm forest.splitbias.oob ...
Generating problem taski ...
Result:
List of 3
 $ idi   : int 3655
 $ lrn   : chr [1:3] "randomForest" "oob" ""
 $ result: Named num [1:5] 0.873 0.122 0.193 0.127 0.614
  ..- attr(*, "names")= chr [1:5] "ACC" "BER" "multiclass.brier" "MMCE" ...
NULL
Writing result file: /home/probst/Random_Forest/RFSplitbias/results/Splitbias-files/jobs/49/4149-result.RData
########## Executing jid=4150 ##########
Timestamp: 2016-04-28 15:01:42
Experiment: 
  Problem: taski 
  Problem parameters: idi=3655, learner=, teststat=, testtype= 
  Algorithm: forest.splitbias.oob 
  Algorithm parameters:  
  Replication: 47 
  Seed: 4150 
  Problem seed: 169 
Setting seed: 4150
Applying Algorithm forest.splitbias.oob ...
Generating problem taski ...
Result:
List of 3
 $ idi   : int 3655
 $ lrn   : chr [1:3] "randomForest" "oob" ""
 $ result: Named num [1:5] 0.855 0.143 0.198 0.145 0.642
  ..- attr(*, "names")= chr [1:5] "ACC" "BER" "multiclass.brier" "MMCE" ...
NULL
Writing result file: /home/probst/Random_Forest/RFSplitbias/results/Splitbias-files/jobs/50/4150-result.RData
########## Executing jid=4151 ##########
Timestamp: 2016-04-28 15:01:43
Experiment: 
  Problem: taski 
  Problem parameters: idi=3655, learner=, teststat=, testtype= 
  Algorithm: forest.splitbias.oob 
  Algorithm parameters:  
  Replication: 48 
  Seed: 4151 
  Problem seed: 170 
Setting seed: 4151
Applying Algorithm forest.splitbias.oob ...
Generating problem taski ...
Result:
List of 3
 $ idi   : int 3655
 $ lrn   : chr [1:3] "randomForest" "oob" ""
 $ result: Named num [1:5] 0.873 0.122 0.198 0.127 0.644
  ..- attr(*, "names")= chr [1:5] "ACC" "BER" "multiclass.brier" "MMCE" ...
NULL
Writing result file: /home/probst/Random_Forest/RFSplitbias/results/Splitbias-files/jobs/51/4151-result.RData
########## Executing jid=4152 ##########
Timestamp: 2016-04-28 15:01:43
Experiment: 
  Problem: taski 
  Problem parameters: idi=3655, learner=, teststat=, testtype= 
  Algorithm: forest.splitbias.oob 
  Algorithm parameters:  
  Replication: 49 
  Seed: 4152 
  Problem seed: 171 
Setting seed: 4152
Applying Algorithm forest.splitbias.oob ...
Generating problem taski ...
Result:
List of 3
 $ idi   : int 3655
 $ lrn   : chr [1:3] "randomForest" "oob" ""
 $ result: Named num [1:5] 0.873 0.122 0.195 0.127 0.515
  ..- attr(*, "names")= chr [1:5] "ACC" "BER" "multiclass.brier" "MMCE" ...
NULL
Writing result file: /home/probst/Random_Forest/RFSplitbias/results/Splitbias-files/jobs/52/4152-result.RData
########## Executing jid=4153 ##########
Timestamp: 2016-04-28 15:01:44
Experiment: 
  Problem: taski 
  Problem parameters: idi=3655, learner=, teststat=, testtype= 
  Algorithm: forest.splitbias.oob 
  Algorithm parameters:  
  Replication: 50 
  Seed: 4153 
  Problem seed: 172 
Setting seed: 4153
Applying Algorithm forest.splitbias.oob ...
Generating problem taski ...
Result:
List of 3
 $ idi   : int 3655
 $ lrn   : chr [1:3] "randomForest" "oob" ""
 $ result: Named num [1:5] 0.855 0.143 0.197 0.145 0.555
  ..- attr(*, "names")= chr [1:5] "ACC" "BER" "multiclass.brier" "MMCE" ...
NULL
Writing result file: /home/probst/Random_Forest/RFSplitbias/results/Splitbias-files/jobs/53/4153-result.RData
########## Executing jid=4154 ##########
Timestamp: 2016-04-28 15:01:44
Experiment: 
  Problem: taski 
  Problem parameters: idi=3595, learner=, teststat=, testtype= 
  Algorithm: forest.splitbias.oob 
  Algorithm parameters:  
  Replication: 11 
  Seed: 4154 
  Problem seed: 133 
Setting seed: 4154
Applying Algorithm forest.splitbias.oob ...
Generating problem taski ...
Result:
List of 3
 $ idi   : int 3595
 $ lrn   : chr [1:3] "randomForest" "oob" ""
 $ result: Named num [1:5] 0.9091 0.1068 0.1508 0.0909 0.6601
  ..- attr(*, "names")= chr [1:5] "ACC" "BER" "multiclass.brier" "MMCE" ...
NULL
Writing result file: /home/probst/Random_Forest/RFSplitbias/results/Splitbias-files/jobs/54/4154-result.RData
########## Executing jid=4155 ##########
Timestamp: 2016-04-28 15:01:45
Experiment: 
  Problem: taski 
  Problem parameters: idi=3595, learner=, teststat=, testtype= 
  Algorithm: forest.splitbias.oob 
  Algorithm parameters:  
  Replication: 12 
  Seed: 4155 
  Problem seed: 134 
Setting seed: 4155
Applying Algorithm forest.splitbias.oob ...
Generating problem taski ...
Result:
List of 3
 $ idi   : int 3595
 $ lrn   : chr [1:3] "randomForest" "oob" ""
 $ result: Named num [1:5] 0.9318 0.0773 0.1435 0.0682 0.6688
  ..- attr(*, "names")= chr [1:5] "ACC" "BER" "multiclass.brier" "MMCE" ...
NULL
Writing result file: /home/probst/Random_Forest/RFSplitbias/results/Splitbias-files/jobs/55/4155-result.RData
########## Executing jid=4156 ##########
Timestamp: 2016-04-28 15:01:45
Experiment: 
  Problem: taski 
  Problem parameters: idi=3595, learner=, teststat=, testtype= 
  Algorithm: forest.splitbias.oob 
  Algorithm parameters:  
  Replication: 13 
  Seed: 4156 
  Problem seed: 135 
Setting seed: 4156
Applying Algorithm forest.splitbias.oob ...
Generating problem taski ...
Result:
List of 3
 $ idi   : int 3595
 $ lrn   : chr [1:3] "randomForest" "oob" ""
 $ result: Named num [1:5] 0.9091 0.1068 0.1488 0.0909 0.6623
  ..- attr(*, "names")= chr [1:5] "ACC" "BER" "multiclass.brier" "MMCE" ...
NULL
Writing result file: /home/probst/Random_Forest/RFSplitbias/results/Splitbias-files/jobs/56/4156-result.RData
########## Executing jid=4157 ##########
Timestamp: 2016-04-28 15:01:46
Experiment: 
  Problem: taski 
  Problem parameters: idi=3595, learner=, teststat=, testtype= 
  Algorithm: forest.splitbias.oob 
  Algorithm parameters:  
  Replication: 14 
  Seed: 4157 
  Problem seed: 136 
Setting seed: 4157
Applying Algorithm forest.splitbias.oob ...
Generating problem taski ...
Result:
List of 3
 $ idi   : int 3595
 $ lrn   : chr [1:3] "randomForest" "oob" ""
 $ result: Named num [1:5] 0.9091 0.1068 0.1585 0.0909 0.6471
  ..- attr(*, "names")= chr [1:5] "ACC" "BER" "multiclass.brier" "MMCE" ...
NULL
Writing result file: /home/probst/Random_Forest/RFSplitbias/results/Splitbias-files/jobs/57/4157-result.RData
########## Executing jid=4158 ##########
Timestamp: 2016-04-28 15:01:46
Experiment: 
  Problem: taski 
  Problem parameters: idi=3595, learner=, teststat=, testtype= 
  Algorithm: forest.splitbias.oob 
  Algorithm parameters:  
  Replication: 15 
  Seed: 4158 
  Problem seed: 137 
Setting seed: 4158
Applying Algorithm forest.splitbias.oob ...
Generating problem taski ...
Result:
List of 3
 $ idi   : int 3595
 $ lrn   : chr [1:3] "randomForest" "oob" ""
 $ result: Named num [1:5] 0.886 0.136 0.154 0.114 0.684
  ..- attr(*, "names")= chr [1:5] "ACC" "BER" "multiclass.brier" "MMCE" ...
NULL
Writing result file: /home/probst/Random_Forest/RFSplitbias/results/Splitbias-files/jobs/58/4158-result.RData
########## Executing jid=4159 ##########
Timestamp: 2016-04-28 15:01:47
Experiment: 
  Problem: taski 
  Problem parameters: idi=3595, learner=, teststat=, testtype= 
  Algorithm: forest.splitbias.oob 
  Algorithm parameters:  
  Replication: 16 
  Seed: 4159 
  Problem seed: 138 
Setting seed: 4159
Applying Algorithm forest.splitbias.oob ...
Generating problem taski ...
Result:
List of 3
 $ idi   : int 3595
 $ lrn   : chr [1:3] "randomForest" "oob" ""
 $ result: Named num [1:5] 0.9091 0.1068 0.1454 0.0909 0.6449
  ..- attr(*, "names")= chr [1:5] "ACC" "BER" "multiclass.brier" "MMCE" ...
NULL
Writing result file: /home/probst/Random_Forest/RFSplitbias/results/Splitbias-files/jobs/59/4159-result.RData
########## Executing jid=4160 ##########
Timestamp: 2016-04-28 15:01:47
Experiment: 
  Problem: taski 
  Problem parameters: idi=3595, learner=, teststat=, testtype= 
  Algorithm: forest.splitbias.oob 
  Algorithm parameters:  
  Replication: 17 
  Seed: 4160 
  Problem seed: 139 
Setting seed: 4160
Applying Algorithm forest.splitbias.oob ...
Generating problem taski ...
Result:
List of 3
 $ idi   : int 3595
 $ lrn   : chr [1:3] "randomForest" "oob" ""
 $ result: Named num [1:5] 0.9318 0.0773 0.1428 0.0682 0.6841
  ..- attr(*, "names")= chr [1:5] "ACC" "BER" "multiclass.brier" "MMCE" ...
NULL
Writing result file: /home/probst/Random_Forest/RFSplitbias/results/Splitbias-files/jobs/60/4160-result.RData
########## Executing jid=4161 ##########
Timestamp: 2016-04-28 15:01:48
Experiment: 
  Problem: taski 
  Problem parameters: idi=3595, learner=, teststat=, testtype= 
  Algorithm: forest.splitbias.oob 
  Algorithm parameters:  
  Replication: 18 
  Seed: 4161 
  Problem seed: 140 
Setting seed: 4161
Applying Algorithm forest.splitbias.oob ...
Generating problem taski ...
Result:
List of 3
 $ idi   : int 3595
 $ lrn   : chr [1:3] "randomForest" "oob" ""
 $ result: Named num [1:5] 0.9318 0.0773 0.145 0.0682 0.6667
  ..- attr(*, "names")= chr [1:5] "ACC" "BER" "multiclass.brier" "MMCE" ...
NULL
Writing result file: /home/probst/Random_Forest/RFSplitbias/results/Splitbias-files/jobs/61/4161-result.RData
########## Executing jid=4162 ##########
Timestamp: 2016-04-28 15:01:48
Experiment: 
  Problem: taski 
  Problem parameters: idi=3595, learner=, teststat=, testtype= 
  Algorithm: forest.splitbias.oob 
  Algorithm parameters:  
  Replication: 19 
  Seed: 4162 
  Problem seed: 141 
Setting seed: 4162
Applying Algorithm forest.splitbias.oob ...
Generating problem taski ...
Result:
List of 3
 $ idi   : int 3595
 $ lrn   : chr [1:3] "randomForest" "oob" ""
 $ result: Named num [1:5] 0.886 0.136 0.147 0.114 0.651
  ..- attr(*, "names")= chr [1:5] "ACC" "BER" "multiclass.brier" "MMCE" ...
NULL
Writing result file: /home/probst/Random_Forest/RFSplitbias/results/Splitbias-files/jobs/62/4162-result.RData
########## Executing jid=4163 ##########
Timestamp: 2016-04-28 15:01:49
Experiment: 
  Problem: taski 
  Problem parameters: idi=3595, learner=, teststat=, testtype= 
  Algorithm: forest.splitbias.oob 
  Algorithm parameters:  
  Replication: 20 
  Seed: 4163 
  Problem seed: 142 
Setting seed: 4163
Applying Algorithm forest.splitbias.oob ...
Generating problem taski ...
Result:
List of 3
 $ idi   : int 3595
 $ lrn   : chr [1:3] "randomForest" "oob" ""
 $ result: Named num [1:5] 0.9318 0.0773 0.1538 0.0682 0.6645
  ..- attr(*, "names")= chr [1:5] "ACC" "BER" "multiclass.brier" "MMCE" ...
NULL
Writing result file: /home/probst/Random_Forest/RFSplitbias/results/Splitbias-files/jobs/63/4163-result.RData
########## Executing jid=4164 ##########
Timestamp: 2016-04-28 15:01:49
Experiment: 
  Problem: taski 
  Problem parameters: idi=3595, learner=, teststat=, testtype= 
  Algorithm: forest.splitbias.oob 
  Algorithm parameters:  
  Replication: 21 
  Seed: 4164 
  Problem seed: 143 
Setting seed: 4164
Applying Algorithm forest.splitbias.oob ...
Generating problem taski ...
Result:
List of 3
 $ idi   : int 3595
 $ lrn   : chr [1:3] "randomForest" "oob" ""
 $ result: Named num [1:5] 0.9091 0.1068 0.1524 0.0909 0.6667
  ..- attr(*, "names")= chr [1:5] "ACC" "BER" "multiclass.brier" "MMCE" ...
NULL
Writing result file: /home/probst/Random_Forest/RFSplitbias/results/Splitbias-files/jobs/64/4164-result.RData
########## Executing jid=4165 ##########
Timestamp: 2016-04-28 15:01:50
Experiment: 
  Problem: taski 
  Problem parameters: idi=3595, learner=, teststat=, testtype= 
  Algorithm: forest.splitbias.oob 
  Algorithm parameters:  
  Replication: 22 
  Seed: 4165 
  Problem seed: 144 
Setting seed: 4165
Applying Algorithm forest.splitbias.oob ...
Generating problem taski ...
Result:
List of 3
 $ idi   : int 3595
 $ lrn   : chr [1:3] "randomForest" "oob" ""
 $ result: Named num [1:5] 0.9091 0.1068 0.1447 0.0909 0.6667
  ..- attr(*, "names")= chr [1:5] "ACC" "BER" "multiclass.brier" "MMCE" ...
NULL
Writing result file: /home/probst/Random_Forest/RFSplitbias/results/Splitbias-files/jobs/65/4165-result.RData
########## Executing jid=4166 ##########
Timestamp: 2016-04-28 15:01:50
Experiment: 
  Problem: taski 
  Problem parameters: idi=3595, learner=, teststat=, testtype= 
  Algorithm: forest.splitbias.oob 
  Algorithm parameters:  
  Replication: 23 
  Seed: 4166 
  Problem seed: 145 
Setting seed: 4166
Applying Algorithm forest.splitbias.oob ...
Generating problem taski ...
Result:
List of 3
 $ idi   : int 3595
 $ lrn   : chr [1:3] "randomForest" "oob" ""
 $ result: Named num [1:5] 0.9091 0.1068 0.1438 0.0909 0.6885
  ..- attr(*, "names")= chr [1:5] "ACC" "BER" "multiclass.brier" "MMCE" ...
NULL
Writing result file: /home/probst/Random_Forest/RFSplitbias/results/Splitbias-files/jobs/66/4166-result.RData
########## Executing jid=4167 ##########
Timestamp: 2016-04-28 15:01:51
Experiment: 
  Problem: taski 
  Problem parameters: idi=3595, learner=, teststat=, testtype= 
  Algorithm: forest.splitbias.oob 
  Algorithm parameters:  
  Replication: 24 
  Seed: 4167 
  Problem seed: 146 
Setting seed: 4167
Applying Algorithm forest.splitbias.oob ...
Generating problem taski ...
Result:
List of 3
 $ idi   : int 3595
 $ lrn   : chr [1:3] "randomForest" "oob" ""
 $ result: Named num [1:5] 0.886 0.136 0.15 0.114 0.643
  ..- attr(*, "names")= chr [1:5] "ACC" "BER" "multiclass.brier" "MMCE" ...
NULL
Writing result file: /home/probst/Random_Forest/RFSplitbias/results/Splitbias-files/jobs/67/4167-result.RData
########## Executing jid=4168 ##########
Timestamp: 2016-04-28 15:01:51
Experiment: 
  Problem: taski 
  Problem parameters: idi=3595, learner=, teststat=, testtype= 
  Algorithm: forest.splitbias.oob 
  Algorithm parameters:  
  Replication: 25 
  Seed: 4168 
  Problem seed: 147 
Setting seed: 4168
Applying Algorithm forest.splitbias.oob ...
Generating problem taski ...
Result:
List of 3
 $ idi   : int 3595
 $ lrn   : chr [1:3] "randomForest" "oob" ""
 $ result: Named num [1:5] 0.9091 0.1068 0.1582 0.0909 0.6536
  ..- attr(*, "names")= chr [1:5] "ACC" "BER" "multiclass.brier" "MMCE" ...
NULL
Writing result file: /home/probst/Random_Forest/RFSplitbias/results/Splitbias-files/jobs/68/4168-result.RData
########## Executing jid=4169 ##########
Timestamp: 2016-04-28 15:01:52
Experiment: 
  Problem: taski 
  Problem parameters: idi=3595, learner=, teststat=, testtype= 
  Algorithm: forest.splitbias.oob 
  Algorithm parameters:  
  Replication: 26 
  Seed: 4169 
  Problem seed: 148 
Setting seed: 4169
Applying Algorithm forest.splitbias.oob ...
Generating problem taski ...
Result:
List of 3
 $ idi   : int 3595
 $ lrn   : chr [1:3] "randomForest" "oob" ""
 $ result: Named num [1:5] 0.9091 0.1068 0.1433 0.0909 0.6634
  ..- attr(*, "names")= chr [1:5] "ACC" "BER" "multiclass.brier" "MMCE" ...
NULL
Writing result file: /home/probst/Random_Forest/RFSplitbias/results/Splitbias-files/jobs/69/4169-result.RData
########## Executing jid=4170 ##########
Timestamp: 2016-04-28 15:01:52
Experiment: 
  Problem: taski 
  Problem parameters: idi=3595, learner=, teststat=, testtype= 
  Algorithm: forest.splitbias.oob 
  Algorithm parameters:  
  Replication: 27 
  Seed: 4170 
  Problem seed: 149 
Setting seed: 4170
Applying Algorithm forest.splitbias.oob ...
Generating problem taski ...
Result:
List of 3
 $ idi   : int 3595
 $ lrn   : chr [1:3] "randomForest" "oob" ""
 $ result: Named num [1:5] 0.9091 0.1068 0.1479 0.0909 0.6863
  ..- attr(*, "names")= chr [1:5] "ACC" "BER" "multiclass.brier" "MMCE" ...
NULL
Writing result file: /home/probst/Random_Forest/RFSplitbias/results/Splitbias-files/jobs/70/4170-result.RData
########## Executing jid=4171 ##########
Timestamp: 2016-04-28 15:01:53
Experiment: 
  Problem: taski 
  Problem parameters: idi=3595, learner=, teststat=, testtype= 
  Algorithm: forest.splitbias.oob 
  Algorithm parameters:  
  Replication: 28 
  Seed: 4171 
  Problem seed: 150 
Setting seed: 4171
Applying Algorithm forest.splitbias.oob ...
Generating problem taski ...
Result:
List of 3
 $ idi   : int 3595
 $ lrn   : chr [1:3] "randomForest" "oob" ""
 $ result: Named num [1:5] 0.9091 0.1068 0.1489 0.0909 0.6536
  ..- attr(*, "names")= chr [1:5] "ACC" "BER" "multiclass.brier" "MMCE" ...
NULL
Writing result file: /home/probst/Random_Forest/RFSplitbias/results/Splitbias-files/jobs/71/4171-result.RData
########## Executing jid=4172 ##########
Timestamp: 2016-04-28 15:01:53
Experiment: 
  Problem: taski 
  Problem parameters: idi=3595, learner=, teststat=, testtype= 
  Algorithm: forest.splitbias.oob 
  Algorithm parameters:  
  Replication: 29 
  Seed: 4172 
  Problem seed: 151 
Setting seed: 4172
Applying Algorithm forest.splitbias.oob ...
Generating problem taski ...
Result:
List of 3
 $ idi   : int 3595
 $ lrn   : chr [1:3] "randomForest" "oob" ""
 $ result: Named num [1:5] 0.9091 0.0959 0.1487 0.0909 0.6492
  ..- attr(*, "names")= chr [1:5] "ACC" "BER" "multiclass.brier" "MMCE" ...
NULL
Writing result file: /home/probst/Random_Forest/RFSplitbias/results/Splitbias-files/jobs/72/4172-result.RData
########## Executing jid=4173 ##########
Timestamp: 2016-04-28 15:01:54
Experiment: 
  Problem: taski 
  Problem parameters: idi=3595, learner=, teststat=, testtype= 
  Algorithm: forest.splitbias.oob 
  Algorithm parameters:  
  Replication: 30 
  Seed: 4173 
  Problem seed: 152 
Setting seed: 4173
Applying Algorithm forest.splitbias.oob ...
Generating problem taski ...
Result:
List of 3
 $ idi   : int 3595
 $ lrn   : chr [1:3] "randomForest" "oob" ""
 $ result: Named num [1:5] 0.9091 0.1068 0.1534 0.0909 0.671
  ..- attr(*, "names")= chr [1:5] "ACC" "BER" "multiclass.brier" "MMCE" ...
NULL
Writing result file: /home/probst/Random_Forest/RFSplitbias/results/Splitbias-files/jobs/73/4173-result.RData
########## Executing jid=4174 ##########
Timestamp: 2016-04-28 15:01:54
Experiment: 
  Problem: taski 
  Problem parameters: idi=3595, learner=, teststat=, testtype= 
  Algorithm: forest.splitbias.oob 
  Algorithm parameters:  
  Replication: 31 
  Seed: 4174 
  Problem seed: 153 
Setting seed: 4174
Applying Algorithm forest.splitbias.oob ...
Generating problem taski ...
Result:
List of 3
 $ idi   : int 3595
 $ lrn   : chr [1:3] "randomForest" "oob" ""
 $ result: Named num [1:5] 0.9091 0.1068 0.1436 0.0909 0.6318
  ..- attr(*, "names")= chr [1:5] "ACC" "BER" "multiclass.brier" "MMCE" ...
NULL
Writing result file: /home/probst/Random_Forest/RFSplitbias/results/Splitbias-files/jobs/74/4174-result.RData
########## Executing jid=4175 ##########
Timestamp: 2016-04-28 15:01:54
Experiment: 
  Problem: taski 
  Problem parameters: idi=3595, learner=, teststat=, testtype= 
  Algorithm: forest.splitbias.oob 
  Algorithm parameters:  
  Replication: 32 
  Seed: 4175 
  Problem seed: 154 
Setting seed: 4175
Applying Algorithm forest.splitbias.oob ...
Generating problem taski ...
Result:
List of 3
 $ idi   : int 3595
 $ lrn   : chr [1:3] "randomForest" "oob" ""
 $ result: Named num [1:5] 0.9091 0.1068 0.1501 0.0909 0.6645
  ..- attr(*, "names")= chr [1:5] "ACC" "BER" "multiclass.brier" "MMCE" ...
NULL
Writing result file: /home/probst/Random_Forest/RFSplitbias/results/Splitbias-files/jobs/75/4175-result.RData
########## Executing jid=4176 ##########
Timestamp: 2016-04-28 15:01:55
Experiment: 
  Problem: taski 
  Problem parameters: idi=3595, learner=, teststat=, testtype= 
  Algorithm: forest.splitbias.oob 
  Algorithm parameters:  
  Replication: 33 
  Seed: 4176 
  Problem seed: 155 
Setting seed: 4176
Applying Algorithm forest.splitbias.oob ...
Generating problem taski ...
Result:
List of 3
 $ idi   : int 3595
 $ lrn   : chr [1:3] "randomForest" "oob" ""
 $ result: Named num [1:5] 0.9091 0.1068 0.1477 0.0909 0.6013
  ..- attr(*, "names")= chr [1:5] "ACC" "BER" "multiclass.brier" "MMCE" ...
NULL
Writing result file: /home/probst/Random_Forest/RFSplitbias/results/Splitbias-files/jobs/76/4176-result.RData
########## Executing jid=4177 ##########
Timestamp: 2016-04-28 15:01:55
Experiment: 
  Problem: taski 
  Problem parameters: idi=3595, learner=, teststat=, testtype= 
  Algorithm: forest.splitbias.oob 
  Algorithm parameters:  
  Replication: 34 
  Seed: 4177 
  Problem seed: 156 
Setting seed: 4177
Applying Algorithm forest.splitbias.oob ...
Generating problem taski ...
Result:
List of 3
 $ idi   : int 3595
 $ lrn   : chr [1:3] "randomForest" "oob" ""
 $ result: Named num [1:5] 0.886 0.136 0.147 0.114 0.675
  ..- attr(*, "names")= chr [1:5] "ACC" "BER" "multiclass.brier" "MMCE" ...
NULL
Writing result file: /home/probst/Random_Forest/RFSplitbias/results/Splitbias-files/jobs/77/4177-result.RData
########## Executing jid=4178 ##########
Timestamp: 2016-04-28 15:01:56
Experiment: 
  Problem: taski 
  Problem parameters: idi=3595, learner=, teststat=, testtype= 
  Algorithm: forest.splitbias.oob 
  Algorithm parameters:  
  Replication: 35 
  Seed: 4178 
  Problem seed: 157 
Setting seed: 4178
Applying Algorithm forest.splitbias.oob ...
Generating problem taski ...
Result:
List of 3
 $ idi   : int 3595
 $ lrn   : chr [1:3] "randomForest" "oob" ""
 $ result: Named num [1:5] 0.9091 0.1068 0.1525 0.0909 0.61
  ..- attr(*, "names")= chr [1:5] "ACC" "BER" "multiclass.brier" "MMCE" ...
NULL
Writing result file: /home/probst/Random_Forest/RFSplitbias/results/Splitbias-files/jobs/78/4178-result.RData
########## Executing jid=4179 ##########
Timestamp: 2016-04-28 15:01:56
Experiment: 
  Problem: taski 
  Problem parameters: idi=3595, learner=, teststat=, testtype= 
  Algorithm: forest.splitbias.oob 
  Algorithm parameters:  
  Replication: 36 
  Seed: 4179 
  Problem seed: 158 
Setting seed: 4179
Applying Algorithm forest.splitbias.oob ...
Generating problem taski ...
Result:
List of 3
 $ idi   : int 3595
 $ lrn   : chr [1:3] "randomForest" "oob" ""
 $ result: Named num [1:5] 0.9091 0.1068 0.1505 0.0909 0.6514
  ..- attr(*, "names")= chr [1:5] "ACC" "BER" "multiclass.brier" "MMCE" ...
NULL
Writing result file: /home/probst/Random_Forest/RFSplitbias/results/Splitbias-files/jobs/79/4179-result.RData
########## Executing jid=4180 ##########
Timestamp: 2016-04-28 15:01:57
Experiment: 
  Problem: taski 
  Problem parameters: idi=3595, learner=, teststat=, testtype= 
  Algorithm: forest.splitbias.oob 
  Algorithm parameters:  
  Replication: 37 
  Seed: 4180 
  Problem seed: 159 
Setting seed: 4180
Applying Algorithm forest.splitbias.oob ...
Generating problem taski ...
Result:
List of 3
 $ idi   : int 3595
 $ lrn   : chr [1:3] "randomForest" "oob" ""
 $ result: Named num [1:5] 0.9091 0.1068 0.1475 0.0909 0.6667
  ..- attr(*, "names")= chr [1:5] "ACC" "BER" "multiclass.brier" "MMCE" ...
NULL
Writing result file: /home/probst/Random_Forest/RFSplitbias/results/Splitbias-files/jobs/80/4180-result.RData
########## Executing jid=4181 ##########
Timestamp: 2016-04-28 15:01:57
Experiment: 
  Problem: taski 
  Problem parameters: idi=3595, learner=, teststat=, testtype= 
  Algorithm: forest.splitbias.oob 
  Algorithm parameters:  
  Replication: 38 
  Seed: 4181 
  Problem seed: 160 
Setting seed: 4181
Applying Algorithm forest.splitbias.oob ...
Generating problem taski ...
Result:
List of 3
 $ idi   : int 3595
 $ lrn   : chr [1:3] "randomForest" "oob" ""
 $ result: Named num [1:5] 0.9318 0.0773 0.1478 0.0682 0.6754
  ..- attr(*, "names")= chr [1:5] "ACC" "BER" "multiclass.brier" "MMCE" ...
NULL
Writing result file: /home/probst/Random_Forest/RFSplitbias/results/Splitbias-files/jobs/81/4181-result.RData
########## Executing jid=4182 ##########
Timestamp: 2016-04-28 15:01:58
Experiment: 
  Problem: taski 
  Problem parameters: idi=3595, learner=, teststat=, testtype= 
  Algorithm: forest.splitbias.oob 
  Algorithm parameters:  
  Replication: 39 
  Seed: 4182 
  Problem seed: 161 
Setting seed: 4182
Applying Algorithm forest.splitbias.oob ...
Generating problem taski ...
Result:
List of 3
 $ idi   : int 3595
 $ lrn   : chr [1:3] "randomForest" "oob" ""
 $ result: Named num [1:5] 0.9091 0.1068 0.1441 0.0909 0.646
  ..- attr(*, "names")= chr [1:5] "ACC" "BER" "multiclass.brier" "MMCE" ...
NULL
Writing result file: /home/probst/Random_Forest/RFSplitbias/results/Splitbias-files/jobs/82/4182-result.RData
########## Executing jid=4183 ##########
Timestamp: 2016-04-28 15:01:58
Experiment: 
  Problem: taski 
  Problem parameters: idi=3595, learner=, teststat=, testtype= 
  Algorithm: forest.splitbias.oob 
  Algorithm parameters:  
  Replication: 40 
  Seed: 4183 
  Problem seed: 162 
Setting seed: 4183
Applying Algorithm forest.splitbias.oob ...
Generating problem taski ...
Result:
List of 3
 $ idi   : int 3595
 $ lrn   : chr [1:3] "randomForest" "oob" ""
 $ result: Named num [1:5] 0.864 0.155 0.147 0.136 0.664
  ..- attr(*, "names")= chr [1:5] "ACC" "BER" "multiclass.brier" "MMCE" ...
NULL
Writing result file: /home/probst/Random_Forest/RFSplitbias/results/Splitbias-files/jobs/83/4183-result.RData
########## Executing jid=4184 ##########
Timestamp: 2016-04-28 15:01:59
Experiment: 
  Problem: taski 
  Problem parameters: idi=3595, learner=, teststat=, testtype= 
  Algorithm: forest.splitbias.oob 
  Algorithm parameters:  
  Replication: 41 
  Seed: 4184 
  Problem seed: 163 
Setting seed: 4184
Applying Algorithm forest.splitbias.oob ...
Generating problem taski ...
Result:
List of 3
 $ idi   : int 3595
 $ lrn   : chr [1:3] "randomForest" "oob" ""
 $ result: Named num [1:5] 0.9091 0.1068 0.1572 0.0909 0.695
  ..- attr(*, "names")= chr [1:5] "ACC" "BER" "multiclass.brier" "MMCE" ...
NULL
Writing result file: /home/probst/Random_Forest/RFSplitbias/results/Splitbias-files/jobs/84/4184-result.RData
########## Executing jid=4185 ##########
Timestamp: 2016-04-28 15:01:59
Experiment: 
  Problem: taski 
  Problem parameters: idi=3595, learner=, teststat=, testtype= 
  Algorithm: forest.splitbias.oob 
  Algorithm parameters:  
  Replication: 42 
  Seed: 4185 
  Problem seed: 164 
Setting seed: 4185
Applying Algorithm forest.splitbias.oob ...
Generating problem taski ...
Result:
List of 3
 $ idi   : int 3595
 $ lrn   : chr [1:3] "randomForest" "oob" ""
 $ result: Named num [1:5] 0.9318 0.0773 0.1513 0.0682 0.6601
  ..- attr(*, "names")= chr [1:5] "ACC" "BER" "multiclass.brier" "MMCE" ...
NULL
Writing result file: /home/probst/Random_Forest/RFSplitbias/results/Splitbias-files/jobs/85/4185-result.RData
########## Executing jid=4186 ##########
Timestamp: 2016-04-28 15:02:00
Experiment: 
  Problem: taski 
  Problem parameters: idi=3595, learner=, teststat=, testtype= 
  Algorithm: forest.splitbias.oob 
  Algorithm parameters:  
  Replication: 43 
  Seed: 4186 
  Problem seed: 165 
Setting seed: 4186
Applying Algorithm forest.splitbias.oob ...
Generating problem taski ...
Result:
List of 3
 $ idi   : int 3595
 $ lrn   : chr [1:3] "randomForest" "oob" ""
 $ result: Named num [1:5] 0.9091 0.1068 0.1404 0.0909 0.6558
  ..- attr(*, "names")= chr [1:5] "ACC" "BER" "multiclass.brier" "MMCE" ...
NULL
Writing result file: /home/probst/Random_Forest/RFSplitbias/results/Splitbias-files/jobs/86/4186-result.RData
########## Executing jid=4187 ##########
Timestamp: 2016-04-28 15:02:00
Experiment: 
  Problem: taski 
  Problem parameters: idi=3595, learner=, teststat=, testtype= 
  Algorithm: forest.splitbias.oob 
  Algorithm parameters:  
  Replication: 44 
  Seed: 4187 
  Problem seed: 166 
Setting seed: 4187
Applying Algorithm forest.splitbias.oob ...
Generating problem taski ...
Result:
List of 3
 $ idi   : int 3595
 $ lrn   : chr [1:3] "randomForest" "oob" ""
 $ result: Named num [1:5] 0.886 0.125 0.148 0.114 0.636
  ..- attr(*, "names")= chr [1:5] "ACC" "BER" "multiclass.brier" "MMCE" ...
NULL
Writing result file: /home/probst/Random_Forest/RFSplitbias/results/Splitbias-files/jobs/87/4187-result.RData
########## Executing jid=4188 ##########
Timestamp: 2016-04-28 15:02:01
Experiment: 
  Problem: taski 
  Problem parameters: idi=3595, learner=, teststat=, testtype= 
  Algorithm: forest.splitbias.oob 
  Algorithm parameters:  
  Replication: 45 
  Seed: 4188 
  Problem seed: 167 
Setting seed: 4188
Applying Algorithm forest.splitbias.oob ...
Generating problem taski ...
Result:
List of 3
 $ idi   : int 3595
 $ lrn   : chr [1:3] "randomForest" "oob" ""
 $ result: Named num [1:5] 0.9318 0.0773 0.145 0.0682 0.6688
  ..- attr(*, "names")= chr [1:5] "ACC" "BER" "multiclass.brier" "MMCE" ...
NULL
Writing result file: /home/probst/Random_Forest/RFSplitbias/results/Splitbias-files/jobs/88/4188-result.RData
########## Executing jid=4189 ##########
Timestamp: 2016-04-28 15:02:01
Experiment: 
  Problem: taski 
  Problem parameters: idi=3595, learner=, teststat=, testtype= 
  Algorithm: forest.splitbias.oob 
  Algorithm parameters:  
  Replication: 46 
  Seed: 4189 
  Problem seed: 168 
Setting seed: 4189
Applying Algorithm forest.splitbias.oob ...
Generating problem taski ...
Result:
List of 3
 $ idi   : int 3595
 $ lrn   : chr [1:3] "randomForest" "oob" ""
 $ result: Named num [1:5] 0.9091 0.1068 0.149 0.0909 0.6558
  ..- attr(*, "names")= chr [1:5] "ACC" "BER" "multiclass.brier" "MMCE" ...
NULL
Writing result file: /home/probst/Random_Forest/RFSplitbias/results/Splitbias-files/jobs/89/4189-result.RData
########## Executing jid=4190 ##########
Timestamp: 2016-04-28 15:02:02
Experiment: 
  Problem: taski 
  Problem parameters: idi=3595, learner=, teststat=, testtype= 
  Algorithm: forest.splitbias.oob 
  Algorithm parameters:  
  Replication: 47 
  Seed: 4190 
  Problem seed: 169 
Setting seed: 4190
Applying Algorithm forest.splitbias.oob ...
Generating problem taski ...
Result:
List of 3
 $ idi   : int 3595
 $ lrn   : chr [1:3] "randomForest" "oob" ""
 $ result: Named num [1:5] 0.9091 0.1068 0.1457 0.0909 0.6688
  ..- attr(*, "names")= chr [1:5] "ACC" "BER" "multiclass.brier" "MMCE" ...
NULL
Writing result file: /home/probst/Random_Forest/RFSplitbias/results/Splitbias-files/jobs/90/4190-result.RData
########## Executing jid=4191 ##########
Timestamp: 2016-04-28 15:02:02
Experiment: 
  Problem: taski 
  Problem parameters: idi=3595, learner=, teststat=, testtype= 
  Algorithm: forest.splitbias.oob 
  Algorithm parameters:  
  Replication: 48 
  Seed: 4191 
  Problem seed: 170 
Setting seed: 4191
Applying Algorithm forest.splitbias.oob ...
Generating problem taski ...
Result:
List of 3
 $ idi   : int 3595
 $ lrn   : chr [1:3] "randomForest" "oob" ""
 $ result: Named num [1:5] 0.9091 0.1068 0.1424 0.0909 0.6743
  ..- attr(*, "names")= chr [1:5] "ACC" "BER" "multiclass.brier" "MMCE" ...
NULL
Writing result file: /home/probst/Random_Forest/RFSplitbias/results/Splitbias-files/jobs/91/4191-result.RData
########## Executing jid=4192 ##########
Timestamp: 2016-04-28 15:02:03
Experiment: 
  Problem: taski 
  Problem parameters: idi=3595, learner=, teststat=, testtype= 
  Algorithm: forest.splitbias.oob 
  Algorithm parameters:  
  Replication: 49 
  Seed: 4192 
  Problem seed: 171 
Setting seed: 4192
Applying Algorithm forest.splitbias.oob ...
Generating problem taski ...
Result:
List of 3
 $ idi   : int 3595
 $ lrn   : chr [1:3] "randomForest" "oob" ""
 $ result: Named num [1:5] 0.9091 0.1068 0.1446 0.0909 0.6732
  ..- attr(*, "names")= chr [1:5] "ACC" "BER" "multiclass.brier" "MMCE" ...
NULL
Writing result file: /home/probst/Random_Forest/RFSplitbias/results/Splitbias-files/jobs/92/4192-result.RData
########## Executing jid=4193 ##########
Timestamp: 2016-04-28 15:02:03
Experiment: 
  Problem: taski 
  Problem parameters: idi=3595, learner=, teststat=, testtype= 
  Algorithm: forest.splitbias.oob 
  Algorithm parameters:  
  Replication: 50 
  Seed: 4193 
  Problem seed: 172 
Setting seed: 4193
Applying Algorithm forest.splitbias.oob ...
Generating problem taski ...
Result:
List of 3
 $ idi   : int 3595
 $ lrn   : chr [1:3] "randomForest" "oob" ""
 $ result: Named num [1:5] 0.9091 0.1068 0.1532 0.0909 0.6786
  ..- attr(*, "names")= chr [1:5] "ACC" "BER" "multiclass.brier" "MMCE" ...
NULL
Writing result file: /home/probst/Random_Forest/RFSplitbias/results/Splitbias-files/jobs/93/4193-result.RData
########## Executing jid=4194 ##########
Timestamp: 2016-04-28 15:02:04
Experiment: 
  Problem: taski 
  Problem parameters: idi=3750, learner=, teststat=, testtype= 
  Algorithm: forest.splitbias.oob 
  Algorithm parameters:  
  Replication: 11 
  Seed: 4194 
  Problem seed: 133 
Setting seed: 4194
Applying Algorithm forest.splitbias.oob ...
Generating problem taski ...
Result:
List of 3
 $ idi   : int 3750
 $ lrn   : chr [1:3] "randomForest" "oob" ""
 $ result: Named num [1:5] 0.639 0.373 0.562 0.361 0.712
  ..- attr(*, "names")= chr [1:5] "ACC" "BER" "multiclass.brier" "MMCE" ...
NULL
Writing result file: /home/probst/Random_Forest/RFSplitbias/results/Splitbias-files/jobs/94/4194-result.RData
########## Executing jid=4195 ##########
Timestamp: 2016-04-28 15:02:04
Experiment: 
  Problem: taski 
  Problem parameters: idi=3750, learner=, teststat=, testtype= 
  Algorithm: forest.splitbias.oob 
  Algorithm parameters:  
  Replication: 12 
  Seed: 4195 
  Problem seed: 134 
Setting seed: 4195
Applying Algorithm forest.splitbias.oob ...
Generating problem taski ...
Result:
List of 3
 $ idi   : int 3750
 $ lrn   : chr [1:3] "randomForest" "oob" ""
 $ result: Named num [1:5] 0.672 0.338 0.555 0.328 0.705
  ..- attr(*, "names")= chr [1:5] "ACC" "BER" "multiclass.brier" "MMCE" ...
NULL
Writing result file: /home/probst/Random_Forest/RFSplitbias/results/Splitbias-files/jobs/95/4195-result.RData
########## Executing jid=4196 ##########
Timestamp: 2016-04-28 15:02:05
Experiment: 
  Problem: taski 
  Problem parameters: idi=3750, learner=, teststat=, testtype= 
  Algorithm: forest.splitbias.oob 
  Algorithm parameters:  
  Replication: 13 
  Seed: 4196 
  Problem seed: 135 
Setting seed: 4196
Applying Algorithm forest.splitbias.oob ...
Generating problem taski ...
Result:
List of 3
 $ idi   : int 3750
 $ lrn   : chr [1:3] "randomForest" "oob" ""
 $ result: Named num [1:5] 0.656 0.356 0.559 0.344 0.723
  ..- attr(*, "names")= chr [1:5] "ACC" "BER" "multiclass.brier" "MMCE" ...
NULL
Writing result file: /home/probst/Random_Forest/RFSplitbias/results/Splitbias-files/jobs/96/4196-result.RData
########## Executing jid=4197 ##########
Timestamp: 2016-04-28 15:02:05
Experiment: 
  Problem: taski 
  Problem parameters: idi=3750, learner=, teststat=, testtype= 
  Algorithm: forest.splitbias.oob 
  Algorithm parameters:  
  Replication: 14 
  Seed: 4197 
  Problem seed: 136 
Setting seed: 4197
Applying Algorithm forest.splitbias.oob ...
Generating problem taski ...
Result:
List of 3
 $ idi   : int 3750
 $ lrn   : chr [1:3] "randomForest" "oob" ""
 $ result: Named num [1:5] 0.656 0.356 0.558 0.344 0.714
  ..- attr(*, "names")= chr [1:5] "ACC" "BER" "multiclass.brier" "MMCE" ...
NULL
Writing result file: /home/probst/Random_Forest/RFSplitbias/results/Splitbias-files/jobs/97/4197-result.RData
########## Executing jid=4198 ##########
Timestamp: 2016-04-28 15:02:06
Experiment: 
  Problem: taski 
  Problem parameters: idi=3750, learner=, teststat=, testtype= 
  Algorithm: forest.splitbias.oob 
  Algorithm parameters:  
  Replication: 15 
  Seed: 4198 
  Problem seed: 137 
Setting seed: 4198
Applying Algorithm forest.splitbias.oob ...
Generating problem taski ...
Result:
List of 3
 $ idi   : int 3750
 $ lrn   : chr [1:3] "randomForest" "oob" ""
 $ result: Named num [1:5] 0.672 0.338 0.559 0.328 0.718
  ..- attr(*, "names")= chr [1:5] "ACC" "BER" "multiclass.brier" "MMCE" ...
NULL
Writing result file: /home/probst/Random_Forest/RFSplitbias/results/Splitbias-files/jobs/98/4198-result.RData
########## Executing jid=4199 ##########
Timestamp: 2016-04-28 15:02:06
Experiment: 
  Problem: taski 
  Problem parameters: idi=3750, learner=, teststat=, testtype= 
  Algorithm: forest.splitbias.oob 
  Algorithm parameters:  
  Replication: 16 
  Seed: 4199 
  Problem seed: 138 
Setting seed: 4199
Applying Algorithm forest.splitbias.oob ...
Generating problem taski ...
Result:
List of 3
 $ idi   : int 3750
 $ lrn   : chr [1:3] "randomForest" "oob" ""
 $ result: Named num [1:5] 0.656 0.356 0.556 0.344 0.706
  ..- attr(*, "names")= chr [1:5] "ACC" "BER" "multiclass.brier" "MMCE" ...
NULL
Writing result file: /home/probst/Random_Forest/RFSplitbias/results/Splitbias-files/jobs/99/4199-result.RData
########## Executing jid=4200 ##########
Timestamp: 2016-04-28 15:02:07
Experiment: 
  Problem: taski 
  Problem parameters: idi=3750, learner=, teststat=, testtype= 
  Algorithm: forest.splitbias.oob 
  Algorithm parameters:  
  Replication: 17 
  Seed: 4200 
  Problem seed: 139 
Setting seed: 4200
Applying Algorithm forest.splitbias.oob ...
Generating problem taski ...
Result:
List of 3
 $ idi   : int 3750
 $ lrn   : chr [1:3] "randomForest" "oob" ""
 $ result: Named num [1:5] 0.656 0.354 0.564 0.344 0.705
  ..- attr(*, "names")= chr [1:5] "ACC" "BER" "multiclass.brier" "MMCE" ...
NULL
Writing result file: /home/probst/Random_Forest/RFSplitbias/results/Splitbias-files/jobs/00/4200-result.RData
########## Executing jid=4201 ##########
Timestamp: 2016-04-28 15:02:07
Experiment: 
  Problem: taski 
  Problem parameters: idi=3750, learner=, teststat=, testtype= 
  Algorithm: forest.splitbias.oob 
  Algorithm parameters:  
  Replication: 18 
  Seed: 4201 
  Problem seed: 140 
Setting seed: 4201
Applying Algorithm forest.splitbias.oob ...
Generating problem taski ...
Result:
List of 3
 $ idi   : int 3750
 $ lrn   : chr [1:3] "randomForest" "oob" ""
 $ result: Named num [1:5] 0.639 0.371 0.555 0.361 0.71
  ..- attr(*, "names")= chr [1:5] "ACC" "BER" "multiclass.brier" "MMCE" ...
NULL
Writing result file: /home/probst/Random_Forest/RFSplitbias/results/Splitbias-files/jobs/01/4201-result.RData
########## Executing jid=4202 ##########
Timestamp: 2016-04-28 15:02:08
Experiment: 
  Problem: taski 
  Problem parameters: idi=3750, learner=, teststat=, testtype= 
  Algorithm: forest.splitbias.oob 
  Algorithm parameters:  
  Replication: 19 
  Seed: 4202 
  Problem seed: 141 
Setting seed: 4202
Applying Algorithm forest.splitbias.oob ...
Generating problem taski ...
Result:
List of 3
 $ idi   : int 3750
 $ lrn   : chr [1:3] "randomForest" "oob" ""
 $ result: Named num [1:5] 0.639 0.373 0.558 0.361 0.706
  ..- attr(*, "names")= chr [1:5] "ACC" "BER" "multiclass.brier" "MMCE" ...
NULL
Writing result file: /home/probst/Random_Forest/RFSplitbias/results/Splitbias-files/jobs/02/4202-result.RData
########## Executing jid=4203 ##########
Timestamp: 2016-04-28 15:02:08
Experiment: 
  Problem: taski 
  Problem parameters: idi=3750, learner=, teststat=, testtype= 
  Algorithm: forest.splitbias.oob 
  Algorithm parameters:  
  Replication: 20 
  Seed: 4203 
  Problem seed: 142 
Setting seed: 4203
Applying Algorithm forest.splitbias.oob ...
Generating problem taski ...
Result:
List of 3
 $ idi   : int 3750
 $ lrn   : chr [1:3] "randomForest" "oob" ""
 $ result: Named num [1:5] 0.672 0.338 0.559 0.328 0.706
  ..- attr(*, "names")= chr [1:5] "ACC" "BER" "multiclass.brier" "MMCE" ...
NULL
Writing result file: /home/probst/Random_Forest/RFSplitbias/results/Splitbias-files/jobs/03/4203-result.RData
2016-04-28 15:02:09: All done.
Setting work back to: /nfsmb/koll/probst/Random_Forest/RFSplitbias/results
Memory usage according to gc:
          used (Mb) gc trigger  (Mb) max used  (Mb)
Ncells 1804451 96.4    3205452 171.2  1960548 104.8
Vcells 4654307 35.6   13750151 105.0  5497718  42.0
