Loading registry: /home/probst/Random_Forest/RFSplitbias/results/Splitbias-files/registry.RData
Loading conf: 
2016-04-28 15:03:47: Starting job on node lin65.
Auto-mailer settings: start=none, done=none, error=none.
Setting work dir: /nfsmb/koll/probst/Random_Forest/RFSplitbias/results
########## Executing jid=4404 ##########
Timestamp: 2016-04-28 15:03:47
Experiment: 
  Problem: taski 
  Problem parameters: idi=3682, learner=, teststat=, testtype= 
  Algorithm: forest.splitbias.oob 
  Algorithm parameters:  
  Replication: 21 
  Seed: 4404 
  Problem seed: 143 
Setting seed: 4404
Applying Algorithm forest.splitbias.oob ...
Generating problem taski ...
Result:
List of 3
 $ idi   : int 3682
 $ lrn   : chr [1:3] "randomForest" "oob" ""
 $ result: Named num [1:5] 0.646 0.352 0.464 0.354 0.499
  ..- attr(*, "names")= chr [1:5] "ACC" "BER" "multiclass.brier" "MMCE" ...
NULL
Writing result file: /home/probst/Random_Forest/RFSplitbias/results/Splitbias-files/jobs/04/4404-result.RData
########## Executing jid=4405 ##########
Timestamp: 2016-04-28 15:03:47
Experiment: 
  Problem: taski 
  Problem parameters: idi=3682, learner=, teststat=, testtype= 
  Algorithm: forest.splitbias.oob 
  Algorithm parameters:  
  Replication: 22 
  Seed: 4405 
  Problem seed: 144 
Setting seed: 4405
Applying Algorithm forest.splitbias.oob ...
Generating problem taski ...
Result:
List of 3
 $ idi   : int 3682
 $ lrn   : chr [1:3] "randomForest" "oob" ""
 $ result: Named num [1:5] 0.646 0.352 0.474 0.354 0.511
  ..- attr(*, "names")= chr [1:5] "ACC" "BER" "multiclass.brier" "MMCE" ...
NULL
Writing result file: /home/probst/Random_Forest/RFSplitbias/results/Splitbias-files/jobs/05/4405-result.RData
########## Executing jid=4406 ##########
Timestamp: 2016-04-28 15:03:48
Experiment: 
  Problem: taski 
  Problem parameters: idi=3682, learner=, teststat=, testtype= 
  Algorithm: forest.splitbias.oob 
  Algorithm parameters:  
  Replication: 23 
  Seed: 4406 
  Problem seed: 145 
Setting seed: 4406
Applying Algorithm forest.splitbias.oob ...
Generating problem taski ...
Result:
List of 3
 $ idi   : int 3682
 $ lrn   : chr [1:3] "randomForest" "oob" ""
 $ result: Named num [1:5] 0.646 0.352 0.475 0.354 0.494
  ..- attr(*, "names")= chr [1:5] "ACC" "BER" "multiclass.brier" "MMCE" ...
NULL
Writing result file: /home/probst/Random_Forest/RFSplitbias/results/Splitbias-files/jobs/06/4406-result.RData
########## Executing jid=4407 ##########
Timestamp: 2016-04-28 15:03:48
Experiment: 
  Problem: taski 
  Problem parameters: idi=3682, learner=, teststat=, testtype= 
  Algorithm: forest.splitbias.oob 
  Algorithm parameters:  
  Replication: 24 
  Seed: 4407 
  Problem seed: 146 
Setting seed: 4407
Applying Algorithm forest.splitbias.oob ...
Generating problem taski ...
Result:
List of 3
 $ idi   : int 3682
 $ lrn   : chr [1:3] "randomForest" "oob" ""
 $ result: Named num [1:5] 0.625 0.374 0.473 0.375 0.499
  ..- attr(*, "names")= chr [1:5] "ACC" "BER" "multiclass.brier" "MMCE" ...
NULL
Writing result file: /home/probst/Random_Forest/RFSplitbias/results/Splitbias-files/jobs/07/4407-result.RData
########## Executing jid=4408 ##########
Timestamp: 2016-04-28 15:03:49
Experiment: 
  Problem: taski 
  Problem parameters: idi=3682, learner=, teststat=, testtype= 
  Algorithm: forest.splitbias.oob 
  Algorithm parameters:  
  Replication: 25 
  Seed: 4408 
  Problem seed: 147 
Setting seed: 4408
Applying Algorithm forest.splitbias.oob ...
Generating problem taski ...
Result:
List of 3
 $ idi   : int 3682
 $ lrn   : chr [1:3] "randomForest" "oob" ""
 $ result: Named num [1:5] 0.646 0.352 0.474 0.354 0.49
  ..- attr(*, "names")= chr [1:5] "ACC" "BER" "multiclass.brier" "MMCE" ...
NULL
Writing result file: /home/probst/Random_Forest/RFSplitbias/results/Splitbias-files/jobs/08/4408-result.RData
########## Executing jid=4409 ##########
Timestamp: 2016-04-28 15:03:49
Experiment: 
  Problem: taski 
  Problem parameters: idi=3682, learner=, teststat=, testtype= 
  Algorithm: forest.splitbias.oob 
  Algorithm parameters:  
  Replication: 26 
  Seed: 4409 
  Problem seed: 148 
Setting seed: 4409
Applying Algorithm forest.splitbias.oob ...
Generating problem taski ...
Result:
List of 3
 $ idi   : int 3682
 $ lrn   : chr [1:3] "randomForest" "oob" ""
 $ result: Named num [1:5] 0.646 0.352 0.466 0.354 0.506
  ..- attr(*, "names")= chr [1:5] "ACC" "BER" "multiclass.brier" "MMCE" ...
NULL
Writing result file: /home/probst/Random_Forest/RFSplitbias/results/Splitbias-files/jobs/09/4409-result.RData
########## Executing jid=4410 ##########
Timestamp: 2016-04-28 15:03:50
Experiment: 
  Problem: taski 
  Problem parameters: idi=3682, learner=, teststat=, testtype= 
  Algorithm: forest.splitbias.oob 
  Algorithm parameters:  
  Replication: 27 
  Seed: 4410 
  Problem seed: 149 
Setting seed: 4410
Applying Algorithm forest.splitbias.oob ...
Generating problem taski ...
Result:
List of 3
 $ idi   : int 3682
 $ lrn   : chr [1:3] "randomForest" "oob" ""
 $ result: Named num [1:5] 0.667 0.332 0.472 0.333 0.497
  ..- attr(*, "names")= chr [1:5] "ACC" "BER" "multiclass.brier" "MMCE" ...
NULL
Writing result file: /home/probst/Random_Forest/RFSplitbias/results/Splitbias-files/jobs/10/4410-result.RData
########## Executing jid=4411 ##########
Timestamp: 2016-04-28 15:03:50
Experiment: 
  Problem: taski 
  Problem parameters: idi=3682, learner=, teststat=, testtype= 
  Algorithm: forest.splitbias.oob 
  Algorithm parameters:  
  Replication: 28 
  Seed: 4411 
  Problem seed: 150 
Setting seed: 4411
Applying Algorithm forest.splitbias.oob ...
Generating problem taski ...
Result:
List of 3
 $ idi   : int 3682
 $ lrn   : chr [1:3] "randomForest" "oob" ""
 $ result: Named num [1:5] 0.646 0.352 0.467 0.354 0.506
  ..- attr(*, "names")= chr [1:5] "ACC" "BER" "multiclass.brier" "MMCE" ...
NULL
Writing result file: /home/probst/Random_Forest/RFSplitbias/results/Splitbias-files/jobs/11/4411-result.RData
########## Executing jid=4412 ##########
Timestamp: 2016-04-28 15:03:51
Experiment: 
  Problem: taski 
  Problem parameters: idi=3682, learner=, teststat=, testtype= 
  Algorithm: forest.splitbias.oob 
  Algorithm parameters:  
  Replication: 29 
  Seed: 4412 
  Problem seed: 151 
Setting seed: 4412
Applying Algorithm forest.splitbias.oob ...
Generating problem taski ...
Result:
List of 3
 $ idi   : int 3682
 $ lrn   : chr [1:3] "randomForest" "oob" ""
 $ result: Named num [1:5] 0.646 0.352 0.468 0.354 0.496
  ..- attr(*, "names")= chr [1:5] "ACC" "BER" "multiclass.brier" "MMCE" ...
NULL
Writing result file: /home/probst/Random_Forest/RFSplitbias/results/Splitbias-files/jobs/12/4412-result.RData
########## Executing jid=4413 ##########
Timestamp: 2016-04-28 15:03:51
Experiment: 
  Problem: taski 
  Problem parameters: idi=3682, learner=, teststat=, testtype= 
  Algorithm: forest.splitbias.oob 
  Algorithm parameters:  
  Replication: 30 
  Seed: 4413 
  Problem seed: 152 
Setting seed: 4413
Applying Algorithm forest.splitbias.oob ...
Generating problem taski ...
Result:
List of 3
 $ idi   : int 3682
 $ lrn   : chr [1:3] "randomForest" "oob" ""
 $ result: Named num [1:5] 0.646 0.352 0.476 0.354 0.515
  ..- attr(*, "names")= chr [1:5] "ACC" "BER" "multiclass.brier" "MMCE" ...
NULL
Writing result file: /home/probst/Random_Forest/RFSplitbias/results/Splitbias-files/jobs/13/4413-result.RData
########## Executing jid=4414 ##########
Timestamp: 2016-04-28 15:03:51
Experiment: 
  Problem: taski 
  Problem parameters: idi=3682, learner=, teststat=, testtype= 
  Algorithm: forest.splitbias.oob 
  Algorithm parameters:  
  Replication: 31 
  Seed: 4414 
  Problem seed: 153 
Setting seed: 4414
Applying Algorithm forest.splitbias.oob ...
Generating problem taski ...
Result:
List of 3
 $ idi   : int 3682
 $ lrn   : chr [1:3] "randomForest" "oob" ""
 $ result: Named num [1:5] 0.646 0.352 0.482 0.354 0.496
  ..- attr(*, "names")= chr [1:5] "ACC" "BER" "multiclass.brier" "MMCE" ...
NULL
Writing result file: /home/probst/Random_Forest/RFSplitbias/results/Splitbias-files/jobs/14/4414-result.RData
########## Executing jid=4415 ##########
Timestamp: 2016-04-28 15:03:52
Experiment: 
  Problem: taski 
  Problem parameters: idi=3682, learner=, teststat=, testtype= 
  Algorithm: forest.splitbias.oob 
  Algorithm parameters:  
  Replication: 32 
  Seed: 4415 
  Problem seed: 154 
Setting seed: 4415
Applying Algorithm forest.splitbias.oob ...
Generating problem taski ...
Result:
List of 3
 $ idi   : int 3682
 $ lrn   : chr [1:3] "randomForest" "oob" ""
 $ result: Named num [1:5] 0.646 0.352 0.479 0.354 0.503
  ..- attr(*, "names")= chr [1:5] "ACC" "BER" "multiclass.brier" "MMCE" ...
NULL
Writing result file: /home/probst/Random_Forest/RFSplitbias/results/Splitbias-files/jobs/15/4415-result.RData
########## Executing jid=4416 ##########
Timestamp: 2016-04-28 15:03:52
Experiment: 
  Problem: taski 
  Problem parameters: idi=3682, learner=, teststat=, testtype= 
  Algorithm: forest.splitbias.oob 
  Algorithm parameters:  
  Replication: 33 
  Seed: 4416 
  Problem seed: 155 
Setting seed: 4416
Applying Algorithm forest.splitbias.oob ...
Generating problem taski ...
Result:
List of 3
 $ idi   : int 3682
 $ lrn   : chr [1:3] "randomForest" "oob" ""
 $ result: Named num [1:5] 0.646 0.352 0.478 0.354 0.49
  ..- attr(*, "names")= chr [1:5] "ACC" "BER" "multiclass.brier" "MMCE" ...
NULL
Writing result file: /home/probst/Random_Forest/RFSplitbias/results/Splitbias-files/jobs/16/4416-result.RData
########## Executing jid=4417 ##########
Timestamp: 2016-04-28 15:03:53
Experiment: 
  Problem: taski 
  Problem parameters: idi=3682, learner=, teststat=, testtype= 
  Algorithm: forest.splitbias.oob 
  Algorithm parameters:  
  Replication: 34 
  Seed: 4417 
  Problem seed: 156 
Setting seed: 4417
Applying Algorithm forest.splitbias.oob ...
Generating problem taski ...
Result:
List of 3
 $ idi   : int 3682
 $ lrn   : chr [1:3] "randomForest" "oob" ""
 $ result: Named num [1:5] 0.646 0.352 0.475 0.354 0.518
  ..- attr(*, "names")= chr [1:5] "ACC" "BER" "multiclass.brier" "MMCE" ...
NULL
Writing result file: /home/probst/Random_Forest/RFSplitbias/results/Splitbias-files/jobs/17/4417-result.RData
########## Executing jid=4418 ##########
Timestamp: 2016-04-28 15:03:53
Experiment: 
  Problem: taski 
  Problem parameters: idi=3682, learner=, teststat=, testtype= 
  Algorithm: forest.splitbias.oob 
  Algorithm parameters:  
  Replication: 35 
  Seed: 4418 
  Problem seed: 157 
Setting seed: 4418
Applying Algorithm forest.splitbias.oob ...
Generating problem taski ...
Result:
List of 3
 $ idi   : int 3682
 $ lrn   : chr [1:3] "randomForest" "oob" ""
 $ result: Named num [1:5] 0.646 0.352 0.469 0.354 0.504
  ..- attr(*, "names")= chr [1:5] "ACC" "BER" "multiclass.brier" "MMCE" ...
NULL
Writing result file: /home/probst/Random_Forest/RFSplitbias/results/Splitbias-files/jobs/18/4418-result.RData
########## Executing jid=4419 ##########
Timestamp: 2016-04-28 15:03:54
Experiment: 
  Problem: taski 
  Problem parameters: idi=3682, learner=, teststat=, testtype= 
  Algorithm: forest.splitbias.oob 
  Algorithm parameters:  
  Replication: 36 
  Seed: 4419 
  Problem seed: 158 
Setting seed: 4419
Applying Algorithm forest.splitbias.oob ...
Generating problem taski ...
Result:
List of 3
 $ idi   : int 3682
 $ lrn   : chr [1:3] "randomForest" "oob" ""
 $ result: Named num [1:5] 0.646 0.352 0.465 0.354 0.51
  ..- attr(*, "names")= chr [1:5] "ACC" "BER" "multiclass.brier" "MMCE" ...
NULL
Writing result file: /home/probst/Random_Forest/RFSplitbias/results/Splitbias-files/jobs/19/4419-result.RData
########## Executing jid=4420 ##########
Timestamp: 2016-04-28 15:03:54
Experiment: 
  Problem: taski 
  Problem parameters: idi=3682, learner=, teststat=, testtype= 
  Algorithm: forest.splitbias.oob 
  Algorithm parameters:  
  Replication: 37 
  Seed: 4420 
  Problem seed: 159 
Setting seed: 4420
Applying Algorithm forest.splitbias.oob ...
Generating problem taski ...
Result:
List of 3
 $ idi   : int 3682
 $ lrn   : chr [1:3] "randomForest" "oob" ""
 $ result: Named num [1:5] 0.646 0.352 0.472 0.354 0.522
  ..- attr(*, "names")= chr [1:5] "ACC" "BER" "multiclass.brier" "MMCE" ...
NULL
Writing result file: /home/probst/Random_Forest/RFSplitbias/results/Splitbias-files/jobs/20/4420-result.RData
########## Executing jid=4421 ##########
Timestamp: 2016-04-28 15:03:55
Experiment: 
  Problem: taski 
  Problem parameters: idi=3682, learner=, teststat=, testtype= 
  Algorithm: forest.splitbias.oob 
  Algorithm parameters:  
  Replication: 38 
  Seed: 4421 
  Problem seed: 160 
Setting seed: 4421
Applying Algorithm forest.splitbias.oob ...
Generating problem taski ...
Result:
List of 3
 $ idi   : int 3682
 $ lrn   : chr [1:3] "randomForest" "oob" ""
 $ result: Named num [1:5] 0.646 0.352 0.476 0.354 0.499
  ..- attr(*, "names")= chr [1:5] "ACC" "BER" "multiclass.brier" "MMCE" ...
NULL
Writing result file: /home/probst/Random_Forest/RFSplitbias/results/Splitbias-files/jobs/21/4421-result.RData
########## Executing jid=4422 ##########
Timestamp: 2016-04-28 15:03:55
Experiment: 
  Problem: taski 
  Problem parameters: idi=3682, learner=, teststat=, testtype= 
  Algorithm: forest.splitbias.oob 
  Algorithm parameters:  
  Replication: 39 
  Seed: 4422 
  Problem seed: 161 
Setting seed: 4422
Applying Algorithm forest.splitbias.oob ...
Generating problem taski ...
Result:
List of 3
 $ idi   : int 3682
 $ lrn   : chr [1:3] "randomForest" "oob" ""
 $ result: Named num [1:5] 0.646 0.352 0.471 0.354 0.504
  ..- attr(*, "names")= chr [1:5] "ACC" "BER" "multiclass.brier" "MMCE" ...
NULL
Writing result file: /home/probst/Random_Forest/RFSplitbias/results/Splitbias-files/jobs/22/4422-result.RData
########## Executing jid=4423 ##########
Timestamp: 2016-04-28 15:03:56
Experiment: 
  Problem: taski 
  Problem parameters: idi=3682, learner=, teststat=, testtype= 
  Algorithm: forest.splitbias.oob 
  Algorithm parameters:  
  Replication: 40 
  Seed: 4423 
  Problem seed: 162 
Setting seed: 4423
Applying Algorithm forest.splitbias.oob ...
Generating problem taski ...
Result:
List of 3
 $ idi   : int 3682
 $ lrn   : chr [1:3] "randomForest" "oob" ""
 $ result: Named num [1:5] 0.646 0.352 0.486 0.354 0.51
  ..- attr(*, "names")= chr [1:5] "ACC" "BER" "multiclass.brier" "MMCE" ...
NULL
Writing result file: /home/probst/Random_Forest/RFSplitbias/results/Splitbias-files/jobs/23/4423-result.RData
########## Executing jid=4424 ##########
Timestamp: 2016-04-28 15:03:56
Experiment: 
  Problem: taski 
  Problem parameters: idi=3682, learner=, teststat=, testtype= 
  Algorithm: forest.splitbias.oob 
  Algorithm parameters:  
  Replication: 41 
  Seed: 4424 
  Problem seed: 163 
Setting seed: 4424
Applying Algorithm forest.splitbias.oob ...
Generating problem taski ...
Result:
List of 3
 $ idi   : int 3682
 $ lrn   : chr [1:3] "randomForest" "oob" ""
 $ result: Named num [1:5] 0.625 0.374 0.481 0.375 0.523
  ..- attr(*, "names")= chr [1:5] "ACC" "BER" "multiclass.brier" "MMCE" ...
NULL
Writing result file: /home/probst/Random_Forest/RFSplitbias/results/Splitbias-files/jobs/24/4424-result.RData
########## Executing jid=4425 ##########
Timestamp: 2016-04-28 15:03:57
Experiment: 
  Problem: taski 
  Problem parameters: idi=3682, learner=, teststat=, testtype= 
  Algorithm: forest.splitbias.oob 
  Algorithm parameters:  
  Replication: 42 
  Seed: 4425 
  Problem seed: 164 
Setting seed: 4425
Applying Algorithm forest.splitbias.oob ...
Generating problem taski ...
Result:
List of 3
 $ idi   : int 3682
 $ lrn   : chr [1:3] "randomForest" "oob" ""
 $ result: Named num [1:5] 0.625 0.374 0.481 0.375 0.511
  ..- attr(*, "names")= chr [1:5] "ACC" "BER" "multiclass.brier" "MMCE" ...
NULL
Writing result file: /home/probst/Random_Forest/RFSplitbias/results/Splitbias-files/jobs/25/4425-result.RData
########## Executing jid=4426 ##########
Timestamp: 2016-04-28 15:03:57
Experiment: 
  Problem: taski 
  Problem parameters: idi=3682, learner=, teststat=, testtype= 
  Algorithm: forest.splitbias.oob 
  Algorithm parameters:  
  Replication: 43 
  Seed: 4426 
  Problem seed: 165 
Setting seed: 4426
Applying Algorithm forest.splitbias.oob ...
Generating problem taski ...
Result:
List of 3
 $ idi   : int 3682
 $ lrn   : chr [1:3] "randomForest" "oob" ""
 $ result: Named num [1:5] 0.646 0.352 0.471 0.354 0.517
  ..- attr(*, "names")= chr [1:5] "ACC" "BER" "multiclass.brier" "MMCE" ...
NULL
Writing result file: /home/probst/Random_Forest/RFSplitbias/results/Splitbias-files/jobs/26/4426-result.RData
########## Executing jid=4427 ##########
Timestamp: 2016-04-28 15:03:58
Experiment: 
  Problem: taski 
  Problem parameters: idi=3682, learner=, teststat=, testtype= 
  Algorithm: forest.splitbias.oob 
  Algorithm parameters:  
  Replication: 44 
  Seed: 4427 
  Problem seed: 166 
Setting seed: 4427
Applying Algorithm forest.splitbias.oob ...
Generating problem taski ...
Result:
List of 3
 $ idi   : int 3682
 $ lrn   : chr [1:3] "randomForest" "oob" ""
 $ result: Named num [1:5] 0.646 0.352 0.468 0.354 0.497
  ..- attr(*, "names")= chr [1:5] "ACC" "BER" "multiclass.brier" "MMCE" ...
NULL
Writing result file: /home/probst/Random_Forest/RFSplitbias/results/Splitbias-files/jobs/27/4427-result.RData
########## Executing jid=4428 ##########
Timestamp: 2016-04-28 15:03:58
Experiment: 
  Problem: taski 
  Problem parameters: idi=3682, learner=, teststat=, testtype= 
  Algorithm: forest.splitbias.oob 
  Algorithm parameters:  
  Replication: 45 
  Seed: 4428 
  Problem seed: 167 
Setting seed: 4428
Applying Algorithm forest.splitbias.oob ...
Generating problem taski ...
Result:
List of 3
 $ idi   : int 3682
 $ lrn   : chr [1:3] "randomForest" "oob" ""
 $ result: Named num [1:5] 0.646 0.352 0.466 0.354 0.506
  ..- attr(*, "names")= chr [1:5] "ACC" "BER" "multiclass.brier" "MMCE" ...
NULL
Writing result file: /home/probst/Random_Forest/RFSplitbias/results/Splitbias-files/jobs/28/4428-result.RData
########## Executing jid=4429 ##########
Timestamp: 2016-04-28 15:03:59
Experiment: 
  Problem: taski 
  Problem parameters: idi=3682, learner=, teststat=, testtype= 
  Algorithm: forest.splitbias.oob 
  Algorithm parameters:  
  Replication: 46 
  Seed: 4429 
  Problem seed: 168 
Setting seed: 4429
Applying Algorithm forest.splitbias.oob ...
Generating problem taski ...
Result:
List of 3
 $ idi   : int 3682
 $ lrn   : chr [1:3] "randomForest" "oob" ""
 $ result: Named num [1:5] 0.646 0.352 0.473 0.354 0.508
  ..- attr(*, "names")= chr [1:5] "ACC" "BER" "multiclass.brier" "MMCE" ...
NULL
Writing result file: /home/probst/Random_Forest/RFSplitbias/results/Splitbias-files/jobs/29/4429-result.RData
########## Executing jid=4430 ##########
Timestamp: 2016-04-28 15:03:59
Experiment: 
  Problem: taski 
  Problem parameters: idi=3682, learner=, teststat=, testtype= 
  Algorithm: forest.splitbias.oob 
  Algorithm parameters:  
  Replication: 47 
  Seed: 4430 
  Problem seed: 169 
Setting seed: 4430
Applying Algorithm forest.splitbias.oob ...
Generating problem taski ...
Result:
List of 3
 $ idi   : int 3682
 $ lrn   : chr [1:3] "randomForest" "oob" ""
 $ result: Named num [1:5] 0.646 0.352 0.469 0.354 0.522
  ..- attr(*, "names")= chr [1:5] "ACC" "BER" "multiclass.brier" "MMCE" ...
NULL
Writing result file: /home/probst/Random_Forest/RFSplitbias/results/Splitbias-files/jobs/30/4430-result.RData
########## Executing jid=4431 ##########
Timestamp: 2016-04-28 15:04:00
Experiment: 
  Problem: taski 
  Problem parameters: idi=3682, learner=, teststat=, testtype= 
  Algorithm: forest.splitbias.oob 
  Algorithm parameters:  
  Replication: 48 
  Seed: 4431 
  Problem seed: 170 
Setting seed: 4431
Applying Algorithm forest.splitbias.oob ...
Generating problem taski ...
Result:
List of 3
 $ idi   : int 3682
 $ lrn   : chr [1:3] "randomForest" "oob" ""
 $ result: Named num [1:5] 0.646 0.352 0.473 0.354 0.512
  ..- attr(*, "names")= chr [1:5] "ACC" "BER" "multiclass.brier" "MMCE" ...
NULL
Writing result file: /home/probst/Random_Forest/RFSplitbias/results/Splitbias-files/jobs/31/4431-result.RData
########## Executing jid=4432 ##########
Timestamp: 2016-04-28 15:04:00
Experiment: 
  Problem: taski 
  Problem parameters: idi=3682, learner=, teststat=, testtype= 
  Algorithm: forest.splitbias.oob 
  Algorithm parameters:  
  Replication: 49 
  Seed: 4432 
  Problem seed: 171 
Setting seed: 4432
Applying Algorithm forest.splitbias.oob ...
Generating problem taski ...
Result:
List of 3
 $ idi   : int 3682
 $ lrn   : chr [1:3] "randomForest" "oob" ""
 $ result: Named num [1:5] 0.646 0.352 0.477 0.354 0.499
  ..- attr(*, "names")= chr [1:5] "ACC" "BER" "multiclass.brier" "MMCE" ...
NULL
Writing result file: /home/probst/Random_Forest/RFSplitbias/results/Splitbias-files/jobs/32/4432-result.RData
########## Executing jid=4433 ##########
Timestamp: 2016-04-28 15:04:01
Experiment: 
  Problem: taski 
  Problem parameters: idi=3682, learner=, teststat=, testtype= 
  Algorithm: forest.splitbias.oob 
  Algorithm parameters:  
  Replication: 50 
  Seed: 4433 
  Problem seed: 172 
Setting seed: 4433
Applying Algorithm forest.splitbias.oob ...
Generating problem taski ...
Result:
List of 3
 $ idi   : int 3682
 $ lrn   : chr [1:3] "randomForest" "oob" ""
 $ result: Named num [1:5] 0.646 0.352 0.476 0.354 0.49
  ..- attr(*, "names")= chr [1:5] "ACC" "BER" "multiclass.brier" "MMCE" ...
NULL
Writing result file: /home/probst/Random_Forest/RFSplitbias/results/Splitbias-files/jobs/33/4433-result.RData
########## Executing jid=4434 ##########
Timestamp: 2016-04-28 15:04:01
Experiment: 
  Problem: taski 
  Problem parameters: idi=3064, learner=, teststat=, testtype= 
  Algorithm: forest.splitbias.oob 
  Algorithm parameters:  
  Replication: 11 
  Seed: 4434 
  Problem seed: 133 
Setting seed: 4434
Applying Algorithm forest.splitbias.oob ...
Generating problem taski ...
Result:
List of 3
 $ idi   : int 3064
 $ lrn   : chr [1:3] "randomForest" "oob" ""
 $ result: Named num [1:5] 0.5 0.5 0.596 0.5 0.534
  ..- attr(*, "names")= chr [1:5] "ACC" "BER" "multiclass.brier" "MMCE" ...
NULL
Writing result file: /home/probst/Random_Forest/RFSplitbias/results/Splitbias-files/jobs/34/4434-result.RData
########## Executing jid=4435 ##########
Timestamp: 2016-04-28 15:04:02
Experiment: 
  Problem: taski 
  Problem parameters: idi=3064, learner=, teststat=, testtype= 
  Algorithm: forest.splitbias.oob 
  Algorithm parameters:  
  Replication: 12 
  Seed: 4435 
  Problem seed: 134 
Setting seed: 4435
Applying Algorithm forest.splitbias.oob ...
Generating problem taski ...
Result:
List of 3
 $ idi   : int 3064
 $ lrn   : chr [1:3] "randomForest" "oob" ""
 $ result: Named num [1:5] 0.54 0.46 0.577 0.46 0.531
  ..- attr(*, "names")= chr [1:5] "ACC" "BER" "multiclass.brier" "MMCE" ...
NULL
Writing result file: /home/probst/Random_Forest/RFSplitbias/results/Splitbias-files/jobs/35/4435-result.RData
########## Executing jid=4436 ##########
Timestamp: 2016-04-28 15:04:02
Experiment: 
  Problem: taski 
  Problem parameters: idi=3064, learner=, teststat=, testtype= 
  Algorithm: forest.splitbias.oob 
  Algorithm parameters:  
  Replication: 13 
  Seed: 4436 
  Problem seed: 135 
Setting seed: 4436
Applying Algorithm forest.splitbias.oob ...
Generating problem taski ...
Result:
List of 3
 $ idi   : int 3064
 $ lrn   : chr [1:3] "randomForest" "oob" ""
 $ result: Named num [1:5] 0.5 0.5 0.59 0.5 0.528
  ..- attr(*, "names")= chr [1:5] "ACC" "BER" "multiclass.brier" "MMCE" ...
NULL
Writing result file: /home/probst/Random_Forest/RFSplitbias/results/Splitbias-files/jobs/36/4436-result.RData
########## Executing jid=4437 ##########
Timestamp: 2016-04-28 15:04:03
Experiment: 
  Problem: taski 
  Problem parameters: idi=3064, learner=, teststat=, testtype= 
  Algorithm: forest.splitbias.oob 
  Algorithm parameters:  
  Replication: 14 
  Seed: 4437 
  Problem seed: 136 
Setting seed: 4437
Applying Algorithm forest.splitbias.oob ...
Generating problem taski ...
Result:
List of 3
 $ idi   : int 3064
 $ lrn   : chr [1:3] "randomForest" "oob" ""
 $ result: Named num [1:5] 0.5 0.5 0.592 0.5 0.544
  ..- attr(*, "names")= chr [1:5] "ACC" "BER" "multiclass.brier" "MMCE" ...
NULL
Writing result file: /home/probst/Random_Forest/RFSplitbias/results/Splitbias-files/jobs/37/4437-result.RData
########## Executing jid=4438 ##########
Timestamp: 2016-04-28 15:04:03
Experiment: 
  Problem: taski 
  Problem parameters: idi=3064, learner=, teststat=, testtype= 
  Algorithm: forest.splitbias.oob 
  Algorithm parameters:  
  Replication: 15 
  Seed: 4438 
  Problem seed: 137 
Setting seed: 4438
Applying Algorithm forest.splitbias.oob ...
Generating problem taski ...
Result:
List of 3
 $ idi   : int 3064
 $ lrn   : chr [1:3] "randomForest" "oob" ""
 $ result: Named num [1:5] 0.5 0.5 0.602 0.5 0.48
  ..- attr(*, "names")= chr [1:5] "ACC" "BER" "multiclass.brier" "MMCE" ...
NULL
Writing result file: /home/probst/Random_Forest/RFSplitbias/results/Splitbias-files/jobs/38/4438-result.RData
########## Executing jid=4439 ##########
Timestamp: 2016-04-28 15:04:04
Experiment: 
  Problem: taski 
  Problem parameters: idi=3064, learner=, teststat=, testtype= 
  Algorithm: forest.splitbias.oob 
  Algorithm parameters:  
  Replication: 16 
  Seed: 4439 
  Problem seed: 138 
Setting seed: 4439
Applying Algorithm forest.splitbias.oob ...
Generating problem taski ...
Result:
List of 3
 $ idi   : int 3064
 $ lrn   : chr [1:3] "randomForest" "oob" ""
 $ result: Named num [1:5] 0.56 0.44 0.583 0.44 0.536
  ..- attr(*, "names")= chr [1:5] "ACC" "BER" "multiclass.brier" "MMCE" ...
NULL
Writing result file: /home/probst/Random_Forest/RFSplitbias/results/Splitbias-files/jobs/39/4439-result.RData
########## Executing jid=4440 ##########
Timestamp: 2016-04-28 15:04:04
Experiment: 
  Problem: taski 
  Problem parameters: idi=3064, learner=, teststat=, testtype= 
  Algorithm: forest.splitbias.oob 
  Algorithm parameters:  
  Replication: 17 
  Seed: 4440 
  Problem seed: 139 
Setting seed: 4440
Applying Algorithm forest.splitbias.oob ...
Generating problem taski ...
Result:
List of 3
 $ idi   : int 3064
 $ lrn   : chr [1:3] "randomForest" "oob" ""
 $ result: Named num [1:5] 0.52 0.48 0.583 0.48 0.528
  ..- attr(*, "names")= chr [1:5] "ACC" "BER" "multiclass.brier" "MMCE" ...
NULL
Writing result file: /home/probst/Random_Forest/RFSplitbias/results/Splitbias-files/jobs/40/4440-result.RData
########## Executing jid=4441 ##########
Timestamp: 2016-04-28 15:04:04
Experiment: 
  Problem: taski 
  Problem parameters: idi=3064, learner=, teststat=, testtype= 
  Algorithm: forest.splitbias.oob 
  Algorithm parameters:  
  Replication: 18 
  Seed: 4441 
  Problem seed: 140 
Setting seed: 4441
Applying Algorithm forest.splitbias.oob ...
Generating problem taski ...
Result:
List of 3
 $ idi   : int 3064
 $ lrn   : chr [1:3] "randomForest" "oob" ""
 $ result: Named num [1:5] 0.5 0.5 0.6 0.5 0.557
  ..- attr(*, "names")= chr [1:5] "ACC" "BER" "multiclass.brier" "MMCE" ...
NULL
Writing result file: /home/probst/Random_Forest/RFSplitbias/results/Splitbias-files/jobs/41/4441-result.RData
########## Executing jid=4442 ##########
Timestamp: 2016-04-28 15:04:05
Experiment: 
  Problem: taski 
  Problem parameters: idi=3064, learner=, teststat=, testtype= 
  Algorithm: forest.splitbias.oob 
  Algorithm parameters:  
  Replication: 19 
  Seed: 4442 
  Problem seed: 141 
Setting seed: 4442
Applying Algorithm forest.splitbias.oob ...
Generating problem taski ...
Result:
List of 3
 $ idi   : int 3064
 $ lrn   : chr [1:3] "randomForest" "oob" ""
 $ result: Named num [1:5] 0.48 0.52 0.593 0.52 0.536
  ..- attr(*, "names")= chr [1:5] "ACC" "BER" "multiclass.brier" "MMCE" ...
NULL
Writing result file: /home/probst/Random_Forest/RFSplitbias/results/Splitbias-files/jobs/42/4442-result.RData
########## Executing jid=4443 ##########
Timestamp: 2016-04-28 15:04:05
Experiment: 
  Problem: taski 
  Problem parameters: idi=3064, learner=, teststat=, testtype= 
  Algorithm: forest.splitbias.oob 
  Algorithm parameters:  
  Replication: 20 
  Seed: 4443 
  Problem seed: 142 
Setting seed: 4443
Applying Algorithm forest.splitbias.oob ...
Generating problem taski ...
Result:
List of 3
 $ idi   : int 3064
 $ lrn   : chr [1:3] "randomForest" "oob" ""
 $ result: Named num [1:5] 0.54 0.46 0.582 0.46 0.531
  ..- attr(*, "names")= chr [1:5] "ACC" "BER" "multiclass.brier" "MMCE" ...
NULL
Writing result file: /home/probst/Random_Forest/RFSplitbias/results/Splitbias-files/jobs/43/4443-result.RData
########## Executing jid=4444 ##########
Timestamp: 2016-04-28 15:04:06
Experiment: 
  Problem: taski 
  Problem parameters: idi=3064, learner=, teststat=, testtype= 
  Algorithm: forest.splitbias.oob 
  Algorithm parameters:  
  Replication: 21 
  Seed: 4444 
  Problem seed: 143 
Setting seed: 4444
Applying Algorithm forest.splitbias.oob ...
Generating problem taski ...
Result:
List of 3
 $ idi   : int 3064
 $ lrn   : chr [1:3] "randomForest" "oob" ""
 $ result: Named num [1:5] 0.5 0.5 0.593 0.5 0.47
  ..- attr(*, "names")= chr [1:5] "ACC" "BER" "multiclass.brier" "MMCE" ...
NULL
Writing result file: /home/probst/Random_Forest/RFSplitbias/results/Splitbias-files/jobs/44/4444-result.RData
########## Executing jid=4445 ##########
Timestamp: 2016-04-28 15:04:06
Experiment: 
  Problem: taski 
  Problem parameters: idi=3064, learner=, teststat=, testtype= 
  Algorithm: forest.splitbias.oob 
  Algorithm parameters:  
  Replication: 22 
  Seed: 4445 
  Problem seed: 144 
Setting seed: 4445
Applying Algorithm forest.splitbias.oob ...
Generating problem taski ...
Result:
List of 3
 $ idi   : int 3064
 $ lrn   : chr [1:3] "randomForest" "oob" ""
 $ result: Named num [1:5] 0.52 0.48 0.596 0.48 0.526
  ..- attr(*, "names")= chr [1:5] "ACC" "BER" "multiclass.brier" "MMCE" ...
NULL
Writing result file: /home/probst/Random_Forest/RFSplitbias/results/Splitbias-files/jobs/45/4445-result.RData
########## Executing jid=4446 ##########
Timestamp: 2016-04-28 15:04:07
Experiment: 
  Problem: taski 
  Problem parameters: idi=3064, learner=, teststat=, testtype= 
  Algorithm: forest.splitbias.oob 
  Algorithm parameters:  
  Replication: 23 
  Seed: 4446 
  Problem seed: 145 
Setting seed: 4446
Applying Algorithm forest.splitbias.oob ...
Generating problem taski ...
Result:
List of 3
 $ idi   : int 3064
 $ lrn   : chr [1:3] "randomForest" "oob" ""
 $ result: Named num [1:5] 0.52 0.48 0.593 0.48 0.472
  ..- attr(*, "names")= chr [1:5] "ACC" "BER" "multiclass.brier" "MMCE" ...
NULL
Writing result file: /home/probst/Random_Forest/RFSplitbias/results/Splitbias-files/jobs/46/4446-result.RData
########## Executing jid=4447 ##########
Timestamp: 2016-04-28 15:04:07
Experiment: 
  Problem: taski 
  Problem parameters: idi=3064, learner=, teststat=, testtype= 
  Algorithm: forest.splitbias.oob 
  Algorithm parameters:  
  Replication: 24 
  Seed: 4447 
  Problem seed: 146 
Setting seed: 4447
Applying Algorithm forest.splitbias.oob ...
Generating problem taski ...
Result:
List of 3
 $ idi   : int 3064
 $ lrn   : chr [1:3] "randomForest" "oob" ""
 $ result: Named num [1:5] 0.54 0.46 0.586 0.46 0.525
  ..- attr(*, "names")= chr [1:5] "ACC" "BER" "multiclass.brier" "MMCE" ...
NULL
Writing result file: /home/probst/Random_Forest/RFSplitbias/results/Splitbias-files/jobs/47/4447-result.RData
########## Executing jid=4448 ##########
Timestamp: 2016-04-28 15:04:08
Experiment: 
  Problem: taski 
  Problem parameters: idi=3064, learner=, teststat=, testtype= 
  Algorithm: forest.splitbias.oob 
  Algorithm parameters:  
  Replication: 25 
  Seed: 4448 
  Problem seed: 147 
Setting seed: 4448
Applying Algorithm forest.splitbias.oob ...
Generating problem taski ...
Result:
List of 3
 $ idi   : int 3064
 $ lrn   : chr [1:3] "randomForest" "oob" ""
 $ result: Named num [1:5] 0.5 0.5 0.598 0.5 0.533
  ..- attr(*, "names")= chr [1:5] "ACC" "BER" "multiclass.brier" "MMCE" ...
NULL
Writing result file: /home/probst/Random_Forest/RFSplitbias/results/Splitbias-files/jobs/48/4448-result.RData
########## Executing jid=4449 ##########
Timestamp: 2016-04-28 15:04:08
Experiment: 
  Problem: taski 
  Problem parameters: idi=3064, learner=, teststat=, testtype= 
  Algorithm: forest.splitbias.oob 
  Algorithm parameters:  
  Replication: 26 
  Seed: 4449 
  Problem seed: 148 
Setting seed: 4449
Applying Algorithm forest.splitbias.oob ...
Generating problem taski ...
Result:
List of 3
 $ idi   : int 3064
 $ lrn   : chr [1:3] "randomForest" "oob" ""
 $ result: Named num [1:5] 0.54 0.46 0.585 0.46 0.528
  ..- attr(*, "names")= chr [1:5] "ACC" "BER" "multiclass.brier" "MMCE" ...
NULL
Writing result file: /home/probst/Random_Forest/RFSplitbias/results/Splitbias-files/jobs/49/4449-result.RData
########## Executing jid=4450 ##########
Timestamp: 2016-04-28 15:04:09
Experiment: 
  Problem: taski 
  Problem parameters: idi=3064, learner=, teststat=, testtype= 
  Algorithm: forest.splitbias.oob 
  Algorithm parameters:  
  Replication: 27 
  Seed: 4450 
  Problem seed: 149 
Setting seed: 4450
Applying Algorithm forest.splitbias.oob ...
Generating problem taski ...
Result:
List of 3
 $ idi   : int 3064
 $ lrn   : chr [1:3] "randomForest" "oob" ""
 $ result: Named num [1:5] 0.5 0.5 0.593 0.5 0.534
  ..- attr(*, "names")= chr [1:5] "ACC" "BER" "multiclass.brier" "MMCE" ...
NULL
Writing result file: /home/probst/Random_Forest/RFSplitbias/results/Splitbias-files/jobs/50/4450-result.RData
########## Executing jid=4451 ##########
Timestamp: 2016-04-28 15:04:09
Experiment: 
  Problem: taski 
  Problem parameters: idi=3064, learner=, teststat=, testtype= 
  Algorithm: forest.splitbias.oob 
  Algorithm parameters:  
  Replication: 28 
  Seed: 4451 
  Problem seed: 150 
Setting seed: 4451
Applying Algorithm forest.splitbias.oob ...
Generating problem taski ...
Result:
List of 3
 $ idi   : int 3064
 $ lrn   : chr [1:3] "randomForest" "oob" ""
 $ result: Named num [1:5] 0.48 0.52 0.591 0.52 0.542
  ..- attr(*, "names")= chr [1:5] "ACC" "BER" "multiclass.brier" "MMCE" ...
NULL
Writing result file: /home/probst/Random_Forest/RFSplitbias/results/Splitbias-files/jobs/51/4451-result.RData
########## Executing jid=4452 ##########
Timestamp: 2016-04-28 15:04:10
Experiment: 
  Problem: taski 
  Problem parameters: idi=3064, learner=, teststat=, testtype= 
  Algorithm: forest.splitbias.oob 
  Algorithm parameters:  
  Replication: 29 
  Seed: 4452 
  Problem seed: 151 
Setting seed: 4452
Applying Algorithm forest.splitbias.oob ...
Generating problem taski ...
Result:
List of 3
 $ idi   : int 3064
 $ lrn   : chr [1:3] "randomForest" "oob" ""
 $ result: Named num [1:5] 0.52 0.48 0.6 0.48 0.478
  ..- attr(*, "names")= chr [1:5] "ACC" "BER" "multiclass.brier" "MMCE" ...
NULL
Writing result file: /home/probst/Random_Forest/RFSplitbias/results/Splitbias-files/jobs/52/4452-result.RData
########## Executing jid=4453 ##########
Timestamp: 2016-04-28 15:04:10
Experiment: 
  Problem: taski 
  Problem parameters: idi=3064, learner=, teststat=, testtype= 
  Algorithm: forest.splitbias.oob 
  Algorithm parameters:  
  Replication: 30 
  Seed: 4453 
  Problem seed: 152 
Setting seed: 4453
Applying Algorithm forest.splitbias.oob ...
Generating problem taski ...
Result:
List of 3
 $ idi   : int 3064
 $ lrn   : chr [1:3] "randomForest" "oob" ""
 $ result: Named num [1:5] 0.54 0.46 0.591 0.46 0.525
  ..- attr(*, "names")= chr [1:5] "ACC" "BER" "multiclass.brier" "MMCE" ...
NULL
Writing result file: /home/probst/Random_Forest/RFSplitbias/results/Splitbias-files/jobs/53/4453-result.RData
########## Executing jid=4454 ##########
Timestamp: 2016-04-28 15:04:11
Experiment: 
  Problem: taski 
  Problem parameters: idi=3064, learner=, teststat=, testtype= 
  Algorithm: forest.splitbias.oob 
  Algorithm parameters:  
  Replication: 31 
  Seed: 4454 
  Problem seed: 153 
Setting seed: 4454
Applying Algorithm forest.splitbias.oob ...
Generating problem taski ...
Result:
List of 3
 $ idi   : int 3064
 $ lrn   : chr [1:3] "randomForest" "oob" ""
 $ result: Named num [1:5] 0.54 0.46 0.581 0.46 0.482
  ..- attr(*, "names")= chr [1:5] "ACC" "BER" "multiclass.brier" "MMCE" ...
NULL
Writing result file: /home/probst/Random_Forest/RFSplitbias/results/Splitbias-files/jobs/54/4454-result.RData
########## Executing jid=4455 ##########
Timestamp: 2016-04-28 15:04:11
Experiment: 
  Problem: taski 
  Problem parameters: idi=3064, learner=, teststat=, testtype= 
  Algorithm: forest.splitbias.oob 
  Algorithm parameters:  
  Replication: 32 
  Seed: 4455 
  Problem seed: 154 
Setting seed: 4455
Applying Algorithm forest.splitbias.oob ...
Generating problem taski ...
Result:
List of 3
 $ idi   : int 3064
 $ lrn   : chr [1:3] "randomForest" "oob" ""
 $ result: Named num [1:5] 0.52 0.48 0.592 0.48 0.53
  ..- attr(*, "names")= chr [1:5] "ACC" "BER" "multiclass.brier" "MMCE" ...
NULL
Writing result file: /home/probst/Random_Forest/RFSplitbias/results/Splitbias-files/jobs/55/4455-result.RData
########## Executing jid=4456 ##########
Timestamp: 2016-04-28 15:04:12
Experiment: 
  Problem: taski 
  Problem parameters: idi=3064, learner=, teststat=, testtype= 
  Algorithm: forest.splitbias.oob 
  Algorithm parameters:  
  Replication: 33 
  Seed: 4456 
  Problem seed: 155 
Setting seed: 4456
Applying Algorithm forest.splitbias.oob ...
Generating problem taski ...
Result:
List of 3
 $ idi   : int 3064
 $ lrn   : chr [1:3] "randomForest" "oob" ""
 $ result: Named num [1:5] 0.48 0.52 0.597 0.52 0.491
  ..- attr(*, "names")= chr [1:5] "ACC" "BER" "multiclass.brier" "MMCE" ...
NULL
Writing result file: /home/probst/Random_Forest/RFSplitbias/results/Splitbias-files/jobs/56/4456-result.RData
########## Executing jid=4457 ##########
Timestamp: 2016-04-28 15:04:12
Experiment: 
  Problem: taski 
  Problem parameters: idi=3064, learner=, teststat=, testtype= 
  Algorithm: forest.splitbias.oob 
  Algorithm parameters:  
  Replication: 34 
  Seed: 4457 
  Problem seed: 156 
Setting seed: 4457
Applying Algorithm forest.splitbias.oob ...
Generating problem taski ...
Result:
List of 3
 $ idi   : int 3064
 $ lrn   : chr [1:3] "randomForest" "oob" ""
 $ result: Named num [1:5] 0.5 0.5 0.594 0.5 0.547
  ..- attr(*, "names")= chr [1:5] "ACC" "BER" "multiclass.brier" "MMCE" ...
NULL
Writing result file: /home/probst/Random_Forest/RFSplitbias/results/Splitbias-files/jobs/57/4457-result.RData
########## Executing jid=4458 ##########
Timestamp: 2016-04-28 15:04:13
Experiment: 
  Problem: taski 
  Problem parameters: idi=3064, learner=, teststat=, testtype= 
  Algorithm: forest.splitbias.oob 
  Algorithm parameters:  
  Replication: 35 
  Seed: 4458 
  Problem seed: 157 
Setting seed: 4458
Applying Algorithm forest.splitbias.oob ...
Generating problem taski ...
Result:
List of 3
 $ idi   : int 3064
 $ lrn   : chr [1:3] "randomForest" "oob" ""
 $ result: Named num [1:5] 0.5 0.5 0.589 0.5 0.523
  ..- attr(*, "names")= chr [1:5] "ACC" "BER" "multiclass.brier" "MMCE" ...
NULL
Writing result file: /home/probst/Random_Forest/RFSplitbias/results/Splitbias-files/jobs/58/4458-result.RData
########## Executing jid=4459 ##########
Timestamp: 2016-04-28 15:04:13
Experiment: 
  Problem: taski 
  Problem parameters: idi=3064, learner=, teststat=, testtype= 
  Algorithm: forest.splitbias.oob 
  Algorithm parameters:  
  Replication: 36 
  Seed: 4459 
  Problem seed: 158 
Setting seed: 4459
Applying Algorithm forest.splitbias.oob ...
Generating problem taski ...
Result:
List of 3
 $ idi   : int 3064
 $ lrn   : chr [1:3] "randomForest" "oob" ""
 $ result: Named num [1:5] 0.48 0.52 0.594 0.52 0.522
  ..- attr(*, "names")= chr [1:5] "ACC" "BER" "multiclass.brier" "MMCE" ...
NULL
Writing result file: /home/probst/Random_Forest/RFSplitbias/results/Splitbias-files/jobs/59/4459-result.RData
########## Executing jid=4460 ##########
Timestamp: 2016-04-28 15:04:14
Experiment: 
  Problem: taski 
  Problem parameters: idi=3064, learner=, teststat=, testtype= 
  Algorithm: forest.splitbias.oob 
  Algorithm parameters:  
  Replication: 37 
  Seed: 4460 
  Problem seed: 159 
Setting seed: 4460
Applying Algorithm forest.splitbias.oob ...
Generating problem taski ...
Result:
List of 3
 $ idi   : int 3064
 $ lrn   : chr [1:3] "randomForest" "oob" ""
 $ result: Named num [1:5] 0.48 0.52 0.602 0.52 0.542
  ..- attr(*, "names")= chr [1:5] "ACC" "BER" "multiclass.brier" "MMCE" ...
NULL
Writing result file: /home/probst/Random_Forest/RFSplitbias/results/Splitbias-files/jobs/60/4460-result.RData
########## Executing jid=4461 ##########
Timestamp: 2016-04-28 15:04:14
Experiment: 
  Problem: taski 
  Problem parameters: idi=3064, learner=, teststat=, testtype= 
  Algorithm: forest.splitbias.oob 
  Algorithm parameters:  
  Replication: 38 
  Seed: 4461 
  Problem seed: 160 
Setting seed: 4461
Applying Algorithm forest.splitbias.oob ...
Generating problem taski ...
Result:
List of 3
 $ idi   : int 3064
 $ lrn   : chr [1:3] "randomForest" "oob" ""
 $ result: Named num [1:5] 0.52 0.48 0.584 0.48 0.478
  ..- attr(*, "names")= chr [1:5] "ACC" "BER" "multiclass.brier" "MMCE" ...
NULL
Writing result file: /home/probst/Random_Forest/RFSplitbias/results/Splitbias-files/jobs/61/4461-result.RData
########## Executing jid=4462 ##########
Timestamp: 2016-04-28 15:04:15
Experiment: 
  Problem: taski 
  Problem parameters: idi=3064, learner=, teststat=, testtype= 
  Algorithm: forest.splitbias.oob 
  Algorithm parameters:  
  Replication: 39 
  Seed: 4462 
  Problem seed: 161 
Setting seed: 4462
Applying Algorithm forest.splitbias.oob ...
Generating problem taski ...
Result:
List of 3
 $ idi   : int 3064
 $ lrn   : chr [1:3] "randomForest" "oob" ""
 $ result: Named num [1:5] 0.52 0.48 0.594 0.48 0.478
  ..- attr(*, "names")= chr [1:5] "ACC" "BER" "multiclass.brier" "MMCE" ...
NULL
Writing result file: /home/probst/Random_Forest/RFSplitbias/results/Splitbias-files/jobs/62/4462-result.RData
########## Executing jid=4463 ##########
Timestamp: 2016-04-28 15:04:15
Experiment: 
  Problem: taski 
  Problem parameters: idi=3064, learner=, teststat=, testtype= 
  Algorithm: forest.splitbias.oob 
  Algorithm parameters:  
  Replication: 40 
  Seed: 4463 
  Problem seed: 162 
Setting seed: 4463
Applying Algorithm forest.splitbias.oob ...
Generating problem taski ...
Result:
List of 3
 $ idi   : int 3064
 $ lrn   : chr [1:3] "randomForest" "oob" ""
 $ result: Named num [1:5] 0.56 0.44 0.581 0.44 0.522
  ..- attr(*, "names")= chr [1:5] "ACC" "BER" "multiclass.brier" "MMCE" ...
NULL
Writing result file: /home/probst/Random_Forest/RFSplitbias/results/Splitbias-files/jobs/63/4463-result.RData
########## Executing jid=4464 ##########
Timestamp: 2016-04-28 15:04:16
Experiment: 
  Problem: taski 
  Problem parameters: idi=3064, learner=, teststat=, testtype= 
  Algorithm: forest.splitbias.oob 
  Algorithm parameters:  
  Replication: 41 
  Seed: 4464 
  Problem seed: 163 
Setting seed: 4464
Applying Algorithm forest.splitbias.oob ...
Generating problem taski ...
Result:
List of 3
 $ idi   : int 3064
 $ lrn   : chr [1:3] "randomForest" "oob" ""
 $ result: Named num [1:5] 0.46 0.54 0.607 0.54 0.525
  ..- attr(*, "names")= chr [1:5] "ACC" "BER" "multiclass.brier" "MMCE" ...
NULL
Writing result file: /home/probst/Random_Forest/RFSplitbias/results/Splitbias-files/jobs/64/4464-result.RData
########## Executing jid=4465 ##########
Timestamp: 2016-04-28 15:04:16
Experiment: 
  Problem: taski 
  Problem parameters: idi=3064, learner=, teststat=, testtype= 
  Algorithm: forest.splitbias.oob 
  Algorithm parameters:  
  Replication: 42 
  Seed: 4465 
  Problem seed: 164 
Setting seed: 4465
Applying Algorithm forest.splitbias.oob ...
Generating problem taski ...
Result:
List of 3
 $ idi   : int 3064
 $ lrn   : chr [1:3] "randomForest" "oob" ""
 $ result: Named num [1:5] 0.54 0.46 0.576 0.46 0.541
  ..- attr(*, "names")= chr [1:5] "ACC" "BER" "multiclass.brier" "MMCE" ...
NULL
Writing result file: /home/probst/Random_Forest/RFSplitbias/results/Splitbias-files/jobs/65/4465-result.RData
########## Executing jid=4466 ##########
Timestamp: 2016-04-28 15:04:17
Experiment: 
  Problem: taski 
  Problem parameters: idi=3064, learner=, teststat=, testtype= 
  Algorithm: forest.splitbias.oob 
  Algorithm parameters:  
  Replication: 43 
  Seed: 4466 
  Problem seed: 165 
Setting seed: 4466
Applying Algorithm forest.splitbias.oob ...
Generating problem taski ...
Result:
List of 3
 $ idi   : int 3064
 $ lrn   : chr [1:3] "randomForest" "oob" ""
 $ result: Named num [1:5] 0.52 0.48 0.598 0.48 0.474
  ..- attr(*, "names")= chr [1:5] "ACC" "BER" "multiclass.brier" "MMCE" ...
NULL
Writing result file: /home/probst/Random_Forest/RFSplitbias/results/Splitbias-files/jobs/66/4466-result.RData
########## Executing jid=4467 ##########
Timestamp: 2016-04-28 15:04:17
Experiment: 
  Problem: taski 
  Problem parameters: idi=3064, learner=, teststat=, testtype= 
  Algorithm: forest.splitbias.oob 
  Algorithm parameters:  
  Replication: 44 
  Seed: 4467 
  Problem seed: 166 
Setting seed: 4467
Applying Algorithm forest.splitbias.oob ...
Generating problem taski ...
Result:
List of 3
 $ idi   : int 3064
 $ lrn   : chr [1:3] "randomForest" "oob" ""
 $ result: Named num [1:5] 0.54 0.46 0.604 0.46 0.542
  ..- attr(*, "names")= chr [1:5] "ACC" "BER" "multiclass.brier" "MMCE" ...
NULL
Writing result file: /home/probst/Random_Forest/RFSplitbias/results/Splitbias-files/jobs/67/4467-result.RData
########## Executing jid=4468 ##########
Timestamp: 2016-04-28 15:04:18
Experiment: 
  Problem: taski 
  Problem parameters: idi=3064, learner=, teststat=, testtype= 
  Algorithm: forest.splitbias.oob 
  Algorithm parameters:  
  Replication: 45 
  Seed: 4468 
  Problem seed: 167 
Setting seed: 4468
Applying Algorithm forest.splitbias.oob ...
Generating problem taski ...
Result:
List of 3
 $ idi   : int 3064
 $ lrn   : chr [1:3] "randomForest" "oob" ""
 $ result: Named num [1:5] 0.54 0.46 0.583 0.46 0.534
  ..- attr(*, "names")= chr [1:5] "ACC" "BER" "multiclass.brier" "MMCE" ...
NULL
Writing result file: /home/probst/Random_Forest/RFSplitbias/results/Splitbias-files/jobs/68/4468-result.RData
########## Executing jid=4469 ##########
Timestamp: 2016-04-28 15:04:18
Experiment: 
  Problem: taski 
  Problem parameters: idi=3064, learner=, teststat=, testtype= 
  Algorithm: forest.splitbias.oob 
  Algorithm parameters:  
  Replication: 46 
  Seed: 4469 
  Problem seed: 168 
Setting seed: 4469
Applying Algorithm forest.splitbias.oob ...
Generating problem taski ...
Result:
List of 3
 $ idi   : int 3064
 $ lrn   : chr [1:3] "randomForest" "oob" ""
 $ result: Named num [1:5] 0.5 0.5 0.602 0.5 0.461
  ..- attr(*, "names")= chr [1:5] "ACC" "BER" "multiclass.brier" "MMCE" ...
NULL
Writing result file: /home/probst/Random_Forest/RFSplitbias/results/Splitbias-files/jobs/69/4469-result.RData
########## Executing jid=4470 ##########
Timestamp: 2016-04-28 15:04:19
Experiment: 
  Problem: taski 
  Problem parameters: idi=3064, learner=, teststat=, testtype= 
  Algorithm: forest.splitbias.oob 
  Algorithm parameters:  
  Replication: 47 
  Seed: 4470 
  Problem seed: 169 
Setting seed: 4470
Applying Algorithm forest.splitbias.oob ...
Generating problem taski ...
Result:
List of 3
 $ idi   : int 3064
 $ lrn   : chr [1:3] "randomForest" "oob" ""
 $ result: Named num [1:5] 0.54 0.46 0.594 0.46 0.475
  ..- attr(*, "names")= chr [1:5] "ACC" "BER" "multiclass.brier" "MMCE" ...
NULL
Writing result file: /home/probst/Random_Forest/RFSplitbias/results/Splitbias-files/jobs/70/4470-result.RData
########## Executing jid=4471 ##########
Timestamp: 2016-04-28 15:04:19
Experiment: 
  Problem: taski 
  Problem parameters: idi=3064, learner=, teststat=, testtype= 
  Algorithm: forest.splitbias.oob 
  Algorithm parameters:  
  Replication: 48 
  Seed: 4471 
  Problem seed: 170 
Setting seed: 4471
Applying Algorithm forest.splitbias.oob ...
Generating problem taski ...
Result:
List of 3
 $ idi   : int 3064
 $ lrn   : chr [1:3] "randomForest" "oob" ""
 $ result: Named num [1:5] 0.46 0.54 0.591 0.54 0.53
  ..- attr(*, "names")= chr [1:5] "ACC" "BER" "multiclass.brier" "MMCE" ...
NULL
Writing result file: /home/probst/Random_Forest/RFSplitbias/results/Splitbias-files/jobs/71/4471-result.RData
########## Executing jid=4472 ##########
Timestamp: 2016-04-28 15:04:20
Experiment: 
  Problem: taski 
  Problem parameters: idi=3064, learner=, teststat=, testtype= 
  Algorithm: forest.splitbias.oob 
  Algorithm parameters:  
  Replication: 49 
  Seed: 4472 
  Problem seed: 171 
Setting seed: 4472
Applying Algorithm forest.splitbias.oob ...
Generating problem taski ...
Result:
List of 3
 $ idi   : int 3064
 $ lrn   : chr [1:3] "randomForest" "oob" ""
 $ result: Named num [1:5] 0.48 0.52 0.603 0.52 0.533
  ..- attr(*, "names")= chr [1:5] "ACC" "BER" "multiclass.brier" "MMCE" ...
NULL
Writing result file: /home/probst/Random_Forest/RFSplitbias/results/Splitbias-files/jobs/72/4472-result.RData
########## Executing jid=4473 ##########
Timestamp: 2016-04-28 15:04:20
Experiment: 
  Problem: taski 
  Problem parameters: idi=3064, learner=, teststat=, testtype= 
  Algorithm: forest.splitbias.oob 
  Algorithm parameters:  
  Replication: 50 
  Seed: 4473 
  Problem seed: 172 
Setting seed: 4473
Applying Algorithm forest.splitbias.oob ...
Generating problem taski ...
Result:
List of 3
 $ idi   : int 3064
 $ lrn   : chr [1:3] "randomForest" "oob" ""
 $ result: Named num [1:5] 0.5 0.5 0.6 0.5 0.534
  ..- attr(*, "names")= chr [1:5] "ACC" "BER" "multiclass.brier" "MMCE" ...
NULL
Writing result file: /home/probst/Random_Forest/RFSplitbias/results/Splitbias-files/jobs/73/4473-result.RData
########## Executing jid=4474 ##########
Timestamp: 2016-04-28 15:04:21
Experiment: 
  Problem: taski 
  Problem parameters: idi=3805, learner=, teststat=, testtype= 
  Algorithm: forest.splitbias.oob 
  Algorithm parameters:  
  Replication: 11 
  Seed: 4474 
  Problem seed: 133 
Setting seed: 4474
Applying Algorithm forest.splitbias.oob ...
Generating problem taski ...
Result:
List of 3
 $ idi   : int 3805
 $ lrn   : chr [1:3] "randomForest" "oob" ""
 $ result: Named num [1:5] 0.5 0.519 0.858 0.5 0.978
  ..- attr(*, "names")= chr [1:5] "ACC" "BER" "multiclass.brier" "MMCE" ...
NULL
Writing result file: /home/probst/Random_Forest/RFSplitbias/results/Splitbias-files/jobs/74/4474-result.RData
########## Executing jid=4475 ##########
Timestamp: 2016-04-28 15:04:21
Experiment: 
  Problem: taski 
  Problem parameters: idi=3805, learner=, teststat=, testtype= 
  Algorithm: forest.splitbias.oob 
  Algorithm parameters:  
  Replication: 12 
  Seed: 4475 
  Problem seed: 134 
Setting seed: 4475
Applying Algorithm forest.splitbias.oob ...
Generating problem taski ...
Result:
List of 3
 $ idi   : int 3805
 $ lrn   : chr [1:3] "randomForest" "oob" ""
 $ result: Named num [1:5] 0.5 0.519 0.86 0.5 0.978
  ..- attr(*, "names")= chr [1:5] "ACC" "BER" "multiclass.brier" "MMCE" ...
NULL
Writing result file: /home/probst/Random_Forest/RFSplitbias/results/Splitbias-files/jobs/75/4475-result.RData
########## Executing jid=4476 ##########
Timestamp: 2016-04-28 15:04:22
Experiment: 
  Problem: taski 
  Problem parameters: idi=3805, learner=, teststat=, testtype= 
  Algorithm: forest.splitbias.oob 
  Algorithm parameters:  
  Replication: 13 
  Seed: 4476 
  Problem seed: 135 
Setting seed: 4476
Applying Algorithm forest.splitbias.oob ...
Generating problem taski ...
Result:
List of 3
 $ idi   : int 3805
 $ lrn   : chr [1:3] "randomForest" "oob" ""
 $ result: Named num [1:5] 0.5 0.519 0.867 0.5 0.984
  ..- attr(*, "names")= chr [1:5] "ACC" "BER" "multiclass.brier" "MMCE" ...
NULL
Writing result file: /home/probst/Random_Forest/RFSplitbias/results/Splitbias-files/jobs/76/4476-result.RData
########## Executing jid=4477 ##########
Timestamp: 2016-04-28 15:04:22
Experiment: 
  Problem: taski 
  Problem parameters: idi=3805, learner=, teststat=, testtype= 
  Algorithm: forest.splitbias.oob 
  Algorithm parameters:  
  Replication: 14 
  Seed: 4477 
  Problem seed: 136 
Setting seed: 4477
Applying Algorithm forest.splitbias.oob ...
Generating problem taski ...
Result:
List of 3
 $ idi   : int 3805
 $ lrn   : chr [1:3] "randomForest" "oob" ""
 $ result: Named num [1:5] 0.5 0.519 0.865 0.5 0.979
  ..- attr(*, "names")= chr [1:5] "ACC" "BER" "multiclass.brier" "MMCE" ...
NULL
Writing result file: /home/probst/Random_Forest/RFSplitbias/results/Splitbias-files/jobs/77/4477-result.RData
########## Executing jid=4478 ##########
Timestamp: 2016-04-28 15:04:23
Experiment: 
  Problem: taski 
  Problem parameters: idi=3805, learner=, teststat=, testtype= 
  Algorithm: forest.splitbias.oob 
  Algorithm parameters:  
  Replication: 15 
  Seed: 4478 
  Problem seed: 137 
Setting seed: 4478
Applying Algorithm forest.splitbias.oob ...
Generating problem taski ...
Result:
List of 3
 $ idi   : int 3805
 $ lrn   : chr [1:3] "randomForest" "oob" ""
 $ result: Named num [1:5] 0.5 0.519 0.857 0.5 0.978
  ..- attr(*, "names")= chr [1:5] "ACC" "BER" "multiclass.brier" "MMCE" ...
NULL
Writing result file: /home/probst/Random_Forest/RFSplitbias/results/Splitbias-files/jobs/78/4478-result.RData
########## Executing jid=4479 ##########
Timestamp: 2016-04-28 15:04:23
Experiment: 
  Problem: taski 
  Problem parameters: idi=3805, learner=, teststat=, testtype= 
  Algorithm: forest.splitbias.oob 
  Algorithm parameters:  
  Replication: 16 
  Seed: 4479 
  Problem seed: 138 
Setting seed: 4479
Applying Algorithm forest.splitbias.oob ...
Generating problem taski ...
Result:
List of 3
 $ idi   : int 3805
 $ lrn   : chr [1:3] "randomForest" "oob" ""
 $ result: Named num [1:5] 0.5 0.519 0.85 0.5 0.978
  ..- attr(*, "names")= chr [1:5] "ACC" "BER" "multiclass.brier" "MMCE" ...
NULL
Writing result file: /home/probst/Random_Forest/RFSplitbias/results/Splitbias-files/jobs/79/4479-result.RData
########## Executing jid=4480 ##########
Timestamp: 2016-04-28 15:04:24
Experiment: 
  Problem: taski 
  Problem parameters: idi=3805, learner=, teststat=, testtype= 
  Algorithm: forest.splitbias.oob 
  Algorithm parameters:  
  Replication: 17 
  Seed: 4480 
  Problem seed: 139 
Setting seed: 4480
Applying Algorithm forest.splitbias.oob ...
Generating problem taski ...
Result:
List of 3
 $ idi   : int 3805
 $ lrn   : chr [1:3] "randomForest" "oob" ""
 $ result: Named num [1:5] 0.5 0.519 0.875 0.5 0.976
  ..- attr(*, "names")= chr [1:5] "ACC" "BER" "multiclass.brier" "MMCE" ...
NULL
Writing result file: /home/probst/Random_Forest/RFSplitbias/results/Splitbias-files/jobs/80/4480-result.RData
########## Executing jid=4481 ##########
Timestamp: 2016-04-28 15:04:25
Experiment: 
  Problem: taski 
  Problem parameters: idi=3805, learner=, teststat=, testtype= 
  Algorithm: forest.splitbias.oob 
  Algorithm parameters:  
  Replication: 18 
  Seed: 4481 
  Problem seed: 140 
Setting seed: 4481
Applying Algorithm forest.splitbias.oob ...
Generating problem taski ...
Result:
List of 3
 $ idi   : int 3805
 $ lrn   : chr [1:3] "randomForest" "oob" ""
 $ result: Named num [1:5] 0.5 0.519 0.864 0.5 0.981
  ..- attr(*, "names")= chr [1:5] "ACC" "BER" "multiclass.brier" "MMCE" ...
NULL
Writing result file: /home/probst/Random_Forest/RFSplitbias/results/Splitbias-files/jobs/81/4481-result.RData
########## Executing jid=4482 ##########
Timestamp: 2016-04-28 15:04:25
Experiment: 
  Problem: taski 
  Problem parameters: idi=3805, learner=, teststat=, testtype= 
  Algorithm: forest.splitbias.oob 
  Algorithm parameters:  
  Replication: 19 
  Seed: 4482 
  Problem seed: 141 
Setting seed: 4482
Applying Algorithm forest.splitbias.oob ...
Generating problem taski ...
Result:
List of 3
 $ idi   : int 3805
 $ lrn   : chr [1:3] "randomForest" "oob" ""
 $ result: Named num [1:5] 0.5 0.519 0.85 0.5 0.978
  ..- attr(*, "names")= chr [1:5] "ACC" "BER" "multiclass.brier" "MMCE" ...
NULL
Writing result file: /home/probst/Random_Forest/RFSplitbias/results/Splitbias-files/jobs/82/4482-result.RData
########## Executing jid=4483 ##########
Timestamp: 2016-04-28 15:04:26
Experiment: 
  Problem: taski 
  Problem parameters: idi=3805, learner=, teststat=, testtype= 
  Algorithm: forest.splitbias.oob 
  Algorithm parameters:  
  Replication: 20 
  Seed: 4483 
  Problem seed: 142 
Setting seed: 4483
Applying Algorithm forest.splitbias.oob ...
Generating problem taski ...
Result:
List of 3
 $ idi   : int 3805
 $ lrn   : chr [1:3] "randomForest" "oob" ""
 $ result: Named num [1:5] 0.5 0.519 0.863 0.5 0.982
  ..- attr(*, "names")= chr [1:5] "ACC" "BER" "multiclass.brier" "MMCE" ...
NULL
Writing result file: /home/probst/Random_Forest/RFSplitbias/results/Splitbias-files/jobs/83/4483-result.RData
########## Executing jid=4484 ##########
Timestamp: 2016-04-28 15:04:26
Experiment: 
  Problem: taski 
  Problem parameters: idi=3805, learner=, teststat=, testtype= 
  Algorithm: forest.splitbias.oob 
  Algorithm parameters:  
  Replication: 21 
  Seed: 4484 
  Problem seed: 143 
Setting seed: 4484
Applying Algorithm forest.splitbias.oob ...
Generating problem taski ...
Result:
List of 3
 $ idi   : int 3805
 $ lrn   : chr [1:3] "randomForest" "oob" ""
 $ result: Named num [1:5] 0.5 0.519 0.872 0.5 0.979
  ..- attr(*, "names")= chr [1:5] "ACC" "BER" "multiclass.brier" "MMCE" ...
NULL
Writing result file: /home/probst/Random_Forest/RFSplitbias/results/Splitbias-files/jobs/84/4484-result.RData
########## Executing jid=4485 ##########
Timestamp: 2016-04-28 15:04:27
Experiment: 
  Problem: taski 
  Problem parameters: idi=3805, learner=, teststat=, testtype= 
  Algorithm: forest.splitbias.oob 
  Algorithm parameters:  
  Replication: 22 
  Seed: 4485 
  Problem seed: 144 
Setting seed: 4485
Applying Algorithm forest.splitbias.oob ...
Generating problem taski ...
Result:
List of 3
 $ idi   : int 3805
 $ lrn   : chr [1:3] "randomForest" "oob" ""
 $ result: Named num [1:5] 0.5 0.519 0.866 0.5 0.981
  ..- attr(*, "names")= chr [1:5] "ACC" "BER" "multiclass.brier" "MMCE" ...
NULL
Writing result file: /home/probst/Random_Forest/RFSplitbias/results/Splitbias-files/jobs/85/4485-result.RData
########## Executing jid=4486 ##########
Timestamp: 2016-04-28 15:04:27
Experiment: 
  Problem: taski 
  Problem parameters: idi=3805, learner=, teststat=, testtype= 
  Algorithm: forest.splitbias.oob 
  Algorithm parameters:  
  Replication: 23 
  Seed: 4486 
  Problem seed: 145 
Setting seed: 4486
Applying Algorithm forest.splitbias.oob ...
Generating problem taski ...
Result:
List of 3
 $ idi   : int 3805
 $ lrn   : chr [1:3] "randomForest" "oob" ""
 $ result: Named num [1:5] 0.5 0.519 0.872 0.5 0.976
  ..- attr(*, "names")= chr [1:5] "ACC" "BER" "multiclass.brier" "MMCE" ...
NULL
Writing result file: /home/probst/Random_Forest/RFSplitbias/results/Splitbias-files/jobs/86/4486-result.RData
########## Executing jid=4487 ##########
Timestamp: 2016-04-28 15:04:28
Experiment: 
  Problem: taski 
  Problem parameters: idi=3805, learner=, teststat=, testtype= 
  Algorithm: forest.splitbias.oob 
  Algorithm parameters:  
  Replication: 24 
  Seed: 4487 
  Problem seed: 146 
Setting seed: 4487
Applying Algorithm forest.splitbias.oob ...
Generating problem taski ...
Result:
List of 3
 $ idi   : int 3805
 $ lrn   : chr [1:3] "randomForest" "oob" ""
 $ result: Named num [1:5] 0.5 0.519 0.852 0.5 0.978
  ..- attr(*, "names")= chr [1:5] "ACC" "BER" "multiclass.brier" "MMCE" ...
NULL
Writing result file: /home/probst/Random_Forest/RFSplitbias/results/Splitbias-files/jobs/87/4487-result.RData
########## Executing jid=4488 ##########
Timestamp: 2016-04-28 15:04:28
Experiment: 
  Problem: taski 
  Problem parameters: idi=3805, learner=, teststat=, testtype= 
  Algorithm: forest.splitbias.oob 
  Algorithm parameters:  
  Replication: 25 
  Seed: 4488 
  Problem seed: 147 
Setting seed: 4488
Applying Algorithm forest.splitbias.oob ...
Generating problem taski ...
Result:
List of 3
 $ idi   : int 3805
 $ lrn   : chr [1:3] "randomForest" "oob" ""
 $ result: Named num [1:5] 0.5 0.519 0.864 0.5 0.974
  ..- attr(*, "names")= chr [1:5] "ACC" "BER" "multiclass.brier" "MMCE" ...
NULL
Writing result file: /home/probst/Random_Forest/RFSplitbias/results/Splitbias-files/jobs/88/4488-result.RData
########## Executing jid=4489 ##########
Timestamp: 2016-04-28 15:04:29
Experiment: 
  Problem: taski 
  Problem parameters: idi=3805, learner=, teststat=, testtype= 
  Algorithm: forest.splitbias.oob 
  Algorithm parameters:  
  Replication: 26 
  Seed: 4489 
  Problem seed: 148 
Setting seed: 4489
Applying Algorithm forest.splitbias.oob ...
Generating problem taski ...
Result:
List of 3
 $ idi   : int 3805
 $ lrn   : chr [1:3] "randomForest" "oob" ""
 $ result: Named num [1:5] 0.5 0.519 0.862 0.5 0.981
  ..- attr(*, "names")= chr [1:5] "ACC" "BER" "multiclass.brier" "MMCE" ...
NULL
Writing result file: /home/probst/Random_Forest/RFSplitbias/results/Splitbias-files/jobs/89/4489-result.RData
########## Executing jid=4490 ##########
Timestamp: 2016-04-28 15:04:29
Experiment: 
  Problem: taski 
  Problem parameters: idi=3805, learner=, teststat=, testtype= 
  Algorithm: forest.splitbias.oob 
  Algorithm parameters:  
  Replication: 27 
  Seed: 4490 
  Problem seed: 149 
Setting seed: 4490
Applying Algorithm forest.splitbias.oob ...
Generating problem taski ...
Result:
List of 3
 $ idi   : int 3805
 $ lrn   : chr [1:3] "randomForest" "oob" ""
 $ result: Named num [1:5] 0.5 0.519 0.854 0.5 0.978
  ..- attr(*, "names")= chr [1:5] "ACC" "BER" "multiclass.brier" "MMCE" ...
NULL
Writing result file: /home/probst/Random_Forest/RFSplitbias/results/Splitbias-files/jobs/90/4490-result.RData
########## Executing jid=4491 ##########
Timestamp: 2016-04-28 15:04:30
Experiment: 
  Problem: taski 
  Problem parameters: idi=3805, learner=, teststat=, testtype= 
  Algorithm: forest.splitbias.oob 
  Algorithm parameters:  
  Replication: 28 
  Seed: 4491 
  Problem seed: 150 
Setting seed: 4491
Applying Algorithm forest.splitbias.oob ...
Generating problem taski ...
Result:
List of 3
 $ idi   : int 3805
 $ lrn   : chr [1:3] "randomForest" "oob" ""
 $ result: Named num [1:5] 0.5 0.519 0.876 0.5 0.979
  ..- attr(*, "names")= chr [1:5] "ACC" "BER" "multiclass.brier" "MMCE" ...
NULL
Writing result file: /home/probst/Random_Forest/RFSplitbias/results/Splitbias-files/jobs/91/4491-result.RData
########## Executing jid=4492 ##########
Timestamp: 2016-04-28 15:04:30
Experiment: 
  Problem: taski 
  Problem parameters: idi=3805, learner=, teststat=, testtype= 
  Algorithm: forest.splitbias.oob 
  Algorithm parameters:  
  Replication: 29 
  Seed: 4492 
  Problem seed: 151 
Setting seed: 4492
Applying Algorithm forest.splitbias.oob ...
Generating problem taski ...
Result:
List of 3
 $ idi   : int 3805
 $ lrn   : chr [1:3] "randomForest" "oob" ""
 $ result: Named num [1:5] 0.5 0.519 0.873 0.5 0.982
  ..- attr(*, "names")= chr [1:5] "ACC" "BER" "multiclass.brier" "MMCE" ...
NULL
Writing result file: /home/probst/Random_Forest/RFSplitbias/results/Splitbias-files/jobs/92/4492-result.RData
########## Executing jid=4493 ##########
Timestamp: 2016-04-28 15:04:31
Experiment: 
  Problem: taski 
  Problem parameters: idi=3805, learner=, teststat=, testtype= 
  Algorithm: forest.splitbias.oob 
  Algorithm parameters:  
  Replication: 30 
  Seed: 4493 
  Problem seed: 152 
Setting seed: 4493
Applying Algorithm forest.splitbias.oob ...
Generating problem taski ...
Result:
List of 3
 $ idi   : int 3805
 $ lrn   : chr [1:3] "randomForest" "oob" ""
 $ result: Named num [1:5] 0.5 0.519 0.858 0.5 0.974
  ..- attr(*, "names")= chr [1:5] "ACC" "BER" "multiclass.brier" "MMCE" ...
NULL
Writing result file: /home/probst/Random_Forest/RFSplitbias/results/Splitbias-files/jobs/93/4493-result.RData
########## Executing jid=4494 ##########
Timestamp: 2016-04-28 15:04:31
Experiment: 
  Problem: taski 
  Problem parameters: idi=3805, learner=, teststat=, testtype= 
  Algorithm: forest.splitbias.oob 
  Algorithm parameters:  
  Replication: 31 
  Seed: 4494 
  Problem seed: 153 
Setting seed: 4494
Applying Algorithm forest.splitbias.oob ...
Generating problem taski ...
Result:
List of 3
 $ idi   : int 3805
 $ lrn   : chr [1:3] "randomForest" "oob" ""
 $ result: Named num [1:5] 0.5 0.519 0.868 0.5 0.981
  ..- attr(*, "names")= chr [1:5] "ACC" "BER" "multiclass.brier" "MMCE" ...
NULL
Writing result file: /home/probst/Random_Forest/RFSplitbias/results/Splitbias-files/jobs/94/4494-result.RData
########## Executing jid=4495 ##########
Timestamp: 2016-04-28 15:04:32
Experiment: 
  Problem: taski 
  Problem parameters: idi=3805, learner=, teststat=, testtype= 
  Algorithm: forest.splitbias.oob 
  Algorithm parameters:  
  Replication: 32 
  Seed: 4495 
  Problem seed: 154 
Setting seed: 4495
Applying Algorithm forest.splitbias.oob ...
Generating problem taski ...
Result:
List of 3
 $ idi   : int 3805
 $ lrn   : chr [1:3] "randomForest" "oob" ""
 $ result: Named num [1:5] 0.5 0.519 0.854 0.5 0.979
  ..- attr(*, "names")= chr [1:5] "ACC" "BER" "multiclass.brier" "MMCE" ...
NULL
Writing result file: /home/probst/Random_Forest/RFSplitbias/results/Splitbias-files/jobs/95/4495-result.RData
########## Executing jid=4496 ##########
Timestamp: 2016-04-28 15:04:32
Experiment: 
  Problem: taski 
  Problem parameters: idi=3805, learner=, teststat=, testtype= 
  Algorithm: forest.splitbias.oob 
  Algorithm parameters:  
  Replication: 33 
  Seed: 4496 
  Problem seed: 155 
Setting seed: 4496
Applying Algorithm forest.splitbias.oob ...
Generating problem taski ...
Result:
List of 3
 $ idi   : int 3805
 $ lrn   : chr [1:3] "randomForest" "oob" ""
 $ result: Named num [1:5] 0.5 0.519 0.879 0.5 0.981
  ..- attr(*, "names")= chr [1:5] "ACC" "BER" "multiclass.brier" "MMCE" ...
NULL
Writing result file: /home/probst/Random_Forest/RFSplitbias/results/Splitbias-files/jobs/96/4496-result.RData
########## Executing jid=4497 ##########
Timestamp: 2016-04-28 15:04:33
Experiment: 
  Problem: taski 
  Problem parameters: idi=3805, learner=, teststat=, testtype= 
  Algorithm: forest.splitbias.oob 
  Algorithm parameters:  
  Replication: 34 
  Seed: 4497 
  Problem seed: 156 
Setting seed: 4497
Applying Algorithm forest.splitbias.oob ...
Generating problem taski ...
Result:
List of 3
 $ idi   : int 3805
 $ lrn   : chr [1:3] "randomForest" "oob" ""
 $ result: Named num [1:5] 0.5 0.519 0.87 0.5 0.979
  ..- attr(*, "names")= chr [1:5] "ACC" "BER" "multiclass.brier" "MMCE" ...
NULL
Writing result file: /home/probst/Random_Forest/RFSplitbias/results/Splitbias-files/jobs/97/4497-result.RData
########## Executing jid=4498 ##########
Timestamp: 2016-04-28 15:04:33
Experiment: 
  Problem: taski 
  Problem parameters: idi=3805, learner=, teststat=, testtype= 
  Algorithm: forest.splitbias.oob 
  Algorithm parameters:  
  Replication: 35 
  Seed: 4498 
  Problem seed: 157 
Setting seed: 4498
Applying Algorithm forest.splitbias.oob ...
Generating problem taski ...
Result:
List of 3
 $ idi   : int 3805
 $ lrn   : chr [1:3] "randomForest" "oob" ""
 $ result: Named num [1:5] 0.5 0.519 0.855 0.5 0.981
  ..- attr(*, "names")= chr [1:5] "ACC" "BER" "multiclass.brier" "MMCE" ...
NULL
Writing result file: /home/probst/Random_Forest/RFSplitbias/results/Splitbias-files/jobs/98/4498-result.RData
########## Executing jid=4499 ##########
Timestamp: 2016-04-28 15:04:34
Experiment: 
  Problem: taski 
  Problem parameters: idi=3805, learner=, teststat=, testtype= 
  Algorithm: forest.splitbias.oob 
  Algorithm parameters:  
  Replication: 36 
  Seed: 4499 
  Problem seed: 158 
Setting seed: 4499
Applying Algorithm forest.splitbias.oob ...
Generating problem taski ...
Result:
List of 3
 $ idi   : int 3805
 $ lrn   : chr [1:3] "randomForest" "oob" ""
 $ result: Named num [1:5] 0.5 0.519 0.862 0.5 0.979
  ..- attr(*, "names")= chr [1:5] "ACC" "BER" "multiclass.brier" "MMCE" ...
NULL
Writing result file: /home/probst/Random_Forest/RFSplitbias/results/Splitbias-files/jobs/99/4499-result.RData
########## Executing jid=4500 ##########
Timestamp: 2016-04-28 15:04:34
Experiment: 
  Problem: taski 
  Problem parameters: idi=3805, learner=, teststat=, testtype= 
  Algorithm: forest.splitbias.oob 
  Algorithm parameters:  
  Replication: 37 
  Seed: 4500 
  Problem seed: 159 
Setting seed: 4500
Applying Algorithm forest.splitbias.oob ...
Generating problem taski ...
Result:
List of 3
 $ idi   : int 3805
 $ lrn   : chr [1:3] "randomForest" "oob" ""
 $ result: Named num [1:5] 0.5 0.519 0.87 0.5 0.976
  ..- attr(*, "names")= chr [1:5] "ACC" "BER" "multiclass.brier" "MMCE" ...
NULL
Writing result file: /home/probst/Random_Forest/RFSplitbias/results/Splitbias-files/jobs/00/4500-result.RData
########## Executing jid=4501 ##########
Timestamp: 2016-04-28 15:04:35
Experiment: 
  Problem: taski 
  Problem parameters: idi=3805, learner=, teststat=, testtype= 
  Algorithm: forest.splitbias.oob 
  Algorithm parameters:  
  Replication: 38 
  Seed: 4501 
  Problem seed: 160 
Setting seed: 4501
Applying Algorithm forest.splitbias.oob ...
Generating problem taski ...
Result:
List of 3
 $ idi   : int 3805
 $ lrn   : chr [1:3] "randomForest" "oob" ""
 $ result: Named num [1:5] 0.5 0.519 0.855 0.5 0.978
  ..- attr(*, "names")= chr [1:5] "ACC" "BER" "multiclass.brier" "MMCE" ...
NULL
Writing result file: /home/probst/Random_Forest/RFSplitbias/results/Splitbias-files/jobs/01/4501-result.RData
########## Executing jid=4502 ##########
Timestamp: 2016-04-28 15:04:35
Experiment: 
  Problem: taski 
  Problem parameters: idi=3805, learner=, teststat=, testtype= 
  Algorithm: forest.splitbias.oob 
  Algorithm parameters:  
  Replication: 39 
  Seed: 4502 
  Problem seed: 161 
Setting seed: 4502
Applying Algorithm forest.splitbias.oob ...
Generating problem taski ...
Result:
List of 3
 $ idi   : int 3805
 $ lrn   : chr [1:3] "randomForest" "oob" ""
 $ result: Named num [1:5] 0.5 0.519 0.87 0.5 0.979
  ..- attr(*, "names")= chr [1:5] "ACC" "BER" "multiclass.brier" "MMCE" ...
NULL
Writing result file: /home/probst/Random_Forest/RFSplitbias/results/Splitbias-files/jobs/02/4502-result.RData
########## Executing jid=4503 ##########
Timestamp: 2016-04-28 15:04:36
Experiment: 
  Problem: taski 
  Problem parameters: idi=3805, learner=, teststat=, testtype= 
  Algorithm: forest.splitbias.oob 
  Algorithm parameters:  
  Replication: 40 
  Seed: 4503 
  Problem seed: 162 
Setting seed: 4503
Applying Algorithm forest.splitbias.oob ...
Generating problem taski ...
Result:
List of 3
 $ idi   : int 3805
 $ lrn   : chr [1:3] "randomForest" "oob" ""
 $ result: Named num [1:5] 0.5 0.519 0.865 0.5 0.982
  ..- attr(*, "names")= chr [1:5] "ACC" "BER" "multiclass.brier" "MMCE" ...
NULL
Writing result file: /home/probst/Random_Forest/RFSplitbias/results/Splitbias-files/jobs/03/4503-result.RData
2016-04-28 15:04:36: All done.
Setting work back to: /nfsmb/koll/probst/Random_Forest/RFSplitbias/results
Memory usage according to gc:
          used (Mb) gc trigger  (Mb) max used  (Mb)
Ncells 1809887 96.7    3205452 171.2  1991443 106.4
Vcells 4654562 35.6   13750151 105.0  5363730  41.0
