Loading registry: /home/probst/Random_Forest/RFSplitbias/results/Splitbias-files/registry.RData
Loading conf: 
2016-04-28 15:06:16: Starting job on node lin65.
Auto-mailer settings: start=none, done=none, error=none.
Setting work dir: /nfsmb/koll/probst/Random_Forest/RFSplitbias/results
########## Executing jid=4704 ##########
Timestamp: 2016-04-28 15:06:16
Experiment: 
  Problem: taski 
  Problem parameters: idi=3701, learner=, teststat=, testtype= 
  Algorithm: forest.splitbias.oob 
  Algorithm parameters:  
  Replication: 41 
  Seed: 4704 
  Problem seed: 163 
Setting seed: 4704
Applying Algorithm forest.splitbias.oob ...
Generating problem taski ...
Result:
List of 3
 $ idi   : int 3701
 $ lrn   : chr [1:3] "randomForest" "oob" ""
 $ result: Named num [1:5] 0.412 0.611 0.732 0.588 0.702
  ..- attr(*, "names")= chr [1:5] "ACC" "BER" "multiclass.brier" "MMCE" ...
NULL
Writing result file: /home/probst/Random_Forest/RFSplitbias/results/Splitbias-files/jobs/04/4704-result.RData
########## Executing jid=4705 ##########
Timestamp: 2016-04-28 15:06:17
Experiment: 
  Problem: taski 
  Problem parameters: idi=3701, learner=, teststat=, testtype= 
  Algorithm: forest.splitbias.oob 
  Algorithm parameters:  
  Replication: 42 
  Seed: 4705 
  Problem seed: 164 
Setting seed: 4705
Applying Algorithm forest.splitbias.oob ...
Generating problem taski ...
Result:
List of 3
 $ idi   : int 3701
 $ lrn   : chr [1:3] "randomForest" "oob" ""
 $ result: Named num [1:5] 0.382 0.644 0.736 0.618 0.691
  ..- attr(*, "names")= chr [1:5] "ACC" "BER" "multiclass.brier" "MMCE" ...
NULL
Writing result file: /home/probst/Random_Forest/RFSplitbias/results/Splitbias-files/jobs/05/4705-result.RData
########## Executing jid=4706 ##########
Timestamp: 2016-04-28 15:06:17
Experiment: 
  Problem: taski 
  Problem parameters: idi=3701, learner=, teststat=, testtype= 
  Algorithm: forest.splitbias.oob 
  Algorithm parameters:  
  Replication: 43 
  Seed: 4706 
  Problem seed: 165 
Setting seed: 4706
Applying Algorithm forest.splitbias.oob ...
Generating problem taski ...
Result:
List of 3
 $ idi   : int 3701
 $ lrn   : chr [1:3] "randomForest" "oob" ""
 $ result: Named num [1:5] 0.382 0.644 0.713 0.618 0.684
  ..- attr(*, "names")= chr [1:5] "ACC" "BER" "multiclass.brier" "MMCE" ...
NULL
Writing result file: /home/probst/Random_Forest/RFSplitbias/results/Splitbias-files/jobs/06/4706-result.RData
########## Executing jid=4707 ##########
Timestamp: 2016-04-28 15:06:18
Experiment: 
  Problem: taski 
  Problem parameters: idi=3701, learner=, teststat=, testtype= 
  Algorithm: forest.splitbias.oob 
  Algorithm parameters:  
  Replication: 44 
  Seed: 4707 
  Problem seed: 166 
Setting seed: 4707
Applying Algorithm forest.splitbias.oob ...
Generating problem taski ...
Result:
List of 3
 $ idi   : int 3701
 $ lrn   : chr [1:3] "randomForest" "oob" ""
 $ result: Named num [1:5] 0.382 0.644 0.727 0.618 0.674
  ..- attr(*, "names")= chr [1:5] "ACC" "BER" "multiclass.brier" "MMCE" ...
NULL
Writing result file: /home/probst/Random_Forest/RFSplitbias/results/Splitbias-files/jobs/07/4707-result.RData
########## Executing jid=4708 ##########
Timestamp: 2016-04-28 15:06:18
Experiment: 
  Problem: taski 
  Problem parameters: idi=3701, learner=, teststat=, testtype= 
  Algorithm: forest.splitbias.oob 
  Algorithm parameters:  
  Replication: 45 
  Seed: 4708 
  Problem seed: 167 
Setting seed: 4708
Applying Algorithm forest.splitbias.oob ...
Generating problem taski ...
Result:
List of 3
 $ idi   : int 3701
 $ lrn   : chr [1:3] "randomForest" "oob" ""
 $ result: Named num [1:5] 0.353 0.677 0.709 0.647 0.695
  ..- attr(*, "names")= chr [1:5] "ACC" "BER" "multiclass.brier" "MMCE" ...
NULL
Writing result file: /home/probst/Random_Forest/RFSplitbias/results/Splitbias-files/jobs/08/4708-result.RData
########## Executing jid=4709 ##########
Timestamp: 2016-04-28 15:06:19
Experiment: 
  Problem: taski 
  Problem parameters: idi=3701, learner=, teststat=, testtype= 
  Algorithm: forest.splitbias.oob 
  Algorithm parameters:  
  Replication: 46 
  Seed: 4709 
  Problem seed: 168 
Setting seed: 4709
Applying Algorithm forest.splitbias.oob ...
Generating problem taski ...
Result:
List of 3
 $ idi   : int 3701
 $ lrn   : chr [1:3] "randomForest" "oob" ""
 $ result: Named num [1:5] 0.324 0.704 0.725 0.676 0.646
  ..- attr(*, "names")= chr [1:5] "ACC" "BER" "multiclass.brier" "MMCE" ...
NULL
Writing result file: /home/probst/Random_Forest/RFSplitbias/results/Splitbias-files/jobs/09/4709-result.RData
########## Executing jid=4710 ##########
Timestamp: 2016-04-28 15:06:19
Experiment: 
  Problem: taski 
  Problem parameters: idi=3701, learner=, teststat=, testtype= 
  Algorithm: forest.splitbias.oob 
  Algorithm parameters:  
  Replication: 47 
  Seed: 4710 
  Problem seed: 169 
Setting seed: 4710
Applying Algorithm forest.splitbias.oob ...
Generating problem taski ...
Result:
List of 3
 $ idi   : int 3701
 $ lrn   : chr [1:3] "randomForest" "oob" ""
 $ result: Named num [1:5] 0.382 0.644 0.73 0.618 0.691
  ..- attr(*, "names")= chr [1:5] "ACC" "BER" "multiclass.brier" "MMCE" ...
NULL
Writing result file: /home/probst/Random_Forest/RFSplitbias/results/Splitbias-files/jobs/10/4710-result.RData
########## Executing jid=4711 ##########
Timestamp: 2016-04-28 15:06:20
Experiment: 
  Problem: taski 
  Problem parameters: idi=3701, learner=, teststat=, testtype= 
  Algorithm: forest.splitbias.oob 
  Algorithm parameters:  
  Replication: 48 
  Seed: 4711 
  Problem seed: 170 
Setting seed: 4711
Applying Algorithm forest.splitbias.oob ...
Generating problem taski ...
Result:
List of 3
 $ idi   : int 3701
 $ lrn   : chr [1:3] "randomForest" "oob" ""
 $ result: Named num [1:5] 0.324 0.704 0.726 0.676 0.705
  ..- attr(*, "names")= chr [1:5] "ACC" "BER" "multiclass.brier" "MMCE" ...
NULL
Writing result file: /home/probst/Random_Forest/RFSplitbias/results/Splitbias-files/jobs/11/4711-result.RData
########## Executing jid=4712 ##########
Timestamp: 2016-04-28 15:06:20
Experiment: 
  Problem: taski 
  Problem parameters: idi=3701, learner=, teststat=, testtype= 
  Algorithm: forest.splitbias.oob 
  Algorithm parameters:  
  Replication: 49 
  Seed: 4712 
  Problem seed: 171 
Setting seed: 4712
Applying Algorithm forest.splitbias.oob ...
Generating problem taski ...
Result:
List of 3
 $ idi   : int 3701
 $ lrn   : chr [1:3] "randomForest" "oob" ""
 $ result: Named num [1:5] 0.324 0.696 0.724 0.676 0.695
  ..- attr(*, "names")= chr [1:5] "ACC" "BER" "multiclass.brier" "MMCE" ...
NULL
Writing result file: /home/probst/Random_Forest/RFSplitbias/results/Splitbias-files/jobs/12/4712-result.RData
########## Executing jid=4713 ##########
Timestamp: 2016-04-28 15:06:21
Experiment: 
  Problem: taski 
  Problem parameters: idi=3701, learner=, teststat=, testtype= 
  Algorithm: forest.splitbias.oob 
  Algorithm parameters:  
  Replication: 50 
  Seed: 4713 
  Problem seed: 172 
Setting seed: 4713
Applying Algorithm forest.splitbias.oob ...
Generating problem taski ...
Result:
List of 3
 $ idi   : int 3701
 $ lrn   : chr [1:3] "randomForest" "oob" ""
 $ result: Named num [1:5] 0.382 0.644 0.751 0.618 0.681
  ..- attr(*, "names")= chr [1:5] "ACC" "BER" "multiclass.brier" "MMCE" ...
NULL
Writing result file: /home/probst/Random_Forest/RFSplitbias/results/Splitbias-files/jobs/13/4713-result.RData
########## Executing jid=4714 ##########
Timestamp: 2016-04-28 15:06:21
Experiment: 
  Problem: taski 
  Problem parameters: idi=3721, learner=, teststat=, testtype= 
  Algorithm: forest.splitbias.oob 
  Algorithm parameters:  
  Replication: 11 
  Seed: 4714 
  Problem seed: 133 
Setting seed: 4714
Applying Algorithm forest.splitbias.oob ...
Generating problem taski ...
Result:
List of 3
 $ idi   : int 3721
 $ lrn   : chr [1:3] "randomForest" "oob" ""
 $ result: Named num [1:5] 0.95 0.0714 0.1487 0.05 0.6154
  ..- attr(*, "names")= chr [1:5] "ACC" "BER" "multiclass.brier" "MMCE" ...
NULL
Writing result file: /home/probst/Random_Forest/RFSplitbias/results/Splitbias-files/jobs/14/4714-result.RData
########## Executing jid=4715 ##########
Timestamp: 2016-04-28 15:06:22
Experiment: 
  Problem: taski 
  Problem parameters: idi=3721, learner=, teststat=, testtype= 
  Algorithm: forest.splitbias.oob 
  Algorithm parameters:  
  Replication: 12 
  Seed: 4715 
  Problem seed: 134 
Setting seed: 4715
Applying Algorithm forest.splitbias.oob ...
Generating problem taski ...
Result:
List of 3
 $ idi   : int 3721
 $ lrn   : chr [1:3] "randomForest" "oob" ""
 $ result: Named num [1:5] 0.925 0.0907 0.1483 0.075 0.6511
  ..- attr(*, "names")= chr [1:5] "ACC" "BER" "multiclass.brier" "MMCE" ...
NULL
Writing result file: /home/probst/Random_Forest/RFSplitbias/results/Splitbias-files/jobs/15/4715-result.RData
########## Executing jid=4716 ##########
Timestamp: 2016-04-28 15:06:22
Experiment: 
  Problem: taski 
  Problem parameters: idi=3721, learner=, teststat=, testtype= 
  Algorithm: forest.splitbias.oob 
  Algorithm parameters:  
  Replication: 13 
  Seed: 4716 
  Problem seed: 135 
Setting seed: 4716
Applying Algorithm forest.splitbias.oob ...
Generating problem taski ...
Result:
List of 3
 $ idi   : int 3721
 $ lrn   : chr [1:3] "randomForest" "oob" ""
 $ result: Named num [1:5] 0.925 0.0907 0.1442 0.075 0.6181
  ..- attr(*, "names")= chr [1:5] "ACC" "BER" "multiclass.brier" "MMCE" ...
NULL
Writing result file: /home/probst/Random_Forest/RFSplitbias/results/Splitbias-files/jobs/16/4716-result.RData
########## Executing jid=4717 ##########
Timestamp: 2016-04-28 15:06:23
Experiment: 
  Problem: taski 
  Problem parameters: idi=3721, learner=, teststat=, testtype= 
  Algorithm: forest.splitbias.oob 
  Algorithm parameters:  
  Replication: 14 
  Seed: 4717 
  Problem seed: 136 
Setting seed: 4717
Applying Algorithm forest.splitbias.oob ...
Generating problem taski ...
Result:
List of 3
 $ idi   : int 3721
 $ lrn   : chr [1:3] "randomForest" "oob" ""
 $ result: Named num [1:5] 0.95 0.0714 0.1518 0.05 0.6236
  ..- attr(*, "names")= chr [1:5] "ACC" "BER" "multiclass.brier" "MMCE" ...
NULL
Writing result file: /home/probst/Random_Forest/RFSplitbias/results/Splitbias-files/jobs/17/4717-result.RData
########## Executing jid=4718 ##########
Timestamp: 2016-04-28 15:06:23
Experiment: 
  Problem: taski 
  Problem parameters: idi=3721, learner=, teststat=, testtype= 
  Algorithm: forest.splitbias.oob 
  Algorithm parameters:  
  Replication: 15 
  Seed: 4718 
  Problem seed: 137 
Setting seed: 4718
Applying Algorithm forest.splitbias.oob ...
Generating problem taski ...
Result:
List of 3
 $ idi   : int 3721
 $ lrn   : chr [1:3] "randomForest" "oob" ""
 $ result: Named num [1:5] 0.925 0.0907 0.1448 0.075 0.6566
  ..- attr(*, "names")= chr [1:5] "ACC" "BER" "multiclass.brier" "MMCE" ...
NULL
Writing result file: /home/probst/Random_Forest/RFSplitbias/results/Splitbias-files/jobs/18/4718-result.RData
########## Executing jid=4719 ##########
Timestamp: 2016-04-28 15:06:24
Experiment: 
  Problem: taski 
  Problem parameters: idi=3721, learner=, teststat=, testtype= 
  Algorithm: forest.splitbias.oob 
  Algorithm parameters:  
  Replication: 16 
  Seed: 4719 
  Problem seed: 138 
Setting seed: 4719
Applying Algorithm forest.splitbias.oob ...
Generating problem taski ...
Result:
List of 3
 $ idi   : int 3721
 $ lrn   : chr [1:3] "randomForest" "oob" ""
 $ result: Named num [1:5] 0.95 0.0714 0.1436 0.05 0.6264
  ..- attr(*, "names")= chr [1:5] "ACC" "BER" "multiclass.brier" "MMCE" ...
NULL
Writing result file: /home/probst/Random_Forest/RFSplitbias/results/Splitbias-files/jobs/19/4719-result.RData
########## Executing jid=4720 ##########
Timestamp: 2016-04-28 15:06:24
Experiment: 
  Problem: taski 
  Problem parameters: idi=3721, learner=, teststat=, testtype= 
  Algorithm: forest.splitbias.oob 
  Algorithm parameters:  
  Replication: 17 
  Seed: 4720 
  Problem seed: 139 
Setting seed: 4720
Applying Algorithm forest.splitbias.oob ...
Generating problem taski ...
Result:
List of 3
 $ idi   : int 3721
 $ lrn   : chr [1:3] "randomForest" "oob" ""
 $ result: Named num [1:5] 0.925 0.0907 0.1444 0.075 0.647
  ..- attr(*, "names")= chr [1:5] "ACC" "BER" "multiclass.brier" "MMCE" ...
NULL
Writing result file: /home/probst/Random_Forest/RFSplitbias/results/Splitbias-files/jobs/20/4720-result.RData
########## Executing jid=4721 ##########
Timestamp: 2016-04-28 15:06:25
Experiment: 
  Problem: taski 
  Problem parameters: idi=3721, learner=, teststat=, testtype= 
  Algorithm: forest.splitbias.oob 
  Algorithm parameters:  
  Replication: 18 
  Seed: 4721 
  Problem seed: 140 
Setting seed: 4721
Applying Algorithm forest.splitbias.oob ...
Generating problem taski ...
Result:
List of 3
 $ idi   : int 3721
 $ lrn   : chr [1:3] "randomForest" "oob" ""
 $ result: Named num [1:5] 0.95 0.0714 0.1448 0.05 0.6016
  ..- attr(*, "names")= chr [1:5] "ACC" "BER" "multiclass.brier" "MMCE" ...
NULL
Writing result file: /home/probst/Random_Forest/RFSplitbias/results/Splitbias-files/jobs/21/4721-result.RData
########## Executing jid=4722 ##########
Timestamp: 2016-04-28 15:06:25
Experiment: 
  Problem: taski 
  Problem parameters: idi=3721, learner=, teststat=, testtype= 
  Algorithm: forest.splitbias.oob 
  Algorithm parameters:  
  Replication: 19 
  Seed: 4722 
  Problem seed: 141 
Setting seed: 4722
Applying Algorithm forest.splitbias.oob ...
Generating problem taski ...
Result:
List of 3
 $ idi   : int 3721
 $ lrn   : chr [1:3] "randomForest" "oob" ""
 $ result: Named num [1:5] 0.95 0.0714 0.1461 0.05 0.6401
  ..- attr(*, "names")= chr [1:5] "ACC" "BER" "multiclass.brier" "MMCE" ...
NULL
Writing result file: /home/probst/Random_Forest/RFSplitbias/results/Splitbias-files/jobs/22/4722-result.RData
########## Executing jid=4723 ##########
Timestamp: 2016-04-28 15:06:26
Experiment: 
  Problem: taski 
  Problem parameters: idi=3721, learner=, teststat=, testtype= 
  Algorithm: forest.splitbias.oob 
  Algorithm parameters:  
  Replication: 20 
  Seed: 4723 
  Problem seed: 142 
Setting seed: 4723
Applying Algorithm forest.splitbias.oob ...
Generating problem taski ...
Result:
List of 3
 $ idi   : int 3721
 $ lrn   : chr [1:3] "randomForest" "oob" ""
 $ result: Named num [1:5] 0.95 0.0714 0.1429 0.05 0.6044
  ..- attr(*, "names")= chr [1:5] "ACC" "BER" "multiclass.brier" "MMCE" ...
NULL
Writing result file: /home/probst/Random_Forest/RFSplitbias/results/Splitbias-files/jobs/23/4723-result.RData
########## Executing jid=4724 ##########
Timestamp: 2016-04-28 15:06:26
Experiment: 
  Problem: taski 
  Problem parameters: idi=3721, learner=, teststat=, testtype= 
  Algorithm: forest.splitbias.oob 
  Algorithm parameters:  
  Replication: 21 
  Seed: 4724 
  Problem seed: 143 
Setting seed: 4724
Applying Algorithm forest.splitbias.oob ...
Generating problem taski ...
Result:
List of 3
 $ idi   : int 3721
 $ lrn   : chr [1:3] "randomForest" "oob" ""
 $ result: Named num [1:5] 0.925 0.0907 0.1489 0.075 0.6209
  ..- attr(*, "names")= chr [1:5] "ACC" "BER" "multiclass.brier" "MMCE" ...
NULL
Writing result file: /home/probst/Random_Forest/RFSplitbias/results/Splitbias-files/jobs/24/4724-result.RData
########## Executing jid=4725 ##########
Timestamp: 2016-04-28 15:06:26
Experiment: 
  Problem: taski 
  Problem parameters: idi=3721, learner=, teststat=, testtype= 
  Algorithm: forest.splitbias.oob 
  Algorithm parameters:  
  Replication: 22 
  Seed: 4725 
  Problem seed: 144 
Setting seed: 4725
Applying Algorithm forest.splitbias.oob ...
Generating problem taski ...
Result:
List of 3
 $ idi   : int 3721
 $ lrn   : chr [1:3] "randomForest" "oob" ""
 $ result: Named num [1:5] 0.925 0.0907 0.1481 0.075 0.6236
  ..- attr(*, "names")= chr [1:5] "ACC" "BER" "multiclass.brier" "MMCE" ...
NULL
Writing result file: /home/probst/Random_Forest/RFSplitbias/results/Splitbias-files/jobs/25/4725-result.RData
########## Executing jid=4726 ##########
Timestamp: 2016-04-28 15:06:27
Experiment: 
  Problem: taski 
  Problem parameters: idi=3721, learner=, teststat=, testtype= 
  Algorithm: forest.splitbias.oob 
  Algorithm parameters:  
  Replication: 23 
  Seed: 4726 
  Problem seed: 145 
Setting seed: 4726
Applying Algorithm forest.splitbias.oob ...
Generating problem taski ...
Result:
List of 3
 $ idi   : int 3721
 $ lrn   : chr [1:3] "randomForest" "oob" ""
 $ result: Named num [1:5] 0.95 0.0714 0.1448 0.05 0.6236
  ..- attr(*, "names")= chr [1:5] "ACC" "BER" "multiclass.brier" "MMCE" ...
NULL
Writing result file: /home/probst/Random_Forest/RFSplitbias/results/Splitbias-files/jobs/26/4726-result.RData
########## Executing jid=4727 ##########
Timestamp: 2016-04-28 15:06:27
Experiment: 
  Problem: taski 
  Problem parameters: idi=3721, learner=, teststat=, testtype= 
  Algorithm: forest.splitbias.oob 
  Algorithm parameters:  
  Replication: 24 
  Seed: 4727 
  Problem seed: 146 
Setting seed: 4727
Applying Algorithm forest.splitbias.oob ...
Generating problem taski ...
Result:
List of 3
 $ idi   : int 3721
 $ lrn   : chr [1:3] "randomForest" "oob" ""
 $ result: Named num [1:5] 0.925 0.0907 0.1425 0.075 0.6374
  ..- attr(*, "names")= chr [1:5] "ACC" "BER" "multiclass.brier" "MMCE" ...
NULL
Writing result file: /home/probst/Random_Forest/RFSplitbias/results/Splitbias-files/jobs/27/4727-result.RData
########## Executing jid=4728 ##########
Timestamp: 2016-04-28 15:06:28
Experiment: 
  Problem: taski 
  Problem parameters: idi=3721, learner=, teststat=, testtype= 
  Algorithm: forest.splitbias.oob 
  Algorithm parameters:  
  Replication: 25 
  Seed: 4728 
  Problem seed: 147 
Setting seed: 4728
Applying Algorithm forest.splitbias.oob ...
Generating problem taski ...
Result:
List of 3
 $ idi   : int 3721
 $ lrn   : chr [1:3] "randomForest" "oob" ""
 $ result: Named num [1:5] 0.95 0.0714 0.1433 0.05 0.6566
  ..- attr(*, "names")= chr [1:5] "ACC" "BER" "multiclass.brier" "MMCE" ...
NULL
Writing result file: /home/probst/Random_Forest/RFSplitbias/results/Splitbias-files/jobs/28/4728-result.RData
########## Executing jid=4729 ##########
Timestamp: 2016-04-28 15:06:28
Experiment: 
  Problem: taski 
  Problem parameters: idi=3721, learner=, teststat=, testtype= 
  Algorithm: forest.splitbias.oob 
  Algorithm parameters:  
  Replication: 26 
  Seed: 4729 
  Problem seed: 148 
Setting seed: 4729
Applying Algorithm forest.splitbias.oob ...
Generating problem taski ...
Result:
List of 3
 $ idi   : int 3721
 $ lrn   : chr [1:3] "randomForest" "oob" ""
 $ result: Named num [1:5] 0.95 0.0714 0.145 0.05 0.6099
  ..- attr(*, "names")= chr [1:5] "ACC" "BER" "multiclass.brier" "MMCE" ...
NULL
Writing result file: /home/probst/Random_Forest/RFSplitbias/results/Splitbias-files/jobs/29/4729-result.RData
########## Executing jid=4730 ##########
Timestamp: 2016-04-28 15:06:29
Experiment: 
  Problem: taski 
  Problem parameters: idi=3721, learner=, teststat=, testtype= 
  Algorithm: forest.splitbias.oob 
  Algorithm parameters:  
  Replication: 27 
  Seed: 4730 
  Problem seed: 149 
Setting seed: 4730
Applying Algorithm forest.splitbias.oob ...
Generating problem taski ...
Result:
List of 3
 $ idi   : int 3721
 $ lrn   : chr [1:3] "randomForest" "oob" ""
 $ result: Named num [1:5] 0.95 0.0714 0.1453 0.05 0.6538
  ..- attr(*, "names")= chr [1:5] "ACC" "BER" "multiclass.brier" "MMCE" ...
NULL
Writing result file: /home/probst/Random_Forest/RFSplitbias/results/Splitbias-files/jobs/30/4730-result.RData
########## Executing jid=4731 ##########
Timestamp: 2016-04-28 15:06:29
Experiment: 
  Problem: taski 
  Problem parameters: idi=3721, learner=, teststat=, testtype= 
  Algorithm: forest.splitbias.oob 
  Algorithm parameters:  
  Replication: 28 
  Seed: 4731 
  Problem seed: 150 
Setting seed: 4731
Applying Algorithm forest.splitbias.oob ...
Generating problem taski ...
Result:
List of 3
 $ idi   : int 3721
 $ lrn   : chr [1:3] "randomForest" "oob" ""
 $ result: Named num [1:5] 0.95 0.0714 0.1376 0.05 0.6154
  ..- attr(*, "names")= chr [1:5] "ACC" "BER" "multiclass.brier" "MMCE" ...
NULL
Writing result file: /home/probst/Random_Forest/RFSplitbias/results/Splitbias-files/jobs/31/4731-result.RData
########## Executing jid=4732 ##########
Timestamp: 2016-04-28 15:06:30
Experiment: 
  Problem: taski 
  Problem parameters: idi=3721, learner=, teststat=, testtype= 
  Algorithm: forest.splitbias.oob 
  Algorithm parameters:  
  Replication: 29 
  Seed: 4732 
  Problem seed: 151 
Setting seed: 4732
Applying Algorithm forest.splitbias.oob ...
Generating problem taski ...
Result:
List of 3
 $ idi   : int 3721
 $ lrn   : chr [1:3] "randomForest" "oob" ""
 $ result: Named num [1:5] 0.95 0.0714 0.1459 0.05 0.6154
  ..- attr(*, "names")= chr [1:5] "ACC" "BER" "multiclass.brier" "MMCE" ...
NULL
Writing result file: /home/probst/Random_Forest/RFSplitbias/results/Splitbias-files/jobs/32/4732-result.RData
########## Executing jid=4733 ##########
Timestamp: 2016-04-28 15:06:30
Experiment: 
  Problem: taski 
  Problem parameters: idi=3721, learner=, teststat=, testtype= 
  Algorithm: forest.splitbias.oob 
  Algorithm parameters:  
  Replication: 30 
  Seed: 4733 
  Problem seed: 152 
Setting seed: 4733
Applying Algorithm forest.splitbias.oob ...
Generating problem taski ...
Result:
List of 3
 $ idi   : int 3721
 $ lrn   : chr [1:3] "randomForest" "oob" ""
 $ result: Named num [1:5] 0.925 0.0907 0.1517 0.075 0.6538
  ..- attr(*, "names")= chr [1:5] "ACC" "BER" "multiclass.brier" "MMCE" ...
NULL
Writing result file: /home/probst/Random_Forest/RFSplitbias/results/Splitbias-files/jobs/33/4733-result.RData
########## Executing jid=4734 ##########
Timestamp: 2016-04-28 15:06:31
Experiment: 
  Problem: taski 
  Problem parameters: idi=3721, learner=, teststat=, testtype= 
  Algorithm: forest.splitbias.oob 
  Algorithm parameters:  
  Replication: 31 
  Seed: 4734 
  Problem seed: 153 
Setting seed: 4734
Applying Algorithm forest.splitbias.oob ...
Generating problem taski ...
Result:
List of 3
 $ idi   : int 3721
 $ lrn   : chr [1:3] "randomForest" "oob" ""
 $ result: Named num [1:5] 0.95 0.0714 0.1428 0.05 0.6126
  ..- attr(*, "names")= chr [1:5] "ACC" "BER" "multiclass.brier" "MMCE" ...
NULL
Writing result file: /home/probst/Random_Forest/RFSplitbias/results/Splitbias-files/jobs/34/4734-result.RData
########## Executing jid=4735 ##########
Timestamp: 2016-04-28 15:06:31
Experiment: 
  Problem: taski 
  Problem parameters: idi=3721, learner=, teststat=, testtype= 
  Algorithm: forest.splitbias.oob 
  Algorithm parameters:  
  Replication: 32 
  Seed: 4735 
  Problem seed: 154 
Setting seed: 4735
Applying Algorithm forest.splitbias.oob ...
Generating problem taski ...
Result:
List of 3
 $ idi   : int 3721
 $ lrn   : chr [1:3] "randomForest" "oob" ""
 $ result: Named num [1:5] 0.95 0.0714 0.1508 0.05 0.6648
  ..- attr(*, "names")= chr [1:5] "ACC" "BER" "multiclass.brier" "MMCE" ...
NULL
Writing result file: /home/probst/Random_Forest/RFSplitbias/results/Splitbias-files/jobs/35/4735-result.RData
########## Executing jid=4736 ##########
Timestamp: 2016-04-28 15:06:32
Experiment: 
  Problem: taski 
  Problem parameters: idi=3721, learner=, teststat=, testtype= 
  Algorithm: forest.splitbias.oob 
  Algorithm parameters:  
  Replication: 33 
  Seed: 4736 
  Problem seed: 155 
Setting seed: 4736
Applying Algorithm forest.splitbias.oob ...
Generating problem taski ...
Result:
List of 3
 $ idi   : int 3721
 $ lrn   : chr [1:3] "randomForest" "oob" ""
 $ result: Named num [1:5] 0.95 0.0714 0.1452 0.05 0.6291
  ..- attr(*, "names")= chr [1:5] "ACC" "BER" "multiclass.brier" "MMCE" ...
NULL
Writing result file: /home/probst/Random_Forest/RFSplitbias/results/Splitbias-files/jobs/36/4736-result.RData
########## Executing jid=4737 ##########
Timestamp: 2016-04-28 15:06:32
Experiment: 
  Problem: taski 
  Problem parameters: idi=3721, learner=, teststat=, testtype= 
  Algorithm: forest.splitbias.oob 
  Algorithm parameters:  
  Replication: 34 
  Seed: 4737 
  Problem seed: 156 
Setting seed: 4737
Applying Algorithm forest.splitbias.oob ...
Generating problem taski ...
Result:
List of 3
 $ idi   : int 3721
 $ lrn   : chr [1:3] "randomForest" "oob" ""
 $ result: Named num [1:5] 0.925 0.0907 0.143 0.075 0.6429
  ..- attr(*, "names")= chr [1:5] "ACC" "BER" "multiclass.brier" "MMCE" ...
NULL
Writing result file: /home/probst/Random_Forest/RFSplitbias/results/Splitbias-files/jobs/37/4737-result.RData
########## Executing jid=4738 ##########
Timestamp: 2016-04-28 15:06:33
Experiment: 
  Problem: taski 
  Problem parameters: idi=3721, learner=, teststat=, testtype= 
  Algorithm: forest.splitbias.oob 
  Algorithm parameters:  
  Replication: 35 
  Seed: 4738 
  Problem seed: 157 
Setting seed: 4738
Applying Algorithm forest.splitbias.oob ...
Generating problem taski ...
Result:
List of 3
 $ idi   : int 3721
 $ lrn   : chr [1:3] "randomForest" "oob" ""
 $ result: Named num [1:5] 0.95 0.0714 0.1383 0.05 0.6181
  ..- attr(*, "names")= chr [1:5] "ACC" "BER" "multiclass.brier" "MMCE" ...
NULL
Writing result file: /home/probst/Random_Forest/RFSplitbias/results/Splitbias-files/jobs/38/4738-result.RData
########## Executing jid=4739 ##########
Timestamp: 2016-04-28 15:06:33
Experiment: 
  Problem: taski 
  Problem parameters: idi=3721, learner=, teststat=, testtype= 
  Algorithm: forest.splitbias.oob 
  Algorithm parameters:  
  Replication: 36 
  Seed: 4739 
  Problem seed: 158 
Setting seed: 4739
Applying Algorithm forest.splitbias.oob ...
Generating problem taski ...
Result:
List of 3
 $ idi   : int 3721
 $ lrn   : chr [1:3] "randomForest" "oob" ""
 $ result: Named num [1:5] 0.95 0.0714 0.1438 0.05 0.6071
  ..- attr(*, "names")= chr [1:5] "ACC" "BER" "multiclass.brier" "MMCE" ...
NULL
Writing result file: /home/probst/Random_Forest/RFSplitbias/results/Splitbias-files/jobs/39/4739-result.RData
########## Executing jid=4740 ##########
Timestamp: 2016-04-28 15:06:34
Experiment: 
  Problem: taski 
  Problem parameters: idi=3721, learner=, teststat=, testtype= 
  Algorithm: forest.splitbias.oob 
  Algorithm parameters:  
  Replication: 37 
  Seed: 4740 
  Problem seed: 159 
Setting seed: 4740
Applying Algorithm forest.splitbias.oob ...
Generating problem taski ...
Result:
List of 3
 $ idi   : int 3721
 $ lrn   : chr [1:3] "randomForest" "oob" ""
 $ result: Named num [1:5] 0.925 0.0907 0.1502 0.075 0.6154
  ..- attr(*, "names")= chr [1:5] "ACC" "BER" "multiclass.brier" "MMCE" ...
NULL
Writing result file: /home/probst/Random_Forest/RFSplitbias/results/Splitbias-files/jobs/40/4740-result.RData
########## Executing jid=4741 ##########
Timestamp: 2016-04-28 15:06:34
Experiment: 
  Problem: taski 
  Problem parameters: idi=3721, learner=, teststat=, testtype= 
  Algorithm: forest.splitbias.oob 
  Algorithm parameters:  
  Replication: 38 
  Seed: 4741 
  Problem seed: 160 
Setting seed: 4741
Applying Algorithm forest.splitbias.oob ...
Generating problem taski ...
Result:
List of 3
 $ idi   : int 3721
 $ lrn   : chr [1:3] "randomForest" "oob" ""
 $ result: Named num [1:5] 0.95 0.0714 0.1408 0.05 0.6085
  ..- attr(*, "names")= chr [1:5] "ACC" "BER" "multiclass.brier" "MMCE" ...
NULL
Writing result file: /home/probst/Random_Forest/RFSplitbias/results/Splitbias-files/jobs/41/4741-result.RData
########## Executing jid=4742 ##########
Timestamp: 2016-04-28 15:06:34
Experiment: 
  Problem: taski 
  Problem parameters: idi=3721, learner=, teststat=, testtype= 
  Algorithm: forest.splitbias.oob 
  Algorithm parameters:  
  Replication: 39 
  Seed: 4742 
  Problem seed: 161 
Setting seed: 4742
Applying Algorithm forest.splitbias.oob ...
Generating problem taski ...
Result:
List of 3
 $ idi   : int 3721
 $ lrn   : chr [1:3] "randomForest" "oob" ""
 $ result: Named num [1:5] 0.95 0.0714 0.1487 0.05 0.6346
  ..- attr(*, "names")= chr [1:5] "ACC" "BER" "multiclass.brier" "MMCE" ...
NULL
Writing result file: /home/probst/Random_Forest/RFSplitbias/results/Splitbias-files/jobs/42/4742-result.RData
########## Executing jid=4743 ##########
Timestamp: 2016-04-28 15:06:35
Experiment: 
  Problem: taski 
  Problem parameters: idi=3721, learner=, teststat=, testtype= 
  Algorithm: forest.splitbias.oob 
  Algorithm parameters:  
  Replication: 40 
  Seed: 4743 
  Problem seed: 162 
Setting seed: 4743
Applying Algorithm forest.splitbias.oob ...
Generating problem taski ...
Result:
List of 3
 $ idi   : int 3721
 $ lrn   : chr [1:3] "randomForest" "oob" ""
 $ result: Named num [1:5] 0.95 0.0714 0.1466 0.05 0.6154
  ..- attr(*, "names")= chr [1:5] "ACC" "BER" "multiclass.brier" "MMCE" ...
NULL
Writing result file: /home/probst/Random_Forest/RFSplitbias/results/Splitbias-files/jobs/43/4743-result.RData
########## Executing jid=4744 ##########
Timestamp: 2016-04-28 15:06:37
Experiment: 
  Problem: taski 
  Problem parameters: idi=3721, learner=, teststat=, testtype= 
  Algorithm: forest.splitbias.oob 
  Algorithm parameters:  
  Replication: 41 
  Seed: 4744 
  Problem seed: 163 
Setting seed: 4744
Applying Algorithm forest.splitbias.oob ...
Generating problem taski ...
Result:
List of 3
 $ idi   : int 3721
 $ lrn   : chr [1:3] "randomForest" "oob" ""
 $ result: Named num [1:5] 0.925 0.0907 0.1479 0.075 0.6209
  ..- attr(*, "names")= chr [1:5] "ACC" "BER" "multiclass.brier" "MMCE" ...
NULL
Writing result file: /home/probst/Random_Forest/RFSplitbias/results/Splitbias-files/jobs/44/4744-result.RData
########## Executing jid=4745 ##########
Timestamp: 2016-04-28 15:06:37
Experiment: 
  Problem: taski 
  Problem parameters: idi=3721, learner=, teststat=, testtype= 
  Algorithm: forest.splitbias.oob 
  Algorithm parameters:  
  Replication: 42 
  Seed: 4745 
  Problem seed: 164 
Setting seed: 4745
Applying Algorithm forest.splitbias.oob ...
Generating problem taski ...
Result:
List of 3
 $ idi   : int 3721
 $ lrn   : chr [1:3] "randomForest" "oob" ""
 $ result: Named num [1:5] 0.95 0.0714 0.1426 0.05 0.6236
  ..- attr(*, "names")= chr [1:5] "ACC" "BER" "multiclass.brier" "MMCE" ...
NULL
Writing result file: /home/probst/Random_Forest/RFSplitbias/results/Splitbias-files/jobs/45/4745-result.RData
########## Executing jid=4746 ##########
Timestamp: 2016-04-28 15:06:38
Experiment: 
  Problem: taski 
  Problem parameters: idi=3721, learner=, teststat=, testtype= 
  Algorithm: forest.splitbias.oob 
  Algorithm parameters:  
  Replication: 43 
  Seed: 4746 
  Problem seed: 165 
Setting seed: 4746
Applying Algorithm forest.splitbias.oob ...
Generating problem taski ...
Result:
List of 3
 $ idi   : int 3721
 $ lrn   : chr [1:3] "randomForest" "oob" ""
 $ result: Named num [1:5] 0.925 0.0907 0.145 0.075 0.6346
  ..- attr(*, "names")= chr [1:5] "ACC" "BER" "multiclass.brier" "MMCE" ...
NULL
Writing result file: /home/probst/Random_Forest/RFSplitbias/results/Splitbias-files/jobs/46/4746-result.RData
########## Executing jid=4747 ##########
Timestamp: 2016-04-28 15:06:38
Experiment: 
  Problem: taski 
  Problem parameters: idi=3721, learner=, teststat=, testtype= 
  Algorithm: forest.splitbias.oob 
  Algorithm parameters:  
  Replication: 44 
  Seed: 4747 
  Problem seed: 166 
Setting seed: 4747
Applying Algorithm forest.splitbias.oob ...
Generating problem taski ...
Result:
List of 3
 $ idi   : int 3721
 $ lrn   : chr [1:3] "randomForest" "oob" ""
 $ result: Named num [1:5] 0.95 0.0714 0.1431 0.05 0.6484
  ..- attr(*, "names")= chr [1:5] "ACC" "BER" "multiclass.brier" "MMCE" ...
NULL
Writing result file: /home/probst/Random_Forest/RFSplitbias/results/Splitbias-files/jobs/47/4747-result.RData
########## Executing jid=4748 ##########
Timestamp: 2016-04-28 15:06:39
Experiment: 
  Problem: taski 
  Problem parameters: idi=3721, learner=, teststat=, testtype= 
  Algorithm: forest.splitbias.oob 
  Algorithm parameters:  
  Replication: 45 
  Seed: 4748 
  Problem seed: 167 
Setting seed: 4748
Applying Algorithm forest.splitbias.oob ...
Generating problem taski ...
Result:
List of 3
 $ idi   : int 3721
 $ lrn   : chr [1:3] "randomForest" "oob" ""
 $ result: Named num [1:5] 0.925 0.0907 0.1469 0.075 0.6538
  ..- attr(*, "names")= chr [1:5] "ACC" "BER" "multiclass.brier" "MMCE" ...
NULL
Writing result file: /home/probst/Random_Forest/RFSplitbias/results/Splitbias-files/jobs/48/4748-result.RData
########## Executing jid=4749 ##########
Timestamp: 2016-04-28 15:06:39
Experiment: 
  Problem: taski 
  Problem parameters: idi=3721, learner=, teststat=, testtype= 
  Algorithm: forest.splitbias.oob 
  Algorithm parameters:  
  Replication: 46 
  Seed: 4749 
  Problem seed: 168 
Setting seed: 4749
Applying Algorithm forest.splitbias.oob ...
Generating problem taski ...
Result:
List of 3
 $ idi   : int 3721
 $ lrn   : chr [1:3] "randomForest" "oob" ""
 $ result: Named num [1:5] 0.925 0.0907 0.1457 0.075 0.6346
  ..- attr(*, "names")= chr [1:5] "ACC" "BER" "multiclass.brier" "MMCE" ...
NULL
Writing result file: /home/probst/Random_Forest/RFSplitbias/results/Splitbias-files/jobs/49/4749-result.RData
########## Executing jid=4750 ##########
Timestamp: 2016-04-28 15:06:40
Experiment: 
  Problem: taski 
  Problem parameters: idi=3721, learner=, teststat=, testtype= 
  Algorithm: forest.splitbias.oob 
  Algorithm parameters:  
  Replication: 47 
  Seed: 4750 
  Problem seed: 169 
Setting seed: 4750
Applying Algorithm forest.splitbias.oob ...
Generating problem taski ...
Result:
List of 3
 $ idi   : int 3721
 $ lrn   : chr [1:3] "randomForest" "oob" ""
 $ result: Named num [1:5] 0.95 0.0714 0.1526 0.05 0.6346
  ..- attr(*, "names")= chr [1:5] "ACC" "BER" "multiclass.brier" "MMCE" ...
NULL
Writing result file: /home/probst/Random_Forest/RFSplitbias/results/Splitbias-files/jobs/50/4750-result.RData
########## Executing jid=4751 ##########
Timestamp: 2016-04-28 15:06:41
Experiment: 
  Problem: taski 
  Problem parameters: idi=3721, learner=, teststat=, testtype= 
  Algorithm: forest.splitbias.oob 
  Algorithm parameters:  
  Replication: 48 
  Seed: 4751 
  Problem seed: 170 
Setting seed: 4751
Applying Algorithm forest.splitbias.oob ...
Generating problem taski ...
Result:
List of 3
 $ idi   : int 3721
 $ lrn   : chr [1:3] "randomForest" "oob" ""
 $ result: Named num [1:5] 0.95 0.0714 0.1501 0.05 0.6387
  ..- attr(*, "names")= chr [1:5] "ACC" "BER" "multiclass.brier" "MMCE" ...
NULL
Writing result file: /home/probst/Random_Forest/RFSplitbias/results/Splitbias-files/jobs/51/4751-result.RData
########## Executing jid=4752 ##########
Timestamp: 2016-04-28 15:06:41
Experiment: 
  Problem: taski 
  Problem parameters: idi=3721, learner=, teststat=, testtype= 
  Algorithm: forest.splitbias.oob 
  Algorithm parameters:  
  Replication: 49 
  Seed: 4752 
  Problem seed: 171 
Setting seed: 4752
Applying Algorithm forest.splitbias.oob ...
Generating problem taski ...
Result:
List of 3
 $ idi   : int 3721
 $ lrn   : chr [1:3] "randomForest" "oob" ""
 $ result: Named num [1:5] 0.925 0.0907 0.1433 0.075 0.5989
  ..- attr(*, "names")= chr [1:5] "ACC" "BER" "multiclass.brier" "MMCE" ...
NULL
Writing result file: /home/probst/Random_Forest/RFSplitbias/results/Splitbias-files/jobs/52/4752-result.RData
########## Executing jid=4753 ##########
Timestamp: 2016-04-28 15:06:42
Experiment: 
  Problem: taski 
  Problem parameters: idi=3721, learner=, teststat=, testtype= 
  Algorithm: forest.splitbias.oob 
  Algorithm parameters:  
  Replication: 50 
  Seed: 4753 
  Problem seed: 172 
Setting seed: 4753
Applying Algorithm forest.splitbias.oob ...
Generating problem taski ...
Result:
List of 3
 $ idi   : int 3721
 $ lrn   : chr [1:3] "randomForest" "oob" ""
 $ result: Named num [1:5] 0.925 0.0907 0.1472 0.075 0.6401
  ..- attr(*, "names")= chr [1:5] "ACC" "BER" "multiclass.brier" "MMCE" ...
NULL
Writing result file: /home/probst/Random_Forest/RFSplitbias/results/Splitbias-files/jobs/53/4753-result.RData
########## Executing jid=4754 ##########
Timestamp: 2016-04-28 15:06:42
Experiment: 
  Problem: taski 
  Problem parameters: idi=3550, learner=, teststat=, testtype= 
  Algorithm: forest.splitbias.oob 
  Algorithm parameters:  
  Replication: 11 
  Seed: 4754 
  Problem seed: 133 
Setting seed: 4754
Applying Algorithm forest.splitbias.oob ...
Generating problem taski ...
Result:
List of 3
 $ idi   : int 3550
 $ lrn   : chr [1:3] "randomForest" "oob" ""
 $ result: Named num [1:5] 0.759 0.239 0.318 0.241 0.517
  ..- attr(*, "names")= chr [1:5] "ACC" "BER" "multiclass.brier" "MMCE" ...
NULL
Writing result file: /home/probst/Random_Forest/RFSplitbias/results/Splitbias-files/jobs/54/4754-result.RData
########## Executing jid=4755 ##########
Timestamp: 2016-04-28 15:06:42
Experiment: 
  Problem: taski 
  Problem parameters: idi=3550, learner=, teststat=, testtype= 
  Algorithm: forest.splitbias.oob 
  Algorithm parameters:  
  Replication: 12 
  Seed: 4755 
  Problem seed: 134 
Setting seed: 4755
Applying Algorithm forest.splitbias.oob ...
Generating problem taski ...
Result:
List of 3
 $ idi   : int 3550
 $ lrn   : chr [1:3] "randomForest" "oob" ""
 $ result: Named num [1:5] 0.759 0.239 0.324 0.241 0.542
  ..- attr(*, "names")= chr [1:5] "ACC" "BER" "multiclass.brier" "MMCE" ...
NULL
Writing result file: /home/probst/Random_Forest/RFSplitbias/results/Splitbias-files/jobs/55/4755-result.RData
########## Executing jid=4756 ##########
Timestamp: 2016-04-28 15:06:43
Experiment: 
  Problem: taski 
  Problem parameters: idi=3550, learner=, teststat=, testtype= 
  Algorithm: forest.splitbias.oob 
  Algorithm parameters:  
  Replication: 13 
  Seed: 4756 
  Problem seed: 135 
Setting seed: 4756
Applying Algorithm forest.splitbias.oob ...
Generating problem taski ...
Result:
List of 3
 $ idi   : int 3550
 $ lrn   : chr [1:3] "randomForest" "oob" ""
 $ result: Named num [1:5] 0.759 0.239 0.316 0.241 0.529
  ..- attr(*, "names")= chr [1:5] "ACC" "BER" "multiclass.brier" "MMCE" ...
NULL
Writing result file: /home/probst/Random_Forest/RFSplitbias/results/Splitbias-files/jobs/56/4756-result.RData
########## Executing jid=4757 ##########
Timestamp: 2016-04-28 15:06:43
Experiment: 
  Problem: taski 
  Problem parameters: idi=3550, learner=, teststat=, testtype= 
  Algorithm: forest.splitbias.oob 
  Algorithm parameters:  
  Replication: 14 
  Seed: 4757 
  Problem seed: 136 
Setting seed: 4757
Applying Algorithm forest.splitbias.oob ...
Generating problem taski ...
Result:
List of 3
 $ idi   : int 3550
 $ lrn   : chr [1:3] "randomForest" "oob" ""
 $ result: Named num [1:5] 0.759 0.236 0.31 0.241 0.496
  ..- attr(*, "names")= chr [1:5] "ACC" "BER" "multiclass.brier" "MMCE" ...
NULL
Writing result file: /home/probst/Random_Forest/RFSplitbias/results/Splitbias-files/jobs/57/4757-result.RData
########## Executing jid=4758 ##########
Timestamp: 2016-04-28 15:06:44
Experiment: 
  Problem: taski 
  Problem parameters: idi=3550, learner=, teststat=, testtype= 
  Algorithm: forest.splitbias.oob 
  Algorithm parameters:  
  Replication: 15 
  Seed: 4758 
  Problem seed: 137 
Setting seed: 4758
Applying Algorithm forest.splitbias.oob ...
Generating problem taski ...
Result:
List of 3
 $ idi   : int 3550
 $ lrn   : chr [1:3] "randomForest" "oob" ""
 $ result: Named num [1:5] 0.747 0.249 0.317 0.253 0.52
  ..- attr(*, "names")= chr [1:5] "ACC" "BER" "multiclass.brier" "MMCE" ...
NULL
Writing result file: /home/probst/Random_Forest/RFSplitbias/results/Splitbias-files/jobs/58/4758-result.RData
########## Executing jid=4759 ##########
Timestamp: 2016-04-28 15:06:44
Experiment: 
  Problem: taski 
  Problem parameters: idi=3550, learner=, teststat=, testtype= 
  Algorithm: forest.splitbias.oob 
  Algorithm parameters:  
  Replication: 16 
  Seed: 4759 
  Problem seed: 138 
Setting seed: 4759
Applying Algorithm forest.splitbias.oob ...
Generating problem taski ...
Result:
List of 3
 $ idi   : int 3550
 $ lrn   : chr [1:3] "randomForest" "oob" ""
 $ result: Named num [1:5] 0.759 0.239 0.316 0.241 0.539
  ..- attr(*, "names")= chr [1:5] "ACC" "BER" "multiclass.brier" "MMCE" ...
NULL
Writing result file: /home/probst/Random_Forest/RFSplitbias/results/Splitbias-files/jobs/59/4759-result.RData
########## Executing jid=4760 ##########
Timestamp: 2016-04-28 15:06:45
Experiment: 
  Problem: taski 
  Problem parameters: idi=3550, learner=, teststat=, testtype= 
  Algorithm: forest.splitbias.oob 
  Algorithm parameters:  
  Replication: 17 
  Seed: 4760 
  Problem seed: 139 
Setting seed: 4760
Applying Algorithm forest.splitbias.oob ...
Generating problem taski ...
Result:
List of 3
 $ idi   : int 3550
 $ lrn   : chr [1:3] "randomForest" "oob" ""
 $ result: Named num [1:5] 0.759 0.239 0.319 0.241 0.537
  ..- attr(*, "names")= chr [1:5] "ACC" "BER" "multiclass.brier" "MMCE" ...
NULL
Writing result file: /home/probst/Random_Forest/RFSplitbias/results/Splitbias-files/jobs/60/4760-result.RData
########## Executing jid=4761 ##########
Timestamp: 2016-04-28 15:06:45
Experiment: 
  Problem: taski 
  Problem parameters: idi=3550, learner=, teststat=, testtype= 
  Algorithm: forest.splitbias.oob 
  Algorithm parameters:  
  Replication: 18 
  Seed: 4761 
  Problem seed: 140 
Setting seed: 4761
Applying Algorithm forest.splitbias.oob ...
Generating problem taski ...
Result:
List of 3
 $ idi   : int 3550
 $ lrn   : chr [1:3] "randomForest" "oob" ""
 $ result: Named num [1:5] 0.759 0.239 0.315 0.241 0.538
  ..- attr(*, "names")= chr [1:5] "ACC" "BER" "multiclass.brier" "MMCE" ...
NULL
Writing result file: /home/probst/Random_Forest/RFSplitbias/results/Splitbias-files/jobs/61/4761-result.RData
########## Executing jid=4762 ##########
Timestamp: 2016-04-28 15:06:46
Experiment: 
  Problem: taski 
  Problem parameters: idi=3550, learner=, teststat=, testtype= 
  Algorithm: forest.splitbias.oob 
  Algorithm parameters:  
  Replication: 19 
  Seed: 4762 
  Problem seed: 141 
Setting seed: 4762
Applying Algorithm forest.splitbias.oob ...
Generating problem taski ...
Result:
List of 3
 $ idi   : int 3550
 $ lrn   : chr [1:3] "randomForest" "oob" ""
 $ result: Named num [1:5] 0.759 0.239 0.319 0.241 0.531
  ..- attr(*, "names")= chr [1:5] "ACC" "BER" "multiclass.brier" "MMCE" ...
NULL
Writing result file: /home/probst/Random_Forest/RFSplitbias/results/Splitbias-files/jobs/62/4762-result.RData
########## Executing jid=4763 ##########
Timestamp: 2016-04-28 15:06:47
Experiment: 
  Problem: taski 
  Problem parameters: idi=3550, learner=, teststat=, testtype= 
  Algorithm: forest.splitbias.oob 
  Algorithm parameters:  
  Replication: 20 
  Seed: 4763 
  Problem seed: 142 
Setting seed: 4763
Applying Algorithm forest.splitbias.oob ...
Generating problem taski ...
Result:
List of 3
 $ idi   : int 3550
 $ lrn   : chr [1:3] "randomForest" "oob" ""
 $ result: Named num [1:5] 0.759 0.239 0.318 0.241 0.544
  ..- attr(*, "names")= chr [1:5] "ACC" "BER" "multiclass.brier" "MMCE" ...
NULL
Writing result file: /home/probst/Random_Forest/RFSplitbias/results/Splitbias-files/jobs/63/4763-result.RData
########## Executing jid=4764 ##########
Timestamp: 2016-04-28 15:06:47
Experiment: 
  Problem: taski 
  Problem parameters: idi=3550, learner=, teststat=, testtype= 
  Algorithm: forest.splitbias.oob 
  Algorithm parameters:  
  Replication: 21 
  Seed: 4764 
  Problem seed: 143 
Setting seed: 4764
Applying Algorithm forest.splitbias.oob ...
Generating problem taski ...
Result:
List of 3
 $ idi   : int 3550
 $ lrn   : chr [1:3] "randomForest" "oob" ""
 $ result: Named num [1:5] 0.759 0.239 0.323 0.241 0.565
  ..- attr(*, "names")= chr [1:5] "ACC" "BER" "multiclass.brier" "MMCE" ...
NULL
Writing result file: /home/probst/Random_Forest/RFSplitbias/results/Splitbias-files/jobs/64/4764-result.RData
########## Executing jid=4765 ##########
Timestamp: 2016-04-28 15:06:47
Experiment: 
  Problem: taski 
  Problem parameters: idi=3550, learner=, teststat=, testtype= 
  Algorithm: forest.splitbias.oob 
  Algorithm parameters:  
  Replication: 22 
  Seed: 4765 
  Problem seed: 144 
Setting seed: 4765
Applying Algorithm forest.splitbias.oob ...
Generating problem taski ...
Result:
List of 3
 $ idi   : int 3550
 $ lrn   : chr [1:3] "randomForest" "oob" ""
 $ result: Named num [1:5] 0.759 0.239 0.317 0.241 0.522
  ..- attr(*, "names")= chr [1:5] "ACC" "BER" "multiclass.brier" "MMCE" ...
NULL
Writing result file: /home/probst/Random_Forest/RFSplitbias/results/Splitbias-files/jobs/65/4765-result.RData
########## Executing jid=4766 ##########
Timestamp: 2016-04-28 15:06:48
Experiment: 
  Problem: taski 
  Problem parameters: idi=3550, learner=, teststat=, testtype= 
  Algorithm: forest.splitbias.oob 
  Algorithm parameters:  
  Replication: 23 
  Seed: 4766 
  Problem seed: 145 
Setting seed: 4766
Applying Algorithm forest.splitbias.oob ...
Generating problem taski ...
Result:
List of 3
 $ idi   : int 3550
 $ lrn   : chr [1:3] "randomForest" "oob" ""
 $ result: Named num [1:5] 0.759 0.239 0.324 0.241 0.527
  ..- attr(*, "names")= chr [1:5] "ACC" "BER" "multiclass.brier" "MMCE" ...
NULL
Writing result file: /home/probst/Random_Forest/RFSplitbias/results/Splitbias-files/jobs/66/4766-result.RData
########## Executing jid=4767 ##########
Timestamp: 2016-04-28 15:06:48
Experiment: 
  Problem: taski 
  Problem parameters: idi=3550, learner=, teststat=, testtype= 
  Algorithm: forest.splitbias.oob 
  Algorithm parameters:  
  Replication: 24 
  Seed: 4767 
  Problem seed: 146 
Setting seed: 4767
Applying Algorithm forest.splitbias.oob ...
Generating problem taski ...
Result:
List of 3
 $ idi   : int 3550
 $ lrn   : chr [1:3] "randomForest" "oob" ""
 $ result: Named num [1:5] 0.759 0.239 0.316 0.241 0.522
  ..- attr(*, "names")= chr [1:5] "ACC" "BER" "multiclass.brier" "MMCE" ...
NULL
Writing result file: /home/probst/Random_Forest/RFSplitbias/results/Splitbias-files/jobs/67/4767-result.RData
########## Executing jid=4768 ##########
Timestamp: 2016-04-28 15:06:49
Experiment: 
  Problem: taski 
  Problem parameters: idi=3550, learner=, teststat=, testtype= 
  Algorithm: forest.splitbias.oob 
  Algorithm parameters:  
  Replication: 25 
  Seed: 4768 
  Problem seed: 147 
Setting seed: 4768
Applying Algorithm forest.splitbias.oob ...
Generating problem taski ...
Result:
List of 3
 $ idi   : int 3550
 $ lrn   : chr [1:3] "randomForest" "oob" ""
 $ result: Named num [1:5] 0.759 0.239 0.323 0.241 0.531
  ..- attr(*, "names")= chr [1:5] "ACC" "BER" "multiclass.brier" "MMCE" ...
NULL
Writing result file: /home/probst/Random_Forest/RFSplitbias/results/Splitbias-files/jobs/68/4768-result.RData
########## Executing jid=4769 ##########
Timestamp: 2016-04-28 15:06:49
Experiment: 
  Problem: taski 
  Problem parameters: idi=3550, learner=, teststat=, testtype= 
  Algorithm: forest.splitbias.oob 
  Algorithm parameters:  
  Replication: 26 
  Seed: 4769 
  Problem seed: 148 
Setting seed: 4769
Applying Algorithm forest.splitbias.oob ...
Generating problem taski ...
Result:
List of 3
 $ idi   : int 3550
 $ lrn   : chr [1:3] "randomForest" "oob" ""
 $ result: Named num [1:5] 0.759 0.239 0.319 0.241 0.536
  ..- attr(*, "names")= chr [1:5] "ACC" "BER" "multiclass.brier" "MMCE" ...
NULL
Writing result file: /home/probst/Random_Forest/RFSplitbias/results/Splitbias-files/jobs/69/4769-result.RData
########## Executing jid=4770 ##########
Timestamp: 2016-04-28 15:06:50
Experiment: 
  Problem: taski 
  Problem parameters: idi=3550, learner=, teststat=, testtype= 
  Algorithm: forest.splitbias.oob 
  Algorithm parameters:  
  Replication: 27 
  Seed: 4770 
  Problem seed: 149 
Setting seed: 4770
Applying Algorithm forest.splitbias.oob ...
Generating problem taski ...
Result:
List of 3
 $ idi   : int 3550
 $ lrn   : chr [1:3] "randomForest" "oob" ""
 $ result: Named num [1:5] 0.759 0.239 0.318 0.241 0.546
  ..- attr(*, "names")= chr [1:5] "ACC" "BER" "multiclass.brier" "MMCE" ...
NULL
Writing result file: /home/probst/Random_Forest/RFSplitbias/results/Splitbias-files/jobs/70/4770-result.RData
########## Executing jid=4771 ##########
Timestamp: 2016-04-28 15:06:50
Experiment: 
  Problem: taski 
  Problem parameters: idi=3550, learner=, teststat=, testtype= 
  Algorithm: forest.splitbias.oob 
  Algorithm parameters:  
  Replication: 28 
  Seed: 4771 
  Problem seed: 150 
Setting seed: 4771
Applying Algorithm forest.splitbias.oob ...
Generating problem taski ...
Result:
List of 3
 $ idi   : int 3550
 $ lrn   : chr [1:3] "randomForest" "oob" ""
 $ result: Named num [1:5] 0.759 0.239 0.318 0.241 0.53
  ..- attr(*, "names")= chr [1:5] "ACC" "BER" "multiclass.brier" "MMCE" ...
NULL
Writing result file: /home/probst/Random_Forest/RFSplitbias/results/Splitbias-files/jobs/71/4771-result.RData
########## Executing jid=4772 ##########
Timestamp: 2016-04-28 15:06:50
Experiment: 
  Problem: taski 
  Problem parameters: idi=3550, learner=, teststat=, testtype= 
  Algorithm: forest.splitbias.oob 
  Algorithm parameters:  
  Replication: 29 
  Seed: 4772 
  Problem seed: 151 
Setting seed: 4772
Applying Algorithm forest.splitbias.oob ...
Generating problem taski ...
Result:
List of 3
 $ idi   : int 3550
 $ lrn   : chr [1:3] "randomForest" "oob" ""
 $ result: Named num [1:5] 0.747 0.249 0.316 0.253 0.546
  ..- attr(*, "names")= chr [1:5] "ACC" "BER" "multiclass.brier" "MMCE" ...
NULL
Writing result file: /home/probst/Random_Forest/RFSplitbias/results/Splitbias-files/jobs/72/4772-result.RData
########## Executing jid=4773 ##########
Timestamp: 2016-04-28 15:06:51
Experiment: 
  Problem: taski 
  Problem parameters: idi=3550, learner=, teststat=, testtype= 
  Algorithm: forest.splitbias.oob 
  Algorithm parameters:  
  Replication: 30 
  Seed: 4773 
  Problem seed: 152 
Setting seed: 4773
Applying Algorithm forest.splitbias.oob ...
Generating problem taski ...
Result:
List of 3
 $ idi   : int 3550
 $ lrn   : chr [1:3] "randomForest" "oob" ""
 $ result: Named num [1:5] 0.759 0.239 0.32 0.241 0.529
  ..- attr(*, "names")= chr [1:5] "ACC" "BER" "multiclass.brier" "MMCE" ...
NULL
Writing result file: /home/probst/Random_Forest/RFSplitbias/results/Splitbias-files/jobs/73/4773-result.RData
########## Executing jid=4774 ##########
Timestamp: 2016-04-28 15:06:51
Experiment: 
  Problem: taski 
  Problem parameters: idi=3550, learner=, teststat=, testtype= 
  Algorithm: forest.splitbias.oob 
  Algorithm parameters:  
  Replication: 31 
  Seed: 4774 
  Problem seed: 153 
Setting seed: 4774
Applying Algorithm forest.splitbias.oob ...
Generating problem taski ...
Result:
List of 3
 $ idi   : int 3550
 $ lrn   : chr [1:3] "randomForest" "oob" ""
 $ result: Named num [1:5] 0.747 0.249 0.322 0.253 0.528
  ..- attr(*, "names")= chr [1:5] "ACC" "BER" "multiclass.brier" "MMCE" ...
NULL
Writing result file: /home/probst/Random_Forest/RFSplitbias/results/Splitbias-files/jobs/74/4774-result.RData
########## Executing jid=4775 ##########
Timestamp: 2016-04-28 15:06:52
Experiment: 
  Problem: taski 
  Problem parameters: idi=3550, learner=, teststat=, testtype= 
  Algorithm: forest.splitbias.oob 
  Algorithm parameters:  
  Replication: 32 
  Seed: 4775 
  Problem seed: 154 
Setting seed: 4775
Applying Algorithm forest.splitbias.oob ...
Generating problem taski ...
Result:
List of 3
 $ idi   : int 3550
 $ lrn   : chr [1:3] "randomForest" "oob" ""
 $ result: Named num [1:5] 0.771 0.225 0.312 0.229 0.519
  ..- attr(*, "names")= chr [1:5] "ACC" "BER" "multiclass.brier" "MMCE" ...
NULL
Writing result file: /home/probst/Random_Forest/RFSplitbias/results/Splitbias-files/jobs/75/4775-result.RData
########## Executing jid=4776 ##########
Timestamp: 2016-04-28 15:06:52
Experiment: 
  Problem: taski 
  Problem parameters: idi=3550, learner=, teststat=, testtype= 
  Algorithm: forest.splitbias.oob 
  Algorithm parameters:  
  Replication: 33 
  Seed: 4776 
  Problem seed: 155 
Setting seed: 4776
Applying Algorithm forest.splitbias.oob ...
Generating problem taski ...
Result:
List of 3
 $ idi   : int 3550
 $ lrn   : chr [1:3] "randomForest" "oob" ""
 $ result: Named num [1:5] 0.759 0.239 0.32 0.241 0.52
  ..- attr(*, "names")= chr [1:5] "ACC" "BER" "multiclass.brier" "MMCE" ...
NULL
Writing result file: /home/probst/Random_Forest/RFSplitbias/results/Splitbias-files/jobs/76/4776-result.RData
########## Executing jid=4777 ##########
Timestamp: 2016-04-28 15:06:53
Experiment: 
  Problem: taski 
  Problem parameters: idi=3550, learner=, teststat=, testtype= 
  Algorithm: forest.splitbias.oob 
  Algorithm parameters:  
  Replication: 34 
  Seed: 4777 
  Problem seed: 156 
Setting seed: 4777
Applying Algorithm forest.splitbias.oob ...
Generating problem taski ...
Result:
List of 3
 $ idi   : int 3550
 $ lrn   : chr [1:3] "randomForest" "oob" ""
 $ result: Named num [1:5] 0.759 0.239 0.316 0.241 0.544
  ..- attr(*, "names")= chr [1:5] "ACC" "BER" "multiclass.brier" "MMCE" ...
NULL
Writing result file: /home/probst/Random_Forest/RFSplitbias/results/Splitbias-files/jobs/77/4777-result.RData
########## Executing jid=4778 ##########
Timestamp: 2016-04-28 15:06:53
Experiment: 
  Problem: taski 
  Problem parameters: idi=3550, learner=, teststat=, testtype= 
  Algorithm: forest.splitbias.oob 
  Algorithm parameters:  
  Replication: 35 
  Seed: 4778 
  Problem seed: 157 
Setting seed: 4778
Applying Algorithm forest.splitbias.oob ...
Generating problem taski ...
Result:
List of 3
 $ idi   : int 3550
 $ lrn   : chr [1:3] "randomForest" "oob" ""
 $ result: Named num [1:5] 0.759 0.239 0.322 0.241 0.521
  ..- attr(*, "names")= chr [1:5] "ACC" "BER" "multiclass.brier" "MMCE" ...
NULL
Writing result file: /home/probst/Random_Forest/RFSplitbias/results/Splitbias-files/jobs/78/4778-result.RData
########## Executing jid=4779 ##########
Timestamp: 2016-04-28 15:06:54
Experiment: 
  Problem: taski 
  Problem parameters: idi=3550, learner=, teststat=, testtype= 
  Algorithm: forest.splitbias.oob 
  Algorithm parameters:  
  Replication: 36 
  Seed: 4779 
  Problem seed: 158 
Setting seed: 4779
Applying Algorithm forest.splitbias.oob ...
Generating problem taski ...
Result:
List of 3
 $ idi   : int 3550
 $ lrn   : chr [1:3] "randomForest" "oob" ""
 $ result: Named num [1:5] 0.759 0.239 0.318 0.241 0.504
  ..- attr(*, "names")= chr [1:5] "ACC" "BER" "multiclass.brier" "MMCE" ...
NULL
Writing result file: /home/probst/Random_Forest/RFSplitbias/results/Splitbias-files/jobs/79/4779-result.RData
########## Executing jid=4780 ##########
Timestamp: 2016-04-28 15:06:54
Experiment: 
  Problem: taski 
  Problem parameters: idi=3550, learner=, teststat=, testtype= 
  Algorithm: forest.splitbias.oob 
  Algorithm parameters:  
  Replication: 37 
  Seed: 4780 
  Problem seed: 159 
Setting seed: 4780
Applying Algorithm forest.splitbias.oob ...
Generating problem taski ...
Result:
List of 3
 $ idi   : int 3550
 $ lrn   : chr [1:3] "randomForest" "oob" ""
 $ result: Named num [1:5] 0.759 0.239 0.322 0.241 0.529
  ..- attr(*, "names")= chr [1:5] "ACC" "BER" "multiclass.brier" "MMCE" ...
NULL
Writing result file: /home/probst/Random_Forest/RFSplitbias/results/Splitbias-files/jobs/80/4780-result.RData
########## Executing jid=4781 ##########
Timestamp: 2016-04-28 15:06:55
Experiment: 
  Problem: taski 
  Problem parameters: idi=3550, learner=, teststat=, testtype= 
  Algorithm: forest.splitbias.oob 
  Algorithm parameters:  
  Replication: 38 
  Seed: 4781 
  Problem seed: 160 
Setting seed: 4781
Applying Algorithm forest.splitbias.oob ...
Generating problem taski ...
Result:
List of 3
 $ idi   : int 3550
 $ lrn   : chr [1:3] "randomForest" "oob" ""
 $ result: Named num [1:5] 0.747 0.249 0.32 0.253 0.54
  ..- attr(*, "names")= chr [1:5] "ACC" "BER" "multiclass.brier" "MMCE" ...
NULL
Writing result file: /home/probst/Random_Forest/RFSplitbias/results/Splitbias-files/jobs/81/4781-result.RData
########## Executing jid=4782 ##########
Timestamp: 2016-04-28 15:06:55
Experiment: 
  Problem: taski 
  Problem parameters: idi=3550, learner=, teststat=, testtype= 
  Algorithm: forest.splitbias.oob 
  Algorithm parameters:  
  Replication: 39 
  Seed: 4782 
  Problem seed: 161 
Setting seed: 4782
Applying Algorithm forest.splitbias.oob ...
Generating problem taski ...
Result:
List of 3
 $ idi   : int 3550
 $ lrn   : chr [1:3] "randomForest" "oob" ""
 $ result: Named num [1:5] 0.747 0.249 0.322 0.253 0.553
  ..- attr(*, "names")= chr [1:5] "ACC" "BER" "multiclass.brier" "MMCE" ...
NULL
Writing result file: /home/probst/Random_Forest/RFSplitbias/results/Splitbias-files/jobs/82/4782-result.RData
########## Executing jid=4783 ##########
Timestamp: 2016-04-28 15:06:56
Experiment: 
  Problem: taski 
  Problem parameters: idi=3550, learner=, teststat=, testtype= 
  Algorithm: forest.splitbias.oob 
  Algorithm parameters:  
  Replication: 40 
  Seed: 4783 
  Problem seed: 162 
Setting seed: 4783
Applying Algorithm forest.splitbias.oob ...
Generating problem taski ...
Result:
List of 3
 $ idi   : int 3550
 $ lrn   : chr [1:3] "randomForest" "oob" ""
 $ result: Named num [1:5] 0.759 0.239 0.327 0.241 0.524
  ..- attr(*, "names")= chr [1:5] "ACC" "BER" "multiclass.brier" "MMCE" ...
NULL
Writing result file: /home/probst/Random_Forest/RFSplitbias/results/Splitbias-files/jobs/83/4783-result.RData
########## Executing jid=4784 ##########
Timestamp: 2016-04-28 15:06:56
Experiment: 
  Problem: taski 
  Problem parameters: idi=3550, learner=, teststat=, testtype= 
  Algorithm: forest.splitbias.oob 
  Algorithm parameters:  
  Replication: 41 
  Seed: 4784 
  Problem seed: 163 
Setting seed: 4784
Applying Algorithm forest.splitbias.oob ...
Generating problem taski ...
Result:
List of 3
 $ idi   : int 3550
 $ lrn   : chr [1:3] "randomForest" "oob" ""
 $ result: Named num [1:5] 0.759 0.239 0.316 0.241 0.538
  ..- attr(*, "names")= chr [1:5] "ACC" "BER" "multiclass.brier" "MMCE" ...
NULL
Writing result file: /home/probst/Random_Forest/RFSplitbias/results/Splitbias-files/jobs/84/4784-result.RData
########## Executing jid=4785 ##########
Timestamp: 2016-04-28 15:06:57
Experiment: 
  Problem: taski 
  Problem parameters: idi=3550, learner=, teststat=, testtype= 
  Algorithm: forest.splitbias.oob 
  Algorithm parameters:  
  Replication: 42 
  Seed: 4785 
  Problem seed: 164 
Setting seed: 4785
Applying Algorithm forest.splitbias.oob ...
Generating problem taski ...
Result:
List of 3
 $ idi   : int 3550
 $ lrn   : chr [1:3] "randomForest" "oob" ""
 $ result: Named num [1:5] 0.759 0.239 0.319 0.241 0.536
  ..- attr(*, "names")= chr [1:5] "ACC" "BER" "multiclass.brier" "MMCE" ...
NULL
Writing result file: /home/probst/Random_Forest/RFSplitbias/results/Splitbias-files/jobs/85/4785-result.RData
########## Executing jid=4786 ##########
Timestamp: 2016-04-28 15:06:57
Experiment: 
  Problem: taski 
  Problem parameters: idi=3550, learner=, teststat=, testtype= 
  Algorithm: forest.splitbias.oob 
  Algorithm parameters:  
  Replication: 43 
  Seed: 4786 
  Problem seed: 165 
Setting seed: 4786
Applying Algorithm forest.splitbias.oob ...
Generating problem taski ...
Result:
List of 3
 $ idi   : int 3550
 $ lrn   : chr [1:3] "randomForest" "oob" ""
 $ result: Named num [1:5] 0.759 0.239 0.32 0.241 0.51
  ..- attr(*, "names")= chr [1:5] "ACC" "BER" "multiclass.brier" "MMCE" ...
NULL
Writing result file: /home/probst/Random_Forest/RFSplitbias/results/Splitbias-files/jobs/86/4786-result.RData
########## Executing jid=4787 ##########
Timestamp: 2016-04-28 15:06:57
Experiment: 
  Problem: taski 
  Problem parameters: idi=3550, learner=, teststat=, testtype= 
  Algorithm: forest.splitbias.oob 
  Algorithm parameters:  
  Replication: 44 
  Seed: 4787 
  Problem seed: 166 
Setting seed: 4787
Applying Algorithm forest.splitbias.oob ...
Generating problem taski ...
Result:
List of 3
 $ idi   : int 3550
 $ lrn   : chr [1:3] "randomForest" "oob" ""
 $ result: Named num [1:5] 0.747 0.249 0.322 0.253 0.519
  ..- attr(*, "names")= chr [1:5] "ACC" "BER" "multiclass.brier" "MMCE" ...
NULL
Writing result file: /home/probst/Random_Forest/RFSplitbias/results/Splitbias-files/jobs/87/4787-result.RData
########## Executing jid=4788 ##########
Timestamp: 2016-04-28 15:06:58
Experiment: 
  Problem: taski 
  Problem parameters: idi=3550, learner=, teststat=, testtype= 
  Algorithm: forest.splitbias.oob 
  Algorithm parameters:  
  Replication: 45 
  Seed: 4788 
  Problem seed: 167 
Setting seed: 4788
Applying Algorithm forest.splitbias.oob ...
Generating problem taski ...
Result:
List of 3
 $ idi   : int 3550
 $ lrn   : chr [1:3] "randomForest" "oob" ""
 $ result: Named num [1:5] 0.747 0.252 0.318 0.253 0.535
  ..- attr(*, "names")= chr [1:5] "ACC" "BER" "multiclass.brier" "MMCE" ...
NULL
Writing result file: /home/probst/Random_Forest/RFSplitbias/results/Splitbias-files/jobs/88/4788-result.RData
########## Executing jid=4789 ##########
Timestamp: 2016-04-28 15:06:58
Experiment: 
  Problem: taski 
  Problem parameters: idi=3550, learner=, teststat=, testtype= 
  Algorithm: forest.splitbias.oob 
  Algorithm parameters:  
  Replication: 46 
  Seed: 4789 
  Problem seed: 168 
Setting seed: 4789
Applying Algorithm forest.splitbias.oob ...
Generating problem taski ...
Result:
List of 3
 $ idi   : int 3550
 $ lrn   : chr [1:3] "randomForest" "oob" ""
 $ result: Named num [1:5] 0.759 0.239 0.319 0.241 0.538
  ..- attr(*, "names")= chr [1:5] "ACC" "BER" "multiclass.brier" "MMCE" ...
NULL
Writing result file: /home/probst/Random_Forest/RFSplitbias/results/Splitbias-files/jobs/89/4789-result.RData
########## Executing jid=4790 ##########
Timestamp: 2016-04-28 15:06:59
Experiment: 
  Problem: taski 
  Problem parameters: idi=3550, learner=, teststat=, testtype= 
  Algorithm: forest.splitbias.oob 
  Algorithm parameters:  
  Replication: 47 
  Seed: 4790 
  Problem seed: 169 
Setting seed: 4790
Applying Algorithm forest.splitbias.oob ...
Generating problem taski ...
Result:
List of 3
 $ idi   : int 3550
 $ lrn   : chr [1:3] "randomForest" "oob" ""
 $ result: Named num [1:5] 0.759 0.239 0.313 0.241 0.538
  ..- attr(*, "names")= chr [1:5] "ACC" "BER" "multiclass.brier" "MMCE" ...
NULL
Writing result file: /home/probst/Random_Forest/RFSplitbias/results/Splitbias-files/jobs/90/4790-result.RData
########## Executing jid=4791 ##########
Timestamp: 2016-04-28 15:06:59
Experiment: 
  Problem: taski 
  Problem parameters: idi=3550, learner=, teststat=, testtype= 
  Algorithm: forest.splitbias.oob 
  Algorithm parameters:  
  Replication: 48 
  Seed: 4791 
  Problem seed: 170 
Setting seed: 4791
Applying Algorithm forest.splitbias.oob ...
Generating problem taski ...
Result:
List of 3
 $ idi   : int 3550
 $ lrn   : chr [1:3] "randomForest" "oob" ""
 $ result: Named num [1:5] 0.759 0.239 0.323 0.241 0.525
  ..- attr(*, "names")= chr [1:5] "ACC" "BER" "multiclass.brier" "MMCE" ...
NULL
Writing result file: /home/probst/Random_Forest/RFSplitbias/results/Splitbias-files/jobs/91/4791-result.RData
########## Executing jid=4792 ##########
Timestamp: 2016-04-28 15:07:00
Experiment: 
  Problem: taski 
  Problem parameters: idi=3550, learner=, teststat=, testtype= 
  Algorithm: forest.splitbias.oob 
  Algorithm parameters:  
  Replication: 49 
  Seed: 4792 
  Problem seed: 171 
Setting seed: 4792
Applying Algorithm forest.splitbias.oob ...
Generating problem taski ...
Result:
List of 3
 $ idi   : int 3550
 $ lrn   : chr [1:3] "randomForest" "oob" ""
 $ result: Named num [1:5] 0.759 0.239 0.317 0.241 0.537
  ..- attr(*, "names")= chr [1:5] "ACC" "BER" "multiclass.brier" "MMCE" ...
NULL
Writing result file: /home/probst/Random_Forest/RFSplitbias/results/Splitbias-files/jobs/92/4792-result.RData
########## Executing jid=4793 ##########
Timestamp: 2016-04-28 15:07:00
Experiment: 
  Problem: taski 
  Problem parameters: idi=3550, learner=, teststat=, testtype= 
  Algorithm: forest.splitbias.oob 
  Algorithm parameters:  
  Replication: 50 
  Seed: 4793 
  Problem seed: 172 
Setting seed: 4793
Applying Algorithm forest.splitbias.oob ...
Generating problem taski ...
Result:
List of 3
 $ idi   : int 3550
 $ lrn   : chr [1:3] "randomForest" "oob" ""
 $ result: Named num [1:5] 0.759 0.239 0.323 0.241 0.557
  ..- attr(*, "names")= chr [1:5] "ACC" "BER" "multiclass.brier" "MMCE" ...
NULL
Writing result file: /home/probst/Random_Forest/RFSplitbias/results/Splitbias-files/jobs/93/4793-result.RData
########## Executing jid=4794 ##########
Timestamp: 2016-04-28 15:07:01
Experiment: 
  Problem: taski 
  Problem parameters: idi=3562, learner=, teststat=, testtype= 
  Algorithm: forest.splitbias.oob 
  Algorithm parameters:  
  Replication: 11 
  Seed: 4794 
  Problem seed: 133 
Setting seed: 4794
Applying Algorithm forest.splitbias.oob ...
Generating problem taski ...
Result:
List of 3
 $ idi   : int 3562
 $ lrn   : chr [1:3] "randomForest" "oob" ""
 $ result: Named num [1:5] 0.736 0.301 0.434 0.264 0.768
  ..- attr(*, "names")= chr [1:5] "ACC" "BER" "multiclass.brier" "MMCE" ...
NULL
Writing result file: /home/probst/Random_Forest/RFSplitbias/results/Splitbias-files/jobs/94/4794-result.RData
########## Executing jid=4795 ##########
Timestamp: 2016-04-28 15:07:01
Experiment: 
  Problem: taski 
  Problem parameters: idi=3562, learner=, teststat=, testtype= 
  Algorithm: forest.splitbias.oob 
  Algorithm parameters:  
  Replication: 12 
  Seed: 4795 
  Problem seed: 134 
Setting seed: 4795
Applying Algorithm forest.splitbias.oob ...
Generating problem taski ...
Result:
List of 3
 $ idi   : int 3562
 $ lrn   : chr [1:3] "randomForest" "oob" ""
 $ result: Named num [1:5] 0.759 0.272 0.43 0.241 0.757
  ..- attr(*, "names")= chr [1:5] "ACC" "BER" "multiclass.brier" "MMCE" ...
NULL
Writing result file: /home/probst/Random_Forest/RFSplitbias/results/Splitbias-files/jobs/95/4795-result.RData
########## Executing jid=4796 ##########
Timestamp: 2016-04-28 15:07:02
Experiment: 
  Problem: taski 
  Problem parameters: idi=3562, learner=, teststat=, testtype= 
  Algorithm: forest.splitbias.oob 
  Algorithm parameters:  
  Replication: 13 
  Seed: 4796 
  Problem seed: 135 
Setting seed: 4796
Applying Algorithm forest.splitbias.oob ...
Generating problem taski ...
Result:
List of 3
 $ idi   : int 3562
 $ lrn   : chr [1:3] "randomForest" "oob" ""
 $ result: Named num [1:5] 0.747 0.286 0.433 0.253 0.762
  ..- attr(*, "names")= chr [1:5] "ACC" "BER" "multiclass.brier" "MMCE" ...
NULL
Writing result file: /home/probst/Random_Forest/RFSplitbias/results/Splitbias-files/jobs/96/4796-result.RData
########## Executing jid=4797 ##########
Timestamp: 2016-04-28 15:07:02
Experiment: 
  Problem: taski 
  Problem parameters: idi=3562, learner=, teststat=, testtype= 
  Algorithm: forest.splitbias.oob 
  Algorithm parameters:  
  Replication: 14 
  Seed: 4797 
  Problem seed: 136 
Setting seed: 4797
Applying Algorithm forest.splitbias.oob ...
Generating problem taski ...
Result:
List of 3
 $ idi   : int 3562
 $ lrn   : chr [1:3] "randomForest" "oob" ""
 $ result: Named num [1:5] 0.747 0.286 0.429 0.253 0.746
  ..- attr(*, "names")= chr [1:5] "ACC" "BER" "multiclass.brier" "MMCE" ...
NULL
Writing result file: /home/probst/Random_Forest/RFSplitbias/results/Splitbias-files/jobs/97/4797-result.RData
########## Executing jid=4798 ##########
Timestamp: 2016-04-28 15:07:03
Experiment: 
  Problem: taski 
  Problem parameters: idi=3562, learner=, teststat=, testtype= 
  Algorithm: forest.splitbias.oob 
  Algorithm parameters:  
  Replication: 15 
  Seed: 4798 
  Problem seed: 137 
Setting seed: 4798
Applying Algorithm forest.splitbias.oob ...
Generating problem taski ...
Result:
List of 3
 $ idi   : int 3562
 $ lrn   : chr [1:3] "randomForest" "oob" ""
 $ result: Named num [1:5] 0.747 0.286 0.431 0.253 0.759
  ..- attr(*, "names")= chr [1:5] "ACC" "BER" "multiclass.brier" "MMCE" ...
NULL
Writing result file: /home/probst/Random_Forest/RFSplitbias/results/Splitbias-files/jobs/98/4798-result.RData
########## Executing jid=4799 ##########
Timestamp: 2016-04-28 15:07:04
Experiment: 
  Problem: taski 
  Problem parameters: idi=3562, learner=, teststat=, testtype= 
  Algorithm: forest.splitbias.oob 
  Algorithm parameters:  
  Replication: 16 
  Seed: 4799 
  Problem seed: 138 
Setting seed: 4799
Applying Algorithm forest.splitbias.oob ...
Generating problem taski ...
Result:
List of 3
 $ idi   : int 3562
 $ lrn   : chr [1:3] "randomForest" "oob" ""
 $ result: Named num [1:5] 0.736 0.301 0.43 0.264 0.755
  ..- attr(*, "names")= chr [1:5] "ACC" "BER" "multiclass.brier" "MMCE" ...
NULL
Writing result file: /home/probst/Random_Forest/RFSplitbias/results/Splitbias-files/jobs/99/4799-result.RData
########## Executing jid=4800 ##########
Timestamp: 2016-04-28 15:07:04
Experiment: 
  Problem: taski 
  Problem parameters: idi=3562, learner=, teststat=, testtype= 
  Algorithm: forest.splitbias.oob 
  Algorithm parameters:  
  Replication: 17 
  Seed: 4800 
  Problem seed: 139 
Setting seed: 4800
Applying Algorithm forest.splitbias.oob ...
Generating problem taski ...
Result:
List of 3
 $ idi   : int 3562
 $ lrn   : chr [1:3] "randomForest" "oob" ""
 $ result: Named num [1:5] 0.759 0.272 0.425 0.241 0.749
  ..- attr(*, "names")= chr [1:5] "ACC" "BER" "multiclass.brier" "MMCE" ...
NULL
Writing result file: /home/probst/Random_Forest/RFSplitbias/results/Splitbias-files/jobs/00/4800-result.RData
########## Executing jid=4801 ##########
Timestamp: 2016-04-28 15:07:05
Experiment: 
  Problem: taski 
  Problem parameters: idi=3562, learner=, teststat=, testtype= 
  Algorithm: forest.splitbias.oob 
  Algorithm parameters:  
  Replication: 18 
  Seed: 4801 
  Problem seed: 140 
Setting seed: 4801
Applying Algorithm forest.splitbias.oob ...
Generating problem taski ...
Result:
List of 3
 $ idi   : int 3562
 $ lrn   : chr [1:3] "randomForest" "oob" ""
 $ result: Named num [1:5] 0.747 0.286 0.429 0.253 0.764
  ..- attr(*, "names")= chr [1:5] "ACC" "BER" "multiclass.brier" "MMCE" ...
NULL
Writing result file: /home/probst/Random_Forest/RFSplitbias/results/Splitbias-files/jobs/01/4801-result.RData
########## Executing jid=4802 ##########
Timestamp: 2016-04-28 15:07:05
Experiment: 
  Problem: taski 
  Problem parameters: idi=3562, learner=, teststat=, testtype= 
  Algorithm: forest.splitbias.oob 
  Algorithm parameters:  
  Replication: 19 
  Seed: 4802 
  Problem seed: 141 
Setting seed: 4802
Applying Algorithm forest.splitbias.oob ...
Generating problem taski ...
Result:
List of 3
 $ idi   : int 3562
 $ lrn   : chr [1:3] "randomForest" "oob" ""
 $ result: Named num [1:5] 0.747 0.286 0.43 0.253 0.753
  ..- attr(*, "names")= chr [1:5] "ACC" "BER" "multiclass.brier" "MMCE" ...
NULL
Writing result file: /home/probst/Random_Forest/RFSplitbias/results/Splitbias-files/jobs/02/4802-result.RData
########## Executing jid=4803 ##########
Timestamp: 2016-04-28 15:07:06
Experiment: 
  Problem: taski 
  Problem parameters: idi=3562, learner=, teststat=, testtype= 
  Algorithm: forest.splitbias.oob 
  Algorithm parameters:  
  Replication: 20 
  Seed: 4803 
  Problem seed: 142 
Setting seed: 4803
Applying Algorithm forest.splitbias.oob ...
Generating problem taski ...
Result:
List of 3
 $ idi   : int 3562
 $ lrn   : chr [1:3] "randomForest" "oob" ""
 $ result: Named num [1:5] 0.736 0.301 0.439 0.264 0.776
  ..- attr(*, "names")= chr [1:5] "ACC" "BER" "multiclass.brier" "MMCE" ...
NULL
Writing result file: /home/probst/Random_Forest/RFSplitbias/results/Splitbias-files/jobs/03/4803-result.RData
2016-04-28 15:07:06: All done.
Setting work back to: /nfsmb/koll/probst/Random_Forest/RFSplitbias/results
Memory usage according to gc:
          used (Mb) gc trigger  (Mb) max used  (Mb)
Ncells 1815316 97.0    3205452 171.2  1980491 105.8
Vcells 4654946 35.6   13750151 105.0  5837615  44.6
