Loading registry: /home/probst/Random_Forest/RFSplitbias/results/Splitbias-files/registry.RData
Loading conf: 
2016-04-28 15:18:46: Starting job on node lin65.
Auto-mailer settings: start=none, done=none, error=none.
Setting work dir: /nfsmb/koll/probst/Random_Forest/RFSplitbias/results
########## Executing jid=5604 ##########
Timestamp: 2016-04-28 15:18:46
Experiment: 
  Problem: taski 
  Problem parameters: idi=3784, learner=, teststat=, testtype= 
  Algorithm: forest.splitbias.oob 
  Algorithm parameters:  
  Replication: 21 
  Seed: 5604 
  Problem seed: 143 
Setting seed: 5604
Applying Algorithm forest.splitbias.oob ...
Generating problem taski ...
Result:
List of 3
 $ idi   : int 3784
 $ lrn   : chr [1:3] "randomForest" "oob" ""
 $ result: Named num [1:5] 0.9773 0.0276 0.0742 0.0227 0.6242
  ..- attr(*, "names")= chr [1:5] "ACC" "BER" "multiclass.brier" "MMCE" ...
NULL
Writing result file: /home/probst/Random_Forest/RFSplitbias/results/Splitbias-files/jobs/04/5604-result.RData
########## Executing jid=5605 ##########
Timestamp: 2016-04-28 15:18:47
Experiment: 
  Problem: taski 
  Problem parameters: idi=3784, learner=, teststat=, testtype= 
  Algorithm: forest.splitbias.oob 
  Algorithm parameters:  
  Replication: 22 
  Seed: 5605 
  Problem seed: 144 
Setting seed: 5605
Applying Algorithm forest.splitbias.oob ...
Generating problem taski ...
Result:
List of 3
 $ idi   : int 3784
 $ lrn   : chr [1:3] "randomForest" "oob" ""
 $ result: Named num [1:5] 0.9773 0.0276 0.0743 0.0227 0.6414
  ..- attr(*, "names")= chr [1:5] "ACC" "BER" "multiclass.brier" "MMCE" ...
NULL
Writing result file: /home/probst/Random_Forest/RFSplitbias/results/Splitbias-files/jobs/05/5605-result.RData
########## Executing jid=5606 ##########
Timestamp: 2016-04-28 15:18:47
Experiment: 
  Problem: taski 
  Problem parameters: idi=3784, learner=, teststat=, testtype= 
  Algorithm: forest.splitbias.oob 
  Algorithm parameters:  
  Replication: 23 
  Seed: 5606 
  Problem seed: 145 
Setting seed: 5606
Applying Algorithm forest.splitbias.oob ...
Generating problem taski ...
Result:
List of 3
 $ idi   : int 3784
 $ lrn   : chr [1:3] "randomForest" "oob" ""
 $ result: Named num [1:5] 0.9773 0.0276 0.0739 0.0227 0.6271
  ..- attr(*, "names")= chr [1:5] "ACC" "BER" "multiclass.brier" "MMCE" ...
NULL
Writing result file: /home/probst/Random_Forest/RFSplitbias/results/Splitbias-files/jobs/06/5606-result.RData
########## Executing jid=5607 ##########
Timestamp: 2016-04-28 15:18:48
Experiment: 
  Problem: taski 
  Problem parameters: idi=3784, learner=, teststat=, testtype= 
  Algorithm: forest.splitbias.oob 
  Algorithm parameters:  
  Replication: 24 
  Seed: 5607 
  Problem seed: 146 
Setting seed: 5607
Applying Algorithm forest.splitbias.oob ...
Generating problem taski ...
Result:
List of 3
 $ idi   : int 3784
 $ lrn   : chr [1:3] "randomForest" "oob" ""
 $ result: Named num [1:5] 0.9697 0.0384 0.0735 0.0303 0.6015
  ..- attr(*, "names")= chr [1:5] "ACC" "BER" "multiclass.brier" "MMCE" ...
NULL
Writing result file: /home/probst/Random_Forest/RFSplitbias/results/Splitbias-files/jobs/07/5607-result.RData
########## Executing jid=5608 ##########
Timestamp: 2016-04-28 15:18:48
Experiment: 
  Problem: taski 
  Problem parameters: idi=3784, learner=, teststat=, testtype= 
  Algorithm: forest.splitbias.oob 
  Algorithm parameters:  
  Replication: 25 
  Seed: 5608 
  Problem seed: 147 
Setting seed: 5608
Applying Algorithm forest.splitbias.oob ...
Generating problem taski ...
Result:
List of 3
 $ idi   : int 3784
 $ lrn   : chr [1:3] "randomForest" "oob" ""
 $ result: Named num [1:5] 0.9773 0.0276 0.0715 0.0227 0.6122
  ..- attr(*, "names")= chr [1:5] "ACC" "BER" "multiclass.brier" "MMCE" ...
NULL
Writing result file: /home/probst/Random_Forest/RFSplitbias/results/Splitbias-files/jobs/08/5608-result.RData
########## Executing jid=5609 ##########
Timestamp: 2016-04-28 15:18:49
Experiment: 
  Problem: taski 
  Problem parameters: idi=3784, learner=, teststat=, testtype= 
  Algorithm: forest.splitbias.oob 
  Algorithm parameters:  
  Replication: 26 
  Seed: 5609 
  Problem seed: 148 
Setting seed: 5609
Applying Algorithm forest.splitbias.oob ...
Generating problem taski ...
Result:
List of 3
 $ idi   : int 3784
 $ lrn   : chr [1:3] "randomForest" "oob" ""
 $ result: Named num [1:5] 0.9773 0.0276 0.0731 0.0227 0.6269
  ..- attr(*, "names")= chr [1:5] "ACC" "BER" "multiclass.brier" "MMCE" ...
NULL
Writing result file: /home/probst/Random_Forest/RFSplitbias/results/Splitbias-files/jobs/09/5609-result.RData
########## Executing jid=5610 ##########
Timestamp: 2016-04-28 15:18:49
Experiment: 
  Problem: taski 
  Problem parameters: idi=3784, learner=, teststat=, testtype= 
  Algorithm: forest.splitbias.oob 
  Algorithm parameters:  
  Replication: 27 
  Seed: 5610 
  Problem seed: 149 
Setting seed: 5610
Applying Algorithm forest.splitbias.oob ...
Generating problem taski ...
Result:
List of 3
 $ idi   : int 3784
 $ lrn   : chr [1:3] "randomForest" "oob" ""
 $ result: Named num [1:5] 0.9773 0.0276 0.0743 0.0227 0.6239
  ..- attr(*, "names")= chr [1:5] "ACC" "BER" "multiclass.brier" "MMCE" ...
NULL
Writing result file: /home/probst/Random_Forest/RFSplitbias/results/Splitbias-files/jobs/10/5610-result.RData
########## Executing jid=5611 ##########
Timestamp: 2016-04-28 15:18:50
Experiment: 
  Problem: taski 
  Problem parameters: idi=3784, learner=, teststat=, testtype= 
  Algorithm: forest.splitbias.oob 
  Algorithm parameters:  
  Replication: 28 
  Seed: 5611 
  Problem seed: 150 
Setting seed: 5611
Applying Algorithm forest.splitbias.oob ...
Generating problem taski ...
Result:
List of 3
 $ idi   : int 3784
 $ lrn   : chr [1:3] "randomForest" "oob" ""
 $ result: Named num [1:5] 0.9697 0.0384 0.0746 0.0303 0.6411
  ..- attr(*, "names")= chr [1:5] "ACC" "BER" "multiclass.brier" "MMCE" ...
NULL
Writing result file: /home/probst/Random_Forest/RFSplitbias/results/Splitbias-files/jobs/11/5611-result.RData
########## Executing jid=5612 ##########
Timestamp: 2016-04-28 15:18:50
Experiment: 
  Problem: taski 
  Problem parameters: idi=3784, learner=, teststat=, testtype= 
  Algorithm: forest.splitbias.oob 
  Algorithm parameters:  
  Replication: 29 
  Seed: 5612 
  Problem seed: 151 
Setting seed: 5612
Applying Algorithm forest.splitbias.oob ...
Generating problem taski ...
Result:
List of 3
 $ idi   : int 3784
 $ lrn   : chr [1:3] "randomForest" "oob" ""
 $ result: Named num [1:5] 0.9773 0.0276 0.0759 0.0227 0.6302
  ..- attr(*, "names")= chr [1:5] "ACC" "BER" "multiclass.brier" "MMCE" ...
NULL
Writing result file: /home/probst/Random_Forest/RFSplitbias/results/Splitbias-files/jobs/12/5612-result.RData
########## Executing jid=5613 ##########
Timestamp: 2016-04-28 15:18:51
Experiment: 
  Problem: taski 
  Problem parameters: idi=3784, learner=, teststat=, testtype= 
  Algorithm: forest.splitbias.oob 
  Algorithm parameters:  
  Replication: 30 
  Seed: 5613 
  Problem seed: 152 
Setting seed: 5613
Applying Algorithm forest.splitbias.oob ...
Generating problem taski ...
Result:
List of 3
 $ idi   : int 3784
 $ lrn   : chr [1:3] "randomForest" "oob" ""
 $ result: Named num [1:5] 0.9773 0.0276 0.0732 0.0227 0.5987
  ..- attr(*, "names")= chr [1:5] "ACC" "BER" "multiclass.brier" "MMCE" ...
NULL
Writing result file: /home/probst/Random_Forest/RFSplitbias/results/Splitbias-files/jobs/13/5613-result.RData
########## Executing jid=5614 ##########
Timestamp: 2016-04-28 15:18:51
Experiment: 
  Problem: taski 
  Problem parameters: idi=3784, learner=, teststat=, testtype= 
  Algorithm: forest.splitbias.oob 
  Algorithm parameters:  
  Replication: 31 
  Seed: 5614 
  Problem seed: 153 
Setting seed: 5614
Applying Algorithm forest.splitbias.oob ...
Generating problem taski ...
Result:
List of 3
 $ idi   : int 3784
 $ lrn   : chr [1:3] "randomForest" "oob" ""
 $ result: Named num [1:5] 0.9697 0.0334 0.0745 0.0303 0.6194
  ..- attr(*, "names")= chr [1:5] "ACC" "BER" "multiclass.brier" "MMCE" ...
NULL
Writing result file: /home/probst/Random_Forest/RFSplitbias/results/Splitbias-files/jobs/14/5614-result.RData
########## Executing jid=5615 ##########
Timestamp: 2016-04-28 15:18:51
Experiment: 
  Problem: taski 
  Problem parameters: idi=3784, learner=, teststat=, testtype= 
  Algorithm: forest.splitbias.oob 
  Algorithm parameters:  
  Replication: 32 
  Seed: 5615 
  Problem seed: 154 
Setting seed: 5615
Applying Algorithm forest.splitbias.oob ...
Generating problem taski ...
Result:
List of 3
 $ idi   : int 3784
 $ lrn   : chr [1:3] "randomForest" "oob" ""
 $ result: Named num [1:5] 0.9773 0.0276 0.0755 0.0227 0.6376
  ..- attr(*, "names")= chr [1:5] "ACC" "BER" "multiclass.brier" "MMCE" ...
NULL
Writing result file: /home/probst/Random_Forest/RFSplitbias/results/Splitbias-files/jobs/15/5615-result.RData
########## Executing jid=5616 ##########
Timestamp: 2016-04-28 15:18:52
Experiment: 
  Problem: taski 
  Problem parameters: idi=3784, learner=, teststat=, testtype= 
  Algorithm: forest.splitbias.oob 
  Algorithm parameters:  
  Replication: 33 
  Seed: 5616 
  Problem seed: 155 
Setting seed: 5616
Applying Algorithm forest.splitbias.oob ...
Generating problem taski ...
Result:
List of 3
 $ idi   : int 3784
 $ lrn   : chr [1:3] "randomForest" "oob" ""
 $ result: Named num [1:5] 0.9773 0.0276 0.0715 0.0227 0.6235
  ..- attr(*, "names")= chr [1:5] "ACC" "BER" "multiclass.brier" "MMCE" ...
NULL
Writing result file: /home/probst/Random_Forest/RFSplitbias/results/Splitbias-files/jobs/16/5616-result.RData
########## Executing jid=5617 ##########
Timestamp: 2016-04-28 15:18:52
Experiment: 
  Problem: taski 
  Problem parameters: idi=3784, learner=, teststat=, testtype= 
  Algorithm: forest.splitbias.oob 
  Algorithm parameters:  
  Replication: 34 
  Seed: 5617 
  Problem seed: 156 
Setting seed: 5617
Applying Algorithm forest.splitbias.oob ...
Generating problem taski ...
Result:
List of 3
 $ idi   : int 3784
 $ lrn   : chr [1:3] "randomForest" "oob" ""
 $ result: Named num [1:5] 0.9773 0.0276 0.0748 0.0227 0.6275
  ..- attr(*, "names")= chr [1:5] "ACC" "BER" "multiclass.brier" "MMCE" ...
NULL
Writing result file: /home/probst/Random_Forest/RFSplitbias/results/Splitbias-files/jobs/17/5617-result.RData
########## Executing jid=5618 ##########
Timestamp: 2016-04-28 15:18:53
Experiment: 
  Problem: taski 
  Problem parameters: idi=3784, learner=, teststat=, testtype= 
  Algorithm: forest.splitbias.oob 
  Algorithm parameters:  
  Replication: 35 
  Seed: 5618 
  Problem seed: 157 
Setting seed: 5618
Applying Algorithm forest.splitbias.oob ...
Generating problem taski ...
Result:
List of 3
 $ idi   : int 3784
 $ lrn   : chr [1:3] "randomForest" "oob" ""
 $ result: Named num [1:5] 0.9773 0.0276 0.0747 0.0227 0.6127
  ..- attr(*, "names")= chr [1:5] "ACC" "BER" "multiclass.brier" "MMCE" ...
NULL
Writing result file: /home/probst/Random_Forest/RFSplitbias/results/Splitbias-files/jobs/18/5618-result.RData
########## Executing jid=5619 ##########
Timestamp: 2016-04-28 15:18:53
Experiment: 
  Problem: taski 
  Problem parameters: idi=3784, learner=, teststat=, testtype= 
  Algorithm: forest.splitbias.oob 
  Algorithm parameters:  
  Replication: 36 
  Seed: 5619 
  Problem seed: 158 
Setting seed: 5619
Applying Algorithm forest.splitbias.oob ...
Generating problem taski ...
Result:
List of 3
 $ idi   : int 3784
 $ lrn   : chr [1:3] "randomForest" "oob" ""
 $ result: Named num [1:5] 0.9773 0.0276 0.0741 0.0227 0.6026
  ..- attr(*, "names")= chr [1:5] "ACC" "BER" "multiclass.brier" "MMCE" ...
NULL
Writing result file: /home/probst/Random_Forest/RFSplitbias/results/Splitbias-files/jobs/19/5619-result.RData
########## Executing jid=5620 ##########
Timestamp: 2016-04-28 15:18:54
Experiment: 
  Problem: taski 
  Problem parameters: idi=3784, learner=, teststat=, testtype= 
  Algorithm: forest.splitbias.oob 
  Algorithm parameters:  
  Replication: 37 
  Seed: 5620 
  Problem seed: 159 
Setting seed: 5620
Applying Algorithm forest.splitbias.oob ...
Generating problem taski ...
Result:
List of 3
 $ idi   : int 3784
 $ lrn   : chr [1:3] "randomForest" "oob" ""
 $ result: Named num [1:5] 0.9697 0.0384 0.0736 0.0303 0.6223
  ..- attr(*, "names")= chr [1:5] "ACC" "BER" "multiclass.brier" "MMCE" ...
NULL
Writing result file: /home/probst/Random_Forest/RFSplitbias/results/Splitbias-files/jobs/20/5620-result.RData
########## Executing jid=5621 ##########
Timestamp: 2016-04-28 15:18:54
Experiment: 
  Problem: taski 
  Problem parameters: idi=3784, learner=, teststat=, testtype= 
  Algorithm: forest.splitbias.oob 
  Algorithm parameters:  
  Replication: 38 
  Seed: 5621 
  Problem seed: 160 
Setting seed: 5621
Applying Algorithm forest.splitbias.oob ...
Generating problem taski ...
Result:
List of 3
 $ idi   : int 3784
 $ lrn   : chr [1:3] "randomForest" "oob" ""
 $ result: Named num [1:5] 0.9773 0.0276 0.0717 0.0227 0.6001
  ..- attr(*, "names")= chr [1:5] "ACC" "BER" "multiclass.brier" "MMCE" ...
NULL
Writing result file: /home/probst/Random_Forest/RFSplitbias/results/Splitbias-files/jobs/21/5621-result.RData
########## Executing jid=5622 ##########
Timestamp: 2016-04-28 15:18:55
Experiment: 
  Problem: taski 
  Problem parameters: idi=3784, learner=, teststat=, testtype= 
  Algorithm: forest.splitbias.oob 
  Algorithm parameters:  
  Replication: 39 
  Seed: 5622 
  Problem seed: 161 
Setting seed: 5622
Applying Algorithm forest.splitbias.oob ...
Generating problem taski ...
Result:
List of 3
 $ idi   : int 3784
 $ lrn   : chr [1:3] "randomForest" "oob" ""
 $ result: Named num [1:5] 0.9697 0.0384 0.072 0.0303 0.6165
  ..- attr(*, "names")= chr [1:5] "ACC" "BER" "multiclass.brier" "MMCE" ...
NULL
Writing result file: /home/probst/Random_Forest/RFSplitbias/results/Splitbias-files/jobs/22/5622-result.RData
########## Executing jid=5623 ##########
Timestamp: 2016-04-28 15:18:55
Experiment: 
  Problem: taski 
  Problem parameters: idi=3784, learner=, teststat=, testtype= 
  Algorithm: forest.splitbias.oob 
  Algorithm parameters:  
  Replication: 40 
  Seed: 5623 
  Problem seed: 162 
Setting seed: 5623
Applying Algorithm forest.splitbias.oob ...
Generating problem taski ...
Result:
List of 3
 $ idi   : int 3784
 $ lrn   : chr [1:3] "randomForest" "oob" ""
 $ result: Named num [1:5] 0.9773 0.0276 0.0745 0.0227 0.6379
  ..- attr(*, "names")= chr [1:5] "ACC" "BER" "multiclass.brier" "MMCE" ...
NULL
Writing result file: /home/probst/Random_Forest/RFSplitbias/results/Splitbias-files/jobs/23/5623-result.RData
########## Executing jid=5624 ##########
Timestamp: 2016-04-28 15:18:56
Experiment: 
  Problem: taski 
  Problem parameters: idi=3784, learner=, teststat=, testtype= 
  Algorithm: forest.splitbias.oob 
  Algorithm parameters:  
  Replication: 41 
  Seed: 5624 
  Problem seed: 163 
Setting seed: 5624
Applying Algorithm forest.splitbias.oob ...
Generating problem taski ...
Result:
List of 3
 $ idi   : int 3784
 $ lrn   : chr [1:3] "randomForest" "oob" ""
 $ result: Named num [1:5] 0.9773 0.0276 0.0736 0.0227 0.6237
  ..- attr(*, "names")= chr [1:5] "ACC" "BER" "multiclass.brier" "MMCE" ...
NULL
Writing result file: /home/probst/Random_Forest/RFSplitbias/results/Splitbias-files/jobs/24/5624-result.RData
########## Executing jid=5625 ##########
Timestamp: 2016-04-28 15:18:57
Experiment: 
  Problem: taski 
  Problem parameters: idi=3784, learner=, teststat=, testtype= 
  Algorithm: forest.splitbias.oob 
  Algorithm parameters:  
  Replication: 42 
  Seed: 5625 
  Problem seed: 164 
Setting seed: 5625
Applying Algorithm forest.splitbias.oob ...
Generating problem taski ...
Result:
List of 3
 $ idi   : int 3784
 $ lrn   : chr [1:3] "randomForest" "oob" ""
 $ result: Named num [1:5] 0.9697 0.0384 0.0733 0.0303 0.6331
  ..- attr(*, "names")= chr [1:5] "ACC" "BER" "multiclass.brier" "MMCE" ...
NULL
Writing result file: /home/probst/Random_Forest/RFSplitbias/results/Splitbias-files/jobs/25/5625-result.RData
########## Executing jid=5626 ##########
Timestamp: 2016-04-28 15:18:57
Experiment: 
  Problem: taski 
  Problem parameters: idi=3784, learner=, teststat=, testtype= 
  Algorithm: forest.splitbias.oob 
  Algorithm parameters:  
  Replication: 43 
  Seed: 5626 
  Problem seed: 165 
Setting seed: 5626
Applying Algorithm forest.splitbias.oob ...
Generating problem taski ...
Result:
List of 3
 $ idi   : int 3784
 $ lrn   : chr [1:3] "randomForest" "oob" ""
 $ result: Named num [1:5] 0.9773 0.0276 0.0738 0.0227 0.6021
  ..- attr(*, "names")= chr [1:5] "ACC" "BER" "multiclass.brier" "MMCE" ...
NULL
Writing result file: /home/probst/Random_Forest/RFSplitbias/results/Splitbias-files/jobs/26/5626-result.RData
########## Executing jid=5627 ##########
Timestamp: 2016-04-28 15:18:58
Experiment: 
  Problem: taski 
  Problem parameters: idi=3784, learner=, teststat=, testtype= 
  Algorithm: forest.splitbias.oob 
  Algorithm parameters:  
  Replication: 44 
  Seed: 5627 
  Problem seed: 166 
Setting seed: 5627
Applying Algorithm forest.splitbias.oob ...
Generating problem taski ...
Result:
List of 3
 $ idi   : int 3784
 $ lrn   : chr [1:3] "randomForest" "oob" ""
 $ result: Named num [1:5] 0.9773 0.0276 0.0768 0.0227 0.6231
  ..- attr(*, "names")= chr [1:5] "ACC" "BER" "multiclass.brier" "MMCE" ...
NULL
Writing result file: /home/probst/Random_Forest/RFSplitbias/results/Splitbias-files/jobs/27/5627-result.RData
########## Executing jid=5628 ##########
Timestamp: 2016-04-28 15:18:58
Experiment: 
  Problem: taski 
  Problem parameters: idi=3784, learner=, teststat=, testtype= 
  Algorithm: forest.splitbias.oob 
  Algorithm parameters:  
  Replication: 45 
  Seed: 5628 
  Problem seed: 167 
Setting seed: 5628
Applying Algorithm forest.splitbias.oob ...
Generating problem taski ...
Result:
List of 3
 $ idi   : int 3784
 $ lrn   : chr [1:3] "randomForest" "oob" ""
 $ result: Named num [1:5] 0.9773 0.0276 0.0744 0.0227 0.6184
  ..- attr(*, "names")= chr [1:5] "ACC" "BER" "multiclass.brier" "MMCE" ...
NULL
Writing result file: /home/probst/Random_Forest/RFSplitbias/results/Splitbias-files/jobs/28/5628-result.RData
########## Executing jid=5629 ##########
Timestamp: 2016-04-28 15:18:59
Experiment: 
  Problem: taski 
  Problem parameters: idi=3784, learner=, teststat=, testtype= 
  Algorithm: forest.splitbias.oob 
  Algorithm parameters:  
  Replication: 46 
  Seed: 5629 
  Problem seed: 168 
Setting seed: 5629
Applying Algorithm forest.splitbias.oob ...
Generating problem taski ...
Result:
List of 3
 $ idi   : int 3784
 $ lrn   : chr [1:3] "randomForest" "oob" ""
 $ result: Named num [1:5] 0.9773 0.0276 0.0718 0.0227 0.6558
  ..- attr(*, "names")= chr [1:5] "ACC" "BER" "multiclass.brier" "MMCE" ...
NULL
Writing result file: /home/probst/Random_Forest/RFSplitbias/results/Splitbias-files/jobs/29/5629-result.RData
########## Executing jid=5630 ##########
Timestamp: 2016-04-28 15:18:59
Experiment: 
  Problem: taski 
  Problem parameters: idi=3784, learner=, teststat=, testtype= 
  Algorithm: forest.splitbias.oob 
  Algorithm parameters:  
  Replication: 47 
  Seed: 5630 
  Problem seed: 169 
Setting seed: 5630
Applying Algorithm forest.splitbias.oob ...
Generating problem taski ...
Result:
List of 3
 $ idi   : int 3784
 $ lrn   : chr [1:3] "randomForest" "oob" ""
 $ result: Named num [1:5] 0.9773 0.0276 0.0734 0.0227 0.6264
  ..- attr(*, "names")= chr [1:5] "ACC" "BER" "multiclass.brier" "MMCE" ...
NULL
Writing result file: /home/probst/Random_Forest/RFSplitbias/results/Splitbias-files/jobs/30/5630-result.RData
########## Executing jid=5631 ##########
Timestamp: 2016-04-28 15:18:59
Experiment: 
  Problem: taski 
  Problem parameters: idi=3784, learner=, teststat=, testtype= 
  Algorithm: forest.splitbias.oob 
  Algorithm parameters:  
  Replication: 48 
  Seed: 5631 
  Problem seed: 170 
Setting seed: 5631
Applying Algorithm forest.splitbias.oob ...
Generating problem taski ...
Result:
List of 3
 $ idi   : int 3784
 $ lrn   : chr [1:3] "randomForest" "oob" ""
 $ result: Named num [1:5] 0.9773 0.0276 0.0728 0.0227 0.6187
  ..- attr(*, "names")= chr [1:5] "ACC" "BER" "multiclass.brier" "MMCE" ...
NULL
Writing result file: /home/probst/Random_Forest/RFSplitbias/results/Splitbias-files/jobs/31/5631-result.RData
########## Executing jid=5632 ##########
Timestamp: 2016-04-28 15:19:00
Experiment: 
  Problem: taski 
  Problem parameters: idi=3784, learner=, teststat=, testtype= 
  Algorithm: forest.splitbias.oob 
  Algorithm parameters:  
  Replication: 49 
  Seed: 5632 
  Problem seed: 171 
Setting seed: 5632
Applying Algorithm forest.splitbias.oob ...
Generating problem taski ...
Result:
List of 3
 $ idi   : int 3784
 $ lrn   : chr [1:3] "randomForest" "oob" ""
 $ result: Named num [1:5] 0.9697 0.0384 0.0778 0.0303 0.6038
  ..- attr(*, "names")= chr [1:5] "ACC" "BER" "multiclass.brier" "MMCE" ...
NULL
Writing result file: /home/probst/Random_Forest/RFSplitbias/results/Splitbias-files/jobs/32/5632-result.RData
########## Executing jid=5633 ##########
Timestamp: 2016-04-28 15:19:00
Experiment: 
  Problem: taski 
  Problem parameters: idi=3784, learner=, teststat=, testtype= 
  Algorithm: forest.splitbias.oob 
  Algorithm parameters:  
  Replication: 50 
  Seed: 5633 
  Problem seed: 172 
Setting seed: 5633
Applying Algorithm forest.splitbias.oob ...
Generating problem taski ...
Result:
List of 3
 $ idi   : int 3784
 $ lrn   : chr [1:3] "randomForest" "oob" ""
 $ result: Named num [1:5] 0.9697 0.0384 0.0771 0.0303 0.6362
  ..- attr(*, "names")= chr [1:5] "ACC" "BER" "multiclass.brier" "MMCE" ...
NULL
Writing result file: /home/probst/Random_Forest/RFSplitbias/results/Splitbias-files/jobs/33/5633-result.RData
########## Executing jid=5634 ##########
Timestamp: 2016-04-28 15:19:01
Experiment: 
  Problem: taski 
  Problem parameters: idi=3808, learner=, teststat=, testtype= 
  Algorithm: forest.splitbias.oob 
  Algorithm parameters:  
  Replication: 11 
  Seed: 5634 
  Problem seed: 133 
Setting seed: 5634
Applying Algorithm forest.splitbias.oob ...
Generating problem taski ...
Result:
List of 3
 $ idi   : int 3808
 $ lrn   : chr [1:3] "randomForest" "oob" ""
 $ result: Named num [1:5] 0.829 0.172 0.262 0.171 0.489
  ..- attr(*, "names")= chr [1:5] "ACC" "BER" "multiclass.brier" "MMCE" ...
NULL
Writing result file: /home/probst/Random_Forest/RFSplitbias/results/Splitbias-files/jobs/34/5634-result.RData
########## Executing jid=5635 ##########
Timestamp: 2016-04-28 15:19:01
Experiment: 
  Problem: taski 
  Problem parameters: idi=3808, learner=, teststat=, testtype= 
  Algorithm: forest.splitbias.oob 
  Algorithm parameters:  
  Replication: 12 
  Seed: 5635 
  Problem seed: 134 
Setting seed: 5635
Applying Algorithm forest.splitbias.oob ...
Generating problem taski ...
Result:
List of 3
 $ idi   : int 3808
 $ lrn   : chr [1:3] "randomForest" "oob" ""
 $ result: Named num [1:5] 0.816 0.185 0.252 0.184 0.468
  ..- attr(*, "names")= chr [1:5] "ACC" "BER" "multiclass.brier" "MMCE" ...
NULL
Writing result file: /home/probst/Random_Forest/RFSplitbias/results/Splitbias-files/jobs/35/5635-result.RData
########## Executing jid=5636 ##########
Timestamp: 2016-04-28 15:19:02
Experiment: 
  Problem: taski 
  Problem parameters: idi=3808, learner=, teststat=, testtype= 
  Algorithm: forest.splitbias.oob 
  Algorithm parameters:  
  Replication: 13 
  Seed: 5636 
  Problem seed: 135 
Setting seed: 5636
Applying Algorithm forest.splitbias.oob ...
Generating problem taski ...
Result:
List of 3
 $ idi   : int 3808
 $ lrn   : chr [1:3] "randomForest" "oob" ""
 $ result: Named num [1:5] 0.816 0.185 0.258 0.184 0.489
  ..- attr(*, "names")= chr [1:5] "ACC" "BER" "multiclass.brier" "MMCE" ...
NULL
Writing result file: /home/probst/Random_Forest/RFSplitbias/results/Splitbias-files/jobs/36/5636-result.RData
########## Executing jid=5637 ##########
Timestamp: 2016-04-28 15:19:02
Experiment: 
  Problem: taski 
  Problem parameters: idi=3808, learner=, teststat=, testtype= 
  Algorithm: forest.splitbias.oob 
  Algorithm parameters:  
  Replication: 14 
  Seed: 5637 
  Problem seed: 136 
Setting seed: 5637
Applying Algorithm forest.splitbias.oob ...
Generating problem taski ...
Result:
List of 3
 $ idi   : int 3808
 $ lrn   : chr [1:3] "randomForest" "oob" ""
 $ result: Named num [1:5] 0.842 0.158 0.249 0.158 0.458
  ..- attr(*, "names")= chr [1:5] "ACC" "BER" "multiclass.brier" "MMCE" ...
NULL
Writing result file: /home/probst/Random_Forest/RFSplitbias/results/Splitbias-files/jobs/37/5637-result.RData
########## Executing jid=5638 ##########
Timestamp: 2016-04-28 15:19:03
Experiment: 
  Problem: taski 
  Problem parameters: idi=3808, learner=, teststat=, testtype= 
  Algorithm: forest.splitbias.oob 
  Algorithm parameters:  
  Replication: 15 
  Seed: 5638 
  Problem seed: 137 
Setting seed: 5638
Applying Algorithm forest.splitbias.oob ...
Generating problem taski ...
Result:
List of 3
 $ idi   : int 3808
 $ lrn   : chr [1:3] "randomForest" "oob" ""
 $ result: Named num [1:5] 0.829 0.172 0.254 0.171 0.458
  ..- attr(*, "names")= chr [1:5] "ACC" "BER" "multiclass.brier" "MMCE" ...
NULL
Writing result file: /home/probst/Random_Forest/RFSplitbias/results/Splitbias-files/jobs/38/5638-result.RData
########## Executing jid=5639 ##########
Timestamp: 2016-04-28 15:19:03
Experiment: 
  Problem: taski 
  Problem parameters: idi=3808, learner=, teststat=, testtype= 
  Algorithm: forest.splitbias.oob 
  Algorithm parameters:  
  Replication: 16 
  Seed: 5639 
  Problem seed: 138 
Setting seed: 5639
Applying Algorithm forest.splitbias.oob ...
Generating problem taski ...
Result:
List of 3
 $ idi   : int 3808
 $ lrn   : chr [1:3] "randomForest" "oob" ""
 $ result: Named num [1:5] 0.816 0.185 0.265 0.184 0.546
  ..- attr(*, "names")= chr [1:5] "ACC" "BER" "multiclass.brier" "MMCE" ...
NULL
Writing result file: /home/probst/Random_Forest/RFSplitbias/results/Splitbias-files/jobs/39/5639-result.RData
########## Executing jid=5640 ##########
Timestamp: 2016-04-28 15:19:04
Experiment: 
  Problem: taski 
  Problem parameters: idi=3808, learner=, teststat=, testtype= 
  Algorithm: forest.splitbias.oob 
  Algorithm parameters:  
  Replication: 17 
  Seed: 5640 
  Problem seed: 139 
Setting seed: 5640
Applying Algorithm forest.splitbias.oob ...
Generating problem taski ...
Result:
List of 3
 $ idi   : int 3808
 $ lrn   : chr [1:3] "randomForest" "oob" ""
 $ result: Named num [1:5] 0.816 0.186 0.259 0.184 0.55
  ..- attr(*, "names")= chr [1:5] "ACC" "BER" "multiclass.brier" "MMCE" ...
NULL
Writing result file: /home/probst/Random_Forest/RFSplitbias/results/Splitbias-files/jobs/40/5640-result.RData
########## Executing jid=5641 ##########
Timestamp: 2016-04-28 15:19:04
Experiment: 
  Problem: taski 
  Problem parameters: idi=3808, learner=, teststat=, testtype= 
  Algorithm: forest.splitbias.oob 
  Algorithm parameters:  
  Replication: 18 
  Seed: 5641 
  Problem seed: 140 
Setting seed: 5641
Applying Algorithm forest.splitbias.oob ...
Generating problem taski ...
Result:
List of 3
 $ idi   : int 3808
 $ lrn   : chr [1:3] "randomForest" "oob" ""
 $ result: Named num [1:5] 0.816 0.186 0.262 0.184 0.457
  ..- attr(*, "names")= chr [1:5] "ACC" "BER" "multiclass.brier" "MMCE" ...
NULL
Writing result file: /home/probst/Random_Forest/RFSplitbias/results/Splitbias-files/jobs/41/5641-result.RData
########## Executing jid=5642 ##########
Timestamp: 2016-04-28 15:19:05
Experiment: 
  Problem: taski 
  Problem parameters: idi=3808, learner=, teststat=, testtype= 
  Algorithm: forest.splitbias.oob 
  Algorithm parameters:  
  Replication: 19 
  Seed: 5642 
  Problem seed: 141 
Setting seed: 5642
Applying Algorithm forest.splitbias.oob ...
Generating problem taski ...
Result:
List of 3
 $ idi   : int 3808
 $ lrn   : chr [1:3] "randomForest" "oob" ""
 $ result: Named num [1:5] 0.829 0.172 0.261 0.171 0.47
  ..- attr(*, "names")= chr [1:5] "ACC" "BER" "multiclass.brier" "MMCE" ...
NULL
Writing result file: /home/probst/Random_Forest/RFSplitbias/results/Splitbias-files/jobs/42/5642-result.RData
########## Executing jid=5643 ##########
Timestamp: 2016-04-28 15:19:05
Experiment: 
  Problem: taski 
  Problem parameters: idi=3808, learner=, teststat=, testtype= 
  Algorithm: forest.splitbias.oob 
  Algorithm parameters:  
  Replication: 20 
  Seed: 5643 
  Problem seed: 142 
Setting seed: 5643
Applying Algorithm forest.splitbias.oob ...
Generating problem taski ...
Result:
List of 3
 $ idi   : int 3808
 $ lrn   : chr [1:3] "randomForest" "oob" ""
 $ result: Named num [1:5] 0.829 0.171 0.254 0.171 0.467
  ..- attr(*, "names")= chr [1:5] "ACC" "BER" "multiclass.brier" "MMCE" ...
NULL
Writing result file: /home/probst/Random_Forest/RFSplitbias/results/Splitbias-files/jobs/43/5643-result.RData
########## Executing jid=5644 ##########
Timestamp: 2016-04-28 15:19:06
Experiment: 
  Problem: taski 
  Problem parameters: idi=3808, learner=, teststat=, testtype= 
  Algorithm: forest.splitbias.oob 
  Algorithm parameters:  
  Replication: 21 
  Seed: 5644 
  Problem seed: 143 
Setting seed: 5644
Applying Algorithm forest.splitbias.oob ...
Generating problem taski ...
Result:
List of 3
 $ idi   : int 3808
 $ lrn   : chr [1:3] "randomForest" "oob" ""
 $ result: Named num [1:5] 0.829 0.172 0.259 0.171 0.477
  ..- attr(*, "names")= chr [1:5] "ACC" "BER" "multiclass.brier" "MMCE" ...
NULL
Writing result file: /home/probst/Random_Forest/RFSplitbias/results/Splitbias-files/jobs/44/5644-result.RData
########## Executing jid=5645 ##########
Timestamp: 2016-04-28 15:19:06
Experiment: 
  Problem: taski 
  Problem parameters: idi=3808, learner=, teststat=, testtype= 
  Algorithm: forest.splitbias.oob 
  Algorithm parameters:  
  Replication: 22 
  Seed: 5645 
  Problem seed: 144 
Setting seed: 5645
Applying Algorithm forest.splitbias.oob ...
Generating problem taski ...
Result:
List of 3
 $ idi   : int 3808
 $ lrn   : chr [1:3] "randomForest" "oob" ""
 $ result: Named num [1:5] 0.816 0.185 0.259 0.184 0.458
  ..- attr(*, "names")= chr [1:5] "ACC" "BER" "multiclass.brier" "MMCE" ...
NULL
Writing result file: /home/probst/Random_Forest/RFSplitbias/results/Splitbias-files/jobs/45/5645-result.RData
########## Executing jid=5646 ##########
Timestamp: 2016-04-28 15:19:07
Experiment: 
  Problem: taski 
  Problem parameters: idi=3808, learner=, teststat=, testtype= 
  Algorithm: forest.splitbias.oob 
  Algorithm parameters:  
  Replication: 23 
  Seed: 5646 
  Problem seed: 145 
Setting seed: 5646
Applying Algorithm forest.splitbias.oob ...
Generating problem taski ...
Result:
List of 3
 $ idi   : int 3808
 $ lrn   : chr [1:3] "randomForest" "oob" ""
 $ result: Named num [1:5] 0.816 0.185 0.257 0.184 0.461
  ..- attr(*, "names")= chr [1:5] "ACC" "BER" "multiclass.brier" "MMCE" ...
NULL
Writing result file: /home/probst/Random_Forest/RFSplitbias/results/Splitbias-files/jobs/46/5646-result.RData
########## Executing jid=5647 ##########
Timestamp: 2016-04-28 15:19:07
Experiment: 
  Problem: taski 
  Problem parameters: idi=3808, learner=, teststat=, testtype= 
  Algorithm: forest.splitbias.oob 
  Algorithm parameters:  
  Replication: 24 
  Seed: 5647 
  Problem seed: 146 
Setting seed: 5647
Applying Algorithm forest.splitbias.oob ...
Generating problem taski ...
Result:
List of 3
 $ idi   : int 3808
 $ lrn   : chr [1:3] "randomForest" "oob" ""
 $ result: Named num [1:5] 0.816 0.185 0.263 0.184 0.481
  ..- attr(*, "names")= chr [1:5] "ACC" "BER" "multiclass.brier" "MMCE" ...
NULL
Writing result file: /home/probst/Random_Forest/RFSplitbias/results/Splitbias-files/jobs/47/5647-result.RData
########## Executing jid=5648 ##########
Timestamp: 2016-04-28 15:19:08
Experiment: 
  Problem: taski 
  Problem parameters: idi=3808, learner=, teststat=, testtype= 
  Algorithm: forest.splitbias.oob 
  Algorithm parameters:  
  Replication: 25 
  Seed: 5648 
  Problem seed: 147 
Setting seed: 5648
Applying Algorithm forest.splitbias.oob ...
Generating problem taski ...
Result:
List of 3
 $ idi   : int 3808
 $ lrn   : chr [1:3] "randomForest" "oob" ""
 $ result: Named num [1:5] 0.842 0.158 0.256 0.158 0.536
  ..- attr(*, "names")= chr [1:5] "ACC" "BER" "multiclass.brier" "MMCE" ...
NULL
Writing result file: /home/probst/Random_Forest/RFSplitbias/results/Splitbias-files/jobs/48/5648-result.RData
########## Executing jid=5649 ##########
Timestamp: 2016-04-28 15:19:09
Experiment: 
  Problem: taski 
  Problem parameters: idi=3808, learner=, teststat=, testtype= 
  Algorithm: forest.splitbias.oob 
  Algorithm parameters:  
  Replication: 26 
  Seed: 5649 
  Problem seed: 148 
Setting seed: 5649
Applying Algorithm forest.splitbias.oob ...
Generating problem taski ...
Result:
List of 3
 $ idi   : int 3808
 $ lrn   : chr [1:3] "randomForest" "oob" ""
 $ result: Named num [1:5] 0.842 0.158 0.249 0.158 0.482
  ..- attr(*, "names")= chr [1:5] "ACC" "BER" "multiclass.brier" "MMCE" ...
NULL
Writing result file: /home/probst/Random_Forest/RFSplitbias/results/Splitbias-files/jobs/49/5649-result.RData
########## Executing jid=5650 ##########
Timestamp: 2016-04-28 15:19:09
Experiment: 
  Problem: taski 
  Problem parameters: idi=3808, learner=, teststat=, testtype= 
  Algorithm: forest.splitbias.oob 
  Algorithm parameters:  
  Replication: 27 
  Seed: 5650 
  Problem seed: 149 
Setting seed: 5650
Applying Algorithm forest.splitbias.oob ...
Generating problem taski ...
Result:
List of 3
 $ idi   : int 3808
 $ lrn   : chr [1:3] "randomForest" "oob" ""
 $ result: Named num [1:5] 0.803 0.199 0.263 0.197 0.548
  ..- attr(*, "names")= chr [1:5] "ACC" "BER" "multiclass.brier" "MMCE" ...
NULL
Writing result file: /home/probst/Random_Forest/RFSplitbias/results/Splitbias-files/jobs/50/5650-result.RData
########## Executing jid=5651 ##########
Timestamp: 2016-04-28 15:19:10
Experiment: 
  Problem: taski 
  Problem parameters: idi=3808, learner=, teststat=, testtype= 
  Algorithm: forest.splitbias.oob 
  Algorithm parameters:  
  Replication: 28 
  Seed: 5651 
  Problem seed: 150 
Setting seed: 5651
Applying Algorithm forest.splitbias.oob ...
Generating problem taski ...
Result:
List of 3
 $ idi   : int 3808
 $ lrn   : chr [1:3] "randomForest" "oob" ""
 $ result: Named num [1:5] 0.829 0.172 0.25 0.171 0.474
  ..- attr(*, "names")= chr [1:5] "ACC" "BER" "multiclass.brier" "MMCE" ...
NULL
Writing result file: /home/probst/Random_Forest/RFSplitbias/results/Splitbias-files/jobs/51/5651-result.RData
########## Executing jid=5652 ##########
Timestamp: 2016-04-28 15:19:10
Experiment: 
  Problem: taski 
  Problem parameters: idi=3808, learner=, teststat=, testtype= 
  Algorithm: forest.splitbias.oob 
  Algorithm parameters:  
  Replication: 29 
  Seed: 5652 
  Problem seed: 151 
Setting seed: 5652
Applying Algorithm forest.splitbias.oob ...
Generating problem taski ...
Result:
List of 3
 $ idi   : int 3808
 $ lrn   : chr [1:3] "randomForest" "oob" ""
 $ result: Named num [1:5] 0.803 0.199 0.266 0.197 0.47
  ..- attr(*, "names")= chr [1:5] "ACC" "BER" "multiclass.brier" "MMCE" ...
NULL
Writing result file: /home/probst/Random_Forest/RFSplitbias/results/Splitbias-files/jobs/52/5652-result.RData
########## Executing jid=5653 ##########
Timestamp: 2016-04-28 15:19:11
Experiment: 
  Problem: taski 
  Problem parameters: idi=3808, learner=, teststat=, testtype= 
  Algorithm: forest.splitbias.oob 
  Algorithm parameters:  
  Replication: 30 
  Seed: 5653 
  Problem seed: 152 
Setting seed: 5653
Applying Algorithm forest.splitbias.oob ...
Generating problem taski ...
Result:
List of 3
 $ idi   : int 3808
 $ lrn   : chr [1:3] "randomForest" "oob" ""
 $ result: Named num [1:5] 0.829 0.171 0.255 0.171 0.473
  ..- attr(*, "names")= chr [1:5] "ACC" "BER" "multiclass.brier" "MMCE" ...
NULL
Writing result file: /home/probst/Random_Forest/RFSplitbias/results/Splitbias-files/jobs/53/5653-result.RData
########## Executing jid=5654 ##########
Timestamp: 2016-04-28 15:19:11
Experiment: 
  Problem: taski 
  Problem parameters: idi=3808, learner=, teststat=, testtype= 
  Algorithm: forest.splitbias.oob 
  Algorithm parameters:  
  Replication: 31 
  Seed: 5654 
  Problem seed: 153 
Setting seed: 5654
Applying Algorithm forest.splitbias.oob ...
Generating problem taski ...
Result:
List of 3
 $ idi   : int 3808
 $ lrn   : chr [1:3] "randomForest" "oob" ""
 $ result: Named num [1:5] 0.829 0.171 0.258 0.171 0.481
  ..- attr(*, "names")= chr [1:5] "ACC" "BER" "multiclass.brier" "MMCE" ...
NULL
Writing result file: /home/probst/Random_Forest/RFSplitbias/results/Splitbias-files/jobs/54/5654-result.RData
########## Executing jid=5655 ##########
Timestamp: 2016-04-28 15:19:12
Experiment: 
  Problem: taski 
  Problem parameters: idi=3808, learner=, teststat=, testtype= 
  Algorithm: forest.splitbias.oob 
  Algorithm parameters:  
  Replication: 32 
  Seed: 5655 
  Problem seed: 154 
Setting seed: 5655
Applying Algorithm forest.splitbias.oob ...
Generating problem taski ...
Result:
List of 3
 $ idi   : int 3808
 $ lrn   : chr [1:3] "randomForest" "oob" ""
 $ result: Named num [1:5] 0.842 0.158 0.253 0.158 0.476
  ..- attr(*, "names")= chr [1:5] "ACC" "BER" "multiclass.brier" "MMCE" ...
NULL
Writing result file: /home/probst/Random_Forest/RFSplitbias/results/Splitbias-files/jobs/55/5655-result.RData
########## Executing jid=5656 ##########
Timestamp: 2016-04-28 15:19:12
Experiment: 
  Problem: taski 
  Problem parameters: idi=3808, learner=, teststat=, testtype= 
  Algorithm: forest.splitbias.oob 
  Algorithm parameters:  
  Replication: 33 
  Seed: 5656 
  Problem seed: 155 
Setting seed: 5656
Applying Algorithm forest.splitbias.oob ...
Generating problem taski ...
Result:
List of 3
 $ idi   : int 3808
 $ lrn   : chr [1:3] "randomForest" "oob" ""
 $ result: Named num [1:5] 0.842 0.158 0.264 0.158 0.542
  ..- attr(*, "names")= chr [1:5] "ACC" "BER" "multiclass.brier" "MMCE" ...
NULL
Writing result file: /home/probst/Random_Forest/RFSplitbias/results/Splitbias-files/jobs/56/5656-result.RData
########## Executing jid=5657 ##########
Timestamp: 2016-04-28 15:19:13
Experiment: 
  Problem: taski 
  Problem parameters: idi=3808, learner=, teststat=, testtype= 
  Algorithm: forest.splitbias.oob 
  Algorithm parameters:  
  Replication: 34 
  Seed: 5657 
  Problem seed: 156 
Setting seed: 5657
Applying Algorithm forest.splitbias.oob ...
Generating problem taski ...
Result:
List of 3
 $ idi   : int 3808
 $ lrn   : chr [1:3] "randomForest" "oob" ""
 $ result: Named num [1:5] 0.842 0.16 0.256 0.158 0.473
  ..- attr(*, "names")= chr [1:5] "ACC" "BER" "multiclass.brier" "MMCE" ...
NULL
Writing result file: /home/probst/Random_Forest/RFSplitbias/results/Splitbias-files/jobs/57/5657-result.RData
########## Executing jid=5658 ##########
Timestamp: 2016-04-28 15:19:13
Experiment: 
  Problem: taski 
  Problem parameters: idi=3808, learner=, teststat=, testtype= 
  Algorithm: forest.splitbias.oob 
  Algorithm parameters:  
  Replication: 35 
  Seed: 5658 
  Problem seed: 157 
Setting seed: 5658
Applying Algorithm forest.splitbias.oob ...
Generating problem taski ...
Result:
List of 3
 $ idi   : int 3808
 $ lrn   : chr [1:3] "randomForest" "oob" ""
 $ result: Named num [1:5] 0.829 0.171 0.262 0.171 0.473
  ..- attr(*, "names")= chr [1:5] "ACC" "BER" "multiclass.brier" "MMCE" ...
NULL
Writing result file: /home/probst/Random_Forest/RFSplitbias/results/Splitbias-files/jobs/58/5658-result.RData
########## Executing jid=5659 ##########
Timestamp: 2016-04-28 15:19:14
Experiment: 
  Problem: taski 
  Problem parameters: idi=3808, learner=, teststat=, testtype= 
  Algorithm: forest.splitbias.oob 
  Algorithm parameters:  
  Replication: 36 
  Seed: 5659 
  Problem seed: 158 
Setting seed: 5659
Applying Algorithm forest.splitbias.oob ...
Generating problem taski ...
Result:
List of 3
 $ idi   : int 3808
 $ lrn   : chr [1:3] "randomForest" "oob" ""
 $ result: Named num [1:5] 0.842 0.158 0.258 0.158 0.481
  ..- attr(*, "names")= chr [1:5] "ACC" "BER" "multiclass.brier" "MMCE" ...
NULL
Writing result file: /home/probst/Random_Forest/RFSplitbias/results/Splitbias-files/jobs/59/5659-result.RData
########## Executing jid=5660 ##########
Timestamp: 2016-04-28 15:19:14
Experiment: 
  Problem: taski 
  Problem parameters: idi=3808, learner=, teststat=, testtype= 
  Algorithm: forest.splitbias.oob 
  Algorithm parameters:  
  Replication: 37 
  Seed: 5660 
  Problem seed: 159 
Setting seed: 5660
Applying Algorithm forest.splitbias.oob ...
Generating problem taski ...
Result:
List of 3
 $ idi   : int 3808
 $ lrn   : chr [1:3] "randomForest" "oob" ""
 $ result: Named num [1:5] 0.842 0.157 0.259 0.158 0.531
  ..- attr(*, "names")= chr [1:5] "ACC" "BER" "multiclass.brier" "MMCE" ...
NULL
Writing result file: /home/probst/Random_Forest/RFSplitbias/results/Splitbias-files/jobs/60/5660-result.RData
########## Executing jid=5661 ##########
Timestamp: 2016-04-28 15:19:15
Experiment: 
  Problem: taski 
  Problem parameters: idi=3808, learner=, teststat=, testtype= 
  Algorithm: forest.splitbias.oob 
  Algorithm parameters:  
  Replication: 38 
  Seed: 5661 
  Problem seed: 160 
Setting seed: 5661
Applying Algorithm forest.splitbias.oob ...
Generating problem taski ...
Result:
List of 3
 $ idi   : int 3808
 $ lrn   : chr [1:3] "randomForest" "oob" ""
 $ result: Named num [1:5] 0.855 0.144 0.252 0.145 0.459
  ..- attr(*, "names")= chr [1:5] "ACC" "BER" "multiclass.brier" "MMCE" ...
NULL
Writing result file: /home/probst/Random_Forest/RFSplitbias/results/Splitbias-files/jobs/61/5661-result.RData
########## Executing jid=5662 ##########
Timestamp: 2016-04-28 15:19:15
Experiment: 
  Problem: taski 
  Problem parameters: idi=3808, learner=, teststat=, testtype= 
  Algorithm: forest.splitbias.oob 
  Algorithm parameters:  
  Replication: 39 
  Seed: 5662 
  Problem seed: 161 
Setting seed: 5662
Applying Algorithm forest.splitbias.oob ...
Generating problem taski ...
Result:
List of 3
 $ idi   : int 3808
 $ lrn   : chr [1:3] "randomForest" "oob" ""
 $ result: Named num [1:5] 0.816 0.185 0.251 0.184 0.478
  ..- attr(*, "names")= chr [1:5] "ACC" "BER" "multiclass.brier" "MMCE" ...
NULL
Writing result file: /home/probst/Random_Forest/RFSplitbias/results/Splitbias-files/jobs/62/5662-result.RData
########## Executing jid=5663 ##########
Timestamp: 2016-04-28 15:19:16
Experiment: 
  Problem: taski 
  Problem parameters: idi=3808, learner=, teststat=, testtype= 
  Algorithm: forest.splitbias.oob 
  Algorithm parameters:  
  Replication: 40 
  Seed: 5663 
  Problem seed: 162 
Setting seed: 5663
Applying Algorithm forest.splitbias.oob ...
Generating problem taski ...
Result:
List of 3
 $ idi   : int 3808
 $ lrn   : chr [1:3] "randomForest" "oob" ""
 $ result: Named num [1:5] 0.829 0.172 0.262 0.171 0.469
  ..- attr(*, "names")= chr [1:5] "ACC" "BER" "multiclass.brier" "MMCE" ...
NULL
Writing result file: /home/probst/Random_Forest/RFSplitbias/results/Splitbias-files/jobs/63/5663-result.RData
########## Executing jid=5664 ##########
Timestamp: 2016-04-28 15:19:16
Experiment: 
  Problem: taski 
  Problem parameters: idi=3808, learner=, teststat=, testtype= 
  Algorithm: forest.splitbias.oob 
  Algorithm parameters:  
  Replication: 41 
  Seed: 5664 
  Problem seed: 163 
Setting seed: 5664
Applying Algorithm forest.splitbias.oob ...
Generating problem taski ...
Result:
List of 3
 $ idi   : int 3808
 $ lrn   : chr [1:3] "randomForest" "oob" ""
 $ result: Named num [1:5] 0.829 0.172 0.252 0.171 0.47
  ..- attr(*, "names")= chr [1:5] "ACC" "BER" "multiclass.brier" "MMCE" ...
NULL
Writing result file: /home/probst/Random_Forest/RFSplitbias/results/Splitbias-files/jobs/64/5664-result.RData
########## Executing jid=5665 ##########
Timestamp: 2016-04-28 15:19:17
Experiment: 
  Problem: taski 
  Problem parameters: idi=3808, learner=, teststat=, testtype= 
  Algorithm: forest.splitbias.oob 
  Algorithm parameters:  
  Replication: 42 
  Seed: 5665 
  Problem seed: 164 
Setting seed: 5665
Applying Algorithm forest.splitbias.oob ...
Generating problem taski ...
Result:
List of 3
 $ idi   : int 3808
 $ lrn   : chr [1:3] "randomForest" "oob" ""
 $ result: Named num [1:5] 0.829 0.172 0.256 0.171 0.536
  ..- attr(*, "names")= chr [1:5] "ACC" "BER" "multiclass.brier" "MMCE" ...
NULL
Writing result file: /home/probst/Random_Forest/RFSplitbias/results/Splitbias-files/jobs/65/5665-result.RData
########## Executing jid=5666 ##########
Timestamp: 2016-04-28 15:19:18
Experiment: 
  Problem: taski 
  Problem parameters: idi=3808, learner=, teststat=, testtype= 
  Algorithm: forest.splitbias.oob 
  Algorithm parameters:  
  Replication: 43 
  Seed: 5666 
  Problem seed: 165 
Setting seed: 5666
Applying Algorithm forest.splitbias.oob ...
Generating problem taski ...
Result:
List of 3
 $ idi   : int 3808
 $ lrn   : chr [1:3] "randomForest" "oob" ""
 $ result: Named num [1:5] 0.803 0.199 0.256 0.197 0.465
  ..- attr(*, "names")= chr [1:5] "ACC" "BER" "multiclass.brier" "MMCE" ...
NULL
Writing result file: /home/probst/Random_Forest/RFSplitbias/results/Splitbias-files/jobs/66/5666-result.RData
########## Executing jid=5667 ##########
Timestamp: 2016-04-28 15:19:18
Experiment: 
  Problem: taski 
  Problem parameters: idi=3808, learner=, teststat=, testtype= 
  Algorithm: forest.splitbias.oob 
  Algorithm parameters:  
  Replication: 44 
  Seed: 5667 
  Problem seed: 166 
Setting seed: 5667
Applying Algorithm forest.splitbias.oob ...
Generating problem taski ...
Result:
List of 3
 $ idi   : int 3808
 $ lrn   : chr [1:3] "randomForest" "oob" ""
 $ result: Named num [1:5] 0.842 0.157 0.259 0.158 0.534
  ..- attr(*, "names")= chr [1:5] "ACC" "BER" "multiclass.brier" "MMCE" ...
NULL
Writing result file: /home/probst/Random_Forest/RFSplitbias/results/Splitbias-files/jobs/67/5667-result.RData
########## Executing jid=5668 ##########
Timestamp: 2016-04-28 15:19:19
Experiment: 
  Problem: taski 
  Problem parameters: idi=3808, learner=, teststat=, testtype= 
  Algorithm: forest.splitbias.oob 
  Algorithm parameters:  
  Replication: 45 
  Seed: 5668 
  Problem seed: 167 
Setting seed: 5668
Applying Algorithm forest.splitbias.oob ...
Generating problem taski ...
Result:
List of 3
 $ idi   : int 3808
 $ lrn   : chr [1:3] "randomForest" "oob" ""
 $ result: Named num [1:5] 0.829 0.172 0.255 0.171 0.535
  ..- attr(*, "names")= chr [1:5] "ACC" "BER" "multiclass.brier" "MMCE" ...
NULL
Writing result file: /home/probst/Random_Forest/RFSplitbias/results/Splitbias-files/jobs/68/5668-result.RData
########## Executing jid=5669 ##########
Timestamp: 2016-04-28 15:19:19
Experiment: 
  Problem: taski 
  Problem parameters: idi=3808, learner=, teststat=, testtype= 
  Algorithm: forest.splitbias.oob 
  Algorithm parameters:  
  Replication: 46 
  Seed: 5669 
  Problem seed: 168 
Setting seed: 5669
Applying Algorithm forest.splitbias.oob ...
Generating problem taski ...
Result:
List of 3
 $ idi   : int 3808
 $ lrn   : chr [1:3] "randomForest" "oob" ""
 $ result: Named num [1:5] 0.803 0.199 0.264 0.197 0.462
  ..- attr(*, "names")= chr [1:5] "ACC" "BER" "multiclass.brier" "MMCE" ...
NULL
Writing result file: /home/probst/Random_Forest/RFSplitbias/results/Splitbias-files/jobs/69/5669-result.RData
########## Executing jid=5670 ##########
Timestamp: 2016-04-28 15:19:20
Experiment: 
  Problem: taski 
  Problem parameters: idi=3808, learner=, teststat=, testtype= 
  Algorithm: forest.splitbias.oob 
  Algorithm parameters:  
  Replication: 47 
  Seed: 5670 
  Problem seed: 169 
Setting seed: 5670
Applying Algorithm forest.splitbias.oob ...
Generating problem taski ...
Result:
List of 3
 $ idi   : int 3808
 $ lrn   : chr [1:3] "randomForest" "oob" ""
 $ result: Named num [1:5] 0.829 0.172 0.257 0.171 0.543
  ..- attr(*, "names")= chr [1:5] "ACC" "BER" "multiclass.brier" "MMCE" ...
NULL
Writing result file: /home/probst/Random_Forest/RFSplitbias/results/Splitbias-files/jobs/70/5670-result.RData
########## Executing jid=5671 ##########
Timestamp: 2016-04-28 15:19:20
Experiment: 
  Problem: taski 
  Problem parameters: idi=3808, learner=, teststat=, testtype= 
  Algorithm: forest.splitbias.oob 
  Algorithm parameters:  
  Replication: 48 
  Seed: 5671 
  Problem seed: 170 
Setting seed: 5671
Applying Algorithm forest.splitbias.oob ...
Generating problem taski ...
Result:
List of 3
 $ idi   : int 3808
 $ lrn   : chr [1:3] "randomForest" "oob" ""
 $ result: Named num [1:5] 0.829 0.171 0.26 0.171 0.535
  ..- attr(*, "names")= chr [1:5] "ACC" "BER" "multiclass.brier" "MMCE" ...
NULL
Writing result file: /home/probst/Random_Forest/RFSplitbias/results/Splitbias-files/jobs/71/5671-result.RData
########## Executing jid=5672 ##########
Timestamp: 2016-04-28 15:19:21
Experiment: 
  Problem: taski 
  Problem parameters: idi=3808, learner=, teststat=, testtype= 
  Algorithm: forest.splitbias.oob 
  Algorithm parameters:  
  Replication: 49 
  Seed: 5672 
  Problem seed: 171 
Setting seed: 5672
Applying Algorithm forest.splitbias.oob ...
Generating problem taski ...
Result:
List of 3
 $ idi   : int 3808
 $ lrn   : chr [1:3] "randomForest" "oob" ""
 $ result: Named num [1:5] 0.855 0.144 0.252 0.145 0.458
  ..- attr(*, "names")= chr [1:5] "ACC" "BER" "multiclass.brier" "MMCE" ...
NULL
Writing result file: /home/probst/Random_Forest/RFSplitbias/results/Splitbias-files/jobs/72/5672-result.RData
########## Executing jid=5673 ##########
Timestamp: 2016-04-28 15:19:21
Experiment: 
  Problem: taski 
  Problem parameters: idi=3808, learner=, teststat=, testtype= 
  Algorithm: forest.splitbias.oob 
  Algorithm parameters:  
  Replication: 50 
  Seed: 5673 
  Problem seed: 172 
Setting seed: 5673
Applying Algorithm forest.splitbias.oob ...
Generating problem taski ...
Result:
List of 3
 $ idi   : int 3808
 $ lrn   : chr [1:3] "randomForest" "oob" ""
 $ result: Named num [1:5] 0.842 0.158 0.25 0.158 0.457
  ..- attr(*, "names")= chr [1:5] "ACC" "BER" "multiclass.brier" "MMCE" ...
NULL
Writing result file: /home/probst/Random_Forest/RFSplitbias/results/Splitbias-files/jobs/73/5673-result.RData
########## Executing jid=5674 ##########
Timestamp: 2016-04-28 15:19:22
Experiment: 
  Problem: taski 
  Problem parameters: idi=3637, learner=, teststat=, testtype= 
  Algorithm: forest.splitbias.oob 
  Algorithm parameters:  
  Replication: 11 
  Seed: 5674 
  Problem seed: 133 
Setting seed: 5674
Applying Algorithm forest.splitbias.oob ...
Generating problem taski ...
Result:
List of 3
 $ idi   : int 3637
 $ lrn   : chr [1:3] "randomForest" "oob" ""
 $ result: Named num [1:5] 0.704 0.292 0.376 0.296 0.49
  ..- attr(*, "names")= chr [1:5] "ACC" "BER" "multiclass.brier" "MMCE" ...
NULL
Writing result file: /home/probst/Random_Forest/RFSplitbias/results/Splitbias-files/jobs/74/5674-result.RData
########## Executing jid=5675 ##########
Timestamp: 2016-04-28 15:19:22
Experiment: 
  Problem: taski 
  Problem parameters: idi=3637, learner=, teststat=, testtype= 
  Algorithm: forest.splitbias.oob 
  Algorithm parameters:  
  Replication: 12 
  Seed: 5675 
  Problem seed: 134 
Setting seed: 5675
Applying Algorithm forest.splitbias.oob ...
Generating problem taski ...
Result:
List of 3
 $ idi   : int 3637
 $ lrn   : chr [1:3] "randomForest" "oob" ""
 $ result: Named num [1:5] 0.713 0.281 0.377 0.287 0.495
  ..- attr(*, "names")= chr [1:5] "ACC" "BER" "multiclass.brier" "MMCE" ...
NULL
Writing result file: /home/probst/Random_Forest/RFSplitbias/results/Splitbias-files/jobs/75/5675-result.RData
########## Executing jid=5676 ##########
Timestamp: 2016-04-28 15:19:23
Experiment: 
  Problem: taski 
  Problem parameters: idi=3637, learner=, teststat=, testtype= 
  Algorithm: forest.splitbias.oob 
  Algorithm parameters:  
  Replication: 13 
  Seed: 5676 
  Problem seed: 135 
Setting seed: 5676
Applying Algorithm forest.splitbias.oob ...
Generating problem taski ...
Result:
List of 3
 $ idi   : int 3637
 $ lrn   : chr [1:3] "randomForest" "oob" ""
 $ result: Named num [1:5] 0.722 0.275 0.375 0.278 0.492
  ..- attr(*, "names")= chr [1:5] "ACC" "BER" "multiclass.brier" "MMCE" ...
NULL
Writing result file: /home/probst/Random_Forest/RFSplitbias/results/Splitbias-files/jobs/76/5676-result.RData
########## Executing jid=5677 ##########
Timestamp: 2016-04-28 15:19:24
Experiment: 
  Problem: taski 
  Problem parameters: idi=3637, learner=, teststat=, testtype= 
  Algorithm: forest.splitbias.oob 
  Algorithm parameters:  
  Replication: 14 
  Seed: 5677 
  Problem seed: 136 
Setting seed: 5677
Applying Algorithm forest.splitbias.oob ...
Generating problem taski ...
Result:
List of 3
 $ idi   : int 3637
 $ lrn   : chr [1:3] "randomForest" "oob" ""
 $ result: Named num [1:5] 0.731 0.265 0.374 0.269 0.502
  ..- attr(*, "names")= chr [1:5] "ACC" "BER" "multiclass.brier" "MMCE" ...
NULL
Writing result file: /home/probst/Random_Forest/RFSplitbias/results/Splitbias-files/jobs/77/5677-result.RData
########## Executing jid=5678 ##########
Timestamp: 2016-04-28 15:19:24
Experiment: 
  Problem: taski 
  Problem parameters: idi=3637, learner=, teststat=, testtype= 
  Algorithm: forest.splitbias.oob 
  Algorithm parameters:  
  Replication: 15 
  Seed: 5678 
  Problem seed: 137 
Setting seed: 5678
Applying Algorithm forest.splitbias.oob ...
Generating problem taski ...
Result:
List of 3
 $ idi   : int 3637
 $ lrn   : chr [1:3] "randomForest" "oob" ""
 $ result: Named num [1:5] 0.722 0.273 0.376 0.278 0.489
  ..- attr(*, "names")= chr [1:5] "ACC" "BER" "multiclass.brier" "MMCE" ...
NULL
Writing result file: /home/probst/Random_Forest/RFSplitbias/results/Splitbias-files/jobs/78/5678-result.RData
########## Executing jid=5679 ##########
Timestamp: 2016-04-28 15:19:25
Experiment: 
  Problem: taski 
  Problem parameters: idi=3637, learner=, teststat=, testtype= 
  Algorithm: forest.splitbias.oob 
  Algorithm parameters:  
  Replication: 16 
  Seed: 5679 
  Problem seed: 138 
Setting seed: 5679
Applying Algorithm forest.splitbias.oob ...
Generating problem taski ...
Result:
List of 3
 $ idi   : int 3637
 $ lrn   : chr [1:3] "randomForest" "oob" ""
 $ result: Named num [1:5] 0.713 0.283 0.377 0.287 0.501
  ..- attr(*, "names")= chr [1:5] "ACC" "BER" "multiclass.brier" "MMCE" ...
NULL
Writing result file: /home/probst/Random_Forest/RFSplitbias/results/Splitbias-files/jobs/79/5679-result.RData
########## Executing jid=5680 ##########
Timestamp: 2016-04-28 15:19:25
Experiment: 
  Problem: taski 
  Problem parameters: idi=3637, learner=, teststat=, testtype= 
  Algorithm: forest.splitbias.oob 
  Algorithm parameters:  
  Replication: 17 
  Seed: 5680 
  Problem seed: 139 
Setting seed: 5680
Applying Algorithm forest.splitbias.oob ...
Generating problem taski ...
Result:
List of 3
 $ idi   : int 3637
 $ lrn   : chr [1:3] "randomForest" "oob" ""
 $ result: Named num [1:5] 0.704 0.29 0.375 0.296 0.498
  ..- attr(*, "names")= chr [1:5] "ACC" "BER" "multiclass.brier" "MMCE" ...
NULL
Writing result file: /home/probst/Random_Forest/RFSplitbias/results/Splitbias-files/jobs/80/5680-result.RData
########## Executing jid=5681 ##########
Timestamp: 2016-04-28 15:19:26
Experiment: 
  Problem: taski 
  Problem parameters: idi=3637, learner=, teststat=, testtype= 
  Algorithm: forest.splitbias.oob 
  Algorithm parameters:  
  Replication: 18 
  Seed: 5681 
  Problem seed: 140 
Setting seed: 5681
Applying Algorithm forest.splitbias.oob ...
Generating problem taski ...
Result:
List of 3
 $ idi   : int 3637
 $ lrn   : chr [1:3] "randomForest" "oob" ""
 $ result: Named num [1:5] 0.75 0.248 0.379 0.25 0.498
  ..- attr(*, "names")= chr [1:5] "ACC" "BER" "multiclass.brier" "MMCE" ...
NULL
Writing result file: /home/probst/Random_Forest/RFSplitbias/results/Splitbias-files/jobs/81/5681-result.RData
########## Executing jid=5682 ##########
Timestamp: 2016-04-28 15:19:26
Experiment: 
  Problem: taski 
  Problem parameters: idi=3637, learner=, teststat=, testtype= 
  Algorithm: forest.splitbias.oob 
  Algorithm parameters:  
  Replication: 19 
  Seed: 5682 
  Problem seed: 141 
Setting seed: 5682
Applying Algorithm forest.splitbias.oob ...
Generating problem taski ...
Result:
List of 3
 $ idi   : int 3637
 $ lrn   : chr [1:3] "randomForest" "oob" ""
 $ result: Named num [1:5] 0.722 0.273 0.377 0.278 0.5
  ..- attr(*, "names")= chr [1:5] "ACC" "BER" "multiclass.brier" "MMCE" ...
NULL
Writing result file: /home/probst/Random_Forest/RFSplitbias/results/Splitbias-files/jobs/82/5682-result.RData
########## Executing jid=5683 ##########
Timestamp: 2016-04-28 15:19:27
Experiment: 
  Problem: taski 
  Problem parameters: idi=3637, learner=, teststat=, testtype= 
  Algorithm: forest.splitbias.oob 
  Algorithm parameters:  
  Replication: 20 
  Seed: 5683 
  Problem seed: 142 
Setting seed: 5683
Applying Algorithm forest.splitbias.oob ...
Generating problem taski ...
Result:
List of 3
 $ idi   : int 3637
 $ lrn   : chr [1:3] "randomForest" "oob" ""
 $ result: Named num [1:5] 0.741 0.258 0.376 0.259 0.504
  ..- attr(*, "names")= chr [1:5] "ACC" "BER" "multiclass.brier" "MMCE" ...
NULL
Writing result file: /home/probst/Random_Forest/RFSplitbias/results/Splitbias-files/jobs/83/5683-result.RData
########## Executing jid=5684 ##########
Timestamp: 2016-04-28 15:19:27
Experiment: 
  Problem: taski 
  Problem parameters: idi=3637, learner=, teststat=, testtype= 
  Algorithm: forest.splitbias.oob 
  Algorithm parameters:  
  Replication: 21 
  Seed: 5684 
  Problem seed: 143 
Setting seed: 5684
Applying Algorithm forest.splitbias.oob ...
Generating problem taski ...
Result:
List of 3
 $ idi   : int 3637
 $ lrn   : chr [1:3] "randomForest" "oob" ""
 $ result: Named num [1:5] 0.741 0.256 0.368 0.259 0.489
  ..- attr(*, "names")= chr [1:5] "ACC" "BER" "multiclass.brier" "MMCE" ...
NULL
Writing result file: /home/probst/Random_Forest/RFSplitbias/results/Splitbias-files/jobs/84/5684-result.RData
########## Executing jid=5685 ##########
Timestamp: 2016-04-28 15:19:28
Experiment: 
  Problem: taski 
  Problem parameters: idi=3637, learner=, teststat=, testtype= 
  Algorithm: forest.splitbias.oob 
  Algorithm parameters:  
  Replication: 22 
  Seed: 5685 
  Problem seed: 144 
Setting seed: 5685
Applying Algorithm forest.splitbias.oob ...
Generating problem taski ...
Result:
List of 3
 $ idi   : int 3637
 $ lrn   : chr [1:3] "randomForest" "oob" ""
 $ result: Named num [1:5] 0.713 0.281 0.375 0.287 0.503
  ..- attr(*, "names")= chr [1:5] "ACC" "BER" "multiclass.brier" "MMCE" ...
NULL
Writing result file: /home/probst/Random_Forest/RFSplitbias/results/Splitbias-files/jobs/85/5685-result.RData
########## Executing jid=5686 ##########
Timestamp: 2016-04-28 15:19:28
Experiment: 
  Problem: taski 
  Problem parameters: idi=3637, learner=, teststat=, testtype= 
  Algorithm: forest.splitbias.oob 
  Algorithm parameters:  
  Replication: 23 
  Seed: 5686 
  Problem seed: 145 
Setting seed: 5686
Applying Algorithm forest.splitbias.oob ...
Generating problem taski ...
Result:
List of 3
 $ idi   : int 3637
 $ lrn   : chr [1:3] "randomForest" "oob" ""
 $ result: Named num [1:5] 0.722 0.271 0.373 0.278 0.505
  ..- attr(*, "names")= chr [1:5] "ACC" "BER" "multiclass.brier" "MMCE" ...
NULL
Writing result file: /home/probst/Random_Forest/RFSplitbias/results/Splitbias-files/jobs/86/5686-result.RData
########## Executing jid=5687 ##########
Timestamp: 2016-04-28 15:19:29
Experiment: 
  Problem: taski 
  Problem parameters: idi=3637, learner=, teststat=, testtype= 
  Algorithm: forest.splitbias.oob 
  Algorithm parameters:  
  Replication: 24 
  Seed: 5687 
  Problem seed: 146 
Setting seed: 5687
Applying Algorithm forest.splitbias.oob ...
Generating problem taski ...
Result:
List of 3
 $ idi   : int 3637
 $ lrn   : chr [1:3] "randomForest" "oob" ""
 $ result: Named num [1:5] 0.741 0.256 0.377 0.259 0.495
  ..- attr(*, "names")= chr [1:5] "ACC" "BER" "multiclass.brier" "MMCE" ...
NULL
Writing result file: /home/probst/Random_Forest/RFSplitbias/results/Splitbias-files/jobs/87/5687-result.RData
########## Executing jid=5688 ##########
Timestamp: 2016-04-28 15:19:30
Experiment: 
  Problem: taski 
  Problem parameters: idi=3637, learner=, teststat=, testtype= 
  Algorithm: forest.splitbias.oob 
  Algorithm parameters:  
  Replication: 25 
  Seed: 5688 
  Problem seed: 147 
Setting seed: 5688
Applying Algorithm forest.splitbias.oob ...
Generating problem taski ...
Result:
List of 3
 $ idi   : int 3637
 $ lrn   : chr [1:3] "randomForest" "oob" ""
 $ result: Named num [1:5] 0.713 0.283 0.376 0.287 0.5
  ..- attr(*, "names")= chr [1:5] "ACC" "BER" "multiclass.brier" "MMCE" ...
NULL
Writing result file: /home/probst/Random_Forest/RFSplitbias/results/Splitbias-files/jobs/88/5688-result.RData
########## Executing jid=5689 ##########
Timestamp: 2016-04-28 15:19:30
Experiment: 
  Problem: taski 
  Problem parameters: idi=3637, learner=, teststat=, testtype= 
  Algorithm: forest.splitbias.oob 
  Algorithm parameters:  
  Replication: 26 
  Seed: 5689 
  Problem seed: 148 
Setting seed: 5689
Applying Algorithm forest.splitbias.oob ...
Generating problem taski ...
Result:
List of 3
 $ idi   : int 3637
 $ lrn   : chr [1:3] "randomForest" "oob" ""
 $ result: Named num [1:5] 0.741 0.256 0.368 0.259 0.503
  ..- attr(*, "names")= chr [1:5] "ACC" "BER" "multiclass.brier" "MMCE" ...
NULL
Writing result file: /home/probst/Random_Forest/RFSplitbias/results/Splitbias-files/jobs/89/5689-result.RData
########## Executing jid=5690 ##########
Timestamp: 2016-04-28 15:19:31
Experiment: 
  Problem: taski 
  Problem parameters: idi=3637, learner=, teststat=, testtype= 
  Algorithm: forest.splitbias.oob 
  Algorithm parameters:  
  Replication: 27 
  Seed: 5690 
  Problem seed: 149 
Setting seed: 5690
Applying Algorithm forest.splitbias.oob ...
Generating problem taski ...
Result:
List of 3
 $ idi   : int 3637
 $ lrn   : chr [1:3] "randomForest" "oob" ""
 $ result: Named num [1:5] 0.722 0.273 0.378 0.278 0.496
  ..- attr(*, "names")= chr [1:5] "ACC" "BER" "multiclass.brier" "MMCE" ...
NULL
Writing result file: /home/probst/Random_Forest/RFSplitbias/results/Splitbias-files/jobs/90/5690-result.RData
########## Executing jid=5691 ##########
Timestamp: 2016-04-28 15:19:31
Experiment: 
  Problem: taski 
  Problem parameters: idi=3637, learner=, teststat=, testtype= 
  Algorithm: forest.splitbias.oob 
  Algorithm parameters:  
  Replication: 28 
  Seed: 5691 
  Problem seed: 150 
Setting seed: 5691
Applying Algorithm forest.splitbias.oob ...
Generating problem taski ...
Result:
List of 3
 $ idi   : int 3637
 $ lrn   : chr [1:3] "randomForest" "oob" ""
 $ result: Named num [1:5] 0.713 0.281 0.372 0.287 0.502
  ..- attr(*, "names")= chr [1:5] "ACC" "BER" "multiclass.brier" "MMCE" ...
NULL
Writing result file: /home/probst/Random_Forest/RFSplitbias/results/Splitbias-files/jobs/91/5691-result.RData
########## Executing jid=5692 ##########
Timestamp: 2016-04-28 15:19:32
Experiment: 
  Problem: taski 
  Problem parameters: idi=3637, learner=, teststat=, testtype= 
  Algorithm: forest.splitbias.oob 
  Algorithm parameters:  
  Replication: 29 
  Seed: 5692 
  Problem seed: 151 
Setting seed: 5692
Applying Algorithm forest.splitbias.oob ...
Generating problem taski ...
Result:
List of 3
 $ idi   : int 3637
 $ lrn   : chr [1:3] "randomForest" "oob" ""
 $ result: Named num [1:5] 0.713 0.281 0.377 0.287 0.495
  ..- attr(*, "names")= chr [1:5] "ACC" "BER" "multiclass.brier" "MMCE" ...
NULL
Writing result file: /home/probst/Random_Forest/RFSplitbias/results/Splitbias-files/jobs/92/5692-result.RData
########## Executing jid=5693 ##########
Timestamp: 2016-04-28 15:19:32
Experiment: 
  Problem: taski 
  Problem parameters: idi=3637, learner=, teststat=, testtype= 
  Algorithm: forest.splitbias.oob 
  Algorithm parameters:  
  Replication: 30 
  Seed: 5693 
  Problem seed: 152 
Setting seed: 5693
Applying Algorithm forest.splitbias.oob ...
Generating problem taski ...
Result:
List of 3
 $ idi   : int 3637
 $ lrn   : chr [1:3] "randomForest" "oob" ""
 $ result: Named num [1:5] 0.713 0.283 0.387 0.287 0.506
  ..- attr(*, "names")= chr [1:5] "ACC" "BER" "multiclass.brier" "MMCE" ...
NULL
Writing result file: /home/probst/Random_Forest/RFSplitbias/results/Splitbias-files/jobs/93/5693-result.RData
########## Executing jid=5694 ##########
Timestamp: 2016-04-28 15:19:33
Experiment: 
  Problem: taski 
  Problem parameters: idi=3637, learner=, teststat=, testtype= 
  Algorithm: forest.splitbias.oob 
  Algorithm parameters:  
  Replication: 31 
  Seed: 5694 
  Problem seed: 153 
Setting seed: 5694
Applying Algorithm forest.splitbias.oob ...
Generating problem taski ...
Result:
List of 3
 $ idi   : int 3637
 $ lrn   : chr [1:3] "randomForest" "oob" ""
 $ result: Named num [1:5] 0.713 0.281 0.372 0.287 0.487
  ..- attr(*, "names")= chr [1:5] "ACC" "BER" "multiclass.brier" "MMCE" ...
NULL
Writing result file: /home/probst/Random_Forest/RFSplitbias/results/Splitbias-files/jobs/94/5694-result.RData
########## Executing jid=5695 ##########
Timestamp: 2016-04-28 15:19:33
Experiment: 
  Problem: taski 
  Problem parameters: idi=3637, learner=, teststat=, testtype= 
  Algorithm: forest.splitbias.oob 
  Algorithm parameters:  
  Replication: 32 
  Seed: 5695 
  Problem seed: 154 
Setting seed: 5695
Applying Algorithm forest.splitbias.oob ...
Generating problem taski ...
Result:
List of 3
 $ idi   : int 3637
 $ lrn   : chr [1:3] "randomForest" "oob" ""
 $ result: Named num [1:5] 0.722 0.273 0.372 0.278 0.493
  ..- attr(*, "names")= chr [1:5] "ACC" "BER" "multiclass.brier" "MMCE" ...
NULL
Writing result file: /home/probst/Random_Forest/RFSplitbias/results/Splitbias-files/jobs/95/5695-result.RData
########## Executing jid=5696 ##########
Timestamp: 2016-04-28 15:19:34
Experiment: 
  Problem: taski 
  Problem parameters: idi=3637, learner=, teststat=, testtype= 
  Algorithm: forest.splitbias.oob 
  Algorithm parameters:  
  Replication: 33 
  Seed: 5696 
  Problem seed: 155 
Setting seed: 5696
Applying Algorithm forest.splitbias.oob ...
Generating problem taski ...
Result:
List of 3
 $ idi   : int 3637
 $ lrn   : chr [1:3] "randomForest" "oob" ""
 $ result: Named num [1:5] 0.741 0.256 0.369 0.259 0.501
  ..- attr(*, "names")= chr [1:5] "ACC" "BER" "multiclass.brier" "MMCE" ...
NULL
Writing result file: /home/probst/Random_Forest/RFSplitbias/results/Splitbias-files/jobs/96/5696-result.RData
########## Executing jid=5697 ##########
Timestamp: 2016-04-28 15:19:34
Experiment: 
  Problem: taski 
  Problem parameters: idi=3637, learner=, teststat=, testtype= 
  Algorithm: forest.splitbias.oob 
  Algorithm parameters:  
  Replication: 34 
  Seed: 5697 
  Problem seed: 156 
Setting seed: 5697
Applying Algorithm forest.splitbias.oob ...
Generating problem taski ...
Result:
List of 3
 $ idi   : int 3637
 $ lrn   : chr [1:3] "randomForest" "oob" ""
 $ result: Named num [1:5] 0.713 0.281 0.375 0.287 0.492
  ..- attr(*, "names")= chr [1:5] "ACC" "BER" "multiclass.brier" "MMCE" ...
NULL
Writing result file: /home/probst/Random_Forest/RFSplitbias/results/Splitbias-files/jobs/97/5697-result.RData
########## Executing jid=5698 ##########
Timestamp: 2016-04-28 15:19:35
Experiment: 
  Problem: taski 
  Problem parameters: idi=3637, learner=, teststat=, testtype= 
  Algorithm: forest.splitbias.oob 
  Algorithm parameters:  
  Replication: 35 
  Seed: 5698 
  Problem seed: 157 
Setting seed: 5698
Applying Algorithm forest.splitbias.oob ...
Generating problem taski ...
Result:
List of 3
 $ idi   : int 3637
 $ lrn   : chr [1:3] "randomForest" "oob" ""
 $ result: Named num [1:5] 0.722 0.273 0.373 0.278 0.501
  ..- attr(*, "names")= chr [1:5] "ACC" "BER" "multiclass.brier" "MMCE" ...
NULL
Writing result file: /home/probst/Random_Forest/RFSplitbias/results/Splitbias-files/jobs/98/5698-result.RData
########## Executing jid=5699 ##########
Timestamp: 2016-04-28 15:19:36
Experiment: 
  Problem: taski 
  Problem parameters: idi=3637, learner=, teststat=, testtype= 
  Algorithm: forest.splitbias.oob 
  Algorithm parameters:  
  Replication: 36 
  Seed: 5699 
  Problem seed: 158 
Setting seed: 5699
Applying Algorithm forest.splitbias.oob ...
Generating problem taski ...
Result:
List of 3
 $ idi   : int 3637
 $ lrn   : chr [1:3] "randomForest" "oob" ""
 $ result: Named num [1:5] 0.713 0.283 0.376 0.287 0.508
  ..- attr(*, "names")= chr [1:5] "ACC" "BER" "multiclass.brier" "MMCE" ...
NULL
Writing result file: /home/probst/Random_Forest/RFSplitbias/results/Splitbias-files/jobs/99/5699-result.RData
########## Executing jid=5700 ##########
Timestamp: 2016-04-28 15:19:36
Experiment: 
  Problem: taski 
  Problem parameters: idi=3637, learner=, teststat=, testtype= 
  Algorithm: forest.splitbias.oob 
  Algorithm parameters:  
  Replication: 37 
  Seed: 5700 
  Problem seed: 159 
Setting seed: 5700
Applying Algorithm forest.splitbias.oob ...
Generating problem taski ...
Result:
List of 3
 $ idi   : int 3637
 $ lrn   : chr [1:3] "randomForest" "oob" ""
 $ result: Named num [1:5] 0.704 0.292 0.377 0.296 0.496
  ..- attr(*, "names")= chr [1:5] "ACC" "BER" "multiclass.brier" "MMCE" ...
NULL
Writing result file: /home/probst/Random_Forest/RFSplitbias/results/Splitbias-files/jobs/00/5700-result.RData
########## Executing jid=5701 ##########
Timestamp: 2016-04-28 15:19:37
Experiment: 
  Problem: taski 
  Problem parameters: idi=3637, learner=, teststat=, testtype= 
  Algorithm: forest.splitbias.oob 
  Algorithm parameters:  
  Replication: 38 
  Seed: 5701 
  Problem seed: 160 
Setting seed: 5701
Applying Algorithm forest.splitbias.oob ...
Generating problem taski ...
Result:
List of 3
 $ idi   : int 3637
 $ lrn   : chr [1:3] "randomForest" "oob" ""
 $ result: Named num [1:5] 0.722 0.273 0.37 0.278 0.503
  ..- attr(*, "names")= chr [1:5] "ACC" "BER" "multiclass.brier" "MMCE" ...
NULL
Writing result file: /home/probst/Random_Forest/RFSplitbias/results/Splitbias-files/jobs/01/5701-result.RData
########## Executing jid=5702 ##########
Timestamp: 2016-04-28 15:19:37
Experiment: 
  Problem: taski 
  Problem parameters: idi=3637, learner=, teststat=, testtype= 
  Algorithm: forest.splitbias.oob 
  Algorithm parameters:  
  Replication: 39 
  Seed: 5702 
  Problem seed: 161 
Setting seed: 5702
Applying Algorithm forest.splitbias.oob ...
Generating problem taski ...
Result:
List of 3
 $ idi   : int 3637
 $ lrn   : chr [1:3] "randomForest" "oob" ""
 $ result: Named num [1:5] 0.713 0.283 0.383 0.287 0.483
  ..- attr(*, "names")= chr [1:5] "ACC" "BER" "multiclass.brier" "MMCE" ...
NULL
Writing result file: /home/probst/Random_Forest/RFSplitbias/results/Splitbias-files/jobs/02/5702-result.RData
########## Executing jid=5703 ##########
Timestamp: 2016-04-28 15:19:38
Experiment: 
  Problem: taski 
  Problem parameters: idi=3637, learner=, teststat=, testtype= 
  Algorithm: forest.splitbias.oob 
  Algorithm parameters:  
  Replication: 40 
  Seed: 5703 
  Problem seed: 162 
Setting seed: 5703
Applying Algorithm forest.splitbias.oob ...
Generating problem taski ...
Result:
List of 3
 $ idi   : int 3637
 $ lrn   : chr [1:3] "randomForest" "oob" ""
 $ result: Named num [1:5] 0.722 0.273 0.379 0.278 0.494
  ..- attr(*, "names")= chr [1:5] "ACC" "BER" "multiclass.brier" "MMCE" ...
NULL
Writing result file: /home/probst/Random_Forest/RFSplitbias/results/Splitbias-files/jobs/03/5703-result.RData
2016-04-28 15:19:38: All done.
Setting work back to: /nfsmb/koll/probst/Random_Forest/RFSplitbias/results
Memory usage according to gc:
          used (Mb) gc trigger  (Mb) max used  (Mb)
Ncells 1831609 97.9    3205452 171.2  2013014 107.6
Vcells 4655810 35.6   13750151 105.0  6089442  46.5
