Loading registry: /home/probst/Random_Forest/RFSplitbias/results/Splitbias-files/registry.RData
Loading conf: 
2016-04-28 15:49:31: Starting job on node lin65.
Auto-mailer settings: start=none, done=none, error=none.
Setting work dir: /nfsmb/koll/probst/Random_Forest/RFSplitbias/results
########## Executing jid=8004 ##########
Timestamp: 2016-04-28 15:49:31
Experiment: 
  Problem: taski 
  Problem parameters: idi=2382, learner=, teststat=, testtype= 
  Algorithm: forest.splitbias.oob 
  Algorithm parameters:  
  Replication: 21 
  Seed: 8004 
  Problem seed: 143 
Setting seed: 8004
Applying Algorithm forest.splitbias.oob ...
Generating problem taski ...
Result:
List of 3
 $ idi   : int 2382
 $ lrn   : chr [1:3] "randomForest" "oob" ""
 $ result: Named num [1:5] 0.9775 0.0197 0.0502 0.0225 0.5925
  ..- attr(*, "names")= chr [1:5] "ACC" "BER" "multiclass.brier" "MMCE" ...
NULL
Writing result file: /home/probst/Random_Forest/RFSplitbias/results/Splitbias-files/jobs/04/8004-result.RData
########## Executing jid=8005 ##########
Timestamp: 2016-04-28 15:49:32
Experiment: 
  Problem: taski 
  Problem parameters: idi=2382, learner=, teststat=, testtype= 
  Algorithm: forest.splitbias.oob 
  Algorithm parameters:  
  Replication: 22 
  Seed: 8005 
  Problem seed: 144 
Setting seed: 8005
Applying Algorithm forest.splitbias.oob ...
Generating problem taski ...
Result:
List of 3
 $ idi   : int 2382
 $ lrn   : chr [1:3] "randomForest" "oob" ""
 $ result: Named num [1:5] 0.9775 0.0197 0.0486 0.0225 0.5875
  ..- attr(*, "names")= chr [1:5] "ACC" "BER" "multiclass.brier" "MMCE" ...
NULL
Writing result file: /home/probst/Random_Forest/RFSplitbias/results/Splitbias-files/jobs/05/8005-result.RData
########## Executing jid=8006 ##########
Timestamp: 2016-04-28 15:49:33
Experiment: 
  Problem: taski 
  Problem parameters: idi=2382, learner=, teststat=, testtype= 
  Algorithm: forest.splitbias.oob 
  Algorithm parameters:  
  Replication: 23 
  Seed: 8006 
  Problem seed: 145 
Setting seed: 8006
Applying Algorithm forest.splitbias.oob ...
Generating problem taski ...
Result:
List of 3
 $ idi   : int 2382
 $ lrn   : chr [1:3] "randomForest" "oob" ""
 $ result: Named num [1:5] 0.9831 0.0141 0.0475 0.0169 0.5995
  ..- attr(*, "names")= chr [1:5] "ACC" "BER" "multiclass.brier" "MMCE" ...
NULL
Writing result file: /home/probst/Random_Forest/RFSplitbias/results/Splitbias-files/jobs/06/8006-result.RData
########## Executing jid=8007 ##########
Timestamp: 2016-04-28 15:49:33
Experiment: 
  Problem: taski 
  Problem parameters: idi=2382, learner=, teststat=, testtype= 
  Algorithm: forest.splitbias.oob 
  Algorithm parameters:  
  Replication: 24 
  Seed: 8007 
  Problem seed: 146 
Setting seed: 8007
Applying Algorithm forest.splitbias.oob ...
Generating problem taski ...
Result:
List of 3
 $ idi   : int 2382
 $ lrn   : chr [1:3] "randomForest" "oob" ""
 $ result: Named num [1:5] 0.9775 0.0197 0.0495 0.0225 0.5814
  ..- attr(*, "names")= chr [1:5] "ACC" "BER" "multiclass.brier" "MMCE" ...
NULL
Writing result file: /home/probst/Random_Forest/RFSplitbias/results/Splitbias-files/jobs/07/8007-result.RData
########## Executing jid=8008 ##########
Timestamp: 2016-04-28 15:49:34
Experiment: 
  Problem: taski 
  Problem parameters: idi=2382, learner=, teststat=, testtype= 
  Algorithm: forest.splitbias.oob 
  Algorithm parameters:  
  Replication: 25 
  Seed: 8008 
  Problem seed: 147 
Setting seed: 8008
Applying Algorithm forest.splitbias.oob ...
Generating problem taski ...
Result:
List of 3
 $ idi   : int 2382
 $ lrn   : chr [1:3] "randomForest" "oob" ""
 $ result: Named num [1:5] 0.9775 0.0197 0.0493 0.0225 0.585
  ..- attr(*, "names")= chr [1:5] "ACC" "BER" "multiclass.brier" "MMCE" ...
NULL
Writing result file: /home/probst/Random_Forest/RFSplitbias/results/Splitbias-files/jobs/08/8008-result.RData
########## Executing jid=8009 ##########
Timestamp: 2016-04-28 15:49:35
Experiment: 
  Problem: taski 
  Problem parameters: idi=2382, learner=, teststat=, testtype= 
  Algorithm: forest.splitbias.oob 
  Algorithm parameters:  
  Replication: 26 
  Seed: 8009 
  Problem seed: 148 
Setting seed: 8009
Applying Algorithm forest.splitbias.oob ...
Generating problem taski ...
Result:
List of 3
 $ idi   : int 2382
 $ lrn   : chr [1:3] "randomForest" "oob" ""
 $ result: Named num [1:5] 0.9831 0.0141 0.0494 0.0169 0.5801
  ..- attr(*, "names")= chr [1:5] "ACC" "BER" "multiclass.brier" "MMCE" ...
NULL
Writing result file: /home/probst/Random_Forest/RFSplitbias/results/Splitbias-files/jobs/09/8009-result.RData
########## Executing jid=8010 ##########
Timestamp: 2016-04-28 15:49:35
Experiment: 
  Problem: taski 
  Problem parameters: idi=2382, learner=, teststat=, testtype= 
  Algorithm: forest.splitbias.oob 
  Algorithm parameters:  
  Replication: 27 
  Seed: 8010 
  Problem seed: 149 
Setting seed: 8010
Applying Algorithm forest.splitbias.oob ...
Generating problem taski ...
Result:
List of 3
 $ idi   : int 2382
 $ lrn   : chr [1:3] "randomForest" "oob" ""
 $ result: Named num [1:5] 0.98876 0.00939 0.04884 0.01124 0.60696
  ..- attr(*, "names")= chr [1:5] "ACC" "BER" "multiclass.brier" "MMCE" ...
NULL
Writing result file: /home/probst/Random_Forest/RFSplitbias/results/Splitbias-files/jobs/10/8010-result.RData
########## Executing jid=8011 ##########
Timestamp: 2016-04-28 15:49:36
Experiment: 
  Problem: taski 
  Problem parameters: idi=2382, learner=, teststat=, testtype= 
  Algorithm: forest.splitbias.oob 
  Algorithm parameters:  
  Replication: 28 
  Seed: 8011 
  Problem seed: 150 
Setting seed: 8011
Applying Algorithm forest.splitbias.oob ...
Generating problem taski ...
Result:
List of 3
 $ idi   : int 2382
 $ lrn   : chr [1:3] "randomForest" "oob" ""
 $ result: Named num [1:5] 0.9831 0.0141 0.0475 0.0169 0.5895
  ..- attr(*, "names")= chr [1:5] "ACC" "BER" "multiclass.brier" "MMCE" ...
NULL
Writing result file: /home/probst/Random_Forest/RFSplitbias/results/Splitbias-files/jobs/11/8011-result.RData
########## Executing jid=8012 ##########
Timestamp: 2016-04-28 15:49:36
Experiment: 
  Problem: taski 
  Problem parameters: idi=2382, learner=, teststat=, testtype= 
  Algorithm: forest.splitbias.oob 
  Algorithm parameters:  
  Replication: 29 
  Seed: 8012 
  Problem seed: 151 
Setting seed: 8012
Applying Algorithm forest.splitbias.oob ...
Generating problem taski ...
Result:
List of 3
 $ idi   : int 2382
 $ lrn   : chr [1:3] "randomForest" "oob" ""
 $ result: Named num [1:5] 0.9775 0.0197 0.049 0.0225 0.5936
  ..- attr(*, "names")= chr [1:5] "ACC" "BER" "multiclass.brier" "MMCE" ...
NULL
Writing result file: /home/probst/Random_Forest/RFSplitbias/results/Splitbias-files/jobs/12/8012-result.RData
########## Executing jid=8013 ##########
Timestamp: 2016-04-28 15:49:37
Experiment: 
  Problem: taski 
  Problem parameters: idi=2382, learner=, teststat=, testtype= 
  Algorithm: forest.splitbias.oob 
  Algorithm parameters:  
  Replication: 30 
  Seed: 8013 
  Problem seed: 152 
Setting seed: 8013
Applying Algorithm forest.splitbias.oob ...
Generating problem taski ...
Result:
List of 3
 $ idi   : int 2382
 $ lrn   : chr [1:3] "randomForest" "oob" ""
 $ result: Named num [1:5] 0.9831 0.0141 0.0472 0.0169 0.5846
  ..- attr(*, "names")= chr [1:5] "ACC" "BER" "multiclass.brier" "MMCE" ...
NULL
Writing result file: /home/probst/Random_Forest/RFSplitbias/results/Splitbias-files/jobs/13/8013-result.RData
########## Executing jid=8014 ##########
Timestamp: 2016-04-28 15:49:38
Experiment: 
  Problem: taski 
  Problem parameters: idi=2382, learner=, teststat=, testtype= 
  Algorithm: forest.splitbias.oob 
  Algorithm parameters:  
  Replication: 31 
  Seed: 8014 
  Problem seed: 153 
Setting seed: 8014
Applying Algorithm forest.splitbias.oob ...
Generating problem taski ...
Result:
List of 3
 $ idi   : int 2382
 $ lrn   : chr [1:3] "randomForest" "oob" ""
 $ result: Named num [1:5] 0.9831 0.0141 0.0493 0.0169 0.5947
  ..- attr(*, "names")= chr [1:5] "ACC" "BER" "multiclass.brier" "MMCE" ...
NULL
Writing result file: /home/probst/Random_Forest/RFSplitbias/results/Splitbias-files/jobs/14/8014-result.RData
########## Executing jid=8015 ##########
Timestamp: 2016-04-28 15:49:38
Experiment: 
  Problem: taski 
  Problem parameters: idi=2382, learner=, teststat=, testtype= 
  Algorithm: forest.splitbias.oob 
  Algorithm parameters:  
  Replication: 32 
  Seed: 8015 
  Problem seed: 154 
Setting seed: 8015
Applying Algorithm forest.splitbias.oob ...
Generating problem taski ...
Result:
List of 3
 $ idi   : int 2382
 $ lrn   : chr [1:3] "randomForest" "oob" ""
 $ result: Named num [1:5] 0.9831 0.0141 0.0492 0.0169 0.584
  ..- attr(*, "names")= chr [1:5] "ACC" "BER" "multiclass.brier" "MMCE" ...
NULL
Writing result file: /home/probst/Random_Forest/RFSplitbias/results/Splitbias-files/jobs/15/8015-result.RData
########## Executing jid=8016 ##########
Timestamp: 2016-04-28 15:49:39
Experiment: 
  Problem: taski 
  Problem parameters: idi=2382, learner=, teststat=, testtype= 
  Algorithm: forest.splitbias.oob 
  Algorithm parameters:  
  Replication: 33 
  Seed: 8016 
  Problem seed: 155 
Setting seed: 8016
Applying Algorithm forest.splitbias.oob ...
Generating problem taski ...
Result:
List of 3
 $ idi   : int 2382
 $ lrn   : chr [1:3] "randomForest" "oob" ""
 $ result: Named num [1:5] 0.9831 0.0141 0.0476 0.0169 0.5903
  ..- attr(*, "names")= chr [1:5] "ACC" "BER" "multiclass.brier" "MMCE" ...
NULL
Writing result file: /home/probst/Random_Forest/RFSplitbias/results/Splitbias-files/jobs/16/8016-result.RData
########## Executing jid=8017 ##########
Timestamp: 2016-04-28 15:49:40
Experiment: 
  Problem: taski 
  Problem parameters: idi=2382, learner=, teststat=, testtype= 
  Algorithm: forest.splitbias.oob 
  Algorithm parameters:  
  Replication: 34 
  Seed: 8017 
  Problem seed: 156 
Setting seed: 8017
Applying Algorithm forest.splitbias.oob ...
Generating problem taski ...
Result:
List of 3
 $ idi   : int 2382
 $ lrn   : chr [1:3] "randomForest" "oob" ""
 $ result: Named num [1:5] 0.9831 0.0141 0.0495 0.0169 0.5885
  ..- attr(*, "names")= chr [1:5] "ACC" "BER" "multiclass.brier" "MMCE" ...
NULL
Writing result file: /home/probst/Random_Forest/RFSplitbias/results/Splitbias-files/jobs/17/8017-result.RData
########## Executing jid=8018 ##########
Timestamp: 2016-04-28 15:49:40
Experiment: 
  Problem: taski 
  Problem parameters: idi=2382, learner=, teststat=, testtype= 
  Algorithm: forest.splitbias.oob 
  Algorithm parameters:  
  Replication: 35 
  Seed: 8018 
  Problem seed: 157 
Setting seed: 8018
Applying Algorithm forest.splitbias.oob ...
Generating problem taski ...
Result:
List of 3
 $ idi   : int 2382
 $ lrn   : chr [1:3] "randomForest" "oob" ""
 $ result: Named num [1:5] 0.9831 0.0141 0.0482 0.0169 0.5842
  ..- attr(*, "names")= chr [1:5] "ACC" "BER" "multiclass.brier" "MMCE" ...
NULL
Writing result file: /home/probst/Random_Forest/RFSplitbias/results/Splitbias-files/jobs/18/8018-result.RData
########## Executing jid=8019 ##########
Timestamp: 2016-04-28 15:49:41
Experiment: 
  Problem: taski 
  Problem parameters: idi=2382, learner=, teststat=, testtype= 
  Algorithm: forest.splitbias.oob 
  Algorithm parameters:  
  Replication: 36 
  Seed: 8019 
  Problem seed: 158 
Setting seed: 8019
Applying Algorithm forest.splitbias.oob ...
Generating problem taski ...
Result:
List of 3
 $ idi   : int 2382
 $ lrn   : chr [1:3] "randomForest" "oob" ""
 $ result: Named num [1:5] 0.9831 0.0141 0.0502 0.0169 0.5867
  ..- attr(*, "names")= chr [1:5] "ACC" "BER" "multiclass.brier" "MMCE" ...
NULL
Writing result file: /home/probst/Random_Forest/RFSplitbias/results/Splitbias-files/jobs/19/8019-result.RData
########## Executing jid=8020 ##########
Timestamp: 2016-04-28 15:49:41
Experiment: 
  Problem: taski 
  Problem parameters: idi=2382, learner=, teststat=, testtype= 
  Algorithm: forest.splitbias.oob 
  Algorithm parameters:  
  Replication: 37 
  Seed: 8020 
  Problem seed: 159 
Setting seed: 8020
Applying Algorithm forest.splitbias.oob ...
Generating problem taski ...
Result:
List of 3
 $ idi   : int 2382
 $ lrn   : chr [1:3] "randomForest" "oob" ""
 $ result: Named num [1:5] 0.9831 0.0141 0.0491 0.0169 0.5937
  ..- attr(*, "names")= chr [1:5] "ACC" "BER" "multiclass.brier" "MMCE" ...
NULL
Writing result file: /home/probst/Random_Forest/RFSplitbias/results/Splitbias-files/jobs/20/8020-result.RData
########## Executing jid=8021 ##########
Timestamp: 2016-04-28 15:49:42
Experiment: 
  Problem: taski 
  Problem parameters: idi=2382, learner=, teststat=, testtype= 
  Algorithm: forest.splitbias.oob 
  Algorithm parameters:  
  Replication: 38 
  Seed: 8021 
  Problem seed: 160 
Setting seed: 8021
Applying Algorithm forest.splitbias.oob ...
Generating problem taski ...
Result:
List of 3
 $ idi   : int 2382
 $ lrn   : chr [1:3] "randomForest" "oob" ""
 $ result: Named num [1:5] 0.9831 0.0141 0.0483 0.0169 0.5807
  ..- attr(*, "names")= chr [1:5] "ACC" "BER" "multiclass.brier" "MMCE" ...
NULL
Writing result file: /home/probst/Random_Forest/RFSplitbias/results/Splitbias-files/jobs/21/8021-result.RData
########## Executing jid=8022 ##########
Timestamp: 2016-04-28 15:49:43
Experiment: 
  Problem: taski 
  Problem parameters: idi=2382, learner=, teststat=, testtype= 
  Algorithm: forest.splitbias.oob 
  Algorithm parameters:  
  Replication: 39 
  Seed: 8022 
  Problem seed: 161 
Setting seed: 8022
Applying Algorithm forest.splitbias.oob ...
Generating problem taski ...
Result:
List of 3
 $ idi   : int 2382
 $ lrn   : chr [1:3] "randomForest" "oob" ""
 $ result: Named num [1:5] 0.9831 0.0141 0.0493 0.0169 0.588
  ..- attr(*, "names")= chr [1:5] "ACC" "BER" "multiclass.brier" "MMCE" ...
NULL
Writing result file: /home/probst/Random_Forest/RFSplitbias/results/Splitbias-files/jobs/22/8022-result.RData
########## Executing jid=8023 ##########
Timestamp: 2016-04-28 15:49:43
Experiment: 
  Problem: taski 
  Problem parameters: idi=2382, learner=, teststat=, testtype= 
  Algorithm: forest.splitbias.oob 
  Algorithm parameters:  
  Replication: 40 
  Seed: 8023 
  Problem seed: 162 
Setting seed: 8023
Applying Algorithm forest.splitbias.oob ...
Generating problem taski ...
Result:
List of 3
 $ idi   : int 2382
 $ lrn   : chr [1:3] "randomForest" "oob" ""
 $ result: Named num [1:5] 0.9831 0.0141 0.0491 0.0169 0.6013
  ..- attr(*, "names")= chr [1:5] "ACC" "BER" "multiclass.brier" "MMCE" ...
NULL
Writing result file: /home/probst/Random_Forest/RFSplitbias/results/Splitbias-files/jobs/23/8023-result.RData
########## Executing jid=8024 ##########
Timestamp: 2016-04-28 15:49:44
Experiment: 
  Problem: taski 
  Problem parameters: idi=2382, learner=, teststat=, testtype= 
  Algorithm: forest.splitbias.oob 
  Algorithm parameters:  
  Replication: 41 
  Seed: 8024 
  Problem seed: 163 
Setting seed: 8024
Applying Algorithm forest.splitbias.oob ...
Generating problem taski ...
Result:
List of 3
 $ idi   : int 2382
 $ lrn   : chr [1:3] "randomForest" "oob" ""
 $ result: Named num [1:5] 0.9775 0.0197 0.05 0.0225 0.6075
  ..- attr(*, "names")= chr [1:5] "ACC" "BER" "multiclass.brier" "MMCE" ...
NULL
Writing result file: /home/probst/Random_Forest/RFSplitbias/results/Splitbias-files/jobs/24/8024-result.RData
########## Executing jid=8025 ##########
Timestamp: 2016-04-28 15:49:45
Experiment: 
  Problem: taski 
  Problem parameters: idi=2382, learner=, teststat=, testtype= 
  Algorithm: forest.splitbias.oob 
  Algorithm parameters:  
  Replication: 42 
  Seed: 8025 
  Problem seed: 164 
Setting seed: 8025
Applying Algorithm forest.splitbias.oob ...
Generating problem taski ...
Result:
List of 3
 $ idi   : int 2382
 $ lrn   : chr [1:3] "randomForest" "oob" ""
 $ result: Named num [1:5] 0.9831 0.0141 0.05 0.0169 0.5971
  ..- attr(*, "names")= chr [1:5] "ACC" "BER" "multiclass.brier" "MMCE" ...
NULL
Writing result file: /home/probst/Random_Forest/RFSplitbias/results/Splitbias-files/jobs/25/8025-result.RData
########## Executing jid=8026 ##########
Timestamp: 2016-04-28 15:49:45
Experiment: 
  Problem: taski 
  Problem parameters: idi=2382, learner=, teststat=, testtype= 
  Algorithm: forest.splitbias.oob 
  Algorithm parameters:  
  Replication: 43 
  Seed: 8026 
  Problem seed: 165 
Setting seed: 8026
Applying Algorithm forest.splitbias.oob ...
Generating problem taski ...
Result:
List of 3
 $ idi   : int 2382
 $ lrn   : chr [1:3] "randomForest" "oob" ""
 $ result: Named num [1:5] 0.9831 0.0141 0.0494 0.0169 0.6043
  ..- attr(*, "names")= chr [1:5] "ACC" "BER" "multiclass.brier" "MMCE" ...
NULL
Writing result file: /home/probst/Random_Forest/RFSplitbias/results/Splitbias-files/jobs/26/8026-result.RData
########## Executing jid=8027 ##########
Timestamp: 2016-04-28 15:49:46
Experiment: 
  Problem: taski 
  Problem parameters: idi=2382, learner=, teststat=, testtype= 
  Algorithm: forest.splitbias.oob 
  Algorithm parameters:  
  Replication: 44 
  Seed: 8027 
  Problem seed: 166 
Setting seed: 8027
Applying Algorithm forest.splitbias.oob ...
Generating problem taski ...
Result:
List of 3
 $ idi   : int 2382
 $ lrn   : chr [1:3] "randomForest" "oob" ""
 $ result: Named num [1:5] 0.9775 0.0197 0.0471 0.0225 0.5812
  ..- attr(*, "names")= chr [1:5] "ACC" "BER" "multiclass.brier" "MMCE" ...
NULL
Writing result file: /home/probst/Random_Forest/RFSplitbias/results/Splitbias-files/jobs/27/8027-result.RData
########## Executing jid=8028 ##########
Timestamp: 2016-04-28 15:49:46
Experiment: 
  Problem: taski 
  Problem parameters: idi=2382, learner=, teststat=, testtype= 
  Algorithm: forest.splitbias.oob 
  Algorithm parameters:  
  Replication: 45 
  Seed: 8028 
  Problem seed: 167 
Setting seed: 8028
Applying Algorithm forest.splitbias.oob ...
Generating problem taski ...
Result:
List of 3
 $ idi   : int 2382
 $ lrn   : chr [1:3] "randomForest" "oob" ""
 $ result: Named num [1:5] 0.9831 0.0141 0.0481 0.0169 0.5865
  ..- attr(*, "names")= chr [1:5] "ACC" "BER" "multiclass.brier" "MMCE" ...
NULL
Writing result file: /home/probst/Random_Forest/RFSplitbias/results/Splitbias-files/jobs/28/8028-result.RData
########## Executing jid=8029 ##########
Timestamp: 2016-04-28 15:49:47
Experiment: 
  Problem: taski 
  Problem parameters: idi=2382, learner=, teststat=, testtype= 
  Algorithm: forest.splitbias.oob 
  Algorithm parameters:  
  Replication: 46 
  Seed: 8029 
  Problem seed: 168 
Setting seed: 8029
Applying Algorithm forest.splitbias.oob ...
Generating problem taski ...
Result:
List of 3
 $ idi   : int 2382
 $ lrn   : chr [1:3] "randomForest" "oob" ""
 $ result: Named num [1:5] 0.9831 0.0141 0.0495 0.0169 0.5814
  ..- attr(*, "names")= chr [1:5] "ACC" "BER" "multiclass.brier" "MMCE" ...
NULL
Writing result file: /home/probst/Random_Forest/RFSplitbias/results/Splitbias-files/jobs/29/8029-result.RData
########## Executing jid=8030 ##########
Timestamp: 2016-04-28 15:49:48
Experiment: 
  Problem: taski 
  Problem parameters: idi=2382, learner=, teststat=, testtype= 
  Algorithm: forest.splitbias.oob 
  Algorithm parameters:  
  Replication: 47 
  Seed: 8030 
  Problem seed: 169 
Setting seed: 8030
Applying Algorithm forest.splitbias.oob ...
Generating problem taski ...
Result:
List of 3
 $ idi   : int 2382
 $ lrn   : chr [1:3] "randomForest" "oob" ""
 $ result: Named num [1:5] 0.9775 0.0197 0.049 0.0225 0.5924
  ..- attr(*, "names")= chr [1:5] "ACC" "BER" "multiclass.brier" "MMCE" ...
NULL
Writing result file: /home/probst/Random_Forest/RFSplitbias/results/Splitbias-files/jobs/30/8030-result.RData
########## Executing jid=8031 ##########
Timestamp: 2016-04-28 15:49:48
Experiment: 
  Problem: taski 
  Problem parameters: idi=2382, learner=, teststat=, testtype= 
  Algorithm: forest.splitbias.oob 
  Algorithm parameters:  
  Replication: 48 
  Seed: 8031 
  Problem seed: 170 
Setting seed: 8031
Applying Algorithm forest.splitbias.oob ...
Generating problem taski ...
Result:
List of 3
 $ idi   : int 2382
 $ lrn   : chr [1:3] "randomForest" "oob" ""
 $ result: Named num [1:5] 0.9831 0.0141 0.0476 0.0169 0.5916
  ..- attr(*, "names")= chr [1:5] "ACC" "BER" "multiclass.brier" "MMCE" ...
NULL
Writing result file: /home/probst/Random_Forest/RFSplitbias/results/Splitbias-files/jobs/31/8031-result.RData
########## Executing jid=8032 ##########
Timestamp: 2016-04-28 15:49:49
Experiment: 
  Problem: taski 
  Problem parameters: idi=2382, learner=, teststat=, testtype= 
  Algorithm: forest.splitbias.oob 
  Algorithm parameters:  
  Replication: 49 
  Seed: 8032 
  Problem seed: 171 
Setting seed: 8032
Applying Algorithm forest.splitbias.oob ...
Generating problem taski ...
Result:
List of 3
 $ idi   : int 2382
 $ lrn   : chr [1:3] "randomForest" "oob" ""
 $ result: Named num [1:5] 0.9775 0.0197 0.0503 0.0225 0.6002
  ..- attr(*, "names")= chr [1:5] "ACC" "BER" "multiclass.brier" "MMCE" ...
NULL
Writing result file: /home/probst/Random_Forest/RFSplitbias/results/Splitbias-files/jobs/32/8032-result.RData
########## Executing jid=8033 ##########
Timestamp: 2016-04-28 15:49:50
Experiment: 
  Problem: taski 
  Problem parameters: idi=2382, learner=, teststat=, testtype= 
  Algorithm: forest.splitbias.oob 
  Algorithm parameters:  
  Replication: 50 
  Seed: 8033 
  Problem seed: 172 
Setting seed: 8033
Applying Algorithm forest.splitbias.oob ...
Generating problem taski ...
Result:
List of 3
 $ idi   : int 2382
 $ lrn   : chr [1:3] "randomForest" "oob" ""
 $ result: Named num [1:5] 0.9831 0.0141 0.0487 0.0169 0.5859
  ..- attr(*, "names")= chr [1:5] "ACC" "BER" "multiclass.brier" "MMCE" ...
NULL
Writing result file: /home/probst/Random_Forest/RFSplitbias/results/Splitbias-files/jobs/33/8033-result.RData
########## Executing jid=8034 ##########
Timestamp: 2016-04-28 15:49:50
Experiment: 
  Problem: taski 
  Problem parameters: idi=3611, learner=, teststat=, testtype= 
  Algorithm: forest.splitbias.oob 
  Algorithm parameters:  
  Replication: 11 
  Seed: 8034 
  Problem seed: 133 
Setting seed: 8034
Applying Algorithm forest.splitbias.oob ...
Generating problem taski ...
Result:
List of 3
 $ idi   : int 3611
 $ lrn   : chr [1:3] "randomForest" "oob" ""
 $ result: Named num [1:5] 0.9748 0.0325 0.0403 0.0252 0.6913
  ..- attr(*, "names")= chr [1:5] "ACC" "BER" "multiclass.brier" "MMCE" ...
NULL
Writing result file: /home/probst/Random_Forest/RFSplitbias/results/Splitbias-files/jobs/34/8034-result.RData
########## Executing jid=8035 ##########
Timestamp: 2016-04-28 15:49:51
Experiment: 
  Problem: taski 
  Problem parameters: idi=3611, learner=, teststat=, testtype= 
  Algorithm: forest.splitbias.oob 
  Algorithm parameters:  
  Replication: 12 
  Seed: 8035 
  Problem seed: 134 
Setting seed: 8035
Applying Algorithm forest.splitbias.oob ...
Generating problem taski ...
Result:
List of 3
 $ idi   : int 3611
 $ lrn   : chr [1:3] "randomForest" "oob" ""
 $ result: Named num [1:5] 0.9623 0.0511 0.0431 0.0377 0.6375
  ..- attr(*, "names")= chr [1:5] "ACC" "BER" "multiclass.brier" "MMCE" ...
NULL
Writing result file: /home/probst/Random_Forest/RFSplitbias/results/Splitbias-files/jobs/35/8035-result.RData
########## Executing jid=8036 ##########
Timestamp: 2016-04-28 15:49:51
Experiment: 
  Problem: taski 
  Problem parameters: idi=3611, learner=, teststat=, testtype= 
  Algorithm: forest.splitbias.oob 
  Algorithm parameters:  
  Replication: 13 
  Seed: 8036 
  Problem seed: 135 
Setting seed: 8036
Applying Algorithm forest.splitbias.oob ...
Generating problem taski ...
Result:
List of 3
 $ idi   : int 3611
 $ lrn   : chr [1:3] "randomForest" "oob" ""
 $ result: Named num [1:5] 0.9623 0.0511 0.0409 0.0377 0.6282
  ..- attr(*, "names")= chr [1:5] "ACC" "BER" "multiclass.brier" "MMCE" ...
NULL
Writing result file: /home/probst/Random_Forest/RFSplitbias/results/Splitbias-files/jobs/36/8036-result.RData
########## Executing jid=8037 ##########
Timestamp: 2016-04-28 15:49:52
Experiment: 
  Problem: taski 
  Problem parameters: idi=3611, learner=, teststat=, testtype= 
  Algorithm: forest.splitbias.oob 
  Algorithm parameters:  
  Replication: 14 
  Seed: 8037 
  Problem seed: 136 
Setting seed: 8037
Applying Algorithm forest.splitbias.oob ...
Generating problem taski ...
Result:
List of 3
 $ idi   : int 3611
 $ lrn   : chr [1:3] "randomForest" "oob" ""
 $ result: Named num [1:5] 0.9623 0.0511 0.042 0.0377 0.6366
  ..- attr(*, "names")= chr [1:5] "ACC" "BER" "multiclass.brier" "MMCE" ...
NULL
Writing result file: /home/probst/Random_Forest/RFSplitbias/results/Splitbias-files/jobs/37/8037-result.RData
########## Executing jid=8038 ##########
Timestamp: 2016-04-28 15:49:53
Experiment: 
  Problem: taski 
  Problem parameters: idi=3611, learner=, teststat=, testtype= 
  Algorithm: forest.splitbias.oob 
  Algorithm parameters:  
  Replication: 15 
  Seed: 8038 
  Problem seed: 137 
Setting seed: 8038
Applying Algorithm forest.splitbias.oob ...
Generating problem taski ...
Result:
List of 3
 $ idi   : int 3611
 $ lrn   : chr [1:3] "randomForest" "oob" ""
 $ result: Named num [1:5] 0.9623 0.0511 0.0428 0.0377 0.6704
  ..- attr(*, "names")= chr [1:5] "ACC" "BER" "multiclass.brier" "MMCE" ...
NULL
Writing result file: /home/probst/Random_Forest/RFSplitbias/results/Splitbias-files/jobs/38/8038-result.RData
########## Executing jid=8039 ##########
Timestamp: 2016-04-28 15:49:53
Experiment: 
  Problem: taski 
  Problem parameters: idi=3611, learner=, teststat=, testtype= 
  Algorithm: forest.splitbias.oob 
  Algorithm parameters:  
  Replication: 16 
  Seed: 8039 
  Problem seed: 138 
Setting seed: 8039
Applying Algorithm forest.splitbias.oob ...
Generating problem taski ...
Result:
List of 3
 $ idi   : int 3611
 $ lrn   : chr [1:3] "randomForest" "oob" ""
 $ result: Named num [1:5] 0.9686 0.0418 0.0402 0.0314 0.6443
  ..- attr(*, "names")= chr [1:5] "ACC" "BER" "multiclass.brier" "MMCE" ...
NULL
Writing result file: /home/probst/Random_Forest/RFSplitbias/results/Splitbias-files/jobs/39/8039-result.RData
########## Executing jid=8040 ##########
Timestamp: 2016-04-28 15:49:54
Experiment: 
  Problem: taski 
  Problem parameters: idi=3611, learner=, teststat=, testtype= 
  Algorithm: forest.splitbias.oob 
  Algorithm parameters:  
  Replication: 17 
  Seed: 8040 
  Problem seed: 139 
Setting seed: 8040
Applying Algorithm forest.splitbias.oob ...
Generating problem taski ...
Result:
List of 3
 $ idi   : int 3611
 $ lrn   : chr [1:3] "randomForest" "oob" ""
 $ result: Named num [1:5] 0.9686 0.0418 0.0425 0.0314 0.6466
  ..- attr(*, "names")= chr [1:5] "ACC" "BER" "multiclass.brier" "MMCE" ...
NULL
Writing result file: /home/probst/Random_Forest/RFSplitbias/results/Splitbias-files/jobs/40/8040-result.RData
########## Executing jid=8041 ##########
Timestamp: 2016-04-28 15:49:54
Experiment: 
  Problem: taski 
  Problem parameters: idi=3611, learner=, teststat=, testtype= 
  Algorithm: forest.splitbias.oob 
  Algorithm parameters:  
  Replication: 18 
  Seed: 8041 
  Problem seed: 140 
Setting seed: 8041
Applying Algorithm forest.splitbias.oob ...
Generating problem taski ...
Result:
List of 3
 $ idi   : int 3611
 $ lrn   : chr [1:3] "randomForest" "oob" ""
 $ result: Named num [1:5] 0.9748 0.0325 0.0415 0.0252 0.6325
  ..- attr(*, "names")= chr [1:5] "ACC" "BER" "multiclass.brier" "MMCE" ...
NULL
Writing result file: /home/probst/Random_Forest/RFSplitbias/results/Splitbias-files/jobs/41/8041-result.RData
########## Executing jid=8042 ##########
Timestamp: 2016-04-28 15:49:55
Experiment: 
  Problem: taski 
  Problem parameters: idi=3611, learner=, teststat=, testtype= 
  Algorithm: forest.splitbias.oob 
  Algorithm parameters:  
  Replication: 19 
  Seed: 8042 
  Problem seed: 141 
Setting seed: 8042
Applying Algorithm forest.splitbias.oob ...
Generating problem taski ...
Result:
List of 3
 $ idi   : int 3611
 $ lrn   : chr [1:3] "randomForest" "oob" ""
 $ result: Named num [1:5] 0.9623 0.0511 0.0417 0.0377 0.6255
  ..- attr(*, "names")= chr [1:5] "ACC" "BER" "multiclass.brier" "MMCE" ...
NULL
Writing result file: /home/probst/Random_Forest/RFSplitbias/results/Splitbias-files/jobs/42/8042-result.RData
########## Executing jid=8043 ##########
Timestamp: 2016-04-28 15:49:56
Experiment: 
  Problem: taski 
  Problem parameters: idi=3611, learner=, teststat=, testtype= 
  Algorithm: forest.splitbias.oob 
  Algorithm parameters:  
  Replication: 20 
  Seed: 8043 
  Problem seed: 142 
Setting seed: 8043
Applying Algorithm forest.splitbias.oob ...
Generating problem taski ...
Result:
List of 3
 $ idi   : int 3611
 $ lrn   : chr [1:3] "randomForest" "oob" ""
 $ result: Named num [1:5] 0.9623 0.0511 0.0434 0.0377 0.6638
  ..- attr(*, "names")= chr [1:5] "ACC" "BER" "multiclass.brier" "MMCE" ...
NULL
Writing result file: /home/probst/Random_Forest/RFSplitbias/results/Splitbias-files/jobs/43/8043-result.RData
########## Executing jid=8044 ##########
Timestamp: 2016-04-28 15:49:56
Experiment: 
  Problem: taski 
  Problem parameters: idi=3611, learner=, teststat=, testtype= 
  Algorithm: forest.splitbias.oob 
  Algorithm parameters:  
  Replication: 21 
  Seed: 8044 
  Problem seed: 143 
Setting seed: 8044
Applying Algorithm forest.splitbias.oob ...
Generating problem taski ...
Result:
List of 3
 $ idi   : int 3611
 $ lrn   : chr [1:3] "randomForest" "oob" ""
 $ result: Named num [1:5] 0.9623 0.0511 0.0412 0.0377 0.6243
  ..- attr(*, "names")= chr [1:5] "ACC" "BER" "multiclass.brier" "MMCE" ...
NULL
Writing result file: /home/probst/Random_Forest/RFSplitbias/results/Splitbias-files/jobs/44/8044-result.RData
########## Executing jid=8045 ##########
Timestamp: 2016-04-28 15:49:57
Experiment: 
  Problem: taski 
  Problem parameters: idi=3611, learner=, teststat=, testtype= 
  Algorithm: forest.splitbias.oob 
  Algorithm parameters:  
  Replication: 22 
  Seed: 8045 
  Problem seed: 144 
Setting seed: 8045
Applying Algorithm forest.splitbias.oob ...
Generating problem taski ...
Result:
List of 3
 $ idi   : int 3611
 $ lrn   : chr [1:3] "randomForest" "oob" ""
 $ result: Named num [1:5] 0.9623 0.0511 0.0417 0.0377 0.6494
  ..- attr(*, "names")= chr [1:5] "ACC" "BER" "multiclass.brier" "MMCE" ...
NULL
Writing result file: /home/probst/Random_Forest/RFSplitbias/results/Splitbias-files/jobs/45/8045-result.RData
########## Executing jid=8046 ##########
Timestamp: 2016-04-28 15:49:57
Experiment: 
  Problem: taski 
  Problem parameters: idi=3611, learner=, teststat=, testtype= 
  Algorithm: forest.splitbias.oob 
  Algorithm parameters:  
  Replication: 23 
  Seed: 8046 
  Problem seed: 145 
Setting seed: 8046
Applying Algorithm forest.splitbias.oob ...
Generating problem taski ...
Result:
List of 3
 $ idi   : int 3611
 $ lrn   : chr [1:3] "randomForest" "oob" ""
 $ result: Named num [1:5] 0.9748 0.0325 0.0401 0.0252 0.6524
  ..- attr(*, "names")= chr [1:5] "ACC" "BER" "multiclass.brier" "MMCE" ...
NULL
Writing result file: /home/probst/Random_Forest/RFSplitbias/results/Splitbias-files/jobs/46/8046-result.RData
########## Executing jid=8047 ##########
Timestamp: 2016-04-28 15:49:58
Experiment: 
  Problem: taski 
  Problem parameters: idi=3611, learner=, teststat=, testtype= 
  Algorithm: forest.splitbias.oob 
  Algorithm parameters:  
  Replication: 24 
  Seed: 8047 
  Problem seed: 146 
Setting seed: 8047
Applying Algorithm forest.splitbias.oob ...
Generating problem taski ...
Result:
List of 3
 $ idi   : int 3611
 $ lrn   : chr [1:3] "randomForest" "oob" ""
 $ result: Named num [1:5] 0.9686 0.0418 0.042 0.0314 0.6921
  ..- attr(*, "names")= chr [1:5] "ACC" "BER" "multiclass.brier" "MMCE" ...
NULL
Writing result file: /home/probst/Random_Forest/RFSplitbias/results/Splitbias-files/jobs/47/8047-result.RData
########## Executing jid=8048 ##########
Timestamp: 2016-04-28 15:49:59
Experiment: 
  Problem: taski 
  Problem parameters: idi=3611, learner=, teststat=, testtype= 
  Algorithm: forest.splitbias.oob 
  Algorithm parameters:  
  Replication: 25 
  Seed: 8048 
  Problem seed: 147 
Setting seed: 8048
Applying Algorithm forest.splitbias.oob ...
Generating problem taski ...
Result:
List of 3
 $ idi   : int 3611
 $ lrn   : chr [1:3] "randomForest" "oob" ""
 $ result: Named num [1:5] 0.9686 0.0418 0.0418 0.0314 0.6666
  ..- attr(*, "names")= chr [1:5] "ACC" "BER" "multiclass.brier" "MMCE" ...
NULL
Writing result file: /home/probst/Random_Forest/RFSplitbias/results/Splitbias-files/jobs/48/8048-result.RData
########## Executing jid=8049 ##########
Timestamp: 2016-04-28 15:49:59
Experiment: 
  Problem: taski 
  Problem parameters: idi=3611, learner=, teststat=, testtype= 
  Algorithm: forest.splitbias.oob 
  Algorithm parameters:  
  Replication: 26 
  Seed: 8049 
  Problem seed: 148 
Setting seed: 8049
Applying Algorithm forest.splitbias.oob ...
Generating problem taski ...
Result:
List of 3
 $ idi   : int 3611
 $ lrn   : chr [1:3] "randomForest" "oob" ""
 $ result: Named num [1:5] 0.9686 0.0418 0.0417 0.0314 0.669
  ..- attr(*, "names")= chr [1:5] "ACC" "BER" "multiclass.brier" "MMCE" ...
NULL
Writing result file: /home/probst/Random_Forest/RFSplitbias/results/Splitbias-files/jobs/49/8049-result.RData
########## Executing jid=8050 ##########
Timestamp: 2016-04-28 15:50:00
Experiment: 
  Problem: taski 
  Problem parameters: idi=3611, learner=, teststat=, testtype= 
  Algorithm: forest.splitbias.oob 
  Algorithm parameters:  
  Replication: 27 
  Seed: 8050 
  Problem seed: 149 
Setting seed: 8050
Applying Algorithm forest.splitbias.oob ...
Generating problem taski ...
Result:
List of 3
 $ idi   : int 3611
 $ lrn   : chr [1:3] "randomForest" "oob" ""
 $ result: Named num [1:5] 0.9686 0.0418 0.0409 0.0314 0.6825
  ..- attr(*, "names")= chr [1:5] "ACC" "BER" "multiclass.brier" "MMCE" ...
NULL
Writing result file: /home/probst/Random_Forest/RFSplitbias/results/Splitbias-files/jobs/50/8050-result.RData
########## Executing jid=8051 ##########
Timestamp: 2016-04-28 15:50:00
Experiment: 
  Problem: taski 
  Problem parameters: idi=3611, learner=, teststat=, testtype= 
  Algorithm: forest.splitbias.oob 
  Algorithm parameters:  
  Replication: 28 
  Seed: 8051 
  Problem seed: 150 
Setting seed: 8051
Applying Algorithm forest.splitbias.oob ...
Generating problem taski ...
Result:
List of 3
 $ idi   : int 3611
 $ lrn   : chr [1:3] "randomForest" "oob" ""
 $ result: Named num [1:5] 0.9623 0.0511 0.0418 0.0377 0.6687
  ..- attr(*, "names")= chr [1:5] "ACC" "BER" "multiclass.brier" "MMCE" ...
NULL
Writing result file: /home/probst/Random_Forest/RFSplitbias/results/Splitbias-files/jobs/51/8051-result.RData
########## Executing jid=8052 ##########
Timestamp: 2016-04-28 15:50:01
Experiment: 
  Problem: taski 
  Problem parameters: idi=3611, learner=, teststat=, testtype= 
  Algorithm: forest.splitbias.oob 
  Algorithm parameters:  
  Replication: 29 
  Seed: 8052 
  Problem seed: 151 
Setting seed: 8052
Applying Algorithm forest.splitbias.oob ...
Generating problem taski ...
Result:
List of 3
 $ idi   : int 3611
 $ lrn   : chr [1:3] "randomForest" "oob" ""
 $ result: Named num [1:5] 0.9686 0.0418 0.0429 0.0314 0.6487
  ..- attr(*, "names")= chr [1:5] "ACC" "BER" "multiclass.brier" "MMCE" ...
NULL
Writing result file: /home/probst/Random_Forest/RFSplitbias/results/Splitbias-files/jobs/52/8052-result.RData
########## Executing jid=8053 ##########
Timestamp: 2016-04-28 15:50:01
Experiment: 
  Problem: taski 
  Problem parameters: idi=3611, learner=, teststat=, testtype= 
  Algorithm: forest.splitbias.oob 
  Algorithm parameters:  
  Replication: 30 
  Seed: 8053 
  Problem seed: 152 
Setting seed: 8053
Applying Algorithm forest.splitbias.oob ...
Generating problem taski ...
Result:
List of 3
 $ idi   : int 3611
 $ lrn   : chr [1:3] "randomForest" "oob" ""
 $ result: Named num [1:5] 0.9623 0.0511 0.0423 0.0377 0.6882
  ..- attr(*, "names")= chr [1:5] "ACC" "BER" "multiclass.brier" "MMCE" ...
NULL
Writing result file: /home/probst/Random_Forest/RFSplitbias/results/Splitbias-files/jobs/53/8053-result.RData
########## Executing jid=8054 ##########
Timestamp: 2016-04-28 15:50:02
Experiment: 
  Problem: taski 
  Problem parameters: idi=3611, learner=, teststat=, testtype= 
  Algorithm: forest.splitbias.oob 
  Algorithm parameters:  
  Replication: 31 
  Seed: 8054 
  Problem seed: 153 
Setting seed: 8054
Applying Algorithm forest.splitbias.oob ...
Generating problem taski ...
Result:
List of 3
 $ idi   : int 3611
 $ lrn   : chr [1:3] "randomForest" "oob" ""
 $ result: Named num [1:5] 0.9623 0.0511 0.0409 0.0377 0.6571
  ..- attr(*, "names")= chr [1:5] "ACC" "BER" "multiclass.brier" "MMCE" ...
NULL
Writing result file: /home/probst/Random_Forest/RFSplitbias/results/Splitbias-files/jobs/54/8054-result.RData
########## Executing jid=8055 ##########
Timestamp: 2016-04-28 15:50:03
Experiment: 
  Problem: taski 
  Problem parameters: idi=3611, learner=, teststat=, testtype= 
  Algorithm: forest.splitbias.oob 
  Algorithm parameters:  
  Replication: 32 
  Seed: 8055 
  Problem seed: 154 
Setting seed: 8055
Applying Algorithm forest.splitbias.oob ...
Generating problem taski ...
Result:
List of 3
 $ idi   : int 3611
 $ lrn   : chr [1:3] "randomForest" "oob" ""
 $ result: Named num [1:5] 0.9623 0.0511 0.0424 0.0377 0.6459
  ..- attr(*, "names")= chr [1:5] "ACC" "BER" "multiclass.brier" "MMCE" ...
NULL
Writing result file: /home/probst/Random_Forest/RFSplitbias/results/Splitbias-files/jobs/55/8055-result.RData
########## Executing jid=8056 ##########
Timestamp: 2016-04-28 15:50:03
Experiment: 
  Problem: taski 
  Problem parameters: idi=3611, learner=, teststat=, testtype= 
  Algorithm: forest.splitbias.oob 
  Algorithm parameters:  
  Replication: 33 
  Seed: 8056 
  Problem seed: 155 
Setting seed: 8056
Applying Algorithm forest.splitbias.oob ...
Generating problem taski ...
Result:
List of 3
 $ idi   : int 3611
 $ lrn   : chr [1:3] "randomForest" "oob" ""
 $ result: Named num [1:5] 0.9623 0.0511 0.0412 0.0377 0.6939
  ..- attr(*, "names")= chr [1:5] "ACC" "BER" "multiclass.brier" "MMCE" ...
NULL
Writing result file: /home/probst/Random_Forest/RFSplitbias/results/Splitbias-files/jobs/56/8056-result.RData
########## Executing jid=8057 ##########
Timestamp: 2016-04-28 15:50:04
Experiment: 
  Problem: taski 
  Problem parameters: idi=3611, learner=, teststat=, testtype= 
  Algorithm: forest.splitbias.oob 
  Algorithm parameters:  
  Replication: 34 
  Seed: 8057 
  Problem seed: 156 
Setting seed: 8057
Applying Algorithm forest.splitbias.oob ...
Generating problem taski ...
Result:
List of 3
 $ idi   : int 3611
 $ lrn   : chr [1:3] "randomForest" "oob" ""
 $ result: Named num [1:5] 0.9686 0.0418 0.043 0.0314 0.6487
  ..- attr(*, "names")= chr [1:5] "ACC" "BER" "multiclass.brier" "MMCE" ...
NULL
Writing result file: /home/probst/Random_Forest/RFSplitbias/results/Splitbias-files/jobs/57/8057-result.RData
########## Executing jid=8058 ##########
Timestamp: 2016-04-28 15:50:04
Experiment: 
  Problem: taski 
  Problem parameters: idi=3611, learner=, teststat=, testtype= 
  Algorithm: forest.splitbias.oob 
  Algorithm parameters:  
  Replication: 35 
  Seed: 8058 
  Problem seed: 157 
Setting seed: 8058
Applying Algorithm forest.splitbias.oob ...
Generating problem taski ...
Result:
List of 3
 $ idi   : int 3611
 $ lrn   : chr [1:3] "randomForest" "oob" ""
 $ result: Named num [1:5] 0.9623 0.0511 0.0421 0.0377 0.6491
  ..- attr(*, "names")= chr [1:5] "ACC" "BER" "multiclass.brier" "MMCE" ...
NULL
Writing result file: /home/probst/Random_Forest/RFSplitbias/results/Splitbias-files/jobs/58/8058-result.RData
########## Executing jid=8059 ##########
Timestamp: 2016-04-28 15:50:05
Experiment: 
  Problem: taski 
  Problem parameters: idi=3611, learner=, teststat=, testtype= 
  Algorithm: forest.splitbias.oob 
  Algorithm parameters:  
  Replication: 36 
  Seed: 8059 
  Problem seed: 158 
Setting seed: 8059
Applying Algorithm forest.splitbias.oob ...
Generating problem taski ...
Result:
List of 3
 $ idi   : int 3611
 $ lrn   : chr [1:3] "randomForest" "oob" ""
 $ result: Named num [1:5] 0.9686 0.0418 0.0412 0.0314 0.6773
  ..- attr(*, "names")= chr [1:5] "ACC" "BER" "multiclass.brier" "MMCE" ...
NULL
Writing result file: /home/probst/Random_Forest/RFSplitbias/results/Splitbias-files/jobs/59/8059-result.RData
########## Executing jid=8060 ##########
Timestamp: 2016-04-28 15:50:06
Experiment: 
  Problem: taski 
  Problem parameters: idi=3611, learner=, teststat=, testtype= 
  Algorithm: forest.splitbias.oob 
  Algorithm parameters:  
  Replication: 37 
  Seed: 8060 
  Problem seed: 159 
Setting seed: 8060
Applying Algorithm forest.splitbias.oob ...
Generating problem taski ...
Result:
List of 3
 $ idi   : int 3611
 $ lrn   : chr [1:3] "randomForest" "oob" ""
 $ result: Named num [1:5] 0.9623 0.0511 0.0419 0.0377 0.6446
  ..- attr(*, "names")= chr [1:5] "ACC" "BER" "multiclass.brier" "MMCE" ...
NULL
Writing result file: /home/probst/Random_Forest/RFSplitbias/results/Splitbias-files/jobs/60/8060-result.RData
########## Executing jid=8061 ##########
Timestamp: 2016-04-28 15:50:06
Experiment: 
  Problem: taski 
  Problem parameters: idi=3611, learner=, teststat=, testtype= 
  Algorithm: forest.splitbias.oob 
  Algorithm parameters:  
  Replication: 38 
  Seed: 8061 
  Problem seed: 160 
Setting seed: 8061
Applying Algorithm forest.splitbias.oob ...
Generating problem taski ...
Result:
List of 3
 $ idi   : int 3611
 $ lrn   : chr [1:3] "randomForest" "oob" ""
 $ result: Named num [1:5] 0.9623 0.0511 0.043 0.0377 0.6793
  ..- attr(*, "names")= chr [1:5] "ACC" "BER" "multiclass.brier" "MMCE" ...
NULL
Writing result file: /home/probst/Random_Forest/RFSplitbias/results/Splitbias-files/jobs/61/8061-result.RData
########## Executing jid=8062 ##########
Timestamp: 2016-04-28 15:50:07
Experiment: 
  Problem: taski 
  Problem parameters: idi=3611, learner=, teststat=, testtype= 
  Algorithm: forest.splitbias.oob 
  Algorithm parameters:  
  Replication: 39 
  Seed: 8062 
  Problem seed: 161 
Setting seed: 8062
Applying Algorithm forest.splitbias.oob ...
Generating problem taski ...
Result:
List of 3
 $ idi   : int 3611
 $ lrn   : chr [1:3] "randomForest" "oob" ""
 $ result: Named num [1:5] 0.9686 0.0418 0.0406 0.0314 0.6749
  ..- attr(*, "names")= chr [1:5] "ACC" "BER" "multiclass.brier" "MMCE" ...
NULL
Writing result file: /home/probst/Random_Forest/RFSplitbias/results/Splitbias-files/jobs/62/8062-result.RData
########## Executing jid=8063 ##########
Timestamp: 2016-04-28 15:50:07
Experiment: 
  Problem: taski 
  Problem parameters: idi=3611, learner=, teststat=, testtype= 
  Algorithm: forest.splitbias.oob 
  Algorithm parameters:  
  Replication: 40 
  Seed: 8063 
  Problem seed: 162 
Setting seed: 8063
Applying Algorithm forest.splitbias.oob ...
Generating problem taski ...
Result:
List of 3
 $ idi   : int 3611
 $ lrn   : chr [1:3] "randomForest" "oob" ""
 $ result: Named num [1:5] 0.9686 0.0418 0.0417 0.0314 0.6727
  ..- attr(*, "names")= chr [1:5] "ACC" "BER" "multiclass.brier" "MMCE" ...
NULL
Writing result file: /home/probst/Random_Forest/RFSplitbias/results/Splitbias-files/jobs/63/8063-result.RData
########## Executing jid=8064 ##########
Timestamp: 2016-04-28 15:50:08
Experiment: 
  Problem: taski 
  Problem parameters: idi=3611, learner=, teststat=, testtype= 
  Algorithm: forest.splitbias.oob 
  Algorithm parameters:  
  Replication: 41 
  Seed: 8064 
  Problem seed: 163 
Setting seed: 8064
Applying Algorithm forest.splitbias.oob ...
Generating problem taski ...
Result:
List of 3
 $ idi   : int 3611
 $ lrn   : chr [1:3] "randomForest" "oob" ""
 $ result: Named num [1:5] 0.9748 0.0325 0.0421 0.0252 0.6446
  ..- attr(*, "names")= chr [1:5] "ACC" "BER" "multiclass.brier" "MMCE" ...
NULL
Writing result file: /home/probst/Random_Forest/RFSplitbias/results/Splitbias-files/jobs/64/8064-result.RData
########## Executing jid=8065 ##########
Timestamp: 2016-04-28 15:50:09
Experiment: 
  Problem: taski 
  Problem parameters: idi=3611, learner=, teststat=, testtype= 
  Algorithm: forest.splitbias.oob 
  Algorithm parameters:  
  Replication: 42 
  Seed: 8065 
  Problem seed: 164 
Setting seed: 8065
Applying Algorithm forest.splitbias.oob ...
Generating problem taski ...
Result:
List of 3
 $ idi   : int 3611
 $ lrn   : chr [1:3] "randomForest" "oob" ""
 $ result: Named num [1:5] 0.9623 0.0511 0.0417 0.0377 0.6256
  ..- attr(*, "names")= chr [1:5] "ACC" "BER" "multiclass.brier" "MMCE" ...
NULL
Writing result file: /home/probst/Random_Forest/RFSplitbias/results/Splitbias-files/jobs/65/8065-result.RData
########## Executing jid=8066 ##########
Timestamp: 2016-04-28 15:50:09
Experiment: 
  Problem: taski 
  Problem parameters: idi=3611, learner=, teststat=, testtype= 
  Algorithm: forest.splitbias.oob 
  Algorithm parameters:  
  Replication: 43 
  Seed: 8066 
  Problem seed: 165 
Setting seed: 8066
Applying Algorithm forest.splitbias.oob ...
Generating problem taski ...
Result:
List of 3
 $ idi   : int 3611
 $ lrn   : chr [1:3] "randomForest" "oob" ""
 $ result: Named num [1:5] 0.9748 0.0325 0.0398 0.0252 0.646
  ..- attr(*, "names")= chr [1:5] "ACC" "BER" "multiclass.brier" "MMCE" ...
NULL
Writing result file: /home/probst/Random_Forest/RFSplitbias/results/Splitbias-files/jobs/66/8066-result.RData
########## Executing jid=8067 ##########
Timestamp: 2016-04-28 15:50:10
Experiment: 
  Problem: taski 
  Problem parameters: idi=3611, learner=, teststat=, testtype= 
  Algorithm: forest.splitbias.oob 
  Algorithm parameters:  
  Replication: 44 
  Seed: 8067 
  Problem seed: 166 
Setting seed: 8067
Applying Algorithm forest.splitbias.oob ...
Generating problem taski ...
Result:
List of 3
 $ idi   : int 3611
 $ lrn   : chr [1:3] "randomForest" "oob" ""
 $ result: Named num [1:5] 0.9686 0.0418 0.0394 0.0314 0.6127
  ..- attr(*, "names")= chr [1:5] "ACC" "BER" "multiclass.brier" "MMCE" ...
NULL
Writing result file: /home/probst/Random_Forest/RFSplitbias/results/Splitbias-files/jobs/67/8067-result.RData
########## Executing jid=8068 ##########
Timestamp: 2016-04-28 15:50:11
Experiment: 
  Problem: taski 
  Problem parameters: idi=3611, learner=, teststat=, testtype= 
  Algorithm: forest.splitbias.oob 
  Algorithm parameters:  
  Replication: 45 
  Seed: 8068 
  Problem seed: 167 
Setting seed: 8068
Applying Algorithm forest.splitbias.oob ...
Generating problem taski ...
Result:
List of 3
 $ idi   : int 3611
 $ lrn   : chr [1:3] "randomForest" "oob" ""
 $ result: Named num [1:5] 0.9623 0.0511 0.0411 0.0377 0.6848
  ..- attr(*, "names")= chr [1:5] "ACC" "BER" "multiclass.brier" "MMCE" ...
NULL
Writing result file: /home/probst/Random_Forest/RFSplitbias/results/Splitbias-files/jobs/68/8068-result.RData
########## Executing jid=8069 ##########
Timestamp: 2016-04-28 15:50:11
Experiment: 
  Problem: taski 
  Problem parameters: idi=3611, learner=, teststat=, testtype= 
  Algorithm: forest.splitbias.oob 
  Algorithm parameters:  
  Replication: 46 
  Seed: 8069 
  Problem seed: 168 
Setting seed: 8069
Applying Algorithm forest.splitbias.oob ...
Generating problem taski ...
Result:
List of 3
 $ idi   : int 3611
 $ lrn   : chr [1:3] "randomForest" "oob" ""
 $ result: Named num [1:5] 0.9748 0.0325 0.0432 0.0252 0.6608
  ..- attr(*, "names")= chr [1:5] "ACC" "BER" "multiclass.brier" "MMCE" ...
NULL
Writing result file: /home/probst/Random_Forest/RFSplitbias/results/Splitbias-files/jobs/69/8069-result.RData
########## Executing jid=8070 ##########
Timestamp: 2016-04-28 15:50:12
Experiment: 
  Problem: taski 
  Problem parameters: idi=3611, learner=, teststat=, testtype= 
  Algorithm: forest.splitbias.oob 
  Algorithm parameters:  
  Replication: 47 
  Seed: 8070 
  Problem seed: 169 
Setting seed: 8070
Applying Algorithm forest.splitbias.oob ...
Generating problem taski ...
Result:
List of 3
 $ idi   : int 3611
 $ lrn   : chr [1:3] "randomForest" "oob" ""
 $ result: Named num [1:5] 0.9748 0.0325 0.0401 0.0252 0.6572
  ..- attr(*, "names")= chr [1:5] "ACC" "BER" "multiclass.brier" "MMCE" ...
NULL
Writing result file: /home/probst/Random_Forest/RFSplitbias/results/Splitbias-files/jobs/70/8070-result.RData
########## Executing jid=8071 ##########
Timestamp: 2016-04-28 15:50:12
Experiment: 
  Problem: taski 
  Problem parameters: idi=3611, learner=, teststat=, testtype= 
  Algorithm: forest.splitbias.oob 
  Algorithm parameters:  
  Replication: 48 
  Seed: 8071 
  Problem seed: 170 
Setting seed: 8071
Applying Algorithm forest.splitbias.oob ...
Generating problem taski ...
Result:
List of 3
 $ idi   : int 3611
 $ lrn   : chr [1:3] "randomForest" "oob" ""
 $ result: Named num [1:5] 0.9748 0.0325 0.0384 0.0252 0.6537
  ..- attr(*, "names")= chr [1:5] "ACC" "BER" "multiclass.brier" "MMCE" ...
NULL
Writing result file: /home/probst/Random_Forest/RFSplitbias/results/Splitbias-files/jobs/71/8071-result.RData
########## Executing jid=8072 ##########
Timestamp: 2016-04-28 15:50:13
Experiment: 
  Problem: taski 
  Problem parameters: idi=3611, learner=, teststat=, testtype= 
  Algorithm: forest.splitbias.oob 
  Algorithm parameters:  
  Replication: 49 
  Seed: 8072 
  Problem seed: 171 
Setting seed: 8072
Applying Algorithm forest.splitbias.oob ...
Generating problem taski ...
Result:
List of 3
 $ idi   : int 3611
 $ lrn   : chr [1:3] "randomForest" "oob" ""
 $ result: Named num [1:5] 0.9686 0.0418 0.0407 0.0314 0.6326
  ..- attr(*, "names")= chr [1:5] "ACC" "BER" "multiclass.brier" "MMCE" ...
NULL
Writing result file: /home/probst/Random_Forest/RFSplitbias/results/Splitbias-files/jobs/72/8072-result.RData
########## Executing jid=8073 ##########
Timestamp: 2016-04-28 15:50:14
Experiment: 
  Problem: taski 
  Problem parameters: idi=3611, learner=, teststat=, testtype= 
  Algorithm: forest.splitbias.oob 
  Algorithm parameters:  
  Replication: 50 
  Seed: 8073 
  Problem seed: 172 
Setting seed: 8073
Applying Algorithm forest.splitbias.oob ...
Generating problem taski ...
Result:
List of 3
 $ idi   : int 3611
 $ lrn   : chr [1:3] "randomForest" "oob" ""
 $ result: Named num [1:5] 0.9686 0.0418 0.0398 0.0314 0.6458
  ..- attr(*, "names")= chr [1:5] "ACC" "BER" "multiclass.brier" "MMCE" ...
NULL
Writing result file: /home/probst/Random_Forest/RFSplitbias/results/Splitbias-files/jobs/73/8073-result.RData
########## Executing jid=8074 ##########
Timestamp: 2016-04-28 15:50:14
Experiment: 
  Problem: taski 
  Problem parameters: idi=3622, learner=, teststat=, testtype= 
  Algorithm: forest.splitbias.oob 
  Algorithm parameters:  
  Replication: 11 
  Seed: 8074 
  Problem seed: 133 
Setting seed: 8074
Applying Algorithm forest.splitbias.oob ...
Generating problem taski ...
Result:
List of 3
 $ idi   : int 3622
 $ lrn   : chr [1:3] "randomForest" "oob" ""
 $ result: Named num [1:5] 0.9686 0.0418 0.0401 0.0314 0.6496
  ..- attr(*, "names")= chr [1:5] "ACC" "BER" "multiclass.brier" "MMCE" ...
NULL
Writing result file: /home/probst/Random_Forest/RFSplitbias/results/Splitbias-files/jobs/74/8074-result.RData
########## Executing jid=8075 ##########
Timestamp: 2016-04-28 15:50:15
Experiment: 
  Problem: taski 
  Problem parameters: idi=3622, learner=, teststat=, testtype= 
  Algorithm: forest.splitbias.oob 
  Algorithm parameters:  
  Replication: 12 
  Seed: 8075 
  Problem seed: 134 
Setting seed: 8075
Applying Algorithm forest.splitbias.oob ...
Generating problem taski ...
Result:
List of 3
 $ idi   : int 3622
 $ lrn   : chr [1:3] "randomForest" "oob" ""
 $ result: Named num [1:5] 0.9686 0.0418 0.0406 0.0314 0.6407
  ..- attr(*, "names")= chr [1:5] "ACC" "BER" "multiclass.brier" "MMCE" ...
NULL
Writing result file: /home/probst/Random_Forest/RFSplitbias/results/Splitbias-files/jobs/75/8075-result.RData
########## Executing jid=8076 ##########
Timestamp: 2016-04-28 15:50:15
Experiment: 
  Problem: taski 
  Problem parameters: idi=3622, learner=, teststat=, testtype= 
  Algorithm: forest.splitbias.oob 
  Algorithm parameters:  
  Replication: 13 
  Seed: 8076 
  Problem seed: 135 
Setting seed: 8076
Applying Algorithm forest.splitbias.oob ...
Generating problem taski ...
Result:
List of 3
 $ idi   : int 3622
 $ lrn   : chr [1:3] "randomForest" "oob" ""
 $ result: Named num [1:5] 0.9686 0.0418 0.0412 0.0314 0.6351
  ..- attr(*, "names")= chr [1:5] "ACC" "BER" "multiclass.brier" "MMCE" ...
NULL
Writing result file: /home/probst/Random_Forest/RFSplitbias/results/Splitbias-files/jobs/76/8076-result.RData
########## Executing jid=8077 ##########
Timestamp: 2016-04-28 15:50:16
Experiment: 
  Problem: taski 
  Problem parameters: idi=3622, learner=, teststat=, testtype= 
  Algorithm: forest.splitbias.oob 
  Algorithm parameters:  
  Replication: 14 
  Seed: 8077 
  Problem seed: 136 
Setting seed: 8077
Applying Algorithm forest.splitbias.oob ...
Generating problem taski ...
Result:
List of 3
 $ idi   : int 3622
 $ lrn   : chr [1:3] "randomForest" "oob" ""
 $ result: Named num [1:5] 0.9623 0.0511 0.0417 0.0377 0.6635
  ..- attr(*, "names")= chr [1:5] "ACC" "BER" "multiclass.brier" "MMCE" ...
NULL
Writing result file: /home/probst/Random_Forest/RFSplitbias/results/Splitbias-files/jobs/77/8077-result.RData
########## Executing jid=8078 ##########
Timestamp: 2016-04-28 15:50:17
Experiment: 
  Problem: taski 
  Problem parameters: idi=3622, learner=, teststat=, testtype= 
  Algorithm: forest.splitbias.oob 
  Algorithm parameters:  
  Replication: 15 
  Seed: 8078 
  Problem seed: 137 
Setting seed: 8078
Applying Algorithm forest.splitbias.oob ...
Generating problem taski ...
Result:
List of 3
 $ idi   : int 3622
 $ lrn   : chr [1:3] "randomForest" "oob" ""
 $ result: Named num [1:5] 0.9686 0.0418 0.0421 0.0314 0.6295
  ..- attr(*, "names")= chr [1:5] "ACC" "BER" "multiclass.brier" "MMCE" ...
NULL
Writing result file: /home/probst/Random_Forest/RFSplitbias/results/Splitbias-files/jobs/78/8078-result.RData
########## Executing jid=8079 ##########
Timestamp: 2016-04-28 15:50:17
Experiment: 
  Problem: taski 
  Problem parameters: idi=3622, learner=, teststat=, testtype= 
  Algorithm: forest.splitbias.oob 
  Algorithm parameters:  
  Replication: 16 
  Seed: 8079 
  Problem seed: 138 
Setting seed: 8079
Applying Algorithm forest.splitbias.oob ...
Generating problem taski ...
Result:
List of 3
 $ idi   : int 3622
 $ lrn   : chr [1:3] "randomForest" "oob" ""
 $ result: Named num [1:5] 0.9623 0.0511 0.0442 0.0377 0.6456
  ..- attr(*, "names")= chr [1:5] "ACC" "BER" "multiclass.brier" "MMCE" ...
NULL
Writing result file: /home/probst/Random_Forest/RFSplitbias/results/Splitbias-files/jobs/79/8079-result.RData
########## Executing jid=8080 ##########
Timestamp: 2016-04-28 15:50:18
Experiment: 
  Problem: taski 
  Problem parameters: idi=3622, learner=, teststat=, testtype= 
  Algorithm: forest.splitbias.oob 
  Algorithm parameters:  
  Replication: 17 
  Seed: 8080 
  Problem seed: 139 
Setting seed: 8080
Applying Algorithm forest.splitbias.oob ...
Generating problem taski ...
Result:
List of 3
 $ idi   : int 3622
 $ lrn   : chr [1:3] "randomForest" "oob" ""
 $ result: Named num [1:5] 0.9686 0.0418 0.0417 0.0314 0.6448
  ..- attr(*, "names")= chr [1:5] "ACC" "BER" "multiclass.brier" "MMCE" ...
NULL
Writing result file: /home/probst/Random_Forest/RFSplitbias/results/Splitbias-files/jobs/80/8080-result.RData
########## Executing jid=8081 ##########
Timestamp: 2016-04-28 15:50:18
Experiment: 
  Problem: taski 
  Problem parameters: idi=3622, learner=, teststat=, testtype= 
  Algorithm: forest.splitbias.oob 
  Algorithm parameters:  
  Replication: 18 
  Seed: 8081 
  Problem seed: 140 
Setting seed: 8081
Applying Algorithm forest.splitbias.oob ...
Generating problem taski ...
Result:
List of 3
 $ idi   : int 3622
 $ lrn   : chr [1:3] "randomForest" "oob" ""
 $ result: Named num [1:5] 0.9686 0.0418 0.0412 0.0314 0.7123
  ..- attr(*, "names")= chr [1:5] "ACC" "BER" "multiclass.brier" "MMCE" ...
NULL
Writing result file: /home/probst/Random_Forest/RFSplitbias/results/Splitbias-files/jobs/81/8081-result.RData
########## Executing jid=8082 ##########
Timestamp: 2016-04-28 15:50:19
Experiment: 
  Problem: taski 
  Problem parameters: idi=3622, learner=, teststat=, testtype= 
  Algorithm: forest.splitbias.oob 
  Algorithm parameters:  
  Replication: 19 
  Seed: 8082 
  Problem seed: 141 
Setting seed: 8082
Applying Algorithm forest.splitbias.oob ...
Generating problem taski ...
Result:
List of 3
 $ idi   : int 3622
 $ lrn   : chr [1:3] "randomForest" "oob" ""
 $ result: Named num [1:5] 0.9623 0.0511 0.0418 0.0377 0.6459
  ..- attr(*, "names")= chr [1:5] "ACC" "BER" "multiclass.brier" "MMCE" ...
NULL
Writing result file: /home/probst/Random_Forest/RFSplitbias/results/Splitbias-files/jobs/82/8082-result.RData
########## Executing jid=8083 ##########
Timestamp: 2016-04-28 15:50:19
Experiment: 
  Problem: taski 
  Problem parameters: idi=3622, learner=, teststat=, testtype= 
  Algorithm: forest.splitbias.oob 
  Algorithm parameters:  
  Replication: 20 
  Seed: 8083 
  Problem seed: 142 
Setting seed: 8083
Applying Algorithm forest.splitbias.oob ...
Generating problem taski ...
Result:
List of 3
 $ idi   : int 3622
 $ lrn   : chr [1:3] "randomForest" "oob" ""
 $ result: Named num [1:5] 0.9686 0.0418 0.0416 0.0314 0.6633
  ..- attr(*, "names")= chr [1:5] "ACC" "BER" "multiclass.brier" "MMCE" ...
NULL
Writing result file: /home/probst/Random_Forest/RFSplitbias/results/Splitbias-files/jobs/83/8083-result.RData
########## Executing jid=8084 ##########
Timestamp: 2016-04-28 15:50:20
Experiment: 
  Problem: taski 
  Problem parameters: idi=3622, learner=, teststat=, testtype= 
  Algorithm: forest.splitbias.oob 
  Algorithm parameters:  
  Replication: 21 
  Seed: 8084 
  Problem seed: 143 
Setting seed: 8084
Applying Algorithm forest.splitbias.oob ...
Generating problem taski ...
Result:
List of 3
 $ idi   : int 3622
 $ lrn   : chr [1:3] "randomForest" "oob" ""
 $ result: Named num [1:5] 0.9623 0.0511 0.0412 0.0377 0.6557
  ..- attr(*, "names")= chr [1:5] "ACC" "BER" "multiclass.brier" "MMCE" ...
NULL
Writing result file: /home/probst/Random_Forest/RFSplitbias/results/Splitbias-files/jobs/84/8084-result.RData
########## Executing jid=8085 ##########
Timestamp: 2016-04-28 15:50:21
Experiment: 
  Problem: taski 
  Problem parameters: idi=3622, learner=, teststat=, testtype= 
  Algorithm: forest.splitbias.oob 
  Algorithm parameters:  
  Replication: 22 
  Seed: 8085 
  Problem seed: 144 
Setting seed: 8085
Applying Algorithm forest.splitbias.oob ...
Generating problem taski ...
Result:
List of 3
 $ idi   : int 3622
 $ lrn   : chr [1:3] "randomForest" "oob" ""
 $ result: Named num [1:5] 0.9623 0.0511 0.0408 0.0377 0.6062
  ..- attr(*, "names")= chr [1:5] "ACC" "BER" "multiclass.brier" "MMCE" ...
NULL
Writing result file: /home/probst/Random_Forest/RFSplitbias/results/Splitbias-files/jobs/85/8085-result.RData
########## Executing jid=8086 ##########
Timestamp: 2016-04-28 15:50:21
Experiment: 
  Problem: taski 
  Problem parameters: idi=3622, learner=, teststat=, testtype= 
  Algorithm: forest.splitbias.oob 
  Algorithm parameters:  
  Replication: 23 
  Seed: 8086 
  Problem seed: 145 
Setting seed: 8086
Applying Algorithm forest.splitbias.oob ...
Generating problem taski ...
Result:
List of 3
 $ idi   : int 3622
 $ lrn   : chr [1:3] "randomForest" "oob" ""
 $ result: Named num [1:5] 0.9748 0.0325 0.0419 0.0252 0.6877
  ..- attr(*, "names")= chr [1:5] "ACC" "BER" "multiclass.brier" "MMCE" ...
NULL
Writing result file: /home/probst/Random_Forest/RFSplitbias/results/Splitbias-files/jobs/86/8086-result.RData
########## Executing jid=8087 ##########
Timestamp: 2016-04-28 15:50:22
Experiment: 
  Problem: taski 
  Problem parameters: idi=3622, learner=, teststat=, testtype= 
  Algorithm: forest.splitbias.oob 
  Algorithm parameters:  
  Replication: 24 
  Seed: 8087 
  Problem seed: 146 
Setting seed: 8087
Applying Algorithm forest.splitbias.oob ...
Generating problem taski ...
Result:
List of 3
 $ idi   : int 3622
 $ lrn   : chr [1:3] "randomForest" "oob" ""
 $ result: Named num [1:5] 0.9623 0.0511 0.0421 0.0377 0.6297
  ..- attr(*, "names")= chr [1:5] "ACC" "BER" "multiclass.brier" "MMCE" ...
NULL
Writing result file: /home/probst/Random_Forest/RFSplitbias/results/Splitbias-files/jobs/87/8087-result.RData
########## Executing jid=8088 ##########
Timestamp: 2016-04-28 15:50:22
Experiment: 
  Problem: taski 
  Problem parameters: idi=3622, learner=, teststat=, testtype= 
  Algorithm: forest.splitbias.oob 
  Algorithm parameters:  
  Replication: 25 
  Seed: 8088 
  Problem seed: 147 
Setting seed: 8088
Applying Algorithm forest.splitbias.oob ...
Generating problem taski ...
Result:
List of 3
 $ idi   : int 3622
 $ lrn   : chr [1:3] "randomForest" "oob" ""
 $ result: Named num [1:5] 0.9623 0.0511 0.0422 0.0377 0.6649
  ..- attr(*, "names")= chr [1:5] "ACC" "BER" "multiclass.brier" "MMCE" ...
NULL
Writing result file: /home/probst/Random_Forest/RFSplitbias/results/Splitbias-files/jobs/88/8088-result.RData
########## Executing jid=8089 ##########
Timestamp: 2016-04-28 15:50:23
Experiment: 
  Problem: taski 
  Problem parameters: idi=3622, learner=, teststat=, testtype= 
  Algorithm: forest.splitbias.oob 
  Algorithm parameters:  
  Replication: 26 
  Seed: 8089 
  Problem seed: 148 
Setting seed: 8089
Applying Algorithm forest.splitbias.oob ...
Generating problem taski ...
Result:
List of 3
 $ idi   : int 3622
 $ lrn   : chr [1:3] "randomForest" "oob" ""
 $ result: Named num [1:5] 0.9686 0.0418 0.0428 0.0314 0.6594
  ..- attr(*, "names")= chr [1:5] "ACC" "BER" "multiclass.brier" "MMCE" ...
NULL
Writing result file: /home/probst/Random_Forest/RFSplitbias/results/Splitbias-files/jobs/89/8089-result.RData
########## Executing jid=8090 ##########
Timestamp: 2016-04-28 15:50:23
Experiment: 
  Problem: taski 
  Problem parameters: idi=3622, learner=, teststat=, testtype= 
  Algorithm: forest.splitbias.oob 
  Algorithm parameters:  
  Replication: 27 
  Seed: 8090 
  Problem seed: 149 
Setting seed: 8090
Applying Algorithm forest.splitbias.oob ...
Generating problem taski ...
Result:
List of 3
 $ idi   : int 3622
 $ lrn   : chr [1:3] "randomForest" "oob" ""
 $ result: Named num [1:5] 0.9623 0.0511 0.0404 0.0377 0.619
  ..- attr(*, "names")= chr [1:5] "ACC" "BER" "multiclass.brier" "MMCE" ...
NULL
Writing result file: /home/probst/Random_Forest/RFSplitbias/results/Splitbias-files/jobs/90/8090-result.RData
########## Executing jid=8091 ##########
Timestamp: 2016-04-28 15:50:24
Experiment: 
  Problem: taski 
  Problem parameters: idi=3622, learner=, teststat=, testtype= 
  Algorithm: forest.splitbias.oob 
  Algorithm parameters:  
  Replication: 28 
  Seed: 8091 
  Problem seed: 150 
Setting seed: 8091
Applying Algorithm forest.splitbias.oob ...
Generating problem taski ...
Result:
List of 3
 $ idi   : int 3622
 $ lrn   : chr [1:3] "randomForest" "oob" ""
 $ result: Named num [1:5] 0.9748 0.0325 0.0421 0.0252 0.6797
  ..- attr(*, "names")= chr [1:5] "ACC" "BER" "multiclass.brier" "MMCE" ...
NULL
Writing result file: /home/probst/Random_Forest/RFSplitbias/results/Splitbias-files/jobs/91/8091-result.RData
########## Executing jid=8092 ##########
Timestamp: 2016-04-28 15:50:25
Experiment: 
  Problem: taski 
  Problem parameters: idi=3622, learner=, teststat=, testtype= 
  Algorithm: forest.splitbias.oob 
  Algorithm parameters:  
  Replication: 29 
  Seed: 8092 
  Problem seed: 151 
Setting seed: 8092
Applying Algorithm forest.splitbias.oob ...
Generating problem taski ...
Result:
List of 3
 $ idi   : int 3622
 $ lrn   : chr [1:3] "randomForest" "oob" ""
 $ result: Named num [1:5] 0.9686 0.0418 0.0419 0.0314 0.6744
  ..- attr(*, "names")= chr [1:5] "ACC" "BER" "multiclass.brier" "MMCE" ...
NULL
Writing result file: /home/probst/Random_Forest/RFSplitbias/results/Splitbias-files/jobs/92/8092-result.RData
########## Executing jid=8093 ##########
Timestamp: 2016-04-28 15:50:25
Experiment: 
  Problem: taski 
  Problem parameters: idi=3622, learner=, teststat=, testtype= 
  Algorithm: forest.splitbias.oob 
  Algorithm parameters:  
  Replication: 30 
  Seed: 8093 
  Problem seed: 152 
Setting seed: 8093
Applying Algorithm forest.splitbias.oob ...
Generating problem taski ...
Result:
List of 3
 $ idi   : int 3622
 $ lrn   : chr [1:3] "randomForest" "oob" ""
 $ result: Named num [1:5] 0.9686 0.0418 0.0415 0.0314 0.6409
  ..- attr(*, "names")= chr [1:5] "ACC" "BER" "multiclass.brier" "MMCE" ...
NULL
Writing result file: /home/probst/Random_Forest/RFSplitbias/results/Splitbias-files/jobs/93/8093-result.RData
########## Executing jid=8094 ##########
Timestamp: 2016-04-28 15:50:26
Experiment: 
  Problem: taski 
  Problem parameters: idi=3622, learner=, teststat=, testtype= 
  Algorithm: forest.splitbias.oob 
  Algorithm parameters:  
  Replication: 31 
  Seed: 8094 
  Problem seed: 153 
Setting seed: 8094
Applying Algorithm forest.splitbias.oob ...
Generating problem taski ...
Result:
List of 3
 $ idi   : int 3622
 $ lrn   : chr [1:3] "randomForest" "oob" ""
 $ result: Named num [1:5] 0.9623 0.0511 0.0414 0.0377 0.6451
  ..- attr(*, "names")= chr [1:5] "ACC" "BER" "multiclass.brier" "MMCE" ...
NULL
Writing result file: /home/probst/Random_Forest/RFSplitbias/results/Splitbias-files/jobs/94/8094-result.RData
########## Executing jid=8095 ##########
Timestamp: 2016-04-28 15:50:26
Experiment: 
  Problem: taski 
  Problem parameters: idi=3622, learner=, teststat=, testtype= 
  Algorithm: forest.splitbias.oob 
  Algorithm parameters:  
  Replication: 32 
  Seed: 8095 
  Problem seed: 154 
Setting seed: 8095
Applying Algorithm forest.splitbias.oob ...
Generating problem taski ...
Result:
List of 3
 $ idi   : int 3622
 $ lrn   : chr [1:3] "randomForest" "oob" ""
 $ result: Named num [1:5] 0.9686 0.0418 0.0407 0.0314 0.6309
  ..- attr(*, "names")= chr [1:5] "ACC" "BER" "multiclass.brier" "MMCE" ...
NULL
Writing result file: /home/probst/Random_Forest/RFSplitbias/results/Splitbias-files/jobs/95/8095-result.RData
########## Executing jid=8096 ##########
Timestamp: 2016-04-28 15:50:27
Experiment: 
  Problem: taski 
  Problem parameters: idi=3622, learner=, teststat=, testtype= 
  Algorithm: forest.splitbias.oob 
  Algorithm parameters:  
  Replication: 33 
  Seed: 8096 
  Problem seed: 155 
Setting seed: 8096
Applying Algorithm forest.splitbias.oob ...
Generating problem taski ...
Result:
List of 3
 $ idi   : int 3622
 $ lrn   : chr [1:3] "randomForest" "oob" ""
 $ result: Named num [1:5] 0.9623 0.0511 0.0418 0.0377 0.6655
  ..- attr(*, "names")= chr [1:5] "ACC" "BER" "multiclass.brier" "MMCE" ...
NULL
Writing result file: /home/probst/Random_Forest/RFSplitbias/results/Splitbias-files/jobs/96/8096-result.RData
########## Executing jid=8097 ##########
Timestamp: 2016-04-28 15:50:28
Experiment: 
  Problem: taski 
  Problem parameters: idi=3622, learner=, teststat=, testtype= 
  Algorithm: forest.splitbias.oob 
  Algorithm parameters:  
  Replication: 34 
  Seed: 8097 
  Problem seed: 156 
Setting seed: 8097
Applying Algorithm forest.splitbias.oob ...
Generating problem taski ...
Result:
List of 3
 $ idi   : int 3622
 $ lrn   : chr [1:3] "randomForest" "oob" ""
 $ result: Named num [1:5] 0.9623 0.0511 0.0418 0.0377 0.6452
  ..- attr(*, "names")= chr [1:5] "ACC" "BER" "multiclass.brier" "MMCE" ...
NULL
Writing result file: /home/probst/Random_Forest/RFSplitbias/results/Splitbias-files/jobs/97/8097-result.RData
########## Executing jid=8098 ##########
Timestamp: 2016-04-28 15:50:28
Experiment: 
  Problem: taski 
  Problem parameters: idi=3622, learner=, teststat=, testtype= 
  Algorithm: forest.splitbias.oob 
  Algorithm parameters:  
  Replication: 35 
  Seed: 8098 
  Problem seed: 157 
Setting seed: 8098
Applying Algorithm forest.splitbias.oob ...
Generating problem taski ...
Result:
List of 3
 $ idi   : int 3622
 $ lrn   : chr [1:3] "randomForest" "oob" ""
 $ result: Named num [1:5] 0.9686 0.0418 0.0426 0.0314 0.6907
  ..- attr(*, "names")= chr [1:5] "ACC" "BER" "multiclass.brier" "MMCE" ...
NULL
Writing result file: /home/probst/Random_Forest/RFSplitbias/results/Splitbias-files/jobs/98/8098-result.RData
########## Executing jid=8099 ##########
Timestamp: 2016-04-28 15:50:29
Experiment: 
  Problem: taski 
  Problem parameters: idi=3622, learner=, teststat=, testtype= 
  Algorithm: forest.splitbias.oob 
  Algorithm parameters:  
  Replication: 36 
  Seed: 8099 
  Problem seed: 158 
Setting seed: 8099
Applying Algorithm forest.splitbias.oob ...
Generating problem taski ...
Result:
List of 3
 $ idi   : int 3622
 $ lrn   : chr [1:3] "randomForest" "oob" ""
 $ result: Named num [1:5] 0.9623 0.0511 0.0412 0.0377 0.6252
  ..- attr(*, "names")= chr [1:5] "ACC" "BER" "multiclass.brier" "MMCE" ...
NULL
Writing result file: /home/probst/Random_Forest/RFSplitbias/results/Splitbias-files/jobs/99/8099-result.RData
########## Executing jid=8100 ##########
Timestamp: 2016-04-28 15:50:29
Experiment: 
  Problem: taski 
  Problem parameters: idi=3622, learner=, teststat=, testtype= 
  Algorithm: forest.splitbias.oob 
  Algorithm parameters:  
  Replication: 37 
  Seed: 8100 
  Problem seed: 159 
Setting seed: 8100
Applying Algorithm forest.splitbias.oob ...
Generating problem taski ...
Result:
List of 3
 $ idi   : int 3622
 $ lrn   : chr [1:3] "randomForest" "oob" ""
 $ result: Named num [1:5] 0.9623 0.0511 0.042 0.0377 0.6475
  ..- attr(*, "names")= chr [1:5] "ACC" "BER" "multiclass.brier" "MMCE" ...
NULL
Writing result file: /home/probst/Random_Forest/RFSplitbias/results/Splitbias-files/jobs/00/8100-result.RData
########## Executing jid=8101 ##########
Timestamp: 2016-04-28 15:50:30
Experiment: 
  Problem: taski 
  Problem parameters: idi=3622, learner=, teststat=, testtype= 
  Algorithm: forest.splitbias.oob 
  Algorithm parameters:  
  Replication: 38 
  Seed: 8101 
  Problem seed: 160 
Setting seed: 8101
Applying Algorithm forest.splitbias.oob ...
Generating problem taski ...
Result:
List of 3
 $ idi   : int 3622
 $ lrn   : chr [1:3] "randomForest" "oob" ""
 $ result: Named num [1:5] 0.9686 0.0418 0.0413 0.0314 0.6504
  ..- attr(*, "names")= chr [1:5] "ACC" "BER" "multiclass.brier" "MMCE" ...
NULL
Writing result file: /home/probst/Random_Forest/RFSplitbias/results/Splitbias-files/jobs/01/8101-result.RData
########## Executing jid=8102 ##########
Timestamp: 2016-04-28 15:50:31
Experiment: 
  Problem: taski 
  Problem parameters: idi=3622, learner=, teststat=, testtype= 
  Algorithm: forest.splitbias.oob 
  Algorithm parameters:  
  Replication: 39 
  Seed: 8102 
  Problem seed: 161 
Setting seed: 8102
Applying Algorithm forest.splitbias.oob ...
Generating problem taski ...
Result:
List of 3
 $ idi   : int 3622
 $ lrn   : chr [1:3] "randomForest" "oob" ""
 $ result: Named num [1:5] 0.9686 0.0418 0.0401 0.0314 0.6541
  ..- attr(*, "names")= chr [1:5] "ACC" "BER" "multiclass.brier" "MMCE" ...
NULL
Writing result file: /home/probst/Random_Forest/RFSplitbias/results/Splitbias-files/jobs/02/8102-result.RData
########## Executing jid=8103 ##########
Timestamp: 2016-04-28 15:50:31
Experiment: 
  Problem: taski 
  Problem parameters: idi=3622, learner=, teststat=, testtype= 
  Algorithm: forest.splitbias.oob 
  Algorithm parameters:  
  Replication: 40 
  Seed: 8103 
  Problem seed: 162 
Setting seed: 8103
Applying Algorithm forest.splitbias.oob ...
Generating problem taski ...
Result:
List of 3
 $ idi   : int 3622
 $ lrn   : chr [1:3] "randomForest" "oob" ""
 $ result: Named num [1:5] 0.9686 0.0418 0.0415 0.0314 0.6584
  ..- attr(*, "names")= chr [1:5] "ACC" "BER" "multiclass.brier" "MMCE" ...
NULL
Writing result file: /home/probst/Random_Forest/RFSplitbias/results/Splitbias-files/jobs/03/8103-result.RData
2016-04-28 15:50:32: All done.
Setting work back to: /nfsmb/koll/probst/Random_Forest/RFSplitbias/results
Memory usage according to gc:
          used  (Mb) gc trigger  (Mb) max used  (Mb)
Ncells 1875083 100.2    3205452 171.2  2108006 112.6
Vcells 4658235  35.6   13750151 105.0  6586912  50.3
