Loading registry: /home/probst/Random_Forest/RFSplitbias/results/Splitbias-files/registry.RData
Loading conf: 
2016-04-28 15:53:11: Starting job on node lin65.
Auto-mailer settings: start=none, done=none, error=none.
Setting work dir: /nfsmb/koll/probst/Random_Forest/RFSplitbias/results
########## Executing jid=8304 ##########
Timestamp: 2016-04-28 15:53:11
Experiment: 
  Problem: taski 
  Problem parameters: idi=3813, learner=, teststat=, testtype= 
  Algorithm: forest.splitbias.oob 
  Algorithm parameters:  
  Replication: 41 
  Seed: 8304 
  Problem seed: 163 
Setting seed: 8304
Applying Algorithm forest.splitbias.oob ...
Generating problem taski ...
Result:
List of 3
 $ idi   : int 3813
 $ lrn   : chr [1:3] "randomForest" "oob" ""
 $ result: Named num [1:5] 0.9893 0.1579 0.0195 0.0107 0.2935
  ..- attr(*, "names")= chr [1:5] "ACC" "BER" "multiclass.brier" "MMCE" ...
NULL
Writing result file: /home/probst/Random_Forest/RFSplitbias/results/Splitbias-files/jobs/04/8304-result.RData
########## Executing jid=8305 ##########
Timestamp: 2016-04-28 15:53:12
Experiment: 
  Problem: taski 
  Problem parameters: idi=3813, learner=, teststat=, testtype= 
  Algorithm: forest.splitbias.oob 
  Algorithm parameters:  
  Replication: 42 
  Seed: 8305 
  Problem seed: 164 
Setting seed: 8305
Applying Algorithm forest.splitbias.oob ...
Generating problem taski ...
Result:
List of 3
 $ idi   : int 3813
 $ lrn   : chr [1:3] "randomForest" "oob" ""
 $ result: Named num [1:5] 0.9893 0.1579 0.0197 0.0107 0.7346
  ..- attr(*, "names")= chr [1:5] "ACC" "BER" "multiclass.brier" "MMCE" ...
NULL
Writing result file: /home/probst/Random_Forest/RFSplitbias/results/Splitbias-files/jobs/05/8305-result.RData
########## Executing jid=8306 ##########
Timestamp: 2016-04-28 15:53:12
Experiment: 
  Problem: taski 
  Problem parameters: idi=3813, learner=, teststat=, testtype= 
  Algorithm: forest.splitbias.oob 
  Algorithm parameters:  
  Replication: 43 
  Seed: 8306 
  Problem seed: 165 
Setting seed: 8306
Applying Algorithm forest.splitbias.oob ...
Generating problem taski ...
Result:
List of 3
 $ idi   : int 3813
 $ lrn   : chr [1:3] "randomForest" "oob" ""
 $ result: Named num [1:5] 0.9893 0.1579 0.0193 0.0107 0.8573
  ..- attr(*, "names")= chr [1:5] "ACC" "BER" "multiclass.brier" "MMCE" ...
NULL
Writing result file: /home/probst/Random_Forest/RFSplitbias/results/Splitbias-files/jobs/06/8306-result.RData
########## Executing jid=8307 ##########
Timestamp: 2016-04-28 15:53:13
Experiment: 
  Problem: taski 
  Problem parameters: idi=3813, learner=, teststat=, testtype= 
  Algorithm: forest.splitbias.oob 
  Algorithm parameters:  
  Replication: 44 
  Seed: 8307 
  Problem seed: 166 
Setting seed: 8307
Applying Algorithm forest.splitbias.oob ...
Generating problem taski ...
Result:
List of 3
 $ idi   : int 3813
 $ lrn   : chr [1:3] "randomForest" "oob" ""
 $ result: Named num [1:5] 0.9893 0.1579 0.0196 0.0107 0.8017
  ..- attr(*, "names")= chr [1:5] "ACC" "BER" "multiclass.brier" "MMCE" ...
NULL
Writing result file: /home/probst/Random_Forest/RFSplitbias/results/Splitbias-files/jobs/07/8307-result.RData
########## Executing jid=8308 ##########
Timestamp: 2016-04-28 15:53:14
Experiment: 
  Problem: taski 
  Problem parameters: idi=3813, learner=, teststat=, testtype= 
  Algorithm: forest.splitbias.oob 
  Algorithm parameters:  
  Replication: 45 
  Seed: 8308 
  Problem seed: 167 
Setting seed: 8308
Applying Algorithm forest.splitbias.oob ...
Generating problem taski ...
Result:
List of 3
 $ idi   : int 3813
 $ lrn   : chr [1:3] "randomForest" "oob" ""
 $ result: Named num [1:5] 0.9893 0.1579 0.0193 0.0107 0.8242
  ..- attr(*, "names")= chr [1:5] "ACC" "BER" "multiclass.brier" "MMCE" ...
NULL
Writing result file: /home/probst/Random_Forest/RFSplitbias/results/Splitbias-files/jobs/08/8308-result.RData
########## Executing jid=8309 ##########
Timestamp: 2016-04-28 15:53:14
Experiment: 
  Problem: taski 
  Problem parameters: idi=3813, learner=, teststat=, testtype= 
  Algorithm: forest.splitbias.oob 
  Algorithm parameters:  
  Replication: 46 
  Seed: 8309 
  Problem seed: 168 
Setting seed: 8309
Applying Algorithm forest.splitbias.oob ...
Generating problem taski ...
Result:
List of 3
 $ idi   : int 3813
 $ lrn   : chr [1:3] "randomForest" "oob" ""
 $ result: Named num [1:5] 0.9893 0.1579 0.0198 0.0107 0.8295
  ..- attr(*, "names")= chr [1:5] "ACC" "BER" "multiclass.brier" "MMCE" ...
NULL
Writing result file: /home/probst/Random_Forest/RFSplitbias/results/Splitbias-files/jobs/09/8309-result.RData
########## Executing jid=8310 ##########
Timestamp: 2016-04-28 15:53:15
Experiment: 
  Problem: taski 
  Problem parameters: idi=3813, learner=, teststat=, testtype= 
  Algorithm: forest.splitbias.oob 
  Algorithm parameters:  
  Replication: 47 
  Seed: 8310 
  Problem seed: 169 
Setting seed: 8310
Applying Algorithm forest.splitbias.oob ...
Generating problem taski ...
Result:
List of 3
 $ idi   : int 3813
 $ lrn   : chr [1:3] "randomForest" "oob" ""
 $ result: Named num [1:5] 0.9893 0.1579 0.0199 0.0107 0.7727
  ..- attr(*, "names")= chr [1:5] "ACC" "BER" "multiclass.brier" "MMCE" ...
NULL
Writing result file: /home/probst/Random_Forest/RFSplitbias/results/Splitbias-files/jobs/10/8310-result.RData
########## Executing jid=8311 ##########
Timestamp: 2016-04-28 15:53:16
Experiment: 
  Problem: taski 
  Problem parameters: idi=3813, learner=, teststat=, testtype= 
  Algorithm: forest.splitbias.oob 
  Algorithm parameters:  
  Replication: 48 
  Seed: 8311 
  Problem seed: 170 
Setting seed: 8311
Applying Algorithm forest.splitbias.oob ...
Generating problem taski ...
Result:
List of 3
 $ idi   : int 3813
 $ lrn   : chr [1:3] "randomForest" "oob" ""
 $ result: Named num [1:5] 0.9893 0.1579 0.0195 0.0107 0.9135
  ..- attr(*, "names")= chr [1:5] "ACC" "BER" "multiclass.brier" "MMCE" ...
NULL
Writing result file: /home/probst/Random_Forest/RFSplitbias/results/Splitbias-files/jobs/11/8311-result.RData
########## Executing jid=8312 ##########
Timestamp: 2016-04-28 15:53:17
Experiment: 
  Problem: taski 
  Problem parameters: idi=3813, learner=, teststat=, testtype= 
  Algorithm: forest.splitbias.oob 
  Algorithm parameters:  
  Replication: 49 
  Seed: 8312 
  Problem seed: 171 
Setting seed: 8312
Applying Algorithm forest.splitbias.oob ...
Generating problem taski ...
Result:
List of 3
 $ idi   : int 3813
 $ lrn   : chr [1:3] "randomForest" "oob" ""
 $ result: Named num [1:5] 0.9893 0.1579 0.0198 0.0107 0.7548
  ..- attr(*, "names")= chr [1:5] "ACC" "BER" "multiclass.brier" "MMCE" ...
NULL
Writing result file: /home/probst/Random_Forest/RFSplitbias/results/Splitbias-files/jobs/12/8312-result.RData
########## Executing jid=8313 ##########
Timestamp: 2016-04-28 15:53:17
Experiment: 
  Problem: taski 
  Problem parameters: idi=3813, learner=, teststat=, testtype= 
  Algorithm: forest.splitbias.oob 
  Algorithm parameters:  
  Replication: 50 
  Seed: 8313 
  Problem seed: 172 
Setting seed: 8313
Applying Algorithm forest.splitbias.oob ...
Generating problem taski ...
Result:
List of 3
 $ idi   : int 3813
 $ lrn   : chr [1:3] "randomForest" "oob" ""
 $ result: Named num [1:5] 0.9893 0.1579 0.0198 0.0107 0.8545
  ..- attr(*, "names")= chr [1:5] "ACC" "BER" "multiclass.brier" "MMCE" ...
NULL
Writing result file: /home/probst/Random_Forest/RFSplitbias/results/Splitbias-files/jobs/13/8313-result.RData
########## Executing jid=8314 ##########
Timestamp: 2016-04-28 15:53:18
Experiment: 
  Problem: taski 
  Problem parameters: idi=3810, learner=, teststat=, testtype= 
  Algorithm: forest.splitbias.oob 
  Algorithm parameters:  
  Replication: 11 
  Seed: 8314 
  Problem seed: 133 
Setting seed: 8314
Applying Algorithm forest.splitbias.oob ...
Generating problem taski ...
Result:
List of 3
 $ idi   : int 3810
 $ lrn   : chr [1:3] "randomForest" "oob" ""
 $ result: Named num [1:5] 0.975 0.232 0.0441 0.025 0.8962
  ..- attr(*, "names")= chr [1:5] "ACC" "BER" "multiclass.brier" "MMCE" ...
NULL
Writing result file: /home/probst/Random_Forest/RFSplitbias/results/Splitbias-files/jobs/14/8314-result.RData
########## Executing jid=8315 ##########
Timestamp: 2016-04-28 15:53:19
Experiment: 
  Problem: taski 
  Problem parameters: idi=3810, learner=, teststat=, testtype= 
  Algorithm: forest.splitbias.oob 
  Algorithm parameters:  
  Replication: 12 
  Seed: 8315 
  Problem seed: 134 
Setting seed: 8315
Applying Algorithm forest.splitbias.oob ...
Generating problem taski ...
Result:
List of 3
 $ idi   : int 3810
 $ lrn   : chr [1:3] "randomForest" "oob" ""
 $ result: Named num [1:5] 0.975 0.232 0.0438 0.025 0.9533
  ..- attr(*, "names")= chr [1:5] "ACC" "BER" "multiclass.brier" "MMCE" ...
NULL
Writing result file: /home/probst/Random_Forest/RFSplitbias/results/Splitbias-files/jobs/15/8315-result.RData
########## Executing jid=8316 ##########
Timestamp: 2016-04-28 15:53:19
Experiment: 
  Problem: taski 
  Problem parameters: idi=3810, learner=, teststat=, testtype= 
  Algorithm: forest.splitbias.oob 
  Algorithm parameters:  
  Replication: 13 
  Seed: 8316 
  Problem seed: 135 
Setting seed: 8316
Applying Algorithm forest.splitbias.oob ...
Generating problem taski ...
Result:
List of 3
 $ idi   : int 3810
 $ lrn   : chr [1:3] "randomForest" "oob" ""
 $ result: Named num [1:5] 0.975 0.232 0.0439 0.025 0.9567
  ..- attr(*, "names")= chr [1:5] "ACC" "BER" "multiclass.brier" "MMCE" ...
NULL
Writing result file: /home/probst/Random_Forest/RFSplitbias/results/Splitbias-files/jobs/16/8316-result.RData
########## Executing jid=8317 ##########
Timestamp: 2016-04-28 15:53:20
Experiment: 
  Problem: taski 
  Problem parameters: idi=3810, learner=, teststat=, testtype= 
  Algorithm: forest.splitbias.oob 
  Algorithm parameters:  
  Replication: 14 
  Seed: 8317 
  Problem seed: 136 
Setting seed: 8317
Applying Algorithm forest.splitbias.oob ...
Generating problem taski ...
Result:
List of 3
 $ idi   : int 3810
 $ lrn   : chr [1:3] "randomForest" "oob" ""
 $ result: Named num [1:5] 0.975 0.232 0.0436 0.025 0.9675
  ..- attr(*, "names")= chr [1:5] "ACC" "BER" "multiclass.brier" "MMCE" ...
NULL
Writing result file: /home/probst/Random_Forest/RFSplitbias/results/Splitbias-files/jobs/17/8317-result.RData
########## Executing jid=8318 ##########
Timestamp: 2016-04-28 15:53:21
Experiment: 
  Problem: taski 
  Problem parameters: idi=3810, learner=, teststat=, testtype= 
  Algorithm: forest.splitbias.oob 
  Algorithm parameters:  
  Replication: 15 
  Seed: 8318 
  Problem seed: 137 
Setting seed: 8318
Applying Algorithm forest.splitbias.oob ...
Generating problem taski ...
Result:
List of 3
 $ idi   : int 3810
 $ lrn   : chr [1:3] "randomForest" "oob" ""
 $ result: Named num [1:5] 0.975 0.232 0.0437 0.025 0.9592
  ..- attr(*, "names")= chr [1:5] "ACC" "BER" "multiclass.brier" "MMCE" ...
NULL
Writing result file: /home/probst/Random_Forest/RFSplitbias/results/Splitbias-files/jobs/18/8318-result.RData
########## Executing jid=8319 ##########
Timestamp: 2016-04-28 15:53:21
Experiment: 
  Problem: taski 
  Problem parameters: idi=3810, learner=, teststat=, testtype= 
  Algorithm: forest.splitbias.oob 
  Algorithm parameters:  
  Replication: 16 
  Seed: 8319 
  Problem seed: 138 
Setting seed: 8319
Applying Algorithm forest.splitbias.oob ...
Generating problem taski ...
Result:
List of 3
 $ idi   : int 3810
 $ lrn   : chr [1:3] "randomForest" "oob" ""
 $ result: Named num [1:5] 0.975 0.232 0.044 0.025 0.793
  ..- attr(*, "names")= chr [1:5] "ACC" "BER" "multiclass.brier" "MMCE" ...
NULL
Writing result file: /home/probst/Random_Forest/RFSplitbias/results/Splitbias-files/jobs/19/8319-result.RData
########## Executing jid=8320 ##########
Timestamp: 2016-04-28 15:53:22
Experiment: 
  Problem: taski 
  Problem parameters: idi=3810, learner=, teststat=, testtype= 
  Algorithm: forest.splitbias.oob 
  Algorithm parameters:  
  Replication: 17 
  Seed: 8320 
  Problem seed: 139 
Setting seed: 8320
Applying Algorithm forest.splitbias.oob ...
Generating problem taski ...
Result:
List of 3
 $ idi   : int 3810
 $ lrn   : chr [1:3] "randomForest" "oob" ""
 $ result: Named num [1:5] 0.975 0.232 0.0443 0.025 0.9648
  ..- attr(*, "names")= chr [1:5] "ACC" "BER" "multiclass.brier" "MMCE" ...
NULL
Writing result file: /home/probst/Random_Forest/RFSplitbias/results/Splitbias-files/jobs/20/8320-result.RData
########## Executing jid=8321 ##########
Timestamp: 2016-04-28 15:53:23
Experiment: 
  Problem: taski 
  Problem parameters: idi=3810, learner=, teststat=, testtype= 
  Algorithm: forest.splitbias.oob 
  Algorithm parameters:  
  Replication: 18 
  Seed: 8321 
  Problem seed: 140 
Setting seed: 8321
Applying Algorithm forest.splitbias.oob ...
Generating problem taski ...
Result:
List of 3
 $ idi   : int 3810
 $ lrn   : chr [1:3] "randomForest" "oob" ""
 $ result: Named num [1:5] 0.975 0.232 0.0442 0.025 0.9505
  ..- attr(*, "names")= chr [1:5] "ACC" "BER" "multiclass.brier" "MMCE" ...
NULL
Writing result file: /home/probst/Random_Forest/RFSplitbias/results/Splitbias-files/jobs/21/8321-result.RData
########## Executing jid=8322 ##########
Timestamp: 2016-04-28 15:53:23
Experiment: 
  Problem: taski 
  Problem parameters: idi=3810, learner=, teststat=, testtype= 
  Algorithm: forest.splitbias.oob 
  Algorithm parameters:  
  Replication: 19 
  Seed: 8322 
  Problem seed: 141 
Setting seed: 8322
Applying Algorithm forest.splitbias.oob ...
Generating problem taski ...
Result:
List of 3
 $ idi   : int 3810
 $ lrn   : chr [1:3] "randomForest" "oob" ""
 $ result: Named num [1:5] 0.975 0.232 0.0443 0.025 0.932
  ..- attr(*, "names")= chr [1:5] "ACC" "BER" "multiclass.brier" "MMCE" ...
NULL
Writing result file: /home/probst/Random_Forest/RFSplitbias/results/Splitbias-files/jobs/22/8322-result.RData
########## Executing jid=8323 ##########
Timestamp: 2016-04-28 15:53:24
Experiment: 
  Problem: taski 
  Problem parameters: idi=3810, learner=, teststat=, testtype= 
  Algorithm: forest.splitbias.oob 
  Algorithm parameters:  
  Replication: 20 
  Seed: 8323 
  Problem seed: 142 
Setting seed: 8323
Applying Algorithm forest.splitbias.oob ...
Generating problem taski ...
Result:
List of 3
 $ idi   : int 3810
 $ lrn   : chr [1:3] "randomForest" "oob" ""
 $ result: Named num [1:5] 0.975 0.232 0.0439 0.025 0.9663
  ..- attr(*, "names")= chr [1:5] "ACC" "BER" "multiclass.brier" "MMCE" ...
NULL
Writing result file: /home/probst/Random_Forest/RFSplitbias/results/Splitbias-files/jobs/23/8323-result.RData
########## Executing jid=8324 ##########
Timestamp: 2016-04-28 15:53:25
Experiment: 
  Problem: taski 
  Problem parameters: idi=3810, learner=, teststat=, testtype= 
  Algorithm: forest.splitbias.oob 
  Algorithm parameters:  
  Replication: 21 
  Seed: 8324 
  Problem seed: 143 
Setting seed: 8324
Applying Algorithm forest.splitbias.oob ...
Generating problem taski ...
Result:
List of 3
 $ idi   : int 3810
 $ lrn   : chr [1:3] "randomForest" "oob" ""
 $ result: Named num [1:5] 0.9767 0.231 0.0439 0.0233 0.9393
  ..- attr(*, "names")= chr [1:5] "ACC" "BER" "multiclass.brier" "MMCE" ...
NULL
Writing result file: /home/probst/Random_Forest/RFSplitbias/results/Splitbias-files/jobs/24/8324-result.RData
########## Executing jid=8325 ##########
Timestamp: 2016-04-28 15:53:25
Experiment: 
  Problem: taski 
  Problem parameters: idi=3810, learner=, teststat=, testtype= 
  Algorithm: forest.splitbias.oob 
  Algorithm parameters:  
  Replication: 22 
  Seed: 8325 
  Problem seed: 144 
Setting seed: 8325
Applying Algorithm forest.splitbias.oob ...
Generating problem taski ...
Result:
List of 3
 $ idi   : int 3810
 $ lrn   : chr [1:3] "randomForest" "oob" ""
 $ result: Named num [1:5] 0.975 0.232 0.0435 0.025 0.9608
  ..- attr(*, "names")= chr [1:5] "ACC" "BER" "multiclass.brier" "MMCE" ...
NULL
Writing result file: /home/probst/Random_Forest/RFSplitbias/results/Splitbias-files/jobs/25/8325-result.RData
########## Executing jid=8326 ##########
Timestamp: 2016-04-28 15:53:26
Experiment: 
  Problem: taski 
  Problem parameters: idi=3810, learner=, teststat=, testtype= 
  Algorithm: forest.splitbias.oob 
  Algorithm parameters:  
  Replication: 23 
  Seed: 8326 
  Problem seed: 145 
Setting seed: 8326
Applying Algorithm forest.splitbias.oob ...
Generating problem taski ...
Result:
List of 3
 $ idi   : int 3810
 $ lrn   : chr [1:3] "randomForest" "oob" ""
 $ result: Named num [1:5] 0.975 0.232 0.044 0.025 0.965
  ..- attr(*, "names")= chr [1:5] "ACC" "BER" "multiclass.brier" "MMCE" ...
NULL
Writing result file: /home/probst/Random_Forest/RFSplitbias/results/Splitbias-files/jobs/26/8326-result.RData
########## Executing jid=8327 ##########
Timestamp: 2016-04-28 15:53:27
Experiment: 
  Problem: taski 
  Problem parameters: idi=3810, learner=, teststat=, testtype= 
  Algorithm: forest.splitbias.oob 
  Algorithm parameters:  
  Replication: 24 
  Seed: 8327 
  Problem seed: 146 
Setting seed: 8327
Applying Algorithm forest.splitbias.oob ...
Generating problem taski ...
Result:
List of 3
 $ idi   : int 3810
 $ lrn   : chr [1:3] "randomForest" "oob" ""
 $ result: Named num [1:5] 0.975 0.232 0.0441 0.025 0.9635
  ..- attr(*, "names")= chr [1:5] "ACC" "BER" "multiclass.brier" "MMCE" ...
NULL
Writing result file: /home/probst/Random_Forest/RFSplitbias/results/Splitbias-files/jobs/27/8327-result.RData
########## Executing jid=8328 ##########
Timestamp: 2016-04-28 15:53:27
Experiment: 
  Problem: taski 
  Problem parameters: idi=3810, learner=, teststat=, testtype= 
  Algorithm: forest.splitbias.oob 
  Algorithm parameters:  
  Replication: 25 
  Seed: 8328 
  Problem seed: 147 
Setting seed: 8328
Applying Algorithm forest.splitbias.oob ...
Generating problem taski ...
Result:
List of 3
 $ idi   : int 3810
 $ lrn   : chr [1:3] "randomForest" "oob" ""
 $ result: Named num [1:5] 0.975 0.232 0.0439 0.025 0.9734
  ..- attr(*, "names")= chr [1:5] "ACC" "BER" "multiclass.brier" "MMCE" ...
NULL
Writing result file: /home/probst/Random_Forest/RFSplitbias/results/Splitbias-files/jobs/28/8328-result.RData
########## Executing jid=8329 ##########
Timestamp: 2016-04-28 15:53:28
Experiment: 
  Problem: taski 
  Problem parameters: idi=3810, learner=, teststat=, testtype= 
  Algorithm: forest.splitbias.oob 
  Algorithm parameters:  
  Replication: 26 
  Seed: 8329 
  Problem seed: 148 
Setting seed: 8329
Applying Algorithm forest.splitbias.oob ...
Generating problem taski ...
Result:
List of 3
 $ idi   : int 3810
 $ lrn   : chr [1:3] "randomForest" "oob" ""
 $ result: Named num [1:5] 0.975 0.232 0.044 0.025 0.952
  ..- attr(*, "names")= chr [1:5] "ACC" "BER" "multiclass.brier" "MMCE" ...
NULL
Writing result file: /home/probst/Random_Forest/RFSplitbias/results/Splitbias-files/jobs/29/8329-result.RData
########## Executing jid=8330 ##########
Timestamp: 2016-04-28 15:53:29
Experiment: 
  Problem: taski 
  Problem parameters: idi=3810, learner=, teststat=, testtype= 
  Algorithm: forest.splitbias.oob 
  Algorithm parameters:  
  Replication: 27 
  Seed: 8330 
  Problem seed: 149 
Setting seed: 8330
Applying Algorithm forest.splitbias.oob ...
Generating problem taski ...
Result:
List of 3
 $ idi   : int 3810
 $ lrn   : chr [1:3] "randomForest" "oob" ""
 $ result: Named num [1:5] 0.975 0.232 0.0439 0.025 0.958
  ..- attr(*, "names")= chr [1:5] "ACC" "BER" "multiclass.brier" "MMCE" ...
NULL
Writing result file: /home/probst/Random_Forest/RFSplitbias/results/Splitbias-files/jobs/30/8330-result.RData
########## Executing jid=8331 ##########
Timestamp: 2016-04-28 15:53:30
Experiment: 
  Problem: taski 
  Problem parameters: idi=3810, learner=, teststat=, testtype= 
  Algorithm: forest.splitbias.oob 
  Algorithm parameters:  
  Replication: 28 
  Seed: 8331 
  Problem seed: 150 
Setting seed: 8331
Applying Algorithm forest.splitbias.oob ...
Generating problem taski ...
Result:
List of 3
 $ idi   : int 3810
 $ lrn   : chr [1:3] "randomForest" "oob" ""
 $ result: Named num [1:5] 0.975 0.232 0.0442 0.025 0.9752
  ..- attr(*, "names")= chr [1:5] "ACC" "BER" "multiclass.brier" "MMCE" ...
NULL
Writing result file: /home/probst/Random_Forest/RFSplitbias/results/Splitbias-files/jobs/31/8331-result.RData
########## Executing jid=8332 ##########
Timestamp: 2016-04-28 15:53:30
Experiment: 
  Problem: taski 
  Problem parameters: idi=3810, learner=, teststat=, testtype= 
  Algorithm: forest.splitbias.oob 
  Algorithm parameters:  
  Replication: 29 
  Seed: 8332 
  Problem seed: 151 
Setting seed: 8332
Applying Algorithm forest.splitbias.oob ...
Generating problem taski ...
Result:
List of 3
 $ idi   : int 3810
 $ lrn   : chr [1:3] "randomForest" "oob" ""
 $ result: Named num [1:5] 0.975 0.232 0.0441 0.025 0.9684
  ..- attr(*, "names")= chr [1:5] "ACC" "BER" "multiclass.brier" "MMCE" ...
NULL
Writing result file: /home/probst/Random_Forest/RFSplitbias/results/Splitbias-files/jobs/32/8332-result.RData
########## Executing jid=8333 ##########
Timestamp: 2016-04-28 15:53:31
Experiment: 
  Problem: taski 
  Problem parameters: idi=3810, learner=, teststat=, testtype= 
  Algorithm: forest.splitbias.oob 
  Algorithm parameters:  
  Replication: 30 
  Seed: 8333 
  Problem seed: 152 
Setting seed: 8333
Applying Algorithm forest.splitbias.oob ...
Generating problem taski ...
Result:
List of 3
 $ idi   : int 3810
 $ lrn   : chr [1:3] "randomForest" "oob" ""
 $ result: Named num [1:5] 0.975 0.232 0.0444 0.025 0.9706
  ..- attr(*, "names")= chr [1:5] "ACC" "BER" "multiclass.brier" "MMCE" ...
NULL
Writing result file: /home/probst/Random_Forest/RFSplitbias/results/Splitbias-files/jobs/33/8333-result.RData
########## Executing jid=8334 ##########
Timestamp: 2016-04-28 15:53:32
Experiment: 
  Problem: taski 
  Problem parameters: idi=3810, learner=, teststat=, testtype= 
  Algorithm: forest.splitbias.oob 
  Algorithm parameters:  
  Replication: 31 
  Seed: 8334 
  Problem seed: 153 
Setting seed: 8334
Applying Algorithm forest.splitbias.oob ...
Generating problem taski ...
Result:
List of 3
 $ idi   : int 3810
 $ lrn   : chr [1:3] "randomForest" "oob" ""
 $ result: Named num [1:5] 0.975 0.232 0.0436 0.025 0.9666
  ..- attr(*, "names")= chr [1:5] "ACC" "BER" "multiclass.brier" "MMCE" ...
NULL
Writing result file: /home/probst/Random_Forest/RFSplitbias/results/Splitbias-files/jobs/34/8334-result.RData
########## Executing jid=8335 ##########
Timestamp: 2016-04-28 15:53:32
Experiment: 
  Problem: taski 
  Problem parameters: idi=3810, learner=, teststat=, testtype= 
  Algorithm: forest.splitbias.oob 
  Algorithm parameters:  
  Replication: 32 
  Seed: 8335 
  Problem seed: 154 
Setting seed: 8335
Applying Algorithm forest.splitbias.oob ...
Generating problem taski ...
Result:
List of 3
 $ idi   : int 3810
 $ lrn   : chr [1:3] "randomForest" "oob" ""
 $ result: Named num [1:5] 0.975 0.232 0.0434 0.025 0.9487
  ..- attr(*, "names")= chr [1:5] "ACC" "BER" "multiclass.brier" "MMCE" ...
NULL
Writing result file: /home/probst/Random_Forest/RFSplitbias/results/Splitbias-files/jobs/35/8335-result.RData
########## Executing jid=8336 ##########
Timestamp: 2016-04-28 15:53:33
Experiment: 
  Problem: taski 
  Problem parameters: idi=3810, learner=, teststat=, testtype= 
  Algorithm: forest.splitbias.oob 
  Algorithm parameters:  
  Replication: 33 
  Seed: 8336 
  Problem seed: 155 
Setting seed: 8336
Applying Algorithm forest.splitbias.oob ...
Generating problem taski ...
Result:
List of 3
 $ idi   : int 3810
 $ lrn   : chr [1:3] "randomForest" "oob" ""
 $ result: Named num [1:5] 0.975 0.232 0.044 0.025 0.965
  ..- attr(*, "names")= chr [1:5] "ACC" "BER" "multiclass.brier" "MMCE" ...
NULL
Writing result file: /home/probst/Random_Forest/RFSplitbias/results/Splitbias-files/jobs/36/8336-result.RData
########## Executing jid=8337 ##########
Timestamp: 2016-04-28 15:53:34
Experiment: 
  Problem: taski 
  Problem parameters: idi=3810, learner=, teststat=, testtype= 
  Algorithm: forest.splitbias.oob 
  Algorithm parameters:  
  Replication: 34 
  Seed: 8337 
  Problem seed: 156 
Setting seed: 8337
Applying Algorithm forest.splitbias.oob ...
Generating problem taski ...
Result:
List of 3
 $ idi   : int 3810
 $ lrn   : chr [1:3] "randomForest" "oob" ""
 $ result: Named num [1:5] 0.9767 0.231 0.0433 0.0233 0.9437
  ..- attr(*, "names")= chr [1:5] "ACC" "BER" "multiclass.brier" "MMCE" ...
NULL
Writing result file: /home/probst/Random_Forest/RFSplitbias/results/Splitbias-files/jobs/37/8337-result.RData
########## Executing jid=8338 ##########
Timestamp: 2016-04-28 15:53:35
Experiment: 
  Problem: taski 
  Problem parameters: idi=3810, learner=, teststat=, testtype= 
  Algorithm: forest.splitbias.oob 
  Algorithm parameters:  
  Replication: 35 
  Seed: 8338 
  Problem seed: 157 
Setting seed: 8338
Applying Algorithm forest.splitbias.oob ...
Generating problem taski ...
Result:
List of 3
 $ idi   : int 3810
 $ lrn   : chr [1:3] "randomForest" "oob" ""
 $ result: Named num [1:5] 0.975 0.232 0.0438 0.025 0.9597
  ..- attr(*, "names")= chr [1:5] "ACC" "BER" "multiclass.brier" "MMCE" ...
NULL
Writing result file: /home/probst/Random_Forest/RFSplitbias/results/Splitbias-files/jobs/38/8338-result.RData
########## Executing jid=8339 ##########
Timestamp: 2016-04-28 15:53:35
Experiment: 
  Problem: taski 
  Problem parameters: idi=3810, learner=, teststat=, testtype= 
  Algorithm: forest.splitbias.oob 
  Algorithm parameters:  
  Replication: 36 
  Seed: 8339 
  Problem seed: 158 
Setting seed: 8339
Applying Algorithm forest.splitbias.oob ...
Generating problem taski ...
Result:
List of 3
 $ idi   : int 3810
 $ lrn   : chr [1:3] "randomForest" "oob" ""
 $ result: Named num [1:5] 0.9767 0.231 0.0436 0.0233 0.9313
  ..- attr(*, "names")= chr [1:5] "ACC" "BER" "multiclass.brier" "MMCE" ...
NULL
Writing result file: /home/probst/Random_Forest/RFSplitbias/results/Splitbias-files/jobs/39/8339-result.RData
########## Executing jid=8340 ##########
Timestamp: 2016-04-28 15:53:36
Experiment: 
  Problem: taski 
  Problem parameters: idi=3810, learner=, teststat=, testtype= 
  Algorithm: forest.splitbias.oob 
  Algorithm parameters:  
  Replication: 37 
  Seed: 8340 
  Problem seed: 159 
Setting seed: 8340
Applying Algorithm forest.splitbias.oob ...
Generating problem taski ...
Result:
List of 3
 $ idi   : int 3810
 $ lrn   : chr [1:3] "randomForest" "oob" ""
 $ result: Named num [1:5] 0.975 0.232 0.0436 0.025 0.9374
  ..- attr(*, "names")= chr [1:5] "ACC" "BER" "multiclass.brier" "MMCE" ...
NULL
Writing result file: /home/probst/Random_Forest/RFSplitbias/results/Splitbias-files/jobs/40/8340-result.RData
########## Executing jid=8341 ##########
Timestamp: 2016-04-28 15:53:37
Experiment: 
  Problem: taski 
  Problem parameters: idi=3810, learner=, teststat=, testtype= 
  Algorithm: forest.splitbias.oob 
  Algorithm parameters:  
  Replication: 38 
  Seed: 8341 
  Problem seed: 160 
Setting seed: 8341
Applying Algorithm forest.splitbias.oob ...
Generating problem taski ...
Result:
List of 3
 $ idi   : int 3810
 $ lrn   : chr [1:3] "randomForest" "oob" ""
 $ result: Named num [1:5] 0.975 0.232 0.0436 0.025 0.9648
  ..- attr(*, "names")= chr [1:5] "ACC" "BER" "multiclass.brier" "MMCE" ...
NULL
Writing result file: /home/probst/Random_Forest/RFSplitbias/results/Splitbias-files/jobs/41/8341-result.RData
########## Executing jid=8342 ##########
Timestamp: 2016-04-28 15:53:37
Experiment: 
  Problem: taski 
  Problem parameters: idi=3810, learner=, teststat=, testtype= 
  Algorithm: forest.splitbias.oob 
  Algorithm parameters:  
  Replication: 39 
  Seed: 8342 
  Problem seed: 161 
Setting seed: 8342
Applying Algorithm forest.splitbias.oob ...
Generating problem taski ...
Result:
List of 3
 $ idi   : int 3810
 $ lrn   : chr [1:3] "randomForest" "oob" ""
 $ result: Named num [1:5] 0.9767 0.231 0.0437 0.0233 0.9612
  ..- attr(*, "names")= chr [1:5] "ACC" "BER" "multiclass.brier" "MMCE" ...
NULL
Writing result file: /home/probst/Random_Forest/RFSplitbias/results/Splitbias-files/jobs/42/8342-result.RData
########## Executing jid=8343 ##########
Timestamp: 2016-04-28 15:53:38
Experiment: 
  Problem: taski 
  Problem parameters: idi=3810, learner=, teststat=, testtype= 
  Algorithm: forest.splitbias.oob 
  Algorithm parameters:  
  Replication: 40 
  Seed: 8343 
  Problem seed: 162 
Setting seed: 8343
Applying Algorithm forest.splitbias.oob ...
Generating problem taski ...
Result:
List of 3
 $ idi   : int 3810
 $ lrn   : chr [1:3] "randomForest" "oob" ""
 $ result: Named num [1:5] 0.975 0.232 0.0445 0.025 0.9372
  ..- attr(*, "names")= chr [1:5] "ACC" "BER" "multiclass.brier" "MMCE" ...
NULL
Writing result file: /home/probst/Random_Forest/RFSplitbias/results/Splitbias-files/jobs/43/8343-result.RData
########## Executing jid=8344 ##########
Timestamp: 2016-04-28 15:53:39
Experiment: 
  Problem: taski 
  Problem parameters: idi=3810, learner=, teststat=, testtype= 
  Algorithm: forest.splitbias.oob 
  Algorithm parameters:  
  Replication: 41 
  Seed: 8344 
  Problem seed: 163 
Setting seed: 8344
Applying Algorithm forest.splitbias.oob ...
Generating problem taski ...
Result:
List of 3
 $ idi   : int 3810
 $ lrn   : chr [1:3] "randomForest" "oob" ""
 $ result: Named num [1:5] 0.975 0.232 0.0436 0.025 0.96
  ..- attr(*, "names")= chr [1:5] "ACC" "BER" "multiclass.brier" "MMCE" ...
NULL
Writing result file: /home/probst/Random_Forest/RFSplitbias/results/Splitbias-files/jobs/44/8344-result.RData
########## Executing jid=8345 ##########
Timestamp: 2016-04-28 15:53:40
Experiment: 
  Problem: taski 
  Problem parameters: idi=3810, learner=, teststat=, testtype= 
  Algorithm: forest.splitbias.oob 
  Algorithm parameters:  
  Replication: 42 
  Seed: 8345 
  Problem seed: 164 
Setting seed: 8345
Applying Algorithm forest.splitbias.oob ...
Generating problem taski ...
Result:
List of 3
 $ idi   : int 3810
 $ lrn   : chr [1:3] "randomForest" "oob" ""
 $ result: Named num [1:5] 0.975 0.232 0.0442 0.025 0.9704
  ..- attr(*, "names")= chr [1:5] "ACC" "BER" "multiclass.brier" "MMCE" ...
NULL
Writing result file: /home/probst/Random_Forest/RFSplitbias/results/Splitbias-files/jobs/45/8345-result.RData
########## Executing jid=8346 ##########
Timestamp: 2016-04-28 15:53:40
Experiment: 
  Problem: taski 
  Problem parameters: idi=3810, learner=, teststat=, testtype= 
  Algorithm: forest.splitbias.oob 
  Algorithm parameters:  
  Replication: 43 
  Seed: 8346 
  Problem seed: 165 
Setting seed: 8346
Applying Algorithm forest.splitbias.oob ...
Generating problem taski ...
Result:
List of 3
 $ idi   : int 3810
 $ lrn   : chr [1:3] "randomForest" "oob" ""
 $ result: Named num [1:5] 0.975 0.232 0.0439 0.025 0.962
  ..- attr(*, "names")= chr [1:5] "ACC" "BER" "multiclass.brier" "MMCE" ...
NULL
Writing result file: /home/probst/Random_Forest/RFSplitbias/results/Splitbias-files/jobs/46/8346-result.RData
########## Executing jid=8347 ##########
Timestamp: 2016-04-28 15:53:41
Experiment: 
  Problem: taski 
  Problem parameters: idi=3810, learner=, teststat=, testtype= 
  Algorithm: forest.splitbias.oob 
  Algorithm parameters:  
  Replication: 44 
  Seed: 8347 
  Problem seed: 166 
Setting seed: 8347
Applying Algorithm forest.splitbias.oob ...
Generating problem taski ...
Result:
List of 3
 $ idi   : int 3810
 $ lrn   : chr [1:3] "randomForest" "oob" ""
 $ result: Named num [1:5] 0.975 0.232 0.0436 0.025 0.9465
  ..- attr(*, "names")= chr [1:5] "ACC" "BER" "multiclass.brier" "MMCE" ...
NULL
Writing result file: /home/probst/Random_Forest/RFSplitbias/results/Splitbias-files/jobs/47/8347-result.RData
########## Executing jid=8348 ##########
Timestamp: 2016-04-28 15:53:42
Experiment: 
  Problem: taski 
  Problem parameters: idi=3810, learner=, teststat=, testtype= 
  Algorithm: forest.splitbias.oob 
  Algorithm parameters:  
  Replication: 45 
  Seed: 8348 
  Problem seed: 167 
Setting seed: 8348
Applying Algorithm forest.splitbias.oob ...
Generating problem taski ...
Result:
List of 3
 $ idi   : int 3810
 $ lrn   : chr [1:3] "randomForest" "oob" ""
 $ result: Named num [1:5] 0.975 0.232 0.0438 0.025 0.9608
  ..- attr(*, "names")= chr [1:5] "ACC" "BER" "multiclass.brier" "MMCE" ...
NULL
Writing result file: /home/probst/Random_Forest/RFSplitbias/results/Splitbias-files/jobs/48/8348-result.RData
########## Executing jid=8349 ##########
Timestamp: 2016-04-28 15:53:42
Experiment: 
  Problem: taski 
  Problem parameters: idi=3810, learner=, teststat=, testtype= 
  Algorithm: forest.splitbias.oob 
  Algorithm parameters:  
  Replication: 46 
  Seed: 8349 
  Problem seed: 168 
Setting seed: 8349
Applying Algorithm forest.splitbias.oob ...
Generating problem taski ...
Result:
List of 3
 $ idi   : int 3810
 $ lrn   : chr [1:3] "randomForest" "oob" ""
 $ result: Named num [1:5] 0.9767 0.231 0.0437 0.0233 0.9576
  ..- attr(*, "names")= chr [1:5] "ACC" "BER" "multiclass.brier" "MMCE" ...
NULL
Writing result file: /home/probst/Random_Forest/RFSplitbias/results/Splitbias-files/jobs/49/8349-result.RData
########## Executing jid=8350 ##########
Timestamp: 2016-04-28 15:53:43
Experiment: 
  Problem: taski 
  Problem parameters: idi=3810, learner=, teststat=, testtype= 
  Algorithm: forest.splitbias.oob 
  Algorithm parameters:  
  Replication: 47 
  Seed: 8350 
  Problem seed: 169 
Setting seed: 8350
Applying Algorithm forest.splitbias.oob ...
Generating problem taski ...
Result:
List of 3
 $ idi   : int 3810
 $ lrn   : chr [1:3] "randomForest" "oob" ""
 $ result: Named num [1:5] 0.975 0.232 0.0437 0.025 0.9584
  ..- attr(*, "names")= chr [1:5] "ACC" "BER" "multiclass.brier" "MMCE" ...
NULL
Writing result file: /home/probst/Random_Forest/RFSplitbias/results/Splitbias-files/jobs/50/8350-result.RData
########## Executing jid=8351 ##########
Timestamp: 2016-04-28 15:53:44
Experiment: 
  Problem: taski 
  Problem parameters: idi=3810, learner=, teststat=, testtype= 
  Algorithm: forest.splitbias.oob 
  Algorithm parameters:  
  Replication: 48 
  Seed: 8351 
  Problem seed: 170 
Setting seed: 8351
Applying Algorithm forest.splitbias.oob ...
Generating problem taski ...
Result:
List of 3
 $ idi   : int 3810
 $ lrn   : chr [1:3] "randomForest" "oob" ""
 $ result: Named num [1:5] 0.9767 0.231 0.0442 0.0233 0.9711
  ..- attr(*, "names")= chr [1:5] "ACC" "BER" "multiclass.brier" "MMCE" ...
NULL
Writing result file: /home/probst/Random_Forest/RFSplitbias/results/Splitbias-files/jobs/51/8351-result.RData
########## Executing jid=8352 ##########
Timestamp: 2016-04-28 15:53:44
Experiment: 
  Problem: taski 
  Problem parameters: idi=3810, learner=, teststat=, testtype= 
  Algorithm: forest.splitbias.oob 
  Algorithm parameters:  
  Replication: 49 
  Seed: 8352 
  Problem seed: 171 
Setting seed: 8352
Applying Algorithm forest.splitbias.oob ...
Generating problem taski ...
Result:
List of 3
 $ idi   : int 3810
 $ lrn   : chr [1:3] "randomForest" "oob" ""
 $ result: Named num [1:5] 0.975 0.232 0.0441 0.025 0.8616
  ..- attr(*, "names")= chr [1:5] "ACC" "BER" "multiclass.brier" "MMCE" ...
NULL
Writing result file: /home/probst/Random_Forest/RFSplitbias/results/Splitbias-files/jobs/52/8352-result.RData
########## Executing jid=8353 ##########
Timestamp: 2016-04-28 15:53:45
Experiment: 
  Problem: taski 
  Problem parameters: idi=3810, learner=, teststat=, testtype= 
  Algorithm: forest.splitbias.oob 
  Algorithm parameters:  
  Replication: 50 
  Seed: 8353 
  Problem seed: 172 
Setting seed: 8353
Applying Algorithm forest.splitbias.oob ...
Generating problem taski ...
Result:
List of 3
 $ idi   : int 3810
 $ lrn   : chr [1:3] "randomForest" "oob" ""
 $ result: Named num [1:5] 0.975 0.232 0.0439 0.025 0.9353
  ..- attr(*, "names")= chr [1:5] "ACC" "BER" "multiclass.brier" "MMCE" ...
NULL
Writing result file: /home/probst/Random_Forest/RFSplitbias/results/Splitbias-files/jobs/53/8353-result.RData
########## Executing jid=8354 ##########
Timestamp: 2016-04-28 15:53:46
Experiment: 
  Problem: taski 
  Problem parameters: idi=3814, learner=, teststat=, testtype= 
  Algorithm: forest.splitbias.oob 
  Algorithm parameters:  
  Replication: 11 
  Seed: 8354 
  Problem seed: 133 
Setting seed: 8354
Applying Algorithm forest.splitbias.oob ...
Generating problem taski ...
Result:
List of 3
 $ idi   : int 3814
 $ lrn   : chr [1:3] "randomForest" "oob" ""
 $ result: Named num [1:5] 1 0 0.000682 0 0.346154
  ..- attr(*, "names")= chr [1:5] "ACC" "BER" "multiclass.brier" "MMCE" ...
NULL
Writing result file: /home/probst/Random_Forest/RFSplitbias/results/Splitbias-files/jobs/54/8354-result.RData
########## Executing jid=8355 ##########
Timestamp: 2016-04-28 15:53:47
Experiment: 
  Problem: taski 
  Problem parameters: idi=3814, learner=, teststat=, testtype= 
  Algorithm: forest.splitbias.oob 
  Algorithm parameters:  
  Replication: 12 
  Seed: 8355 
  Problem seed: 134 
Setting seed: 8355
Applying Algorithm forest.splitbias.oob ...
Generating problem taski ...
Result:
List of 3
 $ idi   : int 3814
 $ lrn   : chr [1:3] "randomForest" "oob" ""
 $ result: Named num [1:5] 1 0 0.000832 0 0.346154
  ..- attr(*, "names")= chr [1:5] "ACC" "BER" "multiclass.brier" "MMCE" ...
NULL
Writing result file: /home/probst/Random_Forest/RFSplitbias/results/Splitbias-files/jobs/55/8355-result.RData
########## Executing jid=8356 ##########
Timestamp: 2016-04-28 15:53:48
Experiment: 
  Problem: taski 
  Problem parameters: idi=3814, learner=, teststat=, testtype= 
  Algorithm: forest.splitbias.oob 
  Algorithm parameters:  
  Replication: 13 
  Seed: 8356 
  Problem seed: 135 
Setting seed: 8356
Applying Algorithm forest.splitbias.oob ...
Generating problem taski ...
Result:
List of 3
 $ idi   : int 3814
 $ lrn   : chr [1:3] "randomForest" "oob" ""
 $ result: Named num [1:5] 1 0 0.000705 0 0.384615
  ..- attr(*, "names")= chr [1:5] "ACC" "BER" "multiclass.brier" "MMCE" ...
NULL
Writing result file: /home/probst/Random_Forest/RFSplitbias/results/Splitbias-files/jobs/56/8356-result.RData
########## Executing jid=8357 ##########
Timestamp: 2016-04-28 15:53:48
Experiment: 
  Problem: taski 
  Problem parameters: idi=3814, learner=, teststat=, testtype= 
  Algorithm: forest.splitbias.oob 
  Algorithm parameters:  
  Replication: 14 
  Seed: 8357 
  Problem seed: 136 
Setting seed: 8357
Applying Algorithm forest.splitbias.oob ...
Generating problem taski ...
Result:
List of 3
 $ idi   : int 3814
 $ lrn   : chr [1:3] "randomForest" "oob" ""
 $ result: Named num [1:5] 1 0 0.000723 0 0.346154
  ..- attr(*, "names")= chr [1:5] "ACC" "BER" "multiclass.brier" "MMCE" ...
NULL
Writing result file: /home/probst/Random_Forest/RFSplitbias/results/Splitbias-files/jobs/57/8357-result.RData
########## Executing jid=8358 ##########
Timestamp: 2016-04-28 15:53:49
Experiment: 
  Problem: taski 
  Problem parameters: idi=3814, learner=, teststat=, testtype= 
  Algorithm: forest.splitbias.oob 
  Algorithm parameters:  
  Replication: 15 
  Seed: 8358 
  Problem seed: 137 
Setting seed: 8358
Applying Algorithm forest.splitbias.oob ...
Generating problem taski ...
Result:
List of 3
 $ idi   : int 3814
 $ lrn   : chr [1:3] "randomForest" "oob" ""
 $ result: Named num [1:5] 1 0 0.000791 0 0.346154
  ..- attr(*, "names")= chr [1:5] "ACC" "BER" "multiclass.brier" "MMCE" ...
NULL
Writing result file: /home/probst/Random_Forest/RFSplitbias/results/Splitbias-files/jobs/58/8358-result.RData
########## Executing jid=8359 ##########
Timestamp: 2016-04-28 15:53:50
Experiment: 
  Problem: taski 
  Problem parameters: idi=3814, learner=, teststat=, testtype= 
  Algorithm: forest.splitbias.oob 
  Algorithm parameters:  
  Replication: 16 
  Seed: 8359 
  Problem seed: 138 
Setting seed: 8359
Applying Algorithm forest.splitbias.oob ...
Generating problem taski ...
Result:
List of 3
 $ idi   : int 3814
 $ lrn   : chr [1:3] "randomForest" "oob" ""
 $ result: Named num [1:5] 1 0 0.000689 0 0.346154
  ..- attr(*, "names")= chr [1:5] "ACC" "BER" "multiclass.brier" "MMCE" ...
NULL
Writing result file: /home/probst/Random_Forest/RFSplitbias/results/Splitbias-files/jobs/59/8359-result.RData
########## Executing jid=8360 ##########
Timestamp: 2016-04-28 15:53:50
Experiment: 
  Problem: taski 
  Problem parameters: idi=3814, learner=, teststat=, testtype= 
  Algorithm: forest.splitbias.oob 
  Algorithm parameters:  
  Replication: 17 
  Seed: 8360 
  Problem seed: 139 
Setting seed: 8360
Applying Algorithm forest.splitbias.oob ...
Generating problem taski ...
Result:
List of 3
 $ idi   : int 3814
 $ lrn   : chr [1:3] "randomForest" "oob" ""
 $ result: Named num [1:5] 1 0 0.000818 0 0.346154
  ..- attr(*, "names")= chr [1:5] "ACC" "BER" "multiclass.brier" "MMCE" ...
NULL
Writing result file: /home/probst/Random_Forest/RFSplitbias/results/Splitbias-files/jobs/60/8360-result.RData
########## Executing jid=8361 ##########
Timestamp: 2016-04-28 15:53:51
Experiment: 
  Problem: taski 
  Problem parameters: idi=3814, learner=, teststat=, testtype= 
  Algorithm: forest.splitbias.oob 
  Algorithm parameters:  
  Replication: 18 
  Seed: 8361 
  Problem seed: 140 
Setting seed: 8361
Applying Algorithm forest.splitbias.oob ...
Generating problem taski ...
Result:
List of 3
 $ idi   : int 3814
 $ lrn   : chr [1:3] "randomForest" "oob" ""
 $ result: Named num [1:5] 1 0 0.000799 0 0.384615
  ..- attr(*, "names")= chr [1:5] "ACC" "BER" "multiclass.brier" "MMCE" ...
NULL
Writing result file: /home/probst/Random_Forest/RFSplitbias/results/Splitbias-files/jobs/61/8361-result.RData
########## Executing jid=8362 ##########
Timestamp: 2016-04-28 15:53:52
Experiment: 
  Problem: taski 
  Problem parameters: idi=3814, learner=, teststat=, testtype= 
  Algorithm: forest.splitbias.oob 
  Algorithm parameters:  
  Replication: 19 
  Seed: 8362 
  Problem seed: 141 
Setting seed: 8362
Applying Algorithm forest.splitbias.oob ...
Generating problem taski ...
Result:
List of 3
 $ idi   : int 3814
 $ lrn   : chr [1:3] "randomForest" "oob" ""
 $ result: Named num [1:5] 1 0 0.00065 0 0.34615
  ..- attr(*, "names")= chr [1:5] "ACC" "BER" "multiclass.brier" "MMCE" ...
NULL
Writing result file: /home/probst/Random_Forest/RFSplitbias/results/Splitbias-files/jobs/62/8362-result.RData
########## Executing jid=8363 ##########
Timestamp: 2016-04-28 15:53:52
Experiment: 
  Problem: taski 
  Problem parameters: idi=3814, learner=, teststat=, testtype= 
  Algorithm: forest.splitbias.oob 
  Algorithm parameters:  
  Replication: 20 
  Seed: 8363 
  Problem seed: 142 
Setting seed: 8363
Applying Algorithm forest.splitbias.oob ...
Generating problem taski ...
Result:
List of 3
 $ idi   : int 3814
 $ lrn   : chr [1:3] "randomForest" "oob" ""
 $ result: Named num [1:5] 1 0 0.000539 0 0.384615
  ..- attr(*, "names")= chr [1:5] "ACC" "BER" "multiclass.brier" "MMCE" ...
NULL
Writing result file: /home/probst/Random_Forest/RFSplitbias/results/Splitbias-files/jobs/63/8363-result.RData
########## Executing jid=8364 ##########
Timestamp: 2016-04-28 15:53:53
Experiment: 
  Problem: taski 
  Problem parameters: idi=3814, learner=, teststat=, testtype= 
  Algorithm: forest.splitbias.oob 
  Algorithm parameters:  
  Replication: 21 
  Seed: 8364 
  Problem seed: 143 
Setting seed: 8364
Applying Algorithm forest.splitbias.oob ...
Generating problem taski ...
Result:
List of 3
 $ idi   : int 3814
 $ lrn   : chr [1:3] "randomForest" "oob" ""
 $ result: Named num [1:5] 1 0 0.000785 0 0.384615
  ..- attr(*, "names")= chr [1:5] "ACC" "BER" "multiclass.brier" "MMCE" ...
NULL
Writing result file: /home/probst/Random_Forest/RFSplitbias/results/Splitbias-files/jobs/64/8364-result.RData
########## Executing jid=8365 ##########
Timestamp: 2016-04-28 15:53:54
Experiment: 
  Problem: taski 
  Problem parameters: idi=3814, learner=, teststat=, testtype= 
  Algorithm: forest.splitbias.oob 
  Algorithm parameters:  
  Replication: 22 
  Seed: 8365 
  Problem seed: 144 
Setting seed: 8365
Applying Algorithm forest.splitbias.oob ...
Generating problem taski ...
Result:
List of 3
 $ idi   : int 3814
 $ lrn   : chr [1:3] "randomForest" "oob" ""
 $ result: Named num [1:5] 1 0 0.000674 0 0.346154
  ..- attr(*, "names")= chr [1:5] "ACC" "BER" "multiclass.brier" "MMCE" ...
NULL
Writing result file: /home/probst/Random_Forest/RFSplitbias/results/Splitbias-files/jobs/65/8365-result.RData
########## Executing jid=8366 ##########
Timestamp: 2016-04-28 15:53:54
Experiment: 
  Problem: taski 
  Problem parameters: idi=3814, learner=, teststat=, testtype= 
  Algorithm: forest.splitbias.oob 
  Algorithm parameters:  
  Replication: 23 
  Seed: 8366 
  Problem seed: 145 
Setting seed: 8366
Applying Algorithm forest.splitbias.oob ...
Generating problem taski ...
Result:
List of 3
 $ idi   : int 3814
 $ lrn   : chr [1:3] "randomForest" "oob" ""
 $ result: Named num [1:5] 1 0 0.000803 0 0.346154
  ..- attr(*, "names")= chr [1:5] "ACC" "BER" "multiclass.brier" "MMCE" ...
NULL
Writing result file: /home/probst/Random_Forest/RFSplitbias/results/Splitbias-files/jobs/66/8366-result.RData
########## Executing jid=8367 ##########
Timestamp: 2016-04-28 15:53:55
Experiment: 
  Problem: taski 
  Problem parameters: idi=3814, learner=, teststat=, testtype= 
  Algorithm: forest.splitbias.oob 
  Algorithm parameters:  
  Replication: 24 
  Seed: 8367 
  Problem seed: 146 
Setting seed: 8367
Applying Algorithm forest.splitbias.oob ...
Generating problem taski ...
Result:
List of 3
 $ idi   : int 3814
 $ lrn   : chr [1:3] "randomForest" "oob" ""
 $ result: Named num [1:5] 1 0 0.000736 0 0.346154
  ..- attr(*, "names")= chr [1:5] "ACC" "BER" "multiclass.brier" "MMCE" ...
NULL
Writing result file: /home/probst/Random_Forest/RFSplitbias/results/Splitbias-files/jobs/67/8367-result.RData
########## Executing jid=8368 ##########
Timestamp: 2016-04-28 15:53:56
Experiment: 
  Problem: taski 
  Problem parameters: idi=3814, learner=, teststat=, testtype= 
  Algorithm: forest.splitbias.oob 
  Algorithm parameters:  
  Replication: 25 
  Seed: 8368 
  Problem seed: 147 
Setting seed: 8368
Applying Algorithm forest.splitbias.oob ...
Generating problem taski ...
Result:
List of 3
 $ idi   : int 3814
 $ lrn   : chr [1:3] "randomForest" "oob" ""
 $ result: Named num [1:5] 1 0 0.000671 0 0.346154
  ..- attr(*, "names")= chr [1:5] "ACC" "BER" "multiclass.brier" "MMCE" ...
NULL
Writing result file: /home/probst/Random_Forest/RFSplitbias/results/Splitbias-files/jobs/68/8368-result.RData
########## Executing jid=8369 ##########
Timestamp: 2016-04-28 15:53:56
Experiment: 
  Problem: taski 
  Problem parameters: idi=3814, learner=, teststat=, testtype= 
  Algorithm: forest.splitbias.oob 
  Algorithm parameters:  
  Replication: 26 
  Seed: 8369 
  Problem seed: 148 
Setting seed: 8369
Applying Algorithm forest.splitbias.oob ...
Generating problem taski ...
Result:
List of 3
 $ idi   : int 3814
 $ lrn   : chr [1:3] "randomForest" "oob" ""
 $ result: Named num [1:5] 1 0 0.000844 0 0.384615
  ..- attr(*, "names")= chr [1:5] "ACC" "BER" "multiclass.brier" "MMCE" ...
NULL
Writing result file: /home/probst/Random_Forest/RFSplitbias/results/Splitbias-files/jobs/69/8369-result.RData
########## Executing jid=8370 ##########
Timestamp: 2016-04-28 15:53:57
Experiment: 
  Problem: taski 
  Problem parameters: idi=3814, learner=, teststat=, testtype= 
  Algorithm: forest.splitbias.oob 
  Algorithm parameters:  
  Replication: 27 
  Seed: 8370 
  Problem seed: 149 
Setting seed: 8370
Applying Algorithm forest.splitbias.oob ...
Generating problem taski ...
Result:
List of 3
 $ idi   : int 3814
 $ lrn   : chr [1:3] "randomForest" "oob" ""
 $ result: Named num [1:5] 1 0 0.000692 0 0.384615
  ..- attr(*, "names")= chr [1:5] "ACC" "BER" "multiclass.brier" "MMCE" ...
NULL
Writing result file: /home/probst/Random_Forest/RFSplitbias/results/Splitbias-files/jobs/70/8370-result.RData
########## Executing jid=8371 ##########
Timestamp: 2016-04-28 15:53:58
Experiment: 
  Problem: taski 
  Problem parameters: idi=3814, learner=, teststat=, testtype= 
  Algorithm: forest.splitbias.oob 
  Algorithm parameters:  
  Replication: 28 
  Seed: 8371 
  Problem seed: 150 
Setting seed: 8371
Applying Algorithm forest.splitbias.oob ...
Generating problem taski ...
Result:
List of 3
 $ idi   : int 3814
 $ lrn   : chr [1:3] "randomForest" "oob" ""
 $ result: Named num [1:5] 1 0 0.000592 0 0.346154
  ..- attr(*, "names")= chr [1:5] "ACC" "BER" "multiclass.brier" "MMCE" ...
NULL
Writing result file: /home/probst/Random_Forest/RFSplitbias/results/Splitbias-files/jobs/71/8371-result.RData
########## Executing jid=8372 ##########
Timestamp: 2016-04-28 15:53:58
Experiment: 
  Problem: taski 
  Problem parameters: idi=3814, learner=, teststat=, testtype= 
  Algorithm: forest.splitbias.oob 
  Algorithm parameters:  
  Replication: 29 
  Seed: 8372 
  Problem seed: 151 
Setting seed: 8372
Applying Algorithm forest.splitbias.oob ...
Generating problem taski ...
Result:
List of 3
 $ idi   : int 3814
 $ lrn   : chr [1:3] "randomForest" "oob" ""
 $ result: Named num [1:5] 1 0 0.000899 0 0.384615
  ..- attr(*, "names")= chr [1:5] "ACC" "BER" "multiclass.brier" "MMCE" ...
NULL
Writing result file: /home/probst/Random_Forest/RFSplitbias/results/Splitbias-files/jobs/72/8372-result.RData
########## Executing jid=8373 ##########
Timestamp: 2016-04-28 15:53:59
Experiment: 
  Problem: taski 
  Problem parameters: idi=3814, learner=, teststat=, testtype= 
  Algorithm: forest.splitbias.oob 
  Algorithm parameters:  
  Replication: 30 
  Seed: 8373 
  Problem seed: 152 
Setting seed: 8373
Applying Algorithm forest.splitbias.oob ...
Generating problem taski ...
Result:
List of 3
 $ idi   : int 3814
 $ lrn   : chr [1:3] "randomForest" "oob" ""
 $ result: Named num [1:5] 1 0 0.000507 0 0.346154
  ..- attr(*, "names")= chr [1:5] "ACC" "BER" "multiclass.brier" "MMCE" ...
NULL
Writing result file: /home/probst/Random_Forest/RFSplitbias/results/Splitbias-files/jobs/73/8373-result.RData
########## Executing jid=8374 ##########
Timestamp: 2016-04-28 15:54:00
Experiment: 
  Problem: taski 
  Problem parameters: idi=3814, learner=, teststat=, testtype= 
  Algorithm: forest.splitbias.oob 
  Algorithm parameters:  
  Replication: 31 
  Seed: 8374 
  Problem seed: 153 
Setting seed: 8374
Applying Algorithm forest.splitbias.oob ...
Generating problem taski ...
Result:
List of 3
 $ idi   : int 3814
 $ lrn   : chr [1:3] "randomForest" "oob" ""
 $ result: Named num [1:5] 1 0 0.000632 0 0.346154
  ..- attr(*, "names")= chr [1:5] "ACC" "BER" "multiclass.brier" "MMCE" ...
NULL
Writing result file: /home/probst/Random_Forest/RFSplitbias/results/Splitbias-files/jobs/74/8374-result.RData
########## Executing jid=8375 ##########
Timestamp: 2016-04-28 15:54:00
Experiment: 
  Problem: taski 
  Problem parameters: idi=3814, learner=, teststat=, testtype= 
  Algorithm: forest.splitbias.oob 
  Algorithm parameters:  
  Replication: 32 
  Seed: 8375 
  Problem seed: 154 
Setting seed: 8375
Applying Algorithm forest.splitbias.oob ...
Generating problem taski ...
Result:
List of 3
 $ idi   : int 3814
 $ lrn   : chr [1:3] "randomForest" "oob" ""
 $ result: Named num [1:5] 1 0 0.000761 0 0.346154
  ..- attr(*, "names")= chr [1:5] "ACC" "BER" "multiclass.brier" "MMCE" ...
NULL
Writing result file: /home/probst/Random_Forest/RFSplitbias/results/Splitbias-files/jobs/75/8375-result.RData
########## Executing jid=8376 ##########
Timestamp: 2016-04-28 15:54:01
Experiment: 
  Problem: taski 
  Problem parameters: idi=3814, learner=, teststat=, testtype= 
  Algorithm: forest.splitbias.oob 
  Algorithm parameters:  
  Replication: 33 
  Seed: 8376 
  Problem seed: 155 
Setting seed: 8376
Applying Algorithm forest.splitbias.oob ...
Generating problem taski ...
Result:
List of 3
 $ idi   : int 3814
 $ lrn   : chr [1:3] "randomForest" "oob" ""
 $ result: Named num [1:5] 1 0 0.000757 0 0.384615
  ..- attr(*, "names")= chr [1:5] "ACC" "BER" "multiclass.brier" "MMCE" ...
NULL
Writing result file: /home/probst/Random_Forest/RFSplitbias/results/Splitbias-files/jobs/76/8376-result.RData
########## Executing jid=8377 ##########
Timestamp: 2016-04-28 15:54:02
Experiment: 
  Problem: taski 
  Problem parameters: idi=3814, learner=, teststat=, testtype= 
  Algorithm: forest.splitbias.oob 
  Algorithm parameters:  
  Replication: 34 
  Seed: 8377 
  Problem seed: 156 
Setting seed: 8377
Applying Algorithm forest.splitbias.oob ...
Generating problem taski ...
Result:
List of 3
 $ idi   : int 3814
 $ lrn   : chr [1:3] "randomForest" "oob" ""
 $ result: Named num [1:5] 1 0 0.000752 0 0.346154
  ..- attr(*, "names")= chr [1:5] "ACC" "BER" "multiclass.brier" "MMCE" ...
NULL
Writing result file: /home/probst/Random_Forest/RFSplitbias/results/Splitbias-files/jobs/77/8377-result.RData
########## Executing jid=8378 ##########
Timestamp: 2016-04-28 15:54:02
Experiment: 
  Problem: taski 
  Problem parameters: idi=3814, learner=, teststat=, testtype= 
  Algorithm: forest.splitbias.oob 
  Algorithm parameters:  
  Replication: 35 
  Seed: 8378 
  Problem seed: 157 
Setting seed: 8378
Applying Algorithm forest.splitbias.oob ...
Generating problem taski ...
Result:
List of 3
 $ idi   : int 3814
 $ lrn   : chr [1:3] "randomForest" "oob" ""
 $ result: Named num [1:5] 1 0 0.000627 0 0.346154
  ..- attr(*, "names")= chr [1:5] "ACC" "BER" "multiclass.brier" "MMCE" ...
NULL
Writing result file: /home/probst/Random_Forest/RFSplitbias/results/Splitbias-files/jobs/78/8378-result.RData
########## Executing jid=8379 ##########
Timestamp: 2016-04-28 15:54:03
Experiment: 
  Problem: taski 
  Problem parameters: idi=3814, learner=, teststat=, testtype= 
  Algorithm: forest.splitbias.oob 
  Algorithm parameters:  
  Replication: 36 
  Seed: 8379 
  Problem seed: 158 
Setting seed: 8379
Applying Algorithm forest.splitbias.oob ...
Generating problem taski ...
Result:
List of 3
 $ idi   : int 3814
 $ lrn   : chr [1:3] "randomForest" "oob" ""
 $ result: Named num [1:5] 1 0 0.000796 0 0.346154
  ..- attr(*, "names")= chr [1:5] "ACC" "BER" "multiclass.brier" "MMCE" ...
NULL
Writing result file: /home/probst/Random_Forest/RFSplitbias/results/Splitbias-files/jobs/79/8379-result.RData
########## Executing jid=8380 ##########
Timestamp: 2016-04-28 15:54:04
Experiment: 
  Problem: taski 
  Problem parameters: idi=3814, learner=, teststat=, testtype= 
  Algorithm: forest.splitbias.oob 
  Algorithm parameters:  
  Replication: 37 
  Seed: 8380 
  Problem seed: 159 
Setting seed: 8380
Applying Algorithm forest.splitbias.oob ...
Generating problem taski ...
Result:
List of 3
 $ idi   : int 3814
 $ lrn   : chr [1:3] "randomForest" "oob" ""
 $ result: Named num [1:5] 1 0 0.000976 0 0.346154
  ..- attr(*, "names")= chr [1:5] "ACC" "BER" "multiclass.brier" "MMCE" ...
NULL
Writing result file: /home/probst/Random_Forest/RFSplitbias/results/Splitbias-files/jobs/80/8380-result.RData
########## Executing jid=8381 ##########
Timestamp: 2016-04-28 15:54:04
Experiment: 
  Problem: taski 
  Problem parameters: idi=3814, learner=, teststat=, testtype= 
  Algorithm: forest.splitbias.oob 
  Algorithm parameters:  
  Replication: 38 
  Seed: 8381 
  Problem seed: 160 
Setting seed: 8381
Applying Algorithm forest.splitbias.oob ...
Generating problem taski ...
Result:
List of 3
 $ idi   : int 3814
 $ lrn   : chr [1:3] "randomForest" "oob" ""
 $ result: Named num [1:5] 1 0 0.000684 0 0.346154
  ..- attr(*, "names")= chr [1:5] "ACC" "BER" "multiclass.brier" "MMCE" ...
NULL
Writing result file: /home/probst/Random_Forest/RFSplitbias/results/Splitbias-files/jobs/81/8381-result.RData
########## Executing jid=8382 ##########
Timestamp: 2016-04-28 15:54:05
Experiment: 
  Problem: taski 
  Problem parameters: idi=3814, learner=, teststat=, testtype= 
  Algorithm: forest.splitbias.oob 
  Algorithm parameters:  
  Replication: 39 
  Seed: 8382 
  Problem seed: 161 
Setting seed: 8382
Applying Algorithm forest.splitbias.oob ...
Generating problem taski ...
Result:
List of 3
 $ idi   : int 3814
 $ lrn   : chr [1:3] "randomForest" "oob" ""
 $ result: Named num [1:5] 1 0 0.000621 0 0.384615
  ..- attr(*, "names")= chr [1:5] "ACC" "BER" "multiclass.brier" "MMCE" ...
NULL
Writing result file: /home/probst/Random_Forest/RFSplitbias/results/Splitbias-files/jobs/82/8382-result.RData
########## Executing jid=8383 ##########
Timestamp: 2016-04-28 15:54:05
Experiment: 
  Problem: taski 
  Problem parameters: idi=3814, learner=, teststat=, testtype= 
  Algorithm: forest.splitbias.oob 
  Algorithm parameters:  
  Replication: 40 
  Seed: 8383 
  Problem seed: 162 
Setting seed: 8383
Applying Algorithm forest.splitbias.oob ...
Generating problem taski ...
Result:
List of 3
 $ idi   : int 3814
 $ lrn   : chr [1:3] "randomForest" "oob" ""
 $ result: Named num [1:5] 1 0 0.000714 0 0.346154
  ..- attr(*, "names")= chr [1:5] "ACC" "BER" "multiclass.brier" "MMCE" ...
NULL
Writing result file: /home/probst/Random_Forest/RFSplitbias/results/Splitbias-files/jobs/83/8383-result.RData
########## Executing jid=8384 ##########
Timestamp: 2016-04-28 15:54:06
Experiment: 
  Problem: taski 
  Problem parameters: idi=3814, learner=, teststat=, testtype= 
  Algorithm: forest.splitbias.oob 
  Algorithm parameters:  
  Replication: 41 
  Seed: 8384 
  Problem seed: 163 
Setting seed: 8384
Applying Algorithm forest.splitbias.oob ...
Generating problem taski ...
Result:
List of 3
 $ idi   : int 3814
 $ lrn   : chr [1:3] "randomForest" "oob" ""
 $ result: Named num [1:5] 1 0 0.000799 0 0.346154
  ..- attr(*, "names")= chr [1:5] "ACC" "BER" "multiclass.brier" "MMCE" ...
NULL
Writing result file: /home/probst/Random_Forest/RFSplitbias/results/Splitbias-files/jobs/84/8384-result.RData
########## Executing jid=8385 ##########
Timestamp: 2016-04-28 15:54:07
Experiment: 
  Problem: taski 
  Problem parameters: idi=3814, learner=, teststat=, testtype= 
  Algorithm: forest.splitbias.oob 
  Algorithm parameters:  
  Replication: 42 
  Seed: 8385 
  Problem seed: 164 
Setting seed: 8385
Applying Algorithm forest.splitbias.oob ...
Generating problem taski ...
Result:
List of 3
 $ idi   : int 3814
 $ lrn   : chr [1:3] "randomForest" "oob" ""
 $ result: Named num [1:5] 1 0 0.000792 0 0.346154
  ..- attr(*, "names")= chr [1:5] "ACC" "BER" "multiclass.brier" "MMCE" ...
NULL
Writing result file: /home/probst/Random_Forest/RFSplitbias/results/Splitbias-files/jobs/85/8385-result.RData
########## Executing jid=8386 ##########
Timestamp: 2016-04-28 15:54:07
Experiment: 
  Problem: taski 
  Problem parameters: idi=3814, learner=, teststat=, testtype= 
  Algorithm: forest.splitbias.oob 
  Algorithm parameters:  
  Replication: 43 
  Seed: 8386 
  Problem seed: 165 
Setting seed: 8386
Applying Algorithm forest.splitbias.oob ...
Generating problem taski ...
Result:
List of 3
 $ idi   : int 3814
 $ lrn   : chr [1:3] "randomForest" "oob" ""
 $ result: Named num [1:5] 1 0 0.000703 0 0.346154
  ..- attr(*, "names")= chr [1:5] "ACC" "BER" "multiclass.brier" "MMCE" ...
NULL
Writing result file: /home/probst/Random_Forest/RFSplitbias/results/Splitbias-files/jobs/86/8386-result.RData
########## Executing jid=8387 ##########
Timestamp: 2016-04-28 15:54:08
Experiment: 
  Problem: taski 
  Problem parameters: idi=3814, learner=, teststat=, testtype= 
  Algorithm: forest.splitbias.oob 
  Algorithm parameters:  
  Replication: 44 
  Seed: 8387 
  Problem seed: 166 
Setting seed: 8387
Applying Algorithm forest.splitbias.oob ...
Generating problem taski ...
Result:
List of 3
 $ idi   : int 3814
 $ lrn   : chr [1:3] "randomForest" "oob" ""
 $ result: Named num [1:5] 1 0 0.000729 0 0.269231
  ..- attr(*, "names")= chr [1:5] "ACC" "BER" "multiclass.brier" "MMCE" ...
NULL
Writing result file: /home/probst/Random_Forest/RFSplitbias/results/Splitbias-files/jobs/87/8387-result.RData
########## Executing jid=8388 ##########
Timestamp: 2016-04-28 15:54:09
Experiment: 
  Problem: taski 
  Problem parameters: idi=3814, learner=, teststat=, testtype= 
  Algorithm: forest.splitbias.oob 
  Algorithm parameters:  
  Replication: 45 
  Seed: 8388 
  Problem seed: 167 
Setting seed: 8388
Applying Algorithm forest.splitbias.oob ...
Generating problem taski ...
Result:
List of 3
 $ idi   : int 3814
 $ lrn   : chr [1:3] "randomForest" "oob" ""
 $ result: Named num [1:5] 1 0 0.000761 0 0.384615
  ..- attr(*, "names")= chr [1:5] "ACC" "BER" "multiclass.brier" "MMCE" ...
NULL
Writing result file: /home/probst/Random_Forest/RFSplitbias/results/Splitbias-files/jobs/88/8388-result.RData
########## Executing jid=8389 ##########
Timestamp: 2016-04-28 15:54:09
Experiment: 
  Problem: taski 
  Problem parameters: idi=3814, learner=, teststat=, testtype= 
  Algorithm: forest.splitbias.oob 
  Algorithm parameters:  
  Replication: 46 
  Seed: 8389 
  Problem seed: 168 
Setting seed: 8389
Applying Algorithm forest.splitbias.oob ...
Generating problem taski ...
Result:
List of 3
 $ idi   : int 3814
 $ lrn   : chr [1:3] "randomForest" "oob" ""
 $ result: Named num [1:5] 1 0 0.00068 0 0.38462
  ..- attr(*, "names")= chr [1:5] "ACC" "BER" "multiclass.brier" "MMCE" ...
NULL
Writing result file: /home/probst/Random_Forest/RFSplitbias/results/Splitbias-files/jobs/89/8389-result.RData
########## Executing jid=8390 ##########
Timestamp: 2016-04-28 15:54:10
Experiment: 
  Problem: taski 
  Problem parameters: idi=3814, learner=, teststat=, testtype= 
  Algorithm: forest.splitbias.oob 
  Algorithm parameters:  
  Replication: 47 
  Seed: 8390 
  Problem seed: 169 
Setting seed: 8390
Applying Algorithm forest.splitbias.oob ...
Generating problem taski ...
Result:
List of 3
 $ idi   : int 3814
 $ lrn   : chr [1:3] "randomForest" "oob" ""
 $ result: Named num [1:5] 1 0 0.000654 0 0.346154
  ..- attr(*, "names")= chr [1:5] "ACC" "BER" "multiclass.brier" "MMCE" ...
NULL
Writing result file: /home/probst/Random_Forest/RFSplitbias/results/Splitbias-files/jobs/90/8390-result.RData
########## Executing jid=8391 ##########
Timestamp: 2016-04-28 15:54:11
Experiment: 
  Problem: taski 
  Problem parameters: idi=3814, learner=, teststat=, testtype= 
  Algorithm: forest.splitbias.oob 
  Algorithm parameters:  
  Replication: 48 
  Seed: 8391 
  Problem seed: 170 
Setting seed: 8391
Applying Algorithm forest.splitbias.oob ...
Generating problem taski ...
Result:
List of 3
 $ idi   : int 3814
 $ lrn   : chr [1:3] "randomForest" "oob" ""
 $ result: Named num [1:5] 1 0 0.000584 0 0.346154
  ..- attr(*, "names")= chr [1:5] "ACC" "BER" "multiclass.brier" "MMCE" ...
NULL
Writing result file: /home/probst/Random_Forest/RFSplitbias/results/Splitbias-files/jobs/91/8391-result.RData
########## Executing jid=8392 ##########
Timestamp: 2016-04-28 15:54:11
Experiment: 
  Problem: taski 
  Problem parameters: idi=3814, learner=, teststat=, testtype= 
  Algorithm: forest.splitbias.oob 
  Algorithm parameters:  
  Replication: 49 
  Seed: 8392 
  Problem seed: 171 
Setting seed: 8392
Applying Algorithm forest.splitbias.oob ...
Generating problem taski ...
Result:
List of 3
 $ idi   : int 3814
 $ lrn   : chr [1:3] "randomForest" "oob" ""
 $ result: Named num [1:5] 1 0 0.00077 0 0.38462
  ..- attr(*, "names")= chr [1:5] "ACC" "BER" "multiclass.brier" "MMCE" ...
NULL
Writing result file: /home/probst/Random_Forest/RFSplitbias/results/Splitbias-files/jobs/92/8392-result.RData
########## Executing jid=8393 ##########
Timestamp: 2016-04-28 15:54:12
Experiment: 
  Problem: taski 
  Problem parameters: idi=3814, learner=, teststat=, testtype= 
  Algorithm: forest.splitbias.oob 
  Algorithm parameters:  
  Replication: 50 
  Seed: 8393 
  Problem seed: 172 
Setting seed: 8393
Applying Algorithm forest.splitbias.oob ...
Generating problem taski ...
Result:
List of 3
 $ idi   : int 3814
 $ lrn   : chr [1:3] "randomForest" "oob" ""
 $ result: Named num [1:5] 1 0 0.000716 0 0.346154
  ..- attr(*, "names")= chr [1:5] "ACC" "BER" "multiclass.brier" "MMCE" ...
NULL
Writing result file: /home/probst/Random_Forest/RFSplitbias/results/Splitbias-files/jobs/93/8393-result.RData
########## Executing jid=8394 ##########
Timestamp: 2016-04-28 15:54:13
Experiment: 
  Problem: taski 
  Problem parameters: idi=3763, learner=, teststat=, testtype= 
  Algorithm: forest.splitbias.oob 
  Algorithm parameters:  
  Replication: 11 
  Seed: 8394 
  Problem seed: 133 
Setting seed: 8394
Applying Algorithm forest.splitbias.oob ...
Generating problem taski ...
Result:
List of 3
 $ idi   : int 3763
 $ lrn   : chr [1:3] "randomForest" "oob" ""
 $ result: Named num [1:5] 0.505 0.538 0.524 0.495 0.83
  ..- attr(*, "names")= chr [1:5] "ACC" "BER" "multiclass.brier" "MMCE" ...
NULL
Writing result file: /home/probst/Random_Forest/RFSplitbias/results/Splitbias-files/jobs/94/8394-result.RData
########## Executing jid=8395 ##########
Timestamp: 2016-04-28 15:54:14
Experiment: 
  Problem: taski 
  Problem parameters: idi=3763, learner=, teststat=, testtype= 
  Algorithm: forest.splitbias.oob 
  Algorithm parameters:  
  Replication: 12 
  Seed: 8395 
  Problem seed: 134 
Setting seed: 8395
Applying Algorithm forest.splitbias.oob ...
Generating problem taski ...
Result:
List of 3
 $ idi   : int 3763
 $ lrn   : chr [1:3] "randomForest" "oob" ""
 $ result: Named num [1:5] 0.502 0.538 0.524 0.497 0.83
  ..- attr(*, "names")= chr [1:5] "ACC" "BER" "multiclass.brier" "MMCE" ...
NULL
Writing result file: /home/probst/Random_Forest/RFSplitbias/results/Splitbias-files/jobs/95/8395-result.RData
########## Executing jid=8396 ##########
Timestamp: 2016-04-28 15:54:14
Experiment: 
  Problem: taski 
  Problem parameters: idi=3763, learner=, teststat=, testtype= 
  Algorithm: forest.splitbias.oob 
  Algorithm parameters:  
  Replication: 13 
  Seed: 8396 
  Problem seed: 135 
Setting seed: 8396
Applying Algorithm forest.splitbias.oob ...
Generating problem taski ...
Result:
List of 3
 $ idi   : int 3763
 $ lrn   : chr [1:3] "randomForest" "oob" ""
 $ result: Named num [1:5] 0.52 0.525 0.522 0.48 0.839
  ..- attr(*, "names")= chr [1:5] "ACC" "BER" "multiclass.brier" "MMCE" ...
NULL
Writing result file: /home/probst/Random_Forest/RFSplitbias/results/Splitbias-files/jobs/96/8396-result.RData
########## Executing jid=8397 ##########
Timestamp: 2016-04-28 15:54:15
Experiment: 
  Problem: taski 
  Problem parameters: idi=3763, learner=, teststat=, testtype= 
  Algorithm: forest.splitbias.oob 
  Algorithm parameters:  
  Replication: 14 
  Seed: 8397 
  Problem seed: 136 
Setting seed: 8397
Applying Algorithm forest.splitbias.oob ...
Generating problem taski ...
Result:
List of 3
 $ idi   : int 3763
 $ lrn   : chr [1:3] "randomForest" "oob" ""
 $ result: Named num [1:5] 0.505 0.539 0.526 0.495 0.83
  ..- attr(*, "names")= chr [1:5] "ACC" "BER" "multiclass.brier" "MMCE" ...
NULL
Writing result file: /home/probst/Random_Forest/RFSplitbias/results/Splitbias-files/jobs/97/8397-result.RData
########## Executing jid=8398 ##########
Timestamp: 2016-04-28 15:54:16
Experiment: 
  Problem: taski 
  Problem parameters: idi=3763, learner=, teststat=, testtype= 
  Algorithm: forest.splitbias.oob 
  Algorithm parameters:  
  Replication: 15 
  Seed: 8398 
  Problem seed: 137 
Setting seed: 8398
Applying Algorithm forest.splitbias.oob ...
Generating problem taski ...
Result:
List of 3
 $ idi   : int 3763
 $ lrn   : chr [1:3] "randomForest" "oob" ""
 $ result: Named num [1:5] 0.53 0.518 0.529 0.47 0.842
  ..- attr(*, "names")= chr [1:5] "ACC" "BER" "multiclass.brier" "MMCE" ...
NULL
Writing result file: /home/probst/Random_Forest/RFSplitbias/results/Splitbias-files/jobs/98/8398-result.RData
########## Executing jid=8399 ##########
Timestamp: 2016-04-28 15:54:17
Experiment: 
  Problem: taski 
  Problem parameters: idi=3763, learner=, teststat=, testtype= 
  Algorithm: forest.splitbias.oob 
  Algorithm parameters:  
  Replication: 16 
  Seed: 8399 
  Problem seed: 138 
Setting seed: 8399
Applying Algorithm forest.splitbias.oob ...
Generating problem taski ...
Result:
List of 3
 $ idi   : int 3763
 $ lrn   : chr [1:3] "randomForest" "oob" ""
 $ result: Named num [1:5] 0.505 0.54 0.529 0.495 0.832
  ..- attr(*, "names")= chr [1:5] "ACC" "BER" "multiclass.brier" "MMCE" ...
NULL
Writing result file: /home/probst/Random_Forest/RFSplitbias/results/Splitbias-files/jobs/99/8399-result.RData
########## Executing jid=8400 ##########
Timestamp: 2016-04-28 15:54:19
Experiment: 
  Problem: taski 
  Problem parameters: idi=3763, learner=, teststat=, testtype= 
  Algorithm: forest.splitbias.oob 
  Algorithm parameters:  
  Replication: 17 
  Seed: 8400 
  Problem seed: 139 
Setting seed: 8400
Applying Algorithm forest.splitbias.oob ...
Generating problem taski ...
Result:
List of 3
 $ idi   : int 3763
 $ lrn   : chr [1:3] "randomForest" "oob" ""
 $ result: Named num [1:5] 0.505 0.54 0.531 0.495 0.839
  ..- attr(*, "names")= chr [1:5] "ACC" "BER" "multiclass.brier" "MMCE" ...
NULL
Writing result file: /home/probst/Random_Forest/RFSplitbias/results/Splitbias-files/jobs/00/8400-result.RData
########## Executing jid=8401 ##########
Timestamp: 2016-04-28 15:54:20
Experiment: 
  Problem: taski 
  Problem parameters: idi=3763, learner=, teststat=, testtype= 
  Algorithm: forest.splitbias.oob 
  Algorithm parameters:  
  Replication: 18 
  Seed: 8401 
  Problem seed: 140 
Setting seed: 8401
Applying Algorithm forest.splitbias.oob ...
Generating problem taski ...
Result:
List of 3
 $ idi   : int 3763
 $ lrn   : chr [1:3] "randomForest" "oob" ""
 $ result: Named num [1:5] 0.505 0.537 0.528 0.495 0.834
  ..- attr(*, "names")= chr [1:5] "ACC" "BER" "multiclass.brier" "MMCE" ...
NULL
Writing result file: /home/probst/Random_Forest/RFSplitbias/results/Splitbias-files/jobs/01/8401-result.RData
########## Executing jid=8402 ##########
Timestamp: 2016-04-28 15:54:21
Experiment: 
  Problem: taski 
  Problem parameters: idi=3763, learner=, teststat=, testtype= 
  Algorithm: forest.splitbias.oob 
  Algorithm parameters:  
  Replication: 19 
  Seed: 8402 
  Problem seed: 141 
Setting seed: 8402
Applying Algorithm forest.splitbias.oob ...
Generating problem taski ...
Result:
List of 3
 $ idi   : int 3763
 $ lrn   : chr [1:3] "randomForest" "oob" ""
 $ result: Named num [1:5] 0.512 0.531 0.529 0.487 0.829
  ..- attr(*, "names")= chr [1:5] "ACC" "BER" "multiclass.brier" "MMCE" ...
NULL
Writing result file: /home/probst/Random_Forest/RFSplitbias/results/Splitbias-files/jobs/02/8402-result.RData
########## Executing jid=8403 ##########
Timestamp: 2016-04-28 15:54:21
Experiment: 
  Problem: taski 
  Problem parameters: idi=3763, learner=, teststat=, testtype= 
  Algorithm: forest.splitbias.oob 
  Algorithm parameters:  
  Replication: 20 
  Seed: 8403 
  Problem seed: 142 
Setting seed: 8403
Applying Algorithm forest.splitbias.oob ...
Generating problem taski ...
Result:
List of 3
 $ idi   : int 3763
 $ lrn   : chr [1:3] "randomForest" "oob" ""
 $ result: Named num [1:5] 0.487 0.554 0.53 0.512 0.83
  ..- attr(*, "names")= chr [1:5] "ACC" "BER" "multiclass.brier" "MMCE" ...
NULL
Writing result file: /home/probst/Random_Forest/RFSplitbias/results/Splitbias-files/jobs/03/8403-result.RData
2016-04-28 15:54:22: All done.
Setting work back to: /nfsmb/koll/probst/Random_Forest/RFSplitbias/results
Memory usage according to gc:
          used  (Mb) gc trigger  (Mb) max used  (Mb)
Ncells 1880485 100.5    3205452 171.2  2129609 113.8
Vcells 4658441  35.6   13750151 105.0  9784165  74.7
