Loading registry: /home/probst/Random_Forest/RFSplitbias/results/Splitbias-files/registry.RData
Loading conf: 
2016-04-28 15:56:49: Starting job on node lin65.
Auto-mailer settings: start=none, done=none, error=none.
Setting work dir: /nfsmb/koll/probst/Random_Forest/RFSplitbias/results
########## Executing jid=8604 ##########
Timestamp: 2016-04-28 15:56:49
Experiment: 
  Problem: taski 
  Problem parameters: idi=3685, learner=, teststat=, testtype= 
  Algorithm: forest.splitbias.oob 
  Algorithm parameters:  
  Replication: 21 
  Seed: 8604 
  Problem seed: 143 
Setting seed: 8604
Applying Algorithm forest.splitbias.oob ...
Generating problem taski ...
Result:
List of 3
 $ idi   : int 3685
 $ lrn   : chr [1:3] "randomForest" "oob" ""
 $ result: Named num [1:5] 0.898 0.103 0.155 0.102 0.667
  ..- attr(*, "names")= chr [1:5] "ACC" "BER" "multiclass.brier" "MMCE" ...
NULL
Writing result file: /home/probst/Random_Forest/RFSplitbias/results/Splitbias-files/jobs/04/8604-result.RData
########## Executing jid=8605 ##########
Timestamp: 2016-04-28 15:56:50
Experiment: 
  Problem: taski 
  Problem parameters: idi=3685, learner=, teststat=, testtype= 
  Algorithm: forest.splitbias.oob 
  Algorithm parameters:  
  Replication: 22 
  Seed: 8605 
  Problem seed: 144 
Setting seed: 8605
Applying Algorithm forest.splitbias.oob ...
Generating problem taski ...
Result:
List of 3
 $ idi   : int 3685
 $ lrn   : chr [1:3] "randomForest" "oob" ""
 $ result: Named num [1:5] 0.898 0.103 0.154 0.102 0.666
  ..- attr(*, "names")= chr [1:5] "ACC" "BER" "multiclass.brier" "MMCE" ...
NULL
Writing result file: /home/probst/Random_Forest/RFSplitbias/results/Splitbias-files/jobs/05/8605-result.RData
########## Executing jid=8606 ##########
Timestamp: 2016-04-28 15:56:50
Experiment: 
  Problem: taski 
  Problem parameters: idi=3685, learner=, teststat=, testtype= 
  Algorithm: forest.splitbias.oob 
  Algorithm parameters:  
  Replication: 23 
  Seed: 8606 
  Problem seed: 145 
Setting seed: 8606
Applying Algorithm forest.splitbias.oob ...
Generating problem taski ...
Result:
List of 3
 $ idi   : int 3685
 $ lrn   : chr [1:3] "randomForest" "oob" ""
 $ result: Named num [1:5] 0.898 0.103 0.157 0.102 0.67
  ..- attr(*, "names")= chr [1:5] "ACC" "BER" "multiclass.brier" "MMCE" ...
NULL
Writing result file: /home/probst/Random_Forest/RFSplitbias/results/Splitbias-files/jobs/06/8606-result.RData
########## Executing jid=8607 ##########
Timestamp: 2016-04-28 15:56:51
Experiment: 
  Problem: taski 
  Problem parameters: idi=3685, learner=, teststat=, testtype= 
  Algorithm: forest.splitbias.oob 
  Algorithm parameters:  
  Replication: 24 
  Seed: 8607 
  Problem seed: 146 
Setting seed: 8607
Applying Algorithm forest.splitbias.oob ...
Generating problem taski ...
Result:
List of 3
 $ idi   : int 3685
 $ lrn   : chr [1:3] "randomForest" "oob" ""
 $ result: Named num [1:5] 0.894 0.108 0.155 0.106 0.671
  ..- attr(*, "names")= chr [1:5] "ACC" "BER" "multiclass.brier" "MMCE" ...
NULL
Writing result file: /home/probst/Random_Forest/RFSplitbias/results/Splitbias-files/jobs/07/8607-result.RData
########## Executing jid=8608 ##########
Timestamp: 2016-04-28 15:56:52
Experiment: 
  Problem: taski 
  Problem parameters: idi=3685, learner=, teststat=, testtype= 
  Algorithm: forest.splitbias.oob 
  Algorithm parameters:  
  Replication: 25 
  Seed: 8608 
  Problem seed: 147 
Setting seed: 8608
Applying Algorithm forest.splitbias.oob ...
Generating problem taski ...
Result:
List of 3
 $ idi   : int 3685
 $ lrn   : chr [1:3] "randomForest" "oob" ""
 $ result: Named num [1:5] 0.898 0.105 0.155 0.102 0.666
  ..- attr(*, "names")= chr [1:5] "ACC" "BER" "multiclass.brier" "MMCE" ...
NULL
Writing result file: /home/probst/Random_Forest/RFSplitbias/results/Splitbias-files/jobs/08/8608-result.RData
########## Executing jid=8609 ##########
Timestamp: 2016-04-28 15:56:52
Experiment: 
  Problem: taski 
  Problem parameters: idi=3685, learner=, teststat=, testtype= 
  Algorithm: forest.splitbias.oob 
  Algorithm parameters:  
  Replication: 26 
  Seed: 8609 
  Problem seed: 148 
Setting seed: 8609
Applying Algorithm forest.splitbias.oob ...
Generating problem taski ...
Result:
List of 3
 $ idi   : int 3685
 $ lrn   : chr [1:3] "randomForest" "oob" ""
 $ result: Named num [1:5] 0.894 0.108 0.156 0.106 0.675
  ..- attr(*, "names")= chr [1:5] "ACC" "BER" "multiclass.brier" "MMCE" ...
NULL
Writing result file: /home/probst/Random_Forest/RFSplitbias/results/Splitbias-files/jobs/09/8609-result.RData
########## Executing jid=8610 ##########
Timestamp: 2016-04-28 15:56:53
Experiment: 
  Problem: taski 
  Problem parameters: idi=3685, learner=, teststat=, testtype= 
  Algorithm: forest.splitbias.oob 
  Algorithm parameters:  
  Replication: 27 
  Seed: 8610 
  Problem seed: 149 
Setting seed: 8610
Applying Algorithm forest.splitbias.oob ...
Generating problem taski ...
Result:
List of 3
 $ idi   : int 3685
 $ lrn   : chr [1:3] "randomForest" "oob" ""
 $ result: Named num [1:5] 0.898 0.103 0.159 0.102 0.665
  ..- attr(*, "names")= chr [1:5] "ACC" "BER" "multiclass.brier" "MMCE" ...
NULL
Writing result file: /home/probst/Random_Forest/RFSplitbias/results/Splitbias-files/jobs/10/8610-result.RData
########## Executing jid=8611 ##########
Timestamp: 2016-04-28 15:56:54
Experiment: 
  Problem: taski 
  Problem parameters: idi=3685, learner=, teststat=, testtype= 
  Algorithm: forest.splitbias.oob 
  Algorithm parameters:  
  Replication: 28 
  Seed: 8611 
  Problem seed: 150 
Setting seed: 8611
Applying Algorithm forest.splitbias.oob ...
Generating problem taski ...
Result:
List of 3
 $ idi   : int 3685
 $ lrn   : chr [1:3] "randomForest" "oob" ""
 $ result: Named num [1:5] 0.894 0.108 0.158 0.106 0.673
  ..- attr(*, "names")= chr [1:5] "ACC" "BER" "multiclass.brier" "MMCE" ...
NULL
Writing result file: /home/probst/Random_Forest/RFSplitbias/results/Splitbias-files/jobs/11/8611-result.RData
########## Executing jid=8612 ##########
Timestamp: 2016-04-28 15:56:54
Experiment: 
  Problem: taski 
  Problem parameters: idi=3685, learner=, teststat=, testtype= 
  Algorithm: forest.splitbias.oob 
  Algorithm parameters:  
  Replication: 29 
  Seed: 8612 
  Problem seed: 151 
Setting seed: 8612
Applying Algorithm forest.splitbias.oob ...
Generating problem taski ...
Result:
List of 3
 $ idi   : int 3685
 $ lrn   : chr [1:3] "randomForest" "oob" ""
 $ result: Named num [1:5] 0.894 0.108 0.16 0.106 0.66
  ..- attr(*, "names")= chr [1:5] "ACC" "BER" "multiclass.brier" "MMCE" ...
NULL
Writing result file: /home/probst/Random_Forest/RFSplitbias/results/Splitbias-files/jobs/12/8612-result.RData
########## Executing jid=8613 ##########
Timestamp: 2016-04-28 15:56:55
Experiment: 
  Problem: taski 
  Problem parameters: idi=3685, learner=, teststat=, testtype= 
  Algorithm: forest.splitbias.oob 
  Algorithm parameters:  
  Replication: 30 
  Seed: 8613 
  Problem seed: 152 
Setting seed: 8613
Applying Algorithm forest.splitbias.oob ...
Generating problem taski ...
Result:
List of 3
 $ idi   : int 3685
 $ lrn   : chr [1:3] "randomForest" "oob" ""
 $ result: Named num [1:5] 0.9021 0.0995 0.1552 0.0979 0.6733
  ..- attr(*, "names")= chr [1:5] "ACC" "BER" "multiclass.brier" "MMCE" ...
NULL
Writing result file: /home/probst/Random_Forest/RFSplitbias/results/Splitbias-files/jobs/13/8613-result.RData
########## Executing jid=8614 ##########
Timestamp: 2016-04-28 15:56:56
Experiment: 
  Problem: taski 
  Problem parameters: idi=3685, learner=, teststat=, testtype= 
  Algorithm: forest.splitbias.oob 
  Algorithm parameters:  
  Replication: 31 
  Seed: 8614 
  Problem seed: 153 
Setting seed: 8614
Applying Algorithm forest.splitbias.oob ...
Generating problem taski ...
Result:
List of 3
 $ idi   : int 3685
 $ lrn   : chr [1:3] "randomForest" "oob" ""
 $ result: Named num [1:5] 0.898 0.103 0.156 0.102 0.659
  ..- attr(*, "names")= chr [1:5] "ACC" "BER" "multiclass.brier" "MMCE" ...
NULL
Writing result file: /home/probst/Random_Forest/RFSplitbias/results/Splitbias-files/jobs/14/8614-result.RData
########## Executing jid=8615 ##########
Timestamp: 2016-04-28 15:56:57
Experiment: 
  Problem: taski 
  Problem parameters: idi=3685, learner=, teststat=, testtype= 
  Algorithm: forest.splitbias.oob 
  Algorithm parameters:  
  Replication: 32 
  Seed: 8615 
  Problem seed: 154 
Setting seed: 8615
Applying Algorithm forest.splitbias.oob ...
Generating problem taski ...
Result:
List of 3
 $ idi   : int 3685
 $ lrn   : chr [1:3] "randomForest" "oob" ""
 $ result: Named num [1:5] 0.9021 0.0995 0.1582 0.0979 0.6737
  ..- attr(*, "names")= chr [1:5] "ACC" "BER" "multiclass.brier" "MMCE" ...
NULL
Writing result file: /home/probst/Random_Forest/RFSplitbias/results/Splitbias-files/jobs/15/8615-result.RData
########## Executing jid=8616 ##########
Timestamp: 2016-04-28 15:56:57
Experiment: 
  Problem: taski 
  Problem parameters: idi=3685, learner=, teststat=, testtype= 
  Algorithm: forest.splitbias.oob 
  Algorithm parameters:  
  Replication: 33 
  Seed: 8616 
  Problem seed: 155 
Setting seed: 8616
Applying Algorithm forest.splitbias.oob ...
Generating problem taski ...
Result:
List of 3
 $ idi   : int 3685
 $ lrn   : chr [1:3] "randomForest" "oob" ""
 $ result: Named num [1:5] 0.881 0.121 0.157 0.119 0.666
  ..- attr(*, "names")= chr [1:5] "ACC" "BER" "multiclass.brier" "MMCE" ...
NULL
Writing result file: /home/probst/Random_Forest/RFSplitbias/results/Splitbias-files/jobs/16/8616-result.RData
########## Executing jid=8617 ##########
Timestamp: 2016-04-28 15:56:58
Experiment: 
  Problem: taski 
  Problem parameters: idi=3685, learner=, teststat=, testtype= 
  Algorithm: forest.splitbias.oob 
  Algorithm parameters:  
  Replication: 34 
  Seed: 8617 
  Problem seed: 156 
Setting seed: 8617
Applying Algorithm forest.splitbias.oob ...
Generating problem taski ...
Result:
List of 3
 $ idi   : int 3685
 $ lrn   : chr [1:3] "randomForest" "oob" ""
 $ result: Named num [1:5] 0.9021 0.0995 0.1578 0.0979 0.6679
  ..- attr(*, "names")= chr [1:5] "ACC" "BER" "multiclass.brier" "MMCE" ...
NULL
Writing result file: /home/probst/Random_Forest/RFSplitbias/results/Splitbias-files/jobs/17/8617-result.RData
########## Executing jid=8618 ##########
Timestamp: 2016-04-28 15:56:59
Experiment: 
  Problem: taski 
  Problem parameters: idi=3685, learner=, teststat=, testtype= 
  Algorithm: forest.splitbias.oob 
  Algorithm parameters:  
  Replication: 35 
  Seed: 8618 
  Problem seed: 157 
Setting seed: 8618
Applying Algorithm forest.splitbias.oob ...
Generating problem taski ...
Result:
List of 3
 $ idi   : int 3685
 $ lrn   : chr [1:3] "randomForest" "oob" ""
 $ result: Named num [1:5] 0.889 0.112 0.157 0.111 0.656
  ..- attr(*, "names")= chr [1:5] "ACC" "BER" "multiclass.brier" "MMCE" ...
NULL
Writing result file: /home/probst/Random_Forest/RFSplitbias/results/Splitbias-files/jobs/18/8618-result.RData
########## Executing jid=8619 ##########
Timestamp: 2016-04-28 15:56:59
Experiment: 
  Problem: taski 
  Problem parameters: idi=3685, learner=, teststat=, testtype= 
  Algorithm: forest.splitbias.oob 
  Algorithm parameters:  
  Replication: 36 
  Seed: 8619 
  Problem seed: 158 
Setting seed: 8619
Applying Algorithm forest.splitbias.oob ...
Generating problem taski ...
Result:
List of 3
 $ idi   : int 3685
 $ lrn   : chr [1:3] "randomForest" "oob" ""
 $ result: Named num [1:5] 0.894 0.107 0.159 0.106 0.678
  ..- attr(*, "names")= chr [1:5] "ACC" "BER" "multiclass.brier" "MMCE" ...
NULL
Writing result file: /home/probst/Random_Forest/RFSplitbias/results/Splitbias-files/jobs/19/8619-result.RData
########## Executing jid=8620 ##########
Timestamp: 2016-04-28 15:57:00
Experiment: 
  Problem: taski 
  Problem parameters: idi=3685, learner=, teststat=, testtype= 
  Algorithm: forest.splitbias.oob 
  Algorithm parameters:  
  Replication: 37 
  Seed: 8620 
  Problem seed: 159 
Setting seed: 8620
Applying Algorithm forest.splitbias.oob ...
Generating problem taski ...
Result:
List of 3
 $ idi   : int 3685
 $ lrn   : chr [1:3] "randomForest" "oob" ""
 $ result: Named num [1:5] 0.9106 0.0906 0.1556 0.0894 0.6629
  ..- attr(*, "names")= chr [1:5] "ACC" "BER" "multiclass.brier" "MMCE" ...
NULL
Writing result file: /home/probst/Random_Forest/RFSplitbias/results/Splitbias-files/jobs/20/8620-result.RData
########## Executing jid=8621 ##########
Timestamp: 2016-04-28 15:57:01
Experiment: 
  Problem: taski 
  Problem parameters: idi=3685, learner=, teststat=, testtype= 
  Algorithm: forest.splitbias.oob 
  Algorithm parameters:  
  Replication: 38 
  Seed: 8621 
  Problem seed: 160 
Setting seed: 8621
Applying Algorithm forest.splitbias.oob ...
Generating problem taski ...
Result:
List of 3
 $ idi   : int 3685
 $ lrn   : chr [1:3] "randomForest" "oob" ""
 $ result: Named num [1:5] 0.898 0.105 0.158 0.102 0.673
  ..- attr(*, "names")= chr [1:5] "ACC" "BER" "multiclass.brier" "MMCE" ...
NULL
Writing result file: /home/probst/Random_Forest/RFSplitbias/results/Splitbias-files/jobs/21/8621-result.RData
########## Executing jid=8622 ##########
Timestamp: 2016-04-28 15:57:02
Experiment: 
  Problem: taski 
  Problem parameters: idi=3685, learner=, teststat=, testtype= 
  Algorithm: forest.splitbias.oob 
  Algorithm parameters:  
  Replication: 39 
  Seed: 8622 
  Problem seed: 161 
Setting seed: 8622
Applying Algorithm forest.splitbias.oob ...
Generating problem taski ...
Result:
List of 3
 $ idi   : int 3685
 $ lrn   : chr [1:3] "randomForest" "oob" ""
 $ result: Named num [1:5] 0.9021 0.0977 0.157 0.0979 0.6679
  ..- attr(*, "names")= chr [1:5] "ACC" "BER" "multiclass.brier" "MMCE" ...
NULL
Writing result file: /home/probst/Random_Forest/RFSplitbias/results/Splitbias-files/jobs/22/8622-result.RData
########## Executing jid=8623 ##########
Timestamp: 2016-04-28 15:57:02
Experiment: 
  Problem: taski 
  Problem parameters: idi=3685, learner=, teststat=, testtype= 
  Algorithm: forest.splitbias.oob 
  Algorithm parameters:  
  Replication: 40 
  Seed: 8623 
  Problem seed: 162 
Setting seed: 8623
Applying Algorithm forest.splitbias.oob ...
Generating problem taski ...
Result:
List of 3
 $ idi   : int 3685
 $ lrn   : chr [1:3] "randomForest" "oob" ""
 $ result: Named num [1:5] 0.894 0.108 0.158 0.106 0.667
  ..- attr(*, "names")= chr [1:5] "ACC" "BER" "multiclass.brier" "MMCE" ...
NULL
Writing result file: /home/probst/Random_Forest/RFSplitbias/results/Splitbias-files/jobs/23/8623-result.RData
########## Executing jid=8624 ##########
Timestamp: 2016-04-28 15:57:03
Experiment: 
  Problem: taski 
  Problem parameters: idi=3685, learner=, teststat=, testtype= 
  Algorithm: forest.splitbias.oob 
  Algorithm parameters:  
  Replication: 41 
  Seed: 8624 
  Problem seed: 163 
Setting seed: 8624
Applying Algorithm forest.splitbias.oob ...
Generating problem taski ...
Result:
List of 3
 $ idi   : int 3685
 $ lrn   : chr [1:3] "randomForest" "oob" ""
 $ result: Named num [1:5] 0.9021 0.0995 0.1581 0.0979 0.6709
  ..- attr(*, "names")= chr [1:5] "ACC" "BER" "multiclass.brier" "MMCE" ...
NULL
Writing result file: /home/probst/Random_Forest/RFSplitbias/results/Splitbias-files/jobs/24/8624-result.RData
########## Executing jid=8625 ##########
Timestamp: 2016-04-28 15:57:04
Experiment: 
  Problem: taski 
  Problem parameters: idi=3685, learner=, teststat=, testtype= 
  Algorithm: forest.splitbias.oob 
  Algorithm parameters:  
  Replication: 42 
  Seed: 8625 
  Problem seed: 164 
Setting seed: 8625
Applying Algorithm forest.splitbias.oob ...
Generating problem taski ...
Result:
List of 3
 $ idi   : int 3685
 $ lrn   : chr [1:3] "randomForest" "oob" ""
 $ result: Named num [1:5] 0.894 0.107 0.157 0.106 0.669
  ..- attr(*, "names")= chr [1:5] "ACC" "BER" "multiclass.brier" "MMCE" ...
NULL
Writing result file: /home/probst/Random_Forest/RFSplitbias/results/Splitbias-files/jobs/25/8625-result.RData
########## Executing jid=8626 ##########
Timestamp: 2016-04-28 15:57:04
Experiment: 
  Problem: taski 
  Problem parameters: idi=3685, learner=, teststat=, testtype= 
  Algorithm: forest.splitbias.oob 
  Algorithm parameters:  
  Replication: 43 
  Seed: 8626 
  Problem seed: 165 
Setting seed: 8626
Applying Algorithm forest.splitbias.oob ...
Generating problem taski ...
Result:
List of 3
 $ idi   : int 3685
 $ lrn   : chr [1:3] "randomForest" "oob" ""
 $ result: Named num [1:5] 0.9021 0.0977 0.1546 0.0979 0.6694
  ..- attr(*, "names")= chr [1:5] "ACC" "BER" "multiclass.brier" "MMCE" ...
NULL
Writing result file: /home/probst/Random_Forest/RFSplitbias/results/Splitbias-files/jobs/26/8626-result.RData
########## Executing jid=8627 ##########
Timestamp: 2016-04-28 15:57:05
Experiment: 
  Problem: taski 
  Problem parameters: idi=3685, learner=, teststat=, testtype= 
  Algorithm: forest.splitbias.oob 
  Algorithm parameters:  
  Replication: 44 
  Seed: 8627 
  Problem seed: 166 
Setting seed: 8627
Applying Algorithm forest.splitbias.oob ...
Generating problem taski ...
Result:
List of 3
 $ idi   : int 3685
 $ lrn   : chr [1:3] "randomForest" "oob" ""
 $ result: Named num [1:5] 0.9021 0.0977 0.1564 0.0979 0.6635
  ..- attr(*, "names")= chr [1:5] "ACC" "BER" "multiclass.brier" "MMCE" ...
NULL
Writing result file: /home/probst/Random_Forest/RFSplitbias/results/Splitbias-files/jobs/27/8627-result.RData
########## Executing jid=8628 ##########
Timestamp: 2016-04-28 15:57:06
Experiment: 
  Problem: taski 
  Problem parameters: idi=3685, learner=, teststat=, testtype= 
  Algorithm: forest.splitbias.oob 
  Algorithm parameters:  
  Replication: 45 
  Seed: 8628 
  Problem seed: 167 
Setting seed: 8628
Applying Algorithm forest.splitbias.oob ...
Generating problem taski ...
Result:
List of 3
 $ idi   : int 3685
 $ lrn   : chr [1:3] "randomForest" "oob" ""
 $ result: Named num [1:5] 0.898 0.103 0.156 0.102 0.663
  ..- attr(*, "names")= chr [1:5] "ACC" "BER" "multiclass.brier" "MMCE" ...
NULL
Writing result file: /home/probst/Random_Forest/RFSplitbias/results/Splitbias-files/jobs/28/8628-result.RData
########## Executing jid=8629 ##########
Timestamp: 2016-04-28 15:57:06
Experiment: 
  Problem: taski 
  Problem parameters: idi=3685, learner=, teststat=, testtype= 
  Algorithm: forest.splitbias.oob 
  Algorithm parameters:  
  Replication: 46 
  Seed: 8629 
  Problem seed: 168 
Setting seed: 8629
Applying Algorithm forest.splitbias.oob ...
Generating problem taski ...
Result:
List of 3
 $ idi   : int 3685
 $ lrn   : chr [1:3] "randomForest" "oob" ""
 $ result: Named num [1:5] 0.894 0.107 0.156 0.106 0.667
  ..- attr(*, "names")= chr [1:5] "ACC" "BER" "multiclass.brier" "MMCE" ...
NULL
Writing result file: /home/probst/Random_Forest/RFSplitbias/results/Splitbias-files/jobs/29/8629-result.RData
########## Executing jid=8630 ##########
Timestamp: 2016-04-28 15:57:07
Experiment: 
  Problem: taski 
  Problem parameters: idi=3685, learner=, teststat=, testtype= 
  Algorithm: forest.splitbias.oob 
  Algorithm parameters:  
  Replication: 47 
  Seed: 8630 
  Problem seed: 169 
Setting seed: 8630
Applying Algorithm forest.splitbias.oob ...
Generating problem taski ...
Result:
List of 3
 $ idi   : int 3685
 $ lrn   : chr [1:3] "randomForest" "oob" ""
 $ result: Named num [1:5] 0.894 0.108 0.158 0.106 0.659
  ..- attr(*, "names")= chr [1:5] "ACC" "BER" "multiclass.brier" "MMCE" ...
NULL
Writing result file: /home/probst/Random_Forest/RFSplitbias/results/Splitbias-files/jobs/30/8630-result.RData
########## Executing jid=8631 ##########
Timestamp: 2016-04-28 15:57:08
Experiment: 
  Problem: taski 
  Problem parameters: idi=3685, learner=, teststat=, testtype= 
  Algorithm: forest.splitbias.oob 
  Algorithm parameters:  
  Replication: 48 
  Seed: 8631 
  Problem seed: 170 
Setting seed: 8631
Applying Algorithm forest.splitbias.oob ...
Generating problem taski ...
Result:
List of 3
 $ idi   : int 3685
 $ lrn   : chr [1:3] "randomForest" "oob" ""
 $ result: Named num [1:5] 0.898 0.103 0.157 0.102 0.668
  ..- attr(*, "names")= chr [1:5] "ACC" "BER" "multiclass.brier" "MMCE" ...
NULL
Writing result file: /home/probst/Random_Forest/RFSplitbias/results/Splitbias-files/jobs/31/8631-result.RData
########## Executing jid=8632 ##########
Timestamp: 2016-04-28 15:57:08
Experiment: 
  Problem: taski 
  Problem parameters: idi=3685, learner=, teststat=, testtype= 
  Algorithm: forest.splitbias.oob 
  Algorithm parameters:  
  Replication: 49 
  Seed: 8632 
  Problem seed: 171 
Setting seed: 8632
Applying Algorithm forest.splitbias.oob ...
Generating problem taski ...
Result:
List of 3
 $ idi   : int 3685
 $ lrn   : chr [1:3] "randomForest" "oob" ""
 $ result: Named num [1:5] 0.898 0.103 0.16 0.102 0.672
  ..- attr(*, "names")= chr [1:5] "ACC" "BER" "multiclass.brier" "MMCE" ...
NULL
Writing result file: /home/probst/Random_Forest/RFSplitbias/results/Splitbias-files/jobs/32/8632-result.RData
########## Executing jid=8633 ##########
Timestamp: 2016-04-28 15:57:09
Experiment: 
  Problem: taski 
  Problem parameters: idi=3685, learner=, teststat=, testtype= 
  Algorithm: forest.splitbias.oob 
  Algorithm parameters:  
  Replication: 50 
  Seed: 8633 
  Problem seed: 172 
Setting seed: 8633
Applying Algorithm forest.splitbias.oob ...
Generating problem taski ...
Result:
List of 3
 $ idi   : int 3685
 $ lrn   : chr [1:3] "randomForest" "oob" ""
 $ result: Named num [1:5] 0.898 0.103 0.155 0.102 0.667
  ..- attr(*, "names")= chr [1:5] "ACC" "BER" "multiclass.brier" "MMCE" ...
NULL
Writing result file: /home/probst/Random_Forest/RFSplitbias/results/Splitbias-files/jobs/33/8633-result.RData
########## Executing jid=8634 ##########
Timestamp: 2016-04-28 15:57:10
Experiment: 
  Problem: taski 
  Problem parameters: idi=3744, learner=, teststat=, testtype= 
  Algorithm: forest.splitbias.oob 
  Algorithm parameters:  
  Replication: 11 
  Seed: 8634 
  Problem seed: 133 
Setting seed: 8634
Applying Algorithm forest.splitbias.oob ...
Generating problem taski ...
Result:
List of 3
 $ idi   : int 3744
 $ lrn   : chr [1:3] "randomForest" "oob" ""
 $ result: Named num [1:5] 1 0 0.00937 0 0.48849
  ..- attr(*, "names")= chr [1:5] "ACC" "BER" "multiclass.brier" "MMCE" ...
NULL
Writing result file: /home/probst/Random_Forest/RFSplitbias/results/Splitbias-files/jobs/34/8634-result.RData
########## Executing jid=8635 ##########
Timestamp: 2016-04-28 15:57:11
Experiment: 
  Problem: taski 
  Problem parameters: idi=3744, learner=, teststat=, testtype= 
  Algorithm: forest.splitbias.oob 
  Algorithm parameters:  
  Replication: 12 
  Seed: 8635 
  Problem seed: 134 
Setting seed: 8635
Applying Algorithm forest.splitbias.oob ...
Generating problem taski ...
Result:
List of 3
 $ idi   : int 3744
 $ lrn   : chr [1:3] "randomForest" "oob" ""
 $ result: Named num [1:5] 1 0 0.00958 0 0.52207
  ..- attr(*, "names")= chr [1:5] "ACC" "BER" "multiclass.brier" "MMCE" ...
NULL
Writing result file: /home/probst/Random_Forest/RFSplitbias/results/Splitbias-files/jobs/35/8635-result.RData
########## Executing jid=8636 ##########
Timestamp: 2016-04-28 15:57:11
Experiment: 
  Problem: taski 
  Problem parameters: idi=3744, learner=, teststat=, testtype= 
  Algorithm: forest.splitbias.oob 
  Algorithm parameters:  
  Replication: 13 
  Seed: 8636 
  Problem seed: 135 
Setting seed: 8636
Applying Algorithm forest.splitbias.oob ...
Generating problem taski ...
Result:
List of 3
 $ idi   : int 3744
 $ lrn   : chr [1:3] "randomForest" "oob" ""
 $ result: Named num [1:5] 0.99648 0.00352 0.01032 0.00352 0.51061
  ..- attr(*, "names")= chr [1:5] "ACC" "BER" "multiclass.brier" "MMCE" ...
NULL
Writing result file: /home/probst/Random_Forest/RFSplitbias/results/Splitbias-files/jobs/36/8636-result.RData
########## Executing jid=8637 ##########
Timestamp: 2016-04-28 15:57:12
Experiment: 
  Problem: taski 
  Problem parameters: idi=3744, learner=, teststat=, testtype= 
  Algorithm: forest.splitbias.oob 
  Algorithm parameters:  
  Replication: 14 
  Seed: 8637 
  Problem seed: 136 
Setting seed: 8637
Applying Algorithm forest.splitbias.oob ...
Generating problem taski ...
Result:
List of 3
 $ idi   : int 3744
 $ lrn   : chr [1:3] "randomForest" "oob" ""
 $ result: Named num [1:5] 1 0 0.0104 0 0.5085
  ..- attr(*, "names")= chr [1:5] "ACC" "BER" "multiclass.brier" "MMCE" ...
NULL
Writing result file: /home/probst/Random_Forest/RFSplitbias/results/Splitbias-files/jobs/37/8637-result.RData
########## Executing jid=8638 ##########
Timestamp: 2016-04-28 15:57:13
Experiment: 
  Problem: taski 
  Problem parameters: idi=3744, learner=, teststat=, testtype= 
  Algorithm: forest.splitbias.oob 
  Algorithm parameters:  
  Replication: 15 
  Seed: 8638 
  Problem seed: 137 
Setting seed: 8638
Applying Algorithm forest.splitbias.oob ...
Generating problem taski ...
Result:
List of 3
 $ idi   : int 3744
 $ lrn   : chr [1:3] "randomForest" "oob" ""
 $ result: Named num [1:5] 1 0 0.0102 0 0.507
  ..- attr(*, "names")= chr [1:5] "ACC" "BER" "multiclass.brier" "MMCE" ...
NULL
Writing result file: /home/probst/Random_Forest/RFSplitbias/results/Splitbias-files/jobs/38/8638-result.RData
########## Executing jid=8639 ##########
Timestamp: 2016-04-28 15:57:13
Experiment: 
  Problem: taski 
  Problem parameters: idi=3744, learner=, teststat=, testtype= 
  Algorithm: forest.splitbias.oob 
  Algorithm parameters:  
  Replication: 16 
  Seed: 8639 
  Problem seed: 138 
Setting seed: 8639
Applying Algorithm forest.splitbias.oob ...
Generating problem taski ...
Result:
List of 3
 $ idi   : int 3744
 $ lrn   : chr [1:3] "randomForest" "oob" ""
 $ result: Named num [1:5] 1 0 0.00985 0 0.49603
  ..- attr(*, "names")= chr [1:5] "ACC" "BER" "multiclass.brier" "MMCE" ...
NULL
Writing result file: /home/probst/Random_Forest/RFSplitbias/results/Splitbias-files/jobs/39/8639-result.RData
########## Executing jid=8640 ##########
Timestamp: 2016-04-28 15:57:14
Experiment: 
  Problem: taski 
  Problem parameters: idi=3744, learner=, teststat=, testtype= 
  Algorithm: forest.splitbias.oob 
  Algorithm parameters:  
  Replication: 17 
  Seed: 8640 
  Problem seed: 139 
Setting seed: 8640
Applying Algorithm forest.splitbias.oob ...
Generating problem taski ...
Result:
List of 3
 $ idi   : int 3744
 $ lrn   : chr [1:3] "randomForest" "oob" ""
 $ result: Named num [1:5] 1 0 0.00935 0 0.4966
  ..- attr(*, "names")= chr [1:5] "ACC" "BER" "multiclass.brier" "MMCE" ...
NULL
Writing result file: /home/probst/Random_Forest/RFSplitbias/results/Splitbias-files/jobs/40/8640-result.RData
########## Executing jid=8641 ##########
Timestamp: 2016-04-28 15:57:15
Experiment: 
  Problem: taski 
  Problem parameters: idi=3744, learner=, teststat=, testtype= 
  Algorithm: forest.splitbias.oob 
  Algorithm parameters:  
  Replication: 18 
  Seed: 8641 
  Problem seed: 140 
Setting seed: 8641
Applying Algorithm forest.splitbias.oob ...
Generating problem taski ...
Result:
List of 3
 $ idi   : int 3744
 $ lrn   : chr [1:3] "randomForest" "oob" ""
 $ result: Named num [1:5] 1 0 0.00898 0 0.51287
  ..- attr(*, "names")= chr [1:5] "ACC" "BER" "multiclass.brier" "MMCE" ...
NULL
Writing result file: /home/probst/Random_Forest/RFSplitbias/results/Splitbias-files/jobs/41/8641-result.RData
########## Executing jid=8642 ##########
Timestamp: 2016-04-28 15:57:15
Experiment: 
  Problem: taski 
  Problem parameters: idi=3744, learner=, teststat=, testtype= 
  Algorithm: forest.splitbias.oob 
  Algorithm parameters:  
  Replication: 19 
  Seed: 8642 
  Problem seed: 141 
Setting seed: 8642
Applying Algorithm forest.splitbias.oob ...
Generating problem taski ...
Result:
List of 3
 $ idi   : int 3744
 $ lrn   : chr [1:3] "randomForest" "oob" ""
 $ result: Named num [1:5] 0.99648 0.00352 0.00973 0.00352 0.51979
  ..- attr(*, "names")= chr [1:5] "ACC" "BER" "multiclass.brier" "MMCE" ...
NULL
Writing result file: /home/probst/Random_Forest/RFSplitbias/results/Splitbias-files/jobs/42/8642-result.RData
########## Executing jid=8643 ##########
Timestamp: 2016-04-28 15:57:16
Experiment: 
  Problem: taski 
  Problem parameters: idi=3744, learner=, teststat=, testtype= 
  Algorithm: forest.splitbias.oob 
  Algorithm parameters:  
  Replication: 20 
  Seed: 8643 
  Problem seed: 142 
Setting seed: 8643
Applying Algorithm forest.splitbias.oob ...
Generating problem taski ...
Result:
List of 3
 $ idi   : int 3744
 $ lrn   : chr [1:3] "randomForest" "oob" ""
 $ result: Named num [1:5] 0.99648 0.00352 0.00969 0.00352 0.51081
  ..- attr(*, "names")= chr [1:5] "ACC" "BER" "multiclass.brier" "MMCE" ...
NULL
Writing result file: /home/probst/Random_Forest/RFSplitbias/results/Splitbias-files/jobs/43/8643-result.RData
########## Executing jid=8644 ##########
Timestamp: 2016-04-28 15:57:17
Experiment: 
  Problem: taski 
  Problem parameters: idi=3744, learner=, teststat=, testtype= 
  Algorithm: forest.splitbias.oob 
  Algorithm parameters:  
  Replication: 21 
  Seed: 8644 
  Problem seed: 143 
Setting seed: 8644
Applying Algorithm forest.splitbias.oob ...
Generating problem taski ...
Result:
List of 3
 $ idi   : int 3744
 $ lrn   : chr [1:3] "randomForest" "oob" ""
 $ result: Named num [1:5] 0.99648 0.00352 0.01034 0.00352 0.50459
  ..- attr(*, "names")= chr [1:5] "ACC" "BER" "multiclass.brier" "MMCE" ...
NULL
Writing result file: /home/probst/Random_Forest/RFSplitbias/results/Splitbias-files/jobs/44/8644-result.RData
########## Executing jid=8645 ##########
Timestamp: 2016-04-28 15:57:17
Experiment: 
  Problem: taski 
  Problem parameters: idi=3744, learner=, teststat=, testtype= 
  Algorithm: forest.splitbias.oob 
  Algorithm parameters:  
  Replication: 22 
  Seed: 8645 
  Problem seed: 144 
Setting seed: 8645
Applying Algorithm forest.splitbias.oob ...
Generating problem taski ...
Result:
List of 3
 $ idi   : int 3744
 $ lrn   : chr [1:3] "randomForest" "oob" ""
 $ result: Named num [1:5] 1 0 0.0094 0 0.5066
  ..- attr(*, "names")= chr [1:5] "ACC" "BER" "multiclass.brier" "MMCE" ...
NULL
Writing result file: /home/probst/Random_Forest/RFSplitbias/results/Splitbias-files/jobs/45/8645-result.RData
########## Executing jid=8646 ##########
Timestamp: 2016-04-28 15:57:18
Experiment: 
  Problem: taski 
  Problem parameters: idi=3744, learner=, teststat=, testtype= 
  Algorithm: forest.splitbias.oob 
  Algorithm parameters:  
  Replication: 23 
  Seed: 8646 
  Problem seed: 145 
Setting seed: 8646
Applying Algorithm forest.splitbias.oob ...
Generating problem taski ...
Result:
List of 3
 $ idi   : int 3744
 $ lrn   : chr [1:3] "randomForest" "oob" ""
 $ result: Named num [1:5] 1 0 0.0092 0 0.5242
  ..- attr(*, "names")= chr [1:5] "ACC" "BER" "multiclass.brier" "MMCE" ...
NULL
Writing result file: /home/probst/Random_Forest/RFSplitbias/results/Splitbias-files/jobs/46/8646-result.RData
########## Executing jid=8647 ##########
Timestamp: 2016-04-28 15:57:19
Experiment: 
  Problem: taski 
  Problem parameters: idi=3744, learner=, teststat=, testtype= 
  Algorithm: forest.splitbias.oob 
  Algorithm parameters:  
  Replication: 24 
  Seed: 8647 
  Problem seed: 146 
Setting seed: 8647
Applying Algorithm forest.splitbias.oob ...
Generating problem taski ...
Result:
List of 3
 $ idi   : int 3744
 $ lrn   : chr [1:3] "randomForest" "oob" ""
 $ result: Named num [1:5] 1 0 0.00928 0 0.50865
  ..- attr(*, "names")= chr [1:5] "ACC" "BER" "multiclass.brier" "MMCE" ...
NULL
Writing result file: /home/probst/Random_Forest/RFSplitbias/results/Splitbias-files/jobs/47/8647-result.RData
########## Executing jid=8648 ##########
Timestamp: 2016-04-28 15:57:19
Experiment: 
  Problem: taski 
  Problem parameters: idi=3744, learner=, teststat=, testtype= 
  Algorithm: forest.splitbias.oob 
  Algorithm parameters:  
  Replication: 25 
  Seed: 8648 
  Problem seed: 147 
Setting seed: 8648
Applying Algorithm forest.splitbias.oob ...
Generating problem taski ...
Result:
List of 3
 $ idi   : int 3744
 $ lrn   : chr [1:3] "randomForest" "oob" ""
 $ result: Named num [1:5] 1 0 0.0102 0 0.5099
  ..- attr(*, "names")= chr [1:5] "ACC" "BER" "multiclass.brier" "MMCE" ...
NULL
Writing result file: /home/probst/Random_Forest/RFSplitbias/results/Splitbias-files/jobs/48/8648-result.RData
########## Executing jid=8649 ##########
Timestamp: 2016-04-28 15:57:20
Experiment: 
  Problem: taski 
  Problem parameters: idi=3744, learner=, teststat=, testtype= 
  Algorithm: forest.splitbias.oob 
  Algorithm parameters:  
  Replication: 26 
  Seed: 8649 
  Problem seed: 148 
Setting seed: 8649
Applying Algorithm forest.splitbias.oob ...
Generating problem taski ...
Result:
List of 3
 $ idi   : int 3744
 $ lrn   : chr [1:3] "randomForest" "oob" ""
 $ result: Named num [1:5] 0.99648 0.00352 0.00977 0.00352 0.49871
  ..- attr(*, "names")= chr [1:5] "ACC" "BER" "multiclass.brier" "MMCE" ...
NULL
Writing result file: /home/probst/Random_Forest/RFSplitbias/results/Splitbias-files/jobs/49/8649-result.RData
########## Executing jid=8650 ##########
Timestamp: 2016-04-28 15:57:21
Experiment: 
  Problem: taski 
  Problem parameters: idi=3744, learner=, teststat=, testtype= 
  Algorithm: forest.splitbias.oob 
  Algorithm parameters:  
  Replication: 27 
  Seed: 8650 
  Problem seed: 149 
Setting seed: 8650
Applying Algorithm forest.splitbias.oob ...
Generating problem taski ...
Result:
List of 3
 $ idi   : int 3744
 $ lrn   : chr [1:3] "randomForest" "oob" ""
 $ result: Named num [1:5] 0.99648 0.00352 0.00975 0.00352 0.4966
  ..- attr(*, "names")= chr [1:5] "ACC" "BER" "multiclass.brier" "MMCE" ...
NULL
Writing result file: /home/probst/Random_Forest/RFSplitbias/results/Splitbias-files/jobs/50/8650-result.RData
########## Executing jid=8651 ##########
Timestamp: 2016-04-28 15:57:21
Experiment: 
  Problem: taski 
  Problem parameters: idi=3744, learner=, teststat=, testtype= 
  Algorithm: forest.splitbias.oob 
  Algorithm parameters:  
  Replication: 28 
  Seed: 8651 
  Problem seed: 150 
Setting seed: 8651
Applying Algorithm forest.splitbias.oob ...
Generating problem taski ...
Result:
List of 3
 $ idi   : int 3744
 $ lrn   : chr [1:3] "randomForest" "oob" ""
 $ result: Named num [1:5] 1 0 0.00928 0 0.50575
  ..- attr(*, "names")= chr [1:5] "ACC" "BER" "multiclass.brier" "MMCE" ...
NULL
Writing result file: /home/probst/Random_Forest/RFSplitbias/results/Splitbias-files/jobs/51/8651-result.RData
########## Executing jid=8652 ##########
Timestamp: 2016-04-28 15:57:22
Experiment: 
  Problem: taski 
  Problem parameters: idi=3744, learner=, teststat=, testtype= 
  Algorithm: forest.splitbias.oob 
  Algorithm parameters:  
  Replication: 29 
  Seed: 8652 
  Problem seed: 151 
Setting seed: 8652
Applying Algorithm forest.splitbias.oob ...
Generating problem taski ...
Result:
List of 3
 $ idi   : int 3744
 $ lrn   : chr [1:3] "randomForest" "oob" ""
 $ result: Named num [1:5] 0.99648 0.00352 0.01007 0.00352 0.5006
  ..- attr(*, "names")= chr [1:5] "ACC" "BER" "multiclass.brier" "MMCE" ...
NULL
Writing result file: /home/probst/Random_Forest/RFSplitbias/results/Splitbias-files/jobs/52/8652-result.RData
########## Executing jid=8653 ##########
Timestamp: 2016-04-28 15:57:23
Experiment: 
  Problem: taski 
  Problem parameters: idi=3744, learner=, teststat=, testtype= 
  Algorithm: forest.splitbias.oob 
  Algorithm parameters:  
  Replication: 30 
  Seed: 8653 
  Problem seed: 152 
Setting seed: 8653
Applying Algorithm forest.splitbias.oob ...
Generating problem taski ...
Result:
List of 3
 $ idi   : int 3744
 $ lrn   : chr [1:3] "randomForest" "oob" ""
 $ result: Named num [1:5] 1 0 0.00937 0 0.50169
  ..- attr(*, "names")= chr [1:5] "ACC" "BER" "multiclass.brier" "MMCE" ...
NULL
Writing result file: /home/probst/Random_Forest/RFSplitbias/results/Splitbias-files/jobs/53/8653-result.RData
########## Executing jid=8654 ##########
Timestamp: 2016-04-28 15:57:23
Experiment: 
  Problem: taski 
  Problem parameters: idi=3744, learner=, teststat=, testtype= 
  Algorithm: forest.splitbias.oob 
  Algorithm parameters:  
  Replication: 31 
  Seed: 8654 
  Problem seed: 153 
Setting seed: 8654
Applying Algorithm forest.splitbias.oob ...
Generating problem taski ...
Result:
List of 3
 $ idi   : int 3744
 $ lrn   : chr [1:3] "randomForest" "oob" ""
 $ result: Named num [1:5] 0.99648 0.00352 0.00969 0.00352 0.51959
  ..- attr(*, "names")= chr [1:5] "ACC" "BER" "multiclass.brier" "MMCE" ...
NULL
Writing result file: /home/probst/Random_Forest/RFSplitbias/results/Splitbias-files/jobs/54/8654-result.RData
########## Executing jid=8655 ##########
Timestamp: 2016-04-28 15:57:24
Experiment: 
  Problem: taski 
  Problem parameters: idi=3744, learner=, teststat=, testtype= 
  Algorithm: forest.splitbias.oob 
  Algorithm parameters:  
  Replication: 32 
  Seed: 8655 
  Problem seed: 154 
Setting seed: 8655
Applying Algorithm forest.splitbias.oob ...
Generating problem taski ...
Result:
List of 3
 $ idi   : int 3744
 $ lrn   : chr [1:3] "randomForest" "oob" ""
 $ result: Named num [1:5] 1 0 0.0101 0 0.4877
  ..- attr(*, "names")= chr [1:5] "ACC" "BER" "multiclass.brier" "MMCE" ...
NULL
Writing result file: /home/probst/Random_Forest/RFSplitbias/results/Splitbias-files/jobs/55/8655-result.RData
########## Executing jid=8656 ##########
Timestamp: 2016-04-28 15:57:25
Experiment: 
  Problem: taski 
  Problem parameters: idi=3744, learner=, teststat=, testtype= 
  Algorithm: forest.splitbias.oob 
  Algorithm parameters:  
  Replication: 33 
  Seed: 8656 
  Problem seed: 155 
Setting seed: 8656
Applying Algorithm forest.splitbias.oob ...
Generating problem taski ...
Result:
List of 3
 $ idi   : int 3744
 $ lrn   : chr [1:3] "randomForest" "oob" ""
 $ result: Named num [1:5] 1 0 0.00979 0 0.51567
  ..- attr(*, "names")= chr [1:5] "ACC" "BER" "multiclass.brier" "MMCE" ...
NULL
Writing result file: /home/probst/Random_Forest/RFSplitbias/results/Splitbias-files/jobs/56/8656-result.RData
########## Executing jid=8657 ##########
Timestamp: 2016-04-28 15:57:25
Experiment: 
  Problem: taski 
  Problem parameters: idi=3744, learner=, teststat=, testtype= 
  Algorithm: forest.splitbias.oob 
  Algorithm parameters:  
  Replication: 34 
  Seed: 8657 
  Problem seed: 156 
Setting seed: 8657
Applying Algorithm forest.splitbias.oob ...
Generating problem taski ...
Result:
List of 3
 $ idi   : int 3744
 $ lrn   : chr [1:3] "randomForest" "oob" ""
 $ result: Named num [1:5] 1 0 0.00943 0 0.51309
  ..- attr(*, "names")= chr [1:5] "ACC" "BER" "multiclass.brier" "MMCE" ...
NULL
Writing result file: /home/probst/Random_Forest/RFSplitbias/results/Splitbias-files/jobs/57/8657-result.RData
########## Executing jid=8658 ##########
Timestamp: 2016-04-28 15:57:26
Experiment: 
  Problem: taski 
  Problem parameters: idi=3744, learner=, teststat=, testtype= 
  Algorithm: forest.splitbias.oob 
  Algorithm parameters:  
  Replication: 35 
  Seed: 8658 
  Problem seed: 157 
Setting seed: 8658
Applying Algorithm forest.splitbias.oob ...
Generating problem taski ...
Result:
List of 3
 $ idi   : int 3744
 $ lrn   : chr [1:3] "randomForest" "oob" ""
 $ result: Named num [1:5] 1 0 0.00938 0 0.52398
  ..- attr(*, "names")= chr [1:5] "ACC" "BER" "multiclass.brier" "MMCE" ...
NULL
Writing result file: /home/probst/Random_Forest/RFSplitbias/results/Splitbias-files/jobs/58/8658-result.RData
########## Executing jid=8659 ##########
Timestamp: 2016-04-28 15:57:27
Experiment: 
  Problem: taski 
  Problem parameters: idi=3744, learner=, teststat=, testtype= 
  Algorithm: forest.splitbias.oob 
  Algorithm parameters:  
  Replication: 36 
  Seed: 8659 
  Problem seed: 158 
Setting seed: 8659
Applying Algorithm forest.splitbias.oob ...
Generating problem taski ...
Result:
List of 3
 $ idi   : int 3744
 $ lrn   : chr [1:3] "randomForest" "oob" ""
 $ result: Named num [1:5] 1 0 0.0107 0 0.5228
  ..- attr(*, "names")= chr [1:5] "ACC" "BER" "multiclass.brier" "MMCE" ...
NULL
Writing result file: /home/probst/Random_Forest/RFSplitbias/results/Splitbias-files/jobs/59/8659-result.RData
########## Executing jid=8660 ##########
Timestamp: 2016-04-28 15:57:27
Experiment: 
  Problem: taski 
  Problem parameters: idi=3744, learner=, teststat=, testtype= 
  Algorithm: forest.splitbias.oob 
  Algorithm parameters:  
  Replication: 37 
  Seed: 8660 
  Problem seed: 159 
Setting seed: 8660
Applying Algorithm forest.splitbias.oob ...
Generating problem taski ...
Result:
List of 3
 $ idi   : int 3744
 $ lrn   : chr [1:3] "randomForest" "oob" ""
 $ result: Named num [1:5] 1 0 0.00907 0 0.52403
  ..- attr(*, "names")= chr [1:5] "ACC" "BER" "multiclass.brier" "MMCE" ...
NULL
Writing result file: /home/probst/Random_Forest/RFSplitbias/results/Splitbias-files/jobs/60/8660-result.RData
########## Executing jid=8661 ##########
Timestamp: 2016-04-28 15:57:28
Experiment: 
  Problem: taski 
  Problem parameters: idi=3744, learner=, teststat=, testtype= 
  Algorithm: forest.splitbias.oob 
  Algorithm parameters:  
  Replication: 38 
  Seed: 8661 
  Problem seed: 160 
Setting seed: 8661
Applying Algorithm forest.splitbias.oob ...
Generating problem taski ...
Result:
List of 3
 $ idi   : int 3744
 $ lrn   : chr [1:3] "randomForest" "oob" ""
 $ result: Named num [1:5] 1 0 0.00924 0 0.50697
  ..- attr(*, "names")= chr [1:5] "ACC" "BER" "multiclass.brier" "MMCE" ...
NULL
Writing result file: /home/probst/Random_Forest/RFSplitbias/results/Splitbias-files/jobs/61/8661-result.RData
########## Executing jid=8662 ##########
Timestamp: 2016-04-28 15:57:29
Experiment: 
  Problem: taski 
  Problem parameters: idi=3744, learner=, teststat=, testtype= 
  Algorithm: forest.splitbias.oob 
  Algorithm parameters:  
  Replication: 39 
  Seed: 8662 
  Problem seed: 161 
Setting seed: 8662
Applying Algorithm forest.splitbias.oob ...
Generating problem taski ...
Result:
List of 3
 $ idi   : int 3744
 $ lrn   : chr [1:3] "randomForest" "oob" ""
 $ result: Named num [1:5] 1 0 0.0095 0 0.4988
  ..- attr(*, "names")= chr [1:5] "ACC" "BER" "multiclass.brier" "MMCE" ...
NULL
Writing result file: /home/probst/Random_Forest/RFSplitbias/results/Splitbias-files/jobs/62/8662-result.RData
########## Executing jid=8663 ##########
Timestamp: 2016-04-28 15:57:29
Experiment: 
  Problem: taski 
  Problem parameters: idi=3744, learner=, teststat=, testtype= 
  Algorithm: forest.splitbias.oob 
  Algorithm parameters:  
  Replication: 40 
  Seed: 8663 
  Problem seed: 162 
Setting seed: 8663
Applying Algorithm forest.splitbias.oob ...
Generating problem taski ...
Result:
List of 3
 $ idi   : int 3744
 $ lrn   : chr [1:3] "randomForest" "oob" ""
 $ result: Named num [1:5] 1 0 0.00998 0 0.51666
  ..- attr(*, "names")= chr [1:5] "ACC" "BER" "multiclass.brier" "MMCE" ...
NULL
Writing result file: /home/probst/Random_Forest/RFSplitbias/results/Splitbias-files/jobs/63/8663-result.RData
########## Executing jid=8664 ##########
Timestamp: 2016-04-28 15:57:30
Experiment: 
  Problem: taski 
  Problem parameters: idi=3744, learner=, teststat=, testtype= 
  Algorithm: forest.splitbias.oob 
  Algorithm parameters:  
  Replication: 41 
  Seed: 8664 
  Problem seed: 163 
Setting seed: 8664
Applying Algorithm forest.splitbias.oob ...
Generating problem taski ...
Result:
List of 3
 $ idi   : int 3744
 $ lrn   : chr [1:3] "randomForest" "oob" ""
 $ result: Named num [1:5] 1 0 0.00897 0 0.50526
  ..- attr(*, "names")= chr [1:5] "ACC" "BER" "multiclass.brier" "MMCE" ...
NULL
Writing result file: /home/probst/Random_Forest/RFSplitbias/results/Splitbias-files/jobs/64/8664-result.RData
########## Executing jid=8665 ##########
Timestamp: 2016-04-28 15:57:31
Experiment: 
  Problem: taski 
  Problem parameters: idi=3744, learner=, teststat=, testtype= 
  Algorithm: forest.splitbias.oob 
  Algorithm parameters:  
  Replication: 42 
  Seed: 8665 
  Problem seed: 164 
Setting seed: 8665
Applying Algorithm forest.splitbias.oob ...
Generating problem taski ...
Result:
List of 3
 $ idi   : int 3744
 $ lrn   : chr [1:3] "randomForest" "oob" ""
 $ result: Named num [1:5] 1 0 0.0101 0 0.5096
  ..- attr(*, "names")= chr [1:5] "ACC" "BER" "multiclass.brier" "MMCE" ...
NULL
Writing result file: /home/probst/Random_Forest/RFSplitbias/results/Splitbias-files/jobs/65/8665-result.RData
########## Executing jid=8666 ##########
Timestamp: 2016-04-28 15:57:32
Experiment: 
  Problem: taski 
  Problem parameters: idi=3744, learner=, teststat=, testtype= 
  Algorithm: forest.splitbias.oob 
  Algorithm parameters:  
  Replication: 43 
  Seed: 8666 
  Problem seed: 165 
Setting seed: 8666
Applying Algorithm forest.splitbias.oob ...
Generating problem taski ...
Result:
List of 3
 $ idi   : int 3744
 $ lrn   : chr [1:3] "randomForest" "oob" ""
 $ result: Named num [1:5] 0.99648 0.00352 0.01001 0.00352 0.50972
  ..- attr(*, "names")= chr [1:5] "ACC" "BER" "multiclass.brier" "MMCE" ...
NULL
Writing result file: /home/probst/Random_Forest/RFSplitbias/results/Splitbias-files/jobs/66/8666-result.RData
########## Executing jid=8667 ##########
Timestamp: 2016-04-28 15:57:32
Experiment: 
  Problem: taski 
  Problem parameters: idi=3744, learner=, teststat=, testtype= 
  Algorithm: forest.splitbias.oob 
  Algorithm parameters:  
  Replication: 44 
  Seed: 8667 
  Problem seed: 166 
Setting seed: 8667
Applying Algorithm forest.splitbias.oob ...
Generating problem taski ...
Result:
List of 3
 $ idi   : int 3744
 $ lrn   : chr [1:3] "randomForest" "oob" ""
 $ result: Named num [1:5] 1 0 0.00924 0 0.50169
  ..- attr(*, "names")= chr [1:5] "ACC" "BER" "multiclass.brier" "MMCE" ...
NULL
Writing result file: /home/probst/Random_Forest/RFSplitbias/results/Splitbias-files/jobs/67/8667-result.RData
########## Executing jid=8668 ##########
Timestamp: 2016-04-28 15:57:33
Experiment: 
  Problem: taski 
  Problem parameters: idi=3744, learner=, teststat=, testtype= 
  Algorithm: forest.splitbias.oob 
  Algorithm parameters:  
  Replication: 45 
  Seed: 8668 
  Problem seed: 167 
Setting seed: 8668
Applying Algorithm forest.splitbias.oob ...
Generating problem taski ...
Result:
List of 3
 $ idi   : int 3744
 $ lrn   : chr [1:3] "randomForest" "oob" ""
 $ result: Named num [1:5] 0.99648 0.00352 0.00961 0.00352 0.51069
  ..- attr(*, "names")= chr [1:5] "ACC" "BER" "multiclass.brier" "MMCE" ...
NULL
Writing result file: /home/probst/Random_Forest/RFSplitbias/results/Splitbias-files/jobs/68/8668-result.RData
########## Executing jid=8669 ##########
Timestamp: 2016-04-28 15:57:34
Experiment: 
  Problem: taski 
  Problem parameters: idi=3744, learner=, teststat=, testtype= 
  Algorithm: forest.splitbias.oob 
  Algorithm parameters:  
  Replication: 46 
  Seed: 8669 
  Problem seed: 168 
Setting seed: 8669
Applying Algorithm forest.splitbias.oob ...
Generating problem taski ...
Result:
List of 3
 $ idi   : int 3744
 $ lrn   : chr [1:3] "randomForest" "oob" ""
 $ result: Named num [1:5] 1 0 0.00904 0 0.52514
  ..- attr(*, "names")= chr [1:5] "ACC" "BER" "multiclass.brier" "MMCE" ...
NULL
Writing result file: /home/probst/Random_Forest/RFSplitbias/results/Splitbias-files/jobs/69/8669-result.RData
########## Executing jid=8670 ##########
Timestamp: 2016-04-28 15:57:34
Experiment: 
  Problem: taski 
  Problem parameters: idi=3744, learner=, teststat=, testtype= 
  Algorithm: forest.splitbias.oob 
  Algorithm parameters:  
  Replication: 47 
  Seed: 8670 
  Problem seed: 169 
Setting seed: 8670
Applying Algorithm forest.splitbias.oob ...
Generating problem taski ...
Result:
List of 3
 $ idi   : int 3744
 $ lrn   : chr [1:3] "randomForest" "oob" ""
 $ result: Named num [1:5] 1 0 0.0087 0 0.5091
  ..- attr(*, "names")= chr [1:5] "ACC" "BER" "multiclass.brier" "MMCE" ...
NULL
Writing result file: /home/probst/Random_Forest/RFSplitbias/results/Splitbias-files/jobs/70/8670-result.RData
########## Executing jid=8671 ##########
Timestamp: 2016-04-28 15:57:35
Experiment: 
  Problem: taski 
  Problem parameters: idi=3744, learner=, teststat=, testtype= 
  Algorithm: forest.splitbias.oob 
  Algorithm parameters:  
  Replication: 48 
  Seed: 8671 
  Problem seed: 170 
Setting seed: 8671
Applying Algorithm forest.splitbias.oob ...
Generating problem taski ...
Result:
List of 3
 $ idi   : int 3744
 $ lrn   : chr [1:3] "randomForest" "oob" ""
 $ result: Named num [1:5] 0.99648 0.00352 0.01011 0.00352 0.4904
  ..- attr(*, "names")= chr [1:5] "ACC" "BER" "multiclass.brier" "MMCE" ...
NULL
Writing result file: /home/probst/Random_Forest/RFSplitbias/results/Splitbias-files/jobs/71/8671-result.RData
########## Executing jid=8672 ##########
Timestamp: 2016-04-28 15:57:36
Experiment: 
  Problem: taski 
  Problem parameters: idi=3744, learner=, teststat=, testtype= 
  Algorithm: forest.splitbias.oob 
  Algorithm parameters:  
  Replication: 49 
  Seed: 8672 
  Problem seed: 171 
Setting seed: 8672
Applying Algorithm forest.splitbias.oob ...
Generating problem taski ...
Result:
List of 3
 $ idi   : int 3744
 $ lrn   : chr [1:3] "randomForest" "oob" ""
 $ result: Named num [1:5] 1 0 0.0101 0 0.5104
  ..- attr(*, "names")= chr [1:5] "ACC" "BER" "multiclass.brier" "MMCE" ...
NULL
Writing result file: /home/probst/Random_Forest/RFSplitbias/results/Splitbias-files/jobs/72/8672-result.RData
########## Executing jid=8673 ##########
Timestamp: 2016-04-28 15:57:36
Experiment: 
  Problem: taski 
  Problem parameters: idi=3744, learner=, teststat=, testtype= 
  Algorithm: forest.splitbias.oob 
  Algorithm parameters:  
  Replication: 50 
  Seed: 8673 
  Problem seed: 172 
Setting seed: 8673
Applying Algorithm forest.splitbias.oob ...
Generating problem taski ...
Result:
List of 3
 $ idi   : int 3744
 $ lrn   : chr [1:3] "randomForest" "oob" ""
 $ result: Named num [1:5] 1 0 0.0101 0 0.513
  ..- attr(*, "names")= chr [1:5] "ACC" "BER" "multiclass.brier" "MMCE" ...
NULL
Writing result file: /home/probst/Random_Forest/RFSplitbias/results/Splitbias-files/jobs/73/8673-result.RData
########## Executing jid=8674 ##########
Timestamp: 2016-04-28 15:57:37
Experiment: 
  Problem: taski 
  Problem parameters: idi=11, learner=, teststat=, testtype= 
  Algorithm: forest.splitbias.oob 
  Algorithm parameters:  
  Replication: 11 
  Seed: 8674 
  Problem seed: 133 
Setting seed: 8674
Applying Algorithm forest.splitbias.oob ...
Generating problem taski ...
Result:
List of 3
 $ idi   : int 11
 $ lrn   : chr [1:3] "randomForest" "oob" ""
 $ result: Named num [1:5] 0.834 0.397 0.225 0.166 0.836
  ..- attr(*, "names")= chr [1:5] "ACC" "BER" "multiclass.brier" "MMCE" ...
NULL
Writing result file: /home/probst/Random_Forest/RFSplitbias/results/Splitbias-files/jobs/74/8674-result.RData
########## Executing jid=8675 ##########
Timestamp: 2016-04-28 15:57:38
Experiment: 
  Problem: taski 
  Problem parameters: idi=11, learner=, teststat=, testtype= 
  Algorithm: forest.splitbias.oob 
  Algorithm parameters:  
  Replication: 12 
  Seed: 8675 
  Problem seed: 134 
Setting seed: 8675
Applying Algorithm forest.splitbias.oob ...
Generating problem taski ...
Result:
List of 3
 $ idi   : int 11
 $ lrn   : chr [1:3] "randomForest" "oob" ""
 $ result: Named num [1:5] 0.834 0.397 0.224 0.166 0.834
  ..- attr(*, "names")= chr [1:5] "ACC" "BER" "multiclass.brier" "MMCE" ...
NULL
Writing result file: /home/probst/Random_Forest/RFSplitbias/results/Splitbias-files/jobs/75/8675-result.RData
########## Executing jid=8676 ##########
Timestamp: 2016-04-28 15:57:39
Experiment: 
  Problem: taski 
  Problem parameters: idi=11, learner=, teststat=, testtype= 
  Algorithm: forest.splitbias.oob 
  Algorithm parameters:  
  Replication: 13 
  Seed: 8676 
  Problem seed: 135 
Setting seed: 8676
Applying Algorithm forest.splitbias.oob ...
Generating problem taski ...
Result:
List of 3
 $ idi   : int 11
 $ lrn   : chr [1:3] "randomForest" "oob" ""
 $ result: Named num [1:5] 0.832 0.398 0.225 0.168 0.836
  ..- attr(*, "names")= chr [1:5] "ACC" "BER" "multiclass.brier" "MMCE" ...
NULL
Writing result file: /home/probst/Random_Forest/RFSplitbias/results/Splitbias-files/jobs/76/8676-result.RData
########## Executing jid=8677 ##########
Timestamp: 2016-04-28 15:57:40
Experiment: 
  Problem: taski 
  Problem parameters: idi=11, learner=, teststat=, testtype= 
  Algorithm: forest.splitbias.oob 
  Algorithm parameters:  
  Replication: 14 
  Seed: 8677 
  Problem seed: 136 
Setting seed: 8677
Applying Algorithm forest.splitbias.oob ...
Generating problem taski ...
Result:
List of 3
 $ idi   : int 11
 $ lrn   : chr [1:3] "randomForest" "oob" ""
 $ result: Named num [1:5] 0.832 0.398 0.225 0.168 0.835
  ..- attr(*, "names")= chr [1:5] "ACC" "BER" "multiclass.brier" "MMCE" ...
NULL
Writing result file: /home/probst/Random_Forest/RFSplitbias/results/Splitbias-files/jobs/77/8677-result.RData
########## Executing jid=8678 ##########
Timestamp: 2016-04-28 15:57:41
Experiment: 
  Problem: taski 
  Problem parameters: idi=11, learner=, teststat=, testtype= 
  Algorithm: forest.splitbias.oob 
  Algorithm parameters:  
  Replication: 15 
  Seed: 8678 
  Problem seed: 137 
Setting seed: 8678
Applying Algorithm forest.splitbias.oob ...
Generating problem taski ...
Result:
List of 3
 $ idi   : int 11
 $ lrn   : chr [1:3] "randomForest" "oob" ""
 $ result: Named num [1:5] 0.838 0.394 0.224 0.162 0.833
  ..- attr(*, "names")= chr [1:5] "ACC" "BER" "multiclass.brier" "MMCE" ...
NULL
Writing result file: /home/probst/Random_Forest/RFSplitbias/results/Splitbias-files/jobs/78/8678-result.RData
########## Executing jid=8679 ##########
Timestamp: 2016-04-28 15:57:42
Experiment: 
  Problem: taski 
  Problem parameters: idi=11, learner=, teststat=, testtype= 
  Algorithm: forest.splitbias.oob 
  Algorithm parameters:  
  Replication: 16 
  Seed: 8679 
  Problem seed: 138 
Setting seed: 8679
Applying Algorithm forest.splitbias.oob ...
Generating problem taski ...
Result:
List of 3
 $ idi   : int 11
 $ lrn   : chr [1:3] "randomForest" "oob" ""
 $ result: Named num [1:5] 0.835 0.396 0.224 0.165 0.831
  ..- attr(*, "names")= chr [1:5] "ACC" "BER" "multiclass.brier" "MMCE" ...
NULL
Writing result file: /home/probst/Random_Forest/RFSplitbias/results/Splitbias-files/jobs/79/8679-result.RData
########## Executing jid=8680 ##########
Timestamp: 2016-04-28 15:57:43
Experiment: 
  Problem: taski 
  Problem parameters: idi=11, learner=, teststat=, testtype= 
  Algorithm: forest.splitbias.oob 
  Algorithm parameters:  
  Replication: 17 
  Seed: 8680 
  Problem seed: 139 
Setting seed: 8680
Applying Algorithm forest.splitbias.oob ...
Generating problem taski ...
Result:
List of 3
 $ idi   : int 11
 $ lrn   : chr [1:3] "randomForest" "oob" ""
 $ result: Named num [1:5] 0.835 0.396 0.224 0.165 0.835
  ..- attr(*, "names")= chr [1:5] "ACC" "BER" "multiclass.brier" "MMCE" ...
NULL
Writing result file: /home/probst/Random_Forest/RFSplitbias/results/Splitbias-files/jobs/80/8680-result.RData
########## Executing jid=8681 ##########
Timestamp: 2016-04-28 15:57:44
Experiment: 
  Problem: taski 
  Problem parameters: idi=11, learner=, teststat=, testtype= 
  Algorithm: forest.splitbias.oob 
  Algorithm parameters:  
  Replication: 18 
  Seed: 8681 
  Problem seed: 140 
Setting seed: 8681
Applying Algorithm forest.splitbias.oob ...
Generating problem taski ...
Result:
List of 3
 $ idi   : int 11
 $ lrn   : chr [1:3] "randomForest" "oob" ""
 $ result: Named num [1:5] 0.834 0.397 0.224 0.166 0.833
  ..- attr(*, "names")= chr [1:5] "ACC" "BER" "multiclass.brier" "MMCE" ...
NULL
Writing result file: /home/probst/Random_Forest/RFSplitbias/results/Splitbias-files/jobs/81/8681-result.RData
########## Executing jid=8682 ##########
Timestamp: 2016-04-28 15:57:44
Experiment: 
  Problem: taski 
  Problem parameters: idi=11, learner=, teststat=, testtype= 
  Algorithm: forest.splitbias.oob 
  Algorithm parameters:  
  Replication: 19 
  Seed: 8682 
  Problem seed: 141 
Setting seed: 8682
Applying Algorithm forest.splitbias.oob ...
Generating problem taski ...
Result:
List of 3
 $ idi   : int 11
 $ lrn   : chr [1:3] "randomForest" "oob" ""
 $ result: Named num [1:5] 0.835 0.396 0.224 0.165 0.835
  ..- attr(*, "names")= chr [1:5] "ACC" "BER" "multiclass.brier" "MMCE" ...
NULL
Writing result file: /home/probst/Random_Forest/RFSplitbias/results/Splitbias-files/jobs/82/8682-result.RData
########## Executing jid=8683 ##########
Timestamp: 2016-04-28 15:57:45
Experiment: 
  Problem: taski 
  Problem parameters: idi=11, learner=, teststat=, testtype= 
  Algorithm: forest.splitbias.oob 
  Algorithm parameters:  
  Replication: 20 
  Seed: 8683 
  Problem seed: 142 
Setting seed: 8683
Applying Algorithm forest.splitbias.oob ...
Generating problem taski ...
Result:
List of 3
 $ idi   : int 11
 $ lrn   : chr [1:3] "randomForest" "oob" ""
 $ result: Named num [1:5] 0.827 0.402 0.224 0.173 0.831
  ..- attr(*, "names")= chr [1:5] "ACC" "BER" "multiclass.brier" "MMCE" ...
NULL
Writing result file: /home/probst/Random_Forest/RFSplitbias/results/Splitbias-files/jobs/83/8683-result.RData
########## Executing jid=8684 ##########
Timestamp: 2016-04-28 15:57:46
Experiment: 
  Problem: taski 
  Problem parameters: idi=11, learner=, teststat=, testtype= 
  Algorithm: forest.splitbias.oob 
  Algorithm parameters:  
  Replication: 21 
  Seed: 8684 
  Problem seed: 143 
Setting seed: 8684
Applying Algorithm forest.splitbias.oob ...
Generating problem taski ...
Result:
List of 3
 $ idi   : int 11
 $ lrn   : chr [1:3] "randomForest" "oob" ""
 $ result: Named num [1:5] 0.832 0.398 0.225 0.168 0.835
  ..- attr(*, "names")= chr [1:5] "ACC" "BER" "multiclass.brier" "MMCE" ...
NULL
Writing result file: /home/probst/Random_Forest/RFSplitbias/results/Splitbias-files/jobs/84/8684-result.RData
########## Executing jid=8685 ##########
Timestamp: 2016-04-28 15:57:47
Experiment: 
  Problem: taski 
  Problem parameters: idi=11, learner=, teststat=, testtype= 
  Algorithm: forest.splitbias.oob 
  Algorithm parameters:  
  Replication: 22 
  Seed: 8685 
  Problem seed: 144 
Setting seed: 8685
Applying Algorithm forest.splitbias.oob ...
Generating problem taski ...
Result:
List of 3
 $ idi   : int 11
 $ lrn   : chr [1:3] "randomForest" "oob" ""
 $ result: Named num [1:5] 0.834 0.397 0.225 0.166 0.831
  ..- attr(*, "names")= chr [1:5] "ACC" "BER" "multiclass.brier" "MMCE" ...
NULL
Writing result file: /home/probst/Random_Forest/RFSplitbias/results/Splitbias-files/jobs/85/8685-result.RData
########## Executing jid=8686 ##########
Timestamp: 2016-04-28 15:57:48
Experiment: 
  Problem: taski 
  Problem parameters: idi=11, learner=, teststat=, testtype= 
  Algorithm: forest.splitbias.oob 
  Algorithm parameters:  
  Replication: 23 
  Seed: 8686 
  Problem seed: 145 
Setting seed: 8686
Applying Algorithm forest.splitbias.oob ...
Generating problem taski ...
Result:
List of 3
 $ idi   : int 11
 $ lrn   : chr [1:3] "randomForest" "oob" ""
 $ result: Named num [1:5] 0.829 0.4 0.223 0.171 0.835
  ..- attr(*, "names")= chr [1:5] "ACC" "BER" "multiclass.brier" "MMCE" ...
NULL
Writing result file: /home/probst/Random_Forest/RFSplitbias/results/Splitbias-files/jobs/86/8686-result.RData
########## Executing jid=8687 ##########
Timestamp: 2016-04-28 15:57:49
Experiment: 
  Problem: taski 
  Problem parameters: idi=11, learner=, teststat=, testtype= 
  Algorithm: forest.splitbias.oob 
  Algorithm parameters:  
  Replication: 24 
  Seed: 8687 
  Problem seed: 146 
Setting seed: 8687
Applying Algorithm forest.splitbias.oob ...
Generating problem taski ...
Result:
List of 3
 $ idi   : int 11
 $ lrn   : chr [1:3] "randomForest" "oob" ""
 $ result: Named num [1:5] 0.829 0.4 0.226 0.171 0.833
  ..- attr(*, "names")= chr [1:5] "ACC" "BER" "multiclass.brier" "MMCE" ...
NULL
Writing result file: /home/probst/Random_Forest/RFSplitbias/results/Splitbias-files/jobs/87/8687-result.RData
########## Executing jid=8688 ##########
Timestamp: 2016-04-28 15:57:50
Experiment: 
  Problem: taski 
  Problem parameters: idi=11, learner=, teststat=, testtype= 
  Algorithm: forest.splitbias.oob 
  Algorithm parameters:  
  Replication: 25 
  Seed: 8688 
  Problem seed: 147 
Setting seed: 8688
Applying Algorithm forest.splitbias.oob ...
Generating problem taski ...
Result:
List of 3
 $ idi   : int 11
 $ lrn   : chr [1:3] "randomForest" "oob" ""
 $ result: Named num [1:5] 0.837 0.395 0.222 0.163 0.834
  ..- attr(*, "names")= chr [1:5] "ACC" "BER" "multiclass.brier" "MMCE" ...
NULL
Writing result file: /home/probst/Random_Forest/RFSplitbias/results/Splitbias-files/jobs/88/8688-result.RData
########## Executing jid=8689 ##########
Timestamp: 2016-04-28 15:57:51
Experiment: 
  Problem: taski 
  Problem parameters: idi=11, learner=, teststat=, testtype= 
  Algorithm: forest.splitbias.oob 
  Algorithm parameters:  
  Replication: 26 
  Seed: 8689 
  Problem seed: 148 
Setting seed: 8689
Applying Algorithm forest.splitbias.oob ...
Generating problem taski ...
Result:
List of 3
 $ idi   : int 11
 $ lrn   : chr [1:3] "randomForest" "oob" ""
 $ result: Named num [1:5] 0.832 0.398 0.225 0.168 0.836
  ..- attr(*, "names")= chr [1:5] "ACC" "BER" "multiclass.brier" "MMCE" ...
NULL
Writing result file: /home/probst/Random_Forest/RFSplitbias/results/Splitbias-files/jobs/89/8689-result.RData
########## Executing jid=8690 ##########
Timestamp: 2016-04-28 15:57:52
Experiment: 
  Problem: taski 
  Problem parameters: idi=11, learner=, teststat=, testtype= 
  Algorithm: forest.splitbias.oob 
  Algorithm parameters:  
  Replication: 27 
  Seed: 8690 
  Problem seed: 149 
Setting seed: 8690
Applying Algorithm forest.splitbias.oob ...
Generating problem taski ...
Result:
List of 3
 $ idi   : int 11
 $ lrn   : chr [1:3] "randomForest" "oob" ""
 $ result: Named num [1:5] 0.829 0.4 0.225 0.171 0.833
  ..- attr(*, "names")= chr [1:5] "ACC" "BER" "multiclass.brier" "MMCE" ...
NULL
Writing result file: /home/probst/Random_Forest/RFSplitbias/results/Splitbias-files/jobs/90/8690-result.RData
########## Executing jid=8691 ##########
Timestamp: 2016-04-28 15:57:53
Experiment: 
  Problem: taski 
  Problem parameters: idi=11, learner=, teststat=, testtype= 
  Algorithm: forest.splitbias.oob 
  Algorithm parameters:  
  Replication: 28 
  Seed: 8691 
  Problem seed: 150 
Setting seed: 8691
Applying Algorithm forest.splitbias.oob ...
Generating problem taski ...
Result:
List of 3
 $ idi   : int 11
 $ lrn   : chr [1:3] "randomForest" "oob" ""
 $ result: Named num [1:5] 0.834 0.397 0.224 0.166 0.834
  ..- attr(*, "names")= chr [1:5] "ACC" "BER" "multiclass.brier" "MMCE" ...
NULL
Writing result file: /home/probst/Random_Forest/RFSplitbias/results/Splitbias-files/jobs/91/8691-result.RData
########## Executing jid=8692 ##########
Timestamp: 2016-04-28 15:57:54
Experiment: 
  Problem: taski 
  Problem parameters: idi=11, learner=, teststat=, testtype= 
  Algorithm: forest.splitbias.oob 
  Algorithm parameters:  
  Replication: 29 
  Seed: 8692 
  Problem seed: 151 
Setting seed: 8692
Applying Algorithm forest.splitbias.oob ...
Generating problem taski ...
Result:
List of 3
 $ idi   : int 11
 $ lrn   : chr [1:3] "randomForest" "oob" ""
 $ result: Named num [1:5] 0.827 0.402 0.226 0.173 0.834
  ..- attr(*, "names")= chr [1:5] "ACC" "BER" "multiclass.brier" "MMCE" ...
NULL
Writing result file: /home/probst/Random_Forest/RFSplitbias/results/Splitbias-files/jobs/92/8692-result.RData
########## Executing jid=8693 ##########
Timestamp: 2016-04-28 15:57:55
Experiment: 
  Problem: taski 
  Problem parameters: idi=11, learner=, teststat=, testtype= 
  Algorithm: forest.splitbias.oob 
  Algorithm parameters:  
  Replication: 30 
  Seed: 8693 
  Problem seed: 152 
Setting seed: 8693
Applying Algorithm forest.splitbias.oob ...
Generating problem taski ...
Result:
List of 3
 $ idi   : int 11
 $ lrn   : chr [1:3] "randomForest" "oob" ""
 $ result: Named num [1:5] 0.837 0.395 0.224 0.163 0.832
  ..- attr(*, "names")= chr [1:5] "ACC" "BER" "multiclass.brier" "MMCE" ...
NULL
Writing result file: /home/probst/Random_Forest/RFSplitbias/results/Splitbias-files/jobs/93/8693-result.RData
########## Executing jid=8694 ##########
Timestamp: 2016-04-28 15:57:56
Experiment: 
  Problem: taski 
  Problem parameters: idi=11, learner=, teststat=, testtype= 
  Algorithm: forest.splitbias.oob 
  Algorithm parameters:  
  Replication: 31 
  Seed: 8694 
  Problem seed: 153 
Setting seed: 8694
Applying Algorithm forest.splitbias.oob ...
Generating problem taski ...
Result:
List of 3
 $ idi   : int 11
 $ lrn   : chr [1:3] "randomForest" "oob" ""
 $ result: Named num [1:5] 0.83 0.399 0.224 0.17 0.834
  ..- attr(*, "names")= chr [1:5] "ACC" "BER" "multiclass.brier" "MMCE" ...
NULL
Writing result file: /home/probst/Random_Forest/RFSplitbias/results/Splitbias-files/jobs/94/8694-result.RData
########## Executing jid=8695 ##########
Timestamp: 2016-04-28 15:57:57
Experiment: 
  Problem: taski 
  Problem parameters: idi=11, learner=, teststat=, testtype= 
  Algorithm: forest.splitbias.oob 
  Algorithm parameters:  
  Replication: 32 
  Seed: 8695 
  Problem seed: 154 
Setting seed: 8695
Applying Algorithm forest.splitbias.oob ...
Generating problem taski ...
Result:
List of 3
 $ idi   : int 11
 $ lrn   : chr [1:3] "randomForest" "oob" ""
 $ result: Named num [1:5] 0.832 0.398 0.225 0.168 0.832
  ..- attr(*, "names")= chr [1:5] "ACC" "BER" "multiclass.brier" "MMCE" ...
NULL
Writing result file: /home/probst/Random_Forest/RFSplitbias/results/Splitbias-files/jobs/95/8695-result.RData
########## Executing jid=8696 ##########
Timestamp: 2016-04-28 15:57:58
Experiment: 
  Problem: taski 
  Problem parameters: idi=11, learner=, teststat=, testtype= 
  Algorithm: forest.splitbias.oob 
  Algorithm parameters:  
  Replication: 33 
  Seed: 8696 
  Problem seed: 155 
Setting seed: 8696
Applying Algorithm forest.splitbias.oob ...
Generating problem taski ...
Result:
List of 3
 $ idi   : int 11
 $ lrn   : chr [1:3] "randomForest" "oob" ""
 $ result: Named num [1:5] 0.834 0.397 0.225 0.166 0.835
  ..- attr(*, "names")= chr [1:5] "ACC" "BER" "multiclass.brier" "MMCE" ...
NULL
Writing result file: /home/probst/Random_Forest/RFSplitbias/results/Splitbias-files/jobs/96/8696-result.RData
########## Executing jid=8697 ##########
Timestamp: 2016-04-28 15:57:59
Experiment: 
  Problem: taski 
  Problem parameters: idi=11, learner=, teststat=, testtype= 
  Algorithm: forest.splitbias.oob 
  Algorithm parameters:  
  Replication: 34 
  Seed: 8697 
  Problem seed: 156 
Setting seed: 8697
Applying Algorithm forest.splitbias.oob ...
Generating problem taski ...
Result:
List of 3
 $ idi   : int 11
 $ lrn   : chr [1:3] "randomForest" "oob" ""
 $ result: Named num [1:5] 0.827 0.402 0.224 0.173 0.832
  ..- attr(*, "names")= chr [1:5] "ACC" "BER" "multiclass.brier" "MMCE" ...
NULL
Writing result file: /home/probst/Random_Forest/RFSplitbias/results/Splitbias-files/jobs/97/8697-result.RData
########## Executing jid=8698 ##########
Timestamp: 2016-04-28 15:57:59
Experiment: 
  Problem: taski 
  Problem parameters: idi=11, learner=, teststat=, testtype= 
  Algorithm: forest.splitbias.oob 
  Algorithm parameters:  
  Replication: 35 
  Seed: 8698 
  Problem seed: 157 
Setting seed: 8698
Applying Algorithm forest.splitbias.oob ...
Generating problem taski ...
Result:
List of 3
 $ idi   : int 11
 $ lrn   : chr [1:3] "randomForest" "oob" ""
 $ result: Named num [1:5] 0.834 0.397 0.225 0.166 0.835
  ..- attr(*, "names")= chr [1:5] "ACC" "BER" "multiclass.brier" "MMCE" ...
NULL
Writing result file: /home/probst/Random_Forest/RFSplitbias/results/Splitbias-files/jobs/98/8698-result.RData
########## Executing jid=8699 ##########
Timestamp: 2016-04-28 15:58:00
Experiment: 
  Problem: taski 
  Problem parameters: idi=11, learner=, teststat=, testtype= 
  Algorithm: forest.splitbias.oob 
  Algorithm parameters:  
  Replication: 36 
  Seed: 8699 
  Problem seed: 158 
Setting seed: 8699
Applying Algorithm forest.splitbias.oob ...
Generating problem taski ...
Result:
List of 3
 $ idi   : int 11
 $ lrn   : chr [1:3] "randomForest" "oob" ""
 $ result: Named num [1:5] 0.832 0.398 0.222 0.168 0.836
  ..- attr(*, "names")= chr [1:5] "ACC" "BER" "multiclass.brier" "MMCE" ...
NULL
Writing result file: /home/probst/Random_Forest/RFSplitbias/results/Splitbias-files/jobs/99/8699-result.RData
########## Executing jid=8700 ##########
Timestamp: 2016-04-28 15:58:01
Experiment: 
  Problem: taski 
  Problem parameters: idi=11, learner=, teststat=, testtype= 
  Algorithm: forest.splitbias.oob 
  Algorithm parameters:  
  Replication: 37 
  Seed: 8700 
  Problem seed: 159 
Setting seed: 8700
Applying Algorithm forest.splitbias.oob ...
Generating problem taski ...
Result:
List of 3
 $ idi   : int 11
 $ lrn   : chr [1:3] "randomForest" "oob" ""
 $ result: Named num [1:5] 0.83 0.399 0.226 0.17 0.835
  ..- attr(*, "names")= chr [1:5] "ACC" "BER" "multiclass.brier" "MMCE" ...
NULL
Writing result file: /home/probst/Random_Forest/RFSplitbias/results/Splitbias-files/jobs/00/8700-result.RData
########## Executing jid=8701 ##########
Timestamp: 2016-04-28 15:58:02
Experiment: 
  Problem: taski 
  Problem parameters: idi=11, learner=, teststat=, testtype= 
  Algorithm: forest.splitbias.oob 
  Algorithm parameters:  
  Replication: 38 
  Seed: 8701 
  Problem seed: 160 
Setting seed: 8701
Applying Algorithm forest.splitbias.oob ...
Generating problem taski ...
Result:
List of 3
 $ idi   : int 11
 $ lrn   : chr [1:3] "randomForest" "oob" ""
 $ result: Named num [1:5] 0.838 0.394 0.224 0.162 0.833
  ..- attr(*, "names")= chr [1:5] "ACC" "BER" "multiclass.brier" "MMCE" ...
NULL
Writing result file: /home/probst/Random_Forest/RFSplitbias/results/Splitbias-files/jobs/01/8701-result.RData
########## Executing jid=8702 ##########
Timestamp: 2016-04-28 15:58:03
Experiment: 
  Problem: taski 
  Problem parameters: idi=11, learner=, teststat=, testtype= 
  Algorithm: forest.splitbias.oob 
  Algorithm parameters:  
  Replication: 39 
  Seed: 8702 
  Problem seed: 161 
Setting seed: 8702
Applying Algorithm forest.splitbias.oob ...
Generating problem taski ...
Result:
List of 3
 $ idi   : int 11
 $ lrn   : chr [1:3] "randomForest" "oob" ""
 $ result: Named num [1:5] 0.835 0.396 0.225 0.165 0.834
  ..- attr(*, "names")= chr [1:5] "ACC" "BER" "multiclass.brier" "MMCE" ...
NULL
Writing result file: /home/probst/Random_Forest/RFSplitbias/results/Splitbias-files/jobs/02/8702-result.RData
########## Executing jid=8703 ##########
Timestamp: 2016-04-28 15:58:04
Experiment: 
  Problem: taski 
  Problem parameters: idi=11, learner=, teststat=, testtype= 
  Algorithm: forest.splitbias.oob 
  Algorithm parameters:  
  Replication: 40 
  Seed: 8703 
  Problem seed: 162 
Setting seed: 8703
Applying Algorithm forest.splitbias.oob ...
Generating problem taski ...
Result:
List of 3
 $ idi   : int 11
 $ lrn   : chr [1:3] "randomForest" "oob" ""
 $ result: Named num [1:5] 0.832 0.398 0.224 0.168 0.836
  ..- attr(*, "names")= chr [1:5] "ACC" "BER" "multiclass.brier" "MMCE" ...
NULL
Writing result file: /home/probst/Random_Forest/RFSplitbias/results/Splitbias-files/jobs/03/8703-result.RData
2016-04-28 15:58:05: All done.
Setting work back to: /nfsmb/koll/probst/Random_Forest/RFSplitbias/results
Memory usage according to gc:
          used  (Mb) gc trigger  (Mb) max used  (Mb)
Ncells 1885903 100.8    3205452 171.2  2204397 117.8
Vcells 4658535  35.6   13750151 105.0 12492988  95.4
