Loading registry: /home/probst/Random_Forest/RFSplitbias/results/Splitbias-files/registry.RData
Loading conf: 
2016-04-28 15:59:27: Starting job on node lin65.
Auto-mailer settings: start=none, done=none, error=none.
Setting work dir: /nfsmb/koll/probst/Random_Forest/RFSplitbias/results
########## Executing jid=8804 ##########
Timestamp: 2016-04-28 15:59:27
Experiment: 
  Problem: taski 
  Problem parameters: idi=3901, learner=, teststat=, testtype= 
  Algorithm: forest.splitbias.oob 
  Algorithm parameters:  
  Replication: 21 
  Seed: 8804 
  Problem seed: 143 
Setting seed: 8804
Applying Algorithm forest.splitbias.oob ...
Generating problem taski ...
Result:
List of 3
 $ idi   : int 3901
 $ lrn   : chr [1:3] "randomForest" "oob" ""
 $ result: Named num [1:5] 0.683 0.322 0.418 0.317 0.586
  ..- attr(*, "names")= chr [1:5] "ACC" "BER" "multiclass.brier" "MMCE" ...
NULL
Writing result file: /home/probst/Random_Forest/RFSplitbias/results/Splitbias-files/jobs/04/8804-result.RData
########## Executing jid=8805 ##########
Timestamp: 2016-04-28 15:59:28
Experiment: 
  Problem: taski 
  Problem parameters: idi=3901, learner=, teststat=, testtype= 
  Algorithm: forest.splitbias.oob 
  Algorithm parameters:  
  Replication: 22 
  Seed: 8805 
  Problem seed: 144 
Setting seed: 8805
Applying Algorithm forest.splitbias.oob ...
Generating problem taski ...
Result:
List of 3
 $ idi   : int 3901
 $ lrn   : chr [1:3] "randomForest" "oob" ""
 $ result: Named num [1:5] 0.688 0.317 0.419 0.312 0.587
  ..- attr(*, "names")= chr [1:5] "ACC" "BER" "multiclass.brier" "MMCE" ...
NULL
Writing result file: /home/probst/Random_Forest/RFSplitbias/results/Splitbias-files/jobs/05/8805-result.RData
########## Executing jid=8806 ##########
Timestamp: 2016-04-28 15:59:29
Experiment: 
  Problem: taski 
  Problem parameters: idi=3901, learner=, teststat=, testtype= 
  Algorithm: forest.splitbias.oob 
  Algorithm parameters:  
  Replication: 23 
  Seed: 8806 
  Problem seed: 145 
Setting seed: 8806
Applying Algorithm forest.splitbias.oob ...
Generating problem taski ...
Result:
List of 3
 $ idi   : int 3901
 $ lrn   : chr [1:3] "randomForest" "oob" ""
 $ result: Named num [1:5] 0.686 0.32 0.42 0.314 0.589
  ..- attr(*, "names")= chr [1:5] "ACC" "BER" "multiclass.brier" "MMCE" ...
NULL
Writing result file: /home/probst/Random_Forest/RFSplitbias/results/Splitbias-files/jobs/06/8806-result.RData
########## Executing jid=8807 ##########
Timestamp: 2016-04-28 15:59:30
Experiment: 
  Problem: taski 
  Problem parameters: idi=3901, learner=, teststat=, testtype= 
  Algorithm: forest.splitbias.oob 
  Algorithm parameters:  
  Replication: 24 
  Seed: 8807 
  Problem seed: 146 
Setting seed: 8807
Applying Algorithm forest.splitbias.oob ...
Generating problem taski ...
Result:
List of 3
 $ idi   : int 3901
 $ lrn   : chr [1:3] "randomForest" "oob" ""
 $ result: Named num [1:5] 0.691 0.314 0.418 0.309 0.578
  ..- attr(*, "names")= chr [1:5] "ACC" "BER" "multiclass.brier" "MMCE" ...
NULL
Writing result file: /home/probst/Random_Forest/RFSplitbias/results/Splitbias-files/jobs/07/8807-result.RData
########## Executing jid=8808 ##########
Timestamp: 2016-04-28 15:59:31
Experiment: 
  Problem: taski 
  Problem parameters: idi=3901, learner=, teststat=, testtype= 
  Algorithm: forest.splitbias.oob 
  Algorithm parameters:  
  Replication: 25 
  Seed: 8808 
  Problem seed: 147 
Setting seed: 8808
Applying Algorithm forest.splitbias.oob ...
Generating problem taski ...
Result:
List of 3
 $ idi   : int 3901
 $ lrn   : chr [1:3] "randomForest" "oob" ""
 $ result: Named num [1:5] 0.688 0.317 0.417 0.312 0.588
  ..- attr(*, "names")= chr [1:5] "ACC" "BER" "multiclass.brier" "MMCE" ...
NULL
Writing result file: /home/probst/Random_Forest/RFSplitbias/results/Splitbias-files/jobs/08/8808-result.RData
########## Executing jid=8809 ##########
Timestamp: 2016-04-28 15:59:31
Experiment: 
  Problem: taski 
  Problem parameters: idi=3901, learner=, teststat=, testtype= 
  Algorithm: forest.splitbias.oob 
  Algorithm parameters:  
  Replication: 26 
  Seed: 8809 
  Problem seed: 148 
Setting seed: 8809
Applying Algorithm forest.splitbias.oob ...
Generating problem taski ...
Result:
List of 3
 $ idi   : int 3901
 $ lrn   : chr [1:3] "randomForest" "oob" ""
 $ result: Named num [1:5] 0.688 0.318 0.417 0.312 0.586
  ..- attr(*, "names")= chr [1:5] "ACC" "BER" "multiclass.brier" "MMCE" ...
NULL
Writing result file: /home/probst/Random_Forest/RFSplitbias/results/Splitbias-files/jobs/09/8809-result.RData
########## Executing jid=8810 ##########
Timestamp: 2016-04-28 15:59:32
Experiment: 
  Problem: taski 
  Problem parameters: idi=3901, learner=, teststat=, testtype= 
  Algorithm: forest.splitbias.oob 
  Algorithm parameters:  
  Replication: 27 
  Seed: 8810 
  Problem seed: 149 
Setting seed: 8810
Applying Algorithm forest.splitbias.oob ...
Generating problem taski ...
Result:
List of 3
 $ idi   : int 3901
 $ lrn   : chr [1:3] "randomForest" "oob" ""
 $ result: Named num [1:5] 0.696 0.309 0.414 0.304 0.583
  ..- attr(*, "names")= chr [1:5] "ACC" "BER" "multiclass.brier" "MMCE" ...
NULL
Writing result file: /home/probst/Random_Forest/RFSplitbias/results/Splitbias-files/jobs/10/8810-result.RData
########## Executing jid=8811 ##########
Timestamp: 2016-04-28 15:59:33
Experiment: 
  Problem: taski 
  Problem parameters: idi=3901, learner=, teststat=, testtype= 
  Algorithm: forest.splitbias.oob 
  Algorithm parameters:  
  Replication: 28 
  Seed: 8811 
  Problem seed: 150 
Setting seed: 8811
Applying Algorithm forest.splitbias.oob ...
Generating problem taski ...
Result:
List of 3
 $ idi   : int 3901
 $ lrn   : chr [1:3] "randomForest" "oob" ""
 $ result: Named num [1:5] 0.696 0.31 0.415 0.304 0.587
  ..- attr(*, "names")= chr [1:5] "ACC" "BER" "multiclass.brier" "MMCE" ...
NULL
Writing result file: /home/probst/Random_Forest/RFSplitbias/results/Splitbias-files/jobs/11/8811-result.RData
########## Executing jid=8812 ##########
Timestamp: 2016-04-28 15:59:34
Experiment: 
  Problem: taski 
  Problem parameters: idi=3901, learner=, teststat=, testtype= 
  Algorithm: forest.splitbias.oob 
  Algorithm parameters:  
  Replication: 29 
  Seed: 8812 
  Problem seed: 151 
Setting seed: 8812
Applying Algorithm forest.splitbias.oob ...
Generating problem taski ...
Result:
List of 3
 $ idi   : int 3901
 $ lrn   : chr [1:3] "randomForest" "oob" ""
 $ result: Named num [1:5] 0.678 0.326 0.415 0.322 0.587
  ..- attr(*, "names")= chr [1:5] "ACC" "BER" "multiclass.brier" "MMCE" ...
NULL
Writing result file: /home/probst/Random_Forest/RFSplitbias/results/Splitbias-files/jobs/12/8812-result.RData
########## Executing jid=8813 ##########
Timestamp: 2016-04-28 15:59:35
Experiment: 
  Problem: taski 
  Problem parameters: idi=3901, learner=, teststat=, testtype= 
  Algorithm: forest.splitbias.oob 
  Algorithm parameters:  
  Replication: 30 
  Seed: 8813 
  Problem seed: 152 
Setting seed: 8813
Applying Algorithm forest.splitbias.oob ...
Generating problem taski ...
Result:
List of 3
 $ idi   : int 3901
 $ lrn   : chr [1:3] "randomForest" "oob" ""
 $ result: Named num [1:5] 0.686 0.32 0.415 0.314 0.584
  ..- attr(*, "names")= chr [1:5] "ACC" "BER" "multiclass.brier" "MMCE" ...
NULL
Writing result file: /home/probst/Random_Forest/RFSplitbias/results/Splitbias-files/jobs/13/8813-result.RData
########## Executing jid=8814 ##########
Timestamp: 2016-04-28 15:59:36
Experiment: 
  Problem: taski 
  Problem parameters: idi=3901, learner=, teststat=, testtype= 
  Algorithm: forest.splitbias.oob 
  Algorithm parameters:  
  Replication: 31 
  Seed: 8814 
  Problem seed: 153 
Setting seed: 8814
Applying Algorithm forest.splitbias.oob ...
Generating problem taski ...
Result:
List of 3
 $ idi   : int 3901
 $ lrn   : chr [1:3] "randomForest" "oob" ""
 $ result: Named num [1:5] 0.691 0.314 0.418 0.309 0.586
  ..- attr(*, "names")= chr [1:5] "ACC" "BER" "multiclass.brier" "MMCE" ...
NULL
Writing result file: /home/probst/Random_Forest/RFSplitbias/results/Splitbias-files/jobs/14/8814-result.RData
########## Executing jid=8815 ##########
Timestamp: 2016-04-28 15:59:37
Experiment: 
  Problem: taski 
  Problem parameters: idi=3901, learner=, teststat=, testtype= 
  Algorithm: forest.splitbias.oob 
  Algorithm parameters:  
  Replication: 32 
  Seed: 8815 
  Problem seed: 154 
Setting seed: 8815
Applying Algorithm forest.splitbias.oob ...
Generating problem taski ...
Result:
List of 3
 $ idi   : int 3901
 $ lrn   : chr [1:3] "randomForest" "oob" ""
 $ result: Named num [1:5] 0.686 0.32 0.419 0.314 0.588
  ..- attr(*, "names")= chr [1:5] "ACC" "BER" "multiclass.brier" "MMCE" ...
NULL
Writing result file: /home/probst/Random_Forest/RFSplitbias/results/Splitbias-files/jobs/15/8815-result.RData
########## Executing jid=8816 ##########
Timestamp: 2016-04-28 15:59:37
Experiment: 
  Problem: taski 
  Problem parameters: idi=3901, learner=, teststat=, testtype= 
  Algorithm: forest.splitbias.oob 
  Algorithm parameters:  
  Replication: 33 
  Seed: 8816 
  Problem seed: 155 
Setting seed: 8816
Applying Algorithm forest.splitbias.oob ...
Generating problem taski ...
Result:
List of 3
 $ idi   : int 3901
 $ lrn   : chr [1:3] "randomForest" "oob" ""
 $ result: Named num [1:5] 0.683 0.324 0.421 0.317 0.591
  ..- attr(*, "names")= chr [1:5] "ACC" "BER" "multiclass.brier" "MMCE" ...
NULL
Writing result file: /home/probst/Random_Forest/RFSplitbias/results/Splitbias-files/jobs/16/8816-result.RData
########## Executing jid=8817 ##########
Timestamp: 2016-04-28 15:59:38
Experiment: 
  Problem: taski 
  Problem parameters: idi=3901, learner=, teststat=, testtype= 
  Algorithm: forest.splitbias.oob 
  Algorithm parameters:  
  Replication: 34 
  Seed: 8817 
  Problem seed: 156 
Setting seed: 8817
Applying Algorithm forest.splitbias.oob ...
Generating problem taski ...
Result:
List of 3
 $ idi   : int 3901
 $ lrn   : chr [1:3] "randomForest" "oob" ""
 $ result: Named num [1:5] 0.68 0.325 0.417 0.32 0.591
  ..- attr(*, "names")= chr [1:5] "ACC" "BER" "multiclass.brier" "MMCE" ...
NULL
Writing result file: /home/probst/Random_Forest/RFSplitbias/results/Splitbias-files/jobs/17/8817-result.RData
########## Executing jid=8818 ##########
Timestamp: 2016-04-28 15:59:39
Experiment: 
  Problem: taski 
  Problem parameters: idi=3901, learner=, teststat=, testtype= 
  Algorithm: forest.splitbias.oob 
  Algorithm parameters:  
  Replication: 35 
  Seed: 8818 
  Problem seed: 157 
Setting seed: 8818
Applying Algorithm forest.splitbias.oob ...
Generating problem taski ...
Result:
List of 3
 $ idi   : int 3901
 $ lrn   : chr [1:3] "randomForest" "oob" ""
 $ result: Named num [1:5] 0.686 0.318 0.417 0.314 0.586
  ..- attr(*, "names")= chr [1:5] "ACC" "BER" "multiclass.brier" "MMCE" ...
NULL
Writing result file: /home/probst/Random_Forest/RFSplitbias/results/Splitbias-files/jobs/18/8818-result.RData
########## Executing jid=8819 ##########
Timestamp: 2016-04-28 15:59:40
Experiment: 
  Problem: taski 
  Problem parameters: idi=3901, learner=, teststat=, testtype= 
  Algorithm: forest.splitbias.oob 
  Algorithm parameters:  
  Replication: 36 
  Seed: 8819 
  Problem seed: 158 
Setting seed: 8819
Applying Algorithm forest.splitbias.oob ...
Generating problem taski ...
Result:
List of 3
 $ idi   : int 3901
 $ lrn   : chr [1:3] "randomForest" "oob" ""
 $ result: Named num [1:5] 0.688 0.317 0.416 0.312 0.593
  ..- attr(*, "names")= chr [1:5] "ACC" "BER" "multiclass.brier" "MMCE" ...
NULL
Writing result file: /home/probst/Random_Forest/RFSplitbias/results/Splitbias-files/jobs/19/8819-result.RData
########## Executing jid=8820 ##########
Timestamp: 2016-04-28 15:59:40
Experiment: 
  Problem: taski 
  Problem parameters: idi=3901, learner=, teststat=, testtype= 
  Algorithm: forest.splitbias.oob 
  Algorithm parameters:  
  Replication: 37 
  Seed: 8820 
  Problem seed: 159 
Setting seed: 8820
Applying Algorithm forest.splitbias.oob ...
Generating problem taski ...
Result:
List of 3
 $ idi   : int 3901
 $ lrn   : chr [1:3] "randomForest" "oob" ""
 $ result: Named num [1:5] 0.705 0.3 0.417 0.295 0.584
  ..- attr(*, "names")= chr [1:5] "ACC" "BER" "multiclass.brier" "MMCE" ...
NULL
Writing result file: /home/probst/Random_Forest/RFSplitbias/results/Splitbias-files/jobs/20/8820-result.RData
########## Executing jid=8821 ##########
Timestamp: 2016-04-28 15:59:41
Experiment: 
  Problem: taski 
  Problem parameters: idi=3901, learner=, teststat=, testtype= 
  Algorithm: forest.splitbias.oob 
  Algorithm parameters:  
  Replication: 38 
  Seed: 8821 
  Problem seed: 160 
Setting seed: 8821
Applying Algorithm forest.splitbias.oob ...
Generating problem taski ...
Result:
List of 3
 $ idi   : int 3901
 $ lrn   : chr [1:3] "randomForest" "oob" ""
 $ result: Named num [1:5] 0.688 0.317 0.418 0.312 0.58
  ..- attr(*, "names")= chr [1:5] "ACC" "BER" "multiclass.brier" "MMCE" ...
NULL
Writing result file: /home/probst/Random_Forest/RFSplitbias/results/Splitbias-files/jobs/21/8821-result.RData
########## Executing jid=8822 ##########
Timestamp: 2016-04-28 15:59:42
Experiment: 
  Problem: taski 
  Problem parameters: idi=3901, learner=, teststat=, testtype= 
  Algorithm: forest.splitbias.oob 
  Algorithm parameters:  
  Replication: 39 
  Seed: 8822 
  Problem seed: 161 
Setting seed: 8822
Applying Algorithm forest.splitbias.oob ...
Generating problem taski ...
Result:
List of 3
 $ idi   : int 3901
 $ lrn   : chr [1:3] "randomForest" "oob" ""
 $ result: Named num [1:5] 0.699 0.306 0.417 0.301 0.586
  ..- attr(*, "names")= chr [1:5] "ACC" "BER" "multiclass.brier" "MMCE" ...
NULL
Writing result file: /home/probst/Random_Forest/RFSplitbias/results/Splitbias-files/jobs/22/8822-result.RData
########## Executing jid=8823 ##########
Timestamp: 2016-04-28 15:59:43
Experiment: 
  Problem: taski 
  Problem parameters: idi=3901, learner=, teststat=, testtype= 
  Algorithm: forest.splitbias.oob 
  Algorithm parameters:  
  Replication: 40 
  Seed: 8823 
  Problem seed: 162 
Setting seed: 8823
Applying Algorithm forest.splitbias.oob ...
Generating problem taski ...
Result:
List of 3
 $ idi   : int 3901
 $ lrn   : chr [1:3] "randomForest" "oob" ""
 $ result: Named num [1:5] 0.688 0.316 0.415 0.312 0.585
  ..- attr(*, "names")= chr [1:5] "ACC" "BER" "multiclass.brier" "MMCE" ...
NULL
Writing result file: /home/probst/Random_Forest/RFSplitbias/results/Splitbias-files/jobs/23/8823-result.RData
########## Executing jid=8824 ##########
Timestamp: 2016-04-28 15:59:44
Experiment: 
  Problem: taski 
  Problem parameters: idi=3901, learner=, teststat=, testtype= 
  Algorithm: forest.splitbias.oob 
  Algorithm parameters:  
  Replication: 41 
  Seed: 8824 
  Problem seed: 163 
Setting seed: 8824
Applying Algorithm forest.splitbias.oob ...
Generating problem taski ...
Result:
List of 3
 $ idi   : int 3901
 $ lrn   : chr [1:3] "randomForest" "oob" ""
 $ result: Named num [1:5] 0.705 0.301 0.413 0.295 0.588
  ..- attr(*, "names")= chr [1:5] "ACC" "BER" "multiclass.brier" "MMCE" ...
NULL
Writing result file: /home/probst/Random_Forest/RFSplitbias/results/Splitbias-files/jobs/24/8824-result.RData
########## Executing jid=8825 ##########
Timestamp: 2016-04-28 15:59:44
Experiment: 
  Problem: taski 
  Problem parameters: idi=3901, learner=, teststat=, testtype= 
  Algorithm: forest.splitbias.oob 
  Algorithm parameters:  
  Replication: 42 
  Seed: 8825 
  Problem seed: 164 
Setting seed: 8825
Applying Algorithm forest.splitbias.oob ...
Generating problem taski ...
Result:
List of 3
 $ idi   : int 3901
 $ lrn   : chr [1:3] "randomForest" "oob" ""
 $ result: Named num [1:5] 0.683 0.323 0.418 0.317 0.584
  ..- attr(*, "names")= chr [1:5] "ACC" "BER" "multiclass.brier" "MMCE" ...
NULL
Writing result file: /home/probst/Random_Forest/RFSplitbias/results/Splitbias-files/jobs/25/8825-result.RData
########## Executing jid=8826 ##########
Timestamp: 2016-04-28 15:59:45
Experiment: 
  Problem: taski 
  Problem parameters: idi=3901, learner=, teststat=, testtype= 
  Algorithm: forest.splitbias.oob 
  Algorithm parameters:  
  Replication: 43 
  Seed: 8826 
  Problem seed: 165 
Setting seed: 8826
Applying Algorithm forest.splitbias.oob ...
Generating problem taski ...
Result:
List of 3
 $ idi   : int 3901
 $ lrn   : chr [1:3] "randomForest" "oob" ""
 $ result: Named num [1:5] 0.68 0.324 0.416 0.32 0.586
  ..- attr(*, "names")= chr [1:5] "ACC" "BER" "multiclass.brier" "MMCE" ...
NULL
Writing result file: /home/probst/Random_Forest/RFSplitbias/results/Splitbias-files/jobs/26/8826-result.RData
########## Executing jid=8827 ##########
Timestamp: 2016-04-28 15:59:46
Experiment: 
  Problem: taski 
  Problem parameters: idi=3901, learner=, teststat=, testtype= 
  Algorithm: forest.splitbias.oob 
  Algorithm parameters:  
  Replication: 44 
  Seed: 8827 
  Problem seed: 166 
Setting seed: 8827
Applying Algorithm forest.splitbias.oob ...
Generating problem taski ...
Result:
List of 3
 $ idi   : int 3901
 $ lrn   : chr [1:3] "randomForest" "oob" ""
 $ result: Named num [1:5] 0.678 0.328 0.419 0.322 0.587
  ..- attr(*, "names")= chr [1:5] "ACC" "BER" "multiclass.brier" "MMCE" ...
NULL
Writing result file: /home/probst/Random_Forest/RFSplitbias/results/Splitbias-files/jobs/27/8827-result.RData
########## Executing jid=8828 ##########
Timestamp: 2016-04-28 15:59:47
Experiment: 
  Problem: taski 
  Problem parameters: idi=3901, learner=, teststat=, testtype= 
  Algorithm: forest.splitbias.oob 
  Algorithm parameters:  
  Replication: 45 
  Seed: 8828 
  Problem seed: 167 
Setting seed: 8828
Applying Algorithm forest.splitbias.oob ...
Generating problem taski ...
Result:
List of 3
 $ idi   : int 3901
 $ lrn   : chr [1:3] "randomForest" "oob" ""
 $ result: Named num [1:5] 0.675 0.33 0.418 0.325 0.59
  ..- attr(*, "names")= chr [1:5] "ACC" "BER" "multiclass.brier" "MMCE" ...
NULL
Writing result file: /home/probst/Random_Forest/RFSplitbias/results/Splitbias-files/jobs/28/8828-result.RData
########## Executing jid=8829 ##########
Timestamp: 2016-04-28 15:59:48
Experiment: 
  Problem: taski 
  Problem parameters: idi=3901, learner=, teststat=, testtype= 
  Algorithm: forest.splitbias.oob 
  Algorithm parameters:  
  Replication: 46 
  Seed: 8829 
  Problem seed: 168 
Setting seed: 8829
Applying Algorithm forest.splitbias.oob ...
Generating problem taski ...
Result:
List of 3
 $ idi   : int 3901
 $ lrn   : chr [1:3] "randomForest" "oob" ""
 $ result: Named num [1:5] 0.686 0.318 0.419 0.314 0.576
  ..- attr(*, "names")= chr [1:5] "ACC" "BER" "multiclass.brier" "MMCE" ...
NULL
Writing result file: /home/probst/Random_Forest/RFSplitbias/results/Splitbias-files/jobs/29/8829-result.RData
########## Executing jid=8830 ##########
Timestamp: 2016-04-28 15:59:49
Experiment: 
  Problem: taski 
  Problem parameters: idi=3901, learner=, teststat=, testtype= 
  Algorithm: forest.splitbias.oob 
  Algorithm parameters:  
  Replication: 47 
  Seed: 8830 
  Problem seed: 169 
Setting seed: 8830
Applying Algorithm forest.splitbias.oob ...
Generating problem taski ...
Result:
List of 3
 $ idi   : int 3901
 $ lrn   : chr [1:3] "randomForest" "oob" ""
 $ result: Named num [1:5] 0.696 0.31 0.414 0.304 0.586
  ..- attr(*, "names")= chr [1:5] "ACC" "BER" "multiclass.brier" "MMCE" ...
NULL
Writing result file: /home/probst/Random_Forest/RFSplitbias/results/Splitbias-files/jobs/30/8830-result.RData
########## Executing jid=8831 ##########
Timestamp: 2016-04-28 15:59:50
Experiment: 
  Problem: taski 
  Problem parameters: idi=3901, learner=, teststat=, testtype= 
  Algorithm: forest.splitbias.oob 
  Algorithm parameters:  
  Replication: 48 
  Seed: 8831 
  Problem seed: 170 
Setting seed: 8831
Applying Algorithm forest.splitbias.oob ...
Generating problem taski ...
Result:
List of 3
 $ idi   : int 3901
 $ lrn   : chr [1:3] "randomForest" "oob" ""
 $ result: Named num [1:5] 0.686 0.32 0.413 0.314 0.583
  ..- attr(*, "names")= chr [1:5] "ACC" "BER" "multiclass.brier" "MMCE" ...
NULL
Writing result file: /home/probst/Random_Forest/RFSplitbias/results/Splitbias-files/jobs/31/8831-result.RData
########## Executing jid=8832 ##########
Timestamp: 2016-04-28 15:59:51
Experiment: 
  Problem: taski 
  Problem parameters: idi=3901, learner=, teststat=, testtype= 
  Algorithm: forest.splitbias.oob 
  Algorithm parameters:  
  Replication: 49 
  Seed: 8832 
  Problem seed: 171 
Setting seed: 8832
Applying Algorithm forest.splitbias.oob ...
Generating problem taski ...
Result:
List of 3
 $ idi   : int 3901
 $ lrn   : chr [1:3] "randomForest" "oob" ""
 $ result: Named num [1:5] 0.691 0.314 0.415 0.309 0.581
  ..- attr(*, "names")= chr [1:5] "ACC" "BER" "multiclass.brier" "MMCE" ...
NULL
Writing result file: /home/probst/Random_Forest/RFSplitbias/results/Splitbias-files/jobs/32/8832-result.RData
########## Executing jid=8833 ##########
Timestamp: 2016-04-28 15:59:52
Experiment: 
  Problem: taski 
  Problem parameters: idi=3901, learner=, teststat=, testtype= 
  Algorithm: forest.splitbias.oob 
  Algorithm parameters:  
  Replication: 50 
  Seed: 8833 
  Problem seed: 172 
Setting seed: 8833
Applying Algorithm forest.splitbias.oob ...
Generating problem taski ...
Result:
List of 3
 $ idi   : int 3901
 $ lrn   : chr [1:3] "randomForest" "oob" ""
 $ result: Named num [1:5] 0.696 0.31 0.416 0.304 0.59
  ..- attr(*, "names")= chr [1:5] "ACC" "BER" "multiclass.brier" "MMCE" ...
NULL
Writing result file: /home/probst/Random_Forest/RFSplitbias/results/Splitbias-files/jobs/33/8833-result.RData
########## Executing jid=8834 ##########
Timestamp: 2016-04-28 15:59:52
Experiment: 
  Problem: taski 
  Problem parameters: idi=3955, learner=, teststat=, testtype= 
  Algorithm: forest.splitbias.oob 
  Algorithm parameters:  
  Replication: 11 
  Seed: 8834 
  Problem seed: 133 
Setting seed: 8834
Applying Algorithm forest.splitbias.oob ...
Generating problem taski ...
Result:
List of 3
 $ idi   : int 3955
 $ lrn   : chr [1:3] "randomForest" "oob" ""
 $ result: Named num [1:5] 1 0 0.00944 0 0.8379
  ..- attr(*, "names")= chr [1:5] "ACC" "BER" "multiclass.brier" "MMCE" ...
NULL
Writing result file: /home/probst/Random_Forest/RFSplitbias/results/Splitbias-files/jobs/34/8834-result.RData
########## Executing jid=8835 ##########
Timestamp: 2016-04-28 15:59:53
Experiment: 
  Problem: taski 
  Problem parameters: idi=3955, learner=, teststat=, testtype= 
  Algorithm: forest.splitbias.oob 
  Algorithm parameters:  
  Replication: 12 
  Seed: 8835 
  Problem seed: 134 
Setting seed: 8835
Applying Algorithm forest.splitbias.oob ...
Generating problem taski ...
Result:
List of 3
 $ idi   : int 3955
 $ lrn   : chr [1:3] "randomForest" "oob" ""
 $ result: Named num [1:5] 1 0 0.00917 0 0.83345
  ..- attr(*, "names")= chr [1:5] "ACC" "BER" "multiclass.brier" "MMCE" ...
NULL
Writing result file: /home/probst/Random_Forest/RFSplitbias/results/Splitbias-files/jobs/35/8835-result.RData
########## Executing jid=8836 ##########
Timestamp: 2016-04-28 15:59:54
Experiment: 
  Problem: taski 
  Problem parameters: idi=3955, learner=, teststat=, testtype= 
  Algorithm: forest.splitbias.oob 
  Algorithm parameters:  
  Replication: 13 
  Seed: 8836 
  Problem seed: 135 
Setting seed: 8836
Applying Algorithm forest.splitbias.oob ...
Generating problem taski ...
Result:
List of 3
 $ idi   : int 3955
 $ lrn   : chr [1:3] "randomForest" "oob" ""
 $ result: Named num [1:5] 1 0 0.00857 0 0.84158
  ..- attr(*, "names")= chr [1:5] "ACC" "BER" "multiclass.brier" "MMCE" ...
NULL
Writing result file: /home/probst/Random_Forest/RFSplitbias/results/Splitbias-files/jobs/36/8836-result.RData
########## Executing jid=8837 ##########
Timestamp: 2016-04-28 15:59:54
Experiment: 
  Problem: taski 
  Problem parameters: idi=3955, learner=, teststat=, testtype= 
  Algorithm: forest.splitbias.oob 
  Algorithm parameters:  
  Replication: 14 
  Seed: 8837 
  Problem seed: 136 
Setting seed: 8837
Applying Algorithm forest.splitbias.oob ...
Generating problem taski ...
Result:
List of 3
 $ idi   : int 3955
 $ lrn   : chr [1:3] "randomForest" "oob" ""
 $ result: Named num [1:5] 1 0 0.00925 0 0.85125
  ..- attr(*, "names")= chr [1:5] "ACC" "BER" "multiclass.brier" "MMCE" ...
NULL
Writing result file: /home/probst/Random_Forest/RFSplitbias/results/Splitbias-files/jobs/37/8837-result.RData
########## Executing jid=8838 ##########
Timestamp: 2016-04-28 15:59:55
Experiment: 
  Problem: taski 
  Problem parameters: idi=3955, learner=, teststat=, testtype= 
  Algorithm: forest.splitbias.oob 
  Algorithm parameters:  
  Replication: 15 
  Seed: 8838 
  Problem seed: 137 
Setting seed: 8838
Applying Algorithm forest.splitbias.oob ...
Generating problem taski ...
Result:
List of 3
 $ idi   : int 3955
 $ lrn   : chr [1:3] "randomForest" "oob" ""
 $ result: Named num [1:5] 1 0 0.00955 0 0.82846
  ..- attr(*, "names")= chr [1:5] "ACC" "BER" "multiclass.brier" "MMCE" ...
NULL
Writing result file: /home/probst/Random_Forest/RFSplitbias/results/Splitbias-files/jobs/38/8838-result.RData
########## Executing jid=8839 ##########
Timestamp: 2016-04-28 15:59:56
Experiment: 
  Problem: taski 
  Problem parameters: idi=3955, learner=, teststat=, testtype= 
  Algorithm: forest.splitbias.oob 
  Algorithm parameters:  
  Replication: 16 
  Seed: 8839 
  Problem seed: 138 
Setting seed: 8839
Applying Algorithm forest.splitbias.oob ...
Generating problem taski ...
Result:
List of 3
 $ idi   : int 3955
 $ lrn   : chr [1:3] "randomForest" "oob" ""
 $ result: Named num [1:5] 1 0 0.00909 0 0.84603
  ..- attr(*, "names")= chr [1:5] "ACC" "BER" "multiclass.brier" "MMCE" ...
NULL
Writing result file: /home/probst/Random_Forest/RFSplitbias/results/Splitbias-files/jobs/39/8839-result.RData
########## Executing jid=8840 ##########
Timestamp: 2016-04-28 15:59:56
Experiment: 
  Problem: taski 
  Problem parameters: idi=3955, learner=, teststat=, testtype= 
  Algorithm: forest.splitbias.oob 
  Algorithm parameters:  
  Replication: 17 
  Seed: 8840 
  Problem seed: 139 
Setting seed: 8840
Applying Algorithm forest.splitbias.oob ...
Generating problem taski ...
Result:
List of 3
 $ idi   : int 3955
 $ lrn   : chr [1:3] "randomForest" "oob" ""
 $ result: Named num [1:5] 1 0 0.00968 0 0.84427
  ..- attr(*, "names")= chr [1:5] "ACC" "BER" "multiclass.brier" "MMCE" ...
NULL
Writing result file: /home/probst/Random_Forest/RFSplitbias/results/Splitbias-files/jobs/40/8840-result.RData
########## Executing jid=8841 ##########
Timestamp: 2016-04-28 15:59:57
Experiment: 
  Problem: taski 
  Problem parameters: idi=3955, learner=, teststat=, testtype= 
  Algorithm: forest.splitbias.oob 
  Algorithm parameters:  
  Replication: 18 
  Seed: 8841 
  Problem seed: 140 
Setting seed: 8841
Applying Algorithm forest.splitbias.oob ...
Generating problem taski ...
Result:
List of 3
 $ idi   : int 3955
 $ lrn   : chr [1:3] "randomForest" "oob" ""
 $ result: Named num [1:5] 1 0 0.00873 0 0.81692
  ..- attr(*, "names")= chr [1:5] "ACC" "BER" "multiclass.brier" "MMCE" ...
NULL
Writing result file: /home/probst/Random_Forest/RFSplitbias/results/Splitbias-files/jobs/41/8841-result.RData
########## Executing jid=8842 ##########
Timestamp: 2016-04-28 15:59:58
Experiment: 
  Problem: taski 
  Problem parameters: idi=3955, learner=, teststat=, testtype= 
  Algorithm: forest.splitbias.oob 
  Algorithm parameters:  
  Replication: 19 
  Seed: 8842 
  Problem seed: 141 
Setting seed: 8842
Applying Algorithm forest.splitbias.oob ...
Generating problem taski ...
Result:
List of 3
 $ idi   : int 3955
 $ lrn   : chr [1:3] "randomForest" "oob" ""
 $ result: Named num [1:5] 1 0 0.00872 0 0.84252
  ..- attr(*, "names")= chr [1:5] "ACC" "BER" "multiclass.brier" "MMCE" ...
NULL
Writing result file: /home/probst/Random_Forest/RFSplitbias/results/Splitbias-files/jobs/42/8842-result.RData
########## Executing jid=8843 ##########
Timestamp: 2016-04-28 15:59:58
Experiment: 
  Problem: taski 
  Problem parameters: idi=3955, learner=, teststat=, testtype= 
  Algorithm: forest.splitbias.oob 
  Algorithm parameters:  
  Replication: 20 
  Seed: 8843 
  Problem seed: 142 
Setting seed: 8843
Applying Algorithm forest.splitbias.oob ...
Generating problem taski ...
Result:
List of 3
 $ idi   : int 3955
 $ lrn   : chr [1:3] "randomForest" "oob" ""
 $ result: Named num [1:5] 1 0 0.00934 0 0.85133
  ..- attr(*, "names")= chr [1:5] "ACC" "BER" "multiclass.brier" "MMCE" ...
NULL
Writing result file: /home/probst/Random_Forest/RFSplitbias/results/Splitbias-files/jobs/43/8843-result.RData
########## Executing jid=8844 ##########
Timestamp: 2016-04-28 15:59:59
Experiment: 
  Problem: taski 
  Problem parameters: idi=3955, learner=, teststat=, testtype= 
  Algorithm: forest.splitbias.oob 
  Algorithm parameters:  
  Replication: 21 
  Seed: 8844 
  Problem seed: 143 
Setting seed: 8844
Applying Algorithm forest.splitbias.oob ...
Generating problem taski ...
Result:
List of 3
 $ idi   : int 3955
 $ lrn   : chr [1:3] "randomForest" "oob" ""
 $ result: Named num [1:5] 1 0 0.00886 0 0.84674
  ..- attr(*, "names")= chr [1:5] "ACC" "BER" "multiclass.brier" "MMCE" ...
NULL
Writing result file: /home/probst/Random_Forest/RFSplitbias/results/Splitbias-files/jobs/44/8844-result.RData
########## Executing jid=8845 ##########
Timestamp: 2016-04-28 16:00:00
Experiment: 
  Problem: taski 
  Problem parameters: idi=3955, learner=, teststat=, testtype= 
  Algorithm: forest.splitbias.oob 
  Algorithm parameters:  
  Replication: 22 
  Seed: 8845 
  Problem seed: 144 
Setting seed: 8845
Applying Algorithm forest.splitbias.oob ...
Generating problem taski ...
Result:
List of 3
 $ idi   : int 3955
 $ lrn   : chr [1:3] "randomForest" "oob" ""
 $ result: Named num [1:5] 1 0 0.00923 0 0.8305
  ..- attr(*, "names")= chr [1:5] "ACC" "BER" "multiclass.brier" "MMCE" ...
NULL
Writing result file: /home/probst/Random_Forest/RFSplitbias/results/Splitbias-files/jobs/45/8845-result.RData
########## Executing jid=8846 ##########
Timestamp: 2016-04-28 16:00:00
Experiment: 
  Problem: taski 
  Problem parameters: idi=3955, learner=, teststat=, testtype= 
  Algorithm: forest.splitbias.oob 
  Algorithm parameters:  
  Replication: 23 
  Seed: 8846 
  Problem seed: 145 
Setting seed: 8846
Applying Algorithm forest.splitbias.oob ...
Generating problem taski ...
Result:
List of 3
 $ idi   : int 3955
 $ lrn   : chr [1:3] "randomForest" "oob" ""
 $ result: Named num [1:5] 1 0 0.0098 0 0.8448
  ..- attr(*, "names")= chr [1:5] "ACC" "BER" "multiclass.brier" "MMCE" ...
NULL
Writing result file: /home/probst/Random_Forest/RFSplitbias/results/Splitbias-files/jobs/46/8846-result.RData
########## Executing jid=8847 ##########
Timestamp: 2016-04-28 16:00:01
Experiment: 
  Problem: taski 
  Problem parameters: idi=3955, learner=, teststat=, testtype= 
  Algorithm: forest.splitbias.oob 
  Algorithm parameters:  
  Replication: 24 
  Seed: 8847 
  Problem seed: 146 
Setting seed: 8847
Applying Algorithm forest.splitbias.oob ...
Generating problem taski ...
Result:
List of 3
 $ idi   : int 3955
 $ lrn   : chr [1:3] "randomForest" "oob" ""
 $ result: Named num [1:5] 1 0 0.0102 0 0.8451
  ..- attr(*, "names")= chr [1:5] "ACC" "BER" "multiclass.brier" "MMCE" ...
NULL
Writing result file: /home/probst/Random_Forest/RFSplitbias/results/Splitbias-files/jobs/47/8847-result.RData
########## Executing jid=8848 ##########
Timestamp: 2016-04-28 16:00:01
Experiment: 
  Problem: taski 
  Problem parameters: idi=3955, learner=, teststat=, testtype= 
  Algorithm: forest.splitbias.oob 
  Algorithm parameters:  
  Replication: 25 
  Seed: 8848 
  Problem seed: 147 
Setting seed: 8848
Applying Algorithm forest.splitbias.oob ...
Generating problem taski ...
Result:
List of 3
 $ idi   : int 3955
 $ lrn   : chr [1:3] "randomForest" "oob" ""
 $ result: Named num [1:5] 1 0 0.00872 0 0.82446
  ..- attr(*, "names")= chr [1:5] "ACC" "BER" "multiclass.brier" "MMCE" ...
NULL
Writing result file: /home/probst/Random_Forest/RFSplitbias/results/Splitbias-files/jobs/48/8848-result.RData
########## Executing jid=8849 ##########
Timestamp: 2016-04-28 16:00:02
Experiment: 
  Problem: taski 
  Problem parameters: idi=3955, learner=, teststat=, testtype= 
  Algorithm: forest.splitbias.oob 
  Algorithm parameters:  
  Replication: 26 
  Seed: 8849 
  Problem seed: 148 
Setting seed: 8849
Applying Algorithm forest.splitbias.oob ...
Generating problem taski ...
Result:
List of 3
 $ idi   : int 3955
 $ lrn   : chr [1:3] "randomForest" "oob" ""
 $ result: Named num [1:5] 1 0 0.0091 0 0.8313
  ..- attr(*, "names")= chr [1:5] "ACC" "BER" "multiclass.brier" "MMCE" ...
NULL
Writing result file: /home/probst/Random_Forest/RFSplitbias/results/Splitbias-files/jobs/49/8849-result.RData
########## Executing jid=8850 ##########
Timestamp: 2016-04-28 16:00:03
Experiment: 
  Problem: taski 
  Problem parameters: idi=3955, learner=, teststat=, testtype= 
  Algorithm: forest.splitbias.oob 
  Algorithm parameters:  
  Replication: 27 
  Seed: 8850 
  Problem seed: 149 
Setting seed: 8850
Applying Algorithm forest.splitbias.oob ...
Generating problem taski ...
Result:
List of 3
 $ idi   : int 3955
 $ lrn   : chr [1:3] "randomForest" "oob" ""
 $ result: Named num [1:5] 1 0 0.00916 0 0.83523
  ..- attr(*, "names")= chr [1:5] "ACC" "BER" "multiclass.brier" "MMCE" ...
NULL
Writing result file: /home/probst/Random_Forest/RFSplitbias/results/Splitbias-files/jobs/50/8850-result.RData
########## Executing jid=8851 ##########
Timestamp: 2016-04-28 16:00:04
Experiment: 
  Problem: taski 
  Problem parameters: idi=3955, learner=, teststat=, testtype= 
  Algorithm: forest.splitbias.oob 
  Algorithm parameters:  
  Replication: 28 
  Seed: 8851 
  Problem seed: 150 
Setting seed: 8851
Applying Algorithm forest.splitbias.oob ...
Generating problem taski ...
Result:
List of 3
 $ idi   : int 3955
 $ lrn   : chr [1:3] "randomForest" "oob" ""
 $ result: Named num [1:5] 1 0 0.00808 0 0.82602
  ..- attr(*, "names")= chr [1:5] "ACC" "BER" "multiclass.brier" "MMCE" ...
NULL
Writing result file: /home/probst/Random_Forest/RFSplitbias/results/Splitbias-files/jobs/51/8851-result.RData
########## Executing jid=8852 ##########
Timestamp: 2016-04-28 16:00:04
Experiment: 
  Problem: taski 
  Problem parameters: idi=3955, learner=, teststat=, testtype= 
  Algorithm: forest.splitbias.oob 
  Algorithm parameters:  
  Replication: 29 
  Seed: 8852 
  Problem seed: 151 
Setting seed: 8852
Applying Algorithm forest.splitbias.oob ...
Generating problem taski ...
Result:
List of 3
 $ idi   : int 3955
 $ lrn   : chr [1:3] "randomForest" "oob" ""
 $ result: Named num [1:5] 1 0 0.00905 0 0.82908
  ..- attr(*, "names")= chr [1:5] "ACC" "BER" "multiclass.brier" "MMCE" ...
NULL
Writing result file: /home/probst/Random_Forest/RFSplitbias/results/Splitbias-files/jobs/52/8852-result.RData
########## Executing jid=8853 ##########
Timestamp: 2016-04-28 16:00:05
Experiment: 
  Problem: taski 
  Problem parameters: idi=3955, learner=, teststat=, testtype= 
  Algorithm: forest.splitbias.oob 
  Algorithm parameters:  
  Replication: 30 
  Seed: 8853 
  Problem seed: 152 
Setting seed: 8853
Applying Algorithm forest.splitbias.oob ...
Generating problem taski ...
Result:
List of 3
 $ idi   : int 3955
 $ lrn   : chr [1:3] "randomForest" "oob" ""
 $ result: Named num [1:5] 1 0 0.00951 0 0.84382
  ..- attr(*, "names")= chr [1:5] "ACC" "BER" "multiclass.brier" "MMCE" ...
NULL
Writing result file: /home/probst/Random_Forest/RFSplitbias/results/Splitbias-files/jobs/53/8853-result.RData
########## Executing jid=8854 ##########
Timestamp: 2016-04-28 16:00:06
Experiment: 
  Problem: taski 
  Problem parameters: idi=3955, learner=, teststat=, testtype= 
  Algorithm: forest.splitbias.oob 
  Algorithm parameters:  
  Replication: 31 
  Seed: 8854 
  Problem seed: 153 
Setting seed: 8854
Applying Algorithm forest.splitbias.oob ...
Generating problem taski ...
Result:
List of 3
 $ idi   : int 3955
 $ lrn   : chr [1:3] "randomForest" "oob" ""
 $ result: Named num [1:5] 1 0 0.00889 0 0.828
  ..- attr(*, "names")= chr [1:5] "ACC" "BER" "multiclass.brier" "MMCE" ...
NULL
Writing result file: /home/probst/Random_Forest/RFSplitbias/results/Splitbias-files/jobs/54/8854-result.RData
########## Executing jid=8855 ##########
Timestamp: 2016-04-28 16:00:06
Experiment: 
  Problem: taski 
  Problem parameters: idi=3955, learner=, teststat=, testtype= 
  Algorithm: forest.splitbias.oob 
  Algorithm parameters:  
  Replication: 32 
  Seed: 8855 
  Problem seed: 154 
Setting seed: 8855
Applying Algorithm forest.splitbias.oob ...
Generating problem taski ...
Result:
List of 3
 $ idi   : int 3955
 $ lrn   : chr [1:3] "randomForest" "oob" ""
 $ result: Named num [1:5] 1 0 0.0087 0 0.8418
  ..- attr(*, "names")= chr [1:5] "ACC" "BER" "multiclass.brier" "MMCE" ...
NULL
Writing result file: /home/probst/Random_Forest/RFSplitbias/results/Splitbias-files/jobs/55/8855-result.RData
########## Executing jid=8856 ##########
Timestamp: 2016-04-28 16:00:07
Experiment: 
  Problem: taski 
  Problem parameters: idi=3955, learner=, teststat=, testtype= 
  Algorithm: forest.splitbias.oob 
  Algorithm parameters:  
  Replication: 33 
  Seed: 8856 
  Problem seed: 155 
Setting seed: 8856
Applying Algorithm forest.splitbias.oob ...
Generating problem taski ...
Result:
List of 3
 $ idi   : int 3955
 $ lrn   : chr [1:3] "randomForest" "oob" ""
 $ result: Named num [1:5] 1 0 0.0095 0 0.8415
  ..- attr(*, "names")= chr [1:5] "ACC" "BER" "multiclass.brier" "MMCE" ...
NULL
Writing result file: /home/probst/Random_Forest/RFSplitbias/results/Splitbias-files/jobs/56/8856-result.RData
########## Executing jid=8857 ##########
Timestamp: 2016-04-28 16:00:08
Experiment: 
  Problem: taski 
  Problem parameters: idi=3955, learner=, teststat=, testtype= 
  Algorithm: forest.splitbias.oob 
  Algorithm parameters:  
  Replication: 34 
  Seed: 8857 
  Problem seed: 156 
Setting seed: 8857
Applying Algorithm forest.splitbias.oob ...
Generating problem taski ...
Result:
List of 3
 $ idi   : int 3955
 $ lrn   : chr [1:3] "randomForest" "oob" ""
 $ result: Named num [1:5] 1 0 0.009 0 0.838
  ..- attr(*, "names")= chr [1:5] "ACC" "BER" "multiclass.brier" "MMCE" ...
NULL
Writing result file: /home/probst/Random_Forest/RFSplitbias/results/Splitbias-files/jobs/57/8857-result.RData
########## Executing jid=8858 ##########
Timestamp: 2016-04-28 16:00:08
Experiment: 
  Problem: taski 
  Problem parameters: idi=3955, learner=, teststat=, testtype= 
  Algorithm: forest.splitbias.oob 
  Algorithm parameters:  
  Replication: 35 
  Seed: 8858 
  Problem seed: 157 
Setting seed: 8858
Applying Algorithm forest.splitbias.oob ...
Generating problem taski ...
Result:
List of 3
 $ idi   : int 3955
 $ lrn   : chr [1:3] "randomForest" "oob" ""
 $ result: Named num [1:5] 1 0 0.00894 0 0.84558
  ..- attr(*, "names")= chr [1:5] "ACC" "BER" "multiclass.brier" "MMCE" ...
NULL
Writing result file: /home/probst/Random_Forest/RFSplitbias/results/Splitbias-files/jobs/58/8858-result.RData
########## Executing jid=8859 ##########
Timestamp: 2016-04-28 16:00:09
Experiment: 
  Problem: taski 
  Problem parameters: idi=3955, learner=, teststat=, testtype= 
  Algorithm: forest.splitbias.oob 
  Algorithm parameters:  
  Replication: 36 
  Seed: 8859 
  Problem seed: 158 
Setting seed: 8859
Applying Algorithm forest.splitbias.oob ...
Generating problem taski ...
Result:
List of 3
 $ idi   : int 3955
 $ lrn   : chr [1:3] "randomForest" "oob" ""
 $ result: Named num [1:5] 1 0 0.00968 0 0.82968
  ..- attr(*, "names")= chr [1:5] "ACC" "BER" "multiclass.brier" "MMCE" ...
NULL
Writing result file: /home/probst/Random_Forest/RFSplitbias/results/Splitbias-files/jobs/59/8859-result.RData
########## Executing jid=8860 ##########
Timestamp: 2016-04-28 16:00:10
Experiment: 
  Problem: taski 
  Problem parameters: idi=3955, learner=, teststat=, testtype= 
  Algorithm: forest.splitbias.oob 
  Algorithm parameters:  
  Replication: 37 
  Seed: 8860 
  Problem seed: 159 
Setting seed: 8860
Applying Algorithm forest.splitbias.oob ...
Generating problem taski ...
Result:
List of 3
 $ idi   : int 3955
 $ lrn   : chr [1:3] "randomForest" "oob" ""
 $ result: Named num [1:5] 1 0 0.00828 0 0.83861
  ..- attr(*, "names")= chr [1:5] "ACC" "BER" "multiclass.brier" "MMCE" ...
NULL
Writing result file: /home/probst/Random_Forest/RFSplitbias/results/Splitbias-files/jobs/60/8860-result.RData
########## Executing jid=8861 ##########
Timestamp: 2016-04-28 16:00:10
Experiment: 
  Problem: taski 
  Problem parameters: idi=3955, learner=, teststat=, testtype= 
  Algorithm: forest.splitbias.oob 
  Algorithm parameters:  
  Replication: 38 
  Seed: 8861 
  Problem seed: 160 
Setting seed: 8861
Applying Algorithm forest.splitbias.oob ...
Generating problem taski ...
Result:
List of 3
 $ idi   : int 3955
 $ lrn   : chr [1:3] "randomForest" "oob" ""
 $ result: Named num [1:5] 1 0 0.00826 0 0.84595
  ..- attr(*, "names")= chr [1:5] "ACC" "BER" "multiclass.brier" "MMCE" ...
NULL
Writing result file: /home/probst/Random_Forest/RFSplitbias/results/Splitbias-files/jobs/61/8861-result.RData
########## Executing jid=8862 ##########
Timestamp: 2016-04-28 16:00:11
Experiment: 
  Problem: taski 
  Problem parameters: idi=3955, learner=, teststat=, testtype= 
  Algorithm: forest.splitbias.oob 
  Algorithm parameters:  
  Replication: 39 
  Seed: 8862 
  Problem seed: 161 
Setting seed: 8862
Applying Algorithm forest.splitbias.oob ...
Generating problem taski ...
Result:
List of 3
 $ idi   : int 3955
 $ lrn   : chr [1:3] "randomForest" "oob" ""
 $ result: Named num [1:5] 1 0 0.00944 0 0.82055
  ..- attr(*, "names")= chr [1:5] "ACC" "BER" "multiclass.brier" "MMCE" ...
NULL
Writing result file: /home/probst/Random_Forest/RFSplitbias/results/Splitbias-files/jobs/62/8862-result.RData
########## Executing jid=8863 ##########
Timestamp: 2016-04-28 16:00:12
Experiment: 
  Problem: taski 
  Problem parameters: idi=3955, learner=, teststat=, testtype= 
  Algorithm: forest.splitbias.oob 
  Algorithm parameters:  
  Replication: 40 
  Seed: 8863 
  Problem seed: 162 
Setting seed: 8863
Applying Algorithm forest.splitbias.oob ...
Generating problem taski ...
Result:
List of 3
 $ idi   : int 3955
 $ lrn   : chr [1:3] "randomForest" "oob" ""
 $ result: Named num [1:5] 1 0 0.00894 0 0.84938
  ..- attr(*, "names")= chr [1:5] "ACC" "BER" "multiclass.brier" "MMCE" ...
NULL
Writing result file: /home/probst/Random_Forest/RFSplitbias/results/Splitbias-files/jobs/63/8863-result.RData
########## Executing jid=8864 ##########
Timestamp: 2016-04-28 16:00:12
Experiment: 
  Problem: taski 
  Problem parameters: idi=3955, learner=, teststat=, testtype= 
  Algorithm: forest.splitbias.oob 
  Algorithm parameters:  
  Replication: 41 
  Seed: 8864 
  Problem seed: 163 
Setting seed: 8864
Applying Algorithm forest.splitbias.oob ...
Generating problem taski ...
Result:
List of 3
 $ idi   : int 3955
 $ lrn   : chr [1:3] "randomForest" "oob" ""
 $ result: Named num [1:5] 1 0 0.00852 0 0.81049
  ..- attr(*, "names")= chr [1:5] "ACC" "BER" "multiclass.brier" "MMCE" ...
NULL
Writing result file: /home/probst/Random_Forest/RFSplitbias/results/Splitbias-files/jobs/64/8864-result.RData
########## Executing jid=8865 ##########
Timestamp: 2016-04-28 16:00:13
Experiment: 
  Problem: taski 
  Problem parameters: idi=3955, learner=, teststat=, testtype= 
  Algorithm: forest.splitbias.oob 
  Algorithm parameters:  
  Replication: 42 
  Seed: 8865 
  Problem seed: 164 
Setting seed: 8865
Applying Algorithm forest.splitbias.oob ...
Generating problem taski ...
Result:
List of 3
 $ idi   : int 3955
 $ lrn   : chr [1:3] "randomForest" "oob" ""
 $ result: Named num [1:5] 1 0 0.0089 0 0.8285
  ..- attr(*, "names")= chr [1:5] "ACC" "BER" "multiclass.brier" "MMCE" ...
NULL
Writing result file: /home/probst/Random_Forest/RFSplitbias/results/Splitbias-files/jobs/65/8865-result.RData
########## Executing jid=8866 ##########
Timestamp: 2016-04-28 16:00:14
Experiment: 
  Problem: taski 
  Problem parameters: idi=3955, learner=, teststat=, testtype= 
  Algorithm: forest.splitbias.oob 
  Algorithm parameters:  
  Replication: 43 
  Seed: 8866 
  Problem seed: 165 
Setting seed: 8866
Applying Algorithm forest.splitbias.oob ...
Generating problem taski ...
Result:
List of 3
 $ idi   : int 3955
 $ lrn   : chr [1:3] "randomForest" "oob" ""
 $ result: Named num [1:5] 1 0 0.00983 0 0.82758
  ..- attr(*, "names")= chr [1:5] "ACC" "BER" "multiclass.brier" "MMCE" ...
NULL
Writing result file: /home/probst/Random_Forest/RFSplitbias/results/Splitbias-files/jobs/66/8866-result.RData
########## Executing jid=8867 ##########
Timestamp: 2016-04-28 16:00:14
Experiment: 
  Problem: taski 
  Problem parameters: idi=3955, learner=, teststat=, testtype= 
  Algorithm: forest.splitbias.oob 
  Algorithm parameters:  
  Replication: 44 
  Seed: 8867 
  Problem seed: 166 
Setting seed: 8867
Applying Algorithm forest.splitbias.oob ...
Generating problem taski ...
Result:
List of 3
 $ idi   : int 3955
 $ lrn   : chr [1:3] "randomForest" "oob" ""
 $ result: Named num [1:5] 1 0 0.00885 0 0.84617
  ..- attr(*, "names")= chr [1:5] "ACC" "BER" "multiclass.brier" "MMCE" ...
NULL
Writing result file: /home/probst/Random_Forest/RFSplitbias/results/Splitbias-files/jobs/67/8867-result.RData
########## Executing jid=8868 ##########
Timestamp: 2016-04-28 16:00:15
Experiment: 
  Problem: taski 
  Problem parameters: idi=3955, learner=, teststat=, testtype= 
  Algorithm: forest.splitbias.oob 
  Algorithm parameters:  
  Replication: 45 
  Seed: 8868 
  Problem seed: 167 
Setting seed: 8868
Applying Algorithm forest.splitbias.oob ...
Generating problem taski ...
Result:
List of 3
 $ idi   : int 3955
 $ lrn   : chr [1:3] "randomForest" "oob" ""
 $ result: Named num [1:5] 1 0 0.0089 0 0.8398
  ..- attr(*, "names")= chr [1:5] "ACC" "BER" "multiclass.brier" "MMCE" ...
NULL
Writing result file: /home/probst/Random_Forest/RFSplitbias/results/Splitbias-files/jobs/68/8868-result.RData
########## Executing jid=8869 ##########
Timestamp: 2016-04-28 16:00:16
Experiment: 
  Problem: taski 
  Problem parameters: idi=3955, learner=, teststat=, testtype= 
  Algorithm: forest.splitbias.oob 
  Algorithm parameters:  
  Replication: 46 
  Seed: 8869 
  Problem seed: 168 
Setting seed: 8869
Applying Algorithm forest.splitbias.oob ...
Generating problem taski ...
Result:
List of 3
 $ idi   : int 3955
 $ lrn   : chr [1:3] "randomForest" "oob" ""
 $ result: Named num [1:5] 1 0 0.00885 0 0.84209
  ..- attr(*, "names")= chr [1:5] "ACC" "BER" "multiclass.brier" "MMCE" ...
NULL
Writing result file: /home/probst/Random_Forest/RFSplitbias/results/Splitbias-files/jobs/69/8869-result.RData
########## Executing jid=8870 ##########
Timestamp: 2016-04-28 16:00:17
Experiment: 
  Problem: taski 
  Problem parameters: idi=3955, learner=, teststat=, testtype= 
  Algorithm: forest.splitbias.oob 
  Algorithm parameters:  
  Replication: 47 
  Seed: 8870 
  Problem seed: 169 
Setting seed: 8870
Applying Algorithm forest.splitbias.oob ...
Generating problem taski ...
Result:
List of 3
 $ idi   : int 3955
 $ lrn   : chr [1:3] "randomForest" "oob" ""
 $ result: Named num [1:5] 1 0 0.00907 0 0.81675
  ..- attr(*, "names")= chr [1:5] "ACC" "BER" "multiclass.brier" "MMCE" ...
NULL
Writing result file: /home/probst/Random_Forest/RFSplitbias/results/Splitbias-files/jobs/70/8870-result.RData
########## Executing jid=8871 ##########
Timestamp: 2016-04-28 16:00:17
Experiment: 
  Problem: taski 
  Problem parameters: idi=3955, learner=, teststat=, testtype= 
  Algorithm: forest.splitbias.oob 
  Algorithm parameters:  
  Replication: 48 
  Seed: 8871 
  Problem seed: 170 
Setting seed: 8871
Applying Algorithm forest.splitbias.oob ...
Generating problem taski ...
Result:
List of 3
 $ idi   : int 3955
 $ lrn   : chr [1:3] "randomForest" "oob" ""
 $ result: Named num [1:5] 1 0 0.00828 0 0.83926
  ..- attr(*, "names")= chr [1:5] "ACC" "BER" "multiclass.brier" "MMCE" ...
NULL
Writing result file: /home/probst/Random_Forest/RFSplitbias/results/Splitbias-files/jobs/71/8871-result.RData
########## Executing jid=8872 ##########
Timestamp: 2016-04-28 16:00:18
Experiment: 
  Problem: taski 
  Problem parameters: idi=3955, learner=, teststat=, testtype= 
  Algorithm: forest.splitbias.oob 
  Algorithm parameters:  
  Replication: 49 
  Seed: 8872 
  Problem seed: 171 
Setting seed: 8872
Applying Algorithm forest.splitbias.oob ...
Generating problem taski ...
Result:
List of 3
 $ idi   : int 3955
 $ lrn   : chr [1:3] "randomForest" "oob" ""
 $ result: Named num [1:5] 1 0 0.00886 0 0.81828
  ..- attr(*, "names")= chr [1:5] "ACC" "BER" "multiclass.brier" "MMCE" ...
NULL
Writing result file: /home/probst/Random_Forest/RFSplitbias/results/Splitbias-files/jobs/72/8872-result.RData
########## Executing jid=8873 ##########
Timestamp: 2016-04-28 16:00:18
Experiment: 
  Problem: taski 
  Problem parameters: idi=3955, learner=, teststat=, testtype= 
  Algorithm: forest.splitbias.oob 
  Algorithm parameters:  
  Replication: 50 
  Seed: 8873 
  Problem seed: 172 
Setting seed: 8873
Applying Algorithm forest.splitbias.oob ...
Generating problem taski ...
Result:
List of 3
 $ idi   : int 3955
 $ lrn   : chr [1:3] "randomForest" "oob" ""
 $ result: Named num [1:5] 1 0 0.00929 0 0.81661
  ..- attr(*, "names")= chr [1:5] "ACC" "BER" "multiclass.brier" "MMCE" ...
NULL
Writing result file: /home/probst/Random_Forest/RFSplitbias/results/Splitbias-files/jobs/73/8873-result.RData
########## Executing jid=8874 ##########
Timestamp: 2016-04-28 16:00:19
Experiment: 
  Problem: taski 
  Problem parameters: idi=3909, learner=, teststat=, testtype= 
  Algorithm: forest.splitbias.oob 
  Algorithm parameters:  
  Replication: 11 
  Seed: 8874 
  Problem seed: 133 
Setting seed: 8874
Applying Algorithm forest.splitbias.oob ...
Generating problem taski ...
Result:
List of 3
 $ idi   : int 3909
 $ lrn   : chr [1:3] "randomForest" "oob" ""
 $ result: Named num [1:5] 0.9091 0.5089 0.1575 0.0909 0.996
  ..- attr(*, "names")= chr [1:5] "ACC" "BER" "multiclass.brier" "MMCE" ...
NULL
Writing result file: /home/probst/Random_Forest/RFSplitbias/results/Splitbias-files/jobs/74/8874-result.RData
########## Executing jid=8875 ##########
Timestamp: 2016-04-28 16:00:20
Experiment: 
  Problem: taski 
  Problem parameters: idi=3909, learner=, teststat=, testtype= 
  Algorithm: forest.splitbias.oob 
  Algorithm parameters:  
  Replication: 12 
  Seed: 8875 
  Problem seed: 134 
Setting seed: 8875
Applying Algorithm forest.splitbias.oob ...
Generating problem taski ...
Result:
List of 3
 $ idi   : int 3909
 $ lrn   : chr [1:3] "randomForest" "oob" ""
 $ result: Named num [1:5] 0.9091 0.5089 0.1596 0.0909 0.995
  ..- attr(*, "names")= chr [1:5] "ACC" "BER" "multiclass.brier" "MMCE" ...
NULL
Writing result file: /home/probst/Random_Forest/RFSplitbias/results/Splitbias-files/jobs/75/8875-result.RData
########## Executing jid=8876 ##########
Timestamp: 2016-04-28 16:00:20
Experiment: 
  Problem: taski 
  Problem parameters: idi=3909, learner=, teststat=, testtype= 
  Algorithm: forest.splitbias.oob 
  Algorithm parameters:  
  Replication: 13 
  Seed: 8876 
  Problem seed: 135 
Setting seed: 8876
Applying Algorithm forest.splitbias.oob ...
Generating problem taski ...
Result:
List of 3
 $ idi   : int 3909
 $ lrn   : chr [1:3] "randomForest" "oob" ""
 $ result: Named num [1:5] 0.9091 0.5089 0.1549 0.0909 0.996
  ..- attr(*, "names")= chr [1:5] "ACC" "BER" "multiclass.brier" "MMCE" ...
NULL
Writing result file: /home/probst/Random_Forest/RFSplitbias/results/Splitbias-files/jobs/76/8876-result.RData
########## Executing jid=8877 ##########
Timestamp: 2016-04-28 16:00:21
Experiment: 
  Problem: taski 
  Problem parameters: idi=3909, learner=, teststat=, testtype= 
  Algorithm: forest.splitbias.oob 
  Algorithm parameters:  
  Replication: 14 
  Seed: 8877 
  Problem seed: 136 
Setting seed: 8877
Applying Algorithm forest.splitbias.oob ...
Generating problem taski ...
Result:
List of 3
 $ idi   : int 3909
 $ lrn   : chr [1:3] "randomForest" "oob" ""
 $ result: Named num [1:5] 0.9091 0.5089 0.1573 0.0909 0.995
  ..- attr(*, "names")= chr [1:5] "ACC" "BER" "multiclass.brier" "MMCE" ...
NULL
Writing result file: /home/probst/Random_Forest/RFSplitbias/results/Splitbias-files/jobs/77/8877-result.RData
########## Executing jid=8878 ##########
Timestamp: 2016-04-28 16:00:22
Experiment: 
  Problem: taski 
  Problem parameters: idi=3909, learner=, teststat=, testtype= 
  Algorithm: forest.splitbias.oob 
  Algorithm parameters:  
  Replication: 15 
  Seed: 8878 
  Problem seed: 137 
Setting seed: 8878
Applying Algorithm forest.splitbias.oob ...
Generating problem taski ...
Result:
List of 3
 $ idi   : int 3909
 $ lrn   : chr [1:3] "randomForest" "oob" ""
 $ result: Named num [1:5] 0.9091 0.5089 0.1575 0.0909 0.995
  ..- attr(*, "names")= chr [1:5] "ACC" "BER" "multiclass.brier" "MMCE" ...
NULL
Writing result file: /home/probst/Random_Forest/RFSplitbias/results/Splitbias-files/jobs/78/8878-result.RData
########## Executing jid=8879 ##########
Timestamp: 2016-04-28 16:00:22
Experiment: 
  Problem: taski 
  Problem parameters: idi=3909, learner=, teststat=, testtype= 
  Algorithm: forest.splitbias.oob 
  Algorithm parameters:  
  Replication: 16 
  Seed: 8879 
  Problem seed: 138 
Setting seed: 8879
Applying Algorithm forest.splitbias.oob ...
Generating problem taski ...
Result:
List of 3
 $ idi   : int 3909
 $ lrn   : chr [1:3] "randomForest" "oob" ""
 $ result: Named num [1:5] 0.9091 0.5089 0.1566 0.0909 0.996
  ..- attr(*, "names")= chr [1:5] "ACC" "BER" "multiclass.brier" "MMCE" ...
NULL
Writing result file: /home/probst/Random_Forest/RFSplitbias/results/Splitbias-files/jobs/79/8879-result.RData
########## Executing jid=8880 ##########
Timestamp: 2016-04-28 16:00:23
Experiment: 
  Problem: taski 
  Problem parameters: idi=3909, learner=, teststat=, testtype= 
  Algorithm: forest.splitbias.oob 
  Algorithm parameters:  
  Replication: 17 
  Seed: 8880 
  Problem seed: 139 
Setting seed: 8880
Applying Algorithm forest.splitbias.oob ...
Generating problem taski ...
Result:
List of 3
 $ idi   : int 3909
 $ lrn   : chr [1:3] "randomForest" "oob" ""
 $ result: Named num [1:5] 0.9091 0.5089 0.1584 0.0909 0.996
  ..- attr(*, "names")= chr [1:5] "ACC" "BER" "multiclass.brier" "MMCE" ...
NULL
Writing result file: /home/probst/Random_Forest/RFSplitbias/results/Splitbias-files/jobs/80/8880-result.RData
########## Executing jid=8881 ##########
Timestamp: 2016-04-28 16:00:24
Experiment: 
  Problem: taski 
  Problem parameters: idi=3909, learner=, teststat=, testtype= 
  Algorithm: forest.splitbias.oob 
  Algorithm parameters:  
  Replication: 18 
  Seed: 8881 
  Problem seed: 140 
Setting seed: 8881
Applying Algorithm forest.splitbias.oob ...
Generating problem taski ...
Result:
List of 3
 $ idi   : int 3909
 $ lrn   : chr [1:3] "randomForest" "oob" ""
 $ result: Named num [1:5] 0.9091 0.5089 0.1595 0.0909 0.995
  ..- attr(*, "names")= chr [1:5] "ACC" "BER" "multiclass.brier" "MMCE" ...
NULL
Writing result file: /home/probst/Random_Forest/RFSplitbias/results/Splitbias-files/jobs/81/8881-result.RData
########## Executing jid=8882 ##########
Timestamp: 2016-04-28 16:00:24
Experiment: 
  Problem: taski 
  Problem parameters: idi=3909, learner=, teststat=, testtype= 
  Algorithm: forest.splitbias.oob 
  Algorithm parameters:  
  Replication: 19 
  Seed: 8882 
  Problem seed: 141 
Setting seed: 8882
Applying Algorithm forest.splitbias.oob ...
Generating problem taski ...
Result:
List of 3
 $ idi   : int 3909
 $ lrn   : chr [1:3] "randomForest" "oob" ""
 $ result: Named num [1:5] 0.9091 0.5089 0.1599 0.0909 0.995
  ..- attr(*, "names")= chr [1:5] "ACC" "BER" "multiclass.brier" "MMCE" ...
NULL
Writing result file: /home/probst/Random_Forest/RFSplitbias/results/Splitbias-files/jobs/82/8882-result.RData
########## Executing jid=8883 ##########
Timestamp: 2016-04-28 16:00:25
Experiment: 
  Problem: taski 
  Problem parameters: idi=3909, learner=, teststat=, testtype= 
  Algorithm: forest.splitbias.oob 
  Algorithm parameters:  
  Replication: 20 
  Seed: 8883 
  Problem seed: 142 
Setting seed: 8883
Applying Algorithm forest.splitbias.oob ...
Generating problem taski ...
Result:
List of 3
 $ idi   : int 3909
 $ lrn   : chr [1:3] "randomForest" "oob" ""
 $ result: Named num [1:5] 0.9091 0.5089 0.1617 0.0909 0.995
  ..- attr(*, "names")= chr [1:5] "ACC" "BER" "multiclass.brier" "MMCE" ...
NULL
Writing result file: /home/probst/Random_Forest/RFSplitbias/results/Splitbias-files/jobs/83/8883-result.RData
########## Executing jid=8884 ##########
Timestamp: 2016-04-28 16:00:26
Experiment: 
  Problem: taski 
  Problem parameters: idi=3909, learner=, teststat=, testtype= 
  Algorithm: forest.splitbias.oob 
  Algorithm parameters:  
  Replication: 21 
  Seed: 8884 
  Problem seed: 143 
Setting seed: 8884
Applying Algorithm forest.splitbias.oob ...
Generating problem taski ...
Result:
List of 3
 $ idi   : int 3909
 $ lrn   : chr [1:3] "randomForest" "oob" ""
 $ result: Named num [1:5] 0.9091 0.5089 0.1567 0.0909 0.995
  ..- attr(*, "names")= chr [1:5] "ACC" "BER" "multiclass.brier" "MMCE" ...
NULL
Writing result file: /home/probst/Random_Forest/RFSplitbias/results/Splitbias-files/jobs/84/8884-result.RData
########## Executing jid=8885 ##########
Timestamp: 2016-04-28 16:00:26
Experiment: 
  Problem: taski 
  Problem parameters: idi=3909, learner=, teststat=, testtype= 
  Algorithm: forest.splitbias.oob 
  Algorithm parameters:  
  Replication: 22 
  Seed: 8885 
  Problem seed: 144 
Setting seed: 8885
Applying Algorithm forest.splitbias.oob ...
Generating problem taski ...
Result:
List of 3
 $ idi   : int 3909
 $ lrn   : chr [1:3] "randomForest" "oob" ""
 $ result: Named num [1:5] 0.9091 0.5089 0.1553 0.0909 0.995
  ..- attr(*, "names")= chr [1:5] "ACC" "BER" "multiclass.brier" "MMCE" ...
NULL
Writing result file: /home/probst/Random_Forest/RFSplitbias/results/Splitbias-files/jobs/85/8885-result.RData
########## Executing jid=8886 ##########
Timestamp: 2016-04-28 16:00:27
Experiment: 
  Problem: taski 
  Problem parameters: idi=3909, learner=, teststat=, testtype= 
  Algorithm: forest.splitbias.oob 
  Algorithm parameters:  
  Replication: 23 
  Seed: 8886 
  Problem seed: 145 
Setting seed: 8886
Applying Algorithm forest.splitbias.oob ...
Generating problem taski ...
Result:
List of 3
 $ idi   : int 3909
 $ lrn   : chr [1:3] "randomForest" "oob" ""
 $ result: Named num [1:5] 0.9091 0.5089 0.1558 0.0909 0.996
  ..- attr(*, "names")= chr [1:5] "ACC" "BER" "multiclass.brier" "MMCE" ...
NULL
Writing result file: /home/probst/Random_Forest/RFSplitbias/results/Splitbias-files/jobs/86/8886-result.RData
########## Executing jid=8887 ##########
Timestamp: 2016-04-28 16:00:27
Experiment: 
  Problem: taski 
  Problem parameters: idi=3909, learner=, teststat=, testtype= 
  Algorithm: forest.splitbias.oob 
  Algorithm parameters:  
  Replication: 24 
  Seed: 8887 
  Problem seed: 146 
Setting seed: 8887
Applying Algorithm forest.splitbias.oob ...
Generating problem taski ...
Result:
List of 3
 $ idi   : int 3909
 $ lrn   : chr [1:3] "randomForest" "oob" ""
 $ result: Named num [1:5] 0.9091 0.5089 0.1577 0.0909 0.995
  ..- attr(*, "names")= chr [1:5] "ACC" "BER" "multiclass.brier" "MMCE" ...
NULL
Writing result file: /home/probst/Random_Forest/RFSplitbias/results/Splitbias-files/jobs/87/8887-result.RData
########## Executing jid=8888 ##########
Timestamp: 2016-04-28 16:00:28
Experiment: 
  Problem: taski 
  Problem parameters: idi=3909, learner=, teststat=, testtype= 
  Algorithm: forest.splitbias.oob 
  Algorithm parameters:  
  Replication: 25 
  Seed: 8888 
  Problem seed: 147 
Setting seed: 8888
Applying Algorithm forest.splitbias.oob ...
Generating problem taski ...
Result:
List of 3
 $ idi   : int 3909
 $ lrn   : chr [1:3] "randomForest" "oob" ""
 $ result: Named num [1:5] 0.9091 0.5089 0.1583 0.0909 0.996
  ..- attr(*, "names")= chr [1:5] "ACC" "BER" "multiclass.brier" "MMCE" ...
NULL
Writing result file: /home/probst/Random_Forest/RFSplitbias/results/Splitbias-files/jobs/88/8888-result.RData
########## Executing jid=8889 ##########
Timestamp: 2016-04-28 16:00:29
Experiment: 
  Problem: taski 
  Problem parameters: idi=3909, learner=, teststat=, testtype= 
  Algorithm: forest.splitbias.oob 
  Algorithm parameters:  
  Replication: 26 
  Seed: 8889 
  Problem seed: 148 
Setting seed: 8889
Applying Algorithm forest.splitbias.oob ...
Generating problem taski ...
Result:
List of 3
 $ idi   : int 3909
 $ lrn   : chr [1:3] "randomForest" "oob" ""
 $ result: Named num [1:5] 0.9091 0.5089 0.1577 0.0909 0.996
  ..- attr(*, "names")= chr [1:5] "ACC" "BER" "multiclass.brier" "MMCE" ...
NULL
Writing result file: /home/probst/Random_Forest/RFSplitbias/results/Splitbias-files/jobs/89/8889-result.RData
########## Executing jid=8890 ##########
Timestamp: 2016-04-28 16:00:29
Experiment: 
  Problem: taski 
  Problem parameters: idi=3909, learner=, teststat=, testtype= 
  Algorithm: forest.splitbias.oob 
  Algorithm parameters:  
  Replication: 27 
  Seed: 8890 
  Problem seed: 149 
Setting seed: 8890
Applying Algorithm forest.splitbias.oob ...
Generating problem taski ...
Result:
List of 3
 $ idi   : int 3909
 $ lrn   : chr [1:3] "randomForest" "oob" ""
 $ result: Named num [1:5] 0.9091 0.5089 0.1553 0.0909 0.996
  ..- attr(*, "names")= chr [1:5] "ACC" "BER" "multiclass.brier" "MMCE" ...
NULL
Writing result file: /home/probst/Random_Forest/RFSplitbias/results/Splitbias-files/jobs/90/8890-result.RData
########## Executing jid=8891 ##########
Timestamp: 2016-04-28 16:00:30
Experiment: 
  Problem: taski 
  Problem parameters: idi=3909, learner=, teststat=, testtype= 
  Algorithm: forest.splitbias.oob 
  Algorithm parameters:  
  Replication: 28 
  Seed: 8891 
  Problem seed: 150 
Setting seed: 8891
Applying Algorithm forest.splitbias.oob ...
Generating problem taski ...
Result:
List of 3
 $ idi   : int 3909
 $ lrn   : chr [1:3] "randomForest" "oob" ""
 $ result: Named num [1:5] 0.9091 0.5089 0.1602 0.0909 0.996
  ..- attr(*, "names")= chr [1:5] "ACC" "BER" "multiclass.brier" "MMCE" ...
NULL
Writing result file: /home/probst/Random_Forest/RFSplitbias/results/Splitbias-files/jobs/91/8891-result.RData
########## Executing jid=8892 ##########
Timestamp: 2016-04-28 16:00:31
Experiment: 
  Problem: taski 
  Problem parameters: idi=3909, learner=, teststat=, testtype= 
  Algorithm: forest.splitbias.oob 
  Algorithm parameters:  
  Replication: 29 
  Seed: 8892 
  Problem seed: 151 
Setting seed: 8892
Applying Algorithm forest.splitbias.oob ...
Generating problem taski ...
Result:
List of 3
 $ idi   : int 3909
 $ lrn   : chr [1:3] "randomForest" "oob" ""
 $ result: Named num [1:5] 0.9091 0.5089 0.1583 0.0909 0.995
  ..- attr(*, "names")= chr [1:5] "ACC" "BER" "multiclass.brier" "MMCE" ...
NULL
Writing result file: /home/probst/Random_Forest/RFSplitbias/results/Splitbias-files/jobs/92/8892-result.RData
########## Executing jid=8893 ##########
Timestamp: 2016-04-28 16:00:31
Experiment: 
  Problem: taski 
  Problem parameters: idi=3909, learner=, teststat=, testtype= 
  Algorithm: forest.splitbias.oob 
  Algorithm parameters:  
  Replication: 30 
  Seed: 8893 
  Problem seed: 152 
Setting seed: 8893
Applying Algorithm forest.splitbias.oob ...
Generating problem taski ...
Result:
List of 3
 $ idi   : int 3909
 $ lrn   : chr [1:3] "randomForest" "oob" ""
 $ result: Named num [1:5] 0.9091 0.5089 0.1581 0.0909 0.996
  ..- attr(*, "names")= chr [1:5] "ACC" "BER" "multiclass.brier" "MMCE" ...
NULL
Writing result file: /home/probst/Random_Forest/RFSplitbias/results/Splitbias-files/jobs/93/8893-result.RData
########## Executing jid=8894 ##########
Timestamp: 2016-04-28 16:00:32
Experiment: 
  Problem: taski 
  Problem parameters: idi=3909, learner=, teststat=, testtype= 
  Algorithm: forest.splitbias.oob 
  Algorithm parameters:  
  Replication: 31 
  Seed: 8894 
  Problem seed: 153 
Setting seed: 8894
Applying Algorithm forest.splitbias.oob ...
Generating problem taski ...
Result:
List of 3
 $ idi   : int 3909
 $ lrn   : chr [1:3] "randomForest" "oob" ""
 $ result: Named num [1:5] 0.9091 0.5089 0.1571 0.0909 0.996
  ..- attr(*, "names")= chr [1:5] "ACC" "BER" "multiclass.brier" "MMCE" ...
NULL
Writing result file: /home/probst/Random_Forest/RFSplitbias/results/Splitbias-files/jobs/94/8894-result.RData
########## Executing jid=8895 ##########
Timestamp: 2016-04-28 16:00:32
Experiment: 
  Problem: taski 
  Problem parameters: idi=3909, learner=, teststat=, testtype= 
  Algorithm: forest.splitbias.oob 
  Algorithm parameters:  
  Replication: 32 
  Seed: 8895 
  Problem seed: 154 
Setting seed: 8895
Applying Algorithm forest.splitbias.oob ...
Generating problem taski ...
Result:
List of 3
 $ idi   : int 3909
 $ lrn   : chr [1:3] "randomForest" "oob" ""
 $ result: Named num [1:5] 0.9091 0.5089 0.1561 0.0909 0.996
  ..- attr(*, "names")= chr [1:5] "ACC" "BER" "multiclass.brier" "MMCE" ...
NULL
Writing result file: /home/probst/Random_Forest/RFSplitbias/results/Splitbias-files/jobs/95/8895-result.RData
########## Executing jid=8896 ##########
Timestamp: 2016-04-28 16:00:33
Experiment: 
  Problem: taski 
  Problem parameters: idi=3909, learner=, teststat=, testtype= 
  Algorithm: forest.splitbias.oob 
  Algorithm parameters:  
  Replication: 33 
  Seed: 8896 
  Problem seed: 155 
Setting seed: 8896
Applying Algorithm forest.splitbias.oob ...
Generating problem taski ...
Result:
List of 3
 $ idi   : int 3909
 $ lrn   : chr [1:3] "randomForest" "oob" ""
 $ result: Named num [1:5] 0.9091 0.5089 0.1592 0.0909 0.996
  ..- attr(*, "names")= chr [1:5] "ACC" "BER" "multiclass.brier" "MMCE" ...
NULL
Writing result file: /home/probst/Random_Forest/RFSplitbias/results/Splitbias-files/jobs/96/8896-result.RData
########## Executing jid=8897 ##########
Timestamp: 2016-04-28 16:00:34
Experiment: 
  Problem: taski 
  Problem parameters: idi=3909, learner=, teststat=, testtype= 
  Algorithm: forest.splitbias.oob 
  Algorithm parameters:  
  Replication: 34 
  Seed: 8897 
  Problem seed: 156 
Setting seed: 8897
Applying Algorithm forest.splitbias.oob ...
Generating problem taski ...
Result:
List of 3
 $ idi   : int 3909
 $ lrn   : chr [1:3] "randomForest" "oob" ""
 $ result: Named num [1:5] 0.9091 0.5089 0.1584 0.0909 0.996
  ..- attr(*, "names")= chr [1:5] "ACC" "BER" "multiclass.brier" "MMCE" ...
NULL
Writing result file: /home/probst/Random_Forest/RFSplitbias/results/Splitbias-files/jobs/97/8897-result.RData
########## Executing jid=8898 ##########
Timestamp: 2016-04-28 16:00:34
Experiment: 
  Problem: taski 
  Problem parameters: idi=3909, learner=, teststat=, testtype= 
  Algorithm: forest.splitbias.oob 
  Algorithm parameters:  
  Replication: 35 
  Seed: 8898 
  Problem seed: 157 
Setting seed: 8898
Applying Algorithm forest.splitbias.oob ...
Generating problem taski ...
Result:
List of 3
 $ idi   : int 3909
 $ lrn   : chr [1:3] "randomForest" "oob" ""
 $ result: Named num [1:5] 0.9091 0.5089 0.1566 0.0909 0.995
  ..- attr(*, "names")= chr [1:5] "ACC" "BER" "multiclass.brier" "MMCE" ...
NULL
Writing result file: /home/probst/Random_Forest/RFSplitbias/results/Splitbias-files/jobs/98/8898-result.RData
########## Executing jid=8899 ##########
Timestamp: 2016-04-28 16:00:35
Experiment: 
  Problem: taski 
  Problem parameters: idi=3909, learner=, teststat=, testtype= 
  Algorithm: forest.splitbias.oob 
  Algorithm parameters:  
  Replication: 36 
  Seed: 8899 
  Problem seed: 158 
Setting seed: 8899
Applying Algorithm forest.splitbias.oob ...
Generating problem taski ...
Result:
List of 3
 $ idi   : int 3909
 $ lrn   : chr [1:3] "randomForest" "oob" ""
 $ result: Named num [1:5] 0.9091 0.5089 0.1584 0.0909 0.995
  ..- attr(*, "names")= chr [1:5] "ACC" "BER" "multiclass.brier" "MMCE" ...
NULL
Writing result file: /home/probst/Random_Forest/RFSplitbias/results/Splitbias-files/jobs/99/8899-result.RData
########## Executing jid=8900 ##########
Timestamp: 2016-04-28 16:00:36
Experiment: 
  Problem: taski 
  Problem parameters: idi=3909, learner=, teststat=, testtype= 
  Algorithm: forest.splitbias.oob 
  Algorithm parameters:  
  Replication: 37 
  Seed: 8900 
  Problem seed: 159 
Setting seed: 8900
Applying Algorithm forest.splitbias.oob ...
Generating problem taski ...
Result:
List of 3
 $ idi   : int 3909
 $ lrn   : chr [1:3] "randomForest" "oob" ""
 $ result: Named num [1:5] 0.9091 0.5089 0.1596 0.0909 0.995
  ..- attr(*, "names")= chr [1:5] "ACC" "BER" "multiclass.brier" "MMCE" ...
NULL
Writing result file: /home/probst/Random_Forest/RFSplitbias/results/Splitbias-files/jobs/00/8900-result.RData
########## Executing jid=8901 ##########
Timestamp: 2016-04-28 16:00:36
Experiment: 
  Problem: taski 
  Problem parameters: idi=3909, learner=, teststat=, testtype= 
  Algorithm: forest.splitbias.oob 
  Algorithm parameters:  
  Replication: 38 
  Seed: 8901 
  Problem seed: 160 
Setting seed: 8901
Applying Algorithm forest.splitbias.oob ...
Generating problem taski ...
Result:
List of 3
 $ idi   : int 3909
 $ lrn   : chr [1:3] "randomForest" "oob" ""
 $ result: Named num [1:5] 0.9091 0.5089 0.1587 0.0909 0.995
  ..- attr(*, "names")= chr [1:5] "ACC" "BER" "multiclass.brier" "MMCE" ...
NULL
Writing result file: /home/probst/Random_Forest/RFSplitbias/results/Splitbias-files/jobs/01/8901-result.RData
########## Executing jid=8902 ##########
Timestamp: 2016-04-28 16:00:37
Experiment: 
  Problem: taski 
  Problem parameters: idi=3909, learner=, teststat=, testtype= 
  Algorithm: forest.splitbias.oob 
  Algorithm parameters:  
  Replication: 39 
  Seed: 8902 
  Problem seed: 161 
Setting seed: 8902
Applying Algorithm forest.splitbias.oob ...
Generating problem taski ...
Result:
List of 3
 $ idi   : int 3909
 $ lrn   : chr [1:3] "randomForest" "oob" ""
 $ result: Named num [1:5] 0.9091 0.5089 0.1571 0.0909 0.995
  ..- attr(*, "names")= chr [1:5] "ACC" "BER" "multiclass.brier" "MMCE" ...
NULL
Writing result file: /home/probst/Random_Forest/RFSplitbias/results/Splitbias-files/jobs/02/8902-result.RData
########## Executing jid=8903 ##########
Timestamp: 2016-04-28 16:00:38
Experiment: 
  Problem: taski 
  Problem parameters: idi=3909, learner=, teststat=, testtype= 
  Algorithm: forest.splitbias.oob 
  Algorithm parameters:  
  Replication: 40 
  Seed: 8903 
  Problem seed: 162 
Setting seed: 8903
Applying Algorithm forest.splitbias.oob ...
Generating problem taski ...
Result:
List of 3
 $ idi   : int 3909
 $ lrn   : chr [1:3] "randomForest" "oob" ""
 $ result: Named num [1:5] 0.9091 0.5089 0.1574 0.0909 0.996
  ..- attr(*, "names")= chr [1:5] "ACC" "BER" "multiclass.brier" "MMCE" ...
NULL
Writing result file: /home/probst/Random_Forest/RFSplitbias/results/Splitbias-files/jobs/03/8903-result.RData
2016-04-28 16:00:38: All done.
Setting work back to: /nfsmb/koll/probst/Random_Forest/RFSplitbias/results
Memory usage according to gc:
          used  (Mb) gc trigger  (Mb) max used  (Mb)
Ncells 1889603 101.0    3205452 171.2  2179342 116.4
Vcells 4658846  35.6   13750151 105.0  6232900  47.6
