Loading registry: /home/probst/Random_Forest/RFSplitbias/results/Splitbias-files/registry.RData
Loading conf: 
2016-04-28 16:10:31: Starting job on node lin65.
Auto-mailer settings: start=none, done=none, error=none.
Setting work dir: /nfsmb/koll/probst/Random_Forest/RFSplitbias/results
########## Executing jid=9404 ##########
Timestamp: 2016-04-28 16:10:31
Experiment: 
  Problem: taski 
  Problem parameters: idi=2272, learner=, teststat=, testtype= 
  Algorithm: forest.splitbias.oob 
  Algorithm parameters:  
  Replication: 21 
  Seed: 9404 
  Problem seed: 143 
Setting seed: 9404
Applying Algorithm forest.splitbias.oob ...
Generating problem taski ...
Result:
List of 3
 $ idi   : int 2272
 $ lrn   : chr [1:3] "randomForest" "oob" ""
 $ result: Named num [1:5] 0.698 0.536 0.423 0.302 0.822
  ..- attr(*, "names")= chr [1:5] "ACC" "BER" "multiclass.brier" "MMCE" ...
NULL
Writing result file: /home/probst/Random_Forest/RFSplitbias/results/Splitbias-files/jobs/04/9404-result.RData
########## Executing jid=9405 ##########
Timestamp: 2016-04-28 16:10:32
Experiment: 
  Problem: taski 
  Problem parameters: idi=2272, learner=, teststat=, testtype= 
  Algorithm: forest.splitbias.oob 
  Algorithm parameters:  
  Replication: 22 
  Seed: 9405 
  Problem seed: 144 
Setting seed: 9405
Applying Algorithm forest.splitbias.oob ...
Generating problem taski ...
Result:
List of 3
 $ idi   : int 2272
 $ lrn   : chr [1:3] "randomForest" "oob" ""
 $ result: Named num [1:5] 0.698 0.511 0.43 0.302 0.824
  ..- attr(*, "names")= chr [1:5] "ACC" "BER" "multiclass.brier" "MMCE" ...
NULL
Writing result file: /home/probst/Random_Forest/RFSplitbias/results/Splitbias-files/jobs/05/9405-result.RData
########## Executing jid=9406 ##########
Timestamp: 2016-04-28 16:10:32
Experiment: 
  Problem: taski 
  Problem parameters: idi=2272, learner=, teststat=, testtype= 
  Algorithm: forest.splitbias.oob 
  Algorithm parameters:  
  Replication: 23 
  Seed: 9406 
  Problem seed: 145 
Setting seed: 9406
Applying Algorithm forest.splitbias.oob ...
Generating problem taski ...
Result:
List of 3
 $ idi   : int 2272
 $ lrn   : chr [1:3] "randomForest" "oob" ""
 $ result: Named num [1:5] 0.714 0.503 0.427 0.286 0.828
  ..- attr(*, "names")= chr [1:5] "ACC" "BER" "multiclass.brier" "MMCE" ...
NULL
Writing result file: /home/probst/Random_Forest/RFSplitbias/results/Splitbias-files/jobs/06/9406-result.RData
########## Executing jid=9407 ##########
Timestamp: 2016-04-28 16:10:33
Experiment: 
  Problem: taski 
  Problem parameters: idi=2272, learner=, teststat=, testtype= 
  Algorithm: forest.splitbias.oob 
  Algorithm parameters:  
  Replication: 24 
  Seed: 9407 
  Problem seed: 146 
Setting seed: 9407
Applying Algorithm forest.splitbias.oob ...
Generating problem taski ...
Result:
List of 3
 $ idi   : int 2272
 $ lrn   : chr [1:3] "randomForest" "oob" ""
 $ result: Named num [1:5] 0.746 0.464 0.424 0.254 0.816
  ..- attr(*, "names")= chr [1:5] "ACC" "BER" "multiclass.brier" "MMCE" ...
NULL
Writing result file: /home/probst/Random_Forest/RFSplitbias/results/Splitbias-files/jobs/07/9407-result.RData
########## Executing jid=9408 ##########
Timestamp: 2016-04-28 16:10:34
Experiment: 
  Problem: taski 
  Problem parameters: idi=2272, learner=, teststat=, testtype= 
  Algorithm: forest.splitbias.oob 
  Algorithm parameters:  
  Replication: 25 
  Seed: 9408 
  Problem seed: 147 
Setting seed: 9408
Applying Algorithm forest.splitbias.oob ...
Generating problem taski ...
Result:
List of 3
 $ idi   : int 2272
 $ lrn   : chr [1:3] "randomForest" "oob" ""
 $ result: Named num [1:5] 0.683 0.544 0.424 0.317 0.824
  ..- attr(*, "names")= chr [1:5] "ACC" "BER" "multiclass.brier" "MMCE" ...
NULL
Writing result file: /home/probst/Random_Forest/RFSplitbias/results/Splitbias-files/jobs/08/9408-result.RData
########## Executing jid=9409 ##########
Timestamp: 2016-04-28 16:10:34
Experiment: 
  Problem: taski 
  Problem parameters: idi=2272, learner=, teststat=, testtype= 
  Algorithm: forest.splitbias.oob 
  Algorithm parameters:  
  Replication: 26 
  Seed: 9409 
  Problem seed: 148 
Setting seed: 9409
Applying Algorithm forest.splitbias.oob ...
Generating problem taski ...
Result:
List of 3
 $ idi   : int 2272
 $ lrn   : chr [1:3] "randomForest" "oob" ""
 $ result: Named num [1:5] 0.73 0.495 0.424 0.27 0.82
  ..- attr(*, "names")= chr [1:5] "ACC" "BER" "multiclass.brier" "MMCE" ...
NULL
Writing result file: /home/probst/Random_Forest/RFSplitbias/results/Splitbias-files/jobs/09/9409-result.RData
########## Executing jid=9410 ##########
Timestamp: 2016-04-28 16:10:35
Experiment: 
  Problem: taski 
  Problem parameters: idi=2272, learner=, teststat=, testtype= 
  Algorithm: forest.splitbias.oob 
  Algorithm parameters:  
  Replication: 27 
  Seed: 9410 
  Problem seed: 149 
Setting seed: 9410
Applying Algorithm forest.splitbias.oob ...
Generating problem taski ...
Result:
List of 3
 $ idi   : int 2272
 $ lrn   : chr [1:3] "randomForest" "oob" ""
 $ result: Named num [1:5] 0.698 0.536 0.424 0.302 0.83
  ..- attr(*, "names")= chr [1:5] "ACC" "BER" "multiclass.brier" "MMCE" ...
NULL
Writing result file: /home/probst/Random_Forest/RFSplitbias/results/Splitbias-files/jobs/10/9410-result.RData
########## Executing jid=9411 ##########
Timestamp: 2016-04-28 16:10:36
Experiment: 
  Problem: taski 
  Problem parameters: idi=2272, learner=, teststat=, testtype= 
  Algorithm: forest.splitbias.oob 
  Algorithm parameters:  
  Replication: 28 
  Seed: 9411 
  Problem seed: 150 
Setting seed: 9411
Applying Algorithm forest.splitbias.oob ...
Generating problem taski ...
Result:
List of 3
 $ idi   : int 2272
 $ lrn   : chr [1:3] "randomForest" "oob" ""
 $ result: Named num [1:5] 0.714 0.503 0.433 0.286 0.818
  ..- attr(*, "names")= chr [1:5] "ACC" "BER" "multiclass.brier" "MMCE" ...
NULL
Writing result file: /home/probst/Random_Forest/RFSplitbias/results/Splitbias-files/jobs/11/9411-result.RData
########## Executing jid=9412 ##########
Timestamp: 2016-04-28 16:10:37
Experiment: 
  Problem: taski 
  Problem parameters: idi=2272, learner=, teststat=, testtype= 
  Algorithm: forest.splitbias.oob 
  Algorithm parameters:  
  Replication: 29 
  Seed: 9412 
  Problem seed: 151 
Setting seed: 9412
Applying Algorithm forest.splitbias.oob ...
Generating problem taski ...
Result:
List of 3
 $ idi   : int 2272
 $ lrn   : chr [1:3] "randomForest" "oob" ""
 $ result: Named num [1:5] 0.714 0.503 0.425 0.286 0.808
  ..- attr(*, "names")= chr [1:5] "ACC" "BER" "multiclass.brier" "MMCE" ...
NULL
Writing result file: /home/probst/Random_Forest/RFSplitbias/results/Splitbias-files/jobs/12/9412-result.RData
########## Executing jid=9413 ##########
Timestamp: 2016-04-28 16:10:37
Experiment: 
  Problem: taski 
  Problem parameters: idi=2272, learner=, teststat=, testtype= 
  Algorithm: forest.splitbias.oob 
  Algorithm parameters:  
  Replication: 30 
  Seed: 9413 
  Problem seed: 152 
Setting seed: 9413
Applying Algorithm forest.splitbias.oob ...
Generating problem taski ...
Result:
List of 3
 $ idi   : int 2272
 $ lrn   : chr [1:3] "randomForest" "oob" ""
 $ result: Named num [1:5] 0.714 0.503 0.43 0.286 0.821
  ..- attr(*, "names")= chr [1:5] "ACC" "BER" "multiclass.brier" "MMCE" ...
NULL
Writing result file: /home/probst/Random_Forest/RFSplitbias/results/Splitbias-files/jobs/13/9413-result.RData
########## Executing jid=9414 ##########
Timestamp: 2016-04-28 16:10:38
Experiment: 
  Problem: taski 
  Problem parameters: idi=2272, learner=, teststat=, testtype= 
  Algorithm: forest.splitbias.oob 
  Algorithm parameters:  
  Replication: 31 
  Seed: 9414 
  Problem seed: 153 
Setting seed: 9414
Applying Algorithm forest.splitbias.oob ...
Generating problem taski ...
Result:
List of 3
 $ idi   : int 2272
 $ lrn   : chr [1:3] "randomForest" "oob" ""
 $ result: Named num [1:5] 0.714 0.503 0.431 0.286 0.816
  ..- attr(*, "names")= chr [1:5] "ACC" "BER" "multiclass.brier" "MMCE" ...
NULL
Writing result file: /home/probst/Random_Forest/RFSplitbias/results/Splitbias-files/jobs/14/9414-result.RData
########## Executing jid=9415 ##########
Timestamp: 2016-04-28 16:10:38
Experiment: 
  Problem: taski 
  Problem parameters: idi=2272, learner=, teststat=, testtype= 
  Algorithm: forest.splitbias.oob 
  Algorithm parameters:  
  Replication: 32 
  Seed: 9415 
  Problem seed: 154 
Setting seed: 9415
Applying Algorithm forest.splitbias.oob ...
Generating problem taski ...
Result:
List of 3
 $ idi   : int 2272
 $ lrn   : chr [1:3] "randomForest" "oob" ""
 $ result: Named num [1:5] 0.698 0.511 0.417 0.302 0.819
  ..- attr(*, "names")= chr [1:5] "ACC" "BER" "multiclass.brier" "MMCE" ...
NULL
Writing result file: /home/probst/Random_Forest/RFSplitbias/results/Splitbias-files/jobs/15/9415-result.RData
########## Executing jid=9416 ##########
Timestamp: 2016-04-28 16:10:39
Experiment: 
  Problem: taski 
  Problem parameters: idi=2272, learner=, teststat=, testtype= 
  Algorithm: forest.splitbias.oob 
  Algorithm parameters:  
  Replication: 33 
  Seed: 9416 
  Problem seed: 155 
Setting seed: 9416
Applying Algorithm forest.splitbias.oob ...
Generating problem taski ...
Result:
List of 3
 $ idi   : int 2272
 $ lrn   : chr [1:3] "randomForest" "oob" ""
 $ result: Named num [1:5] 0.714 0.503 0.43 0.286 0.81
  ..- attr(*, "names")= chr [1:5] "ACC" "BER" "multiclass.brier" "MMCE" ...
NULL
Writing result file: /home/probst/Random_Forest/RFSplitbias/results/Splitbias-files/jobs/16/9416-result.RData
########## Executing jid=9417 ##########
Timestamp: 2016-04-28 16:10:40
Experiment: 
  Problem: taski 
  Problem parameters: idi=2272, learner=, teststat=, testtype= 
  Algorithm: forest.splitbias.oob 
  Algorithm parameters:  
  Replication: 34 
  Seed: 9417 
  Problem seed: 156 
Setting seed: 9417
Applying Algorithm forest.splitbias.oob ...
Generating problem taski ...
Result:
List of 3
 $ idi   : int 2272
 $ lrn   : chr [1:3] "randomForest" "oob" ""
 $ result: Named num [1:5] 0.714 0.503 0.424 0.286 0.828
  ..- attr(*, "names")= chr [1:5] "ACC" "BER" "multiclass.brier" "MMCE" ...
NULL
Writing result file: /home/probst/Random_Forest/RFSplitbias/results/Splitbias-files/jobs/17/9417-result.RData
########## Executing jid=9418 ##########
Timestamp: 2016-04-28 16:10:41
Experiment: 
  Problem: taski 
  Problem parameters: idi=2272, learner=, teststat=, testtype= 
  Algorithm: forest.splitbias.oob 
  Algorithm parameters:  
  Replication: 35 
  Seed: 9418 
  Problem seed: 157 
Setting seed: 9418
Applying Algorithm forest.splitbias.oob ...
Generating problem taski ...
Result:
List of 3
 $ idi   : int 2272
 $ lrn   : chr [1:3] "randomForest" "oob" ""
 $ result: Named num [1:5] 0.698 0.536 0.425 0.302 0.82
  ..- attr(*, "names")= chr [1:5] "ACC" "BER" "multiclass.brier" "MMCE" ...
NULL
Writing result file: /home/probst/Random_Forest/RFSplitbias/results/Splitbias-files/jobs/18/9418-result.RData
########## Executing jid=9419 ##########
Timestamp: 2016-04-28 16:10:41
Experiment: 
  Problem: taski 
  Problem parameters: idi=2272, learner=, teststat=, testtype= 
  Algorithm: forest.splitbias.oob 
  Algorithm parameters:  
  Replication: 36 
  Seed: 9419 
  Problem seed: 158 
Setting seed: 9419
Applying Algorithm forest.splitbias.oob ...
Generating problem taski ...
Result:
List of 3
 $ idi   : int 2272
 $ lrn   : chr [1:3] "randomForest" "oob" ""
 $ result: Named num [1:5] 0.714 0.503 0.417 0.286 0.825
  ..- attr(*, "names")= chr [1:5] "ACC" "BER" "multiclass.brier" "MMCE" ...
NULL
Writing result file: /home/probst/Random_Forest/RFSplitbias/results/Splitbias-files/jobs/19/9419-result.RData
########## Executing jid=9420 ##########
Timestamp: 2016-04-28 16:10:42
Experiment: 
  Problem: taski 
  Problem parameters: idi=2272, learner=, teststat=, testtype= 
  Algorithm: forest.splitbias.oob 
  Algorithm parameters:  
  Replication: 37 
  Seed: 9420 
  Problem seed: 159 
Setting seed: 9420
Applying Algorithm forest.splitbias.oob ...
Generating problem taski ...
Result:
List of 3
 $ idi   : int 2272
 $ lrn   : chr [1:3] "randomForest" "oob" ""
 $ result: Named num [1:5] 0.698 0.511 0.425 0.302 0.817
  ..- attr(*, "names")= chr [1:5] "ACC" "BER" "multiclass.brier" "MMCE" ...
NULL
Writing result file: /home/probst/Random_Forest/RFSplitbias/results/Splitbias-files/jobs/20/9420-result.RData
########## Executing jid=9421 ##########
Timestamp: 2016-04-28 16:10:43
Experiment: 
  Problem: taski 
  Problem parameters: idi=2272, learner=, teststat=, testtype= 
  Algorithm: forest.splitbias.oob 
  Algorithm parameters:  
  Replication: 38 
  Seed: 9421 
  Problem seed: 160 
Setting seed: 9421
Applying Algorithm forest.splitbias.oob ...
Generating problem taski ...
Result:
List of 3
 $ idi   : int 2272
 $ lrn   : chr [1:3] "randomForest" "oob" ""
 $ result: Named num [1:5] 0.714 0.528 0.429 0.286 0.817
  ..- attr(*, "names")= chr [1:5] "ACC" "BER" "multiclass.brier" "MMCE" ...
NULL
Writing result file: /home/probst/Random_Forest/RFSplitbias/results/Splitbias-files/jobs/21/9421-result.RData
########## Executing jid=9422 ##########
Timestamp: 2016-04-28 16:10:44
Experiment: 
  Problem: taski 
  Problem parameters: idi=2272, learner=, teststat=, testtype= 
  Algorithm: forest.splitbias.oob 
  Algorithm parameters:  
  Replication: 39 
  Seed: 9422 
  Problem seed: 161 
Setting seed: 9422
Applying Algorithm forest.splitbias.oob ...
Generating problem taski ...
Result:
List of 3
 $ idi   : int 2272
 $ lrn   : chr [1:3] "randomForest" "oob" ""
 $ result: Named num [1:5] 0.73 0.495 0.431 0.27 0.809
  ..- attr(*, "names")= chr [1:5] "ACC" "BER" "multiclass.brier" "MMCE" ...
NULL
Writing result file: /home/probst/Random_Forest/RFSplitbias/results/Splitbias-files/jobs/22/9422-result.RData
########## Executing jid=9423 ##########
Timestamp: 2016-04-28 16:10:44
Experiment: 
  Problem: taski 
  Problem parameters: idi=2272, learner=, teststat=, testtype= 
  Algorithm: forest.splitbias.oob 
  Algorithm parameters:  
  Replication: 40 
  Seed: 9423 
  Problem seed: 162 
Setting seed: 9423
Applying Algorithm forest.splitbias.oob ...
Generating problem taski ...
Result:
List of 3
 $ idi   : int 2272
 $ lrn   : chr [1:3] "randomForest" "oob" ""
 $ result: Named num [1:5] 0.714 0.503 0.429 0.286 0.807
  ..- attr(*, "names")= chr [1:5] "ACC" "BER" "multiclass.brier" "MMCE" ...
NULL
Writing result file: /home/probst/Random_Forest/RFSplitbias/results/Splitbias-files/jobs/23/9423-result.RData
########## Executing jid=9424 ##########
Timestamp: 2016-04-28 16:10:45
Experiment: 
  Problem: taski 
  Problem parameters: idi=2272, learner=, teststat=, testtype= 
  Algorithm: forest.splitbias.oob 
  Algorithm parameters:  
  Replication: 41 
  Seed: 9424 
  Problem seed: 163 
Setting seed: 9424
Applying Algorithm forest.splitbias.oob ...
Generating problem taski ...
Result:
List of 3
 $ idi   : int 2272
 $ lrn   : chr [1:3] "randomForest" "oob" ""
 $ result: Named num [1:5] 0.714 0.503 0.433 0.286 0.821
  ..- attr(*, "names")= chr [1:5] "ACC" "BER" "multiclass.brier" "MMCE" ...
NULL
Writing result file: /home/probst/Random_Forest/RFSplitbias/results/Splitbias-files/jobs/24/9424-result.RData
########## Executing jid=9425 ##########
Timestamp: 2016-04-28 16:10:46
Experiment: 
  Problem: taski 
  Problem parameters: idi=2272, learner=, teststat=, testtype= 
  Algorithm: forest.splitbias.oob 
  Algorithm parameters:  
  Replication: 42 
  Seed: 9425 
  Problem seed: 164 
Setting seed: 9425
Applying Algorithm forest.splitbias.oob ...
Generating problem taski ...
Result:
List of 3
 $ idi   : int 2272
 $ lrn   : chr [1:3] "randomForest" "oob" ""
 $ result: Named num [1:5] 0.73 0.472 0.434 0.27 0.836
  ..- attr(*, "names")= chr [1:5] "ACC" "BER" "multiclass.brier" "MMCE" ...
NULL
Writing result file: /home/probst/Random_Forest/RFSplitbias/results/Splitbias-files/jobs/25/9425-result.RData
########## Executing jid=9426 ##########
Timestamp: 2016-04-28 16:10:46
Experiment: 
  Problem: taski 
  Problem parameters: idi=2272, learner=, teststat=, testtype= 
  Algorithm: forest.splitbias.oob 
  Algorithm parameters:  
  Replication: 43 
  Seed: 9426 
  Problem seed: 165 
Setting seed: 9426
Applying Algorithm forest.splitbias.oob ...
Generating problem taski ...
Result:
List of 3
 $ idi   : int 2272
 $ lrn   : chr [1:3] "randomForest" "oob" ""
 $ result: Named num [1:5] 0.73 0.472 0.428 0.27 0.824
  ..- attr(*, "names")= chr [1:5] "ACC" "BER" "multiclass.brier" "MMCE" ...
NULL
Writing result file: /home/probst/Random_Forest/RFSplitbias/results/Splitbias-files/jobs/26/9426-result.RData
########## Executing jid=9427 ##########
Timestamp: 2016-04-28 16:10:47
Experiment: 
  Problem: taski 
  Problem parameters: idi=2272, learner=, teststat=, testtype= 
  Algorithm: forest.splitbias.oob 
  Algorithm parameters:  
  Replication: 44 
  Seed: 9427 
  Problem seed: 166 
Setting seed: 9427
Applying Algorithm forest.splitbias.oob ...
Generating problem taski ...
Result:
List of 3
 $ idi   : int 2272
 $ lrn   : chr [1:3] "randomForest" "oob" ""
 $ result: Named num [1:5] 0.714 0.503 0.418 0.286 0.823
  ..- attr(*, "names")= chr [1:5] "ACC" "BER" "multiclass.brier" "MMCE" ...
NULL
Writing result file: /home/probst/Random_Forest/RFSplitbias/results/Splitbias-files/jobs/27/9427-result.RData
########## Executing jid=9428 ##########
Timestamp: 2016-04-28 16:10:48
Experiment: 
  Problem: taski 
  Problem parameters: idi=2272, learner=, teststat=, testtype= 
  Algorithm: forest.splitbias.oob 
  Algorithm parameters:  
  Replication: 45 
  Seed: 9428 
  Problem seed: 167 
Setting seed: 9428
Applying Algorithm forest.splitbias.oob ...
Generating problem taski ...
Result:
List of 3
 $ idi   : int 2272
 $ lrn   : chr [1:3] "randomForest" "oob" ""
 $ result: Named num [1:5] 0.698 0.536 0.429 0.302 0.822
  ..- attr(*, "names")= chr [1:5] "ACC" "BER" "multiclass.brier" "MMCE" ...
NULL
Writing result file: /home/probst/Random_Forest/RFSplitbias/results/Splitbias-files/jobs/28/9428-result.RData
########## Executing jid=9429 ##########
Timestamp: 2016-04-28 16:10:49
Experiment: 
  Problem: taski 
  Problem parameters: idi=2272, learner=, teststat=, testtype= 
  Algorithm: forest.splitbias.oob 
  Algorithm parameters:  
  Replication: 46 
  Seed: 9429 
  Problem seed: 168 
Setting seed: 9429
Applying Algorithm forest.splitbias.oob ...
Generating problem taski ...
Result:
List of 3
 $ idi   : int 2272
 $ lrn   : chr [1:3] "randomForest" "oob" ""
 $ result: Named num [1:5] 0.73 0.472 0.425 0.27 0.83
  ..- attr(*, "names")= chr [1:5] "ACC" "BER" "multiclass.brier" "MMCE" ...
NULL
Writing result file: /home/probst/Random_Forest/RFSplitbias/results/Splitbias-files/jobs/29/9429-result.RData
########## Executing jid=9430 ##########
Timestamp: 2016-04-28 16:10:49
Experiment: 
  Problem: taski 
  Problem parameters: idi=2272, learner=, teststat=, testtype= 
  Algorithm: forest.splitbias.oob 
  Algorithm parameters:  
  Replication: 47 
  Seed: 9430 
  Problem seed: 169 
Setting seed: 9430
Applying Algorithm forest.splitbias.oob ...
Generating problem taski ...
Result:
List of 3
 $ idi   : int 2272
 $ lrn   : chr [1:3] "randomForest" "oob" ""
 $ result: Named num [1:5] 0.698 0.536 0.422 0.302 0.842
  ..- attr(*, "names")= chr [1:5] "ACC" "BER" "multiclass.brier" "MMCE" ...
NULL
Writing result file: /home/probst/Random_Forest/RFSplitbias/results/Splitbias-files/jobs/30/9430-result.RData
########## Executing jid=9431 ##########
Timestamp: 2016-04-28 16:10:50
Experiment: 
  Problem: taski 
  Problem parameters: idi=2272, learner=, teststat=, testtype= 
  Algorithm: forest.splitbias.oob 
  Algorithm parameters:  
  Replication: 48 
  Seed: 9431 
  Problem seed: 170 
Setting seed: 9431
Applying Algorithm forest.splitbias.oob ...
Generating problem taski ...
Result:
List of 3
 $ idi   : int 2272
 $ lrn   : chr [1:3] "randomForest" "oob" ""
 $ result: Named num [1:5] 0.683 0.518 0.432 0.317 0.821
  ..- attr(*, "names")= chr [1:5] "ACC" "BER" "multiclass.brier" "MMCE" ...
NULL
Writing result file: /home/probst/Random_Forest/RFSplitbias/results/Splitbias-files/jobs/31/9431-result.RData
########## Executing jid=9432 ##########
Timestamp: 2016-04-28 16:10:51
Experiment: 
  Problem: taski 
  Problem parameters: idi=2272, learner=, teststat=, testtype= 
  Algorithm: forest.splitbias.oob 
  Algorithm parameters:  
  Replication: 49 
  Seed: 9432 
  Problem seed: 171 
Setting seed: 9432
Applying Algorithm forest.splitbias.oob ...
Generating problem taski ...
Result:
List of 3
 $ idi   : int 2272
 $ lrn   : chr [1:3] "randomForest" "oob" ""
 $ result: Named num [1:5] 0.714 0.503 0.429 0.286 0.819
  ..- attr(*, "names")= chr [1:5] "ACC" "BER" "multiclass.brier" "MMCE" ...
NULL
Writing result file: /home/probst/Random_Forest/RFSplitbias/results/Splitbias-files/jobs/32/9432-result.RData
########## Executing jid=9433 ##########
Timestamp: 2016-04-28 16:10:52
Experiment: 
  Problem: taski 
  Problem parameters: idi=2272, learner=, teststat=, testtype= 
  Algorithm: forest.splitbias.oob 
  Algorithm parameters:  
  Replication: 50 
  Seed: 9433 
  Problem seed: 172 
Setting seed: 9433
Applying Algorithm forest.splitbias.oob ...
Generating problem taski ...
Result:
List of 3
 $ idi   : int 2272
 $ lrn   : chr [1:3] "randomForest" "oob" ""
 $ result: Named num [1:5] 0.73 0.495 0.432 0.27 0.818
  ..- attr(*, "names")= chr [1:5] "ACC" "BER" "multiclass.brier" "MMCE" ...
NULL
Writing result file: /home/probst/Random_Forest/RFSplitbias/results/Splitbias-files/jobs/33/9433-result.RData
########## Executing jid=9434 ##########
Timestamp: 2016-04-28 16:10:52
Experiment: 
  Problem: taski 
  Problem parameters: idi=9951, learner=, teststat=, testtype= 
  Algorithm: forest.splitbias.oob 
  Algorithm parameters:  
  Replication: 11 
  Seed: 9434 
  Problem seed: 133 
Setting seed: 9434
Applying Algorithm forest.splitbias.oob ...
Generating problem taski ...
Result:
List of 3
 $ idi   : int 9951
 $ lrn   : chr [1:3] "randomForest" "oob" ""
 $ result: Named num [1:5] 0.9026 0.1558 0.1337 0.0974 0.7969
  ..- attr(*, "names")= chr [1:5] "ACC" "BER" "multiclass.brier" "MMCE" ...
NULL
Writing result file: /home/probst/Random_Forest/RFSplitbias/results/Splitbias-files/jobs/34/9434-result.RData
########## Executing jid=9435 ##########
Timestamp: 2016-04-28 16:10:53
Experiment: 
  Problem: taski 
  Problem parameters: idi=9951, learner=, teststat=, testtype= 
  Algorithm: forest.splitbias.oob 
  Algorithm parameters:  
  Replication: 12 
  Seed: 9435 
  Problem seed: 134 
Setting seed: 9435
Applying Algorithm forest.splitbias.oob ...
Generating problem taski ...
Result:
List of 3
 $ idi   : int 9951
 $ lrn   : chr [1:3] "randomForest" "oob" ""
 $ result: Named num [1:5] 0.9026 0.1558 0.1327 0.0974 0.7965
  ..- attr(*, "names")= chr [1:5] "ACC" "BER" "multiclass.brier" "MMCE" ...
NULL
Writing result file: /home/probst/Random_Forest/RFSplitbias/results/Splitbias-files/jobs/35/9435-result.RData
########## Executing jid=9436 ##########
Timestamp: 2016-04-28 16:10:54
Experiment: 
  Problem: taski 
  Problem parameters: idi=9951, learner=, teststat=, testtype= 
  Algorithm: forest.splitbias.oob 
  Algorithm parameters:  
  Replication: 13 
  Seed: 9436 
  Problem seed: 135 
Setting seed: 9436
Applying Algorithm forest.splitbias.oob ...
Generating problem taski ...
Result:
List of 3
 $ idi   : int 9951
 $ lrn   : chr [1:3] "randomForest" "oob" ""
 $ result: Named num [1:5] 0.9077 0.1524 0.1319 0.0923 0.797
  ..- attr(*, "names")= chr [1:5] "ACC" "BER" "multiclass.brier" "MMCE" ...
NULL
Writing result file: /home/probst/Random_Forest/RFSplitbias/results/Splitbias-files/jobs/36/9436-result.RData
########## Executing jid=9437 ##########
Timestamp: 2016-04-28 16:10:55
Experiment: 
  Problem: taski 
  Problem parameters: idi=9951, learner=, teststat=, testtype= 
  Algorithm: forest.splitbias.oob 
  Algorithm parameters:  
  Replication: 14 
  Seed: 9437 
  Problem seed: 136 
Setting seed: 9437
Applying Algorithm forest.splitbias.oob ...
Generating problem taski ...
Result:
List of 3
 $ idi   : int 9951
 $ lrn   : chr [1:3] "randomForest" "oob" ""
 $ result: Named num [1:5] 0.9128 0.149 0.1305 0.0872 0.8015
  ..- attr(*, "names")= chr [1:5] "ACC" "BER" "multiclass.brier" "MMCE" ...
NULL
Writing result file: /home/probst/Random_Forest/RFSplitbias/results/Splitbias-files/jobs/37/9437-result.RData
########## Executing jid=9438 ##########
Timestamp: 2016-04-28 16:10:55
Experiment: 
  Problem: taski 
  Problem parameters: idi=9951, learner=, teststat=, testtype= 
  Algorithm: forest.splitbias.oob 
  Algorithm parameters:  
  Replication: 15 
  Seed: 9438 
  Problem seed: 137 
Setting seed: 9438
Applying Algorithm forest.splitbias.oob ...
Generating problem taski ...
Result:
List of 3
 $ idi   : int 9951
 $ lrn   : chr [1:3] "randomForest" "oob" ""
 $ result: Named num [1:5] 0.9077 0.1524 0.1318 0.0923 0.8036
  ..- attr(*, "names")= chr [1:5] "ACC" "BER" "multiclass.brier" "MMCE" ...
NULL
Writing result file: /home/probst/Random_Forest/RFSplitbias/results/Splitbias-files/jobs/38/9438-result.RData
########## Executing jid=9439 ##########
Timestamp: 2016-04-28 16:10:56
Experiment: 
  Problem: taski 
  Problem parameters: idi=9951, learner=, teststat=, testtype= 
  Algorithm: forest.splitbias.oob 
  Algorithm parameters:  
  Replication: 16 
  Seed: 9439 
  Problem seed: 138 
Setting seed: 9439
Applying Algorithm forest.splitbias.oob ...
Generating problem taski ...
Result:
List of 3
 $ idi   : int 9951
 $ lrn   : chr [1:3] "randomForest" "oob" ""
 $ result: Named num [1:5] 0.9128 0.149 0.1288 0.0872 0.8003
  ..- attr(*, "names")= chr [1:5] "ACC" "BER" "multiclass.brier" "MMCE" ...
NULL
Writing result file: /home/probst/Random_Forest/RFSplitbias/results/Splitbias-files/jobs/39/9439-result.RData
########## Executing jid=9440 ##########
Timestamp: 2016-04-28 16:10:57
Experiment: 
  Problem: taski 
  Problem parameters: idi=9951, learner=, teststat=, testtype= 
  Algorithm: forest.splitbias.oob 
  Algorithm parameters:  
  Replication: 17 
  Seed: 9440 
  Problem seed: 139 
Setting seed: 9440
Applying Algorithm forest.splitbias.oob ...
Generating problem taski ...
Result:
List of 3
 $ idi   : int 9951
 $ lrn   : chr [1:3] "randomForest" "oob" ""
 $ result: Named num [1:5] 0.9128 0.149 0.1311 0.0872 0.8033
  ..- attr(*, "names")= chr [1:5] "ACC" "BER" "multiclass.brier" "MMCE" ...
NULL
Writing result file: /home/probst/Random_Forest/RFSplitbias/results/Splitbias-files/jobs/40/9440-result.RData
########## Executing jid=9441 ##########
Timestamp: 2016-04-28 16:10:57
Experiment: 
  Problem: taski 
  Problem parameters: idi=9951, learner=, teststat=, testtype= 
  Algorithm: forest.splitbias.oob 
  Algorithm parameters:  
  Replication: 18 
  Seed: 9441 
  Problem seed: 140 
Setting seed: 9441
Applying Algorithm forest.splitbias.oob ...
Generating problem taski ...
Result:
List of 3
 $ idi   : int 9951
 $ lrn   : chr [1:3] "randomForest" "oob" ""
 $ result: Named num [1:5] 0.9128 0.149 0.1281 0.0872 0.7988
  ..- attr(*, "names")= chr [1:5] "ACC" "BER" "multiclass.brier" "MMCE" ...
NULL
Writing result file: /home/probst/Random_Forest/RFSplitbias/results/Splitbias-files/jobs/41/9441-result.RData
########## Executing jid=9442 ##########
Timestamp: 2016-04-28 16:10:58
Experiment: 
  Problem: taski 
  Problem parameters: idi=9951, learner=, teststat=, testtype= 
  Algorithm: forest.splitbias.oob 
  Algorithm parameters:  
  Replication: 19 
  Seed: 9442 
  Problem seed: 141 
Setting seed: 9442
Applying Algorithm forest.splitbias.oob ...
Generating problem taski ...
Result:
List of 3
 $ idi   : int 9951
 $ lrn   : chr [1:3] "randomForest" "oob" ""
 $ result: Named num [1:5] 0.9026 0.1558 0.1334 0.0974 0.8041
  ..- attr(*, "names")= chr [1:5] "ACC" "BER" "multiclass.brier" "MMCE" ...
NULL
Writing result file: /home/probst/Random_Forest/RFSplitbias/results/Splitbias-files/jobs/42/9442-result.RData
########## Executing jid=9443 ##########
Timestamp: 2016-04-28 16:10:59
Experiment: 
  Problem: taski 
  Problem parameters: idi=9951, learner=, teststat=, testtype= 
  Algorithm: forest.splitbias.oob 
  Algorithm parameters:  
  Replication: 20 
  Seed: 9443 
  Problem seed: 142 
Setting seed: 9443
Applying Algorithm forest.splitbias.oob ...
Generating problem taski ...
Result:
List of 3
 $ idi   : int 9951
 $ lrn   : chr [1:3] "randomForest" "oob" ""
 $ result: Named num [1:5] 0.9026 0.1558 0.1293 0.0974 0.7952
  ..- attr(*, "names")= chr [1:5] "ACC" "BER" "multiclass.brier" "MMCE" ...
NULL
Writing result file: /home/probst/Random_Forest/RFSplitbias/results/Splitbias-files/jobs/43/9443-result.RData
########## Executing jid=9444 ##########
Timestamp: 2016-04-28 16:11:00
Experiment: 
  Problem: taski 
  Problem parameters: idi=9951, learner=, teststat=, testtype= 
  Algorithm: forest.splitbias.oob 
  Algorithm parameters:  
  Replication: 21 
  Seed: 9444 
  Problem seed: 143 
Setting seed: 9444
Applying Algorithm forest.splitbias.oob ...
Generating problem taski ...
Result:
List of 3
 $ idi   : int 9951
 $ lrn   : chr [1:3] "randomForest" "oob" ""
 $ result: Named num [1:5] 0.9077 0.1524 0.1299 0.0923 0.7975
  ..- attr(*, "names")= chr [1:5] "ACC" "BER" "multiclass.brier" "MMCE" ...
NULL
Writing result file: /home/probst/Random_Forest/RFSplitbias/results/Splitbias-files/jobs/44/9444-result.RData
########## Executing jid=9445 ##########
Timestamp: 2016-04-28 16:11:00
Experiment: 
  Problem: taski 
  Problem parameters: idi=9951, learner=, teststat=, testtype= 
  Algorithm: forest.splitbias.oob 
  Algorithm parameters:  
  Replication: 22 
  Seed: 9445 
  Problem seed: 144 
Setting seed: 9445
Applying Algorithm forest.splitbias.oob ...
Generating problem taski ...
Result:
List of 3
 $ idi   : int 9951
 $ lrn   : chr [1:3] "randomForest" "oob" ""
 $ result: Named num [1:5] 0.9026 0.1628 0.1296 0.0974 0.8017
  ..- attr(*, "names")= chr [1:5] "ACC" "BER" "multiclass.brier" "MMCE" ...
NULL
Writing result file: /home/probst/Random_Forest/RFSplitbias/results/Splitbias-files/jobs/45/9445-result.RData
########## Executing jid=9446 ##########
Timestamp: 2016-04-28 16:11:01
Experiment: 
  Problem: taski 
  Problem parameters: idi=9951, learner=, teststat=, testtype= 
  Algorithm: forest.splitbias.oob 
  Algorithm parameters:  
  Replication: 23 
  Seed: 9446 
  Problem seed: 145 
Setting seed: 9446
Applying Algorithm forest.splitbias.oob ...
Generating problem taski ...
Result:
List of 3
 $ idi   : int 9951
 $ lrn   : chr [1:3] "randomForest" "oob" ""
 $ result: Named num [1:5] 0.9077 0.1524 0.1326 0.0923 0.7987
  ..- attr(*, "names")= chr [1:5] "ACC" "BER" "multiclass.brier" "MMCE" ...
NULL
Writing result file: /home/probst/Random_Forest/RFSplitbias/results/Splitbias-files/jobs/46/9446-result.RData
########## Executing jid=9447 ##########
Timestamp: 2016-04-28 16:11:02
Experiment: 
  Problem: taski 
  Problem parameters: idi=9951, learner=, teststat=, testtype= 
  Algorithm: forest.splitbias.oob 
  Algorithm parameters:  
  Replication: 24 
  Seed: 9447 
  Problem seed: 146 
Setting seed: 9447
Applying Algorithm forest.splitbias.oob ...
Generating problem taski ...
Result:
List of 3
 $ idi   : int 9951
 $ lrn   : chr [1:3] "randomForest" "oob" ""
 $ result: Named num [1:5] 0.9077 0.1524 0.1284 0.0923 0.7955
  ..- attr(*, "names")= chr [1:5] "ACC" "BER" "multiclass.brier" "MMCE" ...
NULL
Writing result file: /home/probst/Random_Forest/RFSplitbias/results/Splitbias-files/jobs/47/9447-result.RData
########## Executing jid=9448 ##########
Timestamp: 2016-04-28 16:11:02
Experiment: 
  Problem: taski 
  Problem parameters: idi=9951, learner=, teststat=, testtype= 
  Algorithm: forest.splitbias.oob 
  Algorithm parameters:  
  Replication: 25 
  Seed: 9448 
  Problem seed: 147 
Setting seed: 9448
Applying Algorithm forest.splitbias.oob ...
Generating problem taski ...
Result:
List of 3
 $ idi   : int 9951
 $ lrn   : chr [1:3] "randomForest" "oob" ""
 $ result: Named num [1:5] 0.9179 0.1456 0.1322 0.0821 0.8061
  ..- attr(*, "names")= chr [1:5] "ACC" "BER" "multiclass.brier" "MMCE" ...
NULL
Writing result file: /home/probst/Random_Forest/RFSplitbias/results/Splitbias-files/jobs/48/9448-result.RData
########## Executing jid=9449 ##########
Timestamp: 2016-04-28 16:11:03
Experiment: 
  Problem: taski 
  Problem parameters: idi=9951, learner=, teststat=, testtype= 
  Algorithm: forest.splitbias.oob 
  Algorithm parameters:  
  Replication: 26 
  Seed: 9449 
  Problem seed: 148 
Setting seed: 9449
Applying Algorithm forest.splitbias.oob ...
Generating problem taski ...
Result:
List of 3
 $ idi   : int 9951
 $ lrn   : chr [1:3] "randomForest" "oob" ""
 $ result: Named num [1:5] 0.9026 0.1558 0.1372 0.0974 0.8057
  ..- attr(*, "names")= chr [1:5] "ACC" "BER" "multiclass.brier" "MMCE" ...
NULL
Writing result file: /home/probst/Random_Forest/RFSplitbias/results/Splitbias-files/jobs/49/9449-result.RData
########## Executing jid=9450 ##########
Timestamp: 2016-04-28 16:11:04
Experiment: 
  Problem: taski 
  Problem parameters: idi=9951, learner=, teststat=, testtype= 
  Algorithm: forest.splitbias.oob 
  Algorithm parameters:  
  Replication: 27 
  Seed: 9450 
  Problem seed: 149 
Setting seed: 9450
Applying Algorithm forest.splitbias.oob ...
Generating problem taski ...
Result:
List of 3
 $ idi   : int 9951
 $ lrn   : chr [1:3] "randomForest" "oob" ""
 $ result: Named num [1:5] 0.9077 0.1524 0.1314 0.0923 0.8022
  ..- attr(*, "names")= chr [1:5] "ACC" "BER" "multiclass.brier" "MMCE" ...
NULL
Writing result file: /home/probst/Random_Forest/RFSplitbias/results/Splitbias-files/jobs/50/9450-result.RData
########## Executing jid=9451 ##########
Timestamp: 2016-04-28 16:11:04
Experiment: 
  Problem: taski 
  Problem parameters: idi=9951, learner=, teststat=, testtype= 
  Algorithm: forest.splitbias.oob 
  Algorithm parameters:  
  Replication: 28 
  Seed: 9451 
  Problem seed: 150 
Setting seed: 9451
Applying Algorithm forest.splitbias.oob ...
Generating problem taski ...
Result:
List of 3
 $ idi   : int 9951
 $ lrn   : chr [1:3] "randomForest" "oob" ""
 $ result: Named num [1:5] 0.9077 0.1594 0.1363 0.0923 0.8046
  ..- attr(*, "names")= chr [1:5] "ACC" "BER" "multiclass.brier" "MMCE" ...
NULL
Writing result file: /home/probst/Random_Forest/RFSplitbias/results/Splitbias-files/jobs/51/9451-result.RData
########## Executing jid=9452 ##########
Timestamp: 2016-04-28 16:11:05
Experiment: 
  Problem: taski 
  Problem parameters: idi=9951, learner=, teststat=, testtype= 
  Algorithm: forest.splitbias.oob 
  Algorithm parameters:  
  Replication: 29 
  Seed: 9452 
  Problem seed: 151 
Setting seed: 9452
Applying Algorithm forest.splitbias.oob ...
Generating problem taski ...
Result:
List of 3
 $ idi   : int 9951
 $ lrn   : chr [1:3] "randomForest" "oob" ""
 $ result: Named num [1:5] 0.9128 0.149 0.1323 0.0872 0.803
  ..- attr(*, "names")= chr [1:5] "ACC" "BER" "multiclass.brier" "MMCE" ...
NULL
Writing result file: /home/probst/Random_Forest/RFSplitbias/results/Splitbias-files/jobs/52/9452-result.RData
########## Executing jid=9453 ##########
Timestamp: 2016-04-28 16:11:06
Experiment: 
  Problem: taski 
  Problem parameters: idi=9951, learner=, teststat=, testtype= 
  Algorithm: forest.splitbias.oob 
  Algorithm parameters:  
  Replication: 30 
  Seed: 9453 
  Problem seed: 152 
Setting seed: 9453
Applying Algorithm forest.splitbias.oob ...
Generating problem taski ...
Result:
List of 3
 $ idi   : int 9951
 $ lrn   : chr [1:3] "randomForest" "oob" ""
 $ result: Named num [1:5] 0.9128 0.149 0.1345 0.0872 0.8043
  ..- attr(*, "names")= chr [1:5] "ACC" "BER" "multiclass.brier" "MMCE" ...
NULL
Writing result file: /home/probst/Random_Forest/RFSplitbias/results/Splitbias-files/jobs/53/9453-result.RData
########## Executing jid=9454 ##########
Timestamp: 2016-04-28 16:11:07
Experiment: 
  Problem: taski 
  Problem parameters: idi=9951, learner=, teststat=, testtype= 
  Algorithm: forest.splitbias.oob 
  Algorithm parameters:  
  Replication: 31 
  Seed: 9454 
  Problem seed: 153 
Setting seed: 9454
Applying Algorithm forest.splitbias.oob ...
Generating problem taski ...
Result:
List of 3
 $ idi   : int 9951
 $ lrn   : chr [1:3] "randomForest" "oob" ""
 $ result: Named num [1:5] 0.9026 0.1558 0.1357 0.0974 0.8119
  ..- attr(*, "names")= chr [1:5] "ACC" "BER" "multiclass.brier" "MMCE" ...
NULL
Writing result file: /home/probst/Random_Forest/RFSplitbias/results/Splitbias-files/jobs/54/9454-result.RData
########## Executing jid=9455 ##########
Timestamp: 2016-04-28 16:11:07
Experiment: 
  Problem: taski 
  Problem parameters: idi=9951, learner=, teststat=, testtype= 
  Algorithm: forest.splitbias.oob 
  Algorithm parameters:  
  Replication: 32 
  Seed: 9455 
  Problem seed: 154 
Setting seed: 9455
Applying Algorithm forest.splitbias.oob ...
Generating problem taski ...
Result:
List of 3
 $ idi   : int 9951
 $ lrn   : chr [1:3] "randomForest" "oob" ""
 $ result: Named num [1:5] 0.9128 0.149 0.1301 0.0872 0.8023
  ..- attr(*, "names")= chr [1:5] "ACC" "BER" "multiclass.brier" "MMCE" ...
NULL
Writing result file: /home/probst/Random_Forest/RFSplitbias/results/Splitbias-files/jobs/55/9455-result.RData
########## Executing jid=9456 ##########
Timestamp: 2016-04-28 16:11:08
Experiment: 
  Problem: taski 
  Problem parameters: idi=9951, learner=, teststat=, testtype= 
  Algorithm: forest.splitbias.oob 
  Algorithm parameters:  
  Replication: 33 
  Seed: 9456 
  Problem seed: 155 
Setting seed: 9456
Applying Algorithm forest.splitbias.oob ...
Generating problem taski ...
Result:
List of 3
 $ idi   : int 9951
 $ lrn   : chr [1:3] "randomForest" "oob" ""
 $ result: Named num [1:5] 0.9128 0.149 0.1281 0.0872 0.8019
  ..- attr(*, "names")= chr [1:5] "ACC" "BER" "multiclass.brier" "MMCE" ...
NULL
Writing result file: /home/probst/Random_Forest/RFSplitbias/results/Splitbias-files/jobs/56/9456-result.RData
########## Executing jid=9457 ##########
Timestamp: 2016-04-28 16:11:09
Experiment: 
  Problem: taski 
  Problem parameters: idi=9951, learner=, teststat=, testtype= 
  Algorithm: forest.splitbias.oob 
  Algorithm parameters:  
  Replication: 34 
  Seed: 9457 
  Problem seed: 156 
Setting seed: 9457
Applying Algorithm forest.splitbias.oob ...
Generating problem taski ...
Result:
List of 3
 $ idi   : int 9951
 $ lrn   : chr [1:3] "randomForest" "oob" ""
 $ result: Named num [1:5] 0.9077 0.1524 0.1338 0.0923 0.7948
  ..- attr(*, "names")= chr [1:5] "ACC" "BER" "multiclass.brier" "MMCE" ...
NULL
Writing result file: /home/probst/Random_Forest/RFSplitbias/results/Splitbias-files/jobs/57/9457-result.RData
########## Executing jid=9458 ##########
Timestamp: 2016-04-28 16:11:10
Experiment: 
  Problem: taski 
  Problem parameters: idi=9951, learner=, teststat=, testtype= 
  Algorithm: forest.splitbias.oob 
  Algorithm parameters:  
  Replication: 35 
  Seed: 9458 
  Problem seed: 157 
Setting seed: 9458
Applying Algorithm forest.splitbias.oob ...
Generating problem taski ...
Result:
List of 3
 $ idi   : int 9951
 $ lrn   : chr [1:3] "randomForest" "oob" ""
 $ result: Named num [1:5] 0.9026 0.1558 0.1332 0.0974 0.8022
  ..- attr(*, "names")= chr [1:5] "ACC" "BER" "multiclass.brier" "MMCE" ...
NULL
Writing result file: /home/probst/Random_Forest/RFSplitbias/results/Splitbias-files/jobs/58/9458-result.RData
########## Executing jid=9459 ##########
Timestamp: 2016-04-28 16:11:10
Experiment: 
  Problem: taski 
  Problem parameters: idi=9951, learner=, teststat=, testtype= 
  Algorithm: forest.splitbias.oob 
  Algorithm parameters:  
  Replication: 36 
  Seed: 9459 
  Problem seed: 158 
Setting seed: 9459
Applying Algorithm forest.splitbias.oob ...
Generating problem taski ...
Result:
List of 3
 $ idi   : int 9951
 $ lrn   : chr [1:3] "randomForest" "oob" ""
 $ result: Named num [1:5] 0.9026 0.1558 0.135 0.0974 0.8056
  ..- attr(*, "names")= chr [1:5] "ACC" "BER" "multiclass.brier" "MMCE" ...
NULL
Writing result file: /home/probst/Random_Forest/RFSplitbias/results/Splitbias-files/jobs/59/9459-result.RData
########## Executing jid=9460 ##########
Timestamp: 2016-04-28 16:11:11
Experiment: 
  Problem: taski 
  Problem parameters: idi=9951, learner=, teststat=, testtype= 
  Algorithm: forest.splitbias.oob 
  Algorithm parameters:  
  Replication: 37 
  Seed: 9460 
  Problem seed: 159 
Setting seed: 9460
Applying Algorithm forest.splitbias.oob ...
Generating problem taski ...
Result:
List of 3
 $ idi   : int 9951
 $ lrn   : chr [1:3] "randomForest" "oob" ""
 $ result: Named num [1:5] 0.9077 0.1524 0.1305 0.0923 0.8066
  ..- attr(*, "names")= chr [1:5] "ACC" "BER" "multiclass.brier" "MMCE" ...
NULL
Writing result file: /home/probst/Random_Forest/RFSplitbias/results/Splitbias-files/jobs/60/9460-result.RData
########## Executing jid=9461 ##########
Timestamp: 2016-04-28 16:11:12
Experiment: 
  Problem: taski 
  Problem parameters: idi=9951, learner=, teststat=, testtype= 
  Algorithm: forest.splitbias.oob 
  Algorithm parameters:  
  Replication: 38 
  Seed: 9461 
  Problem seed: 160 
Setting seed: 9461
Applying Algorithm forest.splitbias.oob ...
Generating problem taski ...
Result:
List of 3
 $ idi   : int 9951
 $ lrn   : chr [1:3] "randomForest" "oob" ""
 $ result: Named num [1:5] 0.897 0.159 0.133 0.103 0.804
  ..- attr(*, "names")= chr [1:5] "ACC" "BER" "multiclass.brier" "MMCE" ...
NULL
Writing result file: /home/probst/Random_Forest/RFSplitbias/results/Splitbias-files/jobs/61/9461-result.RData
########## Executing jid=9462 ##########
Timestamp: 2016-04-28 16:11:12
Experiment: 
  Problem: taski 
  Problem parameters: idi=9951, learner=, teststat=, testtype= 
  Algorithm: forest.splitbias.oob 
  Algorithm parameters:  
  Replication: 39 
  Seed: 9462 
  Problem seed: 161 
Setting seed: 9462
Applying Algorithm forest.splitbias.oob ...
Generating problem taski ...
Result:
List of 3
 $ idi   : int 9951
 $ lrn   : chr [1:3] "randomForest" "oob" ""
 $ result: Named num [1:5] 0.9179 0.1456 0.1309 0.0821 0.806
  ..- attr(*, "names")= chr [1:5] "ACC" "BER" "multiclass.brier" "MMCE" ...
NULL
Writing result file: /home/probst/Random_Forest/RFSplitbias/results/Splitbias-files/jobs/62/9462-result.RData
########## Executing jid=9463 ##########
Timestamp: 2016-04-28 16:11:13
Experiment: 
  Problem: taski 
  Problem parameters: idi=9951, learner=, teststat=, testtype= 
  Algorithm: forest.splitbias.oob 
  Algorithm parameters:  
  Replication: 40 
  Seed: 9463 
  Problem seed: 162 
Setting seed: 9463
Applying Algorithm forest.splitbias.oob ...
Generating problem taski ...
Result:
List of 3
 $ idi   : int 9951
 $ lrn   : chr [1:3] "randomForest" "oob" ""
 $ result: Named num [1:5] 0.9128 0.149 0.1323 0.0872 0.7929
  ..- attr(*, "names")= chr [1:5] "ACC" "BER" "multiclass.brier" "MMCE" ...
NULL
Writing result file: /home/probst/Random_Forest/RFSplitbias/results/Splitbias-files/jobs/63/9463-result.RData
########## Executing jid=9464 ##########
Timestamp: 2016-04-28 16:11:14
Experiment: 
  Problem: taski 
  Problem parameters: idi=9951, learner=, teststat=, testtype= 
  Algorithm: forest.splitbias.oob 
  Algorithm parameters:  
  Replication: 41 
  Seed: 9464 
  Problem seed: 163 
Setting seed: 9464
Applying Algorithm forest.splitbias.oob ...
Generating problem taski ...
Result:
List of 3
 $ idi   : int 9951
 $ lrn   : chr [1:3] "randomForest" "oob" ""
 $ result: Named num [1:5] 0.9128 0.142 0.1298 0.0872 0.7839
  ..- attr(*, "names")= chr [1:5] "ACC" "BER" "multiclass.brier" "MMCE" ...
NULL
Writing result file: /home/probst/Random_Forest/RFSplitbias/results/Splitbias-files/jobs/64/9464-result.RData
########## Executing jid=9465 ##########
Timestamp: 2016-04-28 16:11:15
Experiment: 
  Problem: taski 
  Problem parameters: idi=9951, learner=, teststat=, testtype= 
  Algorithm: forest.splitbias.oob 
  Algorithm parameters:  
  Replication: 42 
  Seed: 9465 
  Problem seed: 164 
Setting seed: 9465
Applying Algorithm forest.splitbias.oob ...
Generating problem taski ...
Result:
List of 3
 $ idi   : int 9951
 $ lrn   : chr [1:3] "randomForest" "oob" ""
 $ result: Named num [1:5] 0.9077 0.1524 0.1323 0.0923 0.8017
  ..- attr(*, "names")= chr [1:5] "ACC" "BER" "multiclass.brier" "MMCE" ...
NULL
Writing result file: /home/probst/Random_Forest/RFSplitbias/results/Splitbias-files/jobs/65/9465-result.RData
########## Executing jid=9466 ##########
Timestamp: 2016-04-28 16:11:15
Experiment: 
  Problem: taski 
  Problem parameters: idi=9951, learner=, teststat=, testtype= 
  Algorithm: forest.splitbias.oob 
  Algorithm parameters:  
  Replication: 43 
  Seed: 9466 
  Problem seed: 165 
Setting seed: 9466
Applying Algorithm forest.splitbias.oob ...
Generating problem taski ...
Result:
List of 3
 $ idi   : int 9951
 $ lrn   : chr [1:3] "randomForest" "oob" ""
 $ result: Named num [1:5] 0.9077 0.1524 0.1281 0.0923 0.8063
  ..- attr(*, "names")= chr [1:5] "ACC" "BER" "multiclass.brier" "MMCE" ...
NULL
Writing result file: /home/probst/Random_Forest/RFSplitbias/results/Splitbias-files/jobs/66/9466-result.RData
########## Executing jid=9467 ##########
Timestamp: 2016-04-28 16:11:16
Experiment: 
  Problem: taski 
  Problem parameters: idi=9951, learner=, teststat=, testtype= 
  Algorithm: forest.splitbias.oob 
  Algorithm parameters:  
  Replication: 44 
  Seed: 9467 
  Problem seed: 166 
Setting seed: 9467
Applying Algorithm forest.splitbias.oob ...
Generating problem taski ...
Result:
List of 3
 $ idi   : int 9951
 $ lrn   : chr [1:3] "randomForest" "oob" ""
 $ result: Named num [1:5] 0.9077 0.1524 0.1345 0.0923 0.7973
  ..- attr(*, "names")= chr [1:5] "ACC" "BER" "multiclass.brier" "MMCE" ...
NULL
Writing result file: /home/probst/Random_Forest/RFSplitbias/results/Splitbias-files/jobs/67/9467-result.RData
########## Executing jid=9468 ##########
Timestamp: 2016-04-28 16:11:17
Experiment: 
  Problem: taski 
  Problem parameters: idi=9951, learner=, teststat=, testtype= 
  Algorithm: forest.splitbias.oob 
  Algorithm parameters:  
  Replication: 45 
  Seed: 9468 
  Problem seed: 167 
Setting seed: 9468
Applying Algorithm forest.splitbias.oob ...
Generating problem taski ...
Result:
List of 3
 $ idi   : int 9951
 $ lrn   : chr [1:3] "randomForest" "oob" ""
 $ result: Named num [1:5] 0.9179 0.1456 0.1334 0.0821 0.8027
  ..- attr(*, "names")= chr [1:5] "ACC" "BER" "multiclass.brier" "MMCE" ...
NULL
Writing result file: /home/probst/Random_Forest/RFSplitbias/results/Splitbias-files/jobs/68/9468-result.RData
########## Executing jid=9469 ##########
Timestamp: 2016-04-28 16:11:18
Experiment: 
  Problem: taski 
  Problem parameters: idi=9951, learner=, teststat=, testtype= 
  Algorithm: forest.splitbias.oob 
  Algorithm parameters:  
  Replication: 46 
  Seed: 9469 
  Problem seed: 168 
Setting seed: 9469
Applying Algorithm forest.splitbias.oob ...
Generating problem taski ...
Result:
List of 3
 $ idi   : int 9951
 $ lrn   : chr [1:3] "randomForest" "oob" ""
 $ result: Named num [1:5] 0.897 0.159 0.132 0.103 0.797
  ..- attr(*, "names")= chr [1:5] "ACC" "BER" "multiclass.brier" "MMCE" ...
NULL
Writing result file: /home/probst/Random_Forest/RFSplitbias/results/Splitbias-files/jobs/69/9469-result.RData
########## Executing jid=9470 ##########
Timestamp: 2016-04-28 16:11:18
Experiment: 
  Problem: taski 
  Problem parameters: idi=9951, learner=, teststat=, testtype= 
  Algorithm: forest.splitbias.oob 
  Algorithm parameters:  
  Replication: 47 
  Seed: 9470 
  Problem seed: 169 
Setting seed: 9470
Applying Algorithm forest.splitbias.oob ...
Generating problem taski ...
Result:
List of 3
 $ idi   : int 9951
 $ lrn   : chr [1:3] "randomForest" "oob" ""
 $ result: Named num [1:5] 0.9128 0.149 0.1293 0.0872 0.8003
  ..- attr(*, "names")= chr [1:5] "ACC" "BER" "multiclass.brier" "MMCE" ...
NULL
Writing result file: /home/probst/Random_Forest/RFSplitbias/results/Splitbias-files/jobs/70/9470-result.RData
########## Executing jid=9471 ##########
Timestamp: 2016-04-28 16:11:19
Experiment: 
  Problem: taski 
  Problem parameters: idi=9951, learner=, teststat=, testtype= 
  Algorithm: forest.splitbias.oob 
  Algorithm parameters:  
  Replication: 48 
  Seed: 9471 
  Problem seed: 170 
Setting seed: 9471
Applying Algorithm forest.splitbias.oob ...
Generating problem taski ...
Result:
List of 3
 $ idi   : int 9951
 $ lrn   : chr [1:3] "randomForest" "oob" ""
 $ result: Named num [1:5] 0.9128 0.149 0.1307 0.0872 0.7986
  ..- attr(*, "names")= chr [1:5] "ACC" "BER" "multiclass.brier" "MMCE" ...
NULL
Writing result file: /home/probst/Random_Forest/RFSplitbias/results/Splitbias-files/jobs/71/9471-result.RData
########## Executing jid=9472 ##########
Timestamp: 2016-04-28 16:11:20
Experiment: 
  Problem: taski 
  Problem parameters: idi=9951, learner=, teststat=, testtype= 
  Algorithm: forest.splitbias.oob 
  Algorithm parameters:  
  Replication: 49 
  Seed: 9472 
  Problem seed: 171 
Setting seed: 9472
Applying Algorithm forest.splitbias.oob ...
Generating problem taski ...
Result:
List of 3
 $ idi   : int 9951
 $ lrn   : chr [1:3] "randomForest" "oob" ""
 $ result: Named num [1:5] 0.9077 0.1524 0.134 0.0923 0.8089
  ..- attr(*, "names")= chr [1:5] "ACC" "BER" "multiclass.brier" "MMCE" ...
NULL
Writing result file: /home/probst/Random_Forest/RFSplitbias/results/Splitbias-files/jobs/72/9472-result.RData
########## Executing jid=9473 ##########
Timestamp: 2016-04-28 16:11:20
Experiment: 
  Problem: taski 
  Problem parameters: idi=9951, learner=, teststat=, testtype= 
  Algorithm: forest.splitbias.oob 
  Algorithm parameters:  
  Replication: 50 
  Seed: 9473 
  Problem seed: 172 
Setting seed: 9473
Applying Algorithm forest.splitbias.oob ...
Generating problem taski ...
Result:
List of 3
 $ idi   : int 9951
 $ lrn   : chr [1:3] "randomForest" "oob" ""
 $ result: Named num [1:5] 0.9128 0.149 0.1332 0.0872 0.7989
  ..- attr(*, "names")= chr [1:5] "ACC" "BER" "multiclass.brier" "MMCE" ...
NULL
Writing result file: /home/probst/Random_Forest/RFSplitbias/results/Splitbias-files/jobs/73/9473-result.RData
########## Executing jid=9474 ##########
Timestamp: 2016-04-28 16:11:21
Experiment: 
  Problem: taski 
  Problem parameters: idi=9961, learner=, teststat=, testtype= 
  Algorithm: forest.splitbias.oob 
  Algorithm parameters:  
  Replication: 11 
  Seed: 9474 
  Problem seed: 133 
Setting seed: 9474
Applying Algorithm forest.splitbias.oob ...
Generating problem taski ...
Result:
List of 3
 $ idi   : int 9961
 $ lrn   : chr [1:3] "randomForest" "oob" ""
 $ result: Named num [1:5] 0.677 0.385 0.401 0.323 0.805
  ..- attr(*, "names")= chr [1:5] "ACC" "BER" "multiclass.brier" "MMCE" ...
NULL
Writing result file: /home/probst/Random_Forest/RFSplitbias/results/Splitbias-files/jobs/74/9474-result.RData
########## Executing jid=9475 ##########
Timestamp: 2016-04-28 16:11:22
Experiment: 
  Problem: taski 
  Problem parameters: idi=9961, learner=, teststat=, testtype= 
  Algorithm: forest.splitbias.oob 
  Algorithm parameters:  
  Replication: 12 
  Seed: 9475 
  Problem seed: 134 
Setting seed: 9475
Applying Algorithm forest.splitbias.oob ...
Generating problem taski ...
Result:
List of 3
 $ idi   : int 9961
 $ lrn   : chr [1:3] "randomForest" "oob" ""
 $ result: Named num [1:5] 0.688 0.377 0.401 0.312 0.808
  ..- attr(*, "names")= chr [1:5] "ACC" "BER" "multiclass.brier" "MMCE" ...
NULL
Writing result file: /home/probst/Random_Forest/RFSplitbias/results/Splitbias-files/jobs/75/9475-result.RData
########## Executing jid=9476 ##########
Timestamp: 2016-04-28 16:11:23
Experiment: 
  Problem: taski 
  Problem parameters: idi=9961, learner=, teststat=, testtype= 
  Algorithm: forest.splitbias.oob 
  Algorithm parameters:  
  Replication: 13 
  Seed: 9476 
  Problem seed: 135 
Setting seed: 9476
Applying Algorithm forest.splitbias.oob ...
Generating problem taski ...
Result:
List of 3
 $ idi   : int 9961
 $ lrn   : chr [1:3] "randomForest" "oob" ""
 $ result: Named num [1:5] 0.697 0.363 0.398 0.303 0.8
  ..- attr(*, "names")= chr [1:5] "ACC" "BER" "multiclass.brier" "MMCE" ...
NULL
Writing result file: /home/probst/Random_Forest/RFSplitbias/results/Splitbias-files/jobs/76/9476-result.RData
########## Executing jid=9477 ##########
Timestamp: 2016-04-28 16:11:24
Experiment: 
  Problem: taski 
  Problem parameters: idi=9961, learner=, teststat=, testtype= 
  Algorithm: forest.splitbias.oob 
  Algorithm parameters:  
  Replication: 14 
  Seed: 9477 
  Problem seed: 136 
Setting seed: 9477
Applying Algorithm forest.splitbias.oob ...
Generating problem taski ...
Result:
List of 3
 $ idi   : int 9961
 $ lrn   : chr [1:3] "randomForest" "oob" ""
 $ result: Named num [1:5] 0.68 0.382 0.4 0.32 0.805
  ..- attr(*, "names")= chr [1:5] "ACC" "BER" "multiclass.brier" "MMCE" ...
NULL
Writing result file: /home/probst/Random_Forest/RFSplitbias/results/Splitbias-files/jobs/77/9477-result.RData
########## Executing jid=9478 ##########
Timestamp: 2016-04-28 16:11:25
Experiment: 
  Problem: taski 
  Problem parameters: idi=9961, learner=, teststat=, testtype= 
  Algorithm: forest.splitbias.oob 
  Algorithm parameters:  
  Replication: 15 
  Seed: 9478 
  Problem seed: 137 
Setting seed: 9478
Applying Algorithm forest.splitbias.oob ...
Generating problem taski ...
Result:
List of 3
 $ idi   : int 9961
 $ lrn   : chr [1:3] "randomForest" "oob" ""
 $ result: Named num [1:5] 0.68 0.382 0.403 0.32 0.805
  ..- attr(*, "names")= chr [1:5] "ACC" "BER" "multiclass.brier" "MMCE" ...
NULL
Writing result file: /home/probst/Random_Forest/RFSplitbias/results/Splitbias-files/jobs/78/9478-result.RData
########## Executing jid=9479 ##########
Timestamp: 2016-04-28 16:11:26
Experiment: 
  Problem: taski 
  Problem parameters: idi=9961, learner=, teststat=, testtype= 
  Algorithm: forest.splitbias.oob 
  Algorithm parameters:  
  Replication: 16 
  Seed: 9479 
  Problem seed: 138 
Setting seed: 9479
Applying Algorithm forest.splitbias.oob ...
Generating problem taski ...
Result:
List of 3
 $ idi   : int 9961
 $ lrn   : chr [1:3] "randomForest" "oob" ""
 $ result: Named num [1:5] 0.693 0.369 0.4 0.307 0.806
  ..- attr(*, "names")= chr [1:5] "ACC" "BER" "multiclass.brier" "MMCE" ...
NULL
Writing result file: /home/probst/Random_Forest/RFSplitbias/results/Splitbias-files/jobs/79/9479-result.RData
########## Executing jid=9480 ##########
Timestamp: 2016-04-28 16:11:27
Experiment: 
  Problem: taski 
  Problem parameters: idi=9961, learner=, teststat=, testtype= 
  Algorithm: forest.splitbias.oob 
  Algorithm parameters:  
  Replication: 17 
  Seed: 9480 
  Problem seed: 139 
Setting seed: 9480
Applying Algorithm forest.splitbias.oob ...
Generating problem taski ...
Result:
List of 3
 $ idi   : int 9961
 $ lrn   : chr [1:3] "randomForest" "oob" ""
 $ result: Named num [1:5] 0.695 0.367 0.396 0.305 0.801
  ..- attr(*, "names")= chr [1:5] "ACC" "BER" "multiclass.brier" "MMCE" ...
NULL
Writing result file: /home/probst/Random_Forest/RFSplitbias/results/Splitbias-files/jobs/80/9480-result.RData
########## Executing jid=9481 ##########
Timestamp: 2016-04-28 16:11:28
Experiment: 
  Problem: taski 
  Problem parameters: idi=9961, learner=, teststat=, testtype= 
  Algorithm: forest.splitbias.oob 
  Algorithm parameters:  
  Replication: 18 
  Seed: 9481 
  Problem seed: 140 
Setting seed: 9481
Applying Algorithm forest.splitbias.oob ...
Generating problem taski ...
Result:
List of 3
 $ idi   : int 9961
 $ lrn   : chr [1:3] "randomForest" "oob" ""
 $ result: Named num [1:5] 0.688 0.372 0.399 0.312 0.805
  ..- attr(*, "names")= chr [1:5] "ACC" "BER" "multiclass.brier" "MMCE" ...
NULL
Writing result file: /home/probst/Random_Forest/RFSplitbias/results/Splitbias-files/jobs/81/9481-result.RData
########## Executing jid=9482 ##########
Timestamp: 2016-04-28 16:11:29
Experiment: 
  Problem: taski 
  Problem parameters: idi=9961, learner=, teststat=, testtype= 
  Algorithm: forest.splitbias.oob 
  Algorithm parameters:  
  Replication: 19 
  Seed: 9482 
  Problem seed: 141 
Setting seed: 9482
Applying Algorithm forest.splitbias.oob ...
Generating problem taski ...
Result:
List of 3
 $ idi   : int 9961
 $ lrn   : chr [1:3] "randomForest" "oob" ""
 $ result: Named num [1:5] 0.699 0.361 0.393 0.301 0.803
  ..- attr(*, "names")= chr [1:5] "ACC" "BER" "multiclass.brier" "MMCE" ...
NULL
Writing result file: /home/probst/Random_Forest/RFSplitbias/results/Splitbias-files/jobs/82/9482-result.RData
########## Executing jid=9483 ##########
Timestamp: 2016-04-28 16:11:30
Experiment: 
  Problem: taski 
  Problem parameters: idi=9961, learner=, teststat=, testtype= 
  Algorithm: forest.splitbias.oob 
  Algorithm parameters:  
  Replication: 20 
  Seed: 9483 
  Problem seed: 142 
Setting seed: 9483
Applying Algorithm forest.splitbias.oob ...
Generating problem taski ...
Result:
List of 3
 $ idi   : int 9961
 $ lrn   : chr [1:3] "randomForest" "oob" ""
 $ result: Named num [1:5] 0.682 0.38 0.4 0.318 0.804
  ..- attr(*, "names")= chr [1:5] "ACC" "BER" "multiclass.brier" "MMCE" ...
NULL
Writing result file: /home/probst/Random_Forest/RFSplitbias/results/Splitbias-files/jobs/83/9483-result.RData
########## Executing jid=9484 ##########
Timestamp: 2016-04-28 16:11:31
Experiment: 
  Problem: taski 
  Problem parameters: idi=9961, learner=, teststat=, testtype= 
  Algorithm: forest.splitbias.oob 
  Algorithm parameters:  
  Replication: 21 
  Seed: 9484 
  Problem seed: 143 
Setting seed: 9484
Applying Algorithm forest.splitbias.oob ...
Generating problem taski ...
Result:
List of 3
 $ idi   : int 9961
 $ lrn   : chr [1:3] "randomForest" "oob" ""
 $ result: Named num [1:5] 0.686 0.378 0.396 0.314 0.806
  ..- attr(*, "names")= chr [1:5] "ACC" "BER" "multiclass.brier" "MMCE" ...
NULL
Writing result file: /home/probst/Random_Forest/RFSplitbias/results/Splitbias-files/jobs/84/9484-result.RData
########## Executing jid=9485 ##########
Timestamp: 2016-04-28 16:11:32
Experiment: 
  Problem: taski 
  Problem parameters: idi=9961, learner=, teststat=, testtype= 
  Algorithm: forest.splitbias.oob 
  Algorithm parameters:  
  Replication: 22 
  Seed: 9485 
  Problem seed: 144 
Setting seed: 9485
Applying Algorithm forest.splitbias.oob ...
Generating problem taski ...
Result:
List of 3
 $ idi   : int 9961
 $ lrn   : chr [1:3] "randomForest" "oob" ""
 $ result: Named num [1:5] 0.693 0.369 0.397 0.307 0.803
  ..- attr(*, "names")= chr [1:5] "ACC" "BER" "multiclass.brier" "MMCE" ...
NULL
Writing result file: /home/probst/Random_Forest/RFSplitbias/results/Splitbias-files/jobs/85/9485-result.RData
########## Executing jid=9486 ##########
Timestamp: 2016-04-28 16:11:33
Experiment: 
  Problem: taski 
  Problem parameters: idi=9961, learner=, teststat=, testtype= 
  Algorithm: forest.splitbias.oob 
  Algorithm parameters:  
  Replication: 23 
  Seed: 9486 
  Problem seed: 145 
Setting seed: 9486
Applying Algorithm forest.splitbias.oob ...
Generating problem taski ...
Result:
List of 3
 $ idi   : int 9961
 $ lrn   : chr [1:3] "randomForest" "oob" ""
 $ result: Named num [1:5] 0.684 0.378 0.399 0.316 0.805
  ..- attr(*, "names")= chr [1:5] "ACC" "BER" "multiclass.brier" "MMCE" ...
NULL
Writing result file: /home/probst/Random_Forest/RFSplitbias/results/Splitbias-files/jobs/86/9486-result.RData
########## Executing jid=9487 ##########
Timestamp: 2016-04-28 16:11:34
Experiment: 
  Problem: taski 
  Problem parameters: idi=9961, learner=, teststat=, testtype= 
  Algorithm: forest.splitbias.oob 
  Algorithm parameters:  
  Replication: 24 
  Seed: 9487 
  Problem seed: 146 
Setting seed: 9487
Applying Algorithm forest.splitbias.oob ...
Generating problem taski ...
Result:
List of 3
 $ idi   : int 9961
 $ lrn   : chr [1:3] "randomForest" "oob" ""
 $ result: Named num [1:5] 0.686 0.377 0.399 0.314 0.805
  ..- attr(*, "names")= chr [1:5] "ACC" "BER" "multiclass.brier" "MMCE" ...
NULL
Writing result file: /home/probst/Random_Forest/RFSplitbias/results/Splitbias-files/jobs/87/9487-result.RData
########## Executing jid=9488 ##########
Timestamp: 2016-04-28 16:11:35
Experiment: 
  Problem: taski 
  Problem parameters: idi=9961, learner=, teststat=, testtype= 
  Algorithm: forest.splitbias.oob 
  Algorithm parameters:  
  Replication: 25 
  Seed: 9488 
  Problem seed: 147 
Setting seed: 9488
Applying Algorithm forest.splitbias.oob ...
Generating problem taski ...
Result:
List of 3
 $ idi   : int 9961
 $ lrn   : chr [1:3] "randomForest" "oob" ""
 $ result: Named num [1:5] 0.695 0.364 0.398 0.305 0.804
  ..- attr(*, "names")= chr [1:5] "ACC" "BER" "multiclass.brier" "MMCE" ...
NULL
Writing result file: /home/probst/Random_Forest/RFSplitbias/results/Splitbias-files/jobs/88/9488-result.RData
########## Executing jid=9489 ##########
Timestamp: 2016-04-28 16:11:36
Experiment: 
  Problem: taski 
  Problem parameters: idi=9961, learner=, teststat=, testtype= 
  Algorithm: forest.splitbias.oob 
  Algorithm parameters:  
  Replication: 26 
  Seed: 9489 
  Problem seed: 148 
Setting seed: 9489
Applying Algorithm forest.splitbias.oob ...
Generating problem taski ...
Result:
List of 3
 $ idi   : int 9961
 $ lrn   : chr [1:3] "randomForest" "oob" ""
 $ result: Named num [1:5] 0.688 0.372 0.4 0.312 0.8
  ..- attr(*, "names")= chr [1:5] "ACC" "BER" "multiclass.brier" "MMCE" ...
NULL
Writing result file: /home/probst/Random_Forest/RFSplitbias/results/Splitbias-files/jobs/89/9489-result.RData
########## Executing jid=9490 ##########
Timestamp: 2016-04-28 16:11:37
Experiment: 
  Problem: taski 
  Problem parameters: idi=9961, learner=, teststat=, testtype= 
  Algorithm: forest.splitbias.oob 
  Algorithm parameters:  
  Replication: 27 
  Seed: 9490 
  Problem seed: 149 
Setting seed: 9490
Applying Algorithm forest.splitbias.oob ...
Generating problem taski ...
Result:
List of 3
 $ idi   : int 9961
 $ lrn   : chr [1:3] "randomForest" "oob" ""
 $ result: Named num [1:5] 0.684 0.378 0.399 0.316 0.804
  ..- attr(*, "names")= chr [1:5] "ACC" "BER" "multiclass.brier" "MMCE" ...
NULL
Writing result file: /home/probst/Random_Forest/RFSplitbias/results/Splitbias-files/jobs/90/9490-result.RData
########## Executing jid=9491 ##########
Timestamp: 2016-04-28 16:11:38
Experiment: 
  Problem: taski 
  Problem parameters: idi=9961, learner=, teststat=, testtype= 
  Algorithm: forest.splitbias.oob 
  Algorithm parameters:  
  Replication: 28 
  Seed: 9491 
  Problem seed: 150 
Setting seed: 9491
Applying Algorithm forest.splitbias.oob ...
Generating problem taski ...
Result:
List of 3
 $ idi   : int 9961
 $ lrn   : chr [1:3] "randomForest" "oob" ""
 $ result: Named num [1:5] 0.684 0.375 0.396 0.316 0.801
  ..- attr(*, "names")= chr [1:5] "ACC" "BER" "multiclass.brier" "MMCE" ...
NULL
Writing result file: /home/probst/Random_Forest/RFSplitbias/results/Splitbias-files/jobs/91/9491-result.RData
########## Executing jid=9492 ##########
Timestamp: 2016-04-28 16:11:39
Experiment: 
  Problem: taski 
  Problem parameters: idi=9961, learner=, teststat=, testtype= 
  Algorithm: forest.splitbias.oob 
  Algorithm parameters:  
  Replication: 29 
  Seed: 9492 
  Problem seed: 151 
Setting seed: 9492
Applying Algorithm forest.splitbias.oob ...
Generating problem taski ...
Result:
List of 3
 $ idi   : int 9961
 $ lrn   : chr [1:3] "randomForest" "oob" ""
 $ result: Named num [1:5] 0.688 0.375 0.396 0.312 0.809
  ..- attr(*, "names")= chr [1:5] "ACC" "BER" "multiclass.brier" "MMCE" ...
NULL
Writing result file: /home/probst/Random_Forest/RFSplitbias/results/Splitbias-files/jobs/92/9492-result.RData
########## Executing jid=9493 ##########
Timestamp: 2016-04-28 16:11:40
Experiment: 
  Problem: taski 
  Problem parameters: idi=9961, learner=, teststat=, testtype= 
  Algorithm: forest.splitbias.oob 
  Algorithm parameters:  
  Replication: 30 
  Seed: 9493 
  Problem seed: 152 
Setting seed: 9493
Applying Algorithm forest.splitbias.oob ...
Generating problem taski ...
Result:
List of 3
 $ idi   : int 9961
 $ lrn   : chr [1:3] "randomForest" "oob" ""
 $ result: Named num [1:5] 0.68 0.383 0.403 0.32 0.807
  ..- attr(*, "names")= chr [1:5] "ACC" "BER" "multiclass.brier" "MMCE" ...
NULL
Writing result file: /home/probst/Random_Forest/RFSplitbias/results/Splitbias-files/jobs/93/9493-result.RData
########## Executing jid=9494 ##########
Timestamp: 2016-04-28 16:11:41
Experiment: 
  Problem: taski 
  Problem parameters: idi=9961, learner=, teststat=, testtype= 
  Algorithm: forest.splitbias.oob 
  Algorithm parameters:  
  Replication: 31 
  Seed: 9494 
  Problem seed: 153 
Setting seed: 9494
Applying Algorithm forest.splitbias.oob ...
Generating problem taski ...
Result:
List of 3
 $ idi   : int 9961
 $ lrn   : chr [1:3] "randomForest" "oob" ""
 $ result: Named num [1:5] 0.68 0.379 0.4 0.32 0.806
  ..- attr(*, "names")= chr [1:5] "ACC" "BER" "multiclass.brier" "MMCE" ...
NULL
Writing result file: /home/probst/Random_Forest/RFSplitbias/results/Splitbias-files/jobs/94/9494-result.RData
########## Executing jid=9495 ##########
Timestamp: 2016-04-28 16:11:42
Experiment: 
  Problem: taski 
  Problem parameters: idi=9961, learner=, teststat=, testtype= 
  Algorithm: forest.splitbias.oob 
  Algorithm parameters:  
  Replication: 32 
  Seed: 9495 
  Problem seed: 154 
Setting seed: 9495
Applying Algorithm forest.splitbias.oob ...
Generating problem taski ...
Result:
List of 3
 $ idi   : int 9961
 $ lrn   : chr [1:3] "randomForest" "oob" ""
 $ result: Named num [1:5] 0.688 0.374 0.399 0.312 0.805
  ..- attr(*, "names")= chr [1:5] "ACC" "BER" "multiclass.brier" "MMCE" ...
NULL
Writing result file: /home/probst/Random_Forest/RFSplitbias/results/Splitbias-files/jobs/95/9495-result.RData
########## Executing jid=9496 ##########
Timestamp: 2016-04-28 16:11:43
Experiment: 
  Problem: taski 
  Problem parameters: idi=9961, learner=, teststat=, testtype= 
  Algorithm: forest.splitbias.oob 
  Algorithm parameters:  
  Replication: 33 
  Seed: 9496 
  Problem seed: 155 
Setting seed: 9496
Applying Algorithm forest.splitbias.oob ...
Generating problem taski ...
Result:
List of 3
 $ idi   : int 9961
 $ lrn   : chr [1:3] "randomForest" "oob" ""
 $ result: Named num [1:5] 0.675 0.388 0.404 0.325 0.802
  ..- attr(*, "names")= chr [1:5] "ACC" "BER" "multiclass.brier" "MMCE" ...
NULL
Writing result file: /home/probst/Random_Forest/RFSplitbias/results/Splitbias-files/jobs/96/9496-result.RData
########## Executing jid=9497 ##########
Timestamp: 2016-04-28 16:11:44
Experiment: 
  Problem: taski 
  Problem parameters: idi=9961, learner=, teststat=, testtype= 
  Algorithm: forest.splitbias.oob 
  Algorithm parameters:  
  Replication: 34 
  Seed: 9497 
  Problem seed: 156 
Setting seed: 9497
Applying Algorithm forest.splitbias.oob ...
Generating problem taski ...
Result:
List of 3
 $ idi   : int 9961
 $ lrn   : chr [1:3] "randomForest" "oob" ""
 $ result: Named num [1:5] 0.682 0.379 0.399 0.318 0.807
  ..- attr(*, "names")= chr [1:5] "ACC" "BER" "multiclass.brier" "MMCE" ...
NULL
Writing result file: /home/probst/Random_Forest/RFSplitbias/results/Splitbias-files/jobs/97/9497-result.RData
########## Executing jid=9498 ##########
Timestamp: 2016-04-28 16:11:45
Experiment: 
  Problem: taski 
  Problem parameters: idi=9961, learner=, teststat=, testtype= 
  Algorithm: forest.splitbias.oob 
  Algorithm parameters:  
  Replication: 35 
  Seed: 9498 
  Problem seed: 157 
Setting seed: 9498
Applying Algorithm forest.splitbias.oob ...
Generating problem taski ...
Result:
List of 3
 $ idi   : int 9961
 $ lrn   : chr [1:3] "randomForest" "oob" ""
 $ result: Named num [1:5] 0.688 0.374 0.4 0.312 0.804
  ..- attr(*, "names")= chr [1:5] "ACC" "BER" "multiclass.brier" "MMCE" ...
NULL
Writing result file: /home/probst/Random_Forest/RFSplitbias/results/Splitbias-files/jobs/98/9498-result.RData
########## Executing jid=9499 ##########
Timestamp: 2016-04-28 16:11:46
Experiment: 
  Problem: taski 
  Problem parameters: idi=9961, learner=, teststat=, testtype= 
  Algorithm: forest.splitbias.oob 
  Algorithm parameters:  
  Replication: 36 
  Seed: 9499 
  Problem seed: 158 
Setting seed: 9499
Applying Algorithm forest.splitbias.oob ...
Generating problem taski ...
Result:
List of 3
 $ idi   : int 9961
 $ lrn   : chr [1:3] "randomForest" "oob" ""
 $ result: Named num [1:5] 0.684 0.375 0.397 0.316 0.799
  ..- attr(*, "names")= chr [1:5] "ACC" "BER" "multiclass.brier" "MMCE" ...
NULL
Writing result file: /home/probst/Random_Forest/RFSplitbias/results/Splitbias-files/jobs/99/9499-result.RData
########## Executing jid=9500 ##########
Timestamp: 2016-04-28 16:11:47
Experiment: 
  Problem: taski 
  Problem parameters: idi=9961, learner=, teststat=, testtype= 
  Algorithm: forest.splitbias.oob 
  Algorithm parameters:  
  Replication: 37 
  Seed: 9500 
  Problem seed: 159 
Setting seed: 9500
Applying Algorithm forest.splitbias.oob ...
Generating problem taski ...
Result:
List of 3
 $ idi   : int 9961
 $ lrn   : chr [1:3] "randomForest" "oob" ""
 $ result: Named num [1:5] 0.675 0.388 0.399 0.325 0.802
  ..- attr(*, "names")= chr [1:5] "ACC" "BER" "multiclass.brier" "MMCE" ...
NULL
Writing result file: /home/probst/Random_Forest/RFSplitbias/results/Splitbias-files/jobs/00/9500-result.RData
########## Executing jid=9501 ##########
Timestamp: 2016-04-28 16:11:48
Experiment: 
  Problem: taski 
  Problem parameters: idi=9961, learner=, teststat=, testtype= 
  Algorithm: forest.splitbias.oob 
  Algorithm parameters:  
  Replication: 38 
  Seed: 9501 
  Problem seed: 160 
Setting seed: 9501
Applying Algorithm forest.splitbias.oob ...
Generating problem taski ...
Result:
List of 3
 $ idi   : int 9961
 $ lrn   : chr [1:3] "randomForest" "oob" ""
 $ result: Named num [1:5] 0.677 0.386 0.399 0.323 0.804
  ..- attr(*, "names")= chr [1:5] "ACC" "BER" "multiclass.brier" "MMCE" ...
NULL
Writing result file: /home/probst/Random_Forest/RFSplitbias/results/Splitbias-files/jobs/01/9501-result.RData
########## Executing jid=9502 ##########
Timestamp: 2016-04-28 16:11:49
Experiment: 
  Problem: taski 
  Problem parameters: idi=9961, learner=, teststat=, testtype= 
  Algorithm: forest.splitbias.oob 
  Algorithm parameters:  
  Replication: 39 
  Seed: 9502 
  Problem seed: 161 
Setting seed: 9502
Applying Algorithm forest.splitbias.oob ...
Generating problem taski ...
Result:
List of 3
 $ idi   : int 9961
 $ lrn   : chr [1:3] "randomForest" "oob" ""
 $ result: Named num [1:5] 0.69 0.37 0.399 0.31 0.807
  ..- attr(*, "names")= chr [1:5] "ACC" "BER" "multiclass.brier" "MMCE" ...
NULL
Writing result file: /home/probst/Random_Forest/RFSplitbias/results/Splitbias-files/jobs/02/9502-result.RData
########## Executing jid=9503 ##########
Timestamp: 2016-04-28 16:11:50
Experiment: 
  Problem: taski 
  Problem parameters: idi=9961, learner=, teststat=, testtype= 
  Algorithm: forest.splitbias.oob 
  Algorithm parameters:  
  Replication: 40 
  Seed: 9503 
  Problem seed: 162 
Setting seed: 9503
Applying Algorithm forest.splitbias.oob ...
Generating problem taski ...
Result:
List of 3
 $ idi   : int 9961
 $ lrn   : chr [1:3] "randomForest" "oob" ""
 $ result: Named num [1:5] 0.695 0.367 0.399 0.305 0.805
  ..- attr(*, "names")= chr [1:5] "ACC" "BER" "multiclass.brier" "MMCE" ...
NULL
Writing result file: /home/probst/Random_Forest/RFSplitbias/results/Splitbias-files/jobs/03/9503-result.RData
2016-04-28 16:11:51: All done.
Setting work back to: /nfsmb/koll/probst/Random_Forest/RFSplitbias/results
Memory usage according to gc:
          used  (Mb) gc trigger  (Mb) max used  (Mb)
Ncells 1900405 101.5    3205452 171.2  2179456 116.4
Vcells 4659530  35.6   13750151 105.0 10472614  79.9
