Loading registry: /home/probst/Random_Forest/RFSplitbias/results/Splitbias-files/registry.RData
Loading conf: 
2016-04-28 16:11:52: Starting job on node lin65.
Auto-mailer settings: start=none, done=none, error=none.
Setting work dir: /nfsmb/koll/probst/Random_Forest/RFSplitbias/results
########## Executing jid=9504 ##########
Timestamp: 2016-04-28 16:11:52
Experiment: 
  Problem: taski 
  Problem parameters: idi=9961, learner=, teststat=, testtype= 
  Algorithm: forest.splitbias.oob 
  Algorithm parameters:  
  Replication: 41 
  Seed: 9504 
  Problem seed: 163 
Setting seed: 9504
Applying Algorithm forest.splitbias.oob ...
Generating problem taski ...
Result:
List of 3
 $ idi   : int 9961
 $ lrn   : chr [1:3] "randomForest" "oob" ""
 $ result: Named num [1:5] 0.686 0.377 0.398 0.314 0.808
  ..- attr(*, "names")= chr [1:5] "ACC" "BER" "multiclass.brier" "MMCE" ...
NULL
Writing result file: /home/probst/Random_Forest/RFSplitbias/results/Splitbias-files/jobs/04/9504-result.RData
########## Executing jid=9505 ##########
Timestamp: 2016-04-28 16:11:53
Experiment: 
  Problem: taski 
  Problem parameters: idi=9961, learner=, teststat=, testtype= 
  Algorithm: forest.splitbias.oob 
  Algorithm parameters:  
  Replication: 42 
  Seed: 9505 
  Problem seed: 164 
Setting seed: 9505
Applying Algorithm forest.splitbias.oob ...
Generating problem taski ...
Result:
List of 3
 $ idi   : int 9961
 $ lrn   : chr [1:3] "randomForest" "oob" ""
 $ result: Named num [1:5] 0.684 0.378 0.399 0.316 0.809
  ..- attr(*, "names")= chr [1:5] "ACC" "BER" "multiclass.brier" "MMCE" ...
NULL
Writing result file: /home/probst/Random_Forest/RFSplitbias/results/Splitbias-files/jobs/05/9505-result.RData
########## Executing jid=9506 ##########
Timestamp: 2016-04-28 16:11:54
Experiment: 
  Problem: taski 
  Problem parameters: idi=9961, learner=, teststat=, testtype= 
  Algorithm: forest.splitbias.oob 
  Algorithm parameters:  
  Replication: 43 
  Seed: 9506 
  Problem seed: 165 
Setting seed: 9506
Applying Algorithm forest.splitbias.oob ...
Generating problem taski ...
Result:
List of 3
 $ idi   : int 9961
 $ lrn   : chr [1:3] "randomForest" "oob" ""
 $ result: Named num [1:5] 0.68 0.382 0.4 0.32 0.803
  ..- attr(*, "names")= chr [1:5] "ACC" "BER" "multiclass.brier" "MMCE" ...
NULL
Writing result file: /home/probst/Random_Forest/RFSplitbias/results/Splitbias-files/jobs/06/9506-result.RData
########## Executing jid=9507 ##########
Timestamp: 2016-04-28 16:11:55
Experiment: 
  Problem: taski 
  Problem parameters: idi=9961, learner=, teststat=, testtype= 
  Algorithm: forest.splitbias.oob 
  Algorithm parameters:  
  Replication: 44 
  Seed: 9507 
  Problem seed: 166 
Setting seed: 9507
Applying Algorithm forest.splitbias.oob ...
Generating problem taski ...
Result:
List of 3
 $ idi   : int 9961
 $ lrn   : chr [1:3] "randomForest" "oob" ""
 $ result: Named num [1:5] 0.684 0.374 0.398 0.316 0.806
  ..- attr(*, "names")= chr [1:5] "ACC" "BER" "multiclass.brier" "MMCE" ...
NULL
Writing result file: /home/probst/Random_Forest/RFSplitbias/results/Splitbias-files/jobs/07/9507-result.RData
########## Executing jid=9508 ##########
Timestamp: 2016-04-28 16:11:56
Experiment: 
  Problem: taski 
  Problem parameters: idi=9961, learner=, teststat=, testtype= 
  Algorithm: forest.splitbias.oob 
  Algorithm parameters:  
  Replication: 45 
  Seed: 9508 
  Problem seed: 167 
Setting seed: 9508
Applying Algorithm forest.splitbias.oob ...
Generating problem taski ...
Result:
List of 3
 $ idi   : int 9961
 $ lrn   : chr [1:3] "randomForest" "oob" ""
 $ result: Named num [1:5] 0.686 0.375 0.399 0.314 0.802
  ..- attr(*, "names")= chr [1:5] "ACC" "BER" "multiclass.brier" "MMCE" ...
NULL
Writing result file: /home/probst/Random_Forest/RFSplitbias/results/Splitbias-files/jobs/08/9508-result.RData
########## Executing jid=9509 ##########
Timestamp: 2016-04-28 16:11:57
Experiment: 
  Problem: taski 
  Problem parameters: idi=9961, learner=, teststat=, testtype= 
  Algorithm: forest.splitbias.oob 
  Algorithm parameters:  
  Replication: 46 
  Seed: 9509 
  Problem seed: 168 
Setting seed: 9509
Applying Algorithm forest.splitbias.oob ...
Generating problem taski ...
Result:
List of 3
 $ idi   : int 9961
 $ lrn   : chr [1:3] "randomForest" "oob" ""
 $ result: Named num [1:5] 0.682 0.379 0.401 0.318 0.807
  ..- attr(*, "names")= chr [1:5] "ACC" "BER" "multiclass.brier" "MMCE" ...
NULL
Writing result file: /home/probst/Random_Forest/RFSplitbias/results/Splitbias-files/jobs/09/9509-result.RData
########## Executing jid=9510 ##########
Timestamp: 2016-04-28 16:11:58
Experiment: 
  Problem: taski 
  Problem parameters: idi=9961, learner=, teststat=, testtype= 
  Algorithm: forest.splitbias.oob 
  Algorithm parameters:  
  Replication: 47 
  Seed: 9510 
  Problem seed: 169 
Setting seed: 9510
Applying Algorithm forest.splitbias.oob ...
Generating problem taski ...
Result:
List of 3
 $ idi   : int 9961
 $ lrn   : chr [1:3] "randomForest" "oob" ""
 $ result: Named num [1:5] 0.69 0.369 0.401 0.31 0.807
  ..- attr(*, "names")= chr [1:5] "ACC" "BER" "multiclass.brier" "MMCE" ...
NULL
Writing result file: /home/probst/Random_Forest/RFSplitbias/results/Splitbias-files/jobs/10/9510-result.RData
########## Executing jid=9511 ##########
Timestamp: 2016-04-28 16:11:59
Experiment: 
  Problem: taski 
  Problem parameters: idi=9961, learner=, teststat=, testtype= 
  Algorithm: forest.splitbias.oob 
  Algorithm parameters:  
  Replication: 48 
  Seed: 9511 
  Problem seed: 170 
Setting seed: 9511
Applying Algorithm forest.splitbias.oob ...
Generating problem taski ...
Result:
List of 3
 $ idi   : int 9961
 $ lrn   : chr [1:3] "randomForest" "oob" ""
 $ result: Named num [1:5] 0.682 0.379 0.4 0.318 0.8
  ..- attr(*, "names")= chr [1:5] "ACC" "BER" "multiclass.brier" "MMCE" ...
NULL
Writing result file: /home/probst/Random_Forest/RFSplitbias/results/Splitbias-files/jobs/11/9511-result.RData
########## Executing jid=9512 ##########
Timestamp: 2016-04-28 16:12:00
Experiment: 
  Problem: taski 
  Problem parameters: idi=9961, learner=, teststat=, testtype= 
  Algorithm: forest.splitbias.oob 
  Algorithm parameters:  
  Replication: 49 
  Seed: 9512 
  Problem seed: 171 
Setting seed: 9512
Applying Algorithm forest.splitbias.oob ...
Generating problem taski ...
Result:
List of 3
 $ idi   : int 9961
 $ lrn   : chr [1:3] "randomForest" "oob" ""
 $ result: Named num [1:5] 0.697 0.363 0.397 0.303 0.805
  ..- attr(*, "names")= chr [1:5] "ACC" "BER" "multiclass.brier" "MMCE" ...
NULL
Writing result file: /home/probst/Random_Forest/RFSplitbias/results/Splitbias-files/jobs/12/9512-result.RData
########## Executing jid=9513 ##########
Timestamp: 2016-04-28 16:12:01
Experiment: 
  Problem: taski 
  Problem parameters: idi=9961, learner=, teststat=, testtype= 
  Algorithm: forest.splitbias.oob 
  Algorithm parameters:  
  Replication: 50 
  Seed: 9513 
  Problem seed: 172 
Setting seed: 9513
Applying Algorithm forest.splitbias.oob ...
Generating problem taski ...
Result:
List of 3
 $ idi   : int 9961
 $ lrn   : chr [1:3] "randomForest" "oob" ""
 $ result: Named num [1:5] 0.688 0.371 0.399 0.312 0.805
  ..- attr(*, "names")= chr [1:5] "ACC" "BER" "multiclass.brier" "MMCE" ...
NULL
Writing result file: /home/probst/Random_Forest/RFSplitbias/results/Splitbias-files/jobs/13/9513-result.RData
########## Executing jid=9514 ##########
Timestamp: 2016-04-28 16:12:02
Experiment: 
  Problem: taski 
  Problem parameters: idi=2273, learner=, teststat=, testtype= 
  Algorithm: forest.splitbias.oob 
  Algorithm parameters:  
  Replication: 11 
  Seed: 9514 
  Problem seed: 133 
Setting seed: 9514
Applying Algorithm forest.splitbias.oob ...
Generating problem taski ...
Result:
List of 3
 $ idi   : int 2273
 $ lrn   : chr [1:3] "randomForest" "oob" ""
 $ result: Named num [1:5] 0.718 0.575 0.4 0.282 0.956
  ..- attr(*, "names")= chr [1:5] "ACC" "BER" "multiclass.brier" "MMCE" ...
NULL
Writing result file: /home/probst/Random_Forest/RFSplitbias/results/Splitbias-files/jobs/14/9514-result.RData
########## Executing jid=9515 ##########
Timestamp: 2016-04-28 16:12:02
Experiment: 
  Problem: taski 
  Problem parameters: idi=2273, learner=, teststat=, testtype= 
  Algorithm: forest.splitbias.oob 
  Algorithm parameters:  
  Replication: 12 
  Seed: 9515 
  Problem seed: 134 
Setting seed: 9515
Applying Algorithm forest.splitbias.oob ...
Generating problem taski ...
Result:
List of 3
 $ idi   : int 2273
 $ lrn   : chr [1:3] "randomForest" "oob" ""
 $ result: Named num [1:5] 0.676 0.623 0.393 0.324 0.956
  ..- attr(*, "names")= chr [1:5] "ACC" "BER" "multiclass.brier" "MMCE" ...
NULL
Writing result file: /home/probst/Random_Forest/RFSplitbias/results/Splitbias-files/jobs/15/9515-result.RData
########## Executing jid=9516 ##########
Timestamp: 2016-04-28 16:12:03
Experiment: 
  Problem: taski 
  Problem parameters: idi=2273, learner=, teststat=, testtype= 
  Algorithm: forest.splitbias.oob 
  Algorithm parameters:  
  Replication: 13 
  Seed: 9516 
  Problem seed: 135 
Setting seed: 9516
Applying Algorithm forest.splitbias.oob ...
Generating problem taski ...
Result:
List of 3
 $ idi   : int 2273
 $ lrn   : chr [1:3] "randomForest" "oob" ""
 $ result: Named num [1:5] 0.704 0.582 0.395 0.296 0.958
  ..- attr(*, "names")= chr [1:5] "ACC" "BER" "multiclass.brier" "MMCE" ...
NULL
Writing result file: /home/probst/Random_Forest/RFSplitbias/results/Splitbias-files/jobs/16/9516-result.RData
########## Executing jid=9517 ##########
Timestamp: 2016-04-28 16:12:04
Experiment: 
  Problem: taski 
  Problem parameters: idi=2273, learner=, teststat=, testtype= 
  Algorithm: forest.splitbias.oob 
  Algorithm parameters:  
  Replication: 14 
  Seed: 9517 
  Problem seed: 136 
Setting seed: 9517
Applying Algorithm forest.splitbias.oob ...
Generating problem taski ...
Result:
List of 3
 $ idi   : int 2273
 $ lrn   : chr [1:3] "randomForest" "oob" ""
 $ result: Named num [1:5] 0.718 0.575 0.4 0.282 0.954
  ..- attr(*, "names")= chr [1:5] "ACC" "BER" "multiclass.brier" "MMCE" ...
NULL
Writing result file: /home/probst/Random_Forest/RFSplitbias/results/Splitbias-files/jobs/17/9517-result.RData
########## Executing jid=9518 ##########
Timestamp: 2016-04-28 16:12:05
Experiment: 
  Problem: taski 
  Problem parameters: idi=2273, learner=, teststat=, testtype= 
  Algorithm: forest.splitbias.oob 
  Algorithm parameters:  
  Replication: 15 
  Seed: 9518 
  Problem seed: 137 
Setting seed: 9518
Applying Algorithm forest.splitbias.oob ...
Generating problem taski ...
Result:
List of 3
 $ idi   : int 2273
 $ lrn   : chr [1:3] "randomForest" "oob" ""
 $ result: Named num [1:5] 0.704 0.596 0.402 0.296 0.955
  ..- attr(*, "names")= chr [1:5] "ACC" "BER" "multiclass.brier" "MMCE" ...
NULL
Writing result file: /home/probst/Random_Forest/RFSplitbias/results/Splitbias-files/jobs/18/9518-result.RData
########## Executing jid=9519 ##########
Timestamp: 2016-04-28 16:12:05
Experiment: 
  Problem: taski 
  Problem parameters: idi=2273, learner=, teststat=, testtype= 
  Algorithm: forest.splitbias.oob 
  Algorithm parameters:  
  Replication: 16 
  Seed: 9519 
  Problem seed: 138 
Setting seed: 9519
Applying Algorithm forest.splitbias.oob ...
Generating problem taski ...
Result:
List of 3
 $ idi   : int 2273
 $ lrn   : chr [1:3] "randomForest" "oob" ""
 $ result: Named num [1:5] 0.718 0.575 0.397 0.282 0.95
  ..- attr(*, "names")= chr [1:5] "ACC" "BER" "multiclass.brier" "MMCE" ...
NULL
Writing result file: /home/probst/Random_Forest/RFSplitbias/results/Splitbias-files/jobs/19/9519-result.RData
########## Executing jid=9520 ##########
Timestamp: 2016-04-28 16:12:06
Experiment: 
  Problem: taski 
  Problem parameters: idi=2273, learner=, teststat=, testtype= 
  Algorithm: forest.splitbias.oob 
  Algorithm parameters:  
  Replication: 17 
  Seed: 9520 
  Problem seed: 139 
Setting seed: 9520
Applying Algorithm forest.splitbias.oob ...
Generating problem taski ...
Result:
List of 3
 $ idi   : int 2273
 $ lrn   : chr [1:3] "randomForest" "oob" ""
 $ result: Named num [1:5] 0.676 0.623 0.402 0.324 0.958
  ..- attr(*, "names")= chr [1:5] "ACC" "BER" "multiclass.brier" "MMCE" ...
NULL
Writing result file: /home/probst/Random_Forest/RFSplitbias/results/Splitbias-files/jobs/20/9520-result.RData
########## Executing jid=9521 ##########
Timestamp: 2016-04-28 16:12:07
Experiment: 
  Problem: taski 
  Problem parameters: idi=2273, learner=, teststat=, testtype= 
  Algorithm: forest.splitbias.oob 
  Algorithm parameters:  
  Replication: 18 
  Seed: 9521 
  Problem seed: 140 
Setting seed: 9521
Applying Algorithm forest.splitbias.oob ...
Generating problem taski ...
Result:
List of 3
 $ idi   : int 2273
 $ lrn   : chr [1:3] "randomForest" "oob" ""
 $ result: Named num [1:5] 0.718 0.589 0.391 0.282 0.962
  ..- attr(*, "names")= chr [1:5] "ACC" "BER" "multiclass.brier" "MMCE" ...
NULL
Writing result file: /home/probst/Random_Forest/RFSplitbias/results/Splitbias-files/jobs/21/9521-result.RData
########## Executing jid=9522 ##########
Timestamp: 2016-04-28 16:12:08
Experiment: 
  Problem: taski 
  Problem parameters: idi=2273, learner=, teststat=, testtype= 
  Algorithm: forest.splitbias.oob 
  Algorithm parameters:  
  Replication: 19 
  Seed: 9522 
  Problem seed: 141 
Setting seed: 9522
Applying Algorithm forest.splitbias.oob ...
Generating problem taski ...
Result:
List of 3
 $ idi   : int 2273
 $ lrn   : chr [1:3] "randomForest" "oob" ""
 $ result: Named num [1:5] 0.704 0.596 0.398 0.296 0.951
  ..- attr(*, "names")= chr [1:5] "ACC" "BER" "multiclass.brier" "MMCE" ...
NULL
Writing result file: /home/probst/Random_Forest/RFSplitbias/results/Splitbias-files/jobs/22/9522-result.RData
########## Executing jid=9523 ##########
Timestamp: 2016-04-28 16:12:08
Experiment: 
  Problem: taski 
  Problem parameters: idi=2273, learner=, teststat=, testtype= 
  Algorithm: forest.splitbias.oob 
  Algorithm parameters:  
  Replication: 20 
  Seed: 9523 
  Problem seed: 142 
Setting seed: 9523
Applying Algorithm forest.splitbias.oob ...
Generating problem taski ...
Result:
List of 3
 $ idi   : int 2273
 $ lrn   : chr [1:3] "randomForest" "oob" ""
 $ result: Named num [1:5] 0.718 0.575 0.399 0.282 0.96
  ..- attr(*, "names")= chr [1:5] "ACC" "BER" "multiclass.brier" "MMCE" ...
NULL
Writing result file: /home/probst/Random_Forest/RFSplitbias/results/Splitbias-files/jobs/23/9523-result.RData
########## Executing jid=9524 ##########
Timestamp: 2016-04-28 16:12:09
Experiment: 
  Problem: taski 
  Problem parameters: idi=2273, learner=, teststat=, testtype= 
  Algorithm: forest.splitbias.oob 
  Algorithm parameters:  
  Replication: 21 
  Seed: 9524 
  Problem seed: 143 
Setting seed: 9524
Applying Algorithm forest.splitbias.oob ...
Generating problem taski ...
Result:
List of 3
 $ idi   : int 2273
 $ lrn   : chr [1:3] "randomForest" "oob" ""
 $ result: Named num [1:5] 0.69 0.617 0.402 0.31 0.964
  ..- attr(*, "names")= chr [1:5] "ACC" "BER" "multiclass.brier" "MMCE" ...
NULL
Writing result file: /home/probst/Random_Forest/RFSplitbias/results/Splitbias-files/jobs/24/9524-result.RData
########## Executing jid=9525 ##########
Timestamp: 2016-04-28 16:12:10
Experiment: 
  Problem: taski 
  Problem parameters: idi=2273, learner=, teststat=, testtype= 
  Algorithm: forest.splitbias.oob 
  Algorithm parameters:  
  Replication: 22 
  Seed: 9525 
  Problem seed: 144 
Setting seed: 9525
Applying Algorithm forest.splitbias.oob ...
Generating problem taski ...
Result:
List of 3
 $ idi   : int 2273
 $ lrn   : chr [1:3] "randomForest" "oob" ""
 $ result: Named num [1:5] 0.704 0.596 0.394 0.296 0.954
  ..- attr(*, "names")= chr [1:5] "ACC" "BER" "multiclass.brier" "MMCE" ...
NULL
Writing result file: /home/probst/Random_Forest/RFSplitbias/results/Splitbias-files/jobs/25/9525-result.RData
########## Executing jid=9526 ##########
Timestamp: 2016-04-28 16:12:11
Experiment: 
  Problem: taski 
  Problem parameters: idi=2273, learner=, teststat=, testtype= 
  Algorithm: forest.splitbias.oob 
  Algorithm parameters:  
  Replication: 23 
  Seed: 9526 
  Problem seed: 145 
Setting seed: 9526
Applying Algorithm forest.splitbias.oob ...
Generating problem taski ...
Result:
List of 3
 $ idi   : int 2273
 $ lrn   : chr [1:3] "randomForest" "oob" ""
 $ result: Named num [1:5] 0.69 0.617 0.4 0.31 0.97
  ..- attr(*, "names")= chr [1:5] "ACC" "BER" "multiclass.brier" "MMCE" ...
NULL
Writing result file: /home/probst/Random_Forest/RFSplitbias/results/Splitbias-files/jobs/26/9526-result.RData
########## Executing jid=9527 ##########
Timestamp: 2016-04-28 16:12:11
Experiment: 
  Problem: taski 
  Problem parameters: idi=2273, learner=, teststat=, testtype= 
  Algorithm: forest.splitbias.oob 
  Algorithm parameters:  
  Replication: 24 
  Seed: 9527 
  Problem seed: 146 
Setting seed: 9527
Applying Algorithm forest.splitbias.oob ...
Generating problem taski ...
Result:
List of 3
 $ idi   : int 2273
 $ lrn   : chr [1:3] "randomForest" "oob" ""
 $ result: Named num [1:5] 0.718 0.575 0.4 0.282 0.963
  ..- attr(*, "names")= chr [1:5] "ACC" "BER" "multiclass.brier" "MMCE" ...
NULL
Writing result file: /home/probst/Random_Forest/RFSplitbias/results/Splitbias-files/jobs/27/9527-result.RData
########## Executing jid=9528 ##########
Timestamp: 2016-04-28 16:12:12
Experiment: 
  Problem: taski 
  Problem parameters: idi=2273, learner=, teststat=, testtype= 
  Algorithm: forest.splitbias.oob 
  Algorithm parameters:  
  Replication: 25 
  Seed: 9528 
  Problem seed: 147 
Setting seed: 9528
Applying Algorithm forest.splitbias.oob ...
Generating problem taski ...
Result:
List of 3
 $ idi   : int 2273
 $ lrn   : chr [1:3] "randomForest" "oob" ""
 $ result: Named num [1:5] 0.732 0.554 0.392 0.268 0.965
  ..- attr(*, "names")= chr [1:5] "ACC" "BER" "multiclass.brier" "MMCE" ...
NULL
Writing result file: /home/probst/Random_Forest/RFSplitbias/results/Splitbias-files/jobs/28/9528-result.RData
########## Executing jid=9529 ##########
Timestamp: 2016-04-28 16:12:13
Experiment: 
  Problem: taski 
  Problem parameters: idi=2273, learner=, teststat=, testtype= 
  Algorithm: forest.splitbias.oob 
  Algorithm parameters:  
  Replication: 26 
  Seed: 9529 
  Problem seed: 148 
Setting seed: 9529
Applying Algorithm forest.splitbias.oob ...
Generating problem taski ...
Result:
List of 3
 $ idi   : int 2273
 $ lrn   : chr [1:3] "randomForest" "oob" ""
 $ result: Named num [1:5] 0.718 0.575 0.396 0.282 0.963
  ..- attr(*, "names")= chr [1:5] "ACC" "BER" "multiclass.brier" "MMCE" ...
NULL
Writing result file: /home/probst/Random_Forest/RFSplitbias/results/Splitbias-files/jobs/29/9529-result.RData
########## Executing jid=9530 ##########
Timestamp: 2016-04-28 16:12:13
Experiment: 
  Problem: taski 
  Problem parameters: idi=2273, learner=, teststat=, testtype= 
  Algorithm: forest.splitbias.oob 
  Algorithm parameters:  
  Replication: 27 
  Seed: 9530 
  Problem seed: 149 
Setting seed: 9530
Applying Algorithm forest.splitbias.oob ...
Generating problem taski ...
Result:
List of 3
 $ idi   : int 2273
 $ lrn   : chr [1:3] "randomForest" "oob" ""
 $ result: Named num [1:5] 0.704 0.61 0.395 0.296 0.956
  ..- attr(*, "names")= chr [1:5] "ACC" "BER" "multiclass.brier" "MMCE" ...
NULL
Writing result file: /home/probst/Random_Forest/RFSplitbias/results/Splitbias-files/jobs/30/9530-result.RData
########## Executing jid=9531 ##########
Timestamp: 2016-04-28 16:12:14
Experiment: 
  Problem: taski 
  Problem parameters: idi=2273, learner=, teststat=, testtype= 
  Algorithm: forest.splitbias.oob 
  Algorithm parameters:  
  Replication: 28 
  Seed: 9531 
  Problem seed: 150 
Setting seed: 9531
Applying Algorithm forest.splitbias.oob ...
Generating problem taski ...
Result:
List of 3
 $ idi   : int 2273
 $ lrn   : chr [1:3] "randomForest" "oob" ""
 $ result: Named num [1:5] 0.676 0.609 0.397 0.324 0.958
  ..- attr(*, "names")= chr [1:5] "ACC" "BER" "multiclass.brier" "MMCE" ...
NULL
Writing result file: /home/probst/Random_Forest/RFSplitbias/results/Splitbias-files/jobs/31/9531-result.RData
########## Executing jid=9532 ##########
Timestamp: 2016-04-28 16:12:15
Experiment: 
  Problem: taski 
  Problem parameters: idi=2273, learner=, teststat=, testtype= 
  Algorithm: forest.splitbias.oob 
  Algorithm parameters:  
  Replication: 29 
  Seed: 9532 
  Problem seed: 151 
Setting seed: 9532
Applying Algorithm forest.splitbias.oob ...
Generating problem taski ...
Result:
List of 3
 $ idi   : int 2273
 $ lrn   : chr [1:3] "randomForest" "oob" ""
 $ result: Named num [1:5] 0.69 0.603 0.398 0.31 0.956
  ..- attr(*, "names")= chr [1:5] "ACC" "BER" "multiclass.brier" "MMCE" ...
NULL
Writing result file: /home/probst/Random_Forest/RFSplitbias/results/Splitbias-files/jobs/32/9532-result.RData
########## Executing jid=9533 ##########
Timestamp: 2016-04-28 16:12:16
Experiment: 
  Problem: taski 
  Problem parameters: idi=2273, learner=, teststat=, testtype= 
  Algorithm: forest.splitbias.oob 
  Algorithm parameters:  
  Replication: 30 
  Seed: 9533 
  Problem seed: 152 
Setting seed: 9533
Applying Algorithm forest.splitbias.oob ...
Generating problem taski ...
Result:
List of 3
 $ idi   : int 2273
 $ lrn   : chr [1:3] "randomForest" "oob" ""
 $ result: Named num [1:5] 0.732 0.554 0.397 0.268 0.953
  ..- attr(*, "names")= chr [1:5] "ACC" "BER" "multiclass.brier" "MMCE" ...
NULL
Writing result file: /home/probst/Random_Forest/RFSplitbias/results/Splitbias-files/jobs/33/9533-result.RData
########## Executing jid=9534 ##########
Timestamp: 2016-04-28 16:12:16
Experiment: 
  Problem: taski 
  Problem parameters: idi=2273, learner=, teststat=, testtype= 
  Algorithm: forest.splitbias.oob 
  Algorithm parameters:  
  Replication: 31 
  Seed: 9534 
  Problem seed: 153 
Setting seed: 9534
Applying Algorithm forest.splitbias.oob ...
Generating problem taski ...
Result:
List of 3
 $ idi   : int 2273
 $ lrn   : chr [1:3] "randomForest" "oob" ""
 $ result: Named num [1:5] 0.718 0.575 0.4 0.282 0.958
  ..- attr(*, "names")= chr [1:5] "ACC" "BER" "multiclass.brier" "MMCE" ...
NULL
Writing result file: /home/probst/Random_Forest/RFSplitbias/results/Splitbias-files/jobs/34/9534-result.RData
########## Executing jid=9535 ##########
Timestamp: 2016-04-28 16:12:17
Experiment: 
  Problem: taski 
  Problem parameters: idi=2273, learner=, teststat=, testtype= 
  Algorithm: forest.splitbias.oob 
  Algorithm parameters:  
  Replication: 32 
  Seed: 9535 
  Problem seed: 154 
Setting seed: 9535
Applying Algorithm forest.splitbias.oob ...
Generating problem taski ...
Result:
List of 3
 $ idi   : int 2273
 $ lrn   : chr [1:3] "randomForest" "oob" ""
 $ result: Named num [1:5] 0.704 0.596 0.388 0.296 0.963
  ..- attr(*, "names")= chr [1:5] "ACC" "BER" "multiclass.brier" "MMCE" ...
NULL
Writing result file: /home/probst/Random_Forest/RFSplitbias/results/Splitbias-files/jobs/35/9535-result.RData
########## Executing jid=9536 ##########
Timestamp: 2016-04-28 16:12:18
Experiment: 
  Problem: taski 
  Problem parameters: idi=2273, learner=, teststat=, testtype= 
  Algorithm: forest.splitbias.oob 
  Algorithm parameters:  
  Replication: 33 
  Seed: 9536 
  Problem seed: 155 
Setting seed: 9536
Applying Algorithm forest.splitbias.oob ...
Generating problem taski ...
Result:
List of 3
 $ idi   : int 2273
 $ lrn   : chr [1:3] "randomForest" "oob" ""
 $ result: Named num [1:5] 0.676 0.623 0.399 0.324 0.956
  ..- attr(*, "names")= chr [1:5] "ACC" "BER" "multiclass.brier" "MMCE" ...
NULL
Writing result file: /home/probst/Random_Forest/RFSplitbias/results/Splitbias-files/jobs/36/9536-result.RData
########## Executing jid=9537 ##########
Timestamp: 2016-04-28 16:12:18
Experiment: 
  Problem: taski 
  Problem parameters: idi=2273, learner=, teststat=, testtype= 
  Algorithm: forest.splitbias.oob 
  Algorithm parameters:  
  Replication: 34 
  Seed: 9537 
  Problem seed: 156 
Setting seed: 9537
Applying Algorithm forest.splitbias.oob ...
Generating problem taski ...
Result:
List of 3
 $ idi   : int 2273
 $ lrn   : chr [1:3] "randomForest" "oob" ""
 $ result: Named num [1:5] 0.718 0.575 0.388 0.282 0.95
  ..- attr(*, "names")= chr [1:5] "ACC" "BER" "multiclass.brier" "MMCE" ...
NULL
Writing result file: /home/probst/Random_Forest/RFSplitbias/results/Splitbias-files/jobs/37/9537-result.RData
########## Executing jid=9538 ##########
Timestamp: 2016-04-28 16:12:19
Experiment: 
  Problem: taski 
  Problem parameters: idi=2273, learner=, teststat=, testtype= 
  Algorithm: forest.splitbias.oob 
  Algorithm parameters:  
  Replication: 35 
  Seed: 9538 
  Problem seed: 157 
Setting seed: 9538
Applying Algorithm forest.splitbias.oob ...
Generating problem taski ...
Result:
List of 3
 $ idi   : int 2273
 $ lrn   : chr [1:3] "randomForest" "oob" ""
 $ result: Named num [1:5] 0.704 0.596 0.397 0.296 0.957
  ..- attr(*, "names")= chr [1:5] "ACC" "BER" "multiclass.brier" "MMCE" ...
NULL
Writing result file: /home/probst/Random_Forest/RFSplitbias/results/Splitbias-files/jobs/38/9538-result.RData
########## Executing jid=9539 ##########
Timestamp: 2016-04-28 16:12:20
Experiment: 
  Problem: taski 
  Problem parameters: idi=2273, learner=, teststat=, testtype= 
  Algorithm: forest.splitbias.oob 
  Algorithm parameters:  
  Replication: 36 
  Seed: 9539 
  Problem seed: 158 
Setting seed: 9539
Applying Algorithm forest.splitbias.oob ...
Generating problem taski ...
Result:
List of 3
 $ idi   : int 2273
 $ lrn   : chr [1:3] "randomForest" "oob" ""
 $ result: Named num [1:5] 0.69 0.617 0.404 0.31 0.965
  ..- attr(*, "names")= chr [1:5] "ACC" "BER" "multiclass.brier" "MMCE" ...
NULL
Writing result file: /home/probst/Random_Forest/RFSplitbias/results/Splitbias-files/jobs/39/9539-result.RData
########## Executing jid=9540 ##########
Timestamp: 2016-04-28 16:12:21
Experiment: 
  Problem: taski 
  Problem parameters: idi=2273, learner=, teststat=, testtype= 
  Algorithm: forest.splitbias.oob 
  Algorithm parameters:  
  Replication: 37 
  Seed: 9540 
  Problem seed: 159 
Setting seed: 9540
Applying Algorithm forest.splitbias.oob ...
Generating problem taski ...
Result:
List of 3
 $ idi   : int 2273
 $ lrn   : chr [1:3] "randomForest" "oob" ""
 $ result: Named num [1:5] 0.704 0.61 0.398 0.296 0.954
  ..- attr(*, "names")= chr [1:5] "ACC" "BER" "multiclass.brier" "MMCE" ...
NULL
Writing result file: /home/probst/Random_Forest/RFSplitbias/results/Splitbias-files/jobs/40/9540-result.RData
########## Executing jid=9541 ##########
Timestamp: 2016-04-28 16:12:21
Experiment: 
  Problem: taski 
  Problem parameters: idi=2273, learner=, teststat=, testtype= 
  Algorithm: forest.splitbias.oob 
  Algorithm parameters:  
  Replication: 38 
  Seed: 9541 
  Problem seed: 160 
Setting seed: 9541
Applying Algorithm forest.splitbias.oob ...
Generating problem taski ...
Result:
List of 3
 $ idi   : int 2273
 $ lrn   : chr [1:3] "randomForest" "oob" ""
 $ result: Named num [1:5] 0.704 0.568 0.403 0.296 0.953
  ..- attr(*, "names")= chr [1:5] "ACC" "BER" "multiclass.brier" "MMCE" ...
NULL
Writing result file: /home/probst/Random_Forest/RFSplitbias/results/Splitbias-files/jobs/41/9541-result.RData
########## Executing jid=9542 ##########
Timestamp: 2016-04-28 16:12:22
Experiment: 
  Problem: taski 
  Problem parameters: idi=2273, learner=, teststat=, testtype= 
  Algorithm: forest.splitbias.oob 
  Algorithm parameters:  
  Replication: 39 
  Seed: 9542 
  Problem seed: 161 
Setting seed: 9542
Applying Algorithm forest.splitbias.oob ...
Generating problem taski ...
Result:
List of 3
 $ idi   : int 2273
 $ lrn   : chr [1:3] "randomForest" "oob" ""
 $ result: Named num [1:5] 0.704 0.596 0.403 0.296 0.956
  ..- attr(*, "names")= chr [1:5] "ACC" "BER" "multiclass.brier" "MMCE" ...
NULL
Writing result file: /home/probst/Random_Forest/RFSplitbias/results/Splitbias-files/jobs/42/9542-result.RData
########## Executing jid=9543 ##########
Timestamp: 2016-04-28 16:12:23
Experiment: 
  Problem: taski 
  Problem parameters: idi=2273, learner=, teststat=, testtype= 
  Algorithm: forest.splitbias.oob 
  Algorithm parameters:  
  Replication: 40 
  Seed: 9543 
  Problem seed: 162 
Setting seed: 9543
Applying Algorithm forest.splitbias.oob ...
Generating problem taski ...
Result:
List of 3
 $ idi   : int 2273
 $ lrn   : chr [1:3] "randomForest" "oob" ""
 $ result: Named num [1:5] 0.69 0.617 0.401 0.31 0.963
  ..- attr(*, "names")= chr [1:5] "ACC" "BER" "multiclass.brier" "MMCE" ...
NULL
Writing result file: /home/probst/Random_Forest/RFSplitbias/results/Splitbias-files/jobs/43/9543-result.RData
########## Executing jid=9544 ##########
Timestamp: 2016-04-28 16:12:23
Experiment: 
  Problem: taski 
  Problem parameters: idi=2273, learner=, teststat=, testtype= 
  Algorithm: forest.splitbias.oob 
  Algorithm parameters:  
  Replication: 41 
  Seed: 9544 
  Problem seed: 163 
Setting seed: 9544
Applying Algorithm forest.splitbias.oob ...
Generating problem taski ...
Result:
List of 3
 $ idi   : int 2273
 $ lrn   : chr [1:3] "randomForest" "oob" ""
 $ result: Named num [1:5] 0.704 0.596 0.4 0.296 0.955
  ..- attr(*, "names")= chr [1:5] "ACC" "BER" "multiclass.brier" "MMCE" ...
NULL
Writing result file: /home/probst/Random_Forest/RFSplitbias/results/Splitbias-files/jobs/44/9544-result.RData
########## Executing jid=9545 ##########
Timestamp: 2016-04-28 16:12:24
Experiment: 
  Problem: taski 
  Problem parameters: idi=2273, learner=, teststat=, testtype= 
  Algorithm: forest.splitbias.oob 
  Algorithm parameters:  
  Replication: 42 
  Seed: 9545 
  Problem seed: 164 
Setting seed: 9545
Applying Algorithm forest.splitbias.oob ...
Generating problem taski ...
Result:
List of 3
 $ idi   : int 2273
 $ lrn   : chr [1:3] "randomForest" "oob" ""
 $ result: Named num [1:5] 0.69 0.603 0.393 0.31 0.955
  ..- attr(*, "names")= chr [1:5] "ACC" "BER" "multiclass.brier" "MMCE" ...
NULL
Writing result file: /home/probst/Random_Forest/RFSplitbias/results/Splitbias-files/jobs/45/9545-result.RData
########## Executing jid=9546 ##########
Timestamp: 2016-04-28 16:12:25
Experiment: 
  Problem: taski 
  Problem parameters: idi=2273, learner=, teststat=, testtype= 
  Algorithm: forest.splitbias.oob 
  Algorithm parameters:  
  Replication: 43 
  Seed: 9546 
  Problem seed: 165 
Setting seed: 9546
Applying Algorithm forest.splitbias.oob ...
Generating problem taski ...
Result:
List of 3
 $ idi   : int 2273
 $ lrn   : chr [1:3] "randomForest" "oob" ""
 $ result: Named num [1:5] 0.676 0.637 0.398 0.324 0.957
  ..- attr(*, "names")= chr [1:5] "ACC" "BER" "multiclass.brier" "MMCE" ...
NULL
Writing result file: /home/probst/Random_Forest/RFSplitbias/results/Splitbias-files/jobs/46/9546-result.RData
########## Executing jid=9547 ##########
Timestamp: 2016-04-28 16:12:26
Experiment: 
  Problem: taski 
  Problem parameters: idi=2273, learner=, teststat=, testtype= 
  Algorithm: forest.splitbias.oob 
  Algorithm parameters:  
  Replication: 44 
  Seed: 9547 
  Problem seed: 166 
Setting seed: 9547
Applying Algorithm forest.splitbias.oob ...
Generating problem taski ...
Result:
List of 3
 $ idi   : int 2273
 $ lrn   : chr [1:3] "randomForest" "oob" ""
 $ result: Named num [1:5] 0.704 0.596 0.404 0.296 0.958
  ..- attr(*, "names")= chr [1:5] "ACC" "BER" "multiclass.brier" "MMCE" ...
NULL
Writing result file: /home/probst/Random_Forest/RFSplitbias/results/Splitbias-files/jobs/47/9547-result.RData
########## Executing jid=9548 ##########
Timestamp: 2016-04-28 16:12:26
Experiment: 
  Problem: taski 
  Problem parameters: idi=2273, learner=, teststat=, testtype= 
  Algorithm: forest.splitbias.oob 
  Algorithm parameters:  
  Replication: 45 
  Seed: 9548 
  Problem seed: 167 
Setting seed: 9548
Applying Algorithm forest.splitbias.oob ...
Generating problem taski ...
Result:
List of 3
 $ idi   : int 2273
 $ lrn   : chr [1:3] "randomForest" "oob" ""
 $ result: Named num [1:5] 0.69 0.603 0.403 0.31 0.958
  ..- attr(*, "names")= chr [1:5] "ACC" "BER" "multiclass.brier" "MMCE" ...
NULL
Writing result file: /home/probst/Random_Forest/RFSplitbias/results/Splitbias-files/jobs/48/9548-result.RData
########## Executing jid=9549 ##########
Timestamp: 2016-04-28 16:12:27
Experiment: 
  Problem: taski 
  Problem parameters: idi=2273, learner=, teststat=, testtype= 
  Algorithm: forest.splitbias.oob 
  Algorithm parameters:  
  Replication: 46 
  Seed: 9549 
  Problem seed: 168 
Setting seed: 9549
Applying Algorithm forest.splitbias.oob ...
Generating problem taski ...
Result:
List of 3
 $ idi   : int 2273
 $ lrn   : chr [1:3] "randomForest" "oob" ""
 $ result: Named num [1:5] 0.704 0.596 0.395 0.296 0.956
  ..- attr(*, "names")= chr [1:5] "ACC" "BER" "multiclass.brier" "MMCE" ...
NULL
Writing result file: /home/probst/Random_Forest/RFSplitbias/results/Splitbias-files/jobs/49/9549-result.RData
########## Executing jid=9550 ##########
Timestamp: 2016-04-28 16:12:28
Experiment: 
  Problem: taski 
  Problem parameters: idi=2273, learner=, teststat=, testtype= 
  Algorithm: forest.splitbias.oob 
  Algorithm parameters:  
  Replication: 47 
  Seed: 9550 
  Problem seed: 169 
Setting seed: 9550
Applying Algorithm forest.splitbias.oob ...
Generating problem taski ...
Result:
List of 3
 $ idi   : int 2273
 $ lrn   : chr [1:3] "randomForest" "oob" ""
 $ result: Named num [1:5] 0.704 0.596 0.396 0.296 0.962
  ..- attr(*, "names")= chr [1:5] "ACC" "BER" "multiclass.brier" "MMCE" ...
NULL
Writing result file: /home/probst/Random_Forest/RFSplitbias/results/Splitbias-files/jobs/50/9550-result.RData
########## Executing jid=9551 ##########
Timestamp: 2016-04-28 16:12:28
Experiment: 
  Problem: taski 
  Problem parameters: idi=2273, learner=, teststat=, testtype= 
  Algorithm: forest.splitbias.oob 
  Algorithm parameters:  
  Replication: 48 
  Seed: 9551 
  Problem seed: 170 
Setting seed: 9551
Applying Algorithm forest.splitbias.oob ...
Generating problem taski ...
Result:
List of 3
 $ idi   : int 2273
 $ lrn   : chr [1:3] "randomForest" "oob" ""
 $ result: Named num [1:5] 0.718 0.589 0.398 0.282 0.959
  ..- attr(*, "names")= chr [1:5] "ACC" "BER" "multiclass.brier" "MMCE" ...
NULL
Writing result file: /home/probst/Random_Forest/RFSplitbias/results/Splitbias-files/jobs/51/9551-result.RData
########## Executing jid=9552 ##########
Timestamp: 2016-04-28 16:12:29
Experiment: 
  Problem: taski 
  Problem parameters: idi=2273, learner=, teststat=, testtype= 
  Algorithm: forest.splitbias.oob 
  Algorithm parameters:  
  Replication: 49 
  Seed: 9552 
  Problem seed: 171 
Setting seed: 9552
Applying Algorithm forest.splitbias.oob ...
Generating problem taski ...
Result:
List of 3
 $ idi   : int 2273
 $ lrn   : chr [1:3] "randomForest" "oob" ""
 $ result: Named num [1:5] 0.704 0.582 0.398 0.296 0.95
  ..- attr(*, "names")= chr [1:5] "ACC" "BER" "multiclass.brier" "MMCE" ...
NULL
Writing result file: /home/probst/Random_Forest/RFSplitbias/results/Splitbias-files/jobs/52/9552-result.RData
########## Executing jid=9553 ##########
Timestamp: 2016-04-28 16:12:30
Experiment: 
  Problem: taski 
  Problem parameters: idi=2273, learner=, teststat=, testtype= 
  Algorithm: forest.splitbias.oob 
  Algorithm parameters:  
  Replication: 50 
  Seed: 9553 
  Problem seed: 172 
Setting seed: 9553
Applying Algorithm forest.splitbias.oob ...
Generating problem taski ...
Result:
List of 3
 $ idi   : int 2273
 $ lrn   : chr [1:3] "randomForest" "oob" ""
 $ result: Named num [1:5] 0.704 0.596 0.399 0.296 0.955
  ..- attr(*, "names")= chr [1:5] "ACC" "BER" "multiclass.brier" "MMCE" ...
NULL
Writing result file: /home/probst/Random_Forest/RFSplitbias/results/Splitbias-files/jobs/53/9553-result.RData
########## Executing jid=9554 ##########
Timestamp: 2016-04-28 16:12:31
Experiment: 
  Problem: taski 
  Problem parameters: idi=2274, learner=, teststat=, testtype= 
  Algorithm: forest.splitbias.oob 
  Algorithm parameters:  
  Replication: 11 
  Seed: 9554 
  Problem seed: 133 
Setting seed: 9554
Applying Algorithm forest.splitbias.oob ...
Generating problem taski ...
Result:
List of 3
 $ idi   : int 2274
 $ lrn   : chr [1:3] "randomForest" "oob" ""
 $ result: Named num [1:5] 0.649 0.588 0.504 0.351 0.75
  ..- attr(*, "names")= chr [1:5] "ACC" "BER" "multiclass.brier" "MMCE" ...
NULL
Writing result file: /home/probst/Random_Forest/RFSplitbias/results/Splitbias-files/jobs/54/9554-result.RData
########## Executing jid=9555 ##########
Timestamp: 2016-04-28 16:12:31
Experiment: 
  Problem: taski 
  Problem parameters: idi=2274, learner=, teststat=, testtype= 
  Algorithm: forest.splitbias.oob 
  Algorithm parameters:  
  Replication: 12 
  Seed: 9555 
  Problem seed: 134 
Setting seed: 9555
Applying Algorithm forest.splitbias.oob ...
Generating problem taski ...
Result:
List of 3
 $ idi   : int 2274
 $ lrn   : chr [1:3] "randomForest" "oob" ""
 $ result: Named num [1:5] 0.662 0.513 0.496 0.338 0.759
  ..- attr(*, "names")= chr [1:5] "ACC" "BER" "multiclass.brier" "MMCE" ...
NULL
Writing result file: /home/probst/Random_Forest/RFSplitbias/results/Splitbias-files/jobs/55/9555-result.RData
########## Executing jid=9556 ##########
Timestamp: 2016-04-28 16:12:32
Experiment: 
  Problem: taski 
  Problem parameters: idi=2274, learner=, teststat=, testtype= 
  Algorithm: forest.splitbias.oob 
  Algorithm parameters:  
  Replication: 13 
  Seed: 9556 
  Problem seed: 135 
Setting seed: 9556
Applying Algorithm forest.splitbias.oob ...
Generating problem taski ...
Result:
List of 3
 $ idi   : int 2274
 $ lrn   : chr [1:3] "randomForest" "oob" ""
 $ result: Named num [1:5] 0.662 0.526 0.494 0.338 0.741
  ..- attr(*, "names")= chr [1:5] "ACC" "BER" "multiclass.brier" "MMCE" ...
NULL
Writing result file: /home/probst/Random_Forest/RFSplitbias/results/Splitbias-files/jobs/56/9556-result.RData
########## Executing jid=9557 ##########
Timestamp: 2016-04-28 16:12:33
Experiment: 
  Problem: taski 
  Problem parameters: idi=2274, learner=, teststat=, testtype= 
  Algorithm: forest.splitbias.oob 
  Algorithm parameters:  
  Replication: 14 
  Seed: 9557 
  Problem seed: 136 
Setting seed: 9557
Applying Algorithm forest.splitbias.oob ...
Generating problem taski ...
Result:
List of 3
 $ idi   : int 2274
 $ lrn   : chr [1:3] "randomForest" "oob" ""
 $ result: Named num [1:5] 0.662 0.513 0.5 0.338 0.751
  ..- attr(*, "names")= chr [1:5] "ACC" "BER" "multiclass.brier" "MMCE" ...
NULL
Writing result file: /home/probst/Random_Forest/RFSplitbias/results/Splitbias-files/jobs/57/9557-result.RData
########## Executing jid=9558 ##########
Timestamp: 2016-04-28 16:12:34
Experiment: 
  Problem: taski 
  Problem parameters: idi=2274, learner=, teststat=, testtype= 
  Algorithm: forest.splitbias.oob 
  Algorithm parameters:  
  Replication: 15 
  Seed: 9558 
  Problem seed: 137 
Setting seed: 9558
Applying Algorithm forest.splitbias.oob ...
Generating problem taski ...
Result:
List of 3
 $ idi   : int 2274
 $ lrn   : chr [1:3] "randomForest" "oob" ""
 $ result: Named num [1:5] 0.676 0.488 0.499 0.324 0.747
  ..- attr(*, "names")= chr [1:5] "ACC" "BER" "multiclass.brier" "MMCE" ...
NULL
Writing result file: /home/probst/Random_Forest/RFSplitbias/results/Splitbias-files/jobs/58/9558-result.RData
########## Executing jid=9559 ##########
Timestamp: 2016-04-28 16:12:34
Experiment: 
  Problem: taski 
  Problem parameters: idi=2274, learner=, teststat=, testtype= 
  Algorithm: forest.splitbias.oob 
  Algorithm parameters:  
  Replication: 16 
  Seed: 9559 
  Problem seed: 138 
Setting seed: 9559
Applying Algorithm forest.splitbias.oob ...
Generating problem taski ...
Result:
List of 3
 $ idi   : int 2274
 $ lrn   : chr [1:3] "randomForest" "oob" ""
 $ result: Named num [1:5] 0.662 0.513 0.495 0.338 0.761
  ..- attr(*, "names")= chr [1:5] "ACC" "BER" "multiclass.brier" "MMCE" ...
NULL
Writing result file: /home/probst/Random_Forest/RFSplitbias/results/Splitbias-files/jobs/59/9559-result.RData
########## Executing jid=9560 ##########
Timestamp: 2016-04-28 16:12:35
Experiment: 
  Problem: taski 
  Problem parameters: idi=2274, learner=, teststat=, testtype= 
  Algorithm: forest.splitbias.oob 
  Algorithm parameters:  
  Replication: 17 
  Seed: 9560 
  Problem seed: 139 
Setting seed: 9560
Applying Algorithm forest.splitbias.oob ...
Generating problem taski ...
Result:
List of 3
 $ idi   : int 2274
 $ lrn   : chr [1:3] "randomForest" "oob" ""
 $ result: Named num [1:5] 0.676 0.488 0.504 0.324 0.748
  ..- attr(*, "names")= chr [1:5] "ACC" "BER" "multiclass.brier" "MMCE" ...
NULL
Writing result file: /home/probst/Random_Forest/RFSplitbias/results/Splitbias-files/jobs/60/9560-result.RData
########## Executing jid=9561 ##########
Timestamp: 2016-04-28 16:12:36
Experiment: 
  Problem: taski 
  Problem parameters: idi=2274, learner=, teststat=, testtype= 
  Algorithm: forest.splitbias.oob 
  Algorithm parameters:  
  Replication: 18 
  Seed: 9561 
  Problem seed: 140 
Setting seed: 9561
Applying Algorithm forest.splitbias.oob ...
Generating problem taski ...
Result:
List of 3
 $ idi   : int 2274
 $ lrn   : chr [1:3] "randomForest" "oob" ""
 $ result: Named num [1:5] 0.676 0.476 0.503 0.324 0.746
  ..- attr(*, "names")= chr [1:5] "ACC" "BER" "multiclass.brier" "MMCE" ...
NULL
Writing result file: /home/probst/Random_Forest/RFSplitbias/results/Splitbias-files/jobs/61/9561-result.RData
########## Executing jid=9562 ##########
Timestamp: 2016-04-28 16:12:36
Experiment: 
  Problem: taski 
  Problem parameters: idi=2274, learner=, teststat=, testtype= 
  Algorithm: forest.splitbias.oob 
  Algorithm parameters:  
  Replication: 19 
  Seed: 9562 
  Problem seed: 141 
Setting seed: 9562
Applying Algorithm forest.splitbias.oob ...
Generating problem taski ...
Result:
List of 3
 $ idi   : int 2274
 $ lrn   : chr [1:3] "randomForest" "oob" ""
 $ result: Named num [1:5] 0.676 0.488 0.497 0.324 0.759
  ..- attr(*, "names")= chr [1:5] "ACC" "BER" "multiclass.brier" "MMCE" ...
NULL
Writing result file: /home/probst/Random_Forest/RFSplitbias/results/Splitbias-files/jobs/62/9562-result.RData
########## Executing jid=9563 ##########
Timestamp: 2016-04-28 16:12:37
Experiment: 
  Problem: taski 
  Problem parameters: idi=2274, learner=, teststat=, testtype= 
  Algorithm: forest.splitbias.oob 
  Algorithm parameters:  
  Replication: 20 
  Seed: 9563 
  Problem seed: 142 
Setting seed: 9563
Applying Algorithm forest.splitbias.oob ...
Generating problem taski ...
Result:
List of 3
 $ idi   : int 2274
 $ lrn   : chr [1:3] "randomForest" "oob" ""
 $ result: Named num [1:5] 0.676 0.488 0.499 0.324 0.754
  ..- attr(*, "names")= chr [1:5] "ACC" "BER" "multiclass.brier" "MMCE" ...
NULL
Writing result file: /home/probst/Random_Forest/RFSplitbias/results/Splitbias-files/jobs/63/9563-result.RData
########## Executing jid=9564 ##########
Timestamp: 2016-04-28 16:12:38
Experiment: 
  Problem: taski 
  Problem parameters: idi=2274, learner=, teststat=, testtype= 
  Algorithm: forest.splitbias.oob 
  Algorithm parameters:  
  Replication: 21 
  Seed: 9564 
  Problem seed: 143 
Setting seed: 9564
Applying Algorithm forest.splitbias.oob ...
Generating problem taski ...
Result:
List of 3
 $ idi   : int 2274
 $ lrn   : chr [1:3] "randomForest" "oob" ""
 $ result: Named num [1:5] 0.689 0.471 0.492 0.311 0.748
  ..- attr(*, "names")= chr [1:5] "ACC" "BER" "multiclass.brier" "MMCE" ...
NULL
Writing result file: /home/probst/Random_Forest/RFSplitbias/results/Splitbias-files/jobs/64/9564-result.RData
########## Executing jid=9565 ##########
Timestamp: 2016-04-28 16:12:39
Experiment: 
  Problem: taski 
  Problem parameters: idi=2274, learner=, teststat=, testtype= 
  Algorithm: forest.splitbias.oob 
  Algorithm parameters:  
  Replication: 22 
  Seed: 9565 
  Problem seed: 144 
Setting seed: 9565
Applying Algorithm forest.splitbias.oob ...
Generating problem taski ...
Result:
List of 3
 $ idi   : int 2274
 $ lrn   : chr [1:3] "randomForest" "oob" ""
 $ result: Named num [1:5] 0.676 0.488 0.497 0.324 0.752
  ..- attr(*, "names")= chr [1:5] "ACC" "BER" "multiclass.brier" "MMCE" ...
NULL
Writing result file: /home/probst/Random_Forest/RFSplitbias/results/Splitbias-files/jobs/65/9565-result.RData
########## Executing jid=9566 ##########
Timestamp: 2016-04-28 16:12:39
Experiment: 
  Problem: taski 
  Problem parameters: idi=2274, learner=, teststat=, testtype= 
  Algorithm: forest.splitbias.oob 
  Algorithm parameters:  
  Replication: 23 
  Seed: 9566 
  Problem seed: 145 
Setting seed: 9566
Applying Algorithm forest.splitbias.oob ...
Generating problem taski ...
Result:
List of 3
 $ idi   : int 2274
 $ lrn   : chr [1:3] "randomForest" "oob" ""
 $ result: Named num [1:5] 0.662 0.513 0.497 0.338 0.752
  ..- attr(*, "names")= chr [1:5] "ACC" "BER" "multiclass.brier" "MMCE" ...
NULL
Writing result file: /home/probst/Random_Forest/RFSplitbias/results/Splitbias-files/jobs/66/9566-result.RData
########## Executing jid=9567 ##########
Timestamp: 2016-04-28 16:12:40
Experiment: 
  Problem: taski 
  Problem parameters: idi=2274, learner=, teststat=, testtype= 
  Algorithm: forest.splitbias.oob 
  Algorithm parameters:  
  Replication: 24 
  Seed: 9567 
  Problem seed: 146 
Setting seed: 9567
Applying Algorithm forest.splitbias.oob ...
Generating problem taski ...
Result:
List of 3
 $ idi   : int 2274
 $ lrn   : chr [1:3] "randomForest" "oob" ""
 $ result: Named num [1:5] 0.676 0.488 0.494 0.324 0.754
  ..- attr(*, "names")= chr [1:5] "ACC" "BER" "multiclass.brier" "MMCE" ...
NULL
Writing result file: /home/probst/Random_Forest/RFSplitbias/results/Splitbias-files/jobs/67/9567-result.RData
########## Executing jid=9568 ##########
Timestamp: 2016-04-28 16:12:41
Experiment: 
  Problem: taski 
  Problem parameters: idi=2274, learner=, teststat=, testtype= 
  Algorithm: forest.splitbias.oob 
  Algorithm parameters:  
  Replication: 25 
  Seed: 9568 
  Problem seed: 147 
Setting seed: 9568
Applying Algorithm forest.splitbias.oob ...
Generating problem taski ...
Result:
List of 3
 $ idi   : int 2274
 $ lrn   : chr [1:3] "randomForest" "oob" ""
 $ result: Named num [1:5] 0.676 0.488 0.506 0.324 0.755
  ..- attr(*, "names")= chr [1:5] "ACC" "BER" "multiclass.brier" "MMCE" ...
NULL
Writing result file: /home/probst/Random_Forest/RFSplitbias/results/Splitbias-files/jobs/68/9568-result.RData
########## Executing jid=9569 ##########
Timestamp: 2016-04-28 16:12:42
Experiment: 
  Problem: taski 
  Problem parameters: idi=2274, learner=, teststat=, testtype= 
  Algorithm: forest.splitbias.oob 
  Algorithm parameters:  
  Replication: 26 
  Seed: 9569 
  Problem seed: 148 
Setting seed: 9569
Applying Algorithm forest.splitbias.oob ...
Generating problem taski ...
Result:
List of 3
 $ idi   : int 2274
 $ lrn   : chr [1:3] "randomForest" "oob" ""
 $ result: Named num [1:5] 0.676 0.476 0.498 0.324 0.759
  ..- attr(*, "names")= chr [1:5] "ACC" "BER" "multiclass.brier" "MMCE" ...
NULL
Writing result file: /home/probst/Random_Forest/RFSplitbias/results/Splitbias-files/jobs/69/9569-result.RData
########## Executing jid=9570 ##########
Timestamp: 2016-04-28 16:12:42
Experiment: 
  Problem: taski 
  Problem parameters: idi=2274, learner=, teststat=, testtype= 
  Algorithm: forest.splitbias.oob 
  Algorithm parameters:  
  Replication: 27 
  Seed: 9570 
  Problem seed: 149 
Setting seed: 9570
Applying Algorithm forest.splitbias.oob ...
Generating problem taski ...
Result:
List of 3
 $ idi   : int 2274
 $ lrn   : chr [1:3] "randomForest" "oob" ""
 $ result: Named num [1:5] 0.662 0.494 0.501 0.338 0.748
  ..- attr(*, "names")= chr [1:5] "ACC" "BER" "multiclass.brier" "MMCE" ...
NULL
Writing result file: /home/probst/Random_Forest/RFSplitbias/results/Splitbias-files/jobs/70/9570-result.RData
########## Executing jid=9571 ##########
Timestamp: 2016-04-28 16:12:43
Experiment: 
  Problem: taski 
  Problem parameters: idi=2274, learner=, teststat=, testtype= 
  Algorithm: forest.splitbias.oob 
  Algorithm parameters:  
  Replication: 28 
  Seed: 9571 
  Problem seed: 150 
Setting seed: 9571
Applying Algorithm forest.splitbias.oob ...
Generating problem taski ...
Result:
List of 3
 $ idi   : int 2274
 $ lrn   : chr [1:3] "randomForest" "oob" ""
 $ result: Named num [1:5] 0.689 0.471 0.497 0.311 0.75
  ..- attr(*, "names")= chr [1:5] "ACC" "BER" "multiclass.brier" "MMCE" ...
NULL
Writing result file: /home/probst/Random_Forest/RFSplitbias/results/Splitbias-files/jobs/71/9571-result.RData
########## Executing jid=9572 ##########
Timestamp: 2016-04-28 16:12:44
Experiment: 
  Problem: taski 
  Problem parameters: idi=2274, learner=, teststat=, testtype= 
  Algorithm: forest.splitbias.oob 
  Algorithm parameters:  
  Replication: 29 
  Seed: 9572 
  Problem seed: 151 
Setting seed: 9572
Applying Algorithm forest.splitbias.oob ...
Generating problem taski ...
Result:
List of 3
 $ idi   : int 2274
 $ lrn   : chr [1:3] "randomForest" "oob" ""
 $ result: Named num [1:5] 0.662 0.538 0.5 0.338 0.745
  ..- attr(*, "names")= chr [1:5] "ACC" "BER" "multiclass.brier" "MMCE" ...
NULL
Writing result file: /home/probst/Random_Forest/RFSplitbias/results/Splitbias-files/jobs/72/9572-result.RData
########## Executing jid=9573 ##########
Timestamp: 2016-04-28 16:12:45
Experiment: 
  Problem: taski 
  Problem parameters: idi=2274, learner=, teststat=, testtype= 
  Algorithm: forest.splitbias.oob 
  Algorithm parameters:  
  Replication: 30 
  Seed: 9573 
  Problem seed: 152 
Setting seed: 9573
Applying Algorithm forest.splitbias.oob ...
Generating problem taski ...
Result:
List of 3
 $ idi   : int 2274
 $ lrn   : chr [1:3] "randomForest" "oob" ""
 $ result: Named num [1:5] 0.662 0.513 0.496 0.338 0.755
  ..- attr(*, "names")= chr [1:5] "ACC" "BER" "multiclass.brier" "MMCE" ...
NULL
Writing result file: /home/probst/Random_Forest/RFSplitbias/results/Splitbias-files/jobs/73/9573-result.RData
########## Executing jid=9574 ##########
Timestamp: 2016-04-28 16:12:45
Experiment: 
  Problem: taski 
  Problem parameters: idi=2274, learner=, teststat=, testtype= 
  Algorithm: forest.splitbias.oob 
  Algorithm parameters:  
  Replication: 31 
  Seed: 9574 
  Problem seed: 153 
Setting seed: 9574
Applying Algorithm forest.splitbias.oob ...
Generating problem taski ...
Result:
List of 3
 $ idi   : int 2274
 $ lrn   : chr [1:3] "randomForest" "oob" ""
 $ result: Named num [1:5] 0.689 0.471 0.493 0.311 0.751
  ..- attr(*, "names")= chr [1:5] "ACC" "BER" "multiclass.brier" "MMCE" ...
NULL
Writing result file: /home/probst/Random_Forest/RFSplitbias/results/Splitbias-files/jobs/74/9574-result.RData
########## Executing jid=9575 ##########
Timestamp: 2016-04-28 16:12:46
Experiment: 
  Problem: taski 
  Problem parameters: idi=2274, learner=, teststat=, testtype= 
  Algorithm: forest.splitbias.oob 
  Algorithm parameters:  
  Replication: 32 
  Seed: 9575 
  Problem seed: 154 
Setting seed: 9575
Applying Algorithm forest.splitbias.oob ...
Generating problem taski ...
Result:
List of 3
 $ idi   : int 2274
 $ lrn   : chr [1:3] "randomForest" "oob" ""
 $ result: Named num [1:5] 0.689 0.471 0.504 0.311 0.755
  ..- attr(*, "names")= chr [1:5] "ACC" "BER" "multiclass.brier" "MMCE" ...
NULL
Writing result file: /home/probst/Random_Forest/RFSplitbias/results/Splitbias-files/jobs/75/9575-result.RData
########## Executing jid=9576 ##########
Timestamp: 2016-04-28 16:12:47
Experiment: 
  Problem: taski 
  Problem parameters: idi=2274, learner=, teststat=, testtype= 
  Algorithm: forest.splitbias.oob 
  Algorithm parameters:  
  Replication: 33 
  Seed: 9576 
  Problem seed: 155 
Setting seed: 9576
Applying Algorithm forest.splitbias.oob ...
Generating problem taski ...
Result:
List of 3
 $ idi   : int 2274
 $ lrn   : chr [1:3] "randomForest" "oob" ""
 $ result: Named num [1:5] 0.676 0.488 0.502 0.324 0.745
  ..- attr(*, "names")= chr [1:5] "ACC" "BER" "multiclass.brier" "MMCE" ...
NULL
Writing result file: /home/probst/Random_Forest/RFSplitbias/results/Splitbias-files/jobs/76/9576-result.RData
########## Executing jid=9577 ##########
Timestamp: 2016-04-28 16:12:48
Experiment: 
  Problem: taski 
  Problem parameters: idi=2274, learner=, teststat=, testtype= 
  Algorithm: forest.splitbias.oob 
  Algorithm parameters:  
  Replication: 34 
  Seed: 9577 
  Problem seed: 156 
Setting seed: 9577
Applying Algorithm forest.splitbias.oob ...
Generating problem taski ...
Result:
List of 3
 $ idi   : int 2274
 $ lrn   : chr [1:3] "randomForest" "oob" ""
 $ result: Named num [1:5] 0.689 0.471 0.501 0.311 0.751
  ..- attr(*, "names")= chr [1:5] "ACC" "BER" "multiclass.brier" "MMCE" ...
NULL
Writing result file: /home/probst/Random_Forest/RFSplitbias/results/Splitbias-files/jobs/77/9577-result.RData
########## Executing jid=9578 ##########
Timestamp: 2016-04-28 16:12:48
Experiment: 
  Problem: taski 
  Problem parameters: idi=2274, learner=, teststat=, testtype= 
  Algorithm: forest.splitbias.oob 
  Algorithm parameters:  
  Replication: 35 
  Seed: 9578 
  Problem seed: 157 
Setting seed: 9578
Applying Algorithm forest.splitbias.oob ...
Generating problem taski ...
Result:
List of 3
 $ idi   : int 2274
 $ lrn   : chr [1:3] "randomForest" "oob" ""
 $ result: Named num [1:5] 0.676 0.488 0.498 0.324 0.752
  ..- attr(*, "names")= chr [1:5] "ACC" "BER" "multiclass.brier" "MMCE" ...
NULL
Writing result file: /home/probst/Random_Forest/RFSplitbias/results/Splitbias-files/jobs/78/9578-result.RData
########## Executing jid=9579 ##########
Timestamp: 2016-04-28 16:12:49
Experiment: 
  Problem: taski 
  Problem parameters: idi=2274, learner=, teststat=, testtype= 
  Algorithm: forest.splitbias.oob 
  Algorithm parameters:  
  Replication: 36 
  Seed: 9579 
  Problem seed: 158 
Setting seed: 9579
Applying Algorithm forest.splitbias.oob ...
Generating problem taski ...
Result:
List of 3
 $ idi   : int 2274
 $ lrn   : chr [1:3] "randomForest" "oob" ""
 $ result: Named num [1:5] 0.676 0.488 0.506 0.324 0.747
  ..- attr(*, "names")= chr [1:5] "ACC" "BER" "multiclass.brier" "MMCE" ...
NULL
Writing result file: /home/probst/Random_Forest/RFSplitbias/results/Splitbias-files/jobs/79/9579-result.RData
########## Executing jid=9580 ##########
Timestamp: 2016-04-28 16:12:50
Experiment: 
  Problem: taski 
  Problem parameters: idi=2274, learner=, teststat=, testtype= 
  Algorithm: forest.splitbias.oob 
  Algorithm parameters:  
  Replication: 37 
  Seed: 9580 
  Problem seed: 159 
Setting seed: 9580
Applying Algorithm forest.splitbias.oob ...
Generating problem taski ...
Result:
List of 3
 $ idi   : int 2274
 $ lrn   : chr [1:3] "randomForest" "oob" ""
 $ result: Named num [1:5] 0.676 0.496 0.494 0.324 0.751
  ..- attr(*, "names")= chr [1:5] "ACC" "BER" "multiclass.brier" "MMCE" ...
NULL
Writing result file: /home/probst/Random_Forest/RFSplitbias/results/Splitbias-files/jobs/80/9580-result.RData
########## Executing jid=9581 ##########
Timestamp: 2016-04-28 16:12:51
Experiment: 
  Problem: taski 
  Problem parameters: idi=2274, learner=, teststat=, testtype= 
  Algorithm: forest.splitbias.oob 
  Algorithm parameters:  
  Replication: 38 
  Seed: 9581 
  Problem seed: 160 
Setting seed: 9581
Applying Algorithm forest.splitbias.oob ...
Generating problem taski ...
Result:
List of 3
 $ idi   : int 2274
 $ lrn   : chr [1:3] "randomForest" "oob" ""
 $ result: Named num [1:5] 0.662 0.538 0.501 0.338 0.741
  ..- attr(*, "names")= chr [1:5] "ACC" "BER" "multiclass.brier" "MMCE" ...
NULL
Writing result file: /home/probst/Random_Forest/RFSplitbias/results/Splitbias-files/jobs/81/9581-result.RData
########## Executing jid=9582 ##########
Timestamp: 2016-04-28 16:12:51
Experiment: 
  Problem: taski 
  Problem parameters: idi=2274, learner=, teststat=, testtype= 
  Algorithm: forest.splitbias.oob 
  Algorithm parameters:  
  Replication: 39 
  Seed: 9582 
  Problem seed: 161 
Setting seed: 9582
Applying Algorithm forest.splitbias.oob ...
Generating problem taski ...
Result:
List of 3
 $ idi   : int 2274
 $ lrn   : chr [1:3] "randomForest" "oob" ""
 $ result: Named num [1:5] 0.662 0.546 0.497 0.338 0.761
  ..- attr(*, "names")= chr [1:5] "ACC" "BER" "multiclass.brier" "MMCE" ...
NULL
Writing result file: /home/probst/Random_Forest/RFSplitbias/results/Splitbias-files/jobs/82/9582-result.RData
########## Executing jid=9583 ##########
Timestamp: 2016-04-28 16:12:52
Experiment: 
  Problem: taski 
  Problem parameters: idi=2274, learner=, teststat=, testtype= 
  Algorithm: forest.splitbias.oob 
  Algorithm parameters:  
  Replication: 40 
  Seed: 9583 
  Problem seed: 162 
Setting seed: 9583
Applying Algorithm forest.splitbias.oob ...
Generating problem taski ...
Result:
List of 3
 $ idi   : int 2274
 $ lrn   : chr [1:3] "randomForest" "oob" ""
 $ result: Named num [1:5] 0.662 0.538 0.495 0.338 0.75
  ..- attr(*, "names")= chr [1:5] "ACC" "BER" "multiclass.brier" "MMCE" ...
NULL
Writing result file: /home/probst/Random_Forest/RFSplitbias/results/Splitbias-files/jobs/83/9583-result.RData
########## Executing jid=9584 ##########
Timestamp: 2016-04-28 16:12:53
Experiment: 
  Problem: taski 
  Problem parameters: idi=2274, learner=, teststat=, testtype= 
  Algorithm: forest.splitbias.oob 
  Algorithm parameters:  
  Replication: 41 
  Seed: 9584 
  Problem seed: 163 
Setting seed: 9584
Applying Algorithm forest.splitbias.oob ...
Generating problem taski ...
Result:
List of 3
 $ idi   : int 2274
 $ lrn   : chr [1:3] "randomForest" "oob" ""
 $ result: Named num [1:5] 0.676 0.488 0.501 0.324 0.76
  ..- attr(*, "names")= chr [1:5] "ACC" "BER" "multiclass.brier" "MMCE" ...
NULL
Writing result file: /home/probst/Random_Forest/RFSplitbias/results/Splitbias-files/jobs/84/9584-result.RData
########## Executing jid=9585 ##########
Timestamp: 2016-04-28 16:12:54
Experiment: 
  Problem: taski 
  Problem parameters: idi=2274, learner=, teststat=, testtype= 
  Algorithm: forest.splitbias.oob 
  Algorithm parameters:  
  Replication: 42 
  Seed: 9585 
  Problem seed: 164 
Setting seed: 9585
Applying Algorithm forest.splitbias.oob ...
Generating problem taski ...
Result:
List of 3
 $ idi   : int 2274
 $ lrn   : chr [1:3] "randomForest" "oob" ""
 $ result: Named num [1:5] 0.662 0.513 0.504 0.338 0.747
  ..- attr(*, "names")= chr [1:5] "ACC" "BER" "multiclass.brier" "MMCE" ...
NULL
Writing result file: /home/probst/Random_Forest/RFSplitbias/results/Splitbias-files/jobs/85/9585-result.RData
########## Executing jid=9586 ##########
Timestamp: 2016-04-28 16:12:54
Experiment: 
  Problem: taski 
  Problem parameters: idi=2274, learner=, teststat=, testtype= 
  Algorithm: forest.splitbias.oob 
  Algorithm parameters:  
  Replication: 43 
  Seed: 9586 
  Problem seed: 165 
Setting seed: 9586
Applying Algorithm forest.splitbias.oob ...
Generating problem taski ...
Result:
List of 3
 $ idi   : int 2274
 $ lrn   : chr [1:3] "randomForest" "oob" ""
 $ result: Named num [1:5] 0.689 0.471 0.499 0.311 0.743
  ..- attr(*, "names")= chr [1:5] "ACC" "BER" "multiclass.brier" "MMCE" ...
NULL
Writing result file: /home/probst/Random_Forest/RFSplitbias/results/Splitbias-files/jobs/86/9586-result.RData
########## Executing jid=9587 ##########
Timestamp: 2016-04-28 16:12:55
Experiment: 
  Problem: taski 
  Problem parameters: idi=2274, learner=, teststat=, testtype= 
  Algorithm: forest.splitbias.oob 
  Algorithm parameters:  
  Replication: 44 
  Seed: 9587 
  Problem seed: 166 
Setting seed: 9587
Applying Algorithm forest.splitbias.oob ...
Generating problem taski ...
Result:
List of 3
 $ idi   : int 2274
 $ lrn   : chr [1:3] "randomForest" "oob" ""
 $ result: Named num [1:5] 0.676 0.521 0.497 0.324 0.753
  ..- attr(*, "names")= chr [1:5] "ACC" "BER" "multiclass.brier" "MMCE" ...
NULL
Writing result file: /home/probst/Random_Forest/RFSplitbias/results/Splitbias-files/jobs/87/9587-result.RData
########## Executing jid=9588 ##########
Timestamp: 2016-04-28 16:12:56
Experiment: 
  Problem: taski 
  Problem parameters: idi=2274, learner=, teststat=, testtype= 
  Algorithm: forest.splitbias.oob 
  Algorithm parameters:  
  Replication: 45 
  Seed: 9588 
  Problem seed: 167 
Setting seed: 9588
Applying Algorithm forest.splitbias.oob ...
Generating problem taski ...
Result:
List of 3
 $ idi   : int 2274
 $ lrn   : chr [1:3] "randomForest" "oob" ""
 $ result: Named num [1:5] 0.676 0.488 0.502 0.324 0.755
  ..- attr(*, "names")= chr [1:5] "ACC" "BER" "multiclass.brier" "MMCE" ...
NULL
Writing result file: /home/probst/Random_Forest/RFSplitbias/results/Splitbias-files/jobs/88/9588-result.RData
########## Executing jid=9589 ##########
Timestamp: 2016-04-28 16:12:57
Experiment: 
  Problem: taski 
  Problem parameters: idi=2274, learner=, teststat=, testtype= 
  Algorithm: forest.splitbias.oob 
  Algorithm parameters:  
  Replication: 46 
  Seed: 9589 
  Problem seed: 168 
Setting seed: 9589
Applying Algorithm forest.splitbias.oob ...
Generating problem taski ...
Result:
List of 3
 $ idi   : int 2274
 $ lrn   : chr [1:3] "randomForest" "oob" ""
 $ result: Named num [1:5] 0.676 0.488 0.506 0.324 0.747
  ..- attr(*, "names")= chr [1:5] "ACC" "BER" "multiclass.brier" "MMCE" ...
NULL
Writing result file: /home/probst/Random_Forest/RFSplitbias/results/Splitbias-files/jobs/89/9589-result.RData
########## Executing jid=9590 ##########
Timestamp: 2016-04-28 16:12:58
Experiment: 
  Problem: taski 
  Problem parameters: idi=2274, learner=, teststat=, testtype= 
  Algorithm: forest.splitbias.oob 
  Algorithm parameters:  
  Replication: 47 
  Seed: 9590 
  Problem seed: 169 
Setting seed: 9590
Applying Algorithm forest.splitbias.oob ...
Generating problem taski ...
Result:
List of 3
 $ idi   : int 2274
 $ lrn   : chr [1:3] "randomForest" "oob" ""
 $ result: Named num [1:5] 0.662 0.494 0.5 0.338 0.761
  ..- attr(*, "names")= chr [1:5] "ACC" "BER" "multiclass.brier" "MMCE" ...
NULL
Writing result file: /home/probst/Random_Forest/RFSplitbias/results/Splitbias-files/jobs/90/9590-result.RData
########## Executing jid=9591 ##########
Timestamp: 2016-04-28 16:12:58
Experiment: 
  Problem: taski 
  Problem parameters: idi=2274, learner=, teststat=, testtype= 
  Algorithm: forest.splitbias.oob 
  Algorithm parameters:  
  Replication: 48 
  Seed: 9591 
  Problem seed: 170 
Setting seed: 9591
Applying Algorithm forest.splitbias.oob ...
Generating problem taski ...
Result:
List of 3
 $ idi   : int 2274
 $ lrn   : chr [1:3] "randomForest" "oob" ""
 $ result: Named num [1:5] 0.676 0.488 0.505 0.324 0.748
  ..- attr(*, "names")= chr [1:5] "ACC" "BER" "multiclass.brier" "MMCE" ...
NULL
Writing result file: /home/probst/Random_Forest/RFSplitbias/results/Splitbias-files/jobs/91/9591-result.RData
########## Executing jid=9592 ##########
Timestamp: 2016-04-28 16:12:59
Experiment: 
  Problem: taski 
  Problem parameters: idi=2274, learner=, teststat=, testtype= 
  Algorithm: forest.splitbias.oob 
  Algorithm parameters:  
  Replication: 49 
  Seed: 9592 
  Problem seed: 171 
Setting seed: 9592
Applying Algorithm forest.splitbias.oob ...
Generating problem taski ...
Result:
List of 3
 $ idi   : int 2274
 $ lrn   : chr [1:3] "randomForest" "oob" ""
 $ result: Named num [1:5] 0.676 0.476 0.492 0.324 0.739
  ..- attr(*, "names")= chr [1:5] "ACC" "BER" "multiclass.brier" "MMCE" ...
NULL
Writing result file: /home/probst/Random_Forest/RFSplitbias/results/Splitbias-files/jobs/92/9592-result.RData
########## Executing jid=9593 ##########
Timestamp: 2016-04-28 16:13:00
Experiment: 
  Problem: taski 
  Problem parameters: idi=2274, learner=, teststat=, testtype= 
  Algorithm: forest.splitbias.oob 
  Algorithm parameters:  
  Replication: 50 
  Seed: 9593 
  Problem seed: 172 
Setting seed: 9593
Applying Algorithm forest.splitbias.oob ...
Generating problem taski ...
Result:
List of 3
 $ idi   : int 2274
 $ lrn   : chr [1:3] "randomForest" "oob" ""
 $ result: Named num [1:5] 0.662 0.513 0.501 0.338 0.77
  ..- attr(*, "names")= chr [1:5] "ACC" "BER" "multiclass.brier" "MMCE" ...
NULL
Writing result file: /home/probst/Random_Forest/RFSplitbias/results/Splitbias-files/jobs/93/9593-result.RData
########## Executing jid=9594 ##########
Timestamp: 2016-04-28 16:13:01
Experiment: 
  Problem: taski 
  Problem parameters: idi=2275, learner=, teststat=, testtype= 
  Algorithm: forest.splitbias.oob 
  Algorithm parameters:  
  Replication: 11 
  Seed: 9594 
  Problem seed: 133 
Setting seed: 9594
Applying Algorithm forest.splitbias.oob ...
Generating problem taski ...
Result:
List of 3
 $ idi   : int 2275
 $ lrn   : chr [1:3] "randomForest" "oob" ""
 $ result: Named num [1:5] 0.9014 0.2824 0.161 0.0986 0.8137
  ..- attr(*, "names")= chr [1:5] "ACC" "BER" "multiclass.brier" "MMCE" ...
NULL
Writing result file: /home/probst/Random_Forest/RFSplitbias/results/Splitbias-files/jobs/94/9594-result.RData
########## Executing jid=9595 ##########
Timestamp: 2016-04-28 16:13:01
Experiment: 
  Problem: taski 
  Problem parameters: idi=2275, learner=, teststat=, testtype= 
  Algorithm: forest.splitbias.oob 
  Algorithm parameters:  
  Replication: 12 
  Seed: 9595 
  Problem seed: 134 
Setting seed: 9595
Applying Algorithm forest.splitbias.oob ...
Generating problem taski ...
Result:
List of 3
 $ idi   : int 2275
 $ lrn   : chr [1:3] "randomForest" "oob" ""
 $ result: Named num [1:5] 0.9155 0.2407 0.163 0.0845 0.8073
  ..- attr(*, "names")= chr [1:5] "ACC" "BER" "multiclass.brier" "MMCE" ...
NULL
Writing result file: /home/probst/Random_Forest/RFSplitbias/results/Splitbias-files/jobs/95/9595-result.RData
########## Executing jid=9596 ##########
Timestamp: 2016-04-28 16:13:02
Experiment: 
  Problem: taski 
  Problem parameters: idi=2275, learner=, teststat=, testtype= 
  Algorithm: forest.splitbias.oob 
  Algorithm parameters:  
  Replication: 13 
  Seed: 9596 
  Problem seed: 135 
Setting seed: 9596
Applying Algorithm forest.splitbias.oob ...
Generating problem taski ...
Result:
List of 3
 $ idi   : int 2275
 $ lrn   : chr [1:3] "randomForest" "oob" ""
 $ result: Named num [1:5] 0.9155 0.2407 0.16 0.0845 0.8175
  ..- attr(*, "names")= chr [1:5] "ACC" "BER" "multiclass.brier" "MMCE" ...
NULL
Writing result file: /home/probst/Random_Forest/RFSplitbias/results/Splitbias-files/jobs/96/9596-result.RData
########## Executing jid=9597 ##########
Timestamp: 2016-04-28 16:13:03
Experiment: 
  Problem: taski 
  Problem parameters: idi=2275, learner=, teststat=, testtype= 
  Algorithm: forest.splitbias.oob 
  Algorithm parameters:  
  Replication: 14 
  Seed: 9597 
  Problem seed: 136 
Setting seed: 9597
Applying Algorithm forest.splitbias.oob ...
Generating problem taski ...
Result:
List of 3
 $ idi   : int 2275
 $ lrn   : chr [1:3] "randomForest" "oob" ""
 $ result: Named num [1:5] 0.9155 0.2407 0.1601 0.0845 0.8032
  ..- attr(*, "names")= chr [1:5] "ACC" "BER" "multiclass.brier" "MMCE" ...
NULL
Writing result file: /home/probst/Random_Forest/RFSplitbias/results/Splitbias-files/jobs/97/9597-result.RData
########## Executing jid=9598 ##########
Timestamp: 2016-04-28 16:13:03
Experiment: 
  Problem: taski 
  Problem parameters: idi=2275, learner=, teststat=, testtype= 
  Algorithm: forest.splitbias.oob 
  Algorithm parameters:  
  Replication: 15 
  Seed: 9598 
  Problem seed: 137 
Setting seed: 9598
Applying Algorithm forest.splitbias.oob ...
Generating problem taski ...
Result:
List of 3
 $ idi   : int 2275
 $ lrn   : chr [1:3] "randomForest" "oob" ""
 $ result: Named num [1:5] 0.9155 0.2407 0.1586 0.0845 0.7907
  ..- attr(*, "names")= chr [1:5] "ACC" "BER" "multiclass.brier" "MMCE" ...
NULL
Writing result file: /home/probst/Random_Forest/RFSplitbias/results/Splitbias-files/jobs/98/9598-result.RData
########## Executing jid=9599 ##########
Timestamp: 2016-04-28 16:13:04
Experiment: 
  Problem: taski 
  Problem parameters: idi=2275, learner=, teststat=, testtype= 
  Algorithm: forest.splitbias.oob 
  Algorithm parameters:  
  Replication: 16 
  Seed: 9599 
  Problem seed: 138 
Setting seed: 9599
Applying Algorithm forest.splitbias.oob ...
Generating problem taski ...
Result:
List of 3
 $ idi   : int 2275
 $ lrn   : chr [1:3] "randomForest" "oob" ""
 $ result: Named num [1:5] 0.9155 0.2407 0.1575 0.0845 0.805
  ..- attr(*, "names")= chr [1:5] "ACC" "BER" "multiclass.brier" "MMCE" ...
NULL
Writing result file: /home/probst/Random_Forest/RFSplitbias/results/Splitbias-files/jobs/99/9599-result.RData
########## Executing jid=9600 ##########
Timestamp: 2016-04-28 16:13:05
Experiment: 
  Problem: taski 
  Problem parameters: idi=2275, learner=, teststat=, testtype= 
  Algorithm: forest.splitbias.oob 
  Algorithm parameters:  
  Replication: 17 
  Seed: 9600 
  Problem seed: 139 
Setting seed: 9600
Applying Algorithm forest.splitbias.oob ...
Generating problem taski ...
Result:
List of 3
 $ idi   : int 2275
 $ lrn   : chr [1:3] "randomForest" "oob" ""
 $ result: Named num [1:5] 0.9155 0.2407 0.1615 0.0845 0.8236
  ..- attr(*, "names")= chr [1:5] "ACC" "BER" "multiclass.brier" "MMCE" ...
NULL
Writing result file: /home/probst/Random_Forest/RFSplitbias/results/Splitbias-files/jobs/00/9600-result.RData
########## Executing jid=9601 ##########
Timestamp: 2016-04-28 16:13:06
Experiment: 
  Problem: taski 
  Problem parameters: idi=2275, learner=, teststat=, testtype= 
  Algorithm: forest.splitbias.oob 
  Algorithm parameters:  
  Replication: 18 
  Seed: 9601 
  Problem seed: 140 
Setting seed: 9601
Applying Algorithm forest.splitbias.oob ...
Generating problem taski ...
Result:
List of 3
 $ idi   : int 2275
 $ lrn   : chr [1:3] "randomForest" "oob" ""
 $ result: Named num [1:5] 0.9155 0.2407 0.1598 0.0845 0.8126
  ..- attr(*, "names")= chr [1:5] "ACC" "BER" "multiclass.brier" "MMCE" ...
NULL
Writing result file: /home/probst/Random_Forest/RFSplitbias/results/Splitbias-files/jobs/01/9601-result.RData
########## Executing jid=9602 ##########
Timestamp: 2016-04-28 16:13:06
Experiment: 
  Problem: taski 
  Problem parameters: idi=2275, learner=, teststat=, testtype= 
  Algorithm: forest.splitbias.oob 
  Algorithm parameters:  
  Replication: 19 
  Seed: 9602 
  Problem seed: 141 
Setting seed: 9602
Applying Algorithm forest.splitbias.oob ...
Generating problem taski ...
Result:
List of 3
 $ idi   : int 2275
 $ lrn   : chr [1:3] "randomForest" "oob" ""
 $ result: Named num [1:5] 0.9155 0.2407 0.1561 0.0845 0.8203
  ..- attr(*, "names")= chr [1:5] "ACC" "BER" "multiclass.brier" "MMCE" ...
NULL
Writing result file: /home/probst/Random_Forest/RFSplitbias/results/Splitbias-files/jobs/02/9602-result.RData
########## Executing jid=9603 ##########
Timestamp: 2016-04-28 16:13:07
Experiment: 
  Problem: taski 
  Problem parameters: idi=2275, learner=, teststat=, testtype= 
  Algorithm: forest.splitbias.oob 
  Algorithm parameters:  
  Replication: 20 
  Seed: 9603 
  Problem seed: 142 
Setting seed: 9603
Applying Algorithm forest.splitbias.oob ...
Generating problem taski ...
Result:
List of 3
 $ idi   : int 2275
 $ lrn   : chr [1:3] "randomForest" "oob" ""
 $ result: Named num [1:5] 0.9155 0.2407 0.1563 0.0845 0.8149
  ..- attr(*, "names")= chr [1:5] "ACC" "BER" "multiclass.brier" "MMCE" ...
NULL
Writing result file: /home/probst/Random_Forest/RFSplitbias/results/Splitbias-files/jobs/03/9603-result.RData
2016-04-28 16:13:08: All done.
Setting work back to: /nfsmb/koll/probst/Random_Forest/RFSplitbias/results
Memory usage according to gc:
          used  (Mb) gc trigger  (Mb) max used  (Mb)
Ncells 1902373 101.6    3205452 171.2  2346115 125.3
Vcells 4659573  35.6   13750151 105.0  5779626  44.1
