Loading registry: /home/probst/Random_Forest/RFSplitbias/results/Splitbias-files/registry.RData
Loading conf: 
2016-04-28 17:58:18: Starting job on node lin65.
Auto-mailer settings: start=none, done=none, error=none.
Setting work dir: /nfsmb/koll/probst/Random_Forest/RFSplitbias/results
########## Executing jid=15855 ##########
Timestamp: 2016-04-28 17:58:18
Experiment: 
  Problem: taski 
  Problem parameters: idi=2297, learner=, teststat=, testtype= 
  Algorithm: forest.splitbias.oob 
  Algorithm parameters:  
  Replication: 32 
  Seed: 15855 
  Problem seed: 154 
Setting seed: 15855
Applying Algorithm forest.splitbias.oob ...
Generating problem taski ...
Result:
List of 3
 $ idi   : int 2297
 $ lrn   : chr [1:3] "randomForest" "oob" ""
 $ result: Named num [1:4] 0.08614 0.06067 0.00368 0.01483
  ..- attr(*, "names")= chr [1:4] "MAE" "MEDAE" "MEDSE" "MSE"
NULL
Writing result file: /home/probst/Random_Forest/RFSplitbias/results/Splitbias-files/jobs/55/15855-result.RData
########## Executing jid=15856 ##########
Timestamp: 2016-04-28 17:58:19
Experiment: 
  Problem: taski 
  Problem parameters: idi=2297, learner=, teststat=, testtype= 
  Algorithm: forest.splitbias.oob 
  Algorithm parameters:  
  Replication: 33 
  Seed: 15856 
  Problem seed: 155 
Setting seed: 15856
Applying Algorithm forest.splitbias.oob ...
Generating problem taski ...
Result:
List of 3
 $ idi   : int 2297
 $ lrn   : chr [1:3] "randomForest" "oob" ""
 $ result: Named num [1:4] 0.0871 0.06531 0.00427 0.0149
  ..- attr(*, "names")= chr [1:4] "MAE" "MEDAE" "MEDSE" "MSE"
NULL
Writing result file: /home/probst/Random_Forest/RFSplitbias/results/Splitbias-files/jobs/56/15856-result.RData
########## Executing jid=15857 ##########
Timestamp: 2016-04-28 17:58:20
Experiment: 
  Problem: taski 
  Problem parameters: idi=2297, learner=, teststat=, testtype= 
  Algorithm: forest.splitbias.oob 
  Algorithm parameters:  
  Replication: 34 
  Seed: 15857 
  Problem seed: 156 
Setting seed: 15857
Applying Algorithm forest.splitbias.oob ...
Generating problem taski ...
Result:
List of 3
 $ idi   : int 2297
 $ lrn   : chr [1:3] "randomForest" "oob" ""
 $ result: Named num [1:4] 0.08677 0.06339 0.00402 0.01487
  ..- attr(*, "names")= chr [1:4] "MAE" "MEDAE" "MEDSE" "MSE"
NULL
Writing result file: /home/probst/Random_Forest/RFSplitbias/results/Splitbias-files/jobs/57/15857-result.RData
########## Executing jid=15858 ##########
Timestamp: 2016-04-28 17:58:21
Experiment: 
  Problem: taski 
  Problem parameters: idi=2297, learner=, teststat=, testtype= 
  Algorithm: forest.splitbias.oob 
  Algorithm parameters:  
  Replication: 35 
  Seed: 15858 
  Problem seed: 157 
Setting seed: 15858
Applying Algorithm forest.splitbias.oob ...
Generating problem taski ...
Result:
List of 3
 $ idi   : int 2297
 $ lrn   : chr [1:3] "randomForest" "oob" ""
 $ result: Named num [1:4] 0.08675 0.06447 0.00416 0.0147
  ..- attr(*, "names")= chr [1:4] "MAE" "MEDAE" "MEDSE" "MSE"
NULL
Writing result file: /home/probst/Random_Forest/RFSplitbias/results/Splitbias-files/jobs/58/15858-result.RData
########## Executing jid=15859 ##########
Timestamp: 2016-04-28 17:58:22
Experiment: 
  Problem: taski 
  Problem parameters: idi=2297, learner=, teststat=, testtype= 
  Algorithm: forest.splitbias.oob 
  Algorithm parameters:  
  Replication: 36 
  Seed: 15859 
  Problem seed: 158 
Setting seed: 15859
Applying Algorithm forest.splitbias.oob ...
Generating problem taski ...
Result:
List of 3
 $ idi   : int 2297
 $ lrn   : chr [1:3] "randomForest" "oob" ""
 $ result: Named num [1:4] 0.0864 0.06393 0.00409 0.01489
  ..- attr(*, "names")= chr [1:4] "MAE" "MEDAE" "MEDSE" "MSE"
NULL
Writing result file: /home/probst/Random_Forest/RFSplitbias/results/Splitbias-files/jobs/59/15859-result.RData
########## Executing jid=15860 ##########
Timestamp: 2016-04-28 17:58:23
Experiment: 
  Problem: taski 
  Problem parameters: idi=2297, learner=, teststat=, testtype= 
  Algorithm: forest.splitbias.oob 
  Algorithm parameters:  
  Replication: 37 
  Seed: 15860 
  Problem seed: 159 
Setting seed: 15860
Applying Algorithm forest.splitbias.oob ...
Generating problem taski ...
Result:
List of 3
 $ idi   : int 2297
 $ lrn   : chr [1:3] "randomForest" "oob" ""
 $ result: Named num [1:4] 0.08609 0.06203 0.00385 0.01469
  ..- attr(*, "names")= chr [1:4] "MAE" "MEDAE" "MEDSE" "MSE"
NULL
Writing result file: /home/probst/Random_Forest/RFSplitbias/results/Splitbias-files/jobs/60/15860-result.RData
########## Executing jid=15861 ##########
Timestamp: 2016-04-28 17:58:24
Experiment: 
  Problem: taski 
  Problem parameters: idi=2297, learner=, teststat=, testtype= 
  Algorithm: forest.splitbias.oob 
  Algorithm parameters:  
  Replication: 38 
  Seed: 15861 
  Problem seed: 160 
Setting seed: 15861
Applying Algorithm forest.splitbias.oob ...
Generating problem taski ...
Result:
List of 3
 $ idi   : int 2297
 $ lrn   : chr [1:3] "randomForest" "oob" ""
 $ result: Named num [1:4] 0.0869 0.06308 0.00398 0.01497
  ..- attr(*, "names")= chr [1:4] "MAE" "MEDAE" "MEDSE" "MSE"
NULL
Writing result file: /home/probst/Random_Forest/RFSplitbias/results/Splitbias-files/jobs/61/15861-result.RData
########## Executing jid=15862 ##########
Timestamp: 2016-04-28 17:58:25
Experiment: 
  Problem: taski 
  Problem parameters: idi=2297, learner=, teststat=, testtype= 
  Algorithm: forest.splitbias.oob 
  Algorithm parameters:  
  Replication: 39 
  Seed: 15862 
  Problem seed: 161 
Setting seed: 15862
Applying Algorithm forest.splitbias.oob ...
Generating problem taski ...
Result:
List of 3
 $ idi   : int 2297
 $ lrn   : chr [1:3] "randomForest" "oob" ""
 $ result: Named num [1:4] 0.08634 0.06268 0.00393 0.01484
  ..- attr(*, "names")= chr [1:4] "MAE" "MEDAE" "MEDSE" "MSE"
NULL
Writing result file: /home/probst/Random_Forest/RFSplitbias/results/Splitbias-files/jobs/62/15862-result.RData
########## Executing jid=15863 ##########
Timestamp: 2016-04-28 17:58:26
Experiment: 
  Problem: taski 
  Problem parameters: idi=2297, learner=, teststat=, testtype= 
  Algorithm: forest.splitbias.oob 
  Algorithm parameters:  
  Replication: 40 
  Seed: 15863 
  Problem seed: 162 
Setting seed: 15863
Applying Algorithm forest.splitbias.oob ...
Generating problem taski ...
Result:
List of 3
 $ idi   : int 2297
 $ lrn   : chr [1:3] "randomForest" "oob" ""
 $ result: Named num [1:4] 0.08703 0.06461 0.00417 0.01501
  ..- attr(*, "names")= chr [1:4] "MAE" "MEDAE" "MEDSE" "MSE"
NULL
Writing result file: /home/probst/Random_Forest/RFSplitbias/results/Splitbias-files/jobs/63/15863-result.RData
########## Executing jid=15864 ##########
Timestamp: 2016-04-28 17:58:27
Experiment: 
  Problem: taski 
  Problem parameters: idi=2297, learner=, teststat=, testtype= 
  Algorithm: forest.splitbias.oob 
  Algorithm parameters:  
  Replication: 41 
  Seed: 15864 
  Problem seed: 163 
Setting seed: 15864
Applying Algorithm forest.splitbias.oob ...
Generating problem taski ...
Result:
List of 3
 $ idi   : int 2297
 $ lrn   : chr [1:3] "randomForest" "oob" ""
 $ result: Named num [1:4] 0.08666 0.06354 0.00404 0.01474
  ..- attr(*, "names")= chr [1:4] "MAE" "MEDAE" "MEDSE" "MSE"
NULL
Writing result file: /home/probst/Random_Forest/RFSplitbias/results/Splitbias-files/jobs/64/15864-result.RData
########## Executing jid=15865 ##########
Timestamp: 2016-04-28 17:58:28
Experiment: 
  Problem: taski 
  Problem parameters: idi=2297, learner=, teststat=, testtype= 
  Algorithm: forest.splitbias.oob 
  Algorithm parameters:  
  Replication: 42 
  Seed: 15865 
  Problem seed: 164 
Setting seed: 15865
Applying Algorithm forest.splitbias.oob ...
Generating problem taski ...
Result:
List of 3
 $ idi   : int 2297
 $ lrn   : chr [1:3] "randomForest" "oob" ""
 $ result: Named num [1:4] 0.08579 0.06205 0.00385 0.01475
  ..- attr(*, "names")= chr [1:4] "MAE" "MEDAE" "MEDSE" "MSE"
NULL
Writing result file: /home/probst/Random_Forest/RFSplitbias/results/Splitbias-files/jobs/65/15865-result.RData
########## Executing jid=15866 ##########
Timestamp: 2016-04-28 17:58:29
Experiment: 
  Problem: taski 
  Problem parameters: idi=2297, learner=, teststat=, testtype= 
  Algorithm: forest.splitbias.oob 
  Algorithm parameters:  
  Replication: 43 
  Seed: 15866 
  Problem seed: 165 
Setting seed: 15866
Applying Algorithm forest.splitbias.oob ...
Generating problem taski ...
Result:
List of 3
 $ idi   : int 2297
 $ lrn   : chr [1:3] "randomForest" "oob" ""
 $ result: Named num [1:4] 0.08616 0.06462 0.00418 0.01475
  ..- attr(*, "names")= chr [1:4] "MAE" "MEDAE" "MEDSE" "MSE"
NULL
Writing result file: /home/probst/Random_Forest/RFSplitbias/results/Splitbias-files/jobs/66/15866-result.RData
########## Executing jid=15867 ##########
Timestamp: 2016-04-28 17:58:30
Experiment: 
  Problem: taski 
  Problem parameters: idi=2297, learner=, teststat=, testtype= 
  Algorithm: forest.splitbias.oob 
  Algorithm parameters:  
  Replication: 44 
  Seed: 15867 
  Problem seed: 166 
Setting seed: 15867
Applying Algorithm forest.splitbias.oob ...
Generating problem taski ...
Result:
List of 3
 $ idi   : int 2297
 $ lrn   : chr [1:3] "randomForest" "oob" ""
 $ result: Named num [1:4] 0.08687 0.0614 0.00377 0.015
  ..- attr(*, "names")= chr [1:4] "MAE" "MEDAE" "MEDSE" "MSE"
NULL
Writing result file: /home/probst/Random_Forest/RFSplitbias/results/Splitbias-files/jobs/67/15867-result.RData
########## Executing jid=15868 ##########
Timestamp: 2016-04-28 17:58:31
Experiment: 
  Problem: taski 
  Problem parameters: idi=2297, learner=, teststat=, testtype= 
  Algorithm: forest.splitbias.oob 
  Algorithm parameters:  
  Replication: 45 
  Seed: 15868 
  Problem seed: 167 
Setting seed: 15868
Applying Algorithm forest.splitbias.oob ...
Generating problem taski ...
Result:
List of 3
 $ idi   : int 2297
 $ lrn   : chr [1:3] "randomForest" "oob" ""
 $ result: Named num [1:4] 0.08623 0.06485 0.00421 0.01463
  ..- attr(*, "names")= chr [1:4] "MAE" "MEDAE" "MEDSE" "MSE"
NULL
Writing result file: /home/probst/Random_Forest/RFSplitbias/results/Splitbias-files/jobs/68/15868-result.RData
########## Executing jid=15869 ##########
Timestamp: 2016-04-28 17:58:33
Experiment: 
  Problem: taski 
  Problem parameters: idi=2297, learner=, teststat=, testtype= 
  Algorithm: forest.splitbias.oob 
  Algorithm parameters:  
  Replication: 46 
  Seed: 15869 
  Problem seed: 168 
Setting seed: 15869
Applying Algorithm forest.splitbias.oob ...
Generating problem taski ...
Result:
List of 3
 $ idi   : int 2297
 $ lrn   : chr [1:3] "randomForest" "oob" ""
 $ result: Named num [1:4] 0.08625 0.06361 0.00405 0.01464
  ..- attr(*, "names")= chr [1:4] "MAE" "MEDAE" "MEDSE" "MSE"
NULL
Writing result file: /home/probst/Random_Forest/RFSplitbias/results/Splitbias-files/jobs/69/15869-result.RData
########## Executing jid=15870 ##########
Timestamp: 2016-04-28 17:58:34
Experiment: 
  Problem: taski 
  Problem parameters: idi=2297, learner=, teststat=, testtype= 
  Algorithm: forest.splitbias.oob 
  Algorithm parameters:  
  Replication: 47 
  Seed: 15870 
  Problem seed: 169 
Setting seed: 15870
Applying Algorithm forest.splitbias.oob ...
Generating problem taski ...
Result:
List of 3
 $ idi   : int 2297
 $ lrn   : chr [1:3] "randomForest" "oob" ""
 $ result: Named num [1:4] 0.08622 0.06226 0.00388 0.01472
  ..- attr(*, "names")= chr [1:4] "MAE" "MEDAE" "MEDSE" "MSE"
NULL
Writing result file: /home/probst/Random_Forest/RFSplitbias/results/Splitbias-files/jobs/70/15870-result.RData
########## Executing jid=15871 ##########
Timestamp: 2016-04-28 17:58:35
Experiment: 
  Problem: taski 
  Problem parameters: idi=2297, learner=, teststat=, testtype= 
  Algorithm: forest.splitbias.oob 
  Algorithm parameters:  
  Replication: 48 
  Seed: 15871 
  Problem seed: 170 
Setting seed: 15871
Applying Algorithm forest.splitbias.oob ...
Generating problem taski ...
Result:
List of 3
 $ idi   : int 2297
 $ lrn   : chr [1:3] "randomForest" "oob" ""
 $ result: Named num [1:4] 0.0863 0.0624 0.0039 0.0148
  ..- attr(*, "names")= chr [1:4] "MAE" "MEDAE" "MEDSE" "MSE"
NULL
Writing result file: /home/probst/Random_Forest/RFSplitbias/results/Splitbias-files/jobs/71/15871-result.RData
########## Executing jid=15872 ##########
Timestamp: 2016-04-28 17:58:36
Experiment: 
  Problem: taski 
  Problem parameters: idi=2297, learner=, teststat=, testtype= 
  Algorithm: forest.splitbias.oob 
  Algorithm parameters:  
  Replication: 49 
  Seed: 15872 
  Problem seed: 171 
Setting seed: 15872
Applying Algorithm forest.splitbias.oob ...
Generating problem taski ...
Result:
List of 3
 $ idi   : int 2297
 $ lrn   : chr [1:3] "randomForest" "oob" ""
 $ result: Named num [1:4] 0.0871 0.0609 0.0037 0.015
  ..- attr(*, "names")= chr [1:4] "MAE" "MEDAE" "MEDSE" "MSE"
NULL
Writing result file: /home/probst/Random_Forest/RFSplitbias/results/Splitbias-files/jobs/72/15872-result.RData
########## Executing jid=15873 ##########
Timestamp: 2016-04-28 17:58:37
Experiment: 
  Problem: taski 
  Problem parameters: idi=2297, learner=, teststat=, testtype= 
  Algorithm: forest.splitbias.oob 
  Algorithm parameters:  
  Replication: 50 
  Seed: 15873 
  Problem seed: 172 
Setting seed: 15873
Applying Algorithm forest.splitbias.oob ...
Generating problem taski ...
Result:
List of 3
 $ idi   : int 2297
 $ lrn   : chr [1:3] "randomForest" "oob" ""
 $ result: Named num [1:4] 0.08772 0.06363 0.00405 0.01519
  ..- attr(*, "names")= chr [1:4] "MAE" "MEDAE" "MEDSE" "MSE"
NULL
Writing result file: /home/probst/Random_Forest/RFSplitbias/results/Splitbias-files/jobs/73/15873-result.RData
########## Executing jid=15874 ##########
Timestamp: 2016-04-28 17:58:39
Experiment: 
  Problem: taski 
  Problem parameters: idi=5028, learner=, teststat=, testtype= 
  Algorithm: forest.splitbias.oob 
  Algorithm parameters:  
  Replication: 11 
  Seed: 15874 
  Problem seed: 133 
Setting seed: 15874
Applying Algorithm forest.splitbias.oob ...
Generating problem taski ...
Result:
List of 3
 $ idi   : int 5028
 $ lrn   : chr [1:3] "randomForest" "oob" ""
 $ result: Named num [1:4] 4.27 2.08 4.33 85.5
  ..- attr(*, "names")= chr [1:4] "MAE" "MEDAE" "MEDSE" "MSE"
NULL
Writing result file: /home/probst/Random_Forest/RFSplitbias/results/Splitbias-files/jobs/74/15874-result.RData
########## Executing jid=15875 ##########
Timestamp: 2016-04-28 17:58:42
Experiment: 
  Problem: taski 
  Problem parameters: idi=5028, learner=, teststat=, testtype= 
  Algorithm: forest.splitbias.oob 
  Algorithm parameters:  
  Replication: 12 
  Seed: 15875 
  Problem seed: 134 
Setting seed: 15875
Applying Algorithm forest.splitbias.oob ...
Generating problem taski ...
Result:
List of 3
 $ idi   : int 5028
 $ lrn   : chr [1:3] "randomForest" "oob" ""
 $ result: Named num [1:4] 4.29 2.23 4.99 85.74
  ..- attr(*, "names")= chr [1:4] "MAE" "MEDAE" "MEDSE" "MSE"
NULL
Writing result file: /home/probst/Random_Forest/RFSplitbias/results/Splitbias-files/jobs/75/15875-result.RData
########## Executing jid=15876 ##########
Timestamp: 2016-04-28 17:58:44
Experiment: 
  Problem: taski 
  Problem parameters: idi=5028, learner=, teststat=, testtype= 
  Algorithm: forest.splitbias.oob 
  Algorithm parameters:  
  Replication: 13 
  Seed: 15876 
  Problem seed: 135 
Setting seed: 15876
Applying Algorithm forest.splitbias.oob ...
Generating problem taski ...
Result:
List of 3
 $ idi   : int 5028
 $ lrn   : chr [1:3] "randomForest" "oob" ""
 $ result: Named num [1:4] 4.29 2.33 5.45 83.47
  ..- attr(*, "names")= chr [1:4] "MAE" "MEDAE" "MEDSE" "MSE"
NULL
Writing result file: /home/probst/Random_Forest/RFSplitbias/results/Splitbias-files/jobs/76/15876-result.RData
########## Executing jid=15877 ##########
Timestamp: 2016-04-28 17:58:47
Experiment: 
  Problem: taski 
  Problem parameters: idi=5028, learner=, teststat=, testtype= 
  Algorithm: forest.splitbias.oob 
  Algorithm parameters:  
  Replication: 14 
  Seed: 15877 
  Problem seed: 136 
Setting seed: 15877
Applying Algorithm forest.splitbias.oob ...
Generating problem taski ...
Result:
List of 3
 $ idi   : int 5028
 $ lrn   : chr [1:3] "randomForest" "oob" ""
 $ result: Named num [1:4] 4.31 2.3 5.28 84.49
  ..- attr(*, "names")= chr [1:4] "MAE" "MEDAE" "MEDSE" "MSE"
NULL
Writing result file: /home/probst/Random_Forest/RFSplitbias/results/Splitbias-files/jobs/77/15877-result.RData
########## Executing jid=15878 ##########
Timestamp: 2016-04-28 17:58:49
Experiment: 
  Problem: taski 
  Problem parameters: idi=5028, learner=, teststat=, testtype= 
  Algorithm: forest.splitbias.oob 
  Algorithm parameters:  
  Replication: 15 
  Seed: 15878 
  Problem seed: 137 
Setting seed: 15878
Applying Algorithm forest.splitbias.oob ...
Generating problem taski ...
Result:
List of 3
 $ idi   : int 5028
 $ lrn   : chr [1:3] "randomForest" "oob" ""
 $ result: Named num [1:4] 4.28 2.1 4.43 84.81
  ..- attr(*, "names")= chr [1:4] "MAE" "MEDAE" "MEDSE" "MSE"
NULL
Writing result file: /home/probst/Random_Forest/RFSplitbias/results/Splitbias-files/jobs/78/15878-result.RData
########## Executing jid=15879 ##########
Timestamp: 2016-04-28 17:58:52
Experiment: 
  Problem: taski 
  Problem parameters: idi=5028, learner=, teststat=, testtype= 
  Algorithm: forest.splitbias.oob 
  Algorithm parameters:  
  Replication: 16 
  Seed: 15879 
  Problem seed: 138 
Setting seed: 15879
Applying Algorithm forest.splitbias.oob ...
Generating problem taski ...
Result:
List of 3
 $ idi   : int 5028
 $ lrn   : chr [1:3] "randomForest" "oob" ""
 $ result: Named num [1:4] 4.32 2.31 5.34 85.73
  ..- attr(*, "names")= chr [1:4] "MAE" "MEDAE" "MEDSE" "MSE"
NULL
Writing result file: /home/probst/Random_Forest/RFSplitbias/results/Splitbias-files/jobs/79/15879-result.RData
########## Executing jid=15880 ##########
Timestamp: 2016-04-28 17:58:54
Experiment: 
  Problem: taski 
  Problem parameters: idi=5028, learner=, teststat=, testtype= 
  Algorithm: forest.splitbias.oob 
  Algorithm parameters:  
  Replication: 17 
  Seed: 15880 
  Problem seed: 139 
Setting seed: 15880
Applying Algorithm forest.splitbias.oob ...
Generating problem taski ...
Result:
List of 3
 $ idi   : int 5028
 $ lrn   : chr [1:3] "randomForest" "oob" ""
 $ result: Named num [1:4] 4.28 2.11 4.43 83.97
  ..- attr(*, "names")= chr [1:4] "MAE" "MEDAE" "MEDSE" "MSE"
NULL
Writing result file: /home/probst/Random_Forest/RFSplitbias/results/Splitbias-files/jobs/80/15880-result.RData
########## Executing jid=15881 ##########
Timestamp: 2016-04-28 17:58:56
Experiment: 
  Problem: taski 
  Problem parameters: idi=5028, learner=, teststat=, testtype= 
  Algorithm: forest.splitbias.oob 
  Algorithm parameters:  
  Replication: 18 
  Seed: 15881 
  Problem seed: 140 
Setting seed: 15881
Applying Algorithm forest.splitbias.oob ...
Generating problem taski ...
Result:
List of 3
 $ idi   : int 5028
 $ lrn   : chr [1:3] "randomForest" "oob" ""
 $ result: Named num [1:4] 4.21 2.02 4.09 84.37
  ..- attr(*, "names")= chr [1:4] "MAE" "MEDAE" "MEDSE" "MSE"
NULL
Writing result file: /home/probst/Random_Forest/RFSplitbias/results/Splitbias-files/jobs/81/15881-result.RData
########## Executing jid=15882 ##########
Timestamp: 2016-04-28 17:58:57
Experiment: 
  Problem: taski 
  Problem parameters: idi=5028, learner=, teststat=, testtype= 
  Algorithm: forest.splitbias.oob 
  Algorithm parameters:  
  Replication: 19 
  Seed: 15882 
  Problem seed: 141 
Setting seed: 15882
Applying Algorithm forest.splitbias.oob ...
Generating problem taski ...
Result:
List of 3
 $ idi   : int 5028
 $ lrn   : chr [1:3] "randomForest" "oob" ""
 $ result: Named num [1:4] 4.27 2.13 4.52 84.93
  ..- attr(*, "names")= chr [1:4] "MAE" "MEDAE" "MEDSE" "MSE"
NULL
Writing result file: /home/probst/Random_Forest/RFSplitbias/results/Splitbias-files/jobs/82/15882-result.RData
########## Executing jid=15883 ##########
Timestamp: 2016-04-28 17:58:59
Experiment: 
  Problem: taski 
  Problem parameters: idi=5028, learner=, teststat=, testtype= 
  Algorithm: forest.splitbias.oob 
  Algorithm parameters:  
  Replication: 20 
  Seed: 15883 
  Problem seed: 142 
Setting seed: 15883
Applying Algorithm forest.splitbias.oob ...
Generating problem taski ...
Result:
List of 3
 $ idi   : int 5028
 $ lrn   : chr [1:3] "randomForest" "oob" ""
 $ result: Named num [1:4] 4.29 2.06 4.26 84.97
  ..- attr(*, "names")= chr [1:4] "MAE" "MEDAE" "MEDSE" "MSE"
NULL
Writing result file: /home/probst/Random_Forest/RFSplitbias/results/Splitbias-files/jobs/83/15883-result.RData
########## Executing jid=15884 ##########
Timestamp: 2016-04-28 17:59:01
Experiment: 
  Problem: taski 
  Problem parameters: idi=5028, learner=, teststat=, testtype= 
  Algorithm: forest.splitbias.oob 
  Algorithm parameters:  
  Replication: 21 
  Seed: 15884 
  Problem seed: 143 
Setting seed: 15884
Applying Algorithm forest.splitbias.oob ...
Generating problem taski ...
Result:
List of 3
 $ idi   : int 5028
 $ lrn   : chr [1:3] "randomForest" "oob" ""
 $ result: Named num [1:4] 4.27 2.18 4.77 84.45
  ..- attr(*, "names")= chr [1:4] "MAE" "MEDAE" "MEDSE" "MSE"
NULL
Writing result file: /home/probst/Random_Forest/RFSplitbias/results/Splitbias-files/jobs/84/15884-result.RData
########## Executing jid=15885 ##########
Timestamp: 2016-04-28 17:59:02
Experiment: 
  Problem: taski 
  Problem parameters: idi=5028, learner=, teststat=, testtype= 
  Algorithm: forest.splitbias.oob 
  Algorithm parameters:  
  Replication: 22 
  Seed: 15885 
  Problem seed: 144 
Setting seed: 15885
Applying Algorithm forest.splitbias.oob ...
Generating problem taski ...
Result:
List of 3
 $ idi   : int 5028
 $ lrn   : chr [1:3] "randomForest" "oob" ""
 $ result: Named num [1:4] 4.21 2.13 4.52 82.4
  ..- attr(*, "names")= chr [1:4] "MAE" "MEDAE" "MEDSE" "MSE"
NULL
Writing result file: /home/probst/Random_Forest/RFSplitbias/results/Splitbias-files/jobs/85/15885-result.RData
########## Executing jid=15886 ##########
Timestamp: 2016-04-28 17:59:04
Experiment: 
  Problem: taski 
  Problem parameters: idi=5028, learner=, teststat=, testtype= 
  Algorithm: forest.splitbias.oob 
  Algorithm parameters:  
  Replication: 23 
  Seed: 15886 
  Problem seed: 145 
Setting seed: 15886
Applying Algorithm forest.splitbias.oob ...
Generating problem taski ...
Result:
List of 3
 $ idi   : int 5028
 $ lrn   : chr [1:3] "randomForest" "oob" ""
 $ result: Named num [1:4] 4.28 2.06 4.24 85.37
  ..- attr(*, "names")= chr [1:4] "MAE" "MEDAE" "MEDSE" "MSE"
NULL
Writing result file: /home/probst/Random_Forest/RFSplitbias/results/Splitbias-files/jobs/86/15886-result.RData
########## Executing jid=15887 ##########
Timestamp: 2016-04-28 17:59:06
Experiment: 
  Problem: taski 
  Problem parameters: idi=5028, learner=, teststat=, testtype= 
  Algorithm: forest.splitbias.oob 
  Algorithm parameters:  
  Replication: 24 
  Seed: 15887 
  Problem seed: 146 
Setting seed: 15887
Applying Algorithm forest.splitbias.oob ...
Generating problem taski ...
Result:
List of 3
 $ idi   : int 5028
 $ lrn   : chr [1:3] "randomForest" "oob" ""
 $ result: Named num [1:4] 4.28 2.12 4.49 86.47
  ..- attr(*, "names")= chr [1:4] "MAE" "MEDAE" "MEDSE" "MSE"
NULL
Writing result file: /home/probst/Random_Forest/RFSplitbias/results/Splitbias-files/jobs/87/15887-result.RData
########## Executing jid=15888 ##########
Timestamp: 2016-04-28 17:59:07
Experiment: 
  Problem: taski 
  Problem parameters: idi=5028, learner=, teststat=, testtype= 
  Algorithm: forest.splitbias.oob 
  Algorithm parameters:  
  Replication: 25 
  Seed: 15888 
  Problem seed: 147 
Setting seed: 15888
Applying Algorithm forest.splitbias.oob ...
Generating problem taski ...
Result:
List of 3
 $ idi   : int 5028
 $ lrn   : chr [1:3] "randomForest" "oob" ""
 $ result: Named num [1:4] 4.29 2.25 5.04 84.26
  ..- attr(*, "names")= chr [1:4] "MAE" "MEDAE" "MEDSE" "MSE"
NULL
Writing result file: /home/probst/Random_Forest/RFSplitbias/results/Splitbias-files/jobs/88/15888-result.RData
########## Executing jid=15889 ##########
Timestamp: 2016-04-28 17:59:08
Experiment: 
  Problem: taski 
  Problem parameters: idi=5028, learner=, teststat=, testtype= 
  Algorithm: forest.splitbias.oob 
  Algorithm parameters:  
  Replication: 26 
  Seed: 15889 
  Problem seed: 148 
Setting seed: 15889
Applying Algorithm forest.splitbias.oob ...
Generating problem taski ...
Result:
List of 3
 $ idi   : int 5028
 $ lrn   : chr [1:3] "randomForest" "oob" ""
 $ result: Named num [1:4] 4.31 2.36 5.58 85.41
  ..- attr(*, "names")= chr [1:4] "MAE" "MEDAE" "MEDSE" "MSE"
NULL
Writing result file: /home/probst/Random_Forest/RFSplitbias/results/Splitbias-files/jobs/89/15889-result.RData
########## Executing jid=15890 ##########
Timestamp: 2016-04-28 17:59:10
Experiment: 
  Problem: taski 
  Problem parameters: idi=5028, learner=, teststat=, testtype= 
  Algorithm: forest.splitbias.oob 
  Algorithm parameters:  
  Replication: 27 
  Seed: 15890 
  Problem seed: 149 
Setting seed: 15890
Applying Algorithm forest.splitbias.oob ...
Generating problem taski ...
Result:
List of 3
 $ idi   : int 5028
 $ lrn   : chr [1:3] "randomForest" "oob" ""
 $ result: Named num [1:4] 4.33 2.31 5.33 85.2
  ..- attr(*, "names")= chr [1:4] "MAE" "MEDAE" "MEDSE" "MSE"
NULL
Writing result file: /home/probst/Random_Forest/RFSplitbias/results/Splitbias-files/jobs/90/15890-result.RData
########## Executing jid=15891 ##########
Timestamp: 2016-04-28 17:59:11
Experiment: 
  Problem: taski 
  Problem parameters: idi=5028, learner=, teststat=, testtype= 
  Algorithm: forest.splitbias.oob 
  Algorithm parameters:  
  Replication: 28 
  Seed: 15891 
  Problem seed: 150 
Setting seed: 15891
Applying Algorithm forest.splitbias.oob ...
Generating problem taski ...
Result:
List of 3
 $ idi   : int 5028
 $ lrn   : chr [1:3] "randomForest" "oob" ""
 $ result: Named num [1:4] 4.22 2.19 4.8 82.97
  ..- attr(*, "names")= chr [1:4] "MAE" "MEDAE" "MEDSE" "MSE"
NULL
Writing result file: /home/probst/Random_Forest/RFSplitbias/results/Splitbias-files/jobs/91/15891-result.RData
########## Executing jid=15892 ##########
Timestamp: 2016-04-28 17:59:13
Experiment: 
  Problem: taski 
  Problem parameters: idi=5028, learner=, teststat=, testtype= 
  Algorithm: forest.splitbias.oob 
  Algorithm parameters:  
  Replication: 29 
  Seed: 15892 
  Problem seed: 151 
Setting seed: 15892
Applying Algorithm forest.splitbias.oob ...
Generating problem taski ...
Result:
List of 3
 $ idi   : int 5028
 $ lrn   : chr [1:3] "randomForest" "oob" ""
 $ result: Named num [1:4] 4.28 2.11 4.47 84.81
  ..- attr(*, "names")= chr [1:4] "MAE" "MEDAE" "MEDSE" "MSE"
NULL
Writing result file: /home/probst/Random_Forest/RFSplitbias/results/Splitbias-files/jobs/92/15892-result.RData
########## Executing jid=15893 ##########
Timestamp: 2016-04-28 17:59:14
Experiment: 
  Problem: taski 
  Problem parameters: idi=5028, learner=, teststat=, testtype= 
  Algorithm: forest.splitbias.oob 
  Algorithm parameters:  
  Replication: 30 
  Seed: 15893 
  Problem seed: 152 
Setting seed: 15893
Applying Algorithm forest.splitbias.oob ...
Generating problem taski ...
Result:
List of 3
 $ idi   : int 5028
 $ lrn   : chr [1:3] "randomForest" "oob" ""
 $ result: Named num [1:4] 4.26 2.2 4.85 83.05
  ..- attr(*, "names")= chr [1:4] "MAE" "MEDAE" "MEDSE" "MSE"
NULL
Writing result file: /home/probst/Random_Forest/RFSplitbias/results/Splitbias-files/jobs/93/15893-result.RData
########## Executing jid=15894 ##########
Timestamp: 2016-04-28 17:59:15
Experiment: 
  Problem: taski 
  Problem parameters: idi=5028, learner=, teststat=, testtype= 
  Algorithm: forest.splitbias.oob 
  Algorithm parameters:  
  Replication: 31 
  Seed: 15894 
  Problem seed: 153 
Setting seed: 15894
Applying Algorithm forest.splitbias.oob ...
Generating problem taski ...
Result:
List of 3
 $ idi   : int 5028
 $ lrn   : chr [1:3] "randomForest" "oob" ""
 $ result: Named num [1:4] 4.3 2.29 5.23 85.5
  ..- attr(*, "names")= chr [1:4] "MAE" "MEDAE" "MEDSE" "MSE"
NULL
Writing result file: /home/probst/Random_Forest/RFSplitbias/results/Splitbias-files/jobs/94/15894-result.RData
########## Executing jid=15895 ##########
Timestamp: 2016-04-28 17:59:17
Experiment: 
  Problem: taski 
  Problem parameters: idi=5028, learner=, teststat=, testtype= 
  Algorithm: forest.splitbias.oob 
  Algorithm parameters:  
  Replication: 32 
  Seed: 15895 
  Problem seed: 154 
Setting seed: 15895
Applying Algorithm forest.splitbias.oob ...
Generating problem taski ...
Result:
List of 3
 $ idi   : int 5028
 $ lrn   : chr [1:3] "randomForest" "oob" ""
 $ result: Named num [1:4] 4.27 2.06 4.24 83.6
  ..- attr(*, "names")= chr [1:4] "MAE" "MEDAE" "MEDSE" "MSE"
NULL
Writing result file: /home/probst/Random_Forest/RFSplitbias/results/Splitbias-files/jobs/95/15895-result.RData
########## Executing jid=15896 ##########
Timestamp: 2016-04-28 17:59:18
Experiment: 
  Problem: taski 
  Problem parameters: idi=5028, learner=, teststat=, testtype= 
  Algorithm: forest.splitbias.oob 
  Algorithm parameters:  
  Replication: 33 
  Seed: 15896 
  Problem seed: 155 
Setting seed: 15896
Applying Algorithm forest.splitbias.oob ...
Generating problem taski ...
Result:
List of 3
 $ idi   : int 5028
 $ lrn   : chr [1:3] "randomForest" "oob" ""
 $ result: Named num [1:4] 4.31 2.32 5.37 85.93
  ..- attr(*, "names")= chr [1:4] "MAE" "MEDAE" "MEDSE" "MSE"
NULL
Writing result file: /home/probst/Random_Forest/RFSplitbias/results/Splitbias-files/jobs/96/15896-result.RData
########## Executing jid=15897 ##########
Timestamp: 2016-04-28 17:59:20
Experiment: 
  Problem: taski 
  Problem parameters: idi=5028, learner=, teststat=, testtype= 
  Algorithm: forest.splitbias.oob 
  Algorithm parameters:  
  Replication: 34 
  Seed: 15897 
  Problem seed: 156 
Setting seed: 15897
Applying Algorithm forest.splitbias.oob ...
Generating problem taski ...
Result:
List of 3
 $ idi   : int 5028
 $ lrn   : chr [1:3] "randomForest" "oob" ""
 $ result: Named num [1:4] 4.2 2.14 4.56 83.55
  ..- attr(*, "names")= chr [1:4] "MAE" "MEDAE" "MEDSE" "MSE"
NULL
Writing result file: /home/probst/Random_Forest/RFSplitbias/results/Splitbias-files/jobs/97/15897-result.RData
########## Executing jid=15898 ##########
Timestamp: 2016-04-28 17:59:22
Experiment: 
  Problem: taski 
  Problem parameters: idi=5028, learner=, teststat=, testtype= 
  Algorithm: forest.splitbias.oob 
  Algorithm parameters:  
  Replication: 35 
  Seed: 15898 
  Problem seed: 157 
Setting seed: 15898
Applying Algorithm forest.splitbias.oob ...
Generating problem taski ...
Result:
List of 3
 $ idi   : int 5028
 $ lrn   : chr [1:3] "randomForest" "oob" ""
 $ result: Named num [1:4] 4.23 2.27 5.16 83.05
  ..- attr(*, "names")= chr [1:4] "MAE" "MEDAE" "MEDSE" "MSE"
NULL
Writing result file: /home/probst/Random_Forest/RFSplitbias/results/Splitbias-files/jobs/98/15898-result.RData
########## Executing jid=15899 ##########
Timestamp: 2016-04-28 17:59:24
Experiment: 
  Problem: taski 
  Problem parameters: idi=5028, learner=, teststat=, testtype= 
  Algorithm: forest.splitbias.oob 
  Algorithm parameters:  
  Replication: 36 
  Seed: 15899 
  Problem seed: 158 
Setting seed: 15899
Applying Algorithm forest.splitbias.oob ...
Generating problem taski ...
Result:
List of 3
 $ idi   : int 5028
 $ lrn   : chr [1:3] "randomForest" "oob" ""
 $ result: Named num [1:4] 4.24 2.09 4.35 84.11
  ..- attr(*, "names")= chr [1:4] "MAE" "MEDAE" "MEDSE" "MSE"
NULL
Writing result file: /home/probst/Random_Forest/RFSplitbias/results/Splitbias-files/jobs/99/15899-result.RData
########## Executing jid=15900 ##########
Timestamp: 2016-04-28 17:59:25
Experiment: 
  Problem: taski 
  Problem parameters: idi=5028, learner=, teststat=, testtype= 
  Algorithm: forest.splitbias.oob 
  Algorithm parameters:  
  Replication: 37 
  Seed: 15900 
  Problem seed: 159 
Setting seed: 15900
Applying Algorithm forest.splitbias.oob ...
Generating problem taski ...
Result:
List of 3
 $ idi   : int 5028
 $ lrn   : chr [1:3] "randomForest" "oob" ""
 $ result: Named num [1:4] 4.23 2.16 4.68 83.88
  ..- attr(*, "names")= chr [1:4] "MAE" "MEDAE" "MEDSE" "MSE"
NULL
Writing result file: /home/probst/Random_Forest/RFSplitbias/results/Splitbias-files/jobs/00/15900-result.RData
########## Executing jid=15901 ##########
Timestamp: 2016-04-28 17:59:27
Experiment: 
  Problem: taski 
  Problem parameters: idi=5028, learner=, teststat=, testtype= 
  Algorithm: forest.splitbias.oob 
  Algorithm parameters:  
  Replication: 38 
  Seed: 15901 
  Problem seed: 160 
Setting seed: 15901
Applying Algorithm forest.splitbias.oob ...
Generating problem taski ...
Result:
List of 3
 $ idi   : int 5028
 $ lrn   : chr [1:3] "randomForest" "oob" ""
 $ result: Named num [1:4] 4.31 2.36 5.55 85.7
  ..- attr(*, "names")= chr [1:4] "MAE" "MEDAE" "MEDSE" "MSE"
NULL
Writing result file: /home/probst/Random_Forest/RFSplitbias/results/Splitbias-files/jobs/01/15901-result.RData
########## Executing jid=15902 ##########
Timestamp: 2016-04-28 17:59:29
Experiment: 
  Problem: taski 
  Problem parameters: idi=5028, learner=, teststat=, testtype= 
  Algorithm: forest.splitbias.oob 
  Algorithm parameters:  
  Replication: 39 
  Seed: 15902 
  Problem seed: 161 
Setting seed: 15902
Applying Algorithm forest.splitbias.oob ...
Generating problem taski ...
Result:
List of 3
 $ idi   : int 5028
 $ lrn   : chr [1:3] "randomForest" "oob" ""
 $ result: Named num [1:4] 4.25 2.11 4.47 83.73
  ..- attr(*, "names")= chr [1:4] "MAE" "MEDAE" "MEDSE" "MSE"
NULL
Writing result file: /home/probst/Random_Forest/RFSplitbias/results/Splitbias-files/jobs/02/15902-result.RData
########## Executing jid=15903 ##########
Timestamp: 2016-04-28 17:59:31
Experiment: 
  Problem: taski 
  Problem parameters: idi=5028, learner=, teststat=, testtype= 
  Algorithm: forest.splitbias.oob 
  Algorithm parameters:  
  Replication: 40 
  Seed: 15903 
  Problem seed: 162 
Setting seed: 15903
Applying Algorithm forest.splitbias.oob ...
Generating problem taski ...
Result:
List of 3
 $ idi   : int 5028
 $ lrn   : chr [1:3] "randomForest" "oob" ""
 $ result: Named num [1:4] 4.24 2.27 5.14 84.2
  ..- attr(*, "names")= chr [1:4] "MAE" "MEDAE" "MEDSE" "MSE"
NULL
Writing result file: /home/probst/Random_Forest/RFSplitbias/results/Splitbias-files/jobs/03/15903-result.RData
########## Executing jid=15904 ##########
Timestamp: 2016-04-28 17:59:33
Experiment: 
  Problem: taski 
  Problem parameters: idi=5028, learner=, teststat=, testtype= 
  Algorithm: forest.splitbias.oob 
  Algorithm parameters:  
  Replication: 41 
  Seed: 15904 
  Problem seed: 163 
Setting seed: 15904
Applying Algorithm forest.splitbias.oob ...
Generating problem taski ...
Result:
List of 3
 $ idi   : int 5028
 $ lrn   : chr [1:3] "randomForest" "oob" ""
 $ result: Named num [1:4] 4.23 2.23 4.99 83.3
  ..- attr(*, "names")= chr [1:4] "MAE" "MEDAE" "MEDSE" "MSE"
NULL
Writing result file: /home/probst/Random_Forest/RFSplitbias/results/Splitbias-files/jobs/04/15904-result.RData
########## Executing jid=15905 ##########
Timestamp: 2016-04-28 17:59:35
Experiment: 
  Problem: taski 
  Problem parameters: idi=5028, learner=, teststat=, testtype= 
  Algorithm: forest.splitbias.oob 
  Algorithm parameters:  
  Replication: 42 
  Seed: 15905 
  Problem seed: 164 
Setting seed: 15905
Applying Algorithm forest.splitbias.oob ...
Generating problem taski ...
Result:
List of 3
 $ idi   : int 5028
 $ lrn   : chr [1:3] "randomForest" "oob" ""
 $ result: Named num [1:4] 4.23 2.16 4.67 84
  ..- attr(*, "names")= chr [1:4] "MAE" "MEDAE" "MEDSE" "MSE"
NULL
Writing result file: /home/probst/Random_Forest/RFSplitbias/results/Splitbias-files/jobs/05/15905-result.RData
########## Executing jid=15906 ##########
Timestamp: 2016-04-28 17:59:37
Experiment: 
  Problem: taski 
  Problem parameters: idi=5028, learner=, teststat=, testtype= 
  Algorithm: forest.splitbias.oob 
  Algorithm parameters:  
  Replication: 43 
  Seed: 15906 
  Problem seed: 165 
Setting seed: 15906
Applying Algorithm forest.splitbias.oob ...
Generating problem taski ...
Result:
List of 3
 $ idi   : int 5028
 $ lrn   : chr [1:3] "randomForest" "oob" ""
 $ result: Named num [1:4] 4.31 2.29 5.23 84.41
  ..- attr(*, "names")= chr [1:4] "MAE" "MEDAE" "MEDSE" "MSE"
NULL
Writing result file: /home/probst/Random_Forest/RFSplitbias/results/Splitbias-files/jobs/06/15906-result.RData
########## Executing jid=15907 ##########
Timestamp: 2016-04-28 17:59:39
Experiment: 
  Problem: taski 
  Problem parameters: idi=5028, learner=, teststat=, testtype= 
  Algorithm: forest.splitbias.oob 
  Algorithm parameters:  
  Replication: 44 
  Seed: 15907 
  Problem seed: 166 
Setting seed: 15907
Applying Algorithm forest.splitbias.oob ...
Generating problem taski ...
Result:
List of 3
 $ idi   : int 5028
 $ lrn   : chr [1:3] "randomForest" "oob" ""
 $ result: Named num [1:4] 4.24 2.13 4.55 84.44
  ..- attr(*, "names")= chr [1:4] "MAE" "MEDAE" "MEDSE" "MSE"
NULL
Writing result file: /home/probst/Random_Forest/RFSplitbias/results/Splitbias-files/jobs/07/15907-result.RData
########## Executing jid=15908 ##########
Timestamp: 2016-04-28 17:59:40
Experiment: 
  Problem: taski 
  Problem parameters: idi=5028, learner=, teststat=, testtype= 
  Algorithm: forest.splitbias.oob 
  Algorithm parameters:  
  Replication: 45 
  Seed: 15908 
  Problem seed: 167 
Setting seed: 15908
Applying Algorithm forest.splitbias.oob ...
Generating problem taski ...
Result:
List of 3
 $ idi   : int 5028
 $ lrn   : chr [1:3] "randomForest" "oob" ""
 $ result: Named num [1:4] 4.24 2.13 4.55 84.72
  ..- attr(*, "names")= chr [1:4] "MAE" "MEDAE" "MEDSE" "MSE"
NULL
Writing result file: /home/probst/Random_Forest/RFSplitbias/results/Splitbias-files/jobs/08/15908-result.RData
########## Executing jid=15909 ##########
Timestamp: 2016-04-28 17:59:41
Experiment: 
  Problem: taski 
  Problem parameters: idi=5028, learner=, teststat=, testtype= 
  Algorithm: forest.splitbias.oob 
  Algorithm parameters:  
  Replication: 46 
  Seed: 15909 
  Problem seed: 168 
Setting seed: 15909
Applying Algorithm forest.splitbias.oob ...
Generating problem taski ...
Result:
List of 3
 $ idi   : int 5028
 $ lrn   : chr [1:3] "randomForest" "oob" ""
 $ result: Named num [1:4] 4.24 2.03 4.11 84.5
  ..- attr(*, "names")= chr [1:4] "MAE" "MEDAE" "MEDSE" "MSE"
NULL
Writing result file: /home/probst/Random_Forest/RFSplitbias/results/Splitbias-files/jobs/09/15909-result.RData
########## Executing jid=15910 ##########
Timestamp: 2016-04-28 17:59:43
Experiment: 
  Problem: taski 
  Problem parameters: idi=5028, learner=, teststat=, testtype= 
  Algorithm: forest.splitbias.oob 
  Algorithm parameters:  
  Replication: 47 
  Seed: 15910 
  Problem seed: 169 
Setting seed: 15910
Applying Algorithm forest.splitbias.oob ...
Generating problem taski ...
Result:
List of 3
 $ idi   : int 5028
 $ lrn   : chr [1:3] "randomForest" "oob" ""
 $ result: Named num [1:4] 4.26 2.16 4.65 84.88
  ..- attr(*, "names")= chr [1:4] "MAE" "MEDAE" "MEDSE" "MSE"
NULL
Writing result file: /home/probst/Random_Forest/RFSplitbias/results/Splitbias-files/jobs/10/15910-result.RData
########## Executing jid=15911 ##########
Timestamp: 2016-04-28 17:59:45
Experiment: 
  Problem: taski 
  Problem parameters: idi=5028, learner=, teststat=, testtype= 
  Algorithm: forest.splitbias.oob 
  Algorithm parameters:  
  Replication: 48 
  Seed: 15911 
  Problem seed: 170 
Setting seed: 15911
Applying Algorithm forest.splitbias.oob ...
Generating problem taski ...
Result:
List of 3
 $ idi   : int 5028
 $ lrn   : chr [1:3] "randomForest" "oob" ""
 $ result: Named num [1:4] 4.26 2.11 4.47 84.47
  ..- attr(*, "names")= chr [1:4] "MAE" "MEDAE" "MEDSE" "MSE"
NULL
Writing result file: /home/probst/Random_Forest/RFSplitbias/results/Splitbias-files/jobs/11/15911-result.RData
########## Executing jid=15912 ##########
Timestamp: 2016-04-28 17:59:47
Experiment: 
  Problem: taski 
  Problem parameters: idi=5028, learner=, teststat=, testtype= 
  Algorithm: forest.splitbias.oob 
  Algorithm parameters:  
  Replication: 49 
  Seed: 15912 
  Problem seed: 171 
Setting seed: 15912
Applying Algorithm forest.splitbias.oob ...
Generating problem taski ...
Result:
List of 3
 $ idi   : int 5028
 $ lrn   : chr [1:3] "randomForest" "oob" ""
 $ result: Named num [1:4] 4.3 2.28 5.22 84.44
  ..- attr(*, "names")= chr [1:4] "MAE" "MEDAE" "MEDSE" "MSE"
NULL
Writing result file: /home/probst/Random_Forest/RFSplitbias/results/Splitbias-files/jobs/12/15912-result.RData
########## Executing jid=15913 ##########
Timestamp: 2016-04-28 17:59:49
Experiment: 
  Problem: taski 
  Problem parameters: idi=5028, learner=, teststat=, testtype= 
  Algorithm: forest.splitbias.oob 
  Algorithm parameters:  
  Replication: 50 
  Seed: 15913 
  Problem seed: 172 
Setting seed: 15913
Applying Algorithm forest.splitbias.oob ...
Generating problem taski ...
Result:
List of 3
 $ idi   : int 5028
 $ lrn   : chr [1:3] "randomForest" "oob" ""
 $ result: Named num [1:4] 4.29 2.17 4.69 85.12
  ..- attr(*, "names")= chr [1:4] "MAE" "MEDAE" "MEDSE" "MSE"
NULL
Writing result file: /home/probst/Random_Forest/RFSplitbias/results/Splitbias-files/jobs/13/15913-result.RData
########## Executing jid=15914 ##########
Timestamp: 2016-04-28 17:59:50
Experiment: 
  Problem: taski 
  Problem parameters: idi=3008, learner=, teststat=, testtype= 
  Algorithm: forest.splitbias.oob 
  Algorithm parameters:  
  Replication: 11 
  Seed: 15914 
  Problem seed: 133 
Setting seed: 15914
Applying Algorithm forest.splitbias.oob ...
Generating problem taski ...
Result:
List of 3
 $ idi   : int 3008
 $ lrn   : chr [1:3] "randomForest" "oob" ""
 $ result: Named num [1:4] 1.49 1.09 1.18 4.03
  ..- attr(*, "names")= chr [1:4] "MAE" "MEDAE" "MEDSE" "MSE"
NULL
Writing result file: /home/probst/Random_Forest/RFSplitbias/results/Splitbias-files/jobs/14/15914-result.RData
########## Executing jid=15915 ##########
Timestamp: 2016-04-28 17:59:55
Experiment: 
  Problem: taski 
  Problem parameters: idi=3008, learner=, teststat=, testtype= 
  Algorithm: forest.splitbias.oob 
  Algorithm parameters:  
  Replication: 12 
  Seed: 15915 
  Problem seed: 134 
Setting seed: 15915
Applying Algorithm forest.splitbias.oob ...
Generating problem taski ...
Result:
List of 3
 $ idi   : int 3008
 $ lrn   : chr [1:3] "randomForest" "oob" ""
 $ result: Named num [1:4] 1.48 1.12 1.26 3.99
  ..- attr(*, "names")= chr [1:4] "MAE" "MEDAE" "MEDSE" "MSE"
NULL
Writing result file: /home/probst/Random_Forest/RFSplitbias/results/Splitbias-files/jobs/15/15915-result.RData
########## Executing jid=15916 ##########
Timestamp: 2016-04-28 18:00:00
Experiment: 
  Problem: taski 
  Problem parameters: idi=3008, learner=, teststat=, testtype= 
  Algorithm: forest.splitbias.oob 
  Algorithm parameters:  
  Replication: 13 
  Seed: 15916 
  Problem seed: 135 
Setting seed: 15916
Applying Algorithm forest.splitbias.oob ...
Generating problem taski ...
Result:
List of 3
 $ idi   : int 3008
 $ lrn   : chr [1:3] "randomForest" "oob" ""
 $ result: Named num [1:4] 1.48 1.11 1.23 3.96
  ..- attr(*, "names")= chr [1:4] "MAE" "MEDAE" "MEDSE" "MSE"
NULL
Writing result file: /home/probst/Random_Forest/RFSplitbias/results/Splitbias-files/jobs/16/15916-result.RData
########## Executing jid=15917 ##########
Timestamp: 2016-04-28 18:00:04
Experiment: 
  Problem: taski 
  Problem parameters: idi=3008, learner=, teststat=, testtype= 
  Algorithm: forest.splitbias.oob 
  Algorithm parameters:  
  Replication: 14 
  Seed: 15917 
  Problem seed: 136 
Setting seed: 15917
Applying Algorithm forest.splitbias.oob ...
Generating problem taski ...
Result:
List of 3
 $ idi   : int 3008
 $ lrn   : chr [1:3] "randomForest" "oob" ""
 $ result: Named num [1:4] 1.48 1.09 1.2 4.01
  ..- attr(*, "names")= chr [1:4] "MAE" "MEDAE" "MEDSE" "MSE"
NULL
Writing result file: /home/probst/Random_Forest/RFSplitbias/results/Splitbias-files/jobs/17/15917-result.RData
########## Executing jid=15918 ##########
Timestamp: 2016-04-28 18:00:08
Experiment: 
  Problem: taski 
  Problem parameters: idi=3008, learner=, teststat=, testtype= 
  Algorithm: forest.splitbias.oob 
  Algorithm parameters:  
  Replication: 15 
  Seed: 15918 
  Problem seed: 137 
Setting seed: 15918
Applying Algorithm forest.splitbias.oob ...
Generating problem taski ...
Result:
List of 3
 $ idi   : int 3008
 $ lrn   : chr [1:3] "randomForest" "oob" ""
 $ result: Named num [1:4] 1.5 1.1 1.21 4.05
  ..- attr(*, "names")= chr [1:4] "MAE" "MEDAE" "MEDSE" "MSE"
NULL
Writing result file: /home/probst/Random_Forest/RFSplitbias/results/Splitbias-files/jobs/18/15918-result.RData
########## Executing jid=15919 ##########
Timestamp: 2016-04-28 18:00:12
Experiment: 
  Problem: taski 
  Problem parameters: idi=3008, learner=, teststat=, testtype= 
  Algorithm: forest.splitbias.oob 
  Algorithm parameters:  
  Replication: 16 
  Seed: 15919 
  Problem seed: 138 
Setting seed: 15919
Applying Algorithm forest.splitbias.oob ...
Generating problem taski ...
Result:
List of 3
 $ idi   : int 3008
 $ lrn   : chr [1:3] "randomForest" "oob" ""
 $ result: Named num [1:4] 1.49 1.1 1.21 4.06
  ..- attr(*, "names")= chr [1:4] "MAE" "MEDAE" "MEDSE" "MSE"
NULL
Writing result file: /home/probst/Random_Forest/RFSplitbias/results/Splitbias-files/jobs/19/15919-result.RData
########## Executing jid=15920 ##########
Timestamp: 2016-04-28 18:00:16
Experiment: 
  Problem: taski 
  Problem parameters: idi=3008, learner=, teststat=, testtype= 
  Algorithm: forest.splitbias.oob 
  Algorithm parameters:  
  Replication: 17 
  Seed: 15920 
  Problem seed: 139 
Setting seed: 15920
Applying Algorithm forest.splitbias.oob ...
Generating problem taski ...
Result:
List of 3
 $ idi   : int 3008
 $ lrn   : chr [1:3] "randomForest" "oob" ""
 $ result: Named num [1:4] 1.47 1.1 1.2 3.98
  ..- attr(*, "names")= chr [1:4] "MAE" "MEDAE" "MEDSE" "MSE"
NULL
Writing result file: /home/probst/Random_Forest/RFSplitbias/results/Splitbias-files/jobs/20/15920-result.RData
########## Executing jid=15921 ##########
Timestamp: 2016-04-28 18:00:20
Experiment: 
  Problem: taski 
  Problem parameters: idi=3008, learner=, teststat=, testtype= 
  Algorithm: forest.splitbias.oob 
  Algorithm parameters:  
  Replication: 18 
  Seed: 15921 
  Problem seed: 140 
Setting seed: 15921
Applying Algorithm forest.splitbias.oob ...
Generating problem taski ...
Result:
List of 3
 $ idi   : int 3008
 $ lrn   : chr [1:3] "randomForest" "oob" ""
 $ result: Named num [1:4] 1.48 1.1 1.22 3.99
  ..- attr(*, "names")= chr [1:4] "MAE" "MEDAE" "MEDSE" "MSE"
NULL
Writing result file: /home/probst/Random_Forest/RFSplitbias/results/Splitbias-files/jobs/21/15921-result.RData
########## Executing jid=15922 ##########
Timestamp: 2016-04-28 18:00:24
Experiment: 
  Problem: taski 
  Problem parameters: idi=3008, learner=, teststat=, testtype= 
  Algorithm: forest.splitbias.oob 
  Algorithm parameters:  
  Replication: 19 
  Seed: 15922 
  Problem seed: 141 
Setting seed: 15922
Applying Algorithm forest.splitbias.oob ...
Generating problem taski ...
Result:
List of 3
 $ idi   : int 3008
 $ lrn   : chr [1:3] "randomForest" "oob" ""
 $ result: Named num [1:4] 1.46 1.1 1.21 3.92
  ..- attr(*, "names")= chr [1:4] "MAE" "MEDAE" "MEDSE" "MSE"
NULL
Writing result file: /home/probst/Random_Forest/RFSplitbias/results/Splitbias-files/jobs/22/15922-result.RData
########## Executing jid=15923 ##########
Timestamp: 2016-04-28 18:00:27
Experiment: 
  Problem: taski 
  Problem parameters: idi=3008, learner=, teststat=, testtype= 
  Algorithm: forest.splitbias.oob 
  Algorithm parameters:  
  Replication: 20 
  Seed: 15923 
  Problem seed: 142 
Setting seed: 15923
Applying Algorithm forest.splitbias.oob ...
Generating problem taski ...
Result:
List of 3
 $ idi   : int 3008
 $ lrn   : chr [1:3] "randomForest" "oob" ""
 $ result: Named num [1:4] 1.47 1.08 1.18 4
  ..- attr(*, "names")= chr [1:4] "MAE" "MEDAE" "MEDSE" "MSE"
NULL
Writing result file: /home/probst/Random_Forest/RFSplitbias/results/Splitbias-files/jobs/23/15923-result.RData
########## Executing jid=15924 ##########
Timestamp: 2016-04-28 18:00:31
Experiment: 
  Problem: taski 
  Problem parameters: idi=3008, learner=, teststat=, testtype= 
  Algorithm: forest.splitbias.oob 
  Algorithm parameters:  
  Replication: 21 
  Seed: 15924 
  Problem seed: 143 
Setting seed: 15924
Applying Algorithm forest.splitbias.oob ...
Generating problem taski ...
Result:
List of 3
 $ idi   : int 3008
 $ lrn   : chr [1:3] "randomForest" "oob" ""
 $ result: Named num [1:4] 1.49 1.11 1.23 4
  ..- attr(*, "names")= chr [1:4] "MAE" "MEDAE" "MEDSE" "MSE"
NULL
Writing result file: /home/probst/Random_Forest/RFSplitbias/results/Splitbias-files/jobs/24/15924-result.RData
########## Executing jid=15925 ##########
Timestamp: 2016-04-28 18:00:35
Experiment: 
  Problem: taski 
  Problem parameters: idi=3008, learner=, teststat=, testtype= 
  Algorithm: forest.splitbias.oob 
  Algorithm parameters:  
  Replication: 22 
  Seed: 15925 
  Problem seed: 144 
Setting seed: 15925
Applying Algorithm forest.splitbias.oob ...
Generating problem taski ...
Result:
List of 3
 $ idi   : int 3008
 $ lrn   : chr [1:3] "randomForest" "oob" ""
 $ result: Named num [1:4] 1.48 1.13 1.27 4.01
  ..- attr(*, "names")= chr [1:4] "MAE" "MEDAE" "MEDSE" "MSE"
NULL
Writing result file: /home/probst/Random_Forest/RFSplitbias/results/Splitbias-files/jobs/25/15925-result.RData
########## Executing jid=15926 ##########
Timestamp: 2016-04-28 18:00:38
Experiment: 
  Problem: taski 
  Problem parameters: idi=3008, learner=, teststat=, testtype= 
  Algorithm: forest.splitbias.oob 
  Algorithm parameters:  
  Replication: 23 
  Seed: 15926 
  Problem seed: 145 
Setting seed: 15926
Applying Algorithm forest.splitbias.oob ...
Generating problem taski ...
Result:
List of 3
 $ idi   : int 3008
 $ lrn   : chr [1:3] "randomForest" "oob" ""
 $ result: Named num [1:4] 1.49 1.13 1.27 4
  ..- attr(*, "names")= chr [1:4] "MAE" "MEDAE" "MEDSE" "MSE"
NULL
Writing result file: /home/probst/Random_Forest/RFSplitbias/results/Splitbias-files/jobs/26/15926-result.RData
########## Executing jid=15927 ##########
Timestamp: 2016-04-28 18:00:43
Experiment: 
  Problem: taski 
  Problem parameters: idi=3008, learner=, teststat=, testtype= 
  Algorithm: forest.splitbias.oob 
  Algorithm parameters:  
  Replication: 24 
  Seed: 15927 
  Problem seed: 146 
Setting seed: 15927
Applying Algorithm forest.splitbias.oob ...
Generating problem taski ...
Result:
List of 3
 $ idi   : int 3008
 $ lrn   : chr [1:3] "randomForest" "oob" ""
 $ result: Named num [1:4] 1.49 1.12 1.24 4.04
  ..- attr(*, "names")= chr [1:4] "MAE" "MEDAE" "MEDSE" "MSE"
NULL
Writing result file: /home/probst/Random_Forest/RFSplitbias/results/Splitbias-files/jobs/27/15927-result.RData
########## Executing jid=15928 ##########
Timestamp: 2016-04-28 18:00:48
Experiment: 
  Problem: taski 
  Problem parameters: idi=3008, learner=, teststat=, testtype= 
  Algorithm: forest.splitbias.oob 
  Algorithm parameters:  
  Replication: 25 
  Seed: 15928 
  Problem seed: 147 
Setting seed: 15928
Applying Algorithm forest.splitbias.oob ...
Generating problem taski ...
Result:
List of 3
 $ idi   : int 3008
 $ lrn   : chr [1:3] "randomForest" "oob" ""
 $ result: Named num [1:4] 1.47 1.11 1.23 3.96
  ..- attr(*, "names")= chr [1:4] "MAE" "MEDAE" "MEDSE" "MSE"
NULL
Writing result file: /home/probst/Random_Forest/RFSplitbias/results/Splitbias-files/jobs/28/15928-result.RData
########## Executing jid=15929 ##########
Timestamp: 2016-04-28 18:00:52
Experiment: 
  Problem: taski 
  Problem parameters: idi=3008, learner=, teststat=, testtype= 
  Algorithm: forest.splitbias.oob 
  Algorithm parameters:  
  Replication: 26 
  Seed: 15929 
  Problem seed: 148 
Setting seed: 15929
Applying Algorithm forest.splitbias.oob ...
Generating problem taski ...
Result:
List of 3
 $ idi   : int 3008
 $ lrn   : chr [1:3] "randomForest" "oob" ""
 $ result: Named num [1:4] 1.47 1.09 1.19 3.95
  ..- attr(*, "names")= chr [1:4] "MAE" "MEDAE" "MEDSE" "MSE"
NULL
Writing result file: /home/probst/Random_Forest/RFSplitbias/results/Splitbias-files/jobs/29/15929-result.RData
########## Executing jid=15930 ##########
Timestamp: 2016-04-28 18:00:57
Experiment: 
  Problem: taski 
  Problem parameters: idi=3008, learner=, teststat=, testtype= 
  Algorithm: forest.splitbias.oob 
  Algorithm parameters:  
  Replication: 27 
  Seed: 15930 
  Problem seed: 149 
Setting seed: 15930
Applying Algorithm forest.splitbias.oob ...
Generating problem taski ...
Result:
List of 3
 $ idi   : int 3008
 $ lrn   : chr [1:3] "randomForest" "oob" ""
 $ result: Named num [1:4] 1.47 1.11 1.23 3.96
  ..- attr(*, "names")= chr [1:4] "MAE" "MEDAE" "MEDSE" "MSE"
NULL
Writing result file: /home/probst/Random_Forest/RFSplitbias/results/Splitbias-files/jobs/30/15930-result.RData
########## Executing jid=15931 ##########
Timestamp: 2016-04-28 18:01:01
Experiment: 
  Problem: taski 
  Problem parameters: idi=3008, learner=, teststat=, testtype= 
  Algorithm: forest.splitbias.oob 
  Algorithm parameters:  
  Replication: 28 
  Seed: 15931 
  Problem seed: 150 
Setting seed: 15931
Applying Algorithm forest.splitbias.oob ...
Generating problem taski ...
Result:
List of 3
 $ idi   : int 3008
 $ lrn   : chr [1:3] "randomForest" "oob" ""
 $ result: Named num [1:4] 1.47 1.09 1.2 3.93
  ..- attr(*, "names")= chr [1:4] "MAE" "MEDAE" "MEDSE" "MSE"
NULL
Writing result file: /home/probst/Random_Forest/RFSplitbias/results/Splitbias-files/jobs/31/15931-result.RData
########## Executing jid=15932 ##########
Timestamp: 2016-04-28 18:01:06
Experiment: 
  Problem: taski 
  Problem parameters: idi=3008, learner=, teststat=, testtype= 
  Algorithm: forest.splitbias.oob 
  Algorithm parameters:  
  Replication: 29 
  Seed: 15932 
  Problem seed: 151 
Setting seed: 15932
Applying Algorithm forest.splitbias.oob ...
Generating problem taski ...
Result:
List of 3
 $ idi   : int 3008
 $ lrn   : chr [1:3] "randomForest" "oob" ""
 $ result: Named num [1:4] 1.47 1.07 1.14 3.94
  ..- attr(*, "names")= chr [1:4] "MAE" "MEDAE" "MEDSE" "MSE"
NULL
Writing result file: /home/probst/Random_Forest/RFSplitbias/results/Splitbias-files/jobs/32/15932-result.RData
########## Executing jid=15933 ##########
Timestamp: 2016-04-28 18:01:10
Experiment: 
  Problem: taski 
  Problem parameters: idi=3008, learner=, teststat=, testtype= 
  Algorithm: forest.splitbias.oob 
  Algorithm parameters:  
  Replication: 30 
  Seed: 15933 
  Problem seed: 152 
Setting seed: 15933
Applying Algorithm forest.splitbias.oob ...
Generating problem taski ...
Result:
List of 3
 $ idi   : int 3008
 $ lrn   : chr [1:3] "randomForest" "oob" ""
 $ result: Named num [1:4] 1.48 1.09 1.2 3.98
  ..- attr(*, "names")= chr [1:4] "MAE" "MEDAE" "MEDSE" "MSE"
NULL
Writing result file: /home/probst/Random_Forest/RFSplitbias/results/Splitbias-files/jobs/33/15933-result.RData
########## Executing jid=15934 ##########
Timestamp: 2016-04-28 18:01:15
Experiment: 
  Problem: taski 
  Problem parameters: idi=3008, learner=, teststat=, testtype= 
  Algorithm: forest.splitbias.oob 
  Algorithm parameters:  
  Replication: 31 
  Seed: 15934 
  Problem seed: 153 
Setting seed: 15934
Applying Algorithm forest.splitbias.oob ...
Generating problem taski ...
Result:
List of 3
 $ idi   : int 3008
 $ lrn   : chr [1:3] "randomForest" "oob" ""
 $ result: Named num [1:4] 1.47 1.06 1.13 4
  ..- attr(*, "names")= chr [1:4] "MAE" "MEDAE" "MEDSE" "MSE"
NULL
Writing result file: /home/probst/Random_Forest/RFSplitbias/results/Splitbias-files/jobs/34/15934-result.RData
########## Executing jid=15935 ##########
Timestamp: 2016-04-28 18:01:20
Experiment: 
  Problem: taski 
  Problem parameters: idi=3008, learner=, teststat=, testtype= 
  Algorithm: forest.splitbias.oob 
  Algorithm parameters:  
  Replication: 32 
  Seed: 15935 
  Problem seed: 154 
Setting seed: 15935
Applying Algorithm forest.splitbias.oob ...
Generating problem taski ...
Result:
List of 3
 $ idi   : int 3008
 $ lrn   : chr [1:3] "randomForest" "oob" ""
 $ result: Named num [1:4] 1.47 1.1 1.2 3.95
  ..- attr(*, "names")= chr [1:4] "MAE" "MEDAE" "MEDSE" "MSE"
NULL
Writing result file: /home/probst/Random_Forest/RFSplitbias/results/Splitbias-files/jobs/35/15935-result.RData
########## Executing jid=15936 ##########
Timestamp: 2016-04-28 18:01:25
Experiment: 
  Problem: taski 
  Problem parameters: idi=3008, learner=, teststat=, testtype= 
  Algorithm: forest.splitbias.oob 
  Algorithm parameters:  
  Replication: 33 
  Seed: 15936 
  Problem seed: 155 
Setting seed: 15936
Applying Algorithm forest.splitbias.oob ...
Generating problem taski ...
Result:
List of 3
 $ idi   : int 3008
 $ lrn   : chr [1:3] "randomForest" "oob" ""
 $ result: Named num [1:4] 1.47 1.09 1.19 3.94
  ..- attr(*, "names")= chr [1:4] "MAE" "MEDAE" "MEDSE" "MSE"
NULL
Writing result file: /home/probst/Random_Forest/RFSplitbias/results/Splitbias-files/jobs/36/15936-result.RData
########## Executing jid=15937 ##########
Timestamp: 2016-04-28 18:01:30
Experiment: 
  Problem: taski 
  Problem parameters: idi=3008, learner=, teststat=, testtype= 
  Algorithm: forest.splitbias.oob 
  Algorithm parameters:  
  Replication: 34 
  Seed: 15937 
  Problem seed: 156 
Setting seed: 15937
Applying Algorithm forest.splitbias.oob ...
Generating problem taski ...
Result:
List of 3
 $ idi   : int 3008
 $ lrn   : chr [1:3] "randomForest" "oob" ""
 $ result: Named num [1:4] 1.47 1.08 1.16 3.92
  ..- attr(*, "names")= chr [1:4] "MAE" "MEDAE" "MEDSE" "MSE"
NULL
Writing result file: /home/probst/Random_Forest/RFSplitbias/results/Splitbias-files/jobs/37/15937-result.RData
########## Executing jid=15938 ##########
Timestamp: 2016-04-28 18:01:36
Experiment: 
  Problem: taski 
  Problem parameters: idi=3008, learner=, teststat=, testtype= 
  Algorithm: forest.splitbias.oob 
  Algorithm parameters:  
  Replication: 35 
  Seed: 15938 
  Problem seed: 157 
Setting seed: 15938
Applying Algorithm forest.splitbias.oob ...
Generating problem taski ...
Result:
List of 3
 $ idi   : int 3008
 $ lrn   : chr [1:3] "randomForest" "oob" ""
 $ result: Named num [1:4] 1.47 1.1 1.2 3.92
  ..- attr(*, "names")= chr [1:4] "MAE" "MEDAE" "MEDSE" "MSE"
NULL
Writing result file: /home/probst/Random_Forest/RFSplitbias/results/Splitbias-files/jobs/38/15938-result.RData
########## Executing jid=15939 ##########
Timestamp: 2016-04-28 18:01:41
Experiment: 
  Problem: taski 
  Problem parameters: idi=3008, learner=, teststat=, testtype= 
  Algorithm: forest.splitbias.oob 
  Algorithm parameters:  
  Replication: 36 
  Seed: 15939 
  Problem seed: 158 
Setting seed: 15939
Applying Algorithm forest.splitbias.oob ...
Generating problem taski ...
Result:
List of 3
 $ idi   : int 3008
 $ lrn   : chr [1:3] "randomForest" "oob" ""
 $ result: Named num [1:4] 1.49 1.11 1.23 4.03
  ..- attr(*, "names")= chr [1:4] "MAE" "MEDAE" "MEDSE" "MSE"
NULL
Writing result file: /home/probst/Random_Forest/RFSplitbias/results/Splitbias-files/jobs/39/15939-result.RData
########## Executing jid=15940 ##########
Timestamp: 2016-04-28 18:01:46
Experiment: 
  Problem: taski 
  Problem parameters: idi=3008, learner=, teststat=, testtype= 
  Algorithm: forest.splitbias.oob 
  Algorithm parameters:  
  Replication: 37 
  Seed: 15940 
  Problem seed: 159 
Setting seed: 15940
Applying Algorithm forest.splitbias.oob ...
Generating problem taski ...
Result:
List of 3
 $ idi   : int 3008
 $ lrn   : chr [1:3] "randomForest" "oob" ""
 $ result: Named num [1:4] 1.48 1.09 1.2 3.99
  ..- attr(*, "names")= chr [1:4] "MAE" "MEDAE" "MEDSE" "MSE"
NULL
Writing result file: /home/probst/Random_Forest/RFSplitbias/results/Splitbias-files/jobs/40/15940-result.RData
########## Executing jid=15941 ##########
Timestamp: 2016-04-28 18:01:50
Experiment: 
  Problem: taski 
  Problem parameters: idi=3008, learner=, teststat=, testtype= 
  Algorithm: forest.splitbias.oob 
  Algorithm parameters:  
  Replication: 38 
  Seed: 15941 
  Problem seed: 160 
Setting seed: 15941
Applying Algorithm forest.splitbias.oob ...
Generating problem taski ...
Result:
List of 3
 $ idi   : int 3008
 $ lrn   : chr [1:3] "randomForest" "oob" ""
 $ result: Named num [1:4] 1.48 1.09 1.18 3.97
  ..- attr(*, "names")= chr [1:4] "MAE" "MEDAE" "MEDSE" "MSE"
NULL
Writing result file: /home/probst/Random_Forest/RFSplitbias/results/Splitbias-files/jobs/41/15941-result.RData
########## Executing jid=15942 ##########
Timestamp: 2016-04-28 18:01:56
Experiment: 
  Problem: taski 
  Problem parameters: idi=3008, learner=, teststat=, testtype= 
  Algorithm: forest.splitbias.oob 
  Algorithm parameters:  
  Replication: 39 
  Seed: 15942 
  Problem seed: 161 
Setting seed: 15942
Applying Algorithm forest.splitbias.oob ...
Generating problem taski ...
Result:
List of 3
 $ idi   : int 3008
 $ lrn   : chr [1:3] "randomForest" "oob" ""
 $ result: Named num [1:4] 1.48 1.08 1.17 4.01
  ..- attr(*, "names")= chr [1:4] "MAE" "MEDAE" "MEDSE" "MSE"
NULL
Writing result file: /home/probst/Random_Forest/RFSplitbias/results/Splitbias-files/jobs/42/15942-result.RData
########## Executing jid=15943 ##########
Timestamp: 2016-04-28 18:02:01
Experiment: 
  Problem: taski 
  Problem parameters: idi=3008, learner=, teststat=, testtype= 
  Algorithm: forest.splitbias.oob 
  Algorithm parameters:  
  Replication: 40 
  Seed: 15943 
  Problem seed: 162 
Setting seed: 15943
Applying Algorithm forest.splitbias.oob ...
Generating problem taski ...
Result:
List of 3
 $ idi   : int 3008
 $ lrn   : chr [1:3] "randomForest" "oob" ""
 $ result: Named num [1:4] 1.47 1.07 1.15 3.9
  ..- attr(*, "names")= chr [1:4] "MAE" "MEDAE" "MEDSE" "MSE"
NULL
Writing result file: /home/probst/Random_Forest/RFSplitbias/results/Splitbias-files/jobs/43/15943-result.RData
########## Executing jid=15944 ##########
Timestamp: 2016-04-28 18:02:05
Experiment: 
  Problem: taski 
  Problem parameters: idi=3008, learner=, teststat=, testtype= 
  Algorithm: forest.splitbias.oob 
  Algorithm parameters:  
  Replication: 41 
  Seed: 15944 
  Problem seed: 163 
Setting seed: 15944
Applying Algorithm forest.splitbias.oob ...
Generating problem taski ...
Result:
List of 3
 $ idi   : int 3008
 $ lrn   : chr [1:3] "randomForest" "oob" ""
 $ result: Named num [1:4] 1.48 1.11 1.22 4.03
  ..- attr(*, "names")= chr [1:4] "MAE" "MEDAE" "MEDSE" "MSE"
NULL
Writing result file: /home/probst/Random_Forest/RFSplitbias/results/Splitbias-files/jobs/44/15944-result.RData
########## Executing jid=15945 ##########
Timestamp: 2016-04-28 18:02:09
Experiment: 
  Problem: taski 
  Problem parameters: idi=3008, learner=, teststat=, testtype= 
  Algorithm: forest.splitbias.oob 
  Algorithm parameters:  
  Replication: 42 
  Seed: 15945 
  Problem seed: 164 
Setting seed: 15945
Applying Algorithm forest.splitbias.oob ...
Generating problem taski ...
Result:
List of 3
 $ idi   : int 3008
 $ lrn   : chr [1:3] "randomForest" "oob" ""
 $ result: Named num [1:4] 1.47 1.12 1.25 3.96
  ..- attr(*, "names")= chr [1:4] "MAE" "MEDAE" "MEDSE" "MSE"
NULL
Writing result file: /home/probst/Random_Forest/RFSplitbias/results/Splitbias-files/jobs/45/15945-result.RData
########## Executing jid=15946 ##########
Timestamp: 2016-04-28 18:02:13
Experiment: 
  Problem: taski 
  Problem parameters: idi=3008, learner=, teststat=, testtype= 
  Algorithm: forest.splitbias.oob 
  Algorithm parameters:  
  Replication: 43 
  Seed: 15946 
  Problem seed: 165 
Setting seed: 15946
Applying Algorithm forest.splitbias.oob ...
Generating problem taski ...
Result:
List of 3
 $ idi   : int 3008
 $ lrn   : chr [1:3] "randomForest" "oob" ""
 $ result: Named num [1:4] 1.48 1.12 1.25 3.97
  ..- attr(*, "names")= chr [1:4] "MAE" "MEDAE" "MEDSE" "MSE"
NULL
Writing result file: /home/probst/Random_Forest/RFSplitbias/results/Splitbias-files/jobs/46/15946-result.RData
########## Executing jid=15947 ##########
Timestamp: 2016-04-28 18:02:17
Experiment: 
  Problem: taski 
  Problem parameters: idi=3008, learner=, teststat=, testtype= 
  Algorithm: forest.splitbias.oob 
  Algorithm parameters:  
  Replication: 44 
  Seed: 15947 
  Problem seed: 166 
Setting seed: 15947
Applying Algorithm forest.splitbias.oob ...
Generating problem taski ...
Result:
List of 3
 $ idi   : int 3008
 $ lrn   : chr [1:3] "randomForest" "oob" ""
 $ result: Named num [1:4] 1.47 1.09 1.19 3.98
  ..- attr(*, "names")= chr [1:4] "MAE" "MEDAE" "MEDSE" "MSE"
NULL
Writing result file: /home/probst/Random_Forest/RFSplitbias/results/Splitbias-files/jobs/47/15947-result.RData
########## Executing jid=15948 ##########
Timestamp: 2016-04-28 18:02:20
Experiment: 
  Problem: taski 
  Problem parameters: idi=3008, learner=, teststat=, testtype= 
  Algorithm: forest.splitbias.oob 
  Algorithm parameters:  
  Replication: 45 
  Seed: 15948 
  Problem seed: 167 
Setting seed: 15948
Applying Algorithm forest.splitbias.oob ...
Generating problem taski ...
Result:
List of 3
 $ idi   : int 3008
 $ lrn   : chr [1:3] "randomForest" "oob" ""
 $ result: Named num [1:4] 1.47 1.1 1.21 3.92
  ..- attr(*, "names")= chr [1:4] "MAE" "MEDAE" "MEDSE" "MSE"
NULL
Writing result file: /home/probst/Random_Forest/RFSplitbias/results/Splitbias-files/jobs/48/15948-result.RData
########## Executing jid=15949 ##########
Timestamp: 2016-04-28 18:02:24
Experiment: 
  Problem: taski 
  Problem parameters: idi=3008, learner=, teststat=, testtype= 
  Algorithm: forest.splitbias.oob 
  Algorithm parameters:  
  Replication: 46 
  Seed: 15949 
  Problem seed: 168 
Setting seed: 15949
Applying Algorithm forest.splitbias.oob ...
Generating problem taski ...
Result:
List of 3
 $ idi   : int 3008
 $ lrn   : chr [1:3] "randomForest" "oob" ""
 $ result: Named num [1:4] 1.47 1.1 1.22 3.94
  ..- attr(*, "names")= chr [1:4] "MAE" "MEDAE" "MEDSE" "MSE"
NULL
Writing result file: /home/probst/Random_Forest/RFSplitbias/results/Splitbias-files/jobs/49/15949-result.RData
########## Executing jid=15950 ##########
Timestamp: 2016-04-28 18:02:28
Experiment: 
  Problem: taski 
  Problem parameters: idi=3008, learner=, teststat=, testtype= 
  Algorithm: forest.splitbias.oob 
  Algorithm parameters:  
  Replication: 47 
  Seed: 15950 
  Problem seed: 169 
Setting seed: 15950
Applying Algorithm forest.splitbias.oob ...
Generating problem taski ...
Result:
List of 3
 $ idi   : int 3008
 $ lrn   : chr [1:3] "randomForest" "oob" ""
 $ result: Named num [1:4] 1.47 1.11 1.23 3.95
  ..- attr(*, "names")= chr [1:4] "MAE" "MEDAE" "MEDSE" "MSE"
NULL
Writing result file: /home/probst/Random_Forest/RFSplitbias/results/Splitbias-files/jobs/50/15950-result.RData
########## Executing jid=15951 ##########
Timestamp: 2016-04-28 18:02:31
Experiment: 
  Problem: taski 
  Problem parameters: idi=3008, learner=, teststat=, testtype= 
  Algorithm: forest.splitbias.oob 
  Algorithm parameters:  
  Replication: 48 
  Seed: 15951 
  Problem seed: 170 
Setting seed: 15951
Applying Algorithm forest.splitbias.oob ...
Generating problem taski ...
Result:
List of 3
 $ idi   : int 3008
 $ lrn   : chr [1:3] "randomForest" "oob" ""
 $ result: Named num [1:4] 1.47 1.09 1.19 3.96
  ..- attr(*, "names")= chr [1:4] "MAE" "MEDAE" "MEDSE" "MSE"
NULL
Writing result file: /home/probst/Random_Forest/RFSplitbias/results/Splitbias-files/jobs/51/15951-result.RData
########## Executing jid=15952 ##########
Timestamp: 2016-04-28 18:02:35
Experiment: 
  Problem: taski 
  Problem parameters: idi=3008, learner=, teststat=, testtype= 
  Algorithm: forest.splitbias.oob 
  Algorithm parameters:  
  Replication: 49 
  Seed: 15952 
  Problem seed: 171 
Setting seed: 15952
Applying Algorithm forest.splitbias.oob ...
Generating problem taski ...
Result:
List of 3
 $ idi   : int 3008
 $ lrn   : chr [1:3] "randomForest" "oob" ""
 $ result: Named num [1:4] 1.47 1.09 1.19 3.91
  ..- attr(*, "names")= chr [1:4] "MAE" "MEDAE" "MEDSE" "MSE"
NULL
Writing result file: /home/probst/Random_Forest/RFSplitbias/results/Splitbias-files/jobs/52/15952-result.RData
########## Executing jid=15953 ##########
Timestamp: 2016-04-28 18:02:39
Experiment: 
  Problem: taski 
  Problem parameters: idi=3008, learner=, teststat=, testtype= 
  Algorithm: forest.splitbias.oob 
  Algorithm parameters:  
  Replication: 50 
  Seed: 15953 
  Problem seed: 172 
Setting seed: 15953
Applying Algorithm forest.splitbias.oob ...
Generating problem taski ...
Result:
List of 3
 $ idi   : int 3008
 $ lrn   : chr [1:3] "randomForest" "oob" ""
 $ result: Named num [1:4] 1.49 1.12 1.26 4.03
  ..- attr(*, "names")= chr [1:4] "MAE" "MEDAE" "MEDSE" "MSE"
NULL
Writing result file: /home/probst/Random_Forest/RFSplitbias/results/Splitbias-files/jobs/53/15953-result.RData
2016-04-28 18:02:42: All done.
Setting work back to: /nfsmb/koll/probst/Random_Forest/RFSplitbias/results
Memory usage according to gc:
          used  (Mb) gc trigger  (Mb) max used  (Mb)
Ncells 2017388 107.8    3205452 171.2  2531857 135.3
Vcells 4666193  35.7   15996972 122.1 10514615  80.3
