Loading registry: /home/probst/Random_Forest/RFSplitbias/results/Splitbias-files/registry.RData
Loading conf: 
2016-04-28 17:54:56: Starting job on node lin65.
Auto-mailer settings: start=none, done=none, error=none.
Setting work dir: /nfsmb/koll/probst/Random_Forest/RFSplitbias/results
########## Executing jid=15756 ##########
Timestamp: 2016-04-28 17:54:56
Experiment: 
  Problem: taski 
  Problem parameters: idi=4857, learner=, teststat=, testtype= 
  Algorithm: forest.splitbias.oob 
  Algorithm parameters:  
  Replication: 13 
  Seed: 15756 
  Problem seed: 135 
Setting seed: 15756
Applying Algorithm forest.splitbias.oob ...
Generating problem taski ...
Result:
List of 3
 $ idi   : int 4857
 $ lrn   : chr [1:3] "randomForest" "oob" ""
 $ result: Named num [1:4] 2.12 1.46 2.14 10.26
  ..- attr(*, "names")= chr [1:4] "MAE" "MEDAE" "MEDSE" "MSE"
NULL
Writing result file: /home/probst/Random_Forest/RFSplitbias/results/Splitbias-files/jobs/56/15756-result.RData
########## Executing jid=15757 ##########
Timestamp: 2016-04-28 17:54:57
Experiment: 
  Problem: taski 
  Problem parameters: idi=4857, learner=, teststat=, testtype= 
  Algorithm: forest.splitbias.oob 
  Algorithm parameters:  
  Replication: 14 
  Seed: 15757 
  Problem seed: 136 
Setting seed: 15757
Applying Algorithm forest.splitbias.oob ...
Generating problem taski ...
Result:
List of 3
 $ idi   : int 4857
 $ lrn   : chr [1:3] "randomForest" "oob" ""
 $ result: Named num [1:4] 2.11 1.43 2.04 10.27
  ..- attr(*, "names")= chr [1:4] "MAE" "MEDAE" "MEDSE" "MSE"
NULL
Writing result file: /home/probst/Random_Forest/RFSplitbias/results/Splitbias-files/jobs/57/15757-result.RData
########## Executing jid=15758 ##########
Timestamp: 2016-04-28 17:54:59
Experiment: 
  Problem: taski 
  Problem parameters: idi=4857, learner=, teststat=, testtype= 
  Algorithm: forest.splitbias.oob 
  Algorithm parameters:  
  Replication: 15 
  Seed: 15758 
  Problem seed: 137 
Setting seed: 15758
Applying Algorithm forest.splitbias.oob ...
Generating problem taski ...
Result:
List of 3
 $ idi   : int 4857
 $ lrn   : chr [1:3] "randomForest" "oob" ""
 $ result: Named num [1:4] 2.13 1.5 2.26 10.32
  ..- attr(*, "names")= chr [1:4] "MAE" "MEDAE" "MEDSE" "MSE"
NULL
Writing result file: /home/probst/Random_Forest/RFSplitbias/results/Splitbias-files/jobs/58/15758-result.RData
########## Executing jid=15759 ##########
Timestamp: 2016-04-28 17:55:00
Experiment: 
  Problem: taski 
  Problem parameters: idi=4857, learner=, teststat=, testtype= 
  Algorithm: forest.splitbias.oob 
  Algorithm parameters:  
  Replication: 16 
  Seed: 15759 
  Problem seed: 138 
Setting seed: 15759
Applying Algorithm forest.splitbias.oob ...
Generating problem taski ...
Result:
List of 3
 $ idi   : int 4857
 $ lrn   : chr [1:3] "randomForest" "oob" ""
 $ result: Named num [1:4] 2.12 1.48 2.2 10.14
  ..- attr(*, "names")= chr [1:4] "MAE" "MEDAE" "MEDSE" "MSE"
NULL
Writing result file: /home/probst/Random_Forest/RFSplitbias/results/Splitbias-files/jobs/59/15759-result.RData
########## Executing jid=15760 ##########
Timestamp: 2016-04-28 17:55:02
Experiment: 
  Problem: taski 
  Problem parameters: idi=4857, learner=, teststat=, testtype= 
  Algorithm: forest.splitbias.oob 
  Algorithm parameters:  
  Replication: 17 
  Seed: 15760 
  Problem seed: 139 
Setting seed: 15760
Applying Algorithm forest.splitbias.oob ...
Generating problem taski ...
Result:
List of 3
 $ idi   : int 4857
 $ lrn   : chr [1:3] "randomForest" "oob" ""
 $ result: Named num [1:4] 2.12 1.45 2.1 10.12
  ..- attr(*, "names")= chr [1:4] "MAE" "MEDAE" "MEDSE" "MSE"
NULL
Writing result file: /home/probst/Random_Forest/RFSplitbias/results/Splitbias-files/jobs/60/15760-result.RData
########## Executing jid=15761 ##########
Timestamp: 2016-04-28 17:55:03
Experiment: 
  Problem: taski 
  Problem parameters: idi=4857, learner=, teststat=, testtype= 
  Algorithm: forest.splitbias.oob 
  Algorithm parameters:  
  Replication: 18 
  Seed: 15761 
  Problem seed: 140 
Setting seed: 15761
Applying Algorithm forest.splitbias.oob ...
Generating problem taski ...
Result:
List of 3
 $ idi   : int 4857
 $ lrn   : chr [1:3] "randomForest" "oob" ""
 $ result: Named num [1:4] 2.1 1.5 2.25 9.99
  ..- attr(*, "names")= chr [1:4] "MAE" "MEDAE" "MEDSE" "MSE"
NULL
Writing result file: /home/probst/Random_Forest/RFSplitbias/results/Splitbias-files/jobs/61/15761-result.RData
########## Executing jid=15762 ##########
Timestamp: 2016-04-28 17:55:04
Experiment: 
  Problem: taski 
  Problem parameters: idi=4857, learner=, teststat=, testtype= 
  Algorithm: forest.splitbias.oob 
  Algorithm parameters:  
  Replication: 19 
  Seed: 15762 
  Problem seed: 141 
Setting seed: 15762
Applying Algorithm forest.splitbias.oob ...
Generating problem taski ...
Result:
List of 3
 $ idi   : int 4857
 $ lrn   : chr [1:3] "randomForest" "oob" ""
 $ result: Named num [1:4] 2.13 1.44 2.06 10.21
  ..- attr(*, "names")= chr [1:4] "MAE" "MEDAE" "MEDSE" "MSE"
NULL
Writing result file: /home/probst/Random_Forest/RFSplitbias/results/Splitbias-files/jobs/62/15762-result.RData
########## Executing jid=15763 ##########
Timestamp: 2016-04-28 17:55:06
Experiment: 
  Problem: taski 
  Problem parameters: idi=4857, learner=, teststat=, testtype= 
  Algorithm: forest.splitbias.oob 
  Algorithm parameters:  
  Replication: 20 
  Seed: 15763 
  Problem seed: 142 
Setting seed: 15763
Applying Algorithm forest.splitbias.oob ...
Generating problem taski ...
Result:
List of 3
 $ idi   : int 4857
 $ lrn   : chr [1:3] "randomForest" "oob" ""
 $ result: Named num [1:4] 2.12 1.42 2.03 10.08
  ..- attr(*, "names")= chr [1:4] "MAE" "MEDAE" "MEDSE" "MSE"
NULL
Writing result file: /home/probst/Random_Forest/RFSplitbias/results/Splitbias-files/jobs/63/15763-result.RData
########## Executing jid=15764 ##########
Timestamp: 2016-04-28 17:55:07
Experiment: 
  Problem: taski 
  Problem parameters: idi=4857, learner=, teststat=, testtype= 
  Algorithm: forest.splitbias.oob 
  Algorithm parameters:  
  Replication: 21 
  Seed: 15764 
  Problem seed: 143 
Setting seed: 15764
Applying Algorithm forest.splitbias.oob ...
Generating problem taski ...
Result:
List of 3
 $ idi   : int 4857
 $ lrn   : chr [1:3] "randomForest" "oob" ""
 $ result: Named num [1:4] 2.13 1.46 2.14 10.19
  ..- attr(*, "names")= chr [1:4] "MAE" "MEDAE" "MEDSE" "MSE"
NULL
Writing result file: /home/probst/Random_Forest/RFSplitbias/results/Splitbias-files/jobs/64/15764-result.RData
########## Executing jid=15765 ##########
Timestamp: 2016-04-28 17:55:09
Experiment: 
  Problem: taski 
  Problem parameters: idi=4857, learner=, teststat=, testtype= 
  Algorithm: forest.splitbias.oob 
  Algorithm parameters:  
  Replication: 22 
  Seed: 15765 
  Problem seed: 144 
Setting seed: 15765
Applying Algorithm forest.splitbias.oob ...
Generating problem taski ...
Result:
List of 3
 $ idi   : int 4857
 $ lrn   : chr [1:3] "randomForest" "oob" ""
 $ result: Named num [1:4] 2.12 1.47 2.16 10.32
  ..- attr(*, "names")= chr [1:4] "MAE" "MEDAE" "MEDSE" "MSE"
NULL
Writing result file: /home/probst/Random_Forest/RFSplitbias/results/Splitbias-files/jobs/65/15765-result.RData
########## Executing jid=15766 ##########
Timestamp: 2016-04-28 17:55:10
Experiment: 
  Problem: taski 
  Problem parameters: idi=4857, learner=, teststat=, testtype= 
  Algorithm: forest.splitbias.oob 
  Algorithm parameters:  
  Replication: 23 
  Seed: 15766 
  Problem seed: 145 
Setting seed: 15766
Applying Algorithm forest.splitbias.oob ...
Generating problem taski ...
Result:
List of 3
 $ idi   : int 4857
 $ lrn   : chr [1:3] "randomForest" "oob" ""
 $ result: Named num [1:4] 2.13 1.44 2.07 10.26
  ..- attr(*, "names")= chr [1:4] "MAE" "MEDAE" "MEDSE" "MSE"
NULL
Writing result file: /home/probst/Random_Forest/RFSplitbias/results/Splitbias-files/jobs/66/15766-result.RData
########## Executing jid=15767 ##########
Timestamp: 2016-04-28 17:55:12
Experiment: 
  Problem: taski 
  Problem parameters: idi=4857, learner=, teststat=, testtype= 
  Algorithm: forest.splitbias.oob 
  Algorithm parameters:  
  Replication: 24 
  Seed: 15767 
  Problem seed: 146 
Setting seed: 15767
Applying Algorithm forest.splitbias.oob ...
Generating problem taski ...
Result:
List of 3
 $ idi   : int 4857
 $ lrn   : chr [1:3] "randomForest" "oob" ""
 $ result: Named num [1:4] 2.11 1.41 1.99 10.26
  ..- attr(*, "names")= chr [1:4] "MAE" "MEDAE" "MEDSE" "MSE"
NULL
Writing result file: /home/probst/Random_Forest/RFSplitbias/results/Splitbias-files/jobs/67/15767-result.RData
########## Executing jid=15768 ##########
Timestamp: 2016-04-28 17:55:13
Experiment: 
  Problem: taski 
  Problem parameters: idi=4857, learner=, teststat=, testtype= 
  Algorithm: forest.splitbias.oob 
  Algorithm parameters:  
  Replication: 25 
  Seed: 15768 
  Problem seed: 147 
Setting seed: 15768
Applying Algorithm forest.splitbias.oob ...
Generating problem taski ...
Result:
List of 3
 $ idi   : int 4857
 $ lrn   : chr [1:3] "randomForest" "oob" ""
 $ result: Named num [1:4] 2.12 1.42 2.02 10.15
  ..- attr(*, "names")= chr [1:4] "MAE" "MEDAE" "MEDSE" "MSE"
NULL
Writing result file: /home/probst/Random_Forest/RFSplitbias/results/Splitbias-files/jobs/68/15768-result.RData
########## Executing jid=15769 ##########
Timestamp: 2016-04-28 17:55:15
Experiment: 
  Problem: taski 
  Problem parameters: idi=4857, learner=, teststat=, testtype= 
  Algorithm: forest.splitbias.oob 
  Algorithm parameters:  
  Replication: 26 
  Seed: 15769 
  Problem seed: 148 
Setting seed: 15769
Applying Algorithm forest.splitbias.oob ...
Generating problem taski ...
Result:
List of 3
 $ idi   : int 4857
 $ lrn   : chr [1:3] "randomForest" "oob" ""
 $ result: Named num [1:4] 2.13 1.44 2.09 10.33
  ..- attr(*, "names")= chr [1:4] "MAE" "MEDAE" "MEDSE" "MSE"
NULL
Writing result file: /home/probst/Random_Forest/RFSplitbias/results/Splitbias-files/jobs/69/15769-result.RData
########## Executing jid=15770 ##########
Timestamp: 2016-04-28 17:55:16
Experiment: 
  Problem: taski 
  Problem parameters: idi=4857, learner=, teststat=, testtype= 
  Algorithm: forest.splitbias.oob 
  Algorithm parameters:  
  Replication: 27 
  Seed: 15770 
  Problem seed: 149 
Setting seed: 15770
Applying Algorithm forest.splitbias.oob ...
Generating problem taski ...
Result:
List of 3
 $ idi   : int 4857
 $ lrn   : chr [1:3] "randomForest" "oob" ""
 $ result: Named num [1:4] 2.14 1.46 2.13 10.22
  ..- attr(*, "names")= chr [1:4] "MAE" "MEDAE" "MEDSE" "MSE"
NULL
Writing result file: /home/probst/Random_Forest/RFSplitbias/results/Splitbias-files/jobs/70/15770-result.RData
########## Executing jid=15771 ##########
Timestamp: 2016-04-28 17:55:18
Experiment: 
  Problem: taski 
  Problem parameters: idi=4857, learner=, teststat=, testtype= 
  Algorithm: forest.splitbias.oob 
  Algorithm parameters:  
  Replication: 28 
  Seed: 15771 
  Problem seed: 150 
Setting seed: 15771
Applying Algorithm forest.splitbias.oob ...
Generating problem taski ...
Result:
List of 3
 $ idi   : int 4857
 $ lrn   : chr [1:3] "randomForest" "oob" ""
 $ result: Named num [1:4] 2.11 1.41 2 10.11
  ..- attr(*, "names")= chr [1:4] "MAE" "MEDAE" "MEDSE" "MSE"
NULL
Writing result file: /home/probst/Random_Forest/RFSplitbias/results/Splitbias-files/jobs/71/15771-result.RData
########## Executing jid=15772 ##########
Timestamp: 2016-04-28 17:55:20
Experiment: 
  Problem: taski 
  Problem parameters: idi=4857, learner=, teststat=, testtype= 
  Algorithm: forest.splitbias.oob 
  Algorithm parameters:  
  Replication: 29 
  Seed: 15772 
  Problem seed: 151 
Setting seed: 15772
Applying Algorithm forest.splitbias.oob ...
Generating problem taski ...
Result:
List of 3
 $ idi   : int 4857
 $ lrn   : chr [1:3] "randomForest" "oob" ""
 $ result: Named num [1:4] 2.12 1.43 2.05 10.22
  ..- attr(*, "names")= chr [1:4] "MAE" "MEDAE" "MEDSE" "MSE"
NULL
Writing result file: /home/probst/Random_Forest/RFSplitbias/results/Splitbias-files/jobs/72/15772-result.RData
########## Executing jid=15773 ##########
Timestamp: 2016-04-28 17:55:21
Experiment: 
  Problem: taski 
  Problem parameters: idi=4857, learner=, teststat=, testtype= 
  Algorithm: forest.splitbias.oob 
  Algorithm parameters:  
  Replication: 30 
  Seed: 15773 
  Problem seed: 152 
Setting seed: 15773
Applying Algorithm forest.splitbias.oob ...
Generating problem taski ...
Result:
List of 3
 $ idi   : int 4857
 $ lrn   : chr [1:3] "randomForest" "oob" ""
 $ result: Named num [1:4] 2.13 1.45 2.09 10.05
  ..- attr(*, "names")= chr [1:4] "MAE" "MEDAE" "MEDSE" "MSE"
NULL
Writing result file: /home/probst/Random_Forest/RFSplitbias/results/Splitbias-files/jobs/73/15773-result.RData
########## Executing jid=15774 ##########
Timestamp: 2016-04-28 17:55:24
Experiment: 
  Problem: taski 
  Problem parameters: idi=4857, learner=, teststat=, testtype= 
  Algorithm: forest.splitbias.oob 
  Algorithm parameters:  
  Replication: 31 
  Seed: 15774 
  Problem seed: 153 
Setting seed: 15774
Applying Algorithm forest.splitbias.oob ...
Generating problem taski ...
Result:
List of 3
 $ idi   : int 4857
 $ lrn   : chr [1:3] "randomForest" "oob" ""
 $ result: Named num [1:4] 2.13 1.5 2.26 10.29
  ..- attr(*, "names")= chr [1:4] "MAE" "MEDAE" "MEDSE" "MSE"
NULL
Writing result file: /home/probst/Random_Forest/RFSplitbias/results/Splitbias-files/jobs/74/15774-result.RData
########## Executing jid=15775 ##########
Timestamp: 2016-04-28 17:55:26
Experiment: 
  Problem: taski 
  Problem parameters: idi=4857, learner=, teststat=, testtype= 
  Algorithm: forest.splitbias.oob 
  Algorithm parameters:  
  Replication: 32 
  Seed: 15775 
  Problem seed: 154 
Setting seed: 15775
Applying Algorithm forest.splitbias.oob ...
Generating problem taski ...
Result:
List of 3
 $ idi   : int 4857
 $ lrn   : chr [1:3] "randomForest" "oob" ""
 $ result: Named num [1:4] 2.12 1.45 2.12 10.21
  ..- attr(*, "names")= chr [1:4] "MAE" "MEDAE" "MEDSE" "MSE"
NULL
Writing result file: /home/probst/Random_Forest/RFSplitbias/results/Splitbias-files/jobs/75/15775-result.RData
########## Executing jid=15776 ##########
Timestamp: 2016-04-28 17:55:28
Experiment: 
  Problem: taski 
  Problem parameters: idi=4857, learner=, teststat=, testtype= 
  Algorithm: forest.splitbias.oob 
  Algorithm parameters:  
  Replication: 33 
  Seed: 15776 
  Problem seed: 155 
Setting seed: 15776
Applying Algorithm forest.splitbias.oob ...
Generating problem taski ...
Result:
List of 3
 $ idi   : int 4857
 $ lrn   : chr [1:3] "randomForest" "oob" ""
 $ result: Named num [1:4] 2.13 1.46 2.13 10.26
  ..- attr(*, "names")= chr [1:4] "MAE" "MEDAE" "MEDSE" "MSE"
NULL
Writing result file: /home/probst/Random_Forest/RFSplitbias/results/Splitbias-files/jobs/76/15776-result.RData
########## Executing jid=15777 ##########
Timestamp: 2016-04-28 17:55:30
Experiment: 
  Problem: taski 
  Problem parameters: idi=4857, learner=, teststat=, testtype= 
  Algorithm: forest.splitbias.oob 
  Algorithm parameters:  
  Replication: 34 
  Seed: 15777 
  Problem seed: 156 
Setting seed: 15777
Applying Algorithm forest.splitbias.oob ...
Generating problem taski ...
Result:
List of 3
 $ idi   : int 4857
 $ lrn   : chr [1:3] "randomForest" "oob" ""
 $ result: Named num [1:4] 2.12 1.45 2.1 10.18
  ..- attr(*, "names")= chr [1:4] "MAE" "MEDAE" "MEDSE" "MSE"
NULL
Writing result file: /home/probst/Random_Forest/RFSplitbias/results/Splitbias-files/jobs/77/15777-result.RData
########## Executing jid=15778 ##########
Timestamp: 2016-04-28 17:55:33
Experiment: 
  Problem: taski 
  Problem parameters: idi=4857, learner=, teststat=, testtype= 
  Algorithm: forest.splitbias.oob 
  Algorithm parameters:  
  Replication: 35 
  Seed: 15778 
  Problem seed: 157 
Setting seed: 15778
Applying Algorithm forest.splitbias.oob ...
Generating problem taski ...
Result:
List of 3
 $ idi   : int 4857
 $ lrn   : chr [1:3] "randomForest" "oob" ""
 $ result: Named num [1:4] 2.13 1.47 2.15 10.42
  ..- attr(*, "names")= chr [1:4] "MAE" "MEDAE" "MEDSE" "MSE"
NULL
Writing result file: /home/probst/Random_Forest/RFSplitbias/results/Splitbias-files/jobs/78/15778-result.RData
########## Executing jid=15779 ##########
Timestamp: 2016-04-28 17:55:35
Experiment: 
  Problem: taski 
  Problem parameters: idi=4857, learner=, teststat=, testtype= 
  Algorithm: forest.splitbias.oob 
  Algorithm parameters:  
  Replication: 36 
  Seed: 15779 
  Problem seed: 158 
Setting seed: 15779
Applying Algorithm forest.splitbias.oob ...
Generating problem taski ...
Result:
List of 3
 $ idi   : int 4857
 $ lrn   : chr [1:3] "randomForest" "oob" ""
 $ result: Named num [1:4] 2.12 1.47 2.17 10.09
  ..- attr(*, "names")= chr [1:4] "MAE" "MEDAE" "MEDSE" "MSE"
NULL
Writing result file: /home/probst/Random_Forest/RFSplitbias/results/Splitbias-files/jobs/79/15779-result.RData
########## Executing jid=15780 ##########
Timestamp: 2016-04-28 17:55:37
Experiment: 
  Problem: taski 
  Problem parameters: idi=4857, learner=, teststat=, testtype= 
  Algorithm: forest.splitbias.oob 
  Algorithm parameters:  
  Replication: 37 
  Seed: 15780 
  Problem seed: 159 
Setting seed: 15780
Applying Algorithm forest.splitbias.oob ...
Generating problem taski ...
Result:
List of 3
 $ idi   : int 4857
 $ lrn   : chr [1:3] "randomForest" "oob" ""
 $ result: Named num [1:4] 2.12 1.44 2.07 10.06
  ..- attr(*, "names")= chr [1:4] "MAE" "MEDAE" "MEDSE" "MSE"
NULL
Writing result file: /home/probst/Random_Forest/RFSplitbias/results/Splitbias-files/jobs/80/15780-result.RData
########## Executing jid=15781 ##########
Timestamp: 2016-04-28 17:55:39
Experiment: 
  Problem: taski 
  Problem parameters: idi=4857, learner=, teststat=, testtype= 
  Algorithm: forest.splitbias.oob 
  Algorithm parameters:  
  Replication: 38 
  Seed: 15781 
  Problem seed: 160 
Setting seed: 15781
Applying Algorithm forest.splitbias.oob ...
Generating problem taski ...
Result:
List of 3
 $ idi   : int 4857
 $ lrn   : chr [1:3] "randomForest" "oob" ""
 $ result: Named num [1:4] 2.12 1.43 2.05 10.11
  ..- attr(*, "names")= chr [1:4] "MAE" "MEDAE" "MEDSE" "MSE"
NULL
Writing result file: /home/probst/Random_Forest/RFSplitbias/results/Splitbias-files/jobs/81/15781-result.RData
########## Executing jid=15782 ##########
Timestamp: 2016-04-28 17:55:41
Experiment: 
  Problem: taski 
  Problem parameters: idi=4857, learner=, teststat=, testtype= 
  Algorithm: forest.splitbias.oob 
  Algorithm parameters:  
  Replication: 39 
  Seed: 15782 
  Problem seed: 161 
Setting seed: 15782
Applying Algorithm forest.splitbias.oob ...
Generating problem taski ...
Result:
List of 3
 $ idi   : int 4857
 $ lrn   : chr [1:3] "randomForest" "oob" ""
 $ result: Named num [1:4] 2.14 1.43 2.05 10.34
  ..- attr(*, "names")= chr [1:4] "MAE" "MEDAE" "MEDSE" "MSE"
NULL
Writing result file: /home/probst/Random_Forest/RFSplitbias/results/Splitbias-files/jobs/82/15782-result.RData
########## Executing jid=15783 ##########
Timestamp: 2016-04-28 17:55:44
Experiment: 
  Problem: taski 
  Problem parameters: idi=4857, learner=, teststat=, testtype= 
  Algorithm: forest.splitbias.oob 
  Algorithm parameters:  
  Replication: 40 
  Seed: 15783 
  Problem seed: 162 
Setting seed: 15783
Applying Algorithm forest.splitbias.oob ...
Generating problem taski ...
Result:
List of 3
 $ idi   : int 4857
 $ lrn   : chr [1:3] "randomForest" "oob" ""
 $ result: Named num [1:4] 2.12 1.47 2.17 10.19
  ..- attr(*, "names")= chr [1:4] "MAE" "MEDAE" "MEDSE" "MSE"
NULL
Writing result file: /home/probst/Random_Forest/RFSplitbias/results/Splitbias-files/jobs/83/15783-result.RData
########## Executing jid=15784 ##########
Timestamp: 2016-04-28 17:55:46
Experiment: 
  Problem: taski 
  Problem parameters: idi=4857, learner=, teststat=, testtype= 
  Algorithm: forest.splitbias.oob 
  Algorithm parameters:  
  Replication: 41 
  Seed: 15784 
  Problem seed: 163 
Setting seed: 15784
Applying Algorithm forest.splitbias.oob ...
Generating problem taski ...
Result:
List of 3
 $ idi   : int 4857
 $ lrn   : chr [1:3] "randomForest" "oob" ""
 $ result: Named num [1:4] 2.13 1.46 2.14 10.05
  ..- attr(*, "names")= chr [1:4] "MAE" "MEDAE" "MEDSE" "MSE"
NULL
Writing result file: /home/probst/Random_Forest/RFSplitbias/results/Splitbias-files/jobs/84/15784-result.RData
########## Executing jid=15785 ##########
Timestamp: 2016-04-28 17:55:48
Experiment: 
  Problem: taski 
  Problem parameters: idi=4857, learner=, teststat=, testtype= 
  Algorithm: forest.splitbias.oob 
  Algorithm parameters:  
  Replication: 42 
  Seed: 15785 
  Problem seed: 164 
Setting seed: 15785
Applying Algorithm forest.splitbias.oob ...
Generating problem taski ...
Result:
List of 3
 $ idi   : int 4857
 $ lrn   : chr [1:3] "randomForest" "oob" ""
 $ result: Named num [1:4] 2.13 1.43 2.04 10.29
  ..- attr(*, "names")= chr [1:4] "MAE" "MEDAE" "MEDSE" "MSE"
NULL
Writing result file: /home/probst/Random_Forest/RFSplitbias/results/Splitbias-files/jobs/85/15785-result.RData
########## Executing jid=15786 ##########
Timestamp: 2016-04-28 17:55:50
Experiment: 
  Problem: taski 
  Problem parameters: idi=4857, learner=, teststat=, testtype= 
  Algorithm: forest.splitbias.oob 
  Algorithm parameters:  
  Replication: 43 
  Seed: 15786 
  Problem seed: 165 
Setting seed: 15786
Applying Algorithm forest.splitbias.oob ...
Generating problem taski ...
Result:
List of 3
 $ idi   : int 4857
 $ lrn   : chr [1:3] "randomForest" "oob" ""
 $ result: Named num [1:4] 2.12 1.48 2.2 10.06
  ..- attr(*, "names")= chr [1:4] "MAE" "MEDAE" "MEDSE" "MSE"
NULL
Writing result file: /home/probst/Random_Forest/RFSplitbias/results/Splitbias-files/jobs/86/15786-result.RData
########## Executing jid=15787 ##########
Timestamp: 2016-04-28 17:55:53
Experiment: 
  Problem: taski 
  Problem parameters: idi=4857, learner=, teststat=, testtype= 
  Algorithm: forest.splitbias.oob 
  Algorithm parameters:  
  Replication: 44 
  Seed: 15787 
  Problem seed: 166 
Setting seed: 15787
Applying Algorithm forest.splitbias.oob ...
Generating problem taski ...
Result:
List of 3
 $ idi   : int 4857
 $ lrn   : chr [1:3] "randomForest" "oob" ""
 $ result: Named num [1:4] 2.14 1.47 2.16 10.27
  ..- attr(*, "names")= chr [1:4] "MAE" "MEDAE" "MEDSE" "MSE"
NULL
Writing result file: /home/probst/Random_Forest/RFSplitbias/results/Splitbias-files/jobs/87/15787-result.RData
########## Executing jid=15788 ##########
Timestamp: 2016-04-28 17:55:55
Experiment: 
  Problem: taski 
  Problem parameters: idi=4857, learner=, teststat=, testtype= 
  Algorithm: forest.splitbias.oob 
  Algorithm parameters:  
  Replication: 45 
  Seed: 15788 
  Problem seed: 167 
Setting seed: 15788
Applying Algorithm forest.splitbias.oob ...
Generating problem taski ...
Result:
List of 3
 $ idi   : int 4857
 $ lrn   : chr [1:3] "randomForest" "oob" ""
 $ result: Named num [1:4] 2.13 1.46 2.12 10.24
  ..- attr(*, "names")= chr [1:4] "MAE" "MEDAE" "MEDSE" "MSE"
NULL
Writing result file: /home/probst/Random_Forest/RFSplitbias/results/Splitbias-files/jobs/88/15788-result.RData
########## Executing jid=15789 ##########
Timestamp: 2016-04-28 17:55:57
Experiment: 
  Problem: taski 
  Problem parameters: idi=4857, learner=, teststat=, testtype= 
  Algorithm: forest.splitbias.oob 
  Algorithm parameters:  
  Replication: 46 
  Seed: 15789 
  Problem seed: 168 
Setting seed: 15789
Applying Algorithm forest.splitbias.oob ...
Generating problem taski ...
Result:
List of 3
 $ idi   : int 4857
 $ lrn   : chr [1:3] "randomForest" "oob" ""
 $ result: Named num [1:4] 2.15 1.5 2.25 10.37
  ..- attr(*, "names")= chr [1:4] "MAE" "MEDAE" "MEDSE" "MSE"
NULL
Writing result file: /home/probst/Random_Forest/RFSplitbias/results/Splitbias-files/jobs/89/15789-result.RData
########## Executing jid=15790 ##########
Timestamp: 2016-04-28 17:55:59
Experiment: 
  Problem: taski 
  Problem parameters: idi=4857, learner=, teststat=, testtype= 
  Algorithm: forest.splitbias.oob 
  Algorithm parameters:  
  Replication: 47 
  Seed: 15790 
  Problem seed: 169 
Setting seed: 15790
Applying Algorithm forest.splitbias.oob ...
Generating problem taski ...
Result:
List of 3
 $ idi   : int 4857
 $ lrn   : chr [1:3] "randomForest" "oob" ""
 $ result: Named num [1:4] 2.12 1.45 2.12 10.25
  ..- attr(*, "names")= chr [1:4] "MAE" "MEDAE" "MEDSE" "MSE"
NULL
Writing result file: /home/probst/Random_Forest/RFSplitbias/results/Splitbias-files/jobs/90/15790-result.RData
########## Executing jid=15791 ##########
Timestamp: 2016-04-28 17:56:01
Experiment: 
  Problem: taski 
  Problem parameters: idi=4857, learner=, teststat=, testtype= 
  Algorithm: forest.splitbias.oob 
  Algorithm parameters:  
  Replication: 48 
  Seed: 15791 
  Problem seed: 170 
Setting seed: 15791
Applying Algorithm forest.splitbias.oob ...
Generating problem taski ...
Result:
List of 3
 $ idi   : int 4857
 $ lrn   : chr [1:3] "randomForest" "oob" ""
 $ result: Named num [1:4] 2.12 1.46 2.12 9.98
  ..- attr(*, "names")= chr [1:4] "MAE" "MEDAE" "MEDSE" "MSE"
NULL
Writing result file: /home/probst/Random_Forest/RFSplitbias/results/Splitbias-files/jobs/91/15791-result.RData
########## Executing jid=15792 ##########
Timestamp: 2016-04-28 17:56:04
Experiment: 
  Problem: taski 
  Problem parameters: idi=4857, learner=, teststat=, testtype= 
  Algorithm: forest.splitbias.oob 
  Algorithm parameters:  
  Replication: 49 
  Seed: 15792 
  Problem seed: 171 
Setting seed: 15792
Applying Algorithm forest.splitbias.oob ...
Generating problem taski ...
Result:
List of 3
 $ idi   : int 4857
 $ lrn   : chr [1:3] "randomForest" "oob" ""
 $ result: Named num [1:4] 2.13 1.46 2.13 10.28
  ..- attr(*, "names")= chr [1:4] "MAE" "MEDAE" "MEDSE" "MSE"
NULL
Writing result file: /home/probst/Random_Forest/RFSplitbias/results/Splitbias-files/jobs/92/15792-result.RData
########## Executing jid=15793 ##########
Timestamp: 2016-04-28 17:56:06
Experiment: 
  Problem: taski 
  Problem parameters: idi=4857, learner=, teststat=, testtype= 
  Algorithm: forest.splitbias.oob 
  Algorithm parameters:  
  Replication: 50 
  Seed: 15793 
  Problem seed: 172 
Setting seed: 15793
Applying Algorithm forest.splitbias.oob ...
Generating problem taski ...
Result:
List of 3
 $ idi   : int 4857
 $ lrn   : chr [1:3] "randomForest" "oob" ""
 $ result: Named num [1:4] 2.13 1.46 2.14 10.1
  ..- attr(*, "names")= chr [1:4] "MAE" "MEDAE" "MEDSE" "MSE"
NULL
Writing result file: /home/probst/Random_Forest/RFSplitbias/results/Splitbias-files/jobs/93/15793-result.RData
########## Executing jid=15794 ##########
Timestamp: 2016-04-28 17:56:08
Experiment: 
  Problem: taski 
  Problem parameters: idi=2311, learner=, teststat=, testtype= 
  Algorithm: forest.splitbias.oob 
  Algorithm parameters:  
  Replication: 11 
  Seed: 15794 
  Problem seed: 133 
Setting seed: 15794
Applying Algorithm forest.splitbias.oob ...
Generating problem taski ...
Result:
List of 3
 $ idi   : int 2311
 $ lrn   : chr [1:3] "randomForest" "oob" ""
 $ result: Named num [1:4] 0.543 0.421 0.177 0.51
  ..- attr(*, "names")= chr [1:4] "MAE" "MEDAE" "MEDSE" "MSE"
NULL
Writing result file: /home/probst/Random_Forest/RFSplitbias/results/Splitbias-files/jobs/94/15794-result.RData
########## Executing jid=15795 ##########
Timestamp: 2016-04-28 17:56:11
Experiment: 
  Problem: taski 
  Problem parameters: idi=2311, learner=, teststat=, testtype= 
  Algorithm: forest.splitbias.oob 
  Algorithm parameters:  
  Replication: 12 
  Seed: 15795 
  Problem seed: 134 
Setting seed: 15795
Applying Algorithm forest.splitbias.oob ...
Generating problem taski ...
Result:
List of 3
 $ idi   : int 2311
 $ lrn   : chr [1:3] "randomForest" "oob" ""
 $ result: Named num [1:4] 0.547 0.422 0.178 0.519
  ..- attr(*, "names")= chr [1:4] "MAE" "MEDAE" "MEDSE" "MSE"
NULL
Writing result file: /home/probst/Random_Forest/RFSplitbias/results/Splitbias-files/jobs/95/15795-result.RData
########## Executing jid=15796 ##########
Timestamp: 2016-04-28 17:56:14
Experiment: 
  Problem: taski 
  Problem parameters: idi=2311, learner=, teststat=, testtype= 
  Algorithm: forest.splitbias.oob 
  Algorithm parameters:  
  Replication: 13 
  Seed: 15796 
  Problem seed: 135 
Setting seed: 15796
Applying Algorithm forest.splitbias.oob ...
Generating problem taski ...
Result:
List of 3
 $ idi   : int 2311
 $ lrn   : chr [1:3] "randomForest" "oob" ""
 $ result: Named num [1:4] 0.542 0.431 0.185 0.512
  ..- attr(*, "names")= chr [1:4] "MAE" "MEDAE" "MEDSE" "MSE"
NULL
Writing result file: /home/probst/Random_Forest/RFSplitbias/results/Splitbias-files/jobs/96/15796-result.RData
########## Executing jid=15797 ##########
Timestamp: 2016-04-28 17:56:18
Experiment: 
  Problem: taski 
  Problem parameters: idi=2311, learner=, teststat=, testtype= 
  Algorithm: forest.splitbias.oob 
  Algorithm parameters:  
  Replication: 14 
  Seed: 15797 
  Problem seed: 136 
Setting seed: 15797
Applying Algorithm forest.splitbias.oob ...
Generating problem taski ...
Result:
List of 3
 $ idi   : int 2311
 $ lrn   : chr [1:3] "randomForest" "oob" ""
 $ result: Named num [1:4] 0.545 0.428 0.183 0.517
  ..- attr(*, "names")= chr [1:4] "MAE" "MEDAE" "MEDSE" "MSE"
NULL
Writing result file: /home/probst/Random_Forest/RFSplitbias/results/Splitbias-files/jobs/97/15797-result.RData
########## Executing jid=15798 ##########
Timestamp: 2016-04-28 17:56:21
Experiment: 
  Problem: taski 
  Problem parameters: idi=2311, learner=, teststat=, testtype= 
  Algorithm: forest.splitbias.oob 
  Algorithm parameters:  
  Replication: 15 
  Seed: 15798 
  Problem seed: 137 
Setting seed: 15798
Applying Algorithm forest.splitbias.oob ...
Generating problem taski ...
Result:
List of 3
 $ idi   : int 2311
 $ lrn   : chr [1:3] "randomForest" "oob" ""
 $ result: Named num [1:4] 0.54 0.428 0.183 0.508
  ..- attr(*, "names")= chr [1:4] "MAE" "MEDAE" "MEDSE" "MSE"
NULL
Writing result file: /home/probst/Random_Forest/RFSplitbias/results/Splitbias-files/jobs/98/15798-result.RData
########## Executing jid=15799 ##########
Timestamp: 2016-04-28 17:56:24
Experiment: 
  Problem: taski 
  Problem parameters: idi=2311, learner=, teststat=, testtype= 
  Algorithm: forest.splitbias.oob 
  Algorithm parameters:  
  Replication: 16 
  Seed: 15799 
  Problem seed: 138 
Setting seed: 15799
Applying Algorithm forest.splitbias.oob ...
Generating problem taski ...
Result:
List of 3
 $ idi   : int 2311
 $ lrn   : chr [1:3] "randomForest" "oob" ""
 $ result: Named num [1:4] 0.542 0.43 0.185 0.514
  ..- attr(*, "names")= chr [1:4] "MAE" "MEDAE" "MEDSE" "MSE"
NULL
Writing result file: /home/probst/Random_Forest/RFSplitbias/results/Splitbias-files/jobs/99/15799-result.RData
########## Executing jid=15800 ##########
Timestamp: 2016-04-28 17:56:27
Experiment: 
  Problem: taski 
  Problem parameters: idi=2311, learner=, teststat=, testtype= 
  Algorithm: forest.splitbias.oob 
  Algorithm parameters:  
  Replication: 17 
  Seed: 15800 
  Problem seed: 139 
Setting seed: 15800
Applying Algorithm forest.splitbias.oob ...
Generating problem taski ...
Result:
List of 3
 $ idi   : int 2311
 $ lrn   : chr [1:3] "randomForest" "oob" ""
 $ result: Named num [1:4] 0.541 0.422 0.178 0.511
  ..- attr(*, "names")= chr [1:4] "MAE" "MEDAE" "MEDSE" "MSE"
NULL
Writing result file: /home/probst/Random_Forest/RFSplitbias/results/Splitbias-files/jobs/00/15800-result.RData
########## Executing jid=15801 ##########
Timestamp: 2016-04-28 17:56:30
Experiment: 
  Problem: taski 
  Problem parameters: idi=2311, learner=, teststat=, testtype= 
  Algorithm: forest.splitbias.oob 
  Algorithm parameters:  
  Replication: 18 
  Seed: 15801 
  Problem seed: 140 
Setting seed: 15801
Applying Algorithm forest.splitbias.oob ...
Generating problem taski ...
Result:
List of 3
 $ idi   : int 2311
 $ lrn   : chr [1:3] "randomForest" "oob" ""
 $ result: Named num [1:4] 0.547 0.427 0.182 0.515
  ..- attr(*, "names")= chr [1:4] "MAE" "MEDAE" "MEDSE" "MSE"
NULL
Writing result file: /home/probst/Random_Forest/RFSplitbias/results/Splitbias-files/jobs/01/15801-result.RData
########## Executing jid=15802 ##########
Timestamp: 2016-04-28 17:56:33
Experiment: 
  Problem: taski 
  Problem parameters: idi=2311, learner=, teststat=, testtype= 
  Algorithm: forest.splitbias.oob 
  Algorithm parameters:  
  Replication: 19 
  Seed: 15802 
  Problem seed: 141 
Setting seed: 15802
Applying Algorithm forest.splitbias.oob ...
Generating problem taski ...
Result:
List of 3
 $ idi   : int 2311
 $ lrn   : chr [1:3] "randomForest" "oob" ""
 $ result: Named num [1:4] 0.544 0.436 0.19 0.517
  ..- attr(*, "names")= chr [1:4] "MAE" "MEDAE" "MEDSE" "MSE"
NULL
Writing result file: /home/probst/Random_Forest/RFSplitbias/results/Splitbias-files/jobs/02/15802-result.RData
########## Executing jid=15803 ##########
Timestamp: 2016-04-28 17:56:36
Experiment: 
  Problem: taski 
  Problem parameters: idi=2311, learner=, teststat=, testtype= 
  Algorithm: forest.splitbias.oob 
  Algorithm parameters:  
  Replication: 20 
  Seed: 15803 
  Problem seed: 142 
Setting seed: 15803
Applying Algorithm forest.splitbias.oob ...
Generating problem taski ...
Result:
List of 3
 $ idi   : int 2311
 $ lrn   : chr [1:3] "randomForest" "oob" ""
 $ result: Named num [1:4] 0.545 0.436 0.19 0.511
  ..- attr(*, "names")= chr [1:4] "MAE" "MEDAE" "MEDSE" "MSE"
NULL
Writing result file: /home/probst/Random_Forest/RFSplitbias/results/Splitbias-files/jobs/03/15803-result.RData
########## Executing jid=15804 ##########
Timestamp: 2016-04-28 17:56:39
Experiment: 
  Problem: taski 
  Problem parameters: idi=2311, learner=, teststat=, testtype= 
  Algorithm: forest.splitbias.oob 
  Algorithm parameters:  
  Replication: 21 
  Seed: 15804 
  Problem seed: 143 
Setting seed: 15804
Applying Algorithm forest.splitbias.oob ...
Generating problem taski ...
Result:
List of 3
 $ idi   : int 2311
 $ lrn   : chr [1:3] "randomForest" "oob" ""
 $ result: Named num [1:4] 0.547 0.432 0.186 0.521
  ..- attr(*, "names")= chr [1:4] "MAE" "MEDAE" "MEDSE" "MSE"
NULL
Writing result file: /home/probst/Random_Forest/RFSplitbias/results/Splitbias-files/jobs/04/15804-result.RData
########## Executing jid=15805 ##########
Timestamp: 2016-04-28 17:56:43
Experiment: 
  Problem: taski 
  Problem parameters: idi=2311, learner=, teststat=, testtype= 
  Algorithm: forest.splitbias.oob 
  Algorithm parameters:  
  Replication: 22 
  Seed: 15805 
  Problem seed: 144 
Setting seed: 15805
Applying Algorithm forest.splitbias.oob ...
Generating problem taski ...
Result:
List of 3
 $ idi   : int 2311
 $ lrn   : chr [1:3] "randomForest" "oob" ""
 $ result: Named num [1:4] 0.541 0.433 0.188 0.507
  ..- attr(*, "names")= chr [1:4] "MAE" "MEDAE" "MEDSE" "MSE"
NULL
Writing result file: /home/probst/Random_Forest/RFSplitbias/results/Splitbias-files/jobs/05/15805-result.RData
########## Executing jid=15806 ##########
Timestamp: 2016-04-28 17:56:46
Experiment: 
  Problem: taski 
  Problem parameters: idi=2311, learner=, teststat=, testtype= 
  Algorithm: forest.splitbias.oob 
  Algorithm parameters:  
  Replication: 23 
  Seed: 15806 
  Problem seed: 145 
Setting seed: 15806
Applying Algorithm forest.splitbias.oob ...
Generating problem taski ...
Result:
List of 3
 $ idi   : int 2311
 $ lrn   : chr [1:3] "randomForest" "oob" ""
 $ result: Named num [1:4] 0.543 0.434 0.188 0.507
  ..- attr(*, "names")= chr [1:4] "MAE" "MEDAE" "MEDSE" "MSE"
NULL
Writing result file: /home/probst/Random_Forest/RFSplitbias/results/Splitbias-files/jobs/06/15806-result.RData
########## Executing jid=15807 ##########
Timestamp: 2016-04-28 17:56:49
Experiment: 
  Problem: taski 
  Problem parameters: idi=2311, learner=, teststat=, testtype= 
  Algorithm: forest.splitbias.oob 
  Algorithm parameters:  
  Replication: 24 
  Seed: 15807 
  Problem seed: 146 
Setting seed: 15807
Applying Algorithm forest.splitbias.oob ...
Generating problem taski ...
Result:
List of 3
 $ idi   : int 2311
 $ lrn   : chr [1:3] "randomForest" "oob" ""
 $ result: Named num [1:4] 0.545 0.435 0.189 0.517
  ..- attr(*, "names")= chr [1:4] "MAE" "MEDAE" "MEDSE" "MSE"
NULL
Writing result file: /home/probst/Random_Forest/RFSplitbias/results/Splitbias-files/jobs/07/15807-result.RData
########## Executing jid=15808 ##########
Timestamp: 2016-04-28 17:56:53
Experiment: 
  Problem: taski 
  Problem parameters: idi=2311, learner=, teststat=, testtype= 
  Algorithm: forest.splitbias.oob 
  Algorithm parameters:  
  Replication: 25 
  Seed: 15808 
  Problem seed: 147 
Setting seed: 15808
Applying Algorithm forest.splitbias.oob ...
Generating problem taski ...
Result:
List of 3
 $ idi   : int 2311
 $ lrn   : chr [1:3] "randomForest" "oob" ""
 $ result: Named num [1:4] 0.547 0.432 0.186 0.519
  ..- attr(*, "names")= chr [1:4] "MAE" "MEDAE" "MEDSE" "MSE"
NULL
Writing result file: /home/probst/Random_Forest/RFSplitbias/results/Splitbias-files/jobs/08/15808-result.RData
########## Executing jid=15809 ##########
Timestamp: 2016-04-28 17:56:56
Experiment: 
  Problem: taski 
  Problem parameters: idi=2311, learner=, teststat=, testtype= 
  Algorithm: forest.splitbias.oob 
  Algorithm parameters:  
  Replication: 26 
  Seed: 15809 
  Problem seed: 148 
Setting seed: 15809
Applying Algorithm forest.splitbias.oob ...
Generating problem taski ...
Result:
List of 3
 $ idi   : int 2311
 $ lrn   : chr [1:3] "randomForest" "oob" ""
 $ result: Named num [1:4] 0.547 0.429 0.184 0.519
  ..- attr(*, "names")= chr [1:4] "MAE" "MEDAE" "MEDSE" "MSE"
NULL
Writing result file: /home/probst/Random_Forest/RFSplitbias/results/Splitbias-files/jobs/09/15809-result.RData
########## Executing jid=15810 ##########
Timestamp: 2016-04-28 17:56:59
Experiment: 
  Problem: taski 
  Problem parameters: idi=2311, learner=, teststat=, testtype= 
  Algorithm: forest.splitbias.oob 
  Algorithm parameters:  
  Replication: 27 
  Seed: 15810 
  Problem seed: 149 
Setting seed: 15810
Applying Algorithm forest.splitbias.oob ...
Generating problem taski ...
Result:
List of 3
 $ idi   : int 2311
 $ lrn   : chr [1:3] "randomForest" "oob" ""
 $ result: Named num [1:4] 0.545 0.448 0.201 0.516
  ..- attr(*, "names")= chr [1:4] "MAE" "MEDAE" "MEDSE" "MSE"
NULL
Writing result file: /home/probst/Random_Forest/RFSplitbias/results/Splitbias-files/jobs/10/15810-result.RData
########## Executing jid=15811 ##########
Timestamp: 2016-04-28 17:57:02
Experiment: 
  Problem: taski 
  Problem parameters: idi=2311, learner=, teststat=, testtype= 
  Algorithm: forest.splitbias.oob 
  Algorithm parameters:  
  Replication: 28 
  Seed: 15811 
  Problem seed: 150 
Setting seed: 15811
Applying Algorithm forest.splitbias.oob ...
Generating problem taski ...
Result:
List of 3
 $ idi   : int 2311
 $ lrn   : chr [1:3] "randomForest" "oob" ""
 $ result: Named num [1:4] 0.549 0.442 0.195 0.525
  ..- attr(*, "names")= chr [1:4] "MAE" "MEDAE" "MEDSE" "MSE"
NULL
Writing result file: /home/probst/Random_Forest/RFSplitbias/results/Splitbias-files/jobs/11/15811-result.RData
########## Executing jid=15812 ##########
Timestamp: 2016-04-28 17:57:05
Experiment: 
  Problem: taski 
  Problem parameters: idi=2311, learner=, teststat=, testtype= 
  Algorithm: forest.splitbias.oob 
  Algorithm parameters:  
  Replication: 29 
  Seed: 15812 
  Problem seed: 151 
Setting seed: 15812
Applying Algorithm forest.splitbias.oob ...
Generating problem taski ...
Result:
List of 3
 $ idi   : int 2311
 $ lrn   : chr [1:3] "randomForest" "oob" ""
 $ result: Named num [1:4] 0.542 0.431 0.186 0.509
  ..- attr(*, "names")= chr [1:4] "MAE" "MEDAE" "MEDSE" "MSE"
NULL
Writing result file: /home/probst/Random_Forest/RFSplitbias/results/Splitbias-files/jobs/12/15812-result.RData
########## Executing jid=15813 ##########
Timestamp: 2016-04-28 17:57:08
Experiment: 
  Problem: taski 
  Problem parameters: idi=2311, learner=, teststat=, testtype= 
  Algorithm: forest.splitbias.oob 
  Algorithm parameters:  
  Replication: 30 
  Seed: 15813 
  Problem seed: 152 
Setting seed: 15813
Applying Algorithm forest.splitbias.oob ...
Generating problem taski ...
Result:
List of 3
 $ idi   : int 2311
 $ lrn   : chr [1:3] "randomForest" "oob" ""
 $ result: Named num [1:4] 0.546 0.428 0.183 0.517
  ..- attr(*, "names")= chr [1:4] "MAE" "MEDAE" "MEDSE" "MSE"
NULL
Writing result file: /home/probst/Random_Forest/RFSplitbias/results/Splitbias-files/jobs/13/15813-result.RData
########## Executing jid=15814 ##########
Timestamp: 2016-04-28 17:57:10
Experiment: 
  Problem: taski 
  Problem parameters: idi=2311, learner=, teststat=, testtype= 
  Algorithm: forest.splitbias.oob 
  Algorithm parameters:  
  Replication: 31 
  Seed: 15814 
  Problem seed: 153 
Setting seed: 15814
Applying Algorithm forest.splitbias.oob ...
Generating problem taski ...
Result:
List of 3
 $ idi   : int 2311
 $ lrn   : chr [1:3] "randomForest" "oob" ""
 $ result: Named num [1:4] 0.544 0.434 0.188 0.517
  ..- attr(*, "names")= chr [1:4] "MAE" "MEDAE" "MEDSE" "MSE"
NULL
Writing result file: /home/probst/Random_Forest/RFSplitbias/results/Splitbias-files/jobs/14/15814-result.RData
########## Executing jid=15815 ##########
Timestamp: 2016-04-28 17:57:12
Experiment: 
  Problem: taski 
  Problem parameters: idi=2311, learner=, teststat=, testtype= 
  Algorithm: forest.splitbias.oob 
  Algorithm parameters:  
  Replication: 32 
  Seed: 15815 
  Problem seed: 154 
Setting seed: 15815
Applying Algorithm forest.splitbias.oob ...
Generating problem taski ...
Result:
List of 3
 $ idi   : int 2311
 $ lrn   : chr [1:3] "randomForest" "oob" ""
 $ result: Named num [1:4] 0.546 0.428 0.183 0.517
  ..- attr(*, "names")= chr [1:4] "MAE" "MEDAE" "MEDSE" "MSE"
NULL
Writing result file: /home/probst/Random_Forest/RFSplitbias/results/Splitbias-files/jobs/15/15815-result.RData
########## Executing jid=15816 ##########
Timestamp: 2016-04-28 17:57:15
Experiment: 
  Problem: taski 
  Problem parameters: idi=2311, learner=, teststat=, testtype= 
  Algorithm: forest.splitbias.oob 
  Algorithm parameters:  
  Replication: 33 
  Seed: 15816 
  Problem seed: 155 
Setting seed: 15816
Applying Algorithm forest.splitbias.oob ...
Generating problem taski ...
Result:
List of 3
 $ idi   : int 2311
 $ lrn   : chr [1:3] "randomForest" "oob" ""
 $ result: Named num [1:4] 0.545 0.433 0.188 0.515
  ..- attr(*, "names")= chr [1:4] "MAE" "MEDAE" "MEDSE" "MSE"
NULL
Writing result file: /home/probst/Random_Forest/RFSplitbias/results/Splitbias-files/jobs/16/15816-result.RData
########## Executing jid=15817 ##########
Timestamp: 2016-04-28 17:57:17
Experiment: 
  Problem: taski 
  Problem parameters: idi=2311, learner=, teststat=, testtype= 
  Algorithm: forest.splitbias.oob 
  Algorithm parameters:  
  Replication: 34 
  Seed: 15817 
  Problem seed: 156 
Setting seed: 15817
Applying Algorithm forest.splitbias.oob ...
Generating problem taski ...
Result:
List of 3
 $ idi   : int 2311
 $ lrn   : chr [1:3] "randomForest" "oob" ""
 $ result: Named num [1:4] 0.545 0.429 0.184 0.517
  ..- attr(*, "names")= chr [1:4] "MAE" "MEDAE" "MEDSE" "MSE"
NULL
Writing result file: /home/probst/Random_Forest/RFSplitbias/results/Splitbias-files/jobs/17/15817-result.RData
########## Executing jid=15818 ##########
Timestamp: 2016-04-28 17:57:19
Experiment: 
  Problem: taski 
  Problem parameters: idi=2311, learner=, teststat=, testtype= 
  Algorithm: forest.splitbias.oob 
  Algorithm parameters:  
  Replication: 35 
  Seed: 15818 
  Problem seed: 157 
Setting seed: 15818
Applying Algorithm forest.splitbias.oob ...
Generating problem taski ...
Result:
List of 3
 $ idi   : int 2311
 $ lrn   : chr [1:3] "randomForest" "oob" ""
 $ result: Named num [1:4] 0.546 0.434 0.188 0.518
  ..- attr(*, "names")= chr [1:4] "MAE" "MEDAE" "MEDSE" "MSE"
NULL
Writing result file: /home/probst/Random_Forest/RFSplitbias/results/Splitbias-files/jobs/18/15818-result.RData
########## Executing jid=15819 ##########
Timestamp: 2016-04-28 17:57:21
Experiment: 
  Problem: taski 
  Problem parameters: idi=2311, learner=, teststat=, testtype= 
  Algorithm: forest.splitbias.oob 
  Algorithm parameters:  
  Replication: 36 
  Seed: 15819 
  Problem seed: 158 
Setting seed: 15819
Applying Algorithm forest.splitbias.oob ...
Generating problem taski ...
Result:
List of 3
 $ idi   : int 2311
 $ lrn   : chr [1:3] "randomForest" "oob" ""
 $ result: Named num [1:4] 0.542 0.433 0.188 0.512
  ..- attr(*, "names")= chr [1:4] "MAE" "MEDAE" "MEDSE" "MSE"
NULL
Writing result file: /home/probst/Random_Forest/RFSplitbias/results/Splitbias-files/jobs/19/15819-result.RData
########## Executing jid=15820 ##########
Timestamp: 2016-04-28 17:57:23
Experiment: 
  Problem: taski 
  Problem parameters: idi=2311, learner=, teststat=, testtype= 
  Algorithm: forest.splitbias.oob 
  Algorithm parameters:  
  Replication: 37 
  Seed: 15820 
  Problem seed: 159 
Setting seed: 15820
Applying Algorithm forest.splitbias.oob ...
Generating problem taski ...
Result:
List of 3
 $ idi   : int 2311
 $ lrn   : chr [1:3] "randomForest" "oob" ""
 $ result: Named num [1:4] 0.544 0.432 0.187 0.515
  ..- attr(*, "names")= chr [1:4] "MAE" "MEDAE" "MEDSE" "MSE"
NULL
Writing result file: /home/probst/Random_Forest/RFSplitbias/results/Splitbias-files/jobs/20/15820-result.RData
########## Executing jid=15821 ##########
Timestamp: 2016-04-28 17:57:25
Experiment: 
  Problem: taski 
  Problem parameters: idi=2311, learner=, teststat=, testtype= 
  Algorithm: forest.splitbias.oob 
  Algorithm parameters:  
  Replication: 38 
  Seed: 15821 
  Problem seed: 160 
Setting seed: 15821
Applying Algorithm forest.splitbias.oob ...
Generating problem taski ...
Result:
List of 3
 $ idi   : int 2311
 $ lrn   : chr [1:3] "randomForest" "oob" ""
 $ result: Named num [1:4] 0.542 0.432 0.187 0.51
  ..- attr(*, "names")= chr [1:4] "MAE" "MEDAE" "MEDSE" "MSE"
NULL
Writing result file: /home/probst/Random_Forest/RFSplitbias/results/Splitbias-files/jobs/21/15821-result.RData
########## Executing jid=15822 ##########
Timestamp: 2016-04-28 17:57:27
Experiment: 
  Problem: taski 
  Problem parameters: idi=2311, learner=, teststat=, testtype= 
  Algorithm: forest.splitbias.oob 
  Algorithm parameters:  
  Replication: 39 
  Seed: 15822 
  Problem seed: 161 
Setting seed: 15822
Applying Algorithm forest.splitbias.oob ...
Generating problem taski ...
Result:
List of 3
 $ idi   : int 2311
 $ lrn   : chr [1:3] "randomForest" "oob" ""
 $ result: Named num [1:4] 0.541 0.416 0.173 0.511
  ..- attr(*, "names")= chr [1:4] "MAE" "MEDAE" "MEDSE" "MSE"
NULL
Writing result file: /home/probst/Random_Forest/RFSplitbias/results/Splitbias-files/jobs/22/15822-result.RData
########## Executing jid=15823 ##########
Timestamp: 2016-04-28 17:57:30
Experiment: 
  Problem: taski 
  Problem parameters: idi=2311, learner=, teststat=, testtype= 
  Algorithm: forest.splitbias.oob 
  Algorithm parameters:  
  Replication: 40 
  Seed: 15823 
  Problem seed: 162 
Setting seed: 15823
Applying Algorithm forest.splitbias.oob ...
Generating problem taski ...
Result:
List of 3
 $ idi   : int 2311
 $ lrn   : chr [1:3] "randomForest" "oob" ""
 $ result: Named num [1:4] 0.542 0.439 0.193 0.51
  ..- attr(*, "names")= chr [1:4] "MAE" "MEDAE" "MEDSE" "MSE"
NULL
Writing result file: /home/probst/Random_Forest/RFSplitbias/results/Splitbias-files/jobs/23/15823-result.RData
########## Executing jid=15824 ##########
Timestamp: 2016-04-28 17:57:32
Experiment: 
  Problem: taski 
  Problem parameters: idi=2311, learner=, teststat=, testtype= 
  Algorithm: forest.splitbias.oob 
  Algorithm parameters:  
  Replication: 41 
  Seed: 15824 
  Problem seed: 163 
Setting seed: 15824
Applying Algorithm forest.splitbias.oob ...
Generating problem taski ...
Result:
List of 3
 $ idi   : int 2311
 $ lrn   : chr [1:3] "randomForest" "oob" ""
 $ result: Named num [1:4] 0.543 0.433 0.187 0.51
  ..- attr(*, "names")= chr [1:4] "MAE" "MEDAE" "MEDSE" "MSE"
NULL
Writing result file: /home/probst/Random_Forest/RFSplitbias/results/Splitbias-files/jobs/24/15824-result.RData
########## Executing jid=15825 ##########
Timestamp: 2016-04-28 17:57:34
Experiment: 
  Problem: taski 
  Problem parameters: idi=2311, learner=, teststat=, testtype= 
  Algorithm: forest.splitbias.oob 
  Algorithm parameters:  
  Replication: 42 
  Seed: 15825 
  Problem seed: 164 
Setting seed: 15825
Applying Algorithm forest.splitbias.oob ...
Generating problem taski ...
Result:
List of 3
 $ idi   : int 2311
 $ lrn   : chr [1:3] "randomForest" "oob" ""
 $ result: Named num [1:4] 0.544 0.433 0.187 0.512
  ..- attr(*, "names")= chr [1:4] "MAE" "MEDAE" "MEDSE" "MSE"
NULL
Writing result file: /home/probst/Random_Forest/RFSplitbias/results/Splitbias-files/jobs/25/15825-result.RData
########## Executing jid=15826 ##########
Timestamp: 2016-04-28 17:57:36
Experiment: 
  Problem: taski 
  Problem parameters: idi=2311, learner=, teststat=, testtype= 
  Algorithm: forest.splitbias.oob 
  Algorithm parameters:  
  Replication: 43 
  Seed: 15826 
  Problem seed: 165 
Setting seed: 15826
Applying Algorithm forest.splitbias.oob ...
Generating problem taski ...
Result:
List of 3
 $ idi   : int 2311
 $ lrn   : chr [1:3] "randomForest" "oob" ""
 $ result: Named num [1:4] 0.544 0.427 0.182 0.516
  ..- attr(*, "names")= chr [1:4] "MAE" "MEDAE" "MEDSE" "MSE"
NULL
Writing result file: /home/probst/Random_Forest/RFSplitbias/results/Splitbias-files/jobs/26/15826-result.RData
########## Executing jid=15827 ##########
Timestamp: 2016-04-28 17:57:38
Experiment: 
  Problem: taski 
  Problem parameters: idi=2311, learner=, teststat=, testtype= 
  Algorithm: forest.splitbias.oob 
  Algorithm parameters:  
  Replication: 44 
  Seed: 15827 
  Problem seed: 166 
Setting seed: 15827
Applying Algorithm forest.splitbias.oob ...
Generating problem taski ...
Result:
List of 3
 $ idi   : int 2311
 $ lrn   : chr [1:3] "randomForest" "oob" ""
 $ result: Named num [1:4] 0.55 0.444 0.198 0.522
  ..- attr(*, "names")= chr [1:4] "MAE" "MEDAE" "MEDSE" "MSE"
NULL
Writing result file: /home/probst/Random_Forest/RFSplitbias/results/Splitbias-files/jobs/27/15827-result.RData
########## Executing jid=15828 ##########
Timestamp: 2016-04-28 17:57:40
Experiment: 
  Problem: taski 
  Problem parameters: idi=2311, learner=, teststat=, testtype= 
  Algorithm: forest.splitbias.oob 
  Algorithm parameters:  
  Replication: 45 
  Seed: 15828 
  Problem seed: 167 
Setting seed: 15828
Applying Algorithm forest.splitbias.oob ...
Generating problem taski ...
Result:
List of 3
 $ idi   : int 2311
 $ lrn   : chr [1:3] "randomForest" "oob" ""
 $ result: Named num [1:4] 0.544 0.433 0.188 0.517
  ..- attr(*, "names")= chr [1:4] "MAE" "MEDAE" "MEDSE" "MSE"
NULL
Writing result file: /home/probst/Random_Forest/RFSplitbias/results/Splitbias-files/jobs/28/15828-result.RData
########## Executing jid=15829 ##########
Timestamp: 2016-04-28 17:57:42
Experiment: 
  Problem: taski 
  Problem parameters: idi=2311, learner=, teststat=, testtype= 
  Algorithm: forest.splitbias.oob 
  Algorithm parameters:  
  Replication: 46 
  Seed: 15829 
  Problem seed: 168 
Setting seed: 15829
Applying Algorithm forest.splitbias.oob ...
Generating problem taski ...
Result:
List of 3
 $ idi   : int 2311
 $ lrn   : chr [1:3] "randomForest" "oob" ""
 $ result: Named num [1:4] 0.543 0.437 0.191 0.513
  ..- attr(*, "names")= chr [1:4] "MAE" "MEDAE" "MEDSE" "MSE"
NULL
Writing result file: /home/probst/Random_Forest/RFSplitbias/results/Splitbias-files/jobs/29/15829-result.RData
########## Executing jid=15830 ##########
Timestamp: 2016-04-28 17:57:45
Experiment: 
  Problem: taski 
  Problem parameters: idi=2311, learner=, teststat=, testtype= 
  Algorithm: forest.splitbias.oob 
  Algorithm parameters:  
  Replication: 47 
  Seed: 15830 
  Problem seed: 169 
Setting seed: 15830
Applying Algorithm forest.splitbias.oob ...
Generating problem taski ...
Result:
List of 3
 $ idi   : int 2311
 $ lrn   : chr [1:3] "randomForest" "oob" ""
 $ result: Named num [1:4] 0.548 0.43 0.185 0.521
  ..- attr(*, "names")= chr [1:4] "MAE" "MEDAE" "MEDSE" "MSE"
NULL
Writing result file: /home/probst/Random_Forest/RFSplitbias/results/Splitbias-files/jobs/30/15830-result.RData
########## Executing jid=15831 ##########
Timestamp: 2016-04-28 17:57:47
Experiment: 
  Problem: taski 
  Problem parameters: idi=2311, learner=, teststat=, testtype= 
  Algorithm: forest.splitbias.oob 
  Algorithm parameters:  
  Replication: 48 
  Seed: 15831 
  Problem seed: 170 
Setting seed: 15831
Applying Algorithm forest.splitbias.oob ...
Generating problem taski ...
Result:
List of 3
 $ idi   : int 2311
 $ lrn   : chr [1:3] "randomForest" "oob" ""
 $ result: Named num [1:4] 0.543 0.427 0.183 0.518
  ..- attr(*, "names")= chr [1:4] "MAE" "MEDAE" "MEDSE" "MSE"
NULL
Writing result file: /home/probst/Random_Forest/RFSplitbias/results/Splitbias-files/jobs/31/15831-result.RData
########## Executing jid=15832 ##########
Timestamp: 2016-04-28 17:57:49
Experiment: 
  Problem: taski 
  Problem parameters: idi=2311, learner=, teststat=, testtype= 
  Algorithm: forest.splitbias.oob 
  Algorithm parameters:  
  Replication: 49 
  Seed: 15832 
  Problem seed: 171 
Setting seed: 15832
Applying Algorithm forest.splitbias.oob ...
Generating problem taski ...
Result:
List of 3
 $ idi   : int 2311
 $ lrn   : chr [1:3] "randomForest" "oob" ""
 $ result: Named num [1:4] 0.546 0.429 0.184 0.517
  ..- attr(*, "names")= chr [1:4] "MAE" "MEDAE" "MEDSE" "MSE"
NULL
Writing result file: /home/probst/Random_Forest/RFSplitbias/results/Splitbias-files/jobs/32/15832-result.RData
########## Executing jid=15833 ##########
Timestamp: 2016-04-28 17:57:51
Experiment: 
  Problem: taski 
  Problem parameters: idi=2311, learner=, teststat=, testtype= 
  Algorithm: forest.splitbias.oob 
  Algorithm parameters:  
  Replication: 50 
  Seed: 15833 
  Problem seed: 172 
Setting seed: 15833
Applying Algorithm forest.splitbias.oob ...
Generating problem taski ...
Result:
List of 3
 $ idi   : int 2311
 $ lrn   : chr [1:3] "randomForest" "oob" ""
 $ result: Named num [1:4] 0.543 0.433 0.187 0.51
  ..- attr(*, "names")= chr [1:4] "MAE" "MEDAE" "MEDSE" "MSE"
NULL
Writing result file: /home/probst/Random_Forest/RFSplitbias/results/Splitbias-files/jobs/33/15833-result.RData
########## Executing jid=15834 ##########
Timestamp: 2016-04-28 17:57:53
Experiment: 
  Problem: taski 
  Problem parameters: idi=2297, learner=, teststat=, testtype= 
  Algorithm: forest.splitbias.oob 
  Algorithm parameters:  
  Replication: 11 
  Seed: 15834 
  Problem seed: 133 
Setting seed: 15834
Applying Algorithm forest.splitbias.oob ...
Generating problem taski ...
Result:
List of 3
 $ idi   : int 2297
 $ lrn   : chr [1:3] "randomForest" "oob" ""
 $ result: Named num [1:4] 0.08644 0.06353 0.00404 0.015
  ..- attr(*, "names")= chr [1:4] "MAE" "MEDAE" "MEDSE" "MSE"
NULL
Writing result file: /home/probst/Random_Forest/RFSplitbias/results/Splitbias-files/jobs/34/15834-result.RData
########## Executing jid=15835 ##########
Timestamp: 2016-04-28 17:57:54
Experiment: 
  Problem: taski 
  Problem parameters: idi=2297, learner=, teststat=, testtype= 
  Algorithm: forest.splitbias.oob 
  Algorithm parameters:  
  Replication: 12 
  Seed: 15835 
  Problem seed: 134 
Setting seed: 15835
Applying Algorithm forest.splitbias.oob ...
Generating problem taski ...
Result:
List of 3
 $ idi   : int 2297
 $ lrn   : chr [1:3] "randomForest" "oob" ""
 $ result: Named num [1:4] 0.08649 0.0633 0.00401 0.01487
  ..- attr(*, "names")= chr [1:4] "MAE" "MEDAE" "MEDSE" "MSE"
NULL
Writing result file: /home/probst/Random_Forest/RFSplitbias/results/Splitbias-files/jobs/35/15835-result.RData
########## Executing jid=15836 ##########
Timestamp: 2016-04-28 17:57:55
Experiment: 
  Problem: taski 
  Problem parameters: idi=2297, learner=, teststat=, testtype= 
  Algorithm: forest.splitbias.oob 
  Algorithm parameters:  
  Replication: 13 
  Seed: 15836 
  Problem seed: 135 
Setting seed: 15836
Applying Algorithm forest.splitbias.oob ...
Generating problem taski ...
Result:
List of 3
 $ idi   : int 2297
 $ lrn   : chr [1:3] "randomForest" "oob" ""
 $ result: Named num [1:4] 0.08644 0.06258 0.00392 0.01483
  ..- attr(*, "names")= chr [1:4] "MAE" "MEDAE" "MEDSE" "MSE"
NULL
Writing result file: /home/probst/Random_Forest/RFSplitbias/results/Splitbias-files/jobs/36/15836-result.RData
########## Executing jid=15837 ##########
Timestamp: 2016-04-28 17:57:56
Experiment: 
  Problem: taski 
  Problem parameters: idi=2297, learner=, teststat=, testtype= 
  Algorithm: forest.splitbias.oob 
  Algorithm parameters:  
  Replication: 14 
  Seed: 15837 
  Problem seed: 136 
Setting seed: 15837
Applying Algorithm forest.splitbias.oob ...
Generating problem taski ...
Result:
List of 3
 $ idi   : int 2297
 $ lrn   : chr [1:3] "randomForest" "oob" ""
 $ result: Named num [1:4] 0.08637 0.06334 0.00401 0.01474
  ..- attr(*, "names")= chr [1:4] "MAE" "MEDAE" "MEDSE" "MSE"
NULL
Writing result file: /home/probst/Random_Forest/RFSplitbias/results/Splitbias-files/jobs/37/15837-result.RData
########## Executing jid=15838 ##########
Timestamp: 2016-04-28 17:57:57
Experiment: 
  Problem: taski 
  Problem parameters: idi=2297, learner=, teststat=, testtype= 
  Algorithm: forest.splitbias.oob 
  Algorithm parameters:  
  Replication: 15 
  Seed: 15838 
  Problem seed: 137 
Setting seed: 15838
Applying Algorithm forest.splitbias.oob ...
Generating problem taski ...
Result:
List of 3
 $ idi   : int 2297
 $ lrn   : chr [1:3] "randomForest" "oob" ""
 $ result: Named num [1:4] 0.08619 0.06299 0.00397 0.01488
  ..- attr(*, "names")= chr [1:4] "MAE" "MEDAE" "MEDSE" "MSE"
NULL
Writing result file: /home/probst/Random_Forest/RFSplitbias/results/Splitbias-files/jobs/38/15838-result.RData
########## Executing jid=15839 ##########
Timestamp: 2016-04-28 17:57:59
Experiment: 
  Problem: taski 
  Problem parameters: idi=2297, learner=, teststat=, testtype= 
  Algorithm: forest.splitbias.oob 
  Algorithm parameters:  
  Replication: 16 
  Seed: 15839 
  Problem seed: 138 
Setting seed: 15839
Applying Algorithm forest.splitbias.oob ...
Generating problem taski ...
Result:
List of 3
 $ idi   : int 2297
 $ lrn   : chr [1:3] "randomForest" "oob" ""
 $ result: Named num [1:4] 0.0864 0.0655 0.0043 0.0147
  ..- attr(*, "names")= chr [1:4] "MAE" "MEDAE" "MEDSE" "MSE"
NULL
Writing result file: /home/probst/Random_Forest/RFSplitbias/results/Splitbias-files/jobs/39/15839-result.RData
########## Executing jid=15840 ##########
Timestamp: 2016-04-28 17:58:00
Experiment: 
  Problem: taski 
  Problem parameters: idi=2297, learner=, teststat=, testtype= 
  Algorithm: forest.splitbias.oob 
  Algorithm parameters:  
  Replication: 17 
  Seed: 15840 
  Problem seed: 139 
Setting seed: 15840
Applying Algorithm forest.splitbias.oob ...
Generating problem taski ...
Result:
List of 3
 $ idi   : int 2297
 $ lrn   : chr [1:3] "randomForest" "oob" ""
 $ result: Named num [1:4] 0.08619 0.06049 0.00366 0.01493
  ..- attr(*, "names")= chr [1:4] "MAE" "MEDAE" "MEDSE" "MSE"
NULL
Writing result file: /home/probst/Random_Forest/RFSplitbias/results/Splitbias-files/jobs/40/15840-result.RData
########## Executing jid=15841 ##########
Timestamp: 2016-04-28 17:58:01
Experiment: 
  Problem: taski 
  Problem parameters: idi=2297, learner=, teststat=, testtype= 
  Algorithm: forest.splitbias.oob 
  Algorithm parameters:  
  Replication: 18 
  Seed: 15841 
  Problem seed: 140 
Setting seed: 15841
Applying Algorithm forest.splitbias.oob ...
Generating problem taski ...
Result:
List of 3
 $ idi   : int 2297
 $ lrn   : chr [1:3] "randomForest" "oob" ""
 $ result: Named num [1:4] 0.08632 0.06284 0.00395 0.01479
  ..- attr(*, "names")= chr [1:4] "MAE" "MEDAE" "MEDSE" "MSE"
NULL
Writing result file: /home/probst/Random_Forest/RFSplitbias/results/Splitbias-files/jobs/41/15841-result.RData
########## Executing jid=15842 ##########
Timestamp: 2016-04-28 17:58:02
Experiment: 
  Problem: taski 
  Problem parameters: idi=2297, learner=, teststat=, testtype= 
  Algorithm: forest.splitbias.oob 
  Algorithm parameters:  
  Replication: 19 
  Seed: 15842 
  Problem seed: 141 
Setting seed: 15842
Applying Algorithm forest.splitbias.oob ...
Generating problem taski ...
Result:
List of 3
 $ idi   : int 2297
 $ lrn   : chr [1:3] "randomForest" "oob" ""
 $ result: Named num [1:4] 0.08653 0.06394 0.00409 0.01491
  ..- attr(*, "names")= chr [1:4] "MAE" "MEDAE" "MEDSE" "MSE"
NULL
Writing result file: /home/probst/Random_Forest/RFSplitbias/results/Splitbias-files/jobs/42/15842-result.RData
########## Executing jid=15843 ##########
Timestamp: 2016-04-28 17:58:03
Experiment: 
  Problem: taski 
  Problem parameters: idi=2297, learner=, teststat=, testtype= 
  Algorithm: forest.splitbias.oob 
  Algorithm parameters:  
  Replication: 20 
  Seed: 15843 
  Problem seed: 142 
Setting seed: 15843
Applying Algorithm forest.splitbias.oob ...
Generating problem taski ...
Result:
List of 3
 $ idi   : int 2297
 $ lrn   : chr [1:3] "randomForest" "oob" ""
 $ result: Named num [1:4] 0.0861 0.06353 0.00404 0.01466
  ..- attr(*, "names")= chr [1:4] "MAE" "MEDAE" "MEDSE" "MSE"
NULL
Writing result file: /home/probst/Random_Forest/RFSplitbias/results/Splitbias-files/jobs/43/15843-result.RData
########## Executing jid=15844 ##########
Timestamp: 2016-04-28 17:58:04
Experiment: 
  Problem: taski 
  Problem parameters: idi=2297, learner=, teststat=, testtype= 
  Algorithm: forest.splitbias.oob 
  Algorithm parameters:  
  Replication: 21 
  Seed: 15844 
  Problem seed: 143 
Setting seed: 15844
Applying Algorithm forest.splitbias.oob ...
Generating problem taski ...
Result:
List of 3
 $ idi   : int 2297
 $ lrn   : chr [1:3] "randomForest" "oob" ""
 $ result: Named num [1:4] 0.08616 0.06253 0.00391 0.01468
  ..- attr(*, "names")= chr [1:4] "MAE" "MEDAE" "MEDSE" "MSE"
NULL
Writing result file: /home/probst/Random_Forest/RFSplitbias/results/Splitbias-files/jobs/44/15844-result.RData
########## Executing jid=15845 ##########
Timestamp: 2016-04-28 17:58:05
Experiment: 
  Problem: taski 
  Problem parameters: idi=2297, learner=, teststat=, testtype= 
  Algorithm: forest.splitbias.oob 
  Algorithm parameters:  
  Replication: 22 
  Seed: 15845 
  Problem seed: 144 
Setting seed: 15845
Applying Algorithm forest.splitbias.oob ...
Generating problem taski ...
Result:
List of 3
 $ idi   : int 2297
 $ lrn   : chr [1:3] "randomForest" "oob" ""
 $ result: Named num [1:4] 0.08645 0.06426 0.00413 0.01478
  ..- attr(*, "names")= chr [1:4] "MAE" "MEDAE" "MEDSE" "MSE"
NULL
Writing result file: /home/probst/Random_Forest/RFSplitbias/results/Splitbias-files/jobs/45/15845-result.RData
########## Executing jid=15846 ##########
Timestamp: 2016-04-28 17:58:06
Experiment: 
  Problem: taski 
  Problem parameters: idi=2297, learner=, teststat=, testtype= 
  Algorithm: forest.splitbias.oob 
  Algorithm parameters:  
  Replication: 23 
  Seed: 15846 
  Problem seed: 145 
Setting seed: 15846
Applying Algorithm forest.splitbias.oob ...
Generating problem taski ...
Result:
List of 3
 $ idi   : int 2297
 $ lrn   : chr [1:3] "randomForest" "oob" ""
 $ result: Named num [1:4] 0.08631 0.06419 0.00412 0.01464
  ..- attr(*, "names")= chr [1:4] "MAE" "MEDAE" "MEDSE" "MSE"
NULL
Writing result file: /home/probst/Random_Forest/RFSplitbias/results/Splitbias-files/jobs/46/15846-result.RData
########## Executing jid=15847 ##########
Timestamp: 2016-04-28 17:58:07
Experiment: 
  Problem: taski 
  Problem parameters: idi=2297, learner=, teststat=, testtype= 
  Algorithm: forest.splitbias.oob 
  Algorithm parameters:  
  Replication: 24 
  Seed: 15847 
  Problem seed: 146 
Setting seed: 15847
Applying Algorithm forest.splitbias.oob ...
Generating problem taski ...
Result:
List of 3
 $ idi   : int 2297
 $ lrn   : chr [1:3] "randomForest" "oob" ""
 $ result: Named num [1:4] 0.08634 0.06064 0.00368 0.01471
  ..- attr(*, "names")= chr [1:4] "MAE" "MEDAE" "MEDSE" "MSE"
NULL
Writing result file: /home/probst/Random_Forest/RFSplitbias/results/Splitbias-files/jobs/47/15847-result.RData
########## Executing jid=15848 ##########
Timestamp: 2016-04-28 17:58:09
Experiment: 
  Problem: taski 
  Problem parameters: idi=2297, learner=, teststat=, testtype= 
  Algorithm: forest.splitbias.oob 
  Algorithm parameters:  
  Replication: 25 
  Seed: 15848 
  Problem seed: 147 
Setting seed: 15848
Applying Algorithm forest.splitbias.oob ...
Generating problem taski ...
Result:
List of 3
 $ idi   : int 2297
 $ lrn   : chr [1:3] "randomForest" "oob" ""
 $ result: Named num [1:4] 0.08662 0.06273 0.00394 0.01482
  ..- attr(*, "names")= chr [1:4] "MAE" "MEDAE" "MEDSE" "MSE"
NULL
Writing result file: /home/probst/Random_Forest/RFSplitbias/results/Splitbias-files/jobs/48/15848-result.RData
########## Executing jid=15849 ##########
Timestamp: 2016-04-28 17:58:10
Experiment: 
  Problem: taski 
  Problem parameters: idi=2297, learner=, teststat=, testtype= 
  Algorithm: forest.splitbias.oob 
  Algorithm parameters:  
  Replication: 26 
  Seed: 15849 
  Problem seed: 148 
Setting seed: 15849
Applying Algorithm forest.splitbias.oob ...
Generating problem taski ...
Result:
List of 3
 $ idi   : int 2297
 $ lrn   : chr [1:3] "randomForest" "oob" ""
 $ result: Named num [1:4] 0.08612 0.06261 0.00392 0.0148
  ..- attr(*, "names")= chr [1:4] "MAE" "MEDAE" "MEDSE" "MSE"
NULL
Writing result file: /home/probst/Random_Forest/RFSplitbias/results/Splitbias-files/jobs/49/15849-result.RData
########## Executing jid=15850 ##########
Timestamp: 2016-04-28 17:58:12
Experiment: 
  Problem: taski 
  Problem parameters: idi=2297, learner=, teststat=, testtype= 
  Algorithm: forest.splitbias.oob 
  Algorithm parameters:  
  Replication: 27 
  Seed: 15850 
  Problem seed: 149 
Setting seed: 15850
Applying Algorithm forest.splitbias.oob ...
Generating problem taski ...
Result:
List of 3
 $ idi   : int 2297
 $ lrn   : chr [1:3] "randomForest" "oob" ""
 $ result: Named num [1:4] 0.08654 0.06382 0.00407 0.01484
  ..- attr(*, "names")= chr [1:4] "MAE" "MEDAE" "MEDSE" "MSE"
NULL
Writing result file: /home/probst/Random_Forest/RFSplitbias/results/Splitbias-files/jobs/50/15850-result.RData
########## Executing jid=15851 ##########
Timestamp: 2016-04-28 17:58:13
Experiment: 
  Problem: taski 
  Problem parameters: idi=2297, learner=, teststat=, testtype= 
  Algorithm: forest.splitbias.oob 
  Algorithm parameters:  
  Replication: 28 
  Seed: 15851 
  Problem seed: 150 
Setting seed: 15851
Applying Algorithm forest.splitbias.oob ...
Generating problem taski ...
Result:
List of 3
 $ idi   : int 2297
 $ lrn   : chr [1:3] "randomForest" "oob" ""
 $ result: Named num [1:4] 0.08715 0.06472 0.00419 0.01492
  ..- attr(*, "names")= chr [1:4] "MAE" "MEDAE" "MEDSE" "MSE"
NULL
Writing result file: /home/probst/Random_Forest/RFSplitbias/results/Splitbias-files/jobs/51/15851-result.RData
########## Executing jid=15852 ##########
Timestamp: 2016-04-28 17:58:14
Experiment: 
  Problem: taski 
  Problem parameters: idi=2297, learner=, teststat=, testtype= 
  Algorithm: forest.splitbias.oob 
  Algorithm parameters:  
  Replication: 29 
  Seed: 15852 
  Problem seed: 151 
Setting seed: 15852
Applying Algorithm forest.splitbias.oob ...
Generating problem taski ...
Result:
List of 3
 $ idi   : int 2297
 $ lrn   : chr [1:3] "randomForest" "oob" ""
 $ result: Named num [1:4] 0.08609 0.06367 0.00405 0.01486
  ..- attr(*, "names")= chr [1:4] "MAE" "MEDAE" "MEDSE" "MSE"
NULL
Writing result file: /home/probst/Random_Forest/RFSplitbias/results/Splitbias-files/jobs/52/15852-result.RData
########## Executing jid=15853 ##########
Timestamp: 2016-04-28 17:58:16
Experiment: 
  Problem: taski 
  Problem parameters: idi=2297, learner=, teststat=, testtype= 
  Algorithm: forest.splitbias.oob 
  Algorithm parameters:  
  Replication: 30 
  Seed: 15853 
  Problem seed: 152 
Setting seed: 15853
Applying Algorithm forest.splitbias.oob ...
Generating problem taski ...
Result:
List of 3
 $ idi   : int 2297
 $ lrn   : chr [1:3] "randomForest" "oob" ""
 $ result: Named num [1:4] 0.08676 0.06364 0.00405 0.01499
  ..- attr(*, "names")= chr [1:4] "MAE" "MEDAE" "MEDSE" "MSE"
NULL
Writing result file: /home/probst/Random_Forest/RFSplitbias/results/Splitbias-files/jobs/53/15853-result.RData
########## Executing jid=15854 ##########
Timestamp: 2016-04-28 17:58:17
Experiment: 
  Problem: taski 
  Problem parameters: idi=2297, learner=, teststat=, testtype= 
  Algorithm: forest.splitbias.oob 
  Algorithm parameters:  
  Replication: 31 
  Seed: 15854 
  Problem seed: 153 
Setting seed: 15854
Applying Algorithm forest.splitbias.oob ...
Generating problem taski ...
Result:
List of 3
 $ idi   : int 2297
 $ lrn   : chr [1:3] "randomForest" "oob" ""
 $ result: Named num [1:4] 0.08654 0.06277 0.00394 0.01481
  ..- attr(*, "names")= chr [1:4] "MAE" "MEDAE" "MEDSE" "MSE"
NULL
Writing result file: /home/probst/Random_Forest/RFSplitbias/results/Splitbias-files/jobs/54/15854-result.RData
2016-04-28 17:58:18: All done.
Setting work back to: /nfsmb/koll/probst/Random_Forest/RFSplitbias/results
Memory usage according to gc:
          used  (Mb) gc trigger  (Mb) max used  (Mb)
Ncells 2015505 107.7    3205452 171.2  2395350 128.0
Vcells 4666107  35.6   15996972 122.1  7347194  56.1
