Loading registry: /home/probst/Random_Forest/RFSplitbias/results/Splitbias-files/registry.RData
Loading conf: 
2016-04-28 17:13:38: Starting job on node lin65.
Auto-mailer settings: start=none, done=none, error=none.
Setting work dir: /nfsmb/koll/probst/Random_Forest/RFSplitbias/results
########## Executing jid=12489 ##########
Timestamp: 2016-04-28 17:13:38
Experiment: 
  Problem: taski 
  Problem parameters: idi=5037, learner=, teststat=, testtype= 
  Algorithm: forest.splitbias.oob 
  Algorithm parameters:  
  Replication: 26 
  Seed: 12489 
  Problem seed: 148 
Setting seed: 12489
Applying Algorithm forest.splitbias.oob ...
Generating problem taski ...
Result:
List of 3
 $ idi   : int 5037
 $ lrn   : chr [1:3] "randomForest" "oob" ""
 $ result: Named num [1:4] 2.03 1.67 2.78 7.76
  ..- attr(*, "names")= chr [1:4] "MAE" "MEDAE" "MEDSE" "MSE"
NULL
Writing result file: /home/probst/Random_Forest/RFSplitbias/results/Splitbias-files/jobs/89/12489-result.RData
########## Executing jid=12490 ##########
Timestamp: 2016-04-28 17:13:39
Experiment: 
  Problem: taski 
  Problem parameters: idi=5037, learner=, teststat=, testtype= 
  Algorithm: forest.splitbias.oob 
  Algorithm parameters:  
  Replication: 27 
  Seed: 12490 
  Problem seed: 149 
Setting seed: 12490
Applying Algorithm forest.splitbias.oob ...
Generating problem taski ...
Result:
List of 3
 $ idi   : int 5037
 $ lrn   : chr [1:3] "randomForest" "oob" ""
 $ result: Named num [1:4] 2.05 1.62 2.63 7.96
  ..- attr(*, "names")= chr [1:4] "MAE" "MEDAE" "MEDSE" "MSE"
NULL
Writing result file: /home/probst/Random_Forest/RFSplitbias/results/Splitbias-files/jobs/90/12490-result.RData
########## Executing jid=12491 ##########
Timestamp: 2016-04-28 17:13:39
Experiment: 
  Problem: taski 
  Problem parameters: idi=5037, learner=, teststat=, testtype= 
  Algorithm: forest.splitbias.oob 
  Algorithm parameters:  
  Replication: 28 
  Seed: 12491 
  Problem seed: 150 
Setting seed: 12491
Applying Algorithm forest.splitbias.oob ...
Generating problem taski ...
Result:
List of 3
 $ idi   : int 5037
 $ lrn   : chr [1:3] "randomForest" "oob" ""
 $ result: Named num [1:4] 2.04 1.62 2.62 7.85
  ..- attr(*, "names")= chr [1:4] "MAE" "MEDAE" "MEDSE" "MSE"
NULL
Writing result file: /home/probst/Random_Forest/RFSplitbias/results/Splitbias-files/jobs/91/12491-result.RData
########## Executing jid=12492 ##########
Timestamp: 2016-04-28 17:13:40
Experiment: 
  Problem: taski 
  Problem parameters: idi=5037, learner=, teststat=, testtype= 
  Algorithm: forest.splitbias.oob 
  Algorithm parameters:  
  Replication: 29 
  Seed: 12492 
  Problem seed: 151 
Setting seed: 12492
Applying Algorithm forest.splitbias.oob ...
Generating problem taski ...
Result:
List of 3
 $ idi   : int 5037
 $ lrn   : chr [1:3] "randomForest" "oob" ""
 $ result: Named num [1:4] 2.05 1.65 2.73 7.99
  ..- attr(*, "names")= chr [1:4] "MAE" "MEDAE" "MEDSE" "MSE"
NULL
Writing result file: /home/probst/Random_Forest/RFSplitbias/results/Splitbias-files/jobs/92/12492-result.RData
########## Executing jid=12493 ##########
Timestamp: 2016-04-28 17:13:40
Experiment: 
  Problem: taski 
  Problem parameters: idi=5037, learner=, teststat=, testtype= 
  Algorithm: forest.splitbias.oob 
  Algorithm parameters:  
  Replication: 30 
  Seed: 12493 
  Problem seed: 152 
Setting seed: 12493
Applying Algorithm forest.splitbias.oob ...
Generating problem taski ...
Result:
List of 3
 $ idi   : int 5037
 $ lrn   : chr [1:3] "randomForest" "oob" ""
 $ result: Named num [1:4] 2.05 1.63 2.66 7.87
  ..- attr(*, "names")= chr [1:4] "MAE" "MEDAE" "MEDSE" "MSE"
NULL
Writing result file: /home/probst/Random_Forest/RFSplitbias/results/Splitbias-files/jobs/93/12493-result.RData
########## Executing jid=12494 ##########
Timestamp: 2016-04-28 17:13:41
Experiment: 
  Problem: taski 
  Problem parameters: idi=5037, learner=, teststat=, testtype= 
  Algorithm: forest.splitbias.oob 
  Algorithm parameters:  
  Replication: 31 
  Seed: 12494 
  Problem seed: 153 
Setting seed: 12494
Applying Algorithm forest.splitbias.oob ...
Generating problem taski ...
Result:
List of 3
 $ idi   : int 5037
 $ lrn   : chr [1:3] "randomForest" "oob" ""
 $ result: Named num [1:4] 2.09 1.62 2.61 8.19
  ..- attr(*, "names")= chr [1:4] "MAE" "MEDAE" "MEDSE" "MSE"
NULL
Writing result file: /home/probst/Random_Forest/RFSplitbias/results/Splitbias-files/jobs/94/12494-result.RData
########## Executing jid=12495 ##########
Timestamp: 2016-04-28 17:13:41
Experiment: 
  Problem: taski 
  Problem parameters: idi=5037, learner=, teststat=, testtype= 
  Algorithm: forest.splitbias.oob 
  Algorithm parameters:  
  Replication: 32 
  Seed: 12495 
  Problem seed: 154 
Setting seed: 12495
Applying Algorithm forest.splitbias.oob ...
Generating problem taski ...
Result:
List of 3
 $ idi   : int 5037
 $ lrn   : chr [1:3] "randomForest" "oob" ""
 $ result: Named num [1:4] 2.06 1.66 2.76 8.09
  ..- attr(*, "names")= chr [1:4] "MAE" "MEDAE" "MEDSE" "MSE"
NULL
Writing result file: /home/probst/Random_Forest/RFSplitbias/results/Splitbias-files/jobs/95/12495-result.RData
########## Executing jid=12496 ##########
Timestamp: 2016-04-28 17:13:42
Experiment: 
  Problem: taski 
  Problem parameters: idi=5037, learner=, teststat=, testtype= 
  Algorithm: forest.splitbias.oob 
  Algorithm parameters:  
  Replication: 33 
  Seed: 12496 
  Problem seed: 155 
Setting seed: 12496
Applying Algorithm forest.splitbias.oob ...
Generating problem taski ...
Result:
List of 3
 $ idi   : int 5037
 $ lrn   : chr [1:3] "randomForest" "oob" ""
 $ result: Named num [1:4] 2.07 1.71 2.94 8.02
  ..- attr(*, "names")= chr [1:4] "MAE" "MEDAE" "MEDSE" "MSE"
NULL
Writing result file: /home/probst/Random_Forest/RFSplitbias/results/Splitbias-files/jobs/96/12496-result.RData
########## Executing jid=12497 ##########
Timestamp: 2016-04-28 17:13:42
Experiment: 
  Problem: taski 
  Problem parameters: idi=5037, learner=, teststat=, testtype= 
  Algorithm: forest.splitbias.oob 
  Algorithm parameters:  
  Replication: 34 
  Seed: 12497 
  Problem seed: 156 
Setting seed: 12497
Applying Algorithm forest.splitbias.oob ...
Generating problem taski ...
Result:
List of 3
 $ idi   : int 5037
 $ lrn   : chr [1:3] "randomForest" "oob" ""
 $ result: Named num [1:4] 2.06 1.68 2.83 8.13
  ..- attr(*, "names")= chr [1:4] "MAE" "MEDAE" "MEDSE" "MSE"
NULL
Writing result file: /home/probst/Random_Forest/RFSplitbias/results/Splitbias-files/jobs/97/12497-result.RData
########## Executing jid=12498 ##########
Timestamp: 2016-04-28 17:13:43
Experiment: 
  Problem: taski 
  Problem parameters: idi=5037, learner=, teststat=, testtype= 
  Algorithm: forest.splitbias.oob 
  Algorithm parameters:  
  Replication: 35 
  Seed: 12498 
  Problem seed: 157 
Setting seed: 12498
Applying Algorithm forest.splitbias.oob ...
Generating problem taski ...
Result:
List of 3
 $ idi   : int 5037
 $ lrn   : chr [1:3] "randomForest" "oob" ""
 $ result: Named num [1:4] 2.08 1.74 3.04 8.17
  ..- attr(*, "names")= chr [1:4] "MAE" "MEDAE" "MEDSE" "MSE"
NULL
Writing result file: /home/probst/Random_Forest/RFSplitbias/results/Splitbias-files/jobs/98/12498-result.RData
########## Executing jid=12499 ##########
Timestamp: 2016-04-28 17:13:43
Experiment: 
  Problem: taski 
  Problem parameters: idi=5037, learner=, teststat=, testtype= 
  Algorithm: forest.splitbias.oob 
  Algorithm parameters:  
  Replication: 36 
  Seed: 12499 
  Problem seed: 158 
Setting seed: 12499
Applying Algorithm forest.splitbias.oob ...
Generating problem taski ...
Result:
List of 3
 $ idi   : int 5037
 $ lrn   : chr [1:3] "randomForest" "oob" ""
 $ result: Named num [1:4] 2.08 1.68 2.82 8.21
  ..- attr(*, "names")= chr [1:4] "MAE" "MEDAE" "MEDSE" "MSE"
NULL
Writing result file: /home/probst/Random_Forest/RFSplitbias/results/Splitbias-files/jobs/99/12499-result.RData
########## Executing jid=12500 ##########
Timestamp: 2016-04-28 17:13:44
Experiment: 
  Problem: taski 
  Problem parameters: idi=5037, learner=, teststat=, testtype= 
  Algorithm: forest.splitbias.oob 
  Algorithm parameters:  
  Replication: 37 
  Seed: 12500 
  Problem seed: 159 
Setting seed: 12500
Applying Algorithm forest.splitbias.oob ...
Generating problem taski ...
Result:
List of 3
 $ idi   : int 5037
 $ lrn   : chr [1:3] "randomForest" "oob" ""
 $ result: Named num [1:4] 2.08 1.72 2.95 7.93
  ..- attr(*, "names")= chr [1:4] "MAE" "MEDAE" "MEDSE" "MSE"
NULL
Writing result file: /home/probst/Random_Forest/RFSplitbias/results/Splitbias-files/jobs/00/12500-result.RData
########## Executing jid=12501 ##########
Timestamp: 2016-04-28 17:13:44
Experiment: 
  Problem: taski 
  Problem parameters: idi=5037, learner=, teststat=, testtype= 
  Algorithm: forest.splitbias.oob 
  Algorithm parameters:  
  Replication: 38 
  Seed: 12501 
  Problem seed: 160 
Setting seed: 12501
Applying Algorithm forest.splitbias.oob ...
Generating problem taski ...
Result:
List of 3
 $ idi   : int 5037
 $ lrn   : chr [1:3] "randomForest" "oob" ""
 $ result: Named num [1:4] 2.06 1.59 2.54 8
  ..- attr(*, "names")= chr [1:4] "MAE" "MEDAE" "MEDSE" "MSE"
NULL
Writing result file: /home/probst/Random_Forest/RFSplitbias/results/Splitbias-files/jobs/01/12501-result.RData
########## Executing jid=12502 ##########
Timestamp: 2016-04-28 17:13:45
Experiment: 
  Problem: taski 
  Problem parameters: idi=5037, learner=, teststat=, testtype= 
  Algorithm: forest.splitbias.oob 
  Algorithm parameters:  
  Replication: 39 
  Seed: 12502 
  Problem seed: 161 
Setting seed: 12502
Applying Algorithm forest.splitbias.oob ...
Generating problem taski ...
Result:
List of 3
 $ idi   : int 5037
 $ lrn   : chr [1:3] "randomForest" "oob" ""
 $ result: Named num [1:4] 2.05 1.69 2.87 7.98
  ..- attr(*, "names")= chr [1:4] "MAE" "MEDAE" "MEDSE" "MSE"
NULL
Writing result file: /home/probst/Random_Forest/RFSplitbias/results/Splitbias-files/jobs/02/12502-result.RData
########## Executing jid=12503 ##########
Timestamp: 2016-04-28 17:13:45
Experiment: 
  Problem: taski 
  Problem parameters: idi=5037, learner=, teststat=, testtype= 
  Algorithm: forest.splitbias.oob 
  Algorithm parameters:  
  Replication: 40 
  Seed: 12503 
  Problem seed: 162 
Setting seed: 12503
Applying Algorithm forest.splitbias.oob ...
Generating problem taski ...
Result:
List of 3
 $ idi   : int 5037
 $ lrn   : chr [1:3] "randomForest" "oob" ""
 $ result: Named num [1:4] 2.06 1.58 2.51 8.04
  ..- attr(*, "names")= chr [1:4] "MAE" "MEDAE" "MEDSE" "MSE"
NULL
Writing result file: /home/probst/Random_Forest/RFSplitbias/results/Splitbias-files/jobs/03/12503-result.RData
########## Executing jid=12504 ##########
Timestamp: 2016-04-28 17:13:46
Experiment: 
  Problem: taski 
  Problem parameters: idi=5037, learner=, teststat=, testtype= 
  Algorithm: forest.splitbias.oob 
  Algorithm parameters:  
  Replication: 41 
  Seed: 12504 
  Problem seed: 163 
Setting seed: 12504
Applying Algorithm forest.splitbias.oob ...
Generating problem taski ...
Result:
List of 3
 $ idi   : int 5037
 $ lrn   : chr [1:3] "randomForest" "oob" ""
 $ result: Named num [1:4] 2.07 1.62 2.61 8.07
  ..- attr(*, "names")= chr [1:4] "MAE" "MEDAE" "MEDSE" "MSE"
NULL
Writing result file: /home/probst/Random_Forest/RFSplitbias/results/Splitbias-files/jobs/04/12504-result.RData
########## Executing jid=12505 ##########
Timestamp: 2016-04-28 17:13:46
Experiment: 
  Problem: taski 
  Problem parameters: idi=5037, learner=, teststat=, testtype= 
  Algorithm: forest.splitbias.oob 
  Algorithm parameters:  
  Replication: 42 
  Seed: 12505 
  Problem seed: 164 
Setting seed: 12505
Applying Algorithm forest.splitbias.oob ...
Generating problem taski ...
Result:
List of 3
 $ idi   : int 5037
 $ lrn   : chr [1:3] "randomForest" "oob" ""
 $ result: Named num [1:4] 2.06 1.58 2.51 8.04
  ..- attr(*, "names")= chr [1:4] "MAE" "MEDAE" "MEDSE" "MSE"
NULL
Writing result file: /home/probst/Random_Forest/RFSplitbias/results/Splitbias-files/jobs/05/12505-result.RData
########## Executing jid=12506 ##########
Timestamp: 2016-04-28 17:13:47
Experiment: 
  Problem: taski 
  Problem parameters: idi=5037, learner=, teststat=, testtype= 
  Algorithm: forest.splitbias.oob 
  Algorithm parameters:  
  Replication: 43 
  Seed: 12506 
  Problem seed: 165 
Setting seed: 12506
Applying Algorithm forest.splitbias.oob ...
Generating problem taski ...
Result:
List of 3
 $ idi   : int 5037
 $ lrn   : chr [1:3] "randomForest" "oob" ""
 $ result: Named num [1:4] 2.04 1.57 2.47 8
  ..- attr(*, "names")= chr [1:4] "MAE" "MEDAE" "MEDSE" "MSE"
NULL
Writing result file: /home/probst/Random_Forest/RFSplitbias/results/Splitbias-files/jobs/06/12506-result.RData
########## Executing jid=12507 ##########
Timestamp: 2016-04-28 17:13:47
Experiment: 
  Problem: taski 
  Problem parameters: idi=5037, learner=, teststat=, testtype= 
  Algorithm: forest.splitbias.oob 
  Algorithm parameters:  
  Replication: 44 
  Seed: 12507 
  Problem seed: 166 
Setting seed: 12507
Applying Algorithm forest.splitbias.oob ...
Generating problem taski ...
Result:
List of 3
 $ idi   : int 5037
 $ lrn   : chr [1:3] "randomForest" "oob" ""
 $ result: Named num [1:4] 2.06 1.68 2.82 8.21
  ..- attr(*, "names")= chr [1:4] "MAE" "MEDAE" "MEDSE" "MSE"
NULL
Writing result file: /home/probst/Random_Forest/RFSplitbias/results/Splitbias-files/jobs/07/12507-result.RData
########## Executing jid=12508 ##########
Timestamp: 2016-04-28 17:13:48
Experiment: 
  Problem: taski 
  Problem parameters: idi=5037, learner=, teststat=, testtype= 
  Algorithm: forest.splitbias.oob 
  Algorithm parameters:  
  Replication: 45 
  Seed: 12508 
  Problem seed: 167 
Setting seed: 12508
Applying Algorithm forest.splitbias.oob ...
Generating problem taski ...
Result:
List of 3
 $ idi   : int 5037
 $ lrn   : chr [1:3] "randomForest" "oob" ""
 $ result: Named num [1:4] 2.06 1.65 2.73 7.86
  ..- attr(*, "names")= chr [1:4] "MAE" "MEDAE" "MEDSE" "MSE"
NULL
Writing result file: /home/probst/Random_Forest/RFSplitbias/results/Splitbias-files/jobs/08/12508-result.RData
########## Executing jid=12509 ##########
Timestamp: 2016-04-28 17:13:48
Experiment: 
  Problem: taski 
  Problem parameters: idi=5037, learner=, teststat=, testtype= 
  Algorithm: forest.splitbias.oob 
  Algorithm parameters:  
  Replication: 46 
  Seed: 12509 
  Problem seed: 168 
Setting seed: 12509
Applying Algorithm forest.splitbias.oob ...
Generating problem taski ...
Result:
List of 3
 $ idi   : int 5037
 $ lrn   : chr [1:3] "randomForest" "oob" ""
 $ result: Named num [1:4] 2.03 1.57 2.47 7.63
  ..- attr(*, "names")= chr [1:4] "MAE" "MEDAE" "MEDSE" "MSE"
NULL
Writing result file: /home/probst/Random_Forest/RFSplitbias/results/Splitbias-files/jobs/09/12509-result.RData
########## Executing jid=12510 ##########
Timestamp: 2016-04-28 17:13:49
Experiment: 
  Problem: taski 
  Problem parameters: idi=5037, learner=, teststat=, testtype= 
  Algorithm: forest.splitbias.oob 
  Algorithm parameters:  
  Replication: 47 
  Seed: 12510 
  Problem seed: 169 
Setting seed: 12510
Applying Algorithm forest.splitbias.oob ...
Generating problem taski ...
Result:
List of 3
 $ idi   : int 5037
 $ lrn   : chr [1:3] "randomForest" "oob" ""
 $ result: Named num [1:4] 2.09 1.67 2.78 8.13
  ..- attr(*, "names")= chr [1:4] "MAE" "MEDAE" "MEDSE" "MSE"
NULL
Writing result file: /home/probst/Random_Forest/RFSplitbias/results/Splitbias-files/jobs/10/12510-result.RData
########## Executing jid=12511 ##########
Timestamp: 2016-04-28 17:13:49
Experiment: 
  Problem: taski 
  Problem parameters: idi=5037, learner=, teststat=, testtype= 
  Algorithm: forest.splitbias.oob 
  Algorithm parameters:  
  Replication: 48 
  Seed: 12511 
  Problem seed: 170 
Setting seed: 12511
Applying Algorithm forest.splitbias.oob ...
Generating problem taski ...
Result:
List of 3
 $ idi   : int 5037
 $ lrn   : chr [1:3] "randomForest" "oob" ""
 $ result: Named num [1:4] 2.06 1.61 2.6 7.97
  ..- attr(*, "names")= chr [1:4] "MAE" "MEDAE" "MEDSE" "MSE"
NULL
Writing result file: /home/probst/Random_Forest/RFSplitbias/results/Splitbias-files/jobs/11/12511-result.RData
########## Executing jid=12512 ##########
Timestamp: 2016-04-28 17:13:50
Experiment: 
  Problem: taski 
  Problem parameters: idi=5037, learner=, teststat=, testtype= 
  Algorithm: forest.splitbias.oob 
  Algorithm parameters:  
  Replication: 49 
  Seed: 12512 
  Problem seed: 171 
Setting seed: 12512
Applying Algorithm forest.splitbias.oob ...
Generating problem taski ...
Result:
List of 3
 $ idi   : int 5037
 $ lrn   : chr [1:3] "randomForest" "oob" ""
 $ result: Named num [1:4] 2.04 1.62 2.64 7.86
  ..- attr(*, "names")= chr [1:4] "MAE" "MEDAE" "MEDSE" "MSE"
NULL
Writing result file: /home/probst/Random_Forest/RFSplitbias/results/Splitbias-files/jobs/12/12512-result.RData
########## Executing jid=12513 ##########
Timestamp: 2016-04-28 17:13:50
Experiment: 
  Problem: taski 
  Problem parameters: idi=5037, learner=, teststat=, testtype= 
  Algorithm: forest.splitbias.oob 
  Algorithm parameters:  
  Replication: 50 
  Seed: 12513 
  Problem seed: 172 
Setting seed: 12513
Applying Algorithm forest.splitbias.oob ...
Generating problem taski ...
Result:
List of 3
 $ idi   : int 5037
 $ lrn   : chr [1:3] "randomForest" "oob" ""
 $ result: Named num [1:4] 2.06 1.73 2.99 7.94
  ..- attr(*, "names")= chr [1:4] "MAE" "MEDAE" "MEDSE" "MSE"
NULL
Writing result file: /home/probst/Random_Forest/RFSplitbias/results/Splitbias-files/jobs/13/12513-result.RData
########## Executing jid=12514 ##########
Timestamp: 2016-04-28 17:13:51
Experiment: 
  Problem: taski 
  Problem parameters: idi=5003, learner=, teststat=, testtype= 
  Algorithm: forest.splitbias.oob 
  Algorithm parameters:  
  Replication: 11 
  Seed: 12514 
  Problem seed: 133 
Setting seed: 12514
Applying Algorithm forest.splitbias.oob ...
Generating problem taski ...
Warnung in randomForest.default(m, y, ...)
  The response has five or fewer unique values.  Are you sure you want to do regression?
Result:
List of 3
 $ idi   : int 5003
 $ lrn   : chr [1:3] "randomForest" "oob" ""
 $ result: Named num [1:4] 0.451 0.344 0.118 0.326
  ..- attr(*, "names")= chr [1:4] "MAE" "MEDAE" "MEDSE" "MSE"
NULL
Writing result file: /home/probst/Random_Forest/RFSplitbias/results/Splitbias-files/jobs/14/12514-result.RData
########## Executing jid=12515 ##########
Timestamp: 2016-04-28 17:13:51
Experiment: 
  Problem: taski 
  Problem parameters: idi=5003, learner=, teststat=, testtype= 
  Algorithm: forest.splitbias.oob 
  Algorithm parameters:  
  Replication: 12 
  Seed: 12515 
  Problem seed: 134 
Setting seed: 12515
Applying Algorithm forest.splitbias.oob ...
Generating problem taski ...
Warnung in randomForest.default(m, y, ...)
  The response has five or fewer unique values.  Are you sure you want to do regression?
Result:
List of 3
 $ idi   : int 5003
 $ lrn   : chr [1:3] "randomForest" "oob" ""
 $ result: Named num [1:4] 0.468 0.341 0.116 0.352
  ..- attr(*, "names")= chr [1:4] "MAE" "MEDAE" "MEDSE" "MSE"
NULL
Writing result file: /home/probst/Random_Forest/RFSplitbias/results/Splitbias-files/jobs/15/12515-result.RData
########## Executing jid=12516 ##########
Timestamp: 2016-04-28 17:13:52
Experiment: 
  Problem: taski 
  Problem parameters: idi=5003, learner=, teststat=, testtype= 
  Algorithm: forest.splitbias.oob 
  Algorithm parameters:  
  Replication: 13 
  Seed: 12516 
  Problem seed: 135 
Setting seed: 12516
Applying Algorithm forest.splitbias.oob ...
Generating problem taski ...
Warnung in randomForest.default(m, y, ...)
  The response has five or fewer unique values.  Are you sure you want to do regression?
Result:
List of 3
 $ idi   : int 5003
 $ lrn   : chr [1:3] "randomForest" "oob" ""
 $ result: Named num [1:4] 0.451 0.349 0.122 0.321
  ..- attr(*, "names")= chr [1:4] "MAE" "MEDAE" "MEDSE" "MSE"
NULL
Writing result file: /home/probst/Random_Forest/RFSplitbias/results/Splitbias-files/jobs/16/12516-result.RData
########## Executing jid=12517 ##########
Timestamp: 2016-04-28 17:13:52
Experiment: 
  Problem: taski 
  Problem parameters: idi=5003, learner=, teststat=, testtype= 
  Algorithm: forest.splitbias.oob 
  Algorithm parameters:  
  Replication: 14 
  Seed: 12517 
  Problem seed: 136 
Setting seed: 12517
Applying Algorithm forest.splitbias.oob ...
Generating problem taski ...
Warnung in randomForest.default(m, y, ...)
  The response has five or fewer unique values.  Are you sure you want to do regression?
Result:
List of 3
 $ idi   : int 5003
 $ lrn   : chr [1:3] "randomForest" "oob" ""
 $ result: Named num [1:4] 0.456 0.367 0.135 0.332
  ..- attr(*, "names")= chr [1:4] "MAE" "MEDAE" "MEDSE" "MSE"
NULL
Writing result file: /home/probst/Random_Forest/RFSplitbias/results/Splitbias-files/jobs/17/12517-result.RData
########## Executing jid=12518 ##########
Timestamp: 2016-04-28 17:13:53
Experiment: 
  Problem: taski 
  Problem parameters: idi=5003, learner=, teststat=, testtype= 
  Algorithm: forest.splitbias.oob 
  Algorithm parameters:  
  Replication: 15 
  Seed: 12518 
  Problem seed: 137 
Setting seed: 12518
Applying Algorithm forest.splitbias.oob ...
Generating problem taski ...
Warnung in randomForest.default(m, y, ...)
  The response has five or fewer unique values.  Are you sure you want to do regression?
Result:
List of 3
 $ idi   : int 5003
 $ lrn   : chr [1:3] "randomForest" "oob" ""
 $ result: Named num [1:4] 0.448 0.375 0.141 0.319
  ..- attr(*, "names")= chr [1:4] "MAE" "MEDAE" "MEDSE" "MSE"
NULL
Writing result file: /home/probst/Random_Forest/RFSplitbias/results/Splitbias-files/jobs/18/12518-result.RData
########## Executing jid=12519 ##########
Timestamp: 2016-04-28 17:13:53
Experiment: 
  Problem: taski 
  Problem parameters: idi=5003, learner=, teststat=, testtype= 
  Algorithm: forest.splitbias.oob 
  Algorithm parameters:  
  Replication: 16 
  Seed: 12519 
  Problem seed: 138 
Setting seed: 12519
Applying Algorithm forest.splitbias.oob ...
Generating problem taski ...
Warnung in randomForest.default(m, y, ...)
  The response has five or fewer unique values.  Are you sure you want to do regression?
Result:
List of 3
 $ idi   : int 5003
 $ lrn   : chr [1:3] "randomForest" "oob" ""
 $ result: Named num [1:4] 0.452 0.378 0.143 0.327
  ..- attr(*, "names")= chr [1:4] "MAE" "MEDAE" "MEDSE" "MSE"
NULL
Writing result file: /home/probst/Random_Forest/RFSplitbias/results/Splitbias-files/jobs/19/12519-result.RData
########## Executing jid=12520 ##########
Timestamp: 2016-04-28 17:13:54
Experiment: 
  Problem: taski 
  Problem parameters: idi=5003, learner=, teststat=, testtype= 
  Algorithm: forest.splitbias.oob 
  Algorithm parameters:  
  Replication: 17 
  Seed: 12520 
  Problem seed: 139 
Setting seed: 12520
Applying Algorithm forest.splitbias.oob ...
Generating problem taski ...
Warnung in randomForest.default(m, y, ...)
  The response has five or fewer unique values.  Are you sure you want to do regression?
Result:
List of 3
 $ idi   : int 5003
 $ lrn   : chr [1:3] "randomForest" "oob" ""
 $ result: Named num [1:4] 0.459 0.35 0.122 0.334
  ..- attr(*, "names")= chr [1:4] "MAE" "MEDAE" "MEDSE" "MSE"
NULL
Writing result file: /home/probst/Random_Forest/RFSplitbias/results/Splitbias-files/jobs/20/12520-result.RData
########## Executing jid=12521 ##########
Timestamp: 2016-04-28 17:13:54
Experiment: 
  Problem: taski 
  Problem parameters: idi=5003, learner=, teststat=, testtype= 
  Algorithm: forest.splitbias.oob 
  Algorithm parameters:  
  Replication: 18 
  Seed: 12521 
  Problem seed: 140 
Setting seed: 12521
Applying Algorithm forest.splitbias.oob ...
Generating problem taski ...
Warnung in randomForest.default(m, y, ...)
  The response has five or fewer unique values.  Are you sure you want to do regression?
Result:
List of 3
 $ idi   : int 5003
 $ lrn   : chr [1:3] "randomForest" "oob" ""
 $ result: Named num [1:4] 0.449 0.333 0.111 0.327
  ..- attr(*, "names")= chr [1:4] "MAE" "MEDAE" "MEDSE" "MSE"
NULL
Writing result file: /home/probst/Random_Forest/RFSplitbias/results/Splitbias-files/jobs/21/12521-result.RData
########## Executing jid=12522 ##########
Timestamp: 2016-04-28 17:13:55
Experiment: 
  Problem: taski 
  Problem parameters: idi=5003, learner=, teststat=, testtype= 
  Algorithm: forest.splitbias.oob 
  Algorithm parameters:  
  Replication: 19 
  Seed: 12522 
  Problem seed: 141 
Setting seed: 12522
Applying Algorithm forest.splitbias.oob ...
Generating problem taski ...
Warnung in randomForest.default(m, y, ...)
  The response has five or fewer unique values.  Are you sure you want to do regression?
Result:
List of 3
 $ idi   : int 5003
 $ lrn   : chr [1:3] "randomForest" "oob" ""
 $ result: Named num [1:4] 0.465 0.374 0.14 0.347
  ..- attr(*, "names")= chr [1:4] "MAE" "MEDAE" "MEDSE" "MSE"
NULL
Writing result file: /home/probst/Random_Forest/RFSplitbias/results/Splitbias-files/jobs/22/12522-result.RData
########## Executing jid=12523 ##########
Timestamp: 2016-04-28 17:13:55
Experiment: 
  Problem: taski 
  Problem parameters: idi=5003, learner=, teststat=, testtype= 
  Algorithm: forest.splitbias.oob 
  Algorithm parameters:  
  Replication: 20 
  Seed: 12523 
  Problem seed: 142 
Setting seed: 12523
Applying Algorithm forest.splitbias.oob ...
Generating problem taski ...
Warnung in randomForest.default(m, y, ...)
  The response has five or fewer unique values.  Are you sure you want to do regression?
Result:
List of 3
 $ idi   : int 5003
 $ lrn   : chr [1:3] "randomForest" "oob" ""
 $ result: Named num [1:4] 0.459 0.361 0.131 0.335
  ..- attr(*, "names")= chr [1:4] "MAE" "MEDAE" "MEDSE" "MSE"
NULL
Writing result file: /home/probst/Random_Forest/RFSplitbias/results/Splitbias-files/jobs/23/12523-result.RData
########## Executing jid=12524 ##########
Timestamp: 2016-04-28 17:13:56
Experiment: 
  Problem: taski 
  Problem parameters: idi=5003, learner=, teststat=, testtype= 
  Algorithm: forest.splitbias.oob 
  Algorithm parameters:  
  Replication: 21 
  Seed: 12524 
  Problem seed: 143 
Setting seed: 12524
Applying Algorithm forest.splitbias.oob ...
Generating problem taski ...
Warnung in randomForest.default(m, y, ...)
  The response has five or fewer unique values.  Are you sure you want to do regression?
Result:
List of 3
 $ idi   : int 5003
 $ lrn   : chr [1:3] "randomForest" "oob" ""
 $ result: Named num [1:4] 0.459 0.353 0.125 0.336
  ..- attr(*, "names")= chr [1:4] "MAE" "MEDAE" "MEDSE" "MSE"
NULL
Writing result file: /home/probst/Random_Forest/RFSplitbias/results/Splitbias-files/jobs/24/12524-result.RData
########## Executing jid=12525 ##########
Timestamp: 2016-04-28 17:13:56
Experiment: 
  Problem: taski 
  Problem parameters: idi=5003, learner=, teststat=, testtype= 
  Algorithm: forest.splitbias.oob 
  Algorithm parameters:  
  Replication: 22 
  Seed: 12525 
  Problem seed: 144 
Setting seed: 12525
Applying Algorithm forest.splitbias.oob ...
Generating problem taski ...
Warnung in randomForest.default(m, y, ...)
  The response has five or fewer unique values.  Are you sure you want to do regression?
Result:
List of 3
 $ idi   : int 5003
 $ lrn   : chr [1:3] "randomForest" "oob" ""
 $ result: Named num [1:4] 0.472 0.407 0.167 0.344
  ..- attr(*, "names")= chr [1:4] "MAE" "MEDAE" "MEDSE" "MSE"
NULL
Writing result file: /home/probst/Random_Forest/RFSplitbias/results/Splitbias-files/jobs/25/12525-result.RData
########## Executing jid=12526 ##########
Timestamp: 2016-04-28 17:13:57
Experiment: 
  Problem: taski 
  Problem parameters: idi=5003, learner=, teststat=, testtype= 
  Algorithm: forest.splitbias.oob 
  Algorithm parameters:  
  Replication: 23 
  Seed: 12526 
  Problem seed: 145 
Setting seed: 12526
Applying Algorithm forest.splitbias.oob ...
Generating problem taski ...
Warnung in randomForest.default(m, y, ...)
  The response has five or fewer unique values.  Are you sure you want to do regression?
Result:
List of 3
 $ idi   : int 5003
 $ lrn   : chr [1:3] "randomForest" "oob" ""
 $ result: Named num [1:4] 0.45 0.327 0.107 0.326
  ..- attr(*, "names")= chr [1:4] "MAE" "MEDAE" "MEDSE" "MSE"
NULL
Writing result file: /home/probst/Random_Forest/RFSplitbias/results/Splitbias-files/jobs/26/12526-result.RData
########## Executing jid=12527 ##########
Timestamp: 2016-04-28 17:13:57
Experiment: 
  Problem: taski 
  Problem parameters: idi=5003, learner=, teststat=, testtype= 
  Algorithm: forest.splitbias.oob 
  Algorithm parameters:  
  Replication: 24 
  Seed: 12527 
  Problem seed: 146 
Setting seed: 12527
Applying Algorithm forest.splitbias.oob ...
Generating problem taski ...
Warnung in randomForest.default(m, y, ...)
  The response has five or fewer unique values.  Are you sure you want to do regression?
Result:
List of 3
 $ idi   : int 5003
 $ lrn   : chr [1:3] "randomForest" "oob" ""
 $ result: Named num [1:4] 0.461 0.349 0.122 0.336
  ..- attr(*, "names")= chr [1:4] "MAE" "MEDAE" "MEDSE" "MSE"
NULL
Writing result file: /home/probst/Random_Forest/RFSplitbias/results/Splitbias-files/jobs/27/12527-result.RData
########## Executing jid=12528 ##########
Timestamp: 2016-04-28 17:13:58
Experiment: 
  Problem: taski 
  Problem parameters: idi=5003, learner=, teststat=, testtype= 
  Algorithm: forest.splitbias.oob 
  Algorithm parameters:  
  Replication: 25 
  Seed: 12528 
  Problem seed: 147 
Setting seed: 12528
Applying Algorithm forest.splitbias.oob ...
Generating problem taski ...
Warnung in randomForest.default(m, y, ...)
  The response has five or fewer unique values.  Are you sure you want to do regression?
Result:
List of 3
 $ idi   : int 5003
 $ lrn   : chr [1:3] "randomForest" "oob" ""
 $ result: Named num [1:4] 0.47 0.399 0.16 0.35
  ..- attr(*, "names")= chr [1:4] "MAE" "MEDAE" "MEDSE" "MSE"
NULL
Writing result file: /home/probst/Random_Forest/RFSplitbias/results/Splitbias-files/jobs/28/12528-result.RData
########## Executing jid=12529 ##########
Timestamp: 2016-04-28 17:13:58
Experiment: 
  Problem: taski 
  Problem parameters: idi=5003, learner=, teststat=, testtype= 
  Algorithm: forest.splitbias.oob 
  Algorithm parameters:  
  Replication: 26 
  Seed: 12529 
  Problem seed: 148 
Setting seed: 12529
Applying Algorithm forest.splitbias.oob ...
Generating problem taski ...
Warnung in randomForest.default(m, y, ...)
  The response has five or fewer unique values.  Are you sure you want to do regression?
Result:
List of 3
 $ idi   : int 5003
 $ lrn   : chr [1:3] "randomForest" "oob" ""
 $ result: Named num [1:4] 0.453 0.342 0.117 0.327
  ..- attr(*, "names")= chr [1:4] "MAE" "MEDAE" "MEDSE" "MSE"
NULL
Writing result file: /home/probst/Random_Forest/RFSplitbias/results/Splitbias-files/jobs/29/12529-result.RData
########## Executing jid=12530 ##########
Timestamp: 2016-04-28 17:13:59
Experiment: 
  Problem: taski 
  Problem parameters: idi=5003, learner=, teststat=, testtype= 
  Algorithm: forest.splitbias.oob 
  Algorithm parameters:  
  Replication: 27 
  Seed: 12530 
  Problem seed: 149 
Setting seed: 12530
Applying Algorithm forest.splitbias.oob ...
Generating problem taski ...
Warnung in randomForest.default(m, y, ...)
  The response has five or fewer unique values.  Are you sure you want to do regression?
Result:
List of 3
 $ idi   : int 5003
 $ lrn   : chr [1:3] "randomForest" "oob" ""
 $ result: Named num [1:4] 0.463 0.379 0.144 0.343
  ..- attr(*, "names")= chr [1:4] "MAE" "MEDAE" "MEDSE" "MSE"
NULL
Writing result file: /home/probst/Random_Forest/RFSplitbias/results/Splitbias-files/jobs/30/12530-result.RData
########## Executing jid=12531 ##########
Timestamp: 2016-04-28 17:14:00
Experiment: 
  Problem: taski 
  Problem parameters: idi=5003, learner=, teststat=, testtype= 
  Algorithm: forest.splitbias.oob 
  Algorithm parameters:  
  Replication: 28 
  Seed: 12531 
  Problem seed: 150 
Setting seed: 12531
Applying Algorithm forest.splitbias.oob ...
Generating problem taski ...
Warnung in randomForest.default(m, y, ...)
  The response has five or fewer unique values.  Are you sure you want to do regression?
Result:
List of 3
 $ idi   : int 5003
 $ lrn   : chr [1:3] "randomForest" "oob" ""
 $ result: Named num [1:4] 0.454 0.358 0.128 0.336
  ..- attr(*, "names")= chr [1:4] "MAE" "MEDAE" "MEDSE" "MSE"
NULL
Writing result file: /home/probst/Random_Forest/RFSplitbias/results/Splitbias-files/jobs/31/12531-result.RData
########## Executing jid=12532 ##########
Timestamp: 2016-04-28 17:14:00
Experiment: 
  Problem: taski 
  Problem parameters: idi=5003, learner=, teststat=, testtype= 
  Algorithm: forest.splitbias.oob 
  Algorithm parameters:  
  Replication: 29 
  Seed: 12532 
  Problem seed: 151 
Setting seed: 12532
Applying Algorithm forest.splitbias.oob ...
Generating problem taski ...
Warnung in randomForest.default(m, y, ...)
  The response has five or fewer unique values.  Are you sure you want to do regression?
Result:
List of 3
 $ idi   : int 5003
 $ lrn   : chr [1:3] "randomForest" "oob" ""
 $ result: Named num [1:4] 0.466 0.408 0.167 0.347
  ..- attr(*, "names")= chr [1:4] "MAE" "MEDAE" "MEDSE" "MSE"
NULL
Writing result file: /home/probst/Random_Forest/RFSplitbias/results/Splitbias-files/jobs/32/12532-result.RData
########## Executing jid=12533 ##########
Timestamp: 2016-04-28 17:14:01
Experiment: 
  Problem: taski 
  Problem parameters: idi=5003, learner=, teststat=, testtype= 
  Algorithm: forest.splitbias.oob 
  Algorithm parameters:  
  Replication: 30 
  Seed: 12533 
  Problem seed: 152 
Setting seed: 12533
Applying Algorithm forest.splitbias.oob ...
Generating problem taski ...
Warnung in randomForest.default(m, y, ...)
  The response has five or fewer unique values.  Are you sure you want to do regression?
Result:
List of 3
 $ idi   : int 5003
 $ lrn   : chr [1:3] "randomForest" "oob" ""
 $ result: Named num [1:4] 0.453 0.364 0.133 0.327
  ..- attr(*, "names")= chr [1:4] "MAE" "MEDAE" "MEDSE" "MSE"
NULL
Writing result file: /home/probst/Random_Forest/RFSplitbias/results/Splitbias-files/jobs/33/12533-result.RData
########## Executing jid=12534 ##########
Timestamp: 2016-04-28 17:14:01
Experiment: 
  Problem: taski 
  Problem parameters: idi=5003, learner=, teststat=, testtype= 
  Algorithm: forest.splitbias.oob 
  Algorithm parameters:  
  Replication: 31 
  Seed: 12534 
  Problem seed: 153 
Setting seed: 12534
Applying Algorithm forest.splitbias.oob ...
Generating problem taski ...
Warnung in randomForest.default(m, y, ...)
  The response has five or fewer unique values.  Are you sure you want to do regression?
Result:
List of 3
 $ idi   : int 5003
 $ lrn   : chr [1:3] "randomForest" "oob" ""
 $ result: Named num [1:4] 0.446 0.369 0.136 0.316
  ..- attr(*, "names")= chr [1:4] "MAE" "MEDAE" "MEDSE" "MSE"
NULL
Writing result file: /home/probst/Random_Forest/RFSplitbias/results/Splitbias-files/jobs/34/12534-result.RData
########## Executing jid=12535 ##########
Timestamp: 2016-04-28 17:14:02
Experiment: 
  Problem: taski 
  Problem parameters: idi=5003, learner=, teststat=, testtype= 
  Algorithm: forest.splitbias.oob 
  Algorithm parameters:  
  Replication: 32 
  Seed: 12535 
  Problem seed: 154 
Setting seed: 12535
Applying Algorithm forest.splitbias.oob ...
Generating problem taski ...
Warnung in randomForest.default(m, y, ...)
  The response has five or fewer unique values.  Are you sure you want to do regression?
Result:
List of 3
 $ idi   : int 5003
 $ lrn   : chr [1:3] "randomForest" "oob" ""
 $ result: Named num [1:4] 0.456 0.329 0.108 0.334
  ..- attr(*, "names")= chr [1:4] "MAE" "MEDAE" "MEDSE" "MSE"
NULL
Writing result file: /home/probst/Random_Forest/RFSplitbias/results/Splitbias-files/jobs/35/12535-result.RData
########## Executing jid=12536 ##########
Timestamp: 2016-04-28 17:14:02
Experiment: 
  Problem: taski 
  Problem parameters: idi=5003, learner=, teststat=, testtype= 
  Algorithm: forest.splitbias.oob 
  Algorithm parameters:  
  Replication: 33 
  Seed: 12536 
  Problem seed: 155 
Setting seed: 12536
Applying Algorithm forest.splitbias.oob ...
Generating problem taski ...
Warnung in randomForest.default(m, y, ...)
  The response has five or fewer unique values.  Are you sure you want to do regression?
Result:
List of 3
 $ idi   : int 5003
 $ lrn   : chr [1:3] "randomForest" "oob" ""
 $ result: Named num [1:4] 0.44 0.353 0.124 0.313
  ..- attr(*, "names")= chr [1:4] "MAE" "MEDAE" "MEDSE" "MSE"
NULL
Writing result file: /home/probst/Random_Forest/RFSplitbias/results/Splitbias-files/jobs/36/12536-result.RData
########## Executing jid=12537 ##########
Timestamp: 2016-04-28 17:14:02
Experiment: 
  Problem: taski 
  Problem parameters: idi=5003, learner=, teststat=, testtype= 
  Algorithm: forest.splitbias.oob 
  Algorithm parameters:  
  Replication: 34 
  Seed: 12537 
  Problem seed: 156 
Setting seed: 12537
Applying Algorithm forest.splitbias.oob ...
Generating problem taski ...
Warnung in randomForest.default(m, y, ...)
  The response has five or fewer unique values.  Are you sure you want to do regression?
Result:
List of 3
 $ idi   : int 5003
 $ lrn   : chr [1:3] "randomForest" "oob" ""
 $ result: Named num [1:4] 0.453 0.412 0.17 0.328
  ..- attr(*, "names")= chr [1:4] "MAE" "MEDAE" "MEDSE" "MSE"
NULL
Writing result file: /home/probst/Random_Forest/RFSplitbias/results/Splitbias-files/jobs/37/12537-result.RData
########## Executing jid=12538 ##########
Timestamp: 2016-04-28 17:14:03
Experiment: 
  Problem: taski 
  Problem parameters: idi=5003, learner=, teststat=, testtype= 
  Algorithm: forest.splitbias.oob 
  Algorithm parameters:  
  Replication: 35 
  Seed: 12538 
  Problem seed: 157 
Setting seed: 12538
Applying Algorithm forest.splitbias.oob ...
Generating problem taski ...
Warnung in randomForest.default(m, y, ...)
  The response has five or fewer unique values.  Are you sure you want to do regression?
Result:
List of 3
 $ idi   : int 5003
 $ lrn   : chr [1:3] "randomForest" "oob" ""
 $ result: Named num [1:4] 0.437 0.342 0.118 0.308
  ..- attr(*, "names")= chr [1:4] "MAE" "MEDAE" "MEDSE" "MSE"
NULL
Writing result file: /home/probst/Random_Forest/RFSplitbias/results/Splitbias-files/jobs/38/12538-result.RData
########## Executing jid=12539 ##########
Timestamp: 2016-04-28 17:14:03
Experiment: 
  Problem: taski 
  Problem parameters: idi=5003, learner=, teststat=, testtype= 
  Algorithm: forest.splitbias.oob 
  Algorithm parameters:  
  Replication: 36 
  Seed: 12539 
  Problem seed: 158 
Setting seed: 12539
Applying Algorithm forest.splitbias.oob ...
Generating problem taski ...
Warnung in randomForest.default(m, y, ...)
  The response has five or fewer unique values.  Are you sure you want to do regression?
Result:
List of 3
 $ idi   : int 5003
 $ lrn   : chr [1:3] "randomForest" "oob" ""
 $ result: Named num [1:4] 0.453 0.371 0.138 0.325
  ..- attr(*, "names")= chr [1:4] "MAE" "MEDAE" "MEDSE" "MSE"
NULL
Writing result file: /home/probst/Random_Forest/RFSplitbias/results/Splitbias-files/jobs/39/12539-result.RData
########## Executing jid=12540 ##########
Timestamp: 2016-04-28 17:14:04
Experiment: 
  Problem: taski 
  Problem parameters: idi=5003, learner=, teststat=, testtype= 
  Algorithm: forest.splitbias.oob 
  Algorithm parameters:  
  Replication: 37 
  Seed: 12540 
  Problem seed: 159 
Setting seed: 12540
Applying Algorithm forest.splitbias.oob ...
Generating problem taski ...
Warnung in randomForest.default(m, y, ...)
  The response has five or fewer unique values.  Are you sure you want to do regression?
Result:
List of 3
 $ idi   : int 5003
 $ lrn   : chr [1:3] "randomForest" "oob" ""
 $ result: Named num [1:4] 0.449 0.353 0.124 0.318
  ..- attr(*, "names")= chr [1:4] "MAE" "MEDAE" "MEDSE" "MSE"
NULL
Writing result file: /home/probst/Random_Forest/RFSplitbias/results/Splitbias-files/jobs/40/12540-result.RData
########## Executing jid=12541 ##########
Timestamp: 2016-04-28 17:14:04
Experiment: 
  Problem: taski 
  Problem parameters: idi=5003, learner=, teststat=, testtype= 
  Algorithm: forest.splitbias.oob 
  Algorithm parameters:  
  Replication: 38 
  Seed: 12541 
  Problem seed: 160 
Setting seed: 12541
Applying Algorithm forest.splitbias.oob ...
Generating problem taski ...
Warnung in randomForest.default(m, y, ...)
  The response has five or fewer unique values.  Are you sure you want to do regression?
Result:
List of 3
 $ idi   : int 5003
 $ lrn   : chr [1:3] "randomForest" "oob" ""
 $ result: Named num [1:4] 0.453 0.41 0.169 0.32
  ..- attr(*, "names")= chr [1:4] "MAE" "MEDAE" "MEDSE" "MSE"
NULL
Writing result file: /home/probst/Random_Forest/RFSplitbias/results/Splitbias-files/jobs/41/12541-result.RData
########## Executing jid=12542 ##########
Timestamp: 2016-04-28 17:14:05
Experiment: 
  Problem: taski 
  Problem parameters: idi=5003, learner=, teststat=, testtype= 
  Algorithm: forest.splitbias.oob 
  Algorithm parameters:  
  Replication: 39 
  Seed: 12542 
  Problem seed: 161 
Setting seed: 12542
Applying Algorithm forest.splitbias.oob ...
Generating problem taski ...
Warnung in randomForest.default(m, y, ...)
  The response has five or fewer unique values.  Are you sure you want to do regression?
Result:
List of 3
 $ idi   : int 5003
 $ lrn   : chr [1:3] "randomForest" "oob" ""
 $ result: Named num [1:4] 0.459 0.377 0.142 0.331
  ..- attr(*, "names")= chr [1:4] "MAE" "MEDAE" "MEDSE" "MSE"
NULL
Writing result file: /home/probst/Random_Forest/RFSplitbias/results/Splitbias-files/jobs/42/12542-result.RData
########## Executing jid=12543 ##########
Timestamp: 2016-04-28 17:14:05
Experiment: 
  Problem: taski 
  Problem parameters: idi=5003, learner=, teststat=, testtype= 
  Algorithm: forest.splitbias.oob 
  Algorithm parameters:  
  Replication: 40 
  Seed: 12543 
  Problem seed: 162 
Setting seed: 12543
Applying Algorithm forest.splitbias.oob ...
Generating problem taski ...
Warnung in randomForest.default(m, y, ...)
  The response has five or fewer unique values.  Are you sure you want to do regression?
Result:
List of 3
 $ idi   : int 5003
 $ lrn   : chr [1:3] "randomForest" "oob" ""
 $ result: Named num [1:4] 0.456 0.34 0.116 0.332
  ..- attr(*, "names")= chr [1:4] "MAE" "MEDAE" "MEDSE" "MSE"
NULL
Writing result file: /home/probst/Random_Forest/RFSplitbias/results/Splitbias-files/jobs/43/12543-result.RData
########## Executing jid=12544 ##########
Timestamp: 2016-04-28 17:14:06
Experiment: 
  Problem: taski 
  Problem parameters: idi=5003, learner=, teststat=, testtype= 
  Algorithm: forest.splitbias.oob 
  Algorithm parameters:  
  Replication: 41 
  Seed: 12544 
  Problem seed: 163 
Setting seed: 12544
Applying Algorithm forest.splitbias.oob ...
Generating problem taski ...
Warnung in randomForest.default(m, y, ...)
  The response has five or fewer unique values.  Are you sure you want to do regression?
Result:
List of 3
 $ idi   : int 5003
 $ lrn   : chr [1:3] "randomForest" "oob" ""
 $ result: Named num [1:4] 0.452 0.378 0.143 0.326
  ..- attr(*, "names")= chr [1:4] "MAE" "MEDAE" "MEDSE" "MSE"
NULL
Writing result file: /home/probst/Random_Forest/RFSplitbias/results/Splitbias-files/jobs/44/12544-result.RData
########## Executing jid=12545 ##########
Timestamp: 2016-04-28 17:14:06
Experiment: 
  Problem: taski 
  Problem parameters: idi=5003, learner=, teststat=, testtype= 
  Algorithm: forest.splitbias.oob 
  Algorithm parameters:  
  Replication: 42 
  Seed: 12545 
  Problem seed: 164 
Setting seed: 12545
Applying Algorithm forest.splitbias.oob ...
Generating problem taski ...
Warnung in randomForest.default(m, y, ...)
  The response has five or fewer unique values.  Are you sure you want to do regression?
Result:
List of 3
 $ idi   : int 5003
 $ lrn   : chr [1:3] "randomForest" "oob" ""
 $ result: Named num [1:4] 0.447 0.358 0.128 0.32
  ..- attr(*, "names")= chr [1:4] "MAE" "MEDAE" "MEDSE" "MSE"
NULL
Writing result file: /home/probst/Random_Forest/RFSplitbias/results/Splitbias-files/jobs/45/12545-result.RData
########## Executing jid=12546 ##########
Timestamp: 2016-04-28 17:14:07
Experiment: 
  Problem: taski 
  Problem parameters: idi=5003, learner=, teststat=, testtype= 
  Algorithm: forest.splitbias.oob 
  Algorithm parameters:  
  Replication: 43 
  Seed: 12546 
  Problem seed: 165 
Setting seed: 12546
Applying Algorithm forest.splitbias.oob ...
Generating problem taski ...
Warnung in randomForest.default(m, y, ...)
  The response has five or fewer unique values.  Are you sure you want to do regression?
Result:
List of 3
 $ idi   : int 5003
 $ lrn   : chr [1:3] "randomForest" "oob" ""
 $ result: Named num [1:4] 0.463 0.38 0.145 0.342
  ..- attr(*, "names")= chr [1:4] "MAE" "MEDAE" "MEDSE" "MSE"
NULL
Writing result file: /home/probst/Random_Forest/RFSplitbias/results/Splitbias-files/jobs/46/12546-result.RData
########## Executing jid=12547 ##########
Timestamp: 2016-04-28 17:14:07
Experiment: 
  Problem: taski 
  Problem parameters: idi=5003, learner=, teststat=, testtype= 
  Algorithm: forest.splitbias.oob 
  Algorithm parameters:  
  Replication: 44 
  Seed: 12547 
  Problem seed: 166 
Setting seed: 12547
Applying Algorithm forest.splitbias.oob ...
Generating problem taski ...
Warnung in randomForest.default(m, y, ...)
  The response has five or fewer unique values.  Are you sure you want to do regression?
Result:
List of 3
 $ idi   : int 5003
 $ lrn   : chr [1:3] "randomForest" "oob" ""
 $ result: Named num [1:4] 0.451 0.382 0.146 0.33
  ..- attr(*, "names")= chr [1:4] "MAE" "MEDAE" "MEDSE" "MSE"
NULL
Writing result file: /home/probst/Random_Forest/RFSplitbias/results/Splitbias-files/jobs/47/12547-result.RData
########## Executing jid=12548 ##########
Timestamp: 2016-04-28 17:14:08
Experiment: 
  Problem: taski 
  Problem parameters: idi=5003, learner=, teststat=, testtype= 
  Algorithm: forest.splitbias.oob 
  Algorithm parameters:  
  Replication: 45 
  Seed: 12548 
  Problem seed: 167 
Setting seed: 12548
Applying Algorithm forest.splitbias.oob ...
Generating problem taski ...
Warnung in randomForest.default(m, y, ...)
  The response has five or fewer unique values.  Are you sure you want to do regression?
Result:
List of 3
 $ idi   : int 5003
 $ lrn   : chr [1:3] "randomForest" "oob" ""
 $ result: Named num [1:4] 0.469 0.385 0.149 0.352
  ..- attr(*, "names")= chr [1:4] "MAE" "MEDAE" "MEDSE" "MSE"
NULL
Writing result file: /home/probst/Random_Forest/RFSplitbias/results/Splitbias-files/jobs/48/12548-result.RData
########## Executing jid=12549 ##########
Timestamp: 2016-04-28 17:14:08
Experiment: 
  Problem: taski 
  Problem parameters: idi=5003, learner=, teststat=, testtype= 
  Algorithm: forest.splitbias.oob 
  Algorithm parameters:  
  Replication: 46 
  Seed: 12549 
  Problem seed: 168 
Setting seed: 12549
Applying Algorithm forest.splitbias.oob ...
Generating problem taski ...
Warnung in randomForest.default(m, y, ...)
  The response has five or fewer unique values.  Are you sure you want to do regression?
Result:
List of 3
 $ idi   : int 5003
 $ lrn   : chr [1:3] "randomForest" "oob" ""
 $ result: Named num [1:4] 0.458 0.361 0.131 0.332
  ..- attr(*, "names")= chr [1:4] "MAE" "MEDAE" "MEDSE" "MSE"
NULL
Writing result file: /home/probst/Random_Forest/RFSplitbias/results/Splitbias-files/jobs/49/12549-result.RData
########## Executing jid=12550 ##########
Timestamp: 2016-04-28 17:14:09
Experiment: 
  Problem: taski 
  Problem parameters: idi=5003, learner=, teststat=, testtype= 
  Algorithm: forest.splitbias.oob 
  Algorithm parameters:  
  Replication: 47 
  Seed: 12550 
  Problem seed: 169 
Setting seed: 12550
Applying Algorithm forest.splitbias.oob ...
Generating problem taski ...
Warnung in randomForest.default(m, y, ...)
  The response has five or fewer unique values.  Are you sure you want to do regression?
Result:
List of 3
 $ idi   : int 5003
 $ lrn   : chr [1:3] "randomForest" "oob" ""
 $ result: Named num [1:4] 0.459 0.408 0.166 0.336
  ..- attr(*, "names")= chr [1:4] "MAE" "MEDAE" "MEDSE" "MSE"
NULL
Writing result file: /home/probst/Random_Forest/RFSplitbias/results/Splitbias-files/jobs/50/12550-result.RData
########## Executing jid=12551 ##########
Timestamp: 2016-04-28 17:14:09
Experiment: 
  Problem: taski 
  Problem parameters: idi=5003, learner=, teststat=, testtype= 
  Algorithm: forest.splitbias.oob 
  Algorithm parameters:  
  Replication: 48 
  Seed: 12551 
  Problem seed: 170 
Setting seed: 12551
Applying Algorithm forest.splitbias.oob ...
Generating problem taski ...
Warnung in randomForest.default(m, y, ...)
  The response has five or fewer unique values.  Are you sure you want to do regression?
Result:
List of 3
 $ idi   : int 5003
 $ lrn   : chr [1:3] "randomForest" "oob" ""
 $ result: Named num [1:4] 0.446 0.358 0.128 0.32
  ..- attr(*, "names")= chr [1:4] "MAE" "MEDAE" "MEDSE" "MSE"
NULL
Writing result file: /home/probst/Random_Forest/RFSplitbias/results/Splitbias-files/jobs/51/12551-result.RData
########## Executing jid=12552 ##########
Timestamp: 2016-04-28 17:14:10
Experiment: 
  Problem: taski 
  Problem parameters: idi=5003, learner=, teststat=, testtype= 
  Algorithm: forest.splitbias.oob 
  Algorithm parameters:  
  Replication: 49 
  Seed: 12552 
  Problem seed: 171 
Setting seed: 12552
Applying Algorithm forest.splitbias.oob ...
Generating problem taski ...
Warnung in randomForest.default(m, y, ...)
  The response has five or fewer unique values.  Are you sure you want to do regression?
Result:
List of 3
 $ idi   : int 5003
 $ lrn   : chr [1:3] "randomForest" "oob" ""
 $ result: Named num [1:4] 0.459 0.375 0.141 0.334
  ..- attr(*, "names")= chr [1:4] "MAE" "MEDAE" "MEDSE" "MSE"
NULL
Writing result file: /home/probst/Random_Forest/RFSplitbias/results/Splitbias-files/jobs/52/12552-result.RData
########## Executing jid=12553 ##########
Timestamp: 2016-04-28 17:14:10
Experiment: 
  Problem: taski 
  Problem parameters: idi=5003, learner=, teststat=, testtype= 
  Algorithm: forest.splitbias.oob 
  Algorithm parameters:  
  Replication: 50 
  Seed: 12553 
  Problem seed: 172 
Setting seed: 12553
Applying Algorithm forest.splitbias.oob ...
Generating problem taski ...
Warnung in randomForest.default(m, y, ...)
  The response has five or fewer unique values.  Are you sure you want to do regression?
Result:
List of 3
 $ idi   : int 5003
 $ lrn   : chr [1:3] "randomForest" "oob" ""
 $ result: Named num [1:4] 0.452 0.335 0.113 0.325
  ..- attr(*, "names")= chr [1:4] "MAE" "MEDAE" "MEDSE" "MSE"
NULL
Writing result file: /home/probst/Random_Forest/RFSplitbias/results/Splitbias-files/jobs/53/12553-result.RData
########## Executing jid=12554 ##########
Timestamp: 2016-04-28 17:14:11
Experiment: 
  Problem: taski 
  Problem parameters: idi=4985, learner=, teststat=, testtype= 
  Algorithm: forest.splitbias.oob 
  Algorithm parameters:  
  Replication: 11 
  Seed: 12554 
  Problem seed: 133 
Setting seed: 12554
Applying Algorithm forest.splitbias.oob ...
Generating problem taski ...
Result:
List of 3
 $ idi   : int 4985
 $ lrn   : chr [1:3] "randomForest" "oob" ""
 $ result: Named num [1:4] 4.65 4.52 20.47 30.15
  ..- attr(*, "names")= chr [1:4] "MAE" "MEDAE" "MEDSE" "MSE"
NULL
Writing result file: /home/probst/Random_Forest/RFSplitbias/results/Splitbias-files/jobs/54/12554-result.RData
########## Executing jid=12555 ##########
Timestamp: 2016-04-28 17:14:11
Experiment: 
  Problem: taski 
  Problem parameters: idi=4985, learner=, teststat=, testtype= 
  Algorithm: forest.splitbias.oob 
  Algorithm parameters:  
  Replication: 12 
  Seed: 12555 
  Problem seed: 134 
Setting seed: 12555
Applying Algorithm forest.splitbias.oob ...
Generating problem taski ...
Result:
List of 3
 $ idi   : int 4985
 $ lrn   : chr [1:3] "randomForest" "oob" ""
 $ result: Named num [1:4] 4.64 4.53 20.51 30.5
  ..- attr(*, "names")= chr [1:4] "MAE" "MEDAE" "MEDSE" "MSE"
NULL
Writing result file: /home/probst/Random_Forest/RFSplitbias/results/Splitbias-files/jobs/55/12555-result.RData
########## Executing jid=12556 ##########
Timestamp: 2016-04-28 17:14:12
Experiment: 
  Problem: taski 
  Problem parameters: idi=4985, learner=, teststat=, testtype= 
  Algorithm: forest.splitbias.oob 
  Algorithm parameters:  
  Replication: 13 
  Seed: 12556 
  Problem seed: 135 
Setting seed: 12556
Applying Algorithm forest.splitbias.oob ...
Generating problem taski ...
Result:
List of 3
 $ idi   : int 4985
 $ lrn   : chr [1:3] "randomForest" "oob" ""
 $ result: Named num [1:4] 4.68 4.7 22.12 30.31
  ..- attr(*, "names")= chr [1:4] "MAE" "MEDAE" "MEDSE" "MSE"
NULL
Writing result file: /home/probst/Random_Forest/RFSplitbias/results/Splitbias-files/jobs/56/12556-result.RData
########## Executing jid=12557 ##########
Timestamp: 2016-04-28 17:14:12
Experiment: 
  Problem: taski 
  Problem parameters: idi=4985, learner=, teststat=, testtype= 
  Algorithm: forest.splitbias.oob 
  Algorithm parameters:  
  Replication: 14 
  Seed: 12557 
  Problem seed: 136 
Setting seed: 12557
Applying Algorithm forest.splitbias.oob ...
Generating problem taski ...
Result:
List of 3
 $ idi   : int 4985
 $ lrn   : chr [1:3] "randomForest" "oob" ""
 $ result: Named num [1:4] 4.65 4.72 22.35 30.42
  ..- attr(*, "names")= chr [1:4] "MAE" "MEDAE" "MEDSE" "MSE"
NULL
Writing result file: /home/probst/Random_Forest/RFSplitbias/results/Splitbias-files/jobs/57/12557-result.RData
########## Executing jid=12558 ##########
Timestamp: 2016-04-28 17:14:13
Experiment: 
  Problem: taski 
  Problem parameters: idi=4985, learner=, teststat=, testtype= 
  Algorithm: forest.splitbias.oob 
  Algorithm parameters:  
  Replication: 15 
  Seed: 12558 
  Problem seed: 137 
Setting seed: 12558
Applying Algorithm forest.splitbias.oob ...
Generating problem taski ...
Result:
List of 3
 $ idi   : int 4985
 $ lrn   : chr [1:3] "randomForest" "oob" ""
 $ result: Named num [1:4] 4.63 4.45 19.82 30.27
  ..- attr(*, "names")= chr [1:4] "MAE" "MEDAE" "MEDSE" "MSE"
NULL
Writing result file: /home/probst/Random_Forest/RFSplitbias/results/Splitbias-files/jobs/58/12558-result.RData
########## Executing jid=12559 ##########
Timestamp: 2016-04-28 17:14:13
Experiment: 
  Problem: taski 
  Problem parameters: idi=4985, learner=, teststat=, testtype= 
  Algorithm: forest.splitbias.oob 
  Algorithm parameters:  
  Replication: 16 
  Seed: 12559 
  Problem seed: 138 
Setting seed: 12559
Applying Algorithm forest.splitbias.oob ...
Generating problem taski ...
Result:
List of 3
 $ idi   : int 4985
 $ lrn   : chr [1:3] "randomForest" "oob" ""
 $ result: Named num [1:4] 4.71 4.66 21.69 30.94
  ..- attr(*, "names")= chr [1:4] "MAE" "MEDAE" "MEDSE" "MSE"
NULL
Writing result file: /home/probst/Random_Forest/RFSplitbias/results/Splitbias-files/jobs/59/12559-result.RData
########## Executing jid=12560 ##########
Timestamp: 2016-04-28 17:14:14
Experiment: 
  Problem: taski 
  Problem parameters: idi=4985, learner=, teststat=, testtype= 
  Algorithm: forest.splitbias.oob 
  Algorithm parameters:  
  Replication: 17 
  Seed: 12560 
  Problem seed: 139 
Setting seed: 12560
Applying Algorithm forest.splitbias.oob ...
Generating problem taski ...
Result:
List of 3
 $ idi   : int 4985
 $ lrn   : chr [1:3] "randomForest" "oob" ""
 $ result: Named num [1:4] 4.67 4.8 23.04 30.45
  ..- attr(*, "names")= chr [1:4] "MAE" "MEDAE" "MEDSE" "MSE"
NULL
Writing result file: /home/probst/Random_Forest/RFSplitbias/results/Splitbias-files/jobs/60/12560-result.RData
########## Executing jid=12561 ##########
Timestamp: 2016-04-28 17:14:14
Experiment: 
  Problem: taski 
  Problem parameters: idi=4985, learner=, teststat=, testtype= 
  Algorithm: forest.splitbias.oob 
  Algorithm parameters:  
  Replication: 18 
  Seed: 12561 
  Problem seed: 140 
Setting seed: 12561
Applying Algorithm forest.splitbias.oob ...
Generating problem taski ...
Result:
List of 3
 $ idi   : int 4985
 $ lrn   : chr [1:3] "randomForest" "oob" ""
 $ result: Named num [1:4] 4.68 4.8 23.08 30.19
  ..- attr(*, "names")= chr [1:4] "MAE" "MEDAE" "MEDSE" "MSE"
NULL
Writing result file: /home/probst/Random_Forest/RFSplitbias/results/Splitbias-files/jobs/61/12561-result.RData
########## Executing jid=12562 ##########
Timestamp: 2016-04-28 17:14:15
Experiment: 
  Problem: taski 
  Problem parameters: idi=4985, learner=, teststat=, testtype= 
  Algorithm: forest.splitbias.oob 
  Algorithm parameters:  
  Replication: 19 
  Seed: 12562 
  Problem seed: 141 
Setting seed: 12562
Applying Algorithm forest.splitbias.oob ...
Generating problem taski ...
Result:
List of 3
 $ idi   : int 4985
 $ lrn   : chr [1:3] "randomForest" "oob" ""
 $ result: Named num [1:4] 4.62 4.48 20.08 29.76
  ..- attr(*, "names")= chr [1:4] "MAE" "MEDAE" "MEDSE" "MSE"
NULL
Writing result file: /home/probst/Random_Forest/RFSplitbias/results/Splitbias-files/jobs/62/12562-result.RData
########## Executing jid=12563 ##########
Timestamp: 2016-04-28 17:14:15
Experiment: 
  Problem: taski 
  Problem parameters: idi=4985, learner=, teststat=, testtype= 
  Algorithm: forest.splitbias.oob 
  Algorithm parameters:  
  Replication: 20 
  Seed: 12563 
  Problem seed: 142 
Setting seed: 12563
Applying Algorithm forest.splitbias.oob ...
Generating problem taski ...
Result:
List of 3
 $ idi   : int 4985
 $ lrn   : chr [1:3] "randomForest" "oob" ""
 $ result: Named num [1:4] 4.64 4.53 20.56 29.92
  ..- attr(*, "names")= chr [1:4] "MAE" "MEDAE" "MEDSE" "MSE"
NULL
Writing result file: /home/probst/Random_Forest/RFSplitbias/results/Splitbias-files/jobs/63/12563-result.RData
########## Executing jid=12564 ##########
Timestamp: 2016-04-28 17:14:16
Experiment: 
  Problem: taski 
  Problem parameters: idi=4985, learner=, teststat=, testtype= 
  Algorithm: forest.splitbias.oob 
  Algorithm parameters:  
  Replication: 21 
  Seed: 12564 
  Problem seed: 143 
Setting seed: 12564
Applying Algorithm forest.splitbias.oob ...
Generating problem taski ...
Result:
List of 3
 $ idi   : int 4985
 $ lrn   : chr [1:3] "randomForest" "oob" ""
 $ result: Named num [1:4] 4.64 4.46 19.92 30.3
  ..- attr(*, "names")= chr [1:4] "MAE" "MEDAE" "MEDSE" "MSE"
NULL
Writing result file: /home/probst/Random_Forest/RFSplitbias/results/Splitbias-files/jobs/64/12564-result.RData
########## Executing jid=12565 ##########
Timestamp: 2016-04-28 17:14:16
Experiment: 
  Problem: taski 
  Problem parameters: idi=4985, learner=, teststat=, testtype= 
  Algorithm: forest.splitbias.oob 
  Algorithm parameters:  
  Replication: 22 
  Seed: 12565 
  Problem seed: 144 
Setting seed: 12565
Applying Algorithm forest.splitbias.oob ...
Generating problem taski ...
Result:
List of 3
 $ idi   : int 4985
 $ lrn   : chr [1:3] "randomForest" "oob" ""
 $ result: Named num [1:4] 4.67 4.85 23.51 30.27
  ..- attr(*, "names")= chr [1:4] "MAE" "MEDAE" "MEDSE" "MSE"
NULL
Writing result file: /home/probst/Random_Forest/RFSplitbias/results/Splitbias-files/jobs/65/12565-result.RData
########## Executing jid=12566 ##########
Timestamp: 2016-04-28 17:14:17
Experiment: 
  Problem: taski 
  Problem parameters: idi=4985, learner=, teststat=, testtype= 
  Algorithm: forest.splitbias.oob 
  Algorithm parameters:  
  Replication: 23 
  Seed: 12566 
  Problem seed: 145 
Setting seed: 12566
Applying Algorithm forest.splitbias.oob ...
Generating problem taski ...
Result:
List of 3
 $ idi   : int 4985
 $ lrn   : chr [1:3] "randomForest" "oob" ""
 $ result: Named num [1:4] 4.68 4.58 21.02 30.22
  ..- attr(*, "names")= chr [1:4] "MAE" "MEDAE" "MEDSE" "MSE"
NULL
Writing result file: /home/probst/Random_Forest/RFSplitbias/results/Splitbias-files/jobs/66/12566-result.RData
########## Executing jid=12567 ##########
Timestamp: 2016-04-28 17:14:18
Experiment: 
  Problem: taski 
  Problem parameters: idi=4985, learner=, teststat=, testtype= 
  Algorithm: forest.splitbias.oob 
  Algorithm parameters:  
  Replication: 24 
  Seed: 12567 
  Problem seed: 146 
Setting seed: 12567
Applying Algorithm forest.splitbias.oob ...
Generating problem taski ...
Result:
List of 3
 $ idi   : int 4985
 $ lrn   : chr [1:3] "randomForest" "oob" ""
 $ result: Named num [1:4] 4.61 4.5 20.28 29.76
  ..- attr(*, "names")= chr [1:4] "MAE" "MEDAE" "MEDSE" "MSE"
NULL
Writing result file: /home/probst/Random_Forest/RFSplitbias/results/Splitbias-files/jobs/67/12567-result.RData
########## Executing jid=12568 ##########
Timestamp: 2016-04-28 17:14:18
Experiment: 
  Problem: taski 
  Problem parameters: idi=4985, learner=, teststat=, testtype= 
  Algorithm: forest.splitbias.oob 
  Algorithm parameters:  
  Replication: 25 
  Seed: 12568 
  Problem seed: 147 
Setting seed: 12568
Applying Algorithm forest.splitbias.oob ...
Generating problem taski ...
Result:
List of 3
 $ idi   : int 4985
 $ lrn   : chr [1:3] "randomForest" "oob" ""
 $ result: Named num [1:4] 4.62 4.52 20.45 29.48
  ..- attr(*, "names")= chr [1:4] "MAE" "MEDAE" "MEDSE" "MSE"
NULL
Writing result file: /home/probst/Random_Forest/RFSplitbias/results/Splitbias-files/jobs/68/12568-result.RData
########## Executing jid=12569 ##########
Timestamp: 2016-04-28 17:14:19
Experiment: 
  Problem: taski 
  Problem parameters: idi=4985, learner=, teststat=, testtype= 
  Algorithm: forest.splitbias.oob 
  Algorithm parameters:  
  Replication: 26 
  Seed: 12569 
  Problem seed: 148 
Setting seed: 12569
Applying Algorithm forest.splitbias.oob ...
Generating problem taski ...
Result:
List of 3
 $ idi   : int 4985
 $ lrn   : chr [1:3] "randomForest" "oob" ""
 $ result: Named num [1:4] 4.68 4.69 22.02 30.74
  ..- attr(*, "names")= chr [1:4] "MAE" "MEDAE" "MEDSE" "MSE"
NULL
Writing result file: /home/probst/Random_Forest/RFSplitbias/results/Splitbias-files/jobs/69/12569-result.RData
########## Executing jid=12570 ##########
Timestamp: 2016-04-28 17:14:19
Experiment: 
  Problem: taski 
  Problem parameters: idi=4985, learner=, teststat=, testtype= 
  Algorithm: forest.splitbias.oob 
  Algorithm parameters:  
  Replication: 27 
  Seed: 12570 
  Problem seed: 149 
Setting seed: 12570
Applying Algorithm forest.splitbias.oob ...
Generating problem taski ...
Result:
List of 3
 $ idi   : int 4985
 $ lrn   : chr [1:3] "randomForest" "oob" ""
 $ result: Named num [1:4] 4.6 4.74 22.44 29.59
  ..- attr(*, "names")= chr [1:4] "MAE" "MEDAE" "MEDSE" "MSE"
NULL
Writing result file: /home/probst/Random_Forest/RFSplitbias/results/Splitbias-files/jobs/70/12570-result.RData
########## Executing jid=12571 ##########
Timestamp: 2016-04-28 17:14:20
Experiment: 
  Problem: taski 
  Problem parameters: idi=4985, learner=, teststat=, testtype= 
  Algorithm: forest.splitbias.oob 
  Algorithm parameters:  
  Replication: 28 
  Seed: 12571 
  Problem seed: 150 
Setting seed: 12571
Applying Algorithm forest.splitbias.oob ...
Generating problem taski ...
Result:
List of 3
 $ idi   : int 4985
 $ lrn   : chr [1:3] "randomForest" "oob" ""
 $ result: Named num [1:4] 4.73 4.8 23.04 31.29
  ..- attr(*, "names")= chr [1:4] "MAE" "MEDAE" "MEDSE" "MSE"
NULL
Writing result file: /home/probst/Random_Forest/RFSplitbias/results/Splitbias-files/jobs/71/12571-result.RData
########## Executing jid=12572 ##########
Timestamp: 2016-04-28 17:14:20
Experiment: 
  Problem: taski 
  Problem parameters: idi=4985, learner=, teststat=, testtype= 
  Algorithm: forest.splitbias.oob 
  Algorithm parameters:  
  Replication: 29 
  Seed: 12572 
  Problem seed: 151 
Setting seed: 12572
Applying Algorithm forest.splitbias.oob ...
Generating problem taski ...
Result:
List of 3
 $ idi   : int 4985
 $ lrn   : chr [1:3] "randomForest" "oob" ""
 $ result: Named num [1:4] 4.65 4.58 21.01 30.2
  ..- attr(*, "names")= chr [1:4] "MAE" "MEDAE" "MEDSE" "MSE"
NULL
Writing result file: /home/probst/Random_Forest/RFSplitbias/results/Splitbias-files/jobs/72/12572-result.RData
########## Executing jid=12573 ##########
Timestamp: 2016-04-28 17:14:21
Experiment: 
  Problem: taski 
  Problem parameters: idi=4985, learner=, teststat=, testtype= 
  Algorithm: forest.splitbias.oob 
  Algorithm parameters:  
  Replication: 30 
  Seed: 12573 
  Problem seed: 152 
Setting seed: 12573
Applying Algorithm forest.splitbias.oob ...
Generating problem taski ...
Result:
List of 3
 $ idi   : int 4985
 $ lrn   : chr [1:3] "randomForest" "oob" ""
 $ result: Named num [1:4] 4.69 4.55 20.7 30.86
  ..- attr(*, "names")= chr [1:4] "MAE" "MEDAE" "MEDSE" "MSE"
NULL
Writing result file: /home/probst/Random_Forest/RFSplitbias/results/Splitbias-files/jobs/73/12573-result.RData
########## Executing jid=12574 ##########
Timestamp: 2016-04-28 17:14:21
Experiment: 
  Problem: taski 
  Problem parameters: idi=4985, learner=, teststat=, testtype= 
  Algorithm: forest.splitbias.oob 
  Algorithm parameters:  
  Replication: 31 
  Seed: 12574 
  Problem seed: 153 
Setting seed: 12574
Applying Algorithm forest.splitbias.oob ...
Generating problem taski ...
Result:
List of 3
 $ idi   : int 4985
 $ lrn   : chr [1:3] "randomForest" "oob" ""
 $ result: Named num [1:4] 4.62 4.38 19.21 29.9
  ..- attr(*, "names")= chr [1:4] "MAE" "MEDAE" "MEDSE" "MSE"
NULL
Writing result file: /home/probst/Random_Forest/RFSplitbias/results/Splitbias-files/jobs/74/12574-result.RData
########## Executing jid=12575 ##########
Timestamp: 2016-04-28 17:14:22
Experiment: 
  Problem: taski 
  Problem parameters: idi=4985, learner=, teststat=, testtype= 
  Algorithm: forest.splitbias.oob 
  Algorithm parameters:  
  Replication: 32 
  Seed: 12575 
  Problem seed: 154 
Setting seed: 12575
Applying Algorithm forest.splitbias.oob ...
Generating problem taski ...
Result:
List of 3
 $ idi   : int 4985
 $ lrn   : chr [1:3] "randomForest" "oob" ""
 $ result: Named num [1:4] 4.73 4.71 22.28 31.46
  ..- attr(*, "names")= chr [1:4] "MAE" "MEDAE" "MEDSE" "MSE"
NULL
Writing result file: /home/probst/Random_Forest/RFSplitbias/results/Splitbias-files/jobs/75/12575-result.RData
########## Executing jid=12576 ##########
Timestamp: 2016-04-28 17:14:22
Experiment: 
  Problem: taski 
  Problem parameters: idi=4985, learner=, teststat=, testtype= 
  Algorithm: forest.splitbias.oob 
  Algorithm parameters:  
  Replication: 33 
  Seed: 12576 
  Problem seed: 155 
Setting seed: 12576
Applying Algorithm forest.splitbias.oob ...
Generating problem taski ...
Result:
List of 3
 $ idi   : int 4985
 $ lrn   : chr [1:3] "randomForest" "oob" ""
 $ result: Named num [1:4] 4.69 4.71 22.21 30.42
  ..- attr(*, "names")= chr [1:4] "MAE" "MEDAE" "MEDSE" "MSE"
NULL
Writing result file: /home/probst/Random_Forest/RFSplitbias/results/Splitbias-files/jobs/76/12576-result.RData
########## Executing jid=12577 ##########
Timestamp: 2016-04-28 17:14:23
Experiment: 
  Problem: taski 
  Problem parameters: idi=4985, learner=, teststat=, testtype= 
  Algorithm: forest.splitbias.oob 
  Algorithm parameters:  
  Replication: 34 
  Seed: 12577 
  Problem seed: 156 
Setting seed: 12577
Applying Algorithm forest.splitbias.oob ...
Generating problem taski ...
Result:
List of 3
 $ idi   : int 4985
 $ lrn   : chr [1:3] "randomForest" "oob" ""
 $ result: Named num [1:4] 4.64 4.73 22.43 29.68
  ..- attr(*, "names")= chr [1:4] "MAE" "MEDAE" "MEDSE" "MSE"
NULL
Writing result file: /home/probst/Random_Forest/RFSplitbias/results/Splitbias-files/jobs/77/12577-result.RData
########## Executing jid=12578 ##########
Timestamp: 2016-04-28 17:14:23
Experiment: 
  Problem: taski 
  Problem parameters: idi=4985, learner=, teststat=, testtype= 
  Algorithm: forest.splitbias.oob 
  Algorithm parameters:  
  Replication: 35 
  Seed: 12578 
  Problem seed: 157 
Setting seed: 12578
Applying Algorithm forest.splitbias.oob ...
Generating problem taski ...
Result:
List of 3
 $ idi   : int 4985
 $ lrn   : chr [1:3] "randomForest" "oob" ""
 $ result: Named num [1:4] 4.61 4.63 21.42 29.98
  ..- attr(*, "names")= chr [1:4] "MAE" "MEDAE" "MEDSE" "MSE"
NULL
Writing result file: /home/probst/Random_Forest/RFSplitbias/results/Splitbias-files/jobs/78/12578-result.RData
########## Executing jid=12579 ##########
Timestamp: 2016-04-28 17:14:24
Experiment: 
  Problem: taski 
  Problem parameters: idi=4985, learner=, teststat=, testtype= 
  Algorithm: forest.splitbias.oob 
  Algorithm parameters:  
  Replication: 36 
  Seed: 12579 
  Problem seed: 158 
Setting seed: 12579
Applying Algorithm forest.splitbias.oob ...
Generating problem taski ...
Result:
List of 3
 $ idi   : int 4985
 $ lrn   : chr [1:3] "randomForest" "oob" ""
 $ result: Named num [1:4] 4.64 4.77 22.8 30.55
  ..- attr(*, "names")= chr [1:4] "MAE" "MEDAE" "MEDSE" "MSE"
NULL
Writing result file: /home/probst/Random_Forest/RFSplitbias/results/Splitbias-files/jobs/79/12579-result.RData
########## Executing jid=12580 ##########
Timestamp: 2016-04-28 17:14:24
Experiment: 
  Problem: taski 
  Problem parameters: idi=4985, learner=, teststat=, testtype= 
  Algorithm: forest.splitbias.oob 
  Algorithm parameters:  
  Replication: 37 
  Seed: 12580 
  Problem seed: 159 
Setting seed: 12580
Applying Algorithm forest.splitbias.oob ...
Generating problem taski ...
Result:
List of 3
 $ idi   : int 4985
 $ lrn   : chr [1:3] "randomForest" "oob" ""
 $ result: Named num [1:4] 4.69 4.56 20.77 30.88
  ..- attr(*, "names")= chr [1:4] "MAE" "MEDAE" "MEDSE" "MSE"
NULL
Writing result file: /home/probst/Random_Forest/RFSplitbias/results/Splitbias-files/jobs/80/12580-result.RData
########## Executing jid=12581 ##########
Timestamp: 2016-04-28 17:14:24
Experiment: 
  Problem: taski 
  Problem parameters: idi=4985, learner=, teststat=, testtype= 
  Algorithm: forest.splitbias.oob 
  Algorithm parameters:  
  Replication: 38 
  Seed: 12581 
  Problem seed: 160 
Setting seed: 12581
Applying Algorithm forest.splitbias.oob ...
Generating problem taski ...
Result:
List of 3
 $ idi   : int 4985
 $ lrn   : chr [1:3] "randomForest" "oob" ""
 $ result: Named num [1:4] 4.69 4.76 22.83 30.84
  ..- attr(*, "names")= chr [1:4] "MAE" "MEDAE" "MEDSE" "MSE"
NULL
Writing result file: /home/probst/Random_Forest/RFSplitbias/results/Splitbias-files/jobs/81/12581-result.RData
########## Executing jid=12582 ##########
Timestamp: 2016-04-28 17:14:25
Experiment: 
  Problem: taski 
  Problem parameters: idi=4985, learner=, teststat=, testtype= 
  Algorithm: forest.splitbias.oob 
  Algorithm parameters:  
  Replication: 39 
  Seed: 12582 
  Problem seed: 161 
Setting seed: 12582
Applying Algorithm forest.splitbias.oob ...
Generating problem taski ...
Result:
List of 3
 $ idi   : int 4985
 $ lrn   : chr [1:3] "randomForest" "oob" ""
 $ result: Named num [1:4] 4.68 4.96 24.61 30.48
  ..- attr(*, "names")= chr [1:4] "MAE" "MEDAE" "MEDSE" "MSE"
NULL
Writing result file: /home/probst/Random_Forest/RFSplitbias/results/Splitbias-files/jobs/82/12582-result.RData
########## Executing jid=12583 ##########
Timestamp: 2016-04-28 17:14:25
Experiment: 
  Problem: taski 
  Problem parameters: idi=4985, learner=, teststat=, testtype= 
  Algorithm: forest.splitbias.oob 
  Algorithm parameters:  
  Replication: 40 
  Seed: 12583 
  Problem seed: 162 
Setting seed: 12583
Applying Algorithm forest.splitbias.oob ...
Generating problem taski ...
Result:
List of 3
 $ idi   : int 4985
 $ lrn   : chr [1:3] "randomForest" "oob" ""
 $ result: Named num [1:4] 4.67 4.5 20.23 31.05
  ..- attr(*, "names")= chr [1:4] "MAE" "MEDAE" "MEDSE" "MSE"
NULL
Writing result file: /home/probst/Random_Forest/RFSplitbias/results/Splitbias-files/jobs/83/12583-result.RData
########## Executing jid=12584 ##########
Timestamp: 2016-04-28 17:14:26
Experiment: 
  Problem: taski 
  Problem parameters: idi=4985, learner=, teststat=, testtype= 
  Algorithm: forest.splitbias.oob 
  Algorithm parameters:  
  Replication: 41 
  Seed: 12584 
  Problem seed: 163 
Setting seed: 12584
Applying Algorithm forest.splitbias.oob ...
Generating problem taski ...
Result:
List of 3
 $ idi   : int 4985
 $ lrn   : chr [1:3] "randomForest" "oob" ""
 $ result: Named num [1:4] 4.66 4.7 22.11 30.56
  ..- attr(*, "names")= chr [1:4] "MAE" "MEDAE" "MEDSE" "MSE"
NULL
Writing result file: /home/probst/Random_Forest/RFSplitbias/results/Splitbias-files/jobs/84/12584-result.RData
########## Executing jid=12585 ##########
Timestamp: 2016-04-28 17:14:26
Experiment: 
  Problem: taski 
  Problem parameters: idi=4985, learner=, teststat=, testtype= 
  Algorithm: forest.splitbias.oob 
  Algorithm parameters:  
  Replication: 42 
  Seed: 12585 
  Problem seed: 164 
Setting seed: 12585
Applying Algorithm forest.splitbias.oob ...
Generating problem taski ...
Result:
List of 3
 $ idi   : int 4985
 $ lrn   : chr [1:3] "randomForest" "oob" ""
 $ result: Named num [1:4] 4.6 4.74 22.46 29.63
  ..- attr(*, "names")= chr [1:4] "MAE" "MEDAE" "MEDSE" "MSE"
NULL
Writing result file: /home/probst/Random_Forest/RFSplitbias/results/Splitbias-files/jobs/85/12585-result.RData
########## Executing jid=12586 ##########
Timestamp: 2016-04-28 17:14:27
Experiment: 
  Problem: taski 
  Problem parameters: idi=4985, learner=, teststat=, testtype= 
  Algorithm: forest.splitbias.oob 
  Algorithm parameters:  
  Replication: 43 
  Seed: 12586 
  Problem seed: 165 
Setting seed: 12586
Applying Algorithm forest.splitbias.oob ...
Generating problem taski ...
Result:
List of 3
 $ idi   : int 4985
 $ lrn   : chr [1:3] "randomForest" "oob" ""
 $ result: Named num [1:4] 4.61 4.26 18.11 29.67
  ..- attr(*, "names")= chr [1:4] "MAE" "MEDAE" "MEDSE" "MSE"
NULL
Writing result file: /home/probst/Random_Forest/RFSplitbias/results/Splitbias-files/jobs/86/12586-result.RData
########## Executing jid=12587 ##########
Timestamp: 2016-04-28 17:14:27
Experiment: 
  Problem: taski 
  Problem parameters: idi=4985, learner=, teststat=, testtype= 
  Algorithm: forest.splitbias.oob 
  Algorithm parameters:  
  Replication: 44 
  Seed: 12587 
  Problem seed: 166 
Setting seed: 12587
Applying Algorithm forest.splitbias.oob ...
Generating problem taski ...
Result:
List of 3
 $ idi   : int 4985
 $ lrn   : chr [1:3] "randomForest" "oob" ""
 $ result: Named num [1:4] 4.68 4.81 23.12 30.44
  ..- attr(*, "names")= chr [1:4] "MAE" "MEDAE" "MEDSE" "MSE"
NULL
Writing result file: /home/probst/Random_Forest/RFSplitbias/results/Splitbias-files/jobs/87/12587-result.RData
2016-04-28 17:14:28: All done.
Setting work back to: /nfsmb/koll/probst/Random_Forest/RFSplitbias/results
Memory usage according to gc:
          used  (Mb) gc trigger  (Mb) max used  (Mb)
Ncells 1956205 104.5    3205452 171.2  2105406 112.5
Vcells 4662501  35.6   15996972 122.1  5382154  41.1
