Loading registry: /home/probst/Random_Forest/RFSplitbias/results/Splitbias-files/registry.RData
Loading conf: 
2016-04-28 17:31:28: Starting job on node lin65.
Auto-mailer settings: start=none, done=none, error=none.
Setting work dir: /nfsmb/koll/probst/Random_Forest/RFSplitbias/results
########## Executing jid=14370 ##########
Timestamp: 2016-04-28 17:31:28
Experiment: 
  Problem: taski 
  Problem parameters: idi=5001, learner=, teststat=, testtype= 
  Algorithm: forest.splitbias.oob 
  Algorithm parameters:  
  Replication: 27 
  Seed: 14370 
  Problem seed: 149 
Setting seed: 14370
Applying Algorithm forest.splitbias.oob ...
Generating problem taski ...
Result:
List of 3
 $ idi   : int 5001
 $ lrn   : chr [1:3] "randomForest" "oob" ""
 $ result: Named num [1:4] 11.76 8.53 72.81 243.1
  ..- attr(*, "names")= chr [1:4] "MAE" "MEDAE" "MEDSE" "MSE"
NULL
Writing result file: /home/probst/Random_Forest/RFSplitbias/results/Splitbias-files/jobs/70/14370-result.RData
########## Executing jid=14371 ##########
Timestamp: 2016-04-28 17:31:28
Experiment: 
  Problem: taski 
  Problem parameters: idi=5001, learner=, teststat=, testtype= 
  Algorithm: forest.splitbias.oob 
  Algorithm parameters:  
  Replication: 28 
  Seed: 14371 
  Problem seed: 150 
Setting seed: 14371
Applying Algorithm forest.splitbias.oob ...
Generating problem taski ...
Result:
List of 3
 $ idi   : int 5001
 $ lrn   : chr [1:3] "randomForest" "oob" ""
 $ result: Named num [1:4] 11.6 9 81.1 242
  ..- attr(*, "names")= chr [1:4] "MAE" "MEDAE" "MEDSE" "MSE"
NULL
Writing result file: /home/probst/Random_Forest/RFSplitbias/results/Splitbias-files/jobs/71/14371-result.RData
########## Executing jid=14372 ##########
Timestamp: 2016-04-28 17:31:29
Experiment: 
  Problem: taski 
  Problem parameters: idi=5001, learner=, teststat=, testtype= 
  Algorithm: forest.splitbias.oob 
  Algorithm parameters:  
  Replication: 29 
  Seed: 14372 
  Problem seed: 151 
Setting seed: 14372
Applying Algorithm forest.splitbias.oob ...
Generating problem taski ...
Result:
List of 3
 $ idi   : int 5001
 $ lrn   : chr [1:3] "randomForest" "oob" ""
 $ result: Named num [1:4] 11.82 9.01 81.21 245.57
  ..- attr(*, "names")= chr [1:4] "MAE" "MEDAE" "MEDSE" "MSE"
NULL
Writing result file: /home/probst/Random_Forest/RFSplitbias/results/Splitbias-files/jobs/72/14372-result.RData
########## Executing jid=14373 ##########
Timestamp: 2016-04-28 17:31:30
Experiment: 
  Problem: taski 
  Problem parameters: idi=5001, learner=, teststat=, testtype= 
  Algorithm: forest.splitbias.oob 
  Algorithm parameters:  
  Replication: 30 
  Seed: 14373 
  Problem seed: 152 
Setting seed: 14373
Applying Algorithm forest.splitbias.oob ...
Generating problem taski ...
Result:
List of 3
 $ idi   : int 5001
 $ lrn   : chr [1:3] "randomForest" "oob" ""
 $ result: Named num [1:4] 11.58 8.67 75.09 238.48
  ..- attr(*, "names")= chr [1:4] "MAE" "MEDAE" "MEDSE" "MSE"
NULL
Writing result file: /home/probst/Random_Forest/RFSplitbias/results/Splitbias-files/jobs/73/14373-result.RData
########## Executing jid=14374 ##########
Timestamp: 2016-04-28 17:31:31
Experiment: 
  Problem: taski 
  Problem parameters: idi=5001, learner=, teststat=, testtype= 
  Algorithm: forest.splitbias.oob 
  Algorithm parameters:  
  Replication: 31 
  Seed: 14374 
  Problem seed: 153 
Setting seed: 14374
Applying Algorithm forest.splitbias.oob ...
Generating problem taski ...
Result:
List of 3
 $ idi   : int 5001
 $ lrn   : chr [1:3] "randomForest" "oob" ""
 $ result: Named num [1:4] 11.51 8.31 68.99 235.49
  ..- attr(*, "names")= chr [1:4] "MAE" "MEDAE" "MEDSE" "MSE"
NULL
Writing result file: /home/probst/Random_Forest/RFSplitbias/results/Splitbias-files/jobs/74/14374-result.RData
########## Executing jid=14375 ##########
Timestamp: 2016-04-28 17:31:31
Experiment: 
  Problem: taski 
  Problem parameters: idi=5001, learner=, teststat=, testtype= 
  Algorithm: forest.splitbias.oob 
  Algorithm parameters:  
  Replication: 32 
  Seed: 14375 
  Problem seed: 154 
Setting seed: 14375
Applying Algorithm forest.splitbias.oob ...
Generating problem taski ...
Result:
List of 3
 $ idi   : int 5001
 $ lrn   : chr [1:3] "randomForest" "oob" ""
 $ result: Named num [1:4] 11.53 8.29 68.69 239.01
  ..- attr(*, "names")= chr [1:4] "MAE" "MEDAE" "MEDSE" "MSE"
NULL
Writing result file: /home/probst/Random_Forest/RFSplitbias/results/Splitbias-files/jobs/75/14375-result.RData
########## Executing jid=14376 ##########
Timestamp: 2016-04-28 17:31:32
Experiment: 
  Problem: taski 
  Problem parameters: idi=5001, learner=, teststat=, testtype= 
  Algorithm: forest.splitbias.oob 
  Algorithm parameters:  
  Replication: 33 
  Seed: 14376 
  Problem seed: 155 
Setting seed: 14376
Applying Algorithm forest.splitbias.oob ...
Generating problem taski ...
Result:
List of 3
 $ idi   : int 5001
 $ lrn   : chr [1:3] "randomForest" "oob" ""
 $ result: Named num [1:4] 11.61 8.32 69.21 239.24
  ..- attr(*, "names")= chr [1:4] "MAE" "MEDAE" "MEDSE" "MSE"
NULL
Writing result file: /home/probst/Random_Forest/RFSplitbias/results/Splitbias-files/jobs/76/14376-result.RData
########## Executing jid=14377 ##########
Timestamp: 2016-04-28 17:31:33
Experiment: 
  Problem: taski 
  Problem parameters: idi=5001, learner=, teststat=, testtype= 
  Algorithm: forest.splitbias.oob 
  Algorithm parameters:  
  Replication: 34 
  Seed: 14377 
  Problem seed: 156 
Setting seed: 14377
Applying Algorithm forest.splitbias.oob ...
Generating problem taski ...
Result:
List of 3
 $ idi   : int 5001
 $ lrn   : chr [1:3] "randomForest" "oob" ""
 $ result: Named num [1:4] 11.54 8.45 71.39 236.21
  ..- attr(*, "names")= chr [1:4] "MAE" "MEDAE" "MEDSE" "MSE"
NULL
Writing result file: /home/probst/Random_Forest/RFSplitbias/results/Splitbias-files/jobs/77/14377-result.RData
########## Executing jid=14378 ##########
Timestamp: 2016-04-28 17:31:33
Experiment: 
  Problem: taski 
  Problem parameters: idi=5001, learner=, teststat=, testtype= 
  Algorithm: forest.splitbias.oob 
  Algorithm parameters:  
  Replication: 35 
  Seed: 14378 
  Problem seed: 157 
Setting seed: 14378
Applying Algorithm forest.splitbias.oob ...
Generating problem taski ...
Result:
List of 3
 $ idi   : int 5001
 $ lrn   : chr [1:3] "randomForest" "oob" ""
 $ result: Named num [1:4] 11.68 8.05 64.87 244.38
  ..- attr(*, "names")= chr [1:4] "MAE" "MEDAE" "MEDSE" "MSE"
NULL
Writing result file: /home/probst/Random_Forest/RFSplitbias/results/Splitbias-files/jobs/78/14378-result.RData
########## Executing jid=14379 ##########
Timestamp: 2016-04-28 17:31:34
Experiment: 
  Problem: taski 
  Problem parameters: idi=5001, learner=, teststat=, testtype= 
  Algorithm: forest.splitbias.oob 
  Algorithm parameters:  
  Replication: 36 
  Seed: 14379 
  Problem seed: 158 
Setting seed: 14379
Applying Algorithm forest.splitbias.oob ...
Generating problem taski ...
Result:
List of 3
 $ idi   : int 5001
 $ lrn   : chr [1:3] "randomForest" "oob" ""
 $ result: Named num [1:4] 11.82 8.58 73.62 243.81
  ..- attr(*, "names")= chr [1:4] "MAE" "MEDAE" "MEDSE" "MSE"
NULL
Writing result file: /home/probst/Random_Forest/RFSplitbias/results/Splitbias-files/jobs/79/14379-result.RData
########## Executing jid=14380 ##########
Timestamp: 2016-04-28 17:31:35
Experiment: 
  Problem: taski 
  Problem parameters: idi=5001, learner=, teststat=, testtype= 
  Algorithm: forest.splitbias.oob 
  Algorithm parameters:  
  Replication: 37 
  Seed: 14380 
  Problem seed: 159 
Setting seed: 14380
Applying Algorithm forest.splitbias.oob ...
Generating problem taski ...
Result:
List of 3
 $ idi   : int 5001
 $ lrn   : chr [1:3] "randomForest" "oob" ""
 $ result: Named num [1:4] 11.58 8.43 70.98 237.48
  ..- attr(*, "names")= chr [1:4] "MAE" "MEDAE" "MEDSE" "MSE"
NULL
Writing result file: /home/probst/Random_Forest/RFSplitbias/results/Splitbias-files/jobs/80/14380-result.RData
########## Executing jid=14381 ##########
Timestamp: 2016-04-28 17:31:36
Experiment: 
  Problem: taski 
  Problem parameters: idi=5001, learner=, teststat=, testtype= 
  Algorithm: forest.splitbias.oob 
  Algorithm parameters:  
  Replication: 38 
  Seed: 14381 
  Problem seed: 160 
Setting seed: 14381
Applying Algorithm forest.splitbias.oob ...
Generating problem taski ...
Result:
List of 3
 $ idi   : int 5001
 $ lrn   : chr [1:3] "randomForest" "oob" ""
 $ result: Named num [1:4] 11.64 8.78 77.13 243.43
  ..- attr(*, "names")= chr [1:4] "MAE" "MEDAE" "MEDSE" "MSE"
NULL
Writing result file: /home/probst/Random_Forest/RFSplitbias/results/Splitbias-files/jobs/81/14381-result.RData
########## Executing jid=14382 ##########
Timestamp: 2016-04-28 17:31:36
Experiment: 
  Problem: taski 
  Problem parameters: idi=5001, learner=, teststat=, testtype= 
  Algorithm: forest.splitbias.oob 
  Algorithm parameters:  
  Replication: 39 
  Seed: 14382 
  Problem seed: 161 
Setting seed: 14382
Applying Algorithm forest.splitbias.oob ...
Generating problem taski ...
Result:
List of 3
 $ idi   : int 5001
 $ lrn   : chr [1:3] "randomForest" "oob" ""
 $ result: Named num [1:4] 11.5 8.4 70.5 238.1
  ..- attr(*, "names")= chr [1:4] "MAE" "MEDAE" "MEDSE" "MSE"
NULL
Writing result file: /home/probst/Random_Forest/RFSplitbias/results/Splitbias-files/jobs/82/14382-result.RData
########## Executing jid=14383 ##########
Timestamp: 2016-04-28 17:31:37
Experiment: 
  Problem: taski 
  Problem parameters: idi=5001, learner=, teststat=, testtype= 
  Algorithm: forest.splitbias.oob 
  Algorithm parameters:  
  Replication: 40 
  Seed: 14383 
  Problem seed: 162 
Setting seed: 14383
Applying Algorithm forest.splitbias.oob ...
Generating problem taski ...
Result:
List of 3
 $ idi   : int 5001
 $ lrn   : chr [1:3] "randomForest" "oob" ""
 $ result: Named num [1:4] 11.55 8.39 70.43 236.3
  ..- attr(*, "names")= chr [1:4] "MAE" "MEDAE" "MEDSE" "MSE"
NULL
Writing result file: /home/probst/Random_Forest/RFSplitbias/results/Splitbias-files/jobs/83/14383-result.RData
########## Executing jid=14384 ##########
Timestamp: 2016-04-28 17:31:38
Experiment: 
  Problem: taski 
  Problem parameters: idi=5001, learner=, teststat=, testtype= 
  Algorithm: forest.splitbias.oob 
  Algorithm parameters:  
  Replication: 41 
  Seed: 14384 
  Problem seed: 163 
Setting seed: 14384
Applying Algorithm forest.splitbias.oob ...
Generating problem taski ...
Result:
List of 3
 $ idi   : int 5001
 $ lrn   : chr [1:3] "randomForest" "oob" ""
 $ result: Named num [1:4] 11.58 8.63 74.39 238.45
  ..- attr(*, "names")= chr [1:4] "MAE" "MEDAE" "MEDSE" "MSE"
NULL
Writing result file: /home/probst/Random_Forest/RFSplitbias/results/Splitbias-files/jobs/84/14384-result.RData
########## Executing jid=14385 ##########
Timestamp: 2016-04-28 17:31:39
Experiment: 
  Problem: taski 
  Problem parameters: idi=5001, learner=, teststat=, testtype= 
  Algorithm: forest.splitbias.oob 
  Algorithm parameters:  
  Replication: 42 
  Seed: 14385 
  Problem seed: 164 
Setting seed: 14385
Applying Algorithm forest.splitbias.oob ...
Generating problem taski ...
Result:
List of 3
 $ idi   : int 5001
 $ lrn   : chr [1:3] "randomForest" "oob" ""
 $ result: Named num [1:4] 11.75 8.78 77.05 243.96
  ..- attr(*, "names")= chr [1:4] "MAE" "MEDAE" "MEDSE" "MSE"
NULL
Writing result file: /home/probst/Random_Forest/RFSplitbias/results/Splitbias-files/jobs/85/14385-result.RData
########## Executing jid=14386 ##########
Timestamp: 2016-04-28 17:31:39
Experiment: 
  Problem: taski 
  Problem parameters: idi=5001, learner=, teststat=, testtype= 
  Algorithm: forest.splitbias.oob 
  Algorithm parameters:  
  Replication: 43 
  Seed: 14386 
  Problem seed: 165 
Setting seed: 14386
Applying Algorithm forest.splitbias.oob ...
Generating problem taski ...
Result:
List of 3
 $ idi   : int 5001
 $ lrn   : chr [1:3] "randomForest" "oob" ""
 $ result: Named num [1:4] 11.71 8.69 75.55 242.15
  ..- attr(*, "names")= chr [1:4] "MAE" "MEDAE" "MEDSE" "MSE"
NULL
Writing result file: /home/probst/Random_Forest/RFSplitbias/results/Splitbias-files/jobs/86/14386-result.RData
########## Executing jid=14387 ##########
Timestamp: 2016-04-28 17:31:40
Experiment: 
  Problem: taski 
  Problem parameters: idi=5001, learner=, teststat=, testtype= 
  Algorithm: forest.splitbias.oob 
  Algorithm parameters:  
  Replication: 44 
  Seed: 14387 
  Problem seed: 166 
Setting seed: 14387
Applying Algorithm forest.splitbias.oob ...
Generating problem taski ...
Result:
List of 3
 $ idi   : int 5001
 $ lrn   : chr [1:3] "randomForest" "oob" ""
 $ result: Named num [1:4] 11.54 8.21 67.38 236.67
  ..- attr(*, "names")= chr [1:4] "MAE" "MEDAE" "MEDSE" "MSE"
NULL
Writing result file: /home/probst/Random_Forest/RFSplitbias/results/Splitbias-files/jobs/87/14387-result.RData
########## Executing jid=14388 ##########
Timestamp: 2016-04-28 17:31:41
Experiment: 
  Problem: taski 
  Problem parameters: idi=5001, learner=, teststat=, testtype= 
  Algorithm: forest.splitbias.oob 
  Algorithm parameters:  
  Replication: 45 
  Seed: 14388 
  Problem seed: 167 
Setting seed: 14388
Applying Algorithm forest.splitbias.oob ...
Generating problem taski ...
Result:
List of 3
 $ idi   : int 5001
 $ lrn   : chr [1:3] "randomForest" "oob" ""
 $ result: Named num [1:4] 11.62 8.52 72.59 240.84
  ..- attr(*, "names")= chr [1:4] "MAE" "MEDAE" "MEDSE" "MSE"
NULL
Writing result file: /home/probst/Random_Forest/RFSplitbias/results/Splitbias-files/jobs/88/14388-result.RData
########## Executing jid=14389 ##########
Timestamp: 2016-04-28 17:31:42
Experiment: 
  Problem: taski 
  Problem parameters: idi=5001, learner=, teststat=, testtype= 
  Algorithm: forest.splitbias.oob 
  Algorithm parameters:  
  Replication: 46 
  Seed: 14389 
  Problem seed: 168 
Setting seed: 14389
Applying Algorithm forest.splitbias.oob ...
Generating problem taski ...
Result:
List of 3
 $ idi   : int 5001
 $ lrn   : chr [1:3] "randomForest" "oob" ""
 $ result: Named num [1:4] 11.69 8.69 75.52 241.96
  ..- attr(*, "names")= chr [1:4] "MAE" "MEDAE" "MEDSE" "MSE"
NULL
Writing result file: /home/probst/Random_Forest/RFSplitbias/results/Splitbias-files/jobs/89/14389-result.RData
########## Executing jid=14390 ##########
Timestamp: 2016-04-28 17:31:42
Experiment: 
  Problem: taski 
  Problem parameters: idi=5001, learner=, teststat=, testtype= 
  Algorithm: forest.splitbias.oob 
  Algorithm parameters:  
  Replication: 47 
  Seed: 14390 
  Problem seed: 169 
Setting seed: 14390
Applying Algorithm forest.splitbias.oob ...
Generating problem taski ...
Result:
List of 3
 $ idi   : int 5001
 $ lrn   : chr [1:3] "randomForest" "oob" ""
 $ result: Named num [1:4] 11.51 8.48 71.92 235.93
  ..- attr(*, "names")= chr [1:4] "MAE" "MEDAE" "MEDSE" "MSE"
NULL
Writing result file: /home/probst/Random_Forest/RFSplitbias/results/Splitbias-files/jobs/90/14390-result.RData
########## Executing jid=14391 ##########
Timestamp: 2016-04-28 17:31:43
Experiment: 
  Problem: taski 
  Problem parameters: idi=5001, learner=, teststat=, testtype= 
  Algorithm: forest.splitbias.oob 
  Algorithm parameters:  
  Replication: 48 
  Seed: 14391 
  Problem seed: 170 
Setting seed: 14391
Applying Algorithm forest.splitbias.oob ...
Generating problem taski ...
Result:
List of 3
 $ idi   : int 5001
 $ lrn   : chr [1:3] "randomForest" "oob" ""
 $ result: Named num [1:4] 11.74 8.83 77.95 246.32
  ..- attr(*, "names")= chr [1:4] "MAE" "MEDAE" "MEDSE" "MSE"
NULL
Writing result file: /home/probst/Random_Forest/RFSplitbias/results/Splitbias-files/jobs/91/14391-result.RData
########## Executing jid=14392 ##########
Timestamp: 2016-04-28 17:31:44
Experiment: 
  Problem: taski 
  Problem parameters: idi=5001, learner=, teststat=, testtype= 
  Algorithm: forest.splitbias.oob 
  Algorithm parameters:  
  Replication: 49 
  Seed: 14392 
  Problem seed: 171 
Setting seed: 14392
Applying Algorithm forest.splitbias.oob ...
Generating problem taski ...
Result:
List of 3
 $ idi   : int 5001
 $ lrn   : chr [1:3] "randomForest" "oob" ""
 $ result: Named num [1:4] 11.61 8.32 69.23 240.36
  ..- attr(*, "names")= chr [1:4] "MAE" "MEDAE" "MEDSE" "MSE"
NULL
Writing result file: /home/probst/Random_Forest/RFSplitbias/results/Splitbias-files/jobs/92/14392-result.RData
########## Executing jid=14393 ##########
Timestamp: 2016-04-28 17:31:45
Experiment: 
  Problem: taski 
  Problem parameters: idi=5001, learner=, teststat=, testtype= 
  Algorithm: forest.splitbias.oob 
  Algorithm parameters:  
  Replication: 50 
  Seed: 14393 
  Problem seed: 172 
Setting seed: 14393
Applying Algorithm forest.splitbias.oob ...
Generating problem taski ...
Result:
List of 3
 $ idi   : int 5001
 $ lrn   : chr [1:3] "randomForest" "oob" ""
 $ result: Named num [1:4] 11.73 8.62 74.36 241.36
  ..- attr(*, "names")= chr [1:4] "MAE" "MEDAE" "MEDSE" "MSE"
NULL
Writing result file: /home/probst/Random_Forest/RFSplitbias/results/Splitbias-files/jobs/93/14393-result.RData
########## Executing jid=14394 ##########
Timestamp: 2016-04-28 17:31:45
Experiment: 
  Problem: taski 
  Problem parameters: idi=4728, learner=, teststat=, testtype= 
  Algorithm: forest.splitbias.oob 
  Algorithm parameters:  
  Replication: 11 
  Seed: 14394 
  Problem seed: 133 
Setting seed: 14394
Applying Algorithm forest.splitbias.oob ...
Generating problem taski ...
Result:
List of 3
 $ idi   : int 4728
 $ lrn   : chr [1:3] "randomForest" "oob" ""
 $ result: Named num [1:4] 14.55 3.94 15.51 2633.13
  ..- attr(*, "names")= chr [1:4] "MAE" "MEDAE" "MEDSE" "MSE"
NULL
Writing result file: /home/probst/Random_Forest/RFSplitbias/results/Splitbias-files/jobs/94/14394-result.RData
########## Executing jid=14395 ##########
Timestamp: 2016-04-28 17:31:46
Experiment: 
  Problem: taski 
  Problem parameters: idi=4728, learner=, teststat=, testtype= 
  Algorithm: forest.splitbias.oob 
  Algorithm parameters:  
  Replication: 12 
  Seed: 14395 
  Problem seed: 134 
Setting seed: 14395
Applying Algorithm forest.splitbias.oob ...
Generating problem taski ...
Result:
List of 3
 $ idi   : int 4728
 $ lrn   : chr [1:3] "randomForest" "oob" ""
 $ result: Named num [1:4] 14.67 3.72 13.84 2667.14
  ..- attr(*, "names")= chr [1:4] "MAE" "MEDAE" "MEDSE" "MSE"
NULL
Writing result file: /home/probst/Random_Forest/RFSplitbias/results/Splitbias-files/jobs/95/14395-result.RData
########## Executing jid=14396 ##########
Timestamp: 2016-04-28 17:31:47
Experiment: 
  Problem: taski 
  Problem parameters: idi=4728, learner=, teststat=, testtype= 
  Algorithm: forest.splitbias.oob 
  Algorithm parameters:  
  Replication: 13 
  Seed: 14396 
  Problem seed: 135 
Setting seed: 14396
Applying Algorithm forest.splitbias.oob ...
Generating problem taski ...
Result:
List of 3
 $ idi   : int 4728
 $ lrn   : chr [1:3] "randomForest" "oob" ""
 $ result: Named num [1:4] 14.61 3.66 13.41 2589.86
  ..- attr(*, "names")= chr [1:4] "MAE" "MEDAE" "MEDSE" "MSE"
NULL
Writing result file: /home/probst/Random_Forest/RFSplitbias/results/Splitbias-files/jobs/96/14396-result.RData
########## Executing jid=14397 ##########
Timestamp: 2016-04-28 17:31:47
Experiment: 
  Problem: taski 
  Problem parameters: idi=4728, learner=, teststat=, testtype= 
  Algorithm: forest.splitbias.oob 
  Algorithm parameters:  
  Replication: 14 
  Seed: 14397 
  Problem seed: 136 
Setting seed: 14397
Applying Algorithm forest.splitbias.oob ...
Generating problem taski ...
Result:
List of 3
 $ idi   : int 4728
 $ lrn   : chr [1:3] "randomForest" "oob" ""
 $ result: Named num [1:4] 15.21 3.88 15.06 2768.46
  ..- attr(*, "names")= chr [1:4] "MAE" "MEDAE" "MEDSE" "MSE"
NULL
Writing result file: /home/probst/Random_Forest/RFSplitbias/results/Splitbias-files/jobs/97/14397-result.RData
########## Executing jid=14398 ##########
Timestamp: 2016-04-28 17:31:48
Experiment: 
  Problem: taski 
  Problem parameters: idi=4728, learner=, teststat=, testtype= 
  Algorithm: forest.splitbias.oob 
  Algorithm parameters:  
  Replication: 15 
  Seed: 14398 
  Problem seed: 137 
Setting seed: 14398
Applying Algorithm forest.splitbias.oob ...
Generating problem taski ...
Result:
List of 3
 $ idi   : int 4728
 $ lrn   : chr [1:3] "randomForest" "oob" ""
 $ result: Named num [1:4] 14.59 3.35 11.2 2700.29
  ..- attr(*, "names")= chr [1:4] "MAE" "MEDAE" "MEDSE" "MSE"
NULL
Writing result file: /home/probst/Random_Forest/RFSplitbias/results/Splitbias-files/jobs/98/14398-result.RData
########## Executing jid=14399 ##########
Timestamp: 2016-04-28 17:31:49
Experiment: 
  Problem: taski 
  Problem parameters: idi=4728, learner=, teststat=, testtype= 
  Algorithm: forest.splitbias.oob 
  Algorithm parameters:  
  Replication: 16 
  Seed: 14399 
  Problem seed: 138 
Setting seed: 14399
Applying Algorithm forest.splitbias.oob ...
Generating problem taski ...
Result:
List of 3
 $ idi   : int 4728
 $ lrn   : chr [1:3] "randomForest" "oob" ""
 $ result: Named num [1:4] 15.26 3.86 14.91 2796.78
  ..- attr(*, "names")= chr [1:4] "MAE" "MEDAE" "MEDSE" "MSE"
NULL
Writing result file: /home/probst/Random_Forest/RFSplitbias/results/Splitbias-files/jobs/99/14399-result.RData
########## Executing jid=14400 ##########
Timestamp: 2016-04-28 17:31:50
Experiment: 
  Problem: taski 
  Problem parameters: idi=4728, learner=, teststat=, testtype= 
  Algorithm: forest.splitbias.oob 
  Algorithm parameters:  
  Replication: 17 
  Seed: 14400 
  Problem seed: 139 
Setting seed: 14400
Applying Algorithm forest.splitbias.oob ...
Generating problem taski ...
Result:
List of 3
 $ idi   : int 4728
 $ lrn   : chr [1:3] "randomForest" "oob" ""
 $ result: Named num [1:4] 14.4 3.6 13 2634.7
  ..- attr(*, "names")= chr [1:4] "MAE" "MEDAE" "MEDSE" "MSE"
NULL
Writing result file: /home/probst/Random_Forest/RFSplitbias/results/Splitbias-files/jobs/00/14400-result.RData
########## Executing jid=14401 ##########
Timestamp: 2016-04-28 17:31:50
Experiment: 
  Problem: taski 
  Problem parameters: idi=4728, learner=, teststat=, testtype= 
  Algorithm: forest.splitbias.oob 
  Algorithm parameters:  
  Replication: 18 
  Seed: 14401 
  Problem seed: 140 
Setting seed: 14401
Applying Algorithm forest.splitbias.oob ...
Generating problem taski ...
Result:
List of 3
 $ idi   : int 4728
 $ lrn   : chr [1:3] "randomForest" "oob" ""
 $ result: Named num [1:4] 14.41 3.49 12.2 2639.14
  ..- attr(*, "names")= chr [1:4] "MAE" "MEDAE" "MEDSE" "MSE"
NULL
Writing result file: /home/probst/Random_Forest/RFSplitbias/results/Splitbias-files/jobs/01/14401-result.RData
########## Executing jid=14402 ##########
Timestamp: 2016-04-28 17:31:51
Experiment: 
  Problem: taski 
  Problem parameters: idi=4728, learner=, teststat=, testtype= 
  Algorithm: forest.splitbias.oob 
  Algorithm parameters:  
  Replication: 19 
  Seed: 14402 
  Problem seed: 141 
Setting seed: 14402
Applying Algorithm forest.splitbias.oob ...
Generating problem taski ...
Result:
List of 3
 $ idi   : int 4728
 $ lrn   : chr [1:3] "randomForest" "oob" ""
 $ result: Named num [1:4] 14.73 3.53 12.44 2725.33
  ..- attr(*, "names")= chr [1:4] "MAE" "MEDAE" "MEDSE" "MSE"
NULL
Writing result file: /home/probst/Random_Forest/RFSplitbias/results/Splitbias-files/jobs/02/14402-result.RData
########## Executing jid=14403 ##########
Timestamp: 2016-04-28 17:31:52
Experiment: 
  Problem: taski 
  Problem parameters: idi=4728, learner=, teststat=, testtype= 
  Algorithm: forest.splitbias.oob 
  Algorithm parameters:  
  Replication: 20 
  Seed: 14403 
  Problem seed: 142 
Setting seed: 14403
Applying Algorithm forest.splitbias.oob ...
Generating problem taski ...
Result:
List of 3
 $ idi   : int 4728
 $ lrn   : chr [1:3] "randomForest" "oob" ""
 $ result: Named num [1:4] 14.89 3.89 15.15 2741.33
  ..- attr(*, "names")= chr [1:4] "MAE" "MEDAE" "MEDSE" "MSE"
NULL
Writing result file: /home/probst/Random_Forest/RFSplitbias/results/Splitbias-files/jobs/03/14403-result.RData
########## Executing jid=14404 ##########
Timestamp: 2016-04-28 17:31:52
Experiment: 
  Problem: taski 
  Problem parameters: idi=4728, learner=, teststat=, testtype= 
  Algorithm: forest.splitbias.oob 
  Algorithm parameters:  
  Replication: 21 
  Seed: 14404 
  Problem seed: 143 
Setting seed: 14404
Applying Algorithm forest.splitbias.oob ...
Generating problem taski ...
Result:
List of 3
 $ idi   : int 4728
 $ lrn   : chr [1:3] "randomForest" "oob" ""
 $ result: Named num [1:4] 14.82 3.51 12.29 2821.99
  ..- attr(*, "names")= chr [1:4] "MAE" "MEDAE" "MEDSE" "MSE"
NULL
Writing result file: /home/probst/Random_Forest/RFSplitbias/results/Splitbias-files/jobs/04/14404-result.RData
########## Executing jid=14405 ##########
Timestamp: 2016-04-28 17:31:53
Experiment: 
  Problem: taski 
  Problem parameters: idi=4728, learner=, teststat=, testtype= 
  Algorithm: forest.splitbias.oob 
  Algorithm parameters:  
  Replication: 22 
  Seed: 14405 
  Problem seed: 144 
Setting seed: 14405
Applying Algorithm forest.splitbias.oob ...
Generating problem taski ...
Result:
List of 3
 $ idi   : int 4728
 $ lrn   : chr [1:3] "randomForest" "oob" ""
 $ result: Named num [1:4] 14.5 3.6 13 2719.7
  ..- attr(*, "names")= chr [1:4] "MAE" "MEDAE" "MEDSE" "MSE"
NULL
Writing result file: /home/probst/Random_Forest/RFSplitbias/results/Splitbias-files/jobs/05/14405-result.RData
########## Executing jid=14406 ##########
Timestamp: 2016-04-28 17:31:54
Experiment: 
  Problem: taski 
  Problem parameters: idi=4728, learner=, teststat=, testtype= 
  Algorithm: forest.splitbias.oob 
  Algorithm parameters:  
  Replication: 23 
  Seed: 14406 
  Problem seed: 145 
Setting seed: 14406
Applying Algorithm forest.splitbias.oob ...
Generating problem taski ...
Result:
List of 3
 $ idi   : int 4728
 $ lrn   : chr [1:3] "randomForest" "oob" ""
 $ result: Named num [1:4] 14.67 3.84 14.72 2608.08
  ..- attr(*, "names")= chr [1:4] "MAE" "MEDAE" "MEDSE" "MSE"
NULL
Writing result file: /home/probst/Random_Forest/RFSplitbias/results/Splitbias-files/jobs/06/14406-result.RData
########## Executing jid=14407 ##########
Timestamp: 2016-04-28 17:31:54
Experiment: 
  Problem: taski 
  Problem parameters: idi=4728, learner=, teststat=, testtype= 
  Algorithm: forest.splitbias.oob 
  Algorithm parameters:  
  Replication: 24 
  Seed: 14407 
  Problem seed: 146 
Setting seed: 14407
Applying Algorithm forest.splitbias.oob ...
Generating problem taski ...
Result:
List of 3
 $ idi   : int 4728
 $ lrn   : chr [1:3] "randomForest" "oob" ""
 $ result: Named num [1:4] 14.84 3.85 14.79 2768.9
  ..- attr(*, "names")= chr [1:4] "MAE" "MEDAE" "MEDSE" "MSE"
NULL
Writing result file: /home/probst/Random_Forest/RFSplitbias/results/Splitbias-files/jobs/07/14407-result.RData
########## Executing jid=14408 ##########
Timestamp: 2016-04-28 17:31:55
Experiment: 
  Problem: taski 
  Problem parameters: idi=4728, learner=, teststat=, testtype= 
  Algorithm: forest.splitbias.oob 
  Algorithm parameters:  
  Replication: 25 
  Seed: 14408 
  Problem seed: 147 
Setting seed: 14408
Applying Algorithm forest.splitbias.oob ...
Generating problem taski ...
Result:
List of 3
 $ idi   : int 4728
 $ lrn   : chr [1:3] "randomForest" "oob" ""
 $ result: Named num [1:4] 14.95 3.64 13.22 2758.04
  ..- attr(*, "names")= chr [1:4] "MAE" "MEDAE" "MEDSE" "MSE"
NULL
Writing result file: /home/probst/Random_Forest/RFSplitbias/results/Splitbias-files/jobs/08/14408-result.RData
########## Executing jid=14409 ##########
Timestamp: 2016-04-28 17:31:56
Experiment: 
  Problem: taski 
  Problem parameters: idi=4728, learner=, teststat=, testtype= 
  Algorithm: forest.splitbias.oob 
  Algorithm parameters:  
  Replication: 26 
  Seed: 14409 
  Problem seed: 148 
Setting seed: 14409
Applying Algorithm forest.splitbias.oob ...
Generating problem taski ...
Result:
List of 3
 $ idi   : int 4728
 $ lrn   : chr [1:3] "randomForest" "oob" ""
 $ result: Named num [1:4] 14.99 3.78 14.27 2732.95
  ..- attr(*, "names")= chr [1:4] "MAE" "MEDAE" "MEDSE" "MSE"
NULL
Writing result file: /home/probst/Random_Forest/RFSplitbias/results/Splitbias-files/jobs/09/14409-result.RData
########## Executing jid=14410 ##########
Timestamp: 2016-04-28 17:31:57
Experiment: 
  Problem: taski 
  Problem parameters: idi=4728, learner=, teststat=, testtype= 
  Algorithm: forest.splitbias.oob 
  Algorithm parameters:  
  Replication: 27 
  Seed: 14410 
  Problem seed: 149 
Setting seed: 14410
Applying Algorithm forest.splitbias.oob ...
Generating problem taski ...
Result:
List of 3
 $ idi   : int 4728
 $ lrn   : chr [1:3] "randomForest" "oob" ""
 $ result: Named num [1:4] 14.61 3.38 11.44 2730.91
  ..- attr(*, "names")= chr [1:4] "MAE" "MEDAE" "MEDSE" "MSE"
NULL
Writing result file: /home/probst/Random_Forest/RFSplitbias/results/Splitbias-files/jobs/10/14410-result.RData
########## Executing jid=14411 ##########
Timestamp: 2016-04-28 17:31:57
Experiment: 
  Problem: taski 
  Problem parameters: idi=4728, learner=, teststat=, testtype= 
  Algorithm: forest.splitbias.oob 
  Algorithm parameters:  
  Replication: 28 
  Seed: 14411 
  Problem seed: 150 
Setting seed: 14411
Applying Algorithm forest.splitbias.oob ...
Generating problem taski ...
Result:
List of 3
 $ idi   : int 4728
 $ lrn   : chr [1:3] "randomForest" "oob" ""
 $ result: Named num [1:4] 14.9 3.9 15.2 2794.5
  ..- attr(*, "names")= chr [1:4] "MAE" "MEDAE" "MEDSE" "MSE"
NULL
Writing result file: /home/probst/Random_Forest/RFSplitbias/results/Splitbias-files/jobs/11/14411-result.RData
########## Executing jid=14412 ##########
Timestamp: 2016-04-28 17:31:58
Experiment: 
  Problem: taski 
  Problem parameters: idi=4728, learner=, teststat=, testtype= 
  Algorithm: forest.splitbias.oob 
  Algorithm parameters:  
  Replication: 29 
  Seed: 14412 
  Problem seed: 151 
Setting seed: 14412
Applying Algorithm forest.splitbias.oob ...
Generating problem taski ...
Result:
List of 3
 $ idi   : int 4728
 $ lrn   : chr [1:3] "randomForest" "oob" ""
 $ result: Named num [1:4] 14.63 3.84 14.71 2741.45
  ..- attr(*, "names")= chr [1:4] "MAE" "MEDAE" "MEDSE" "MSE"
NULL
Writing result file: /home/probst/Random_Forest/RFSplitbias/results/Splitbias-files/jobs/12/14412-result.RData
########## Executing jid=14413 ##########
Timestamp: 2016-04-28 17:31:59
Experiment: 
  Problem: taski 
  Problem parameters: idi=4728, learner=, teststat=, testtype= 
  Algorithm: forest.splitbias.oob 
  Algorithm parameters:  
  Replication: 30 
  Seed: 14413 
  Problem seed: 152 
Setting seed: 14413
Applying Algorithm forest.splitbias.oob ...
Generating problem taski ...
Result:
List of 3
 $ idi   : int 4728
 $ lrn   : chr [1:3] "randomForest" "oob" ""
 $ result: Named num [1:4] 14.46 3.53 12.46 2591.19
  ..- attr(*, "names")= chr [1:4] "MAE" "MEDAE" "MEDSE" "MSE"
NULL
Writing result file: /home/probst/Random_Forest/RFSplitbias/results/Splitbias-files/jobs/13/14413-result.RData
########## Executing jid=14414 ##########
Timestamp: 2016-04-28 17:31:59
Experiment: 
  Problem: taski 
  Problem parameters: idi=4728, learner=, teststat=, testtype= 
  Algorithm: forest.splitbias.oob 
  Algorithm parameters:  
  Replication: 31 
  Seed: 14414 
  Problem seed: 153 
Setting seed: 14414
Applying Algorithm forest.splitbias.oob ...
Generating problem taski ...
Result:
List of 3
 $ idi   : int 4728
 $ lrn   : chr [1:3] "randomForest" "oob" ""
 $ result: Named num [1:4] 14.63 3.93 15.44 2665.44
  ..- attr(*, "names")= chr [1:4] "MAE" "MEDAE" "MEDSE" "MSE"
NULL
Writing result file: /home/probst/Random_Forest/RFSplitbias/results/Splitbias-files/jobs/14/14414-result.RData
########## Executing jid=14415 ##########
Timestamp: 2016-04-28 17:32:00
Experiment: 
  Problem: taski 
  Problem parameters: idi=4728, learner=, teststat=, testtype= 
  Algorithm: forest.splitbias.oob 
  Algorithm parameters:  
  Replication: 32 
  Seed: 14415 
  Problem seed: 154 
Setting seed: 14415
Applying Algorithm forest.splitbias.oob ...
Generating problem taski ...
Result:
List of 3
 $ idi   : int 4728
 $ lrn   : chr [1:3] "randomForest" "oob" ""
 $ result: Named num [1:4] 14.6 3.5 12.2 2600.9
  ..- attr(*, "names")= chr [1:4] "MAE" "MEDAE" "MEDSE" "MSE"
NULL
Writing result file: /home/probst/Random_Forest/RFSplitbias/results/Splitbias-files/jobs/15/14415-result.RData
########## Executing jid=14416 ##########
Timestamp: 2016-04-28 17:32:01
Experiment: 
  Problem: taski 
  Problem parameters: idi=4728, learner=, teststat=, testtype= 
  Algorithm: forest.splitbias.oob 
  Algorithm parameters:  
  Replication: 33 
  Seed: 14416 
  Problem seed: 155 
Setting seed: 14416
Applying Algorithm forest.splitbias.oob ...
Generating problem taski ...
Result:
List of 3
 $ idi   : int 4728
 $ lrn   : chr [1:3] "randomForest" "oob" ""
 $ result: Named num [1:4] 14.4 3.9 15.2 2675.8
  ..- attr(*, "names")= chr [1:4] "MAE" "MEDAE" "MEDSE" "MSE"
NULL
Writing result file: /home/probst/Random_Forest/RFSplitbias/results/Splitbias-files/jobs/16/14416-result.RData
########## Executing jid=14417 ##########
Timestamp: 2016-04-28 17:32:01
Experiment: 
  Problem: taski 
  Problem parameters: idi=4728, learner=, teststat=, testtype= 
  Algorithm: forest.splitbias.oob 
  Algorithm parameters:  
  Replication: 34 
  Seed: 14417 
  Problem seed: 156 
Setting seed: 14417
Applying Algorithm forest.splitbias.oob ...
Generating problem taski ...
Result:
List of 3
 $ idi   : int 4728
 $ lrn   : chr [1:3] "randomForest" "oob" ""
 $ result: Named num [1:4] 14.81 3.71 13.77 2824.65
  ..- attr(*, "names")= chr [1:4] "MAE" "MEDAE" "MEDSE" "MSE"
NULL
Writing result file: /home/probst/Random_Forest/RFSplitbias/results/Splitbias-files/jobs/17/14417-result.RData
########## Executing jid=14418 ##########
Timestamp: 2016-04-28 17:32:02
Experiment: 
  Problem: taski 
  Problem parameters: idi=4728, learner=, teststat=, testtype= 
  Algorithm: forest.splitbias.oob 
  Algorithm parameters:  
  Replication: 35 
  Seed: 14418 
  Problem seed: 157 
Setting seed: 14418
Applying Algorithm forest.splitbias.oob ...
Generating problem taski ...
Result:
List of 3
 $ idi   : int 4728
 $ lrn   : chr [1:3] "randomForest" "oob" ""
 $ result: Named num [1:4] 14.87 3.75 14.09 2693
  ..- attr(*, "names")= chr [1:4] "MAE" "MEDAE" "MEDSE" "MSE"
NULL
Writing result file: /home/probst/Random_Forest/RFSplitbias/results/Splitbias-files/jobs/18/14418-result.RData
########## Executing jid=14419 ##########
Timestamp: 2016-04-28 17:32:03
Experiment: 
  Problem: taski 
  Problem parameters: idi=4728, learner=, teststat=, testtype= 
  Algorithm: forest.splitbias.oob 
  Algorithm parameters:  
  Replication: 36 
  Seed: 14419 
  Problem seed: 158 
Setting seed: 14419
Applying Algorithm forest.splitbias.oob ...
Generating problem taski ...
Result:
List of 3
 $ idi   : int 4728
 $ lrn   : chr [1:3] "randomForest" "oob" ""
 $ result: Named num [1:4] 15.04 3.76 14.11 2753.1
  ..- attr(*, "names")= chr [1:4] "MAE" "MEDAE" "MEDSE" "MSE"
NULL
Writing result file: /home/probst/Random_Forest/RFSplitbias/results/Splitbias-files/jobs/19/14419-result.RData
########## Executing jid=14420 ##########
Timestamp: 2016-04-28 17:32:03
Experiment: 
  Problem: taski 
  Problem parameters: idi=4728, learner=, teststat=, testtype= 
  Algorithm: forest.splitbias.oob 
  Algorithm parameters:  
  Replication: 37 
  Seed: 14420 
  Problem seed: 159 
Setting seed: 14420
Applying Algorithm forest.splitbias.oob ...
Generating problem taski ...
Result:
List of 3
 $ idi   : int 4728
 $ lrn   : chr [1:3] "randomForest" "oob" ""
 $ result: Named num [1:4] 14.95 4.21 17.74 2845.47
  ..- attr(*, "names")= chr [1:4] "MAE" "MEDAE" "MEDSE" "MSE"
NULL
Writing result file: /home/probst/Random_Forest/RFSplitbias/results/Splitbias-files/jobs/20/14420-result.RData
########## Executing jid=14421 ##########
Timestamp: 2016-04-28 17:32:04
Experiment: 
  Problem: taski 
  Problem parameters: idi=4728, learner=, teststat=, testtype= 
  Algorithm: forest.splitbias.oob 
  Algorithm parameters:  
  Replication: 38 
  Seed: 14421 
  Problem seed: 160 
Setting seed: 14421
Applying Algorithm forest.splitbias.oob ...
Generating problem taski ...
Result:
List of 3
 $ idi   : int 4728
 $ lrn   : chr [1:3] "randomForest" "oob" ""
 $ result: Named num [1:4] 14.36 3.72 13.83 2505.9
  ..- attr(*, "names")= chr [1:4] "MAE" "MEDAE" "MEDSE" "MSE"
NULL
Writing result file: /home/probst/Random_Forest/RFSplitbias/results/Splitbias-files/jobs/21/14421-result.RData
########## Executing jid=14422 ##########
Timestamp: 2016-04-28 17:32:05
Experiment: 
  Problem: taski 
  Problem parameters: idi=4728, learner=, teststat=, testtype= 
  Algorithm: forest.splitbias.oob 
  Algorithm parameters:  
  Replication: 39 
  Seed: 14422 
  Problem seed: 161 
Setting seed: 14422
Applying Algorithm forest.splitbias.oob ...
Generating problem taski ...
Result:
List of 3
 $ idi   : int 4728
 $ lrn   : chr [1:3] "randomForest" "oob" ""
 $ result: Named num [1:4] 14.59 3.77 14.18 2635.97
  ..- attr(*, "names")= chr [1:4] "MAE" "MEDAE" "MEDSE" "MSE"
NULL
Writing result file: /home/probst/Random_Forest/RFSplitbias/results/Splitbias-files/jobs/22/14422-result.RData
########## Executing jid=14423 ##########
Timestamp: 2016-04-28 17:32:06
Experiment: 
  Problem: taski 
  Problem parameters: idi=4728, learner=, teststat=, testtype= 
  Algorithm: forest.splitbias.oob 
  Algorithm parameters:  
  Replication: 40 
  Seed: 14423 
  Problem seed: 162 
Setting seed: 14423
Applying Algorithm forest.splitbias.oob ...
Generating problem taski ...
Result:
List of 3
 $ idi   : int 4728
 $ lrn   : chr [1:3] "randomForest" "oob" ""
 $ result: Named num [1:4] 14.85 3.77 14.21 2658.47
  ..- attr(*, "names")= chr [1:4] "MAE" "MEDAE" "MEDSE" "MSE"
NULL
Writing result file: /home/probst/Random_Forest/RFSplitbias/results/Splitbias-files/jobs/23/14423-result.RData
########## Executing jid=14424 ##########
Timestamp: 2016-04-28 17:32:06
Experiment: 
  Problem: taski 
  Problem parameters: idi=4728, learner=, teststat=, testtype= 
  Algorithm: forest.splitbias.oob 
  Algorithm parameters:  
  Replication: 41 
  Seed: 14424 
  Problem seed: 163 
Setting seed: 14424
Applying Algorithm forest.splitbias.oob ...
Generating problem taski ...
Result:
List of 3
 $ idi   : int 4728
 $ lrn   : chr [1:3] "randomForest" "oob" ""
 $ result: Named num [1:4] 14.95 3.71 13.78 2774.95
  ..- attr(*, "names")= chr [1:4] "MAE" "MEDAE" "MEDSE" "MSE"
NULL
Writing result file: /home/probst/Random_Forest/RFSplitbias/results/Splitbias-files/jobs/24/14424-result.RData
########## Executing jid=14425 ##########
Timestamp: 2016-04-28 17:32:07
Experiment: 
  Problem: taski 
  Problem parameters: idi=4728, learner=, teststat=, testtype= 
  Algorithm: forest.splitbias.oob 
  Algorithm parameters:  
  Replication: 42 
  Seed: 14425 
  Problem seed: 164 
Setting seed: 14425
Applying Algorithm forest.splitbias.oob ...
Generating problem taski ...
Result:
List of 3
 $ idi   : int 4728
 $ lrn   : chr [1:3] "randomForest" "oob" ""
 $ result: Named num [1:4] 14.9 3.71 13.79 2701.63
  ..- attr(*, "names")= chr [1:4] "MAE" "MEDAE" "MEDSE" "MSE"
NULL
Writing result file: /home/probst/Random_Forest/RFSplitbias/results/Splitbias-files/jobs/25/14425-result.RData
########## Executing jid=14426 ##########
Timestamp: 2016-04-28 17:32:08
Experiment: 
  Problem: taski 
  Problem parameters: idi=4728, learner=, teststat=, testtype= 
  Algorithm: forest.splitbias.oob 
  Algorithm parameters:  
  Replication: 43 
  Seed: 14426 
  Problem seed: 165 
Setting seed: 14426
Applying Algorithm forest.splitbias.oob ...
Generating problem taski ...
Result:
List of 3
 $ idi   : int 4728
 $ lrn   : chr [1:3] "randomForest" "oob" ""
 $ result: Named num [1:4] 14.66 3.55 12.59 2792.93
  ..- attr(*, "names")= chr [1:4] "MAE" "MEDAE" "MEDSE" "MSE"
NULL
Writing result file: /home/probst/Random_Forest/RFSplitbias/results/Splitbias-files/jobs/26/14426-result.RData
########## Executing jid=14427 ##########
Timestamp: 2016-04-28 17:32:08
Experiment: 
  Problem: taski 
  Problem parameters: idi=4728, learner=, teststat=, testtype= 
  Algorithm: forest.splitbias.oob 
  Algorithm parameters:  
  Replication: 44 
  Seed: 14427 
  Problem seed: 166 
Setting seed: 14427
Applying Algorithm forest.splitbias.oob ...
Generating problem taski ...
Result:
List of 3
 $ idi   : int 4728
 $ lrn   : chr [1:3] "randomForest" "oob" ""
 $ result: Named num [1:4] 15 3.9 15.2 2694.4
  ..- attr(*, "names")= chr [1:4] "MAE" "MEDAE" "MEDSE" "MSE"
NULL
Writing result file: /home/probst/Random_Forest/RFSplitbias/results/Splitbias-files/jobs/27/14427-result.RData
########## Executing jid=14428 ##########
Timestamp: 2016-04-28 17:32:09
Experiment: 
  Problem: taski 
  Problem parameters: idi=4728, learner=, teststat=, testtype= 
  Algorithm: forest.splitbias.oob 
  Algorithm parameters:  
  Replication: 45 
  Seed: 14428 
  Problem seed: 167 
Setting seed: 14428
Applying Algorithm forest.splitbias.oob ...
Generating problem taski ...
Result:
List of 3
 $ idi   : int 4728
 $ lrn   : chr [1:3] "randomForest" "oob" ""
 $ result: Named num [1:4] 15.02 4.01 16.08 2803.07
  ..- attr(*, "names")= chr [1:4] "MAE" "MEDAE" "MEDSE" "MSE"
NULL
Writing result file: /home/probst/Random_Forest/RFSplitbias/results/Splitbias-files/jobs/28/14428-result.RData
########## Executing jid=14429 ##########
Timestamp: 2016-04-28 17:32:10
Experiment: 
  Problem: taski 
  Problem parameters: idi=4728, learner=, teststat=, testtype= 
  Algorithm: forest.splitbias.oob 
  Algorithm parameters:  
  Replication: 46 
  Seed: 14429 
  Problem seed: 168 
Setting seed: 14429
Applying Algorithm forest.splitbias.oob ...
Generating problem taski ...
Result:
List of 3
 $ idi   : int 4728
 $ lrn   : chr [1:3] "randomForest" "oob" ""
 $ result: Named num [1:4] 15.17 4.18 17.48 2823.96
  ..- attr(*, "names")= chr [1:4] "MAE" "MEDAE" "MEDSE" "MSE"
NULL
Writing result file: /home/probst/Random_Forest/RFSplitbias/results/Splitbias-files/jobs/29/14429-result.RData
########## Executing jid=14430 ##########
Timestamp: 2016-04-28 17:32:11
Experiment: 
  Problem: taski 
  Problem parameters: idi=4728, learner=, teststat=, testtype= 
  Algorithm: forest.splitbias.oob 
  Algorithm parameters:  
  Replication: 47 
  Seed: 14430 
  Problem seed: 169 
Setting seed: 14430
Applying Algorithm forest.splitbias.oob ...
Generating problem taski ...
Result:
List of 3
 $ idi   : int 4728
 $ lrn   : chr [1:3] "randomForest" "oob" ""
 $ result: Named num [1:4] 14.68 3.89 15.16 2667.26
  ..- attr(*, "names")= chr [1:4] "MAE" "MEDAE" "MEDSE" "MSE"
NULL
Writing result file: /home/probst/Random_Forest/RFSplitbias/results/Splitbias-files/jobs/30/14430-result.RData
########## Executing jid=14431 ##########
Timestamp: 2016-04-28 17:32:11
Experiment: 
  Problem: taski 
  Problem parameters: idi=4728, learner=, teststat=, testtype= 
  Algorithm: forest.splitbias.oob 
  Algorithm parameters:  
  Replication: 48 
  Seed: 14431 
  Problem seed: 170 
Setting seed: 14431
Applying Algorithm forest.splitbias.oob ...
Generating problem taski ...
Result:
List of 3
 $ idi   : int 4728
 $ lrn   : chr [1:3] "randomForest" "oob" ""
 $ result: Named num [1:4] 14.68 3.85 14.79 2809.4
  ..- attr(*, "names")= chr [1:4] "MAE" "MEDAE" "MEDSE" "MSE"
NULL
Writing result file: /home/probst/Random_Forest/RFSplitbias/results/Splitbias-files/jobs/31/14431-result.RData
########## Executing jid=14432 ##########
Timestamp: 2016-04-28 17:32:12
Experiment: 
  Problem: taski 
  Problem parameters: idi=4728, learner=, teststat=, testtype= 
  Algorithm: forest.splitbias.oob 
  Algorithm parameters:  
  Replication: 49 
  Seed: 14432 
  Problem seed: 171 
Setting seed: 14432
Applying Algorithm forest.splitbias.oob ...
Generating problem taski ...
Result:
List of 3
 $ idi   : int 4728
 $ lrn   : chr [1:3] "randomForest" "oob" ""
 $ result: Named num [1:4] 14.5 3.49 12.17 2667.87
  ..- attr(*, "names")= chr [1:4] "MAE" "MEDAE" "MEDSE" "MSE"
NULL
Writing result file: /home/probst/Random_Forest/RFSplitbias/results/Splitbias-files/jobs/32/14432-result.RData
########## Executing jid=14433 ##########
Timestamp: 2016-04-28 17:32:13
Experiment: 
  Problem: taski 
  Problem parameters: idi=4728, learner=, teststat=, testtype= 
  Algorithm: forest.splitbias.oob 
  Algorithm parameters:  
  Replication: 50 
  Seed: 14433 
  Problem seed: 172 
Setting seed: 14433
Applying Algorithm forest.splitbias.oob ...
Generating problem taski ...
Result:
List of 3
 $ idi   : int 4728
 $ lrn   : chr [1:3] "randomForest" "oob" ""
 $ result: Named num [1:4] 15.3 4.1 16.8 2747.4
  ..- attr(*, "names")= chr [1:4] "MAE" "MEDAE" "MEDSE" "MSE"
NULL
Writing result file: /home/probst/Random_Forest/RFSplitbias/results/Splitbias-files/jobs/33/14433-result.RData
########## Executing jid=14434 ##########
Timestamp: 2016-04-28 17:32:13
Experiment: 
  Problem: taski 
  Problem parameters: idi=4795, learner=, teststat=, testtype= 
  Algorithm: forest.splitbias.oob 
  Algorithm parameters:  
  Replication: 11 
  Seed: 14434 
  Problem seed: 133 
Setting seed: 14434
Applying Algorithm forest.splitbias.oob ...
Generating problem taski ...
Result:
List of 3
 $ idi   : int 4795
 $ lrn   : chr [1:3] "randomForest" "oob" ""
 $ result: Named num [1:4] 0.1707 0.1327 0.0176 0.052
  ..- attr(*, "names")= chr [1:4] "MAE" "MEDAE" "MEDSE" "MSE"
NULL
Writing result file: /home/probst/Random_Forest/RFSplitbias/results/Splitbias-files/jobs/34/14434-result.RData
########## Executing jid=14435 ##########
Timestamp: 2016-04-28 17:32:14
Experiment: 
  Problem: taski 
  Problem parameters: idi=4795, learner=, teststat=, testtype= 
  Algorithm: forest.splitbias.oob 
  Algorithm parameters:  
  Replication: 12 
  Seed: 14435 
  Problem seed: 134 
Setting seed: 14435
Applying Algorithm forest.splitbias.oob ...
Generating problem taski ...
Result:
List of 3
 $ idi   : int 4795
 $ lrn   : chr [1:3] "randomForest" "oob" ""
 $ result: Named num [1:4] 0.1712 0.1283 0.0165 0.0532
  ..- attr(*, "names")= chr [1:4] "MAE" "MEDAE" "MEDSE" "MSE"
NULL
Writing result file: /home/probst/Random_Forest/RFSplitbias/results/Splitbias-files/jobs/35/14435-result.RData
########## Executing jid=14436 ##########
Timestamp: 2016-04-28 17:32:15
Experiment: 
  Problem: taski 
  Problem parameters: idi=4795, learner=, teststat=, testtype= 
  Algorithm: forest.splitbias.oob 
  Algorithm parameters:  
  Replication: 13 
  Seed: 14436 
  Problem seed: 135 
Setting seed: 14436
Applying Algorithm forest.splitbias.oob ...
Generating problem taski ...
Result:
List of 3
 $ idi   : int 4795
 $ lrn   : chr [1:3] "randomForest" "oob" ""
 $ result: Named num [1:4] 0.1681 0.1328 0.0176 0.0507
  ..- attr(*, "names")= chr [1:4] "MAE" "MEDAE" "MEDSE" "MSE"
NULL
Writing result file: /home/probst/Random_Forest/RFSplitbias/results/Splitbias-files/jobs/36/14436-result.RData
########## Executing jid=14437 ##########
Timestamp: 2016-04-28 17:32:15
Experiment: 
  Problem: taski 
  Problem parameters: idi=4795, learner=, teststat=, testtype= 
  Algorithm: forest.splitbias.oob 
  Algorithm parameters:  
  Replication: 14 
  Seed: 14437 
  Problem seed: 136 
Setting seed: 14437
Applying Algorithm forest.splitbias.oob ...
Generating problem taski ...
Result:
List of 3
 $ idi   : int 4795
 $ lrn   : chr [1:3] "randomForest" "oob" ""
 $ result: Named num [1:4] 0.1689 0.1299 0.0169 0.0521
  ..- attr(*, "names")= chr [1:4] "MAE" "MEDAE" "MEDSE" "MSE"
NULL
Writing result file: /home/probst/Random_Forest/RFSplitbias/results/Splitbias-files/jobs/37/14437-result.RData
########## Executing jid=14438 ##########
Timestamp: 2016-04-28 17:32:16
Experiment: 
  Problem: taski 
  Problem parameters: idi=4795, learner=, teststat=, testtype= 
  Algorithm: forest.splitbias.oob 
  Algorithm parameters:  
  Replication: 15 
  Seed: 14438 
  Problem seed: 137 
Setting seed: 14438
Applying Algorithm forest.splitbias.oob ...
Generating problem taski ...
Result:
List of 3
 $ idi   : int 4795
 $ lrn   : chr [1:3] "randomForest" "oob" ""
 $ result: Named num [1:4] 0.1717 0.1455 0.0212 0.0519
  ..- attr(*, "names")= chr [1:4] "MAE" "MEDAE" "MEDSE" "MSE"
NULL
Writing result file: /home/probst/Random_Forest/RFSplitbias/results/Splitbias-files/jobs/38/14438-result.RData
########## Executing jid=14439 ##########
Timestamp: 2016-04-28 17:32:16
Experiment: 
  Problem: taski 
  Problem parameters: idi=4795, learner=, teststat=, testtype= 
  Algorithm: forest.splitbias.oob 
  Algorithm parameters:  
  Replication: 16 
  Seed: 14439 
  Problem seed: 138 
Setting seed: 14439
Applying Algorithm forest.splitbias.oob ...
Generating problem taski ...
Result:
List of 3
 $ idi   : int 4795
 $ lrn   : chr [1:3] "randomForest" "oob" ""
 $ result: Named num [1:4] 0.1708 0.1483 0.022 0.0527
  ..- attr(*, "names")= chr [1:4] "MAE" "MEDAE" "MEDSE" "MSE"
NULL
Writing result file: /home/probst/Random_Forest/RFSplitbias/results/Splitbias-files/jobs/39/14439-result.RData
########## Executing jid=14440 ##########
Timestamp: 2016-04-28 17:32:17
Experiment: 
  Problem: taski 
  Problem parameters: idi=4795, learner=, teststat=, testtype= 
  Algorithm: forest.splitbias.oob 
  Algorithm parameters:  
  Replication: 17 
  Seed: 14440 
  Problem seed: 139 
Setting seed: 14440
Applying Algorithm forest.splitbias.oob ...
Generating problem taski ...
Result:
List of 3
 $ idi   : int 4795
 $ lrn   : chr [1:3] "randomForest" "oob" ""
 $ result: Named num [1:4] 0.1724 0.1378 0.019 0.0541
  ..- attr(*, "names")= chr [1:4] "MAE" "MEDAE" "MEDSE" "MSE"
NULL
Writing result file: /home/probst/Random_Forest/RFSplitbias/results/Splitbias-files/jobs/40/14440-result.RData
########## Executing jid=14441 ##########
Timestamp: 2016-04-28 17:32:17
Experiment: 
  Problem: taski 
  Problem parameters: idi=4795, learner=, teststat=, testtype= 
  Algorithm: forest.splitbias.oob 
  Algorithm parameters:  
  Replication: 18 
  Seed: 14441 
  Problem seed: 140 
Setting seed: 14441
Applying Algorithm forest.splitbias.oob ...
Generating problem taski ...
Result:
List of 3
 $ idi   : int 4795
 $ lrn   : chr [1:3] "randomForest" "oob" ""
 $ result: Named num [1:4] 0.1709 0.145 0.021 0.0515
  ..- attr(*, "names")= chr [1:4] "MAE" "MEDAE" "MEDSE" "MSE"
NULL
Writing result file: /home/probst/Random_Forest/RFSplitbias/results/Splitbias-files/jobs/41/14441-result.RData
########## Executing jid=14442 ##########
Timestamp: 2016-04-28 17:32:18
Experiment: 
  Problem: taski 
  Problem parameters: idi=4795, learner=, teststat=, testtype= 
  Algorithm: forest.splitbias.oob 
  Algorithm parameters:  
  Replication: 19 
  Seed: 14442 
  Problem seed: 141 
Setting seed: 14442
Applying Algorithm forest.splitbias.oob ...
Generating problem taski ...
Result:
List of 3
 $ idi   : int 4795
 $ lrn   : chr [1:3] "randomForest" "oob" ""
 $ result: Named num [1:4] 0.1714 0.1354 0.0183 0.0526
  ..- attr(*, "names")= chr [1:4] "MAE" "MEDAE" "MEDSE" "MSE"
NULL
Writing result file: /home/probst/Random_Forest/RFSplitbias/results/Splitbias-files/jobs/42/14442-result.RData
########## Executing jid=14443 ##########
Timestamp: 2016-04-28 17:32:19
Experiment: 
  Problem: taski 
  Problem parameters: idi=4795, learner=, teststat=, testtype= 
  Algorithm: forest.splitbias.oob 
  Algorithm parameters:  
  Replication: 20 
  Seed: 14443 
  Problem seed: 142 
Setting seed: 14443
Applying Algorithm forest.splitbias.oob ...
Generating problem taski ...
Result:
List of 3
 $ idi   : int 4795
 $ lrn   : chr [1:3] "randomForest" "oob" ""
 $ result: Named num [1:4] 0.1715 0.1336 0.0178 0.0528
  ..- attr(*, "names")= chr [1:4] "MAE" "MEDAE" "MEDSE" "MSE"
NULL
Writing result file: /home/probst/Random_Forest/RFSplitbias/results/Splitbias-files/jobs/43/14443-result.RData
########## Executing jid=14444 ##########
Timestamp: 2016-04-28 17:32:19
Experiment: 
  Problem: taski 
  Problem parameters: idi=4795, learner=, teststat=, testtype= 
  Algorithm: forest.splitbias.oob 
  Algorithm parameters:  
  Replication: 21 
  Seed: 14444 
  Problem seed: 143 
Setting seed: 14444
Applying Algorithm forest.splitbias.oob ...
Generating problem taski ...
Result:
List of 3
 $ idi   : int 4795
 $ lrn   : chr [1:3] "randomForest" "oob" ""
 $ result: Named num [1:4] 0.1665 0.1229 0.0151 0.0512
  ..- attr(*, "names")= chr [1:4] "MAE" "MEDAE" "MEDSE" "MSE"
NULL
Writing result file: /home/probst/Random_Forest/RFSplitbias/results/Splitbias-files/jobs/44/14444-result.RData
########## Executing jid=14445 ##########
Timestamp: 2016-04-28 17:32:20
Experiment: 
  Problem: taski 
  Problem parameters: idi=4795, learner=, teststat=, testtype= 
  Algorithm: forest.splitbias.oob 
  Algorithm parameters:  
  Replication: 22 
  Seed: 14445 
  Problem seed: 144 
Setting seed: 14445
Applying Algorithm forest.splitbias.oob ...
Generating problem taski ...
Result:
List of 3
 $ idi   : int 4795
 $ lrn   : chr [1:3] "randomForest" "oob" ""
 $ result: Named num [1:4] 0.1673 0.128 0.0164 0.0516
  ..- attr(*, "names")= chr [1:4] "MAE" "MEDAE" "MEDSE" "MSE"
NULL
Writing result file: /home/probst/Random_Forest/RFSplitbias/results/Splitbias-files/jobs/45/14445-result.RData
########## Executing jid=14446 ##########
Timestamp: 2016-04-28 17:32:20
Experiment: 
  Problem: taski 
  Problem parameters: idi=4795, learner=, teststat=, testtype= 
  Algorithm: forest.splitbias.oob 
  Algorithm parameters:  
  Replication: 23 
  Seed: 14446 
  Problem seed: 145 
Setting seed: 14446
Applying Algorithm forest.splitbias.oob ...
Generating problem taski ...
Result:
List of 3
 $ idi   : int 4795
 $ lrn   : chr [1:3] "randomForest" "oob" ""
 $ result: Named num [1:4] 0.1691 0.1297 0.0168 0.0511
  ..- attr(*, "names")= chr [1:4] "MAE" "MEDAE" "MEDSE" "MSE"
NULL
Writing result file: /home/probst/Random_Forest/RFSplitbias/results/Splitbias-files/jobs/46/14446-result.RData
########## Executing jid=14447 ##########
Timestamp: 2016-04-28 17:32:21
Experiment: 
  Problem: taski 
  Problem parameters: idi=4795, learner=, teststat=, testtype= 
  Algorithm: forest.splitbias.oob 
  Algorithm parameters:  
  Replication: 24 
  Seed: 14447 
  Problem seed: 146 
Setting seed: 14447
Applying Algorithm forest.splitbias.oob ...
Generating problem taski ...
Result:
List of 3
 $ idi   : int 4795
 $ lrn   : chr [1:3] "randomForest" "oob" ""
 $ result: Named num [1:4] 0.1721 0.1409 0.0199 0.053
  ..- attr(*, "names")= chr [1:4] "MAE" "MEDAE" "MEDSE" "MSE"
NULL
Writing result file: /home/probst/Random_Forest/RFSplitbias/results/Splitbias-files/jobs/47/14447-result.RData
########## Executing jid=14448 ##########
Timestamp: 2016-04-28 17:32:22
Experiment: 
  Problem: taski 
  Problem parameters: idi=4795, learner=, teststat=, testtype= 
  Algorithm: forest.splitbias.oob 
  Algorithm parameters:  
  Replication: 25 
  Seed: 14448 
  Problem seed: 147 
Setting seed: 14448
Applying Algorithm forest.splitbias.oob ...
Generating problem taski ...
Result:
List of 3
 $ idi   : int 4795
 $ lrn   : chr [1:3] "randomForest" "oob" ""
 $ result: Named num [1:4] 0.1669 0.1198 0.0143 0.0508
  ..- attr(*, "names")= chr [1:4] "MAE" "MEDAE" "MEDSE" "MSE"
NULL
Writing result file: /home/probst/Random_Forest/RFSplitbias/results/Splitbias-files/jobs/48/14448-result.RData
########## Executing jid=14449 ##########
Timestamp: 2016-04-28 17:32:22
Experiment: 
  Problem: taski 
  Problem parameters: idi=4795, learner=, teststat=, testtype= 
  Algorithm: forest.splitbias.oob 
  Algorithm parameters:  
  Replication: 26 
  Seed: 14449 
  Problem seed: 148 
Setting seed: 14449
Applying Algorithm forest.splitbias.oob ...
Generating problem taski ...
Result:
List of 3
 $ idi   : int 4795
 $ lrn   : chr [1:3] "randomForest" "oob" ""
 $ result: Named num [1:4] 0.1724 0.1394 0.0194 0.0522
  ..- attr(*, "names")= chr [1:4] "MAE" "MEDAE" "MEDSE" "MSE"
NULL
Writing result file: /home/probst/Random_Forest/RFSplitbias/results/Splitbias-files/jobs/49/14449-result.RData
########## Executing jid=14450 ##########
Timestamp: 2016-04-28 17:32:23
Experiment: 
  Problem: taski 
  Problem parameters: idi=4795, learner=, teststat=, testtype= 
  Algorithm: forest.splitbias.oob 
  Algorithm parameters:  
  Replication: 27 
  Seed: 14450 
  Problem seed: 149 
Setting seed: 14450
Applying Algorithm forest.splitbias.oob ...
Generating problem taski ...
Result:
List of 3
 $ idi   : int 4795
 $ lrn   : chr [1:3] "randomForest" "oob" ""
 $ result: Named num [1:4] 0.1707 0.1222 0.0149 0.0515
  ..- attr(*, "names")= chr [1:4] "MAE" "MEDAE" "MEDSE" "MSE"
NULL
Writing result file: /home/probst/Random_Forest/RFSplitbias/results/Splitbias-files/jobs/50/14450-result.RData
########## Executing jid=14451 ##########
Timestamp: 2016-04-28 17:32:23
Experiment: 
  Problem: taski 
  Problem parameters: idi=4795, learner=, teststat=, testtype= 
  Algorithm: forest.splitbias.oob 
  Algorithm parameters:  
  Replication: 28 
  Seed: 14451 
  Problem seed: 150 
Setting seed: 14451
Applying Algorithm forest.splitbias.oob ...
Generating problem taski ...
Result:
List of 3
 $ idi   : int 4795
 $ lrn   : chr [1:3] "randomForest" "oob" ""
 $ result: Named num [1:4] 0.1668 0.1357 0.0184 0.0511
  ..- attr(*, "names")= chr [1:4] "MAE" "MEDAE" "MEDSE" "MSE"
NULL
Writing result file: /home/probst/Random_Forest/RFSplitbias/results/Splitbias-files/jobs/51/14451-result.RData
########## Executing jid=14452 ##########
Timestamp: 2016-04-28 17:32:24
Experiment: 
  Problem: taski 
  Problem parameters: idi=4795, learner=, teststat=, testtype= 
  Algorithm: forest.splitbias.oob 
  Algorithm parameters:  
  Replication: 29 
  Seed: 14452 
  Problem seed: 151 
Setting seed: 14452
Applying Algorithm forest.splitbias.oob ...
Generating problem taski ...
Result:
List of 3
 $ idi   : int 4795
 $ lrn   : chr [1:3] "randomForest" "oob" ""
 $ result: Named num [1:4] 0.1713 0.1393 0.0194 0.0531
  ..- attr(*, "names")= chr [1:4] "MAE" "MEDAE" "MEDSE" "MSE"
NULL
Writing result file: /home/probst/Random_Forest/RFSplitbias/results/Splitbias-files/jobs/52/14452-result.RData
########## Executing jid=14453 ##########
Timestamp: 2016-04-28 17:32:24
Experiment: 
  Problem: taski 
  Problem parameters: idi=4795, learner=, teststat=, testtype= 
  Algorithm: forest.splitbias.oob 
  Algorithm parameters:  
  Replication: 30 
  Seed: 14453 
  Problem seed: 152 
Setting seed: 14453
Applying Algorithm forest.splitbias.oob ...
Generating problem taski ...
Result:
List of 3
 $ idi   : int 4795
 $ lrn   : chr [1:3] "randomForest" "oob" ""
 $ result: Named num [1:4] 0.1734 0.1351 0.0182 0.0534
  ..- attr(*, "names")= chr [1:4] "MAE" "MEDAE" "MEDSE" "MSE"
NULL
Writing result file: /home/probst/Random_Forest/RFSplitbias/results/Splitbias-files/jobs/53/14453-result.RData
########## Executing jid=14454 ##########
Timestamp: 2016-04-28 17:32:25
Experiment: 
  Problem: taski 
  Problem parameters: idi=4795, learner=, teststat=, testtype= 
  Algorithm: forest.splitbias.oob 
  Algorithm parameters:  
  Replication: 31 
  Seed: 14454 
  Problem seed: 153 
Setting seed: 14454
Applying Algorithm forest.splitbias.oob ...
Generating problem taski ...
Result:
List of 3
 $ idi   : int 4795
 $ lrn   : chr [1:3] "randomForest" "oob" ""
 $ result: Named num [1:4] 0.1682 0.1224 0.015 0.0513
  ..- attr(*, "names")= chr [1:4] "MAE" "MEDAE" "MEDSE" "MSE"
NULL
Writing result file: /home/probst/Random_Forest/RFSplitbias/results/Splitbias-files/jobs/54/14454-result.RData
########## Executing jid=14455 ##########
Timestamp: 2016-04-28 17:32:26
Experiment: 
  Problem: taski 
  Problem parameters: idi=4795, learner=, teststat=, testtype= 
  Algorithm: forest.splitbias.oob 
  Algorithm parameters:  
  Replication: 32 
  Seed: 14455 
  Problem seed: 154 
Setting seed: 14455
Applying Algorithm forest.splitbias.oob ...
Generating problem taski ...
Result:
List of 3
 $ idi   : int 4795
 $ lrn   : chr [1:3] "randomForest" "oob" ""
 $ result: Named num [1:4] 0.1682 0.1368 0.0187 0.0516
  ..- attr(*, "names")= chr [1:4] "MAE" "MEDAE" "MEDSE" "MSE"
NULL
Writing result file: /home/probst/Random_Forest/RFSplitbias/results/Splitbias-files/jobs/55/14455-result.RData
########## Executing jid=14456 ##########
Timestamp: 2016-04-28 17:32:26
Experiment: 
  Problem: taski 
  Problem parameters: idi=4795, learner=, teststat=, testtype= 
  Algorithm: forest.splitbias.oob 
  Algorithm parameters:  
  Replication: 33 
  Seed: 14456 
  Problem seed: 155 
Setting seed: 14456
Applying Algorithm forest.splitbias.oob ...
Generating problem taski ...
Result:
List of 3
 $ idi   : int 4795
 $ lrn   : chr [1:3] "randomForest" "oob" ""
 $ result: Named num [1:4] 0.1728 0.1352 0.0183 0.0533
  ..- attr(*, "names")= chr [1:4] "MAE" "MEDAE" "MEDSE" "MSE"
NULL
Writing result file: /home/probst/Random_Forest/RFSplitbias/results/Splitbias-files/jobs/56/14456-result.RData
########## Executing jid=14457 ##########
Timestamp: 2016-04-28 17:32:27
Experiment: 
  Problem: taski 
  Problem parameters: idi=4795, learner=, teststat=, testtype= 
  Algorithm: forest.splitbias.oob 
  Algorithm parameters:  
  Replication: 34 
  Seed: 14457 
  Problem seed: 156 
Setting seed: 14457
Applying Algorithm forest.splitbias.oob ...
Generating problem taski ...
Result:
List of 3
 $ idi   : int 4795
 $ lrn   : chr [1:3] "randomForest" "oob" ""
 $ result: Named num [1:4] 0.1704 0.1386 0.0192 0.0524
  ..- attr(*, "names")= chr [1:4] "MAE" "MEDAE" "MEDSE" "MSE"
NULL
Writing result file: /home/probst/Random_Forest/RFSplitbias/results/Splitbias-files/jobs/57/14457-result.RData
########## Executing jid=14458 ##########
Timestamp: 2016-04-28 17:32:27
Experiment: 
  Problem: taski 
  Problem parameters: idi=4795, learner=, teststat=, testtype= 
  Algorithm: forest.splitbias.oob 
  Algorithm parameters:  
  Replication: 35 
  Seed: 14458 
  Problem seed: 157 
Setting seed: 14458
Applying Algorithm forest.splitbias.oob ...
Generating problem taski ...
Result:
List of 3
 $ idi   : int 4795
 $ lrn   : chr [1:3] "randomForest" "oob" ""
 $ result: Named num [1:4] 0.1689 0.1321 0.0174 0.0527
  ..- attr(*, "names")= chr [1:4] "MAE" "MEDAE" "MEDSE" "MSE"
NULL
Writing result file: /home/probst/Random_Forest/RFSplitbias/results/Splitbias-files/jobs/58/14458-result.RData
########## Executing jid=14459 ##########
Timestamp: 2016-04-28 17:32:28
Experiment: 
  Problem: taski 
  Problem parameters: idi=4795, learner=, teststat=, testtype= 
  Algorithm: forest.splitbias.oob 
  Algorithm parameters:  
  Replication: 36 
  Seed: 14459 
  Problem seed: 158 
Setting seed: 14459
Applying Algorithm forest.splitbias.oob ...
Generating problem taski ...
Result:
List of 3
 $ idi   : int 4795
 $ lrn   : chr [1:3] "randomForest" "oob" ""
 $ result: Named num [1:4] 0.1719 0.1467 0.0215 0.0526
  ..- attr(*, "names")= chr [1:4] "MAE" "MEDAE" "MEDSE" "MSE"
NULL
Writing result file: /home/probst/Random_Forest/RFSplitbias/results/Splitbias-files/jobs/59/14459-result.RData
########## Executing jid=14460 ##########
Timestamp: 2016-04-28 17:32:28
Experiment: 
  Problem: taski 
  Problem parameters: idi=4795, learner=, teststat=, testtype= 
  Algorithm: forest.splitbias.oob 
  Algorithm parameters:  
  Replication: 37 
  Seed: 14460 
  Problem seed: 159 
Setting seed: 14460
Applying Algorithm forest.splitbias.oob ...
Generating problem taski ...
Result:
List of 3
 $ idi   : int 4795
 $ lrn   : chr [1:3] "randomForest" "oob" ""
 $ result: Named num [1:4] 0.1705 0.1461 0.0214 0.052
  ..- attr(*, "names")= chr [1:4] "MAE" "MEDAE" "MEDSE" "MSE"
NULL
Writing result file: /home/probst/Random_Forest/RFSplitbias/results/Splitbias-files/jobs/60/14460-result.RData
########## Executing jid=14461 ##########
Timestamp: 2016-04-28 17:32:29
Experiment: 
  Problem: taski 
  Problem parameters: idi=4795, learner=, teststat=, testtype= 
  Algorithm: forest.splitbias.oob 
  Algorithm parameters:  
  Replication: 38 
  Seed: 14461 
  Problem seed: 160 
Setting seed: 14461
Applying Algorithm forest.splitbias.oob ...
Generating problem taski ...
Result:
List of 3
 $ idi   : int 4795
 $ lrn   : chr [1:3] "randomForest" "oob" ""
 $ result: Named num [1:4] 0.171 0.122 0.015 0.053
  ..- attr(*, "names")= chr [1:4] "MAE" "MEDAE" "MEDSE" "MSE"
NULL
Writing result file: /home/probst/Random_Forest/RFSplitbias/results/Splitbias-files/jobs/61/14461-result.RData
########## Executing jid=14462 ##########
Timestamp: 2016-04-28 17:32:30
Experiment: 
  Problem: taski 
  Problem parameters: idi=4795, learner=, teststat=, testtype= 
  Algorithm: forest.splitbias.oob 
  Algorithm parameters:  
  Replication: 39 
  Seed: 14462 
  Problem seed: 161 
Setting seed: 14462
Applying Algorithm forest.splitbias.oob ...
Generating problem taski ...
Result:
List of 3
 $ idi   : int 4795
 $ lrn   : chr [1:3] "randomForest" "oob" ""
 $ result: Named num [1:4] 0.172 0.1284 0.0165 0.0529
  ..- attr(*, "names")= chr [1:4] "MAE" "MEDAE" "MEDSE" "MSE"
NULL
Writing result file: /home/probst/Random_Forest/RFSplitbias/results/Splitbias-files/jobs/62/14462-result.RData
########## Executing jid=14463 ##########
Timestamp: 2016-04-28 17:32:30
Experiment: 
  Problem: taski 
  Problem parameters: idi=4795, learner=, teststat=, testtype= 
  Algorithm: forest.splitbias.oob 
  Algorithm parameters:  
  Replication: 40 
  Seed: 14463 
  Problem seed: 162 
Setting seed: 14463
Applying Algorithm forest.splitbias.oob ...
Generating problem taski ...
Result:
List of 3
 $ idi   : int 4795
 $ lrn   : chr [1:3] "randomForest" "oob" ""
 $ result: Named num [1:4] 0.17 0.135 0.0182 0.0515
  ..- attr(*, "names")= chr [1:4] "MAE" "MEDAE" "MEDSE" "MSE"
NULL
Writing result file: /home/probst/Random_Forest/RFSplitbias/results/Splitbias-files/jobs/63/14463-result.RData
########## Executing jid=14464 ##########
Timestamp: 2016-04-28 17:32:31
Experiment: 
  Problem: taski 
  Problem parameters: idi=4795, learner=, teststat=, testtype= 
  Algorithm: forest.splitbias.oob 
  Algorithm parameters:  
  Replication: 41 
  Seed: 14464 
  Problem seed: 163 
Setting seed: 14464
Applying Algorithm forest.splitbias.oob ...
Generating problem taski ...
Result:
List of 3
 $ idi   : int 4795
 $ lrn   : chr [1:3] "randomForest" "oob" ""
 $ result: Named num [1:4] 0.1687 0.1291 0.0167 0.0518
  ..- attr(*, "names")= chr [1:4] "MAE" "MEDAE" "MEDSE" "MSE"
NULL
Writing result file: /home/probst/Random_Forest/RFSplitbias/results/Splitbias-files/jobs/64/14464-result.RData
########## Executing jid=14465 ##########
Timestamp: 2016-04-28 17:32:31
Experiment: 
  Problem: taski 
  Problem parameters: idi=4795, learner=, teststat=, testtype= 
  Algorithm: forest.splitbias.oob 
  Algorithm parameters:  
  Replication: 42 
  Seed: 14465 
  Problem seed: 164 
Setting seed: 14465
Applying Algorithm forest.splitbias.oob ...
Generating problem taski ...
Result:
List of 3
 $ idi   : int 4795
 $ lrn   : chr [1:3] "randomForest" "oob" ""
 $ result: Named num [1:4] 0.1706 0.1338 0.0179 0.0523
  ..- attr(*, "names")= chr [1:4] "MAE" "MEDAE" "MEDSE" "MSE"
NULL
Writing result file: /home/probst/Random_Forest/RFSplitbias/results/Splitbias-files/jobs/65/14465-result.RData
########## Executing jid=14466 ##########
Timestamp: 2016-04-28 17:32:32
Experiment: 
  Problem: taski 
  Problem parameters: idi=4795, learner=, teststat=, testtype= 
  Algorithm: forest.splitbias.oob 
  Algorithm parameters:  
  Replication: 43 
  Seed: 14466 
  Problem seed: 165 
Setting seed: 14466
Applying Algorithm forest.splitbias.oob ...
Generating problem taski ...
Result:
List of 3
 $ idi   : int 4795
 $ lrn   : chr [1:3] "randomForest" "oob" ""
 $ result: Named num [1:4] 0.1702 0.1376 0.0189 0.052
  ..- attr(*, "names")= chr [1:4] "MAE" "MEDAE" "MEDSE" "MSE"
NULL
Writing result file: /home/probst/Random_Forest/RFSplitbias/results/Splitbias-files/jobs/66/14466-result.RData
########## Executing jid=14467 ##########
Timestamp: 2016-04-28 17:32:32
Experiment: 
  Problem: taski 
  Problem parameters: idi=4795, learner=, teststat=, testtype= 
  Algorithm: forest.splitbias.oob 
  Algorithm parameters:  
  Replication: 44 
  Seed: 14467 
  Problem seed: 166 
Setting seed: 14467
Applying Algorithm forest.splitbias.oob ...
Generating problem taski ...
Result:
List of 3
 $ idi   : int 4795
 $ lrn   : chr [1:3] "randomForest" "oob" ""
 $ result: Named num [1:4] 0.1674 0.1297 0.0168 0.0506
  ..- attr(*, "names")= chr [1:4] "MAE" "MEDAE" "MEDSE" "MSE"
NULL
Writing result file: /home/probst/Random_Forest/RFSplitbias/results/Splitbias-files/jobs/67/14467-result.RData
########## Executing jid=14468 ##########
Timestamp: 2016-04-28 17:32:33
Experiment: 
  Problem: taski 
  Problem parameters: idi=4795, learner=, teststat=, testtype= 
  Algorithm: forest.splitbias.oob 
  Algorithm parameters:  
  Replication: 45 
  Seed: 14468 
  Problem seed: 167 
Setting seed: 14468
Applying Algorithm forest.splitbias.oob ...
Generating problem taski ...
Result:
List of 3
 $ idi   : int 4795
 $ lrn   : chr [1:3] "randomForest" "oob" ""
 $ result: Named num [1:4] 0.1701 0.131 0.0172 0.0517
  ..- attr(*, "names")= chr [1:4] "MAE" "MEDAE" "MEDSE" "MSE"
NULL
Writing result file: /home/probst/Random_Forest/RFSplitbias/results/Splitbias-files/jobs/68/14468-result.RData
2016-04-28 17:32:34: All done.
Setting work back to: /nfsmb/koll/probst/Random_Forest/RFSplitbias/results
Memory usage according to gc:
          used  (Mb) gc trigger  (Mb) max used (Mb)
Ncells 1990398 106.3    3205452 171.2  2338930  125
Vcells 4664615  35.6   15996972 122.1  5239655   40
