Loading registry: /home/probst/Random_Forest/RFSplitbias/results/Splitbias-files/registry.RData
Loading conf: 
2016-04-28 17:47:50: Starting job on node lin65.
Auto-mailer settings: start=none, done=none, error=none.
Setting work dir: /nfsmb/koll/probst/Random_Forest/RFSplitbias/results
########## Executing jid=15459 ##########
Timestamp: 2016-04-28 17:47:50
Experiment: 
  Problem: taski 
  Problem parameters: idi=5038, learner=, teststat=, testtype= 
  Algorithm: forest.splitbias.oob 
  Algorithm parameters:  
  Replication: 36 
  Seed: 15459 
  Problem seed: 158 
Setting seed: 15459
Applying Algorithm forest.splitbias.oob ...
Generating problem taski ...
Warnung in randomForest.default(m, y, ...)
  The response has five or fewer unique values.  Are you sure you want to do regression?
Result:
List of 3
 $ idi   : int 5038
 $ lrn   : chr [1:3] "randomForest" "oob" ""
 $ result: Named num [1:4] 0.185832 0.025436 0.000647 0.172535
  ..- attr(*, "names")= chr [1:4] "MAE" "MEDAE" "MEDSE" "MSE"
NULL
Writing result file: /home/probst/Random_Forest/RFSplitbias/results/Splitbias-files/jobs/59/15459-result.RData
########## Executing jid=15460 ##########
Timestamp: 2016-04-28 17:47:51
Experiment: 
  Problem: taski 
  Problem parameters: idi=5038, learner=, teststat=, testtype= 
  Algorithm: forest.splitbias.oob 
  Algorithm parameters:  
  Replication: 37 
  Seed: 15460 
  Problem seed: 159 
Setting seed: 15460
Applying Algorithm forest.splitbias.oob ...
Generating problem taski ...
Warnung in randomForest.default(m, y, ...)
  The response has five or fewer unique values.  Are you sure you want to do regression?
Result:
List of 3
 $ idi   : int 5038
 $ lrn   : chr [1:3] "randomForest" "oob" ""
 $ result: Named num [1:4] 0.18395 0.02074 0.00043 0.17095
  ..- attr(*, "names")= chr [1:4] "MAE" "MEDAE" "MEDSE" "MSE"
NULL
Writing result file: /home/probst/Random_Forest/RFSplitbias/results/Splitbias-files/jobs/60/15460-result.RData
########## Executing jid=15461 ##########
Timestamp: 2016-04-28 17:47:51
Experiment: 
  Problem: taski 
  Problem parameters: idi=5038, learner=, teststat=, testtype= 
  Algorithm: forest.splitbias.oob 
  Algorithm parameters:  
  Replication: 38 
  Seed: 15461 
  Problem seed: 160 
Setting seed: 15461
Applying Algorithm forest.splitbias.oob ...
Generating problem taski ...
Warnung in randomForest.default(m, y, ...)
  The response has five or fewer unique values.  Are you sure you want to do regression?
Result:
List of 3
 $ idi   : int 5038
 $ lrn   : chr [1:3] "randomForest" "oob" ""
 $ result: Named num [1:4] 0.185627 0.023484 0.000552 0.172747
  ..- attr(*, "names")= chr [1:4] "MAE" "MEDAE" "MEDSE" "MSE"
NULL
Writing result file: /home/probst/Random_Forest/RFSplitbias/results/Splitbias-files/jobs/61/15461-result.RData
########## Executing jid=15462 ##########
Timestamp: 2016-04-28 17:47:52
Experiment: 
  Problem: taski 
  Problem parameters: idi=5038, learner=, teststat=, testtype= 
  Algorithm: forest.splitbias.oob 
  Algorithm parameters:  
  Replication: 39 
  Seed: 15462 
  Problem seed: 161 
Setting seed: 15462
Applying Algorithm forest.splitbias.oob ...
Generating problem taski ...
Warnung in randomForest.default(m, y, ...)
  The response has five or fewer unique values.  Are you sure you want to do regression?
Result:
List of 3
 $ idi   : int 5038
 $ lrn   : chr [1:3] "randomForest" "oob" ""
 $ result: Named num [1:4] 0.187023 0.025349 0.000643 0.175815
  ..- attr(*, "names")= chr [1:4] "MAE" "MEDAE" "MEDSE" "MSE"
NULL
Writing result file: /home/probst/Random_Forest/RFSplitbias/results/Splitbias-files/jobs/62/15462-result.RData
########## Executing jid=15463 ##########
Timestamp: 2016-04-28 17:47:53
Experiment: 
  Problem: taski 
  Problem parameters: idi=5038, learner=, teststat=, testtype= 
  Algorithm: forest.splitbias.oob 
  Algorithm parameters:  
  Replication: 40 
  Seed: 15463 
  Problem seed: 162 
Setting seed: 15463
Applying Algorithm forest.splitbias.oob ...
Generating problem taski ...
Warnung in randomForest.default(m, y, ...)
  The response has five or fewer unique values.  Are you sure you want to do regression?
Result:
List of 3
 $ idi   : int 5038
 $ lrn   : chr [1:3] "randomForest" "oob" ""
 $ result: Named num [1:4] 0.184108 0.025497 0.000651 0.171014
  ..- attr(*, "names")= chr [1:4] "MAE" "MEDAE" "MEDSE" "MSE"
NULL
Writing result file: /home/probst/Random_Forest/RFSplitbias/results/Splitbias-files/jobs/63/15463-result.RData
########## Executing jid=15464 ##########
Timestamp: 2016-04-28 17:47:54
Experiment: 
  Problem: taski 
  Problem parameters: idi=5038, learner=, teststat=, testtype= 
  Algorithm: forest.splitbias.oob 
  Algorithm parameters:  
  Replication: 41 
  Seed: 15464 
  Problem seed: 163 
Setting seed: 15464
Applying Algorithm forest.splitbias.oob ...
Generating problem taski ...
Warnung in randomForest.default(m, y, ...)
  The response has five or fewer unique values.  Are you sure you want to do regression?
Result:
List of 3
 $ idi   : int 5038
 $ lrn   : chr [1:3] "randomForest" "oob" ""
 $ result: Named num [1:4] 0.185006 0.027139 0.000739 0.173451
  ..- attr(*, "names")= chr [1:4] "MAE" "MEDAE" "MEDSE" "MSE"
NULL
Writing result file: /home/probst/Random_Forest/RFSplitbias/results/Splitbias-files/jobs/64/15464-result.RData
########## Executing jid=15465 ##########
Timestamp: 2016-04-28 17:47:55
Experiment: 
  Problem: taski 
  Problem parameters: idi=5038, learner=, teststat=, testtype= 
  Algorithm: forest.splitbias.oob 
  Algorithm parameters:  
  Replication: 42 
  Seed: 15465 
  Problem seed: 164 
Setting seed: 15465
Applying Algorithm forest.splitbias.oob ...
Generating problem taski ...
Warnung in randomForest.default(m, y, ...)
  The response has five or fewer unique values.  Are you sure you want to do regression?
Result:
List of 3
 $ idi   : int 5038
 $ lrn   : chr [1:3] "randomForest" "oob" ""
 $ result: Named num [1:4] 0.185421 0.024527 0.000602 0.171686
  ..- attr(*, "names")= chr [1:4] "MAE" "MEDAE" "MEDSE" "MSE"
NULL
Writing result file: /home/probst/Random_Forest/RFSplitbias/results/Splitbias-files/jobs/65/15465-result.RData
########## Executing jid=15466 ##########
Timestamp: 2016-04-28 17:47:56
Experiment: 
  Problem: taski 
  Problem parameters: idi=5038, learner=, teststat=, testtype= 
  Algorithm: forest.splitbias.oob 
  Algorithm parameters:  
  Replication: 43 
  Seed: 15466 
  Problem seed: 165 
Setting seed: 15466
Applying Algorithm forest.splitbias.oob ...
Generating problem taski ...
Warnung in randomForest.default(m, y, ...)
  The response has five or fewer unique values.  Are you sure you want to do regression?
Result:
List of 3
 $ idi   : int 5038
 $ lrn   : chr [1:3] "randomForest" "oob" ""
 $ result: Named num [1:4] 0.185514 0.022731 0.000517 0.172527
  ..- attr(*, "names")= chr [1:4] "MAE" "MEDAE" "MEDSE" "MSE"
NULL
Writing result file: /home/probst/Random_Forest/RFSplitbias/results/Splitbias-files/jobs/66/15466-result.RData
########## Executing jid=15467 ##########
Timestamp: 2016-04-28 17:47:57
Experiment: 
  Problem: taski 
  Problem parameters: idi=5038, learner=, teststat=, testtype= 
  Algorithm: forest.splitbias.oob 
  Algorithm parameters:  
  Replication: 44 
  Seed: 15467 
  Problem seed: 166 
Setting seed: 15467
Applying Algorithm forest.splitbias.oob ...
Generating problem taski ...
Warnung in randomForest.default(m, y, ...)
  The response has five or fewer unique values.  Are you sure you want to do regression?
Result:
List of 3
 $ idi   : int 5038
 $ lrn   : chr [1:3] "randomForest" "oob" ""
 $ result: Named num [1:4] 0.185606 0.023485 0.000553 0.173221
  ..- attr(*, "names")= chr [1:4] "MAE" "MEDAE" "MEDSE" "MSE"
NULL
Writing result file: /home/probst/Random_Forest/RFSplitbias/results/Splitbias-files/jobs/67/15467-result.RData
########## Executing jid=15468 ##########
Timestamp: 2016-04-28 17:47:58
Experiment: 
  Problem: taski 
  Problem parameters: idi=5038, learner=, teststat=, testtype= 
  Algorithm: forest.splitbias.oob 
  Algorithm parameters:  
  Replication: 45 
  Seed: 15468 
  Problem seed: 167 
Setting seed: 15468
Applying Algorithm forest.splitbias.oob ...
Generating problem taski ...
Warnung in randomForest.default(m, y, ...)
  The response has five or fewer unique values.  Are you sure you want to do regression?
Result:
List of 3
 $ idi   : int 5038
 $ lrn   : chr [1:3] "randomForest" "oob" ""
 $ result: Named num [1:4] 0.18523 0.020273 0.000411 0.173984
  ..- attr(*, "names")= chr [1:4] "MAE" "MEDAE" "MEDSE" "MSE"
NULL
Writing result file: /home/probst/Random_Forest/RFSplitbias/results/Splitbias-files/jobs/68/15468-result.RData
########## Executing jid=15469 ##########
Timestamp: 2016-04-28 17:47:59
Experiment: 
  Problem: taski 
  Problem parameters: idi=5038, learner=, teststat=, testtype= 
  Algorithm: forest.splitbias.oob 
  Algorithm parameters:  
  Replication: 46 
  Seed: 15469 
  Problem seed: 168 
Setting seed: 15469
Applying Algorithm forest.splitbias.oob ...
Generating problem taski ...
Warnung in randomForest.default(m, y, ...)
  The response has five or fewer unique values.  Are you sure you want to do regression?
Result:
List of 3
 $ idi   : int 5038
 $ lrn   : chr [1:3] "randomForest" "oob" ""
 $ result: Named num [1:4] 0.188898 0.024475 0.000599 0.176082
  ..- attr(*, "names")= chr [1:4] "MAE" "MEDAE" "MEDSE" "MSE"
NULL
Writing result file: /home/probst/Random_Forest/RFSplitbias/results/Splitbias-files/jobs/69/15469-result.RData
########## Executing jid=15470 ##########
Timestamp: 2016-04-28 17:48:00
Experiment: 
  Problem: taski 
  Problem parameters: idi=5038, learner=, teststat=, testtype= 
  Algorithm: forest.splitbias.oob 
  Algorithm parameters:  
  Replication: 47 
  Seed: 15470 
  Problem seed: 169 
Setting seed: 15470
Applying Algorithm forest.splitbias.oob ...
Generating problem taski ...
Warnung in randomForest.default(m, y, ...)
  The response has five or fewer unique values.  Are you sure you want to do regression?
Result:
List of 3
 $ idi   : int 5038
 $ lrn   : chr [1:3] "randomForest" "oob" ""
 $ result: Named num [1:4] 0.188022 0.025654 0.000658 0.175023
  ..- attr(*, "names")= chr [1:4] "MAE" "MEDAE" "MEDSE" "MSE"
NULL
Writing result file: /home/probst/Random_Forest/RFSplitbias/results/Splitbias-files/jobs/70/15470-result.RData
########## Executing jid=15471 ##########
Timestamp: 2016-04-28 17:48:02
Experiment: 
  Problem: taski 
  Problem parameters: idi=5038, learner=, teststat=, testtype= 
  Algorithm: forest.splitbias.oob 
  Algorithm parameters:  
  Replication: 48 
  Seed: 15471 
  Problem seed: 170 
Setting seed: 15471
Applying Algorithm forest.splitbias.oob ...
Generating problem taski ...
Warnung in randomForest.default(m, y, ...)
  The response has five or fewer unique values.  Are you sure you want to do regression?
Result:
List of 3
 $ idi   : int 5038
 $ lrn   : chr [1:3] "randomForest" "oob" ""
 $ result: Named num [1:4] 0.185649 0.029482 0.000871 0.172762
  ..- attr(*, "names")= chr [1:4] "MAE" "MEDAE" "MEDSE" "MSE"
NULL
Writing result file: /home/probst/Random_Forest/RFSplitbias/results/Splitbias-files/jobs/71/15471-result.RData
########## Executing jid=15472 ##########
Timestamp: 2016-04-28 17:48:03
Experiment: 
  Problem: taski 
  Problem parameters: idi=5038, learner=, teststat=, testtype= 
  Algorithm: forest.splitbias.oob 
  Algorithm parameters:  
  Replication: 49 
  Seed: 15472 
  Problem seed: 171 
Setting seed: 15472
Applying Algorithm forest.splitbias.oob ...
Generating problem taski ...
Warnung in randomForest.default(m, y, ...)
  The response has five or fewer unique values.  Are you sure you want to do regression?
Result:
List of 3
 $ idi   : int 5038
 $ lrn   : chr [1:3] "randomForest" "oob" ""
 $ result: Named num [1:4] 0.182847 0.02184 0.000477 0.168892
  ..- attr(*, "names")= chr [1:4] "MAE" "MEDAE" "MEDSE" "MSE"
NULL
Writing result file: /home/probst/Random_Forest/RFSplitbias/results/Splitbias-files/jobs/72/15472-result.RData
########## Executing jid=15473 ##########
Timestamp: 2016-04-28 17:48:03
Experiment: 
  Problem: taski 
  Problem parameters: idi=5038, learner=, teststat=, testtype= 
  Algorithm: forest.splitbias.oob 
  Algorithm parameters:  
  Replication: 50 
  Seed: 15473 
  Problem seed: 172 
Setting seed: 15473
Applying Algorithm forest.splitbias.oob ...
Generating problem taski ...
Warnung in randomForest.default(m, y, ...)
  The response has five or fewer unique values.  Are you sure you want to do regression?
Result:
List of 3
 $ idi   : int 5038
 $ lrn   : chr [1:3] "randomForest" "oob" ""
 $ result: Named num [1:4] 0.186563 0.021105 0.000446 0.175151
  ..- attr(*, "names")= chr [1:4] "MAE" "MEDAE" "MEDSE" "MSE"
NULL
Writing result file: /home/probst/Random_Forest/RFSplitbias/results/Splitbias-files/jobs/73/15473-result.RData
########## Executing jid=15474 ##########
Timestamp: 2016-04-28 17:48:04
Experiment: 
  Problem: taski 
  Problem parameters: idi=4873, learner=, teststat=, testtype= 
  Algorithm: forest.splitbias.oob 
  Algorithm parameters:  
  Replication: 11 
  Seed: 15474 
  Problem seed: 133 
Setting seed: 15474
Applying Algorithm forest.splitbias.oob ...
Generating problem taski ...
Result:
List of 3
 $ idi   : int 4873
 $ lrn   : chr [1:3] "randomForest" "oob" ""
 $ result: Named num [1:4] 207.8 99.4 9876.7 264786.3
  ..- attr(*, "names")= chr [1:4] "MAE" "MEDAE" "MEDSE" "MSE"
NULL
Writing result file: /home/probst/Random_Forest/RFSplitbias/results/Splitbias-files/jobs/74/15474-result.RData
########## Executing jid=15475 ##########
Timestamp: 2016-04-28 17:48:06
Experiment: 
  Problem: taski 
  Problem parameters: idi=4873, learner=, teststat=, testtype= 
  Algorithm: forest.splitbias.oob 
  Algorithm parameters:  
  Replication: 12 
  Seed: 15475 
  Problem seed: 134 
Setting seed: 15475
Applying Algorithm forest.splitbias.oob ...
Generating problem taski ...
Result:
List of 3
 $ idi   : int 4873
 $ lrn   : chr [1:3] "randomForest" "oob" ""
 $ result: Named num [1:4] 208.6 97.2 9445.8 268370.5
  ..- attr(*, "names")= chr [1:4] "MAE" "MEDAE" "MEDSE" "MSE"
NULL
Writing result file: /home/probst/Random_Forest/RFSplitbias/results/Splitbias-files/jobs/75/15475-result.RData
########## Executing jid=15476 ##########
Timestamp: 2016-04-28 17:48:08
Experiment: 
  Problem: taski 
  Problem parameters: idi=4873, learner=, teststat=, testtype= 
  Algorithm: forest.splitbias.oob 
  Algorithm parameters:  
  Replication: 13 
  Seed: 15476 
  Problem seed: 135 
Setting seed: 15476
Applying Algorithm forest.splitbias.oob ...
Generating problem taski ...
Result:
List of 3
 $ idi   : int 4873
 $ lrn   : chr [1:3] "randomForest" "oob" ""
 $ result: Named num [1:4] 209.2 99.5 9901.9 268539.3
  ..- attr(*, "names")= chr [1:4] "MAE" "MEDAE" "MEDSE" "MSE"
NULL
Writing result file: /home/probst/Random_Forest/RFSplitbias/results/Splitbias-files/jobs/76/15476-result.RData
########## Executing jid=15477 ##########
Timestamp: 2016-04-28 17:48:10
Experiment: 
  Problem: taski 
  Problem parameters: idi=4873, learner=, teststat=, testtype= 
  Algorithm: forest.splitbias.oob 
  Algorithm parameters:  
  Replication: 14 
  Seed: 15477 
  Problem seed: 136 
Setting seed: 15477
Applying Algorithm forest.splitbias.oob ...
Generating problem taski ...
Result:
List of 3
 $ idi   : int 4873
 $ lrn   : chr [1:3] "randomForest" "oob" ""
 $ result: Named num [1:4] 208 101 10241 267569
  ..- attr(*, "names")= chr [1:4] "MAE" "MEDAE" "MEDSE" "MSE"
NULL
Writing result file: /home/probst/Random_Forest/RFSplitbias/results/Splitbias-files/jobs/77/15477-result.RData
########## Executing jid=15478 ##########
Timestamp: 2016-04-28 17:48:11
Experiment: 
  Problem: taski 
  Problem parameters: idi=4873, learner=, teststat=, testtype= 
  Algorithm: forest.splitbias.oob 
  Algorithm parameters:  
  Replication: 15 
  Seed: 15478 
  Problem seed: 137 
Setting seed: 15478
Applying Algorithm forest.splitbias.oob ...
Generating problem taski ...
Result:
List of 3
 $ idi   : int 4873
 $ lrn   : chr [1:3] "randomForest" "oob" ""
 $ result: Named num [1:4] 208.9 98.2 9646.8 268779.7
  ..- attr(*, "names")= chr [1:4] "MAE" "MEDAE" "MEDSE" "MSE"
NULL
Writing result file: /home/probst/Random_Forest/RFSplitbias/results/Splitbias-files/jobs/78/15478-result.RData
########## Executing jid=15479 ##########
Timestamp: 2016-04-28 17:48:13
Experiment: 
  Problem: taski 
  Problem parameters: idi=4873, learner=, teststat=, testtype= 
  Algorithm: forest.splitbias.oob 
  Algorithm parameters:  
  Replication: 16 
  Seed: 15479 
  Problem seed: 138 
Setting seed: 15479
Applying Algorithm forest.splitbias.oob ...
Generating problem taski ...
Result:
List of 3
 $ idi   : int 4873
 $ lrn   : chr [1:3] "randomForest" "oob" ""
 $ result: Named num [1:4] 209.5 98.1 9629.3 266034.1
  ..- attr(*, "names")= chr [1:4] "MAE" "MEDAE" "MEDSE" "MSE"
NULL
Writing result file: /home/probst/Random_Forest/RFSplitbias/results/Splitbias-files/jobs/79/15479-result.RData
########## Executing jid=15480 ##########
Timestamp: 2016-04-28 17:48:14
Experiment: 
  Problem: taski 
  Problem parameters: idi=4873, learner=, teststat=, testtype= 
  Algorithm: forest.splitbias.oob 
  Algorithm parameters:  
  Replication: 17 
  Seed: 15480 
  Problem seed: 139 
Setting seed: 15480
Applying Algorithm forest.splitbias.oob ...
Generating problem taski ...
Result:
List of 3
 $ idi   : int 4873
 $ lrn   : chr [1:3] "randomForest" "oob" ""
 $ result: Named num [1:4] 210 99.3 9857.2 271328.4
  ..- attr(*, "names")= chr [1:4] "MAE" "MEDAE" "MEDSE" "MSE"
NULL
Writing result file: /home/probst/Random_Forest/RFSplitbias/results/Splitbias-files/jobs/80/15480-result.RData
########## Executing jid=15481 ##########
Timestamp: 2016-04-28 17:48:16
Experiment: 
  Problem: taski 
  Problem parameters: idi=4873, learner=, teststat=, testtype= 
  Algorithm: forest.splitbias.oob 
  Algorithm parameters:  
  Replication: 18 
  Seed: 15481 
  Problem seed: 140 
Setting seed: 15481
Applying Algorithm forest.splitbias.oob ...
Generating problem taski ...
Result:
List of 3
 $ idi   : int 4873
 $ lrn   : chr [1:3] "randomForest" "oob" ""
 $ result: Named num [1:4] 210 102 10481 266667
  ..- attr(*, "names")= chr [1:4] "MAE" "MEDAE" "MEDSE" "MSE"
NULL
Writing result file: /home/probst/Random_Forest/RFSplitbias/results/Splitbias-files/jobs/81/15481-result.RData
########## Executing jid=15482 ##########
Timestamp: 2016-04-28 17:48:17
Experiment: 
  Problem: taski 
  Problem parameters: idi=4873, learner=, teststat=, testtype= 
  Algorithm: forest.splitbias.oob 
  Algorithm parameters:  
  Replication: 19 
  Seed: 15482 
  Problem seed: 141 
Setting seed: 15482
Applying Algorithm forest.splitbias.oob ...
Generating problem taski ...
Result:
List of 3
 $ idi   : int 4873
 $ lrn   : chr [1:3] "randomForest" "oob" ""
 $ result: Named num [1:4] 208.3 98.4 9683.6 269010.8
  ..- attr(*, "names")= chr [1:4] "MAE" "MEDAE" "MEDSE" "MSE"
NULL
Writing result file: /home/probst/Random_Forest/RFSplitbias/results/Splitbias-files/jobs/82/15482-result.RData
########## Executing jid=15483 ##########
Timestamp: 2016-04-28 17:48:19
Experiment: 
  Problem: taski 
  Problem parameters: idi=4873, learner=, teststat=, testtype= 
  Algorithm: forest.splitbias.oob 
  Algorithm parameters:  
  Replication: 20 
  Seed: 15483 
  Problem seed: 142 
Setting seed: 15483
Applying Algorithm forest.splitbias.oob ...
Generating problem taski ...
Result:
List of 3
 $ idi   : int 4873
 $ lrn   : chr [1:3] "randomForest" "oob" ""
 $ result: Named num [1:4] 207.6 98.8 9753.3 267235.7
  ..- attr(*, "names")= chr [1:4] "MAE" "MEDAE" "MEDSE" "MSE"
NULL
Writing result file: /home/probst/Random_Forest/RFSplitbias/results/Splitbias-files/jobs/83/15483-result.RData
########## Executing jid=15484 ##########
Timestamp: 2016-04-28 17:48:20
Experiment: 
  Problem: taski 
  Problem parameters: idi=4873, learner=, teststat=, testtype= 
  Algorithm: forest.splitbias.oob 
  Algorithm parameters:  
  Replication: 21 
  Seed: 15484 
  Problem seed: 143 
Setting seed: 15484
Applying Algorithm forest.splitbias.oob ...
Generating problem taski ...
Result:
List of 3
 $ idi   : int 4873
 $ lrn   : chr [1:3] "randomForest" "oob" ""
 $ result: Named num [1:4] 207.8 98.4 9678.9 267724.8
  ..- attr(*, "names")= chr [1:4] "MAE" "MEDAE" "MEDSE" "MSE"
NULL
Writing result file: /home/probst/Random_Forest/RFSplitbias/results/Splitbias-files/jobs/84/15484-result.RData
########## Executing jid=15485 ##########
Timestamp: 2016-04-28 17:48:22
Experiment: 
  Problem: taski 
  Problem parameters: idi=4873, learner=, teststat=, testtype= 
  Algorithm: forest.splitbias.oob 
  Algorithm parameters:  
  Replication: 22 
  Seed: 15485 
  Problem seed: 144 
Setting seed: 15485
Applying Algorithm forest.splitbias.oob ...
Generating problem taski ...
Result:
List of 3
 $ idi   : int 4873
 $ lrn   : chr [1:3] "randomForest" "oob" ""
 $ result: Named num [1:4] 209.9 99.1 9822.9 268999.3
  ..- attr(*, "names")= chr [1:4] "MAE" "MEDAE" "MEDSE" "MSE"
NULL
Writing result file: /home/probst/Random_Forest/RFSplitbias/results/Splitbias-files/jobs/85/15485-result.RData
########## Executing jid=15486 ##########
Timestamp: 2016-04-28 17:48:23
Experiment: 
  Problem: taski 
  Problem parameters: idi=4873, learner=, teststat=, testtype= 
  Algorithm: forest.splitbias.oob 
  Algorithm parameters:  
  Replication: 23 
  Seed: 15486 
  Problem seed: 145 
Setting seed: 15486
Applying Algorithm forest.splitbias.oob ...
Generating problem taski ...
Result:
List of 3
 $ idi   : int 4873
 $ lrn   : chr [1:3] "randomForest" "oob" ""
 $ result: Named num [1:4] 208.4 97.9 9590.5 267515.2
  ..- attr(*, "names")= chr [1:4] "MAE" "MEDAE" "MEDSE" "MSE"
NULL
Writing result file: /home/probst/Random_Forest/RFSplitbias/results/Splitbias-files/jobs/86/15486-result.RData
########## Executing jid=15487 ##########
Timestamp: 2016-04-28 17:48:25
Experiment: 
  Problem: taski 
  Problem parameters: idi=4873, learner=, teststat=, testtype= 
  Algorithm: forest.splitbias.oob 
  Algorithm parameters:  
  Replication: 24 
  Seed: 15487 
  Problem seed: 146 
Setting seed: 15487
Applying Algorithm forest.splitbias.oob ...
Generating problem taski ...
Result:
List of 3
 $ idi   : int 4873
 $ lrn   : chr [1:3] "randomForest" "oob" ""
 $ result: Named num [1:4] 208.8 99.2 9838.3 267862.3
  ..- attr(*, "names")= chr [1:4] "MAE" "MEDAE" "MEDSE" "MSE"
NULL
Writing result file: /home/probst/Random_Forest/RFSplitbias/results/Splitbias-files/jobs/87/15487-result.RData
########## Executing jid=15488 ##########
Timestamp: 2016-04-28 17:48:26
Experiment: 
  Problem: taski 
  Problem parameters: idi=4873, learner=, teststat=, testtype= 
  Algorithm: forest.splitbias.oob 
  Algorithm parameters:  
  Replication: 25 
  Seed: 15488 
  Problem seed: 147 
Setting seed: 15488
Applying Algorithm forest.splitbias.oob ...
Generating problem taski ...
Result:
List of 3
 $ idi   : int 4873
 $ lrn   : chr [1:3] "randomForest" "oob" ""
 $ result: Named num [1:4] 208.9 98.6 9727.9 268120.6
  ..- attr(*, "names")= chr [1:4] "MAE" "MEDAE" "MEDSE" "MSE"
NULL
Writing result file: /home/probst/Random_Forest/RFSplitbias/results/Splitbias-files/jobs/88/15488-result.RData
########## Executing jid=15489 ##########
Timestamp: 2016-04-28 17:48:27
Experiment: 
  Problem: taski 
  Problem parameters: idi=4873, learner=, teststat=, testtype= 
  Algorithm: forest.splitbias.oob 
  Algorithm parameters:  
  Replication: 26 
  Seed: 15489 
  Problem seed: 148 
Setting seed: 15489
Applying Algorithm forest.splitbias.oob ...
Generating problem taski ...
Result:
List of 3
 $ idi   : int 4873
 $ lrn   : chr [1:3] "randomForest" "oob" ""
 $ result: Named num [1:4] 210 102 10334 267791
  ..- attr(*, "names")= chr [1:4] "MAE" "MEDAE" "MEDSE" "MSE"
NULL
Writing result file: /home/probst/Random_Forest/RFSplitbias/results/Splitbias-files/jobs/89/15489-result.RData
########## Executing jid=15490 ##########
Timestamp: 2016-04-28 17:48:29
Experiment: 
  Problem: taski 
  Problem parameters: idi=4873, learner=, teststat=, testtype= 
  Algorithm: forest.splitbias.oob 
  Algorithm parameters:  
  Replication: 27 
  Seed: 15490 
  Problem seed: 149 
Setting seed: 15490
Applying Algorithm forest.splitbias.oob ...
Generating problem taski ...
Result:
List of 3
 $ idi   : int 4873
 $ lrn   : chr [1:3] "randomForest" "oob" ""
 $ result: Named num [1:4] 210.1 97.2 9447.3 269940.8
  ..- attr(*, "names")= chr [1:4] "MAE" "MEDAE" "MEDSE" "MSE"
NULL
Writing result file: /home/probst/Random_Forest/RFSplitbias/results/Splitbias-files/jobs/90/15490-result.RData
########## Executing jid=15491 ##########
Timestamp: 2016-04-28 17:48:30
Experiment: 
  Problem: taski 
  Problem parameters: idi=4873, learner=, teststat=, testtype= 
  Algorithm: forest.splitbias.oob 
  Algorithm parameters:  
  Replication: 28 
  Seed: 15491 
  Problem seed: 150 
Setting seed: 15491
Applying Algorithm forest.splitbias.oob ...
Generating problem taski ...
Result:
List of 3
 $ idi   : int 4873
 $ lrn   : chr [1:3] "randomForest" "oob" ""
 $ result: Named num [1:4] 206.6 98.1 9614.4 266047.5
  ..- attr(*, "names")= chr [1:4] "MAE" "MEDAE" "MEDSE" "MSE"
NULL
Writing result file: /home/probst/Random_Forest/RFSplitbias/results/Splitbias-files/jobs/91/15491-result.RData
########## Executing jid=15492 ##########
Timestamp: 2016-04-28 17:48:31
Experiment: 
  Problem: taski 
  Problem parameters: idi=4873, learner=, teststat=, testtype= 
  Algorithm: forest.splitbias.oob 
  Algorithm parameters:  
  Replication: 29 
  Seed: 15492 
  Problem seed: 151 
Setting seed: 15492
Applying Algorithm forest.splitbias.oob ...
Generating problem taski ...
Result:
List of 3
 $ idi   : int 4873
 $ lrn   : chr [1:3] "randomForest" "oob" ""
 $ result: Named num [1:4] 209 104 10851 267470
  ..- attr(*, "names")= chr [1:4] "MAE" "MEDAE" "MEDSE" "MSE"
NULL
Writing result file: /home/probst/Random_Forest/RFSplitbias/results/Splitbias-files/jobs/92/15492-result.RData
########## Executing jid=15493 ##########
Timestamp: 2016-04-28 17:48:32
Experiment: 
  Problem: taski 
  Problem parameters: idi=4873, learner=, teststat=, testtype= 
  Algorithm: forest.splitbias.oob 
  Algorithm parameters:  
  Replication: 30 
  Seed: 15493 
  Problem seed: 152 
Setting seed: 15493
Applying Algorithm forest.splitbias.oob ...
Generating problem taski ...
Result:
List of 3
 $ idi   : int 4873
 $ lrn   : chr [1:3] "randomForest" "oob" ""
 $ result: Named num [1:4] 209 101 10286 265364
  ..- attr(*, "names")= chr [1:4] "MAE" "MEDAE" "MEDSE" "MSE"
NULL
Writing result file: /home/probst/Random_Forest/RFSplitbias/results/Splitbias-files/jobs/93/15493-result.RData
########## Executing jid=15494 ##########
Timestamp: 2016-04-28 17:48:33
Experiment: 
  Problem: taski 
  Problem parameters: idi=4873, learner=, teststat=, testtype= 
  Algorithm: forest.splitbias.oob 
  Algorithm parameters:  
  Replication: 31 
  Seed: 15494 
  Problem seed: 153 
Setting seed: 15494
Applying Algorithm forest.splitbias.oob ...
Generating problem taski ...
Result:
List of 3
 $ idi   : int 4873
 $ lrn   : chr [1:3] "randomForest" "oob" ""
 $ result: Named num [1:4] 211.3 97.3 9474.7 270912.8
  ..- attr(*, "names")= chr [1:4] "MAE" "MEDAE" "MEDSE" "MSE"
NULL
Writing result file: /home/probst/Random_Forest/RFSplitbias/results/Splitbias-files/jobs/94/15494-result.RData
########## Executing jid=15495 ##########
Timestamp: 2016-04-28 17:48:35
Experiment: 
  Problem: taski 
  Problem parameters: idi=4873, learner=, teststat=, testtype= 
  Algorithm: forest.splitbias.oob 
  Algorithm parameters:  
  Replication: 32 
  Seed: 15495 
  Problem seed: 154 
Setting seed: 15495
Applying Algorithm forest.splitbias.oob ...
Generating problem taski ...
Result:
List of 3
 $ idi   : int 4873
 $ lrn   : chr [1:3] "randomForest" "oob" ""
 $ result: Named num [1:4] 208 102 10369 268718
  ..- attr(*, "names")= chr [1:4] "MAE" "MEDAE" "MEDSE" "MSE"
NULL
Writing result file: /home/probst/Random_Forest/RFSplitbias/results/Splitbias-files/jobs/95/15495-result.RData
########## Executing jid=15496 ##########
Timestamp: 2016-04-28 17:48:36
Experiment: 
  Problem: taski 
  Problem parameters: idi=4873, learner=, teststat=, testtype= 
  Algorithm: forest.splitbias.oob 
  Algorithm parameters:  
  Replication: 33 
  Seed: 15496 
  Problem seed: 155 
Setting seed: 15496
Applying Algorithm forest.splitbias.oob ...
Generating problem taski ...
Result:
List of 3
 $ idi   : int 4873
 $ lrn   : chr [1:3] "randomForest" "oob" ""
 $ result: Named num [1:4] 209 98.1 9632.7 269590.4
  ..- attr(*, "names")= chr [1:4] "MAE" "MEDAE" "MEDSE" "MSE"
NULL
Writing result file: /home/probst/Random_Forest/RFSplitbias/results/Splitbias-files/jobs/96/15496-result.RData
########## Executing jid=15497 ##########
Timestamp: 2016-04-28 17:48:37
Experiment: 
  Problem: taski 
  Problem parameters: idi=4873, learner=, teststat=, testtype= 
  Algorithm: forest.splitbias.oob 
  Algorithm parameters:  
  Replication: 34 
  Seed: 15497 
  Problem seed: 156 
Setting seed: 15497
Applying Algorithm forest.splitbias.oob ...
Generating problem taski ...
Result:
List of 3
 $ idi   : int 4873
 $ lrn   : chr [1:3] "randomForest" "oob" ""
 $ result: Named num [1:4] 207 98 9601 265323
  ..- attr(*, "names")= chr [1:4] "MAE" "MEDAE" "MEDSE" "MSE"
NULL
Writing result file: /home/probst/Random_Forest/RFSplitbias/results/Splitbias-files/jobs/97/15497-result.RData
########## Executing jid=15498 ##########
Timestamp: 2016-04-28 17:48:38
Experiment: 
  Problem: taski 
  Problem parameters: idi=4873, learner=, teststat=, testtype= 
  Algorithm: forest.splitbias.oob 
  Algorithm parameters:  
  Replication: 35 
  Seed: 15498 
  Problem seed: 157 
Setting seed: 15498
Applying Algorithm forest.splitbias.oob ...
Generating problem taski ...
Result:
List of 3
 $ idi   : int 4873
 $ lrn   : chr [1:3] "randomForest" "oob" ""
 $ result: Named num [1:4] 211.1 99.9 9975.1 273074.5
  ..- attr(*, "names")= chr [1:4] "MAE" "MEDAE" "MEDSE" "MSE"
NULL
Writing result file: /home/probst/Random_Forest/RFSplitbias/results/Splitbias-files/jobs/98/15498-result.RData
########## Executing jid=15499 ##########
Timestamp: 2016-04-28 17:48:39
Experiment: 
  Problem: taski 
  Problem parameters: idi=4873, learner=, teststat=, testtype= 
  Algorithm: forest.splitbias.oob 
  Algorithm parameters:  
  Replication: 36 
  Seed: 15499 
  Problem seed: 158 
Setting seed: 15499
Applying Algorithm forest.splitbias.oob ...
Generating problem taski ...
Result:
List of 3
 $ idi   : int 4873
 $ lrn   : chr [1:3] "randomForest" "oob" ""
 $ result: Named num [1:4] 208.3 99.2 9843.6 266851
  ..- attr(*, "names")= chr [1:4] "MAE" "MEDAE" "MEDSE" "MSE"
NULL
Writing result file: /home/probst/Random_Forest/RFSplitbias/results/Splitbias-files/jobs/99/15499-result.RData
########## Executing jid=15500 ##########
Timestamp: 2016-04-28 17:48:40
Experiment: 
  Problem: taski 
  Problem parameters: idi=4873, learner=, teststat=, testtype= 
  Algorithm: forest.splitbias.oob 
  Algorithm parameters:  
  Replication: 37 
  Seed: 15500 
  Problem seed: 159 
Setting seed: 15500
Applying Algorithm forest.splitbias.oob ...
Generating problem taski ...
Result:
List of 3
 $ idi   : int 4873
 $ lrn   : chr [1:3] "randomForest" "oob" ""
 $ result: Named num [1:4] 210 101 10152 268612
  ..- attr(*, "names")= chr [1:4] "MAE" "MEDAE" "MEDSE" "MSE"
NULL
Writing result file: /home/probst/Random_Forest/RFSplitbias/results/Splitbias-files/jobs/00/15500-result.RData
########## Executing jid=15501 ##########
Timestamp: 2016-04-28 17:48:42
Experiment: 
  Problem: taski 
  Problem parameters: idi=4873, learner=, teststat=, testtype= 
  Algorithm: forest.splitbias.oob 
  Algorithm parameters:  
  Replication: 38 
  Seed: 15501 
  Problem seed: 160 
Setting seed: 15501
Applying Algorithm forest.splitbias.oob ...
Generating problem taski ...
Result:
List of 3
 $ idi   : int 4873
 $ lrn   : chr [1:3] "randomForest" "oob" ""
 $ result: Named num [1:4] 210 100 10075 269410
  ..- attr(*, "names")= chr [1:4] "MAE" "MEDAE" "MEDSE" "MSE"
NULL
Writing result file: /home/probst/Random_Forest/RFSplitbias/results/Splitbias-files/jobs/01/15501-result.RData
########## Executing jid=15502 ##########
Timestamp: 2016-04-28 17:48:43
Experiment: 
  Problem: taski 
  Problem parameters: idi=4873, learner=, teststat=, testtype= 
  Algorithm: forest.splitbias.oob 
  Algorithm parameters:  
  Replication: 39 
  Seed: 15502 
  Problem seed: 161 
Setting seed: 15502
Applying Algorithm forest.splitbias.oob ...
Generating problem taski ...
Result:
List of 3
 $ idi   : int 4873
 $ lrn   : chr [1:3] "randomForest" "oob" ""
 $ result: Named num [1:4] 208.6 97.8 9557.5 266388.6
  ..- attr(*, "names")= chr [1:4] "MAE" "MEDAE" "MEDSE" "MSE"
NULL
Writing result file: /home/probst/Random_Forest/RFSplitbias/results/Splitbias-files/jobs/02/15502-result.RData
########## Executing jid=15503 ##########
Timestamp: 2016-04-28 17:48:44
Experiment: 
  Problem: taski 
  Problem parameters: idi=4873, learner=, teststat=, testtype= 
  Algorithm: forest.splitbias.oob 
  Algorithm parameters:  
  Replication: 40 
  Seed: 15503 
  Problem seed: 162 
Setting seed: 15503
Applying Algorithm forest.splitbias.oob ...
Generating problem taski ...
Result:
List of 3
 $ idi   : int 4873
 $ lrn   : chr [1:3] "randomForest" "oob" ""
 $ result: Named num [1:4] 209.9 97.3 9466.8 266426.3
  ..- attr(*, "names")= chr [1:4] "MAE" "MEDAE" "MEDSE" "MSE"
NULL
Writing result file: /home/probst/Random_Forest/RFSplitbias/results/Splitbias-files/jobs/03/15503-result.RData
########## Executing jid=15504 ##########
Timestamp: 2016-04-28 17:48:45
Experiment: 
  Problem: taski 
  Problem parameters: idi=4873, learner=, teststat=, testtype= 
  Algorithm: forest.splitbias.oob 
  Algorithm parameters:  
  Replication: 41 
  Seed: 15504 
  Problem seed: 163 
Setting seed: 15504
Applying Algorithm forest.splitbias.oob ...
Generating problem taski ...
Result:
List of 3
 $ idi   : int 4873
 $ lrn   : chr [1:3] "randomForest" "oob" ""
 $ result: Named num [1:4] 209.5 97.6 9525.3 268208.7
  ..- attr(*, "names")= chr [1:4] "MAE" "MEDAE" "MEDSE" "MSE"
NULL
Writing result file: /home/probst/Random_Forest/RFSplitbias/results/Splitbias-files/jobs/04/15504-result.RData
########## Executing jid=15505 ##########
Timestamp: 2016-04-28 17:48:46
Experiment: 
  Problem: taski 
  Problem parameters: idi=4873, learner=, teststat=, testtype= 
  Algorithm: forest.splitbias.oob 
  Algorithm parameters:  
  Replication: 42 
  Seed: 15505 
  Problem seed: 164 
Setting seed: 15505
Applying Algorithm forest.splitbias.oob ...
Generating problem taski ...
Result:
List of 3
 $ idi   : int 4873
 $ lrn   : chr [1:3] "randomForest" "oob" ""
 $ result: Named num [1:4] 210 100 10063 269142
  ..- attr(*, "names")= chr [1:4] "MAE" "MEDAE" "MEDSE" "MSE"
NULL
Writing result file: /home/probst/Random_Forest/RFSplitbias/results/Splitbias-files/jobs/05/15505-result.RData
########## Executing jid=15506 ##########
Timestamp: 2016-04-28 17:48:47
Experiment: 
  Problem: taski 
  Problem parameters: idi=4873, learner=, teststat=, testtype= 
  Algorithm: forest.splitbias.oob 
  Algorithm parameters:  
  Replication: 43 
  Seed: 15506 
  Problem seed: 165 
Setting seed: 15506
Applying Algorithm forest.splitbias.oob ...
Generating problem taski ...
Result:
List of 3
 $ idi   : int 4873
 $ lrn   : chr [1:3] "randomForest" "oob" ""
 $ result: Named num [1:4] 209.9 98.7 9737.4 269258.6
  ..- attr(*, "names")= chr [1:4] "MAE" "MEDAE" "MEDSE" "MSE"
NULL
Writing result file: /home/probst/Random_Forest/RFSplitbias/results/Splitbias-files/jobs/06/15506-result.RData
########## Executing jid=15507 ##########
Timestamp: 2016-04-28 17:48:48
Experiment: 
  Problem: taski 
  Problem parameters: idi=4873, learner=, teststat=, testtype= 
  Algorithm: forest.splitbias.oob 
  Algorithm parameters:  
  Replication: 44 
  Seed: 15507 
  Problem seed: 166 
Setting seed: 15507
Applying Algorithm forest.splitbias.oob ...
Generating problem taski ...
Result:
List of 3
 $ idi   : int 4873
 $ lrn   : chr [1:3] "randomForest" "oob" ""
 $ result: Named num [1:4] 211 100 10040 270993
  ..- attr(*, "names")= chr [1:4] "MAE" "MEDAE" "MEDSE" "MSE"
NULL
Writing result file: /home/probst/Random_Forest/RFSplitbias/results/Splitbias-files/jobs/07/15507-result.RData
########## Executing jid=15508 ##########
Timestamp: 2016-04-28 17:48:49
Experiment: 
  Problem: taski 
  Problem parameters: idi=4873, learner=, teststat=, testtype= 
  Algorithm: forest.splitbias.oob 
  Algorithm parameters:  
  Replication: 45 
  Seed: 15508 
  Problem seed: 167 
Setting seed: 15508
Applying Algorithm forest.splitbias.oob ...
Generating problem taski ...
Result:
List of 3
 $ idi   : int 4873
 $ lrn   : chr [1:3] "randomForest" "oob" ""
 $ result: Named num [1:4] 207 101 10110 266075
  ..- attr(*, "names")= chr [1:4] "MAE" "MEDAE" "MEDSE" "MSE"
NULL
Writing result file: /home/probst/Random_Forest/RFSplitbias/results/Splitbias-files/jobs/08/15508-result.RData
########## Executing jid=15509 ##########
Timestamp: 2016-04-28 17:48:51
Experiment: 
  Problem: taski 
  Problem parameters: idi=4873, learner=, teststat=, testtype= 
  Algorithm: forest.splitbias.oob 
  Algorithm parameters:  
  Replication: 46 
  Seed: 15509 
  Problem seed: 168 
Setting seed: 15509
Applying Algorithm forest.splitbias.oob ...
Generating problem taski ...
Result:
List of 3
 $ idi   : int 4873
 $ lrn   : chr [1:3] "randomForest" "oob" ""
 $ result: Named num [1:4] 208.7 98.3 9667.5 270019.5
  ..- attr(*, "names")= chr [1:4] "MAE" "MEDAE" "MEDSE" "MSE"
NULL
Writing result file: /home/probst/Random_Forest/RFSplitbias/results/Splitbias-files/jobs/09/15509-result.RData
########## Executing jid=15510 ##########
Timestamp: 2016-04-28 17:48:52
Experiment: 
  Problem: taski 
  Problem parameters: idi=4873, learner=, teststat=, testtype= 
  Algorithm: forest.splitbias.oob 
  Algorithm parameters:  
  Replication: 47 
  Seed: 15510 
  Problem seed: 169 
Setting seed: 15510
Applying Algorithm forest.splitbias.oob ...
Generating problem taski ...
Result:
List of 3
 $ idi   : int 4873
 $ lrn   : chr [1:3] "randomForest" "oob" ""
 $ result: Named num [1:4] 209.7 99.5 9902.1 268105.9
  ..- attr(*, "names")= chr [1:4] "MAE" "MEDAE" "MEDSE" "MSE"
NULL
Writing result file: /home/probst/Random_Forest/RFSplitbias/results/Splitbias-files/jobs/10/15510-result.RData
########## Executing jid=15511 ##########
Timestamp: 2016-04-28 17:48:53
Experiment: 
  Problem: taski 
  Problem parameters: idi=4873, learner=, teststat=, testtype= 
  Algorithm: forest.splitbias.oob 
  Algorithm parameters:  
  Replication: 48 
  Seed: 15511 
  Problem seed: 170 
Setting seed: 15511
Applying Algorithm forest.splitbias.oob ...
Generating problem taski ...
Result:
List of 3
 $ idi   : int 4873
 $ lrn   : chr [1:3] "randomForest" "oob" ""
 $ result: Named num [1:4] 208.3 99.4 9875.1 267227.1
  ..- attr(*, "names")= chr [1:4] "MAE" "MEDAE" "MEDSE" "MSE"
NULL
Writing result file: /home/probst/Random_Forest/RFSplitbias/results/Splitbias-files/jobs/11/15511-result.RData
########## Executing jid=15512 ##########
Timestamp: 2016-04-28 17:48:54
Experiment: 
  Problem: taski 
  Problem parameters: idi=4873, learner=, teststat=, testtype= 
  Algorithm: forest.splitbias.oob 
  Algorithm parameters:  
  Replication: 49 
  Seed: 15512 
  Problem seed: 171 
Setting seed: 15512
Applying Algorithm forest.splitbias.oob ...
Generating problem taski ...
Result:
List of 3
 $ idi   : int 4873
 $ lrn   : chr [1:3] "randomForest" "oob" ""
 $ result: Named num [1:4] 209.3 99.5 9894 267085
  ..- attr(*, "names")= chr [1:4] "MAE" "MEDAE" "MEDSE" "MSE"
NULL
Writing result file: /home/probst/Random_Forest/RFSplitbias/results/Splitbias-files/jobs/12/15512-result.RData
########## Executing jid=15513 ##########
Timestamp: 2016-04-28 17:48:55
Experiment: 
  Problem: taski 
  Problem parameters: idi=4873, learner=, teststat=, testtype= 
  Algorithm: forest.splitbias.oob 
  Algorithm parameters:  
  Replication: 50 
  Seed: 15513 
  Problem seed: 172 
Setting seed: 15513
Applying Algorithm forest.splitbias.oob ...
Generating problem taski ...
Result:
List of 3
 $ idi   : int 4873
 $ lrn   : chr [1:3] "randomForest" "oob" ""
 $ result: Named num [1:4] 210 100 10067 269550
  ..- attr(*, "names")= chr [1:4] "MAE" "MEDAE" "MEDSE" "MSE"
NULL
Writing result file: /home/probst/Random_Forest/RFSplitbias/results/Splitbias-files/jobs/13/15513-result.RData
########## Executing jid=15514 ##########
Timestamp: 2016-04-28 17:48:56
Experiment: 
  Problem: taski 
  Problem parameters: idi=4839, learner=, teststat=, testtype= 
  Algorithm: forest.splitbias.oob 
  Algorithm parameters:  
  Replication: 11 
  Seed: 15514 
  Problem seed: 133 
Setting seed: 15514
Applying Algorithm forest.splitbias.oob ...
Generating problem taski ...
Result:
List of 3
 $ idi   : int 4839
 $ lrn   : chr [1:3] "randomForest" "oob" ""
 $ result: Named num [1:4] 159 128 16385 44191
  ..- attr(*, "names")= chr [1:4] "MAE" "MEDAE" "MEDSE" "MSE"
NULL
Writing result file: /home/probst/Random_Forest/RFSplitbias/results/Splitbias-files/jobs/14/15514-result.RData
########## Executing jid=15515 ##########
Timestamp: 2016-04-28 17:48:57
Experiment: 
  Problem: taski 
  Problem parameters: idi=4839, learner=, teststat=, testtype= 
  Algorithm: forest.splitbias.oob 
  Algorithm parameters:  
  Replication: 12 
  Seed: 15515 
  Problem seed: 134 
Setting seed: 15515
Applying Algorithm forest.splitbias.oob ...
Generating problem taski ...
Result:
List of 3
 $ idi   : int 4839
 $ lrn   : chr [1:3] "randomForest" "oob" ""
 $ result: Named num [1:4] 159 126 15752 43919
  ..- attr(*, "names")= chr [1:4] "MAE" "MEDAE" "MEDSE" "MSE"
NULL
Writing result file: /home/probst/Random_Forest/RFSplitbias/results/Splitbias-files/jobs/15/15515-result.RData
########## Executing jid=15516 ##########
Timestamp: 2016-04-28 17:48:58
Experiment: 
  Problem: taski 
  Problem parameters: idi=4839, learner=, teststat=, testtype= 
  Algorithm: forest.splitbias.oob 
  Algorithm parameters:  
  Replication: 13 
  Seed: 15516 
  Problem seed: 135 
Setting seed: 15516
Applying Algorithm forest.splitbias.oob ...
Generating problem taski ...
Result:
List of 3
 $ idi   : int 4839
 $ lrn   : chr [1:3] "randomForest" "oob" ""
 $ result: Named num [1:4] 159 125 15553 43930
  ..- attr(*, "names")= chr [1:4] "MAE" "MEDAE" "MEDSE" "MSE"
NULL
Writing result file: /home/probst/Random_Forest/RFSplitbias/results/Splitbias-files/jobs/16/15516-result.RData
########## Executing jid=15517 ##########
Timestamp: 2016-04-28 17:48:59
Experiment: 
  Problem: taski 
  Problem parameters: idi=4839, learner=, teststat=, testtype= 
  Algorithm: forest.splitbias.oob 
  Algorithm parameters:  
  Replication: 14 
  Seed: 15517 
  Problem seed: 136 
Setting seed: 15517
Applying Algorithm forest.splitbias.oob ...
Generating problem taski ...
Result:
List of 3
 $ idi   : int 4839
 $ lrn   : chr [1:3] "randomForest" "oob" ""
 $ result: Named num [1:4] 158 124 15388 43874
  ..- attr(*, "names")= chr [1:4] "MAE" "MEDAE" "MEDSE" "MSE"
NULL
Writing result file: /home/probst/Random_Forest/RFSplitbias/results/Splitbias-files/jobs/17/15517-result.RData
########## Executing jid=15518 ##########
Timestamp: 2016-04-28 17:49:00
Experiment: 
  Problem: taski 
  Problem parameters: idi=4839, learner=, teststat=, testtype= 
  Algorithm: forest.splitbias.oob 
  Algorithm parameters:  
  Replication: 15 
  Seed: 15518 
  Problem seed: 137 
Setting seed: 15518
Applying Algorithm forest.splitbias.oob ...
Generating problem taski ...
Result:
List of 3
 $ idi   : int 4839
 $ lrn   : chr [1:3] "randomForest" "oob" ""
 $ result: Named num [1:4] 159 127 16141 43611
  ..- attr(*, "names")= chr [1:4] "MAE" "MEDAE" "MEDSE" "MSE"
NULL
Writing result file: /home/probst/Random_Forest/RFSplitbias/results/Splitbias-files/jobs/18/15518-result.RData
########## Executing jid=15519 ##########
Timestamp: 2016-04-28 17:49:01
Experiment: 
  Problem: taski 
  Problem parameters: idi=4839, learner=, teststat=, testtype= 
  Algorithm: forest.splitbias.oob 
  Algorithm parameters:  
  Replication: 16 
  Seed: 15519 
  Problem seed: 138 
Setting seed: 15519
Applying Algorithm forest.splitbias.oob ...
Generating problem taski ...
Result:
List of 3
 $ idi   : int 4839
 $ lrn   : chr [1:3] "randomForest" "oob" ""
 $ result: Named num [1:4] 159 127 16156 43831
  ..- attr(*, "names")= chr [1:4] "MAE" "MEDAE" "MEDSE" "MSE"
NULL
Writing result file: /home/probst/Random_Forest/RFSplitbias/results/Splitbias-files/jobs/19/15519-result.RData
########## Executing jid=15520 ##########
Timestamp: 2016-04-28 17:49:03
Experiment: 
  Problem: taski 
  Problem parameters: idi=4839, learner=, teststat=, testtype= 
  Algorithm: forest.splitbias.oob 
  Algorithm parameters:  
  Replication: 17 
  Seed: 15520 
  Problem seed: 139 
Setting seed: 15520
Applying Algorithm forest.splitbias.oob ...
Generating problem taski ...
Result:
List of 3
 $ idi   : int 4839
 $ lrn   : chr [1:3] "randomForest" "oob" ""
 $ result: Named num [1:4] 159 127 16098 44034
  ..- attr(*, "names")= chr [1:4] "MAE" "MEDAE" "MEDSE" "MSE"
NULL
Writing result file: /home/probst/Random_Forest/RFSplitbias/results/Splitbias-files/jobs/20/15520-result.RData
########## Executing jid=15521 ##########
Timestamp: 2016-04-28 17:49:04
Experiment: 
  Problem: taski 
  Problem parameters: idi=4839, learner=, teststat=, testtype= 
  Algorithm: forest.splitbias.oob 
  Algorithm parameters:  
  Replication: 18 
  Seed: 15521 
  Problem seed: 140 
Setting seed: 15521
Applying Algorithm forest.splitbias.oob ...
Generating problem taski ...
Result:
List of 3
 $ idi   : int 4839
 $ lrn   : chr [1:3] "randomForest" "oob" ""
 $ result: Named num [1:4] 159 129 16556 43867
  ..- attr(*, "names")= chr [1:4] "MAE" "MEDAE" "MEDSE" "MSE"
NULL
Writing result file: /home/probst/Random_Forest/RFSplitbias/results/Splitbias-files/jobs/21/15521-result.RData
########## Executing jid=15522 ##########
Timestamp: 2016-04-28 17:49:05
Experiment: 
  Problem: taski 
  Problem parameters: idi=4839, learner=, teststat=, testtype= 
  Algorithm: forest.splitbias.oob 
  Algorithm parameters:  
  Replication: 19 
  Seed: 15522 
  Problem seed: 141 
Setting seed: 15522
Applying Algorithm forest.splitbias.oob ...
Generating problem taski ...
Result:
List of 3
 $ idi   : int 4839
 $ lrn   : chr [1:3] "randomForest" "oob" ""
 $ result: Named num [1:4] 159 128 16286 43897
  ..- attr(*, "names")= chr [1:4] "MAE" "MEDAE" "MEDSE" "MSE"
NULL
Writing result file: /home/probst/Random_Forest/RFSplitbias/results/Splitbias-files/jobs/22/15522-result.RData
########## Executing jid=15523 ##########
Timestamp: 2016-04-28 17:49:07
Experiment: 
  Problem: taski 
  Problem parameters: idi=4839, learner=, teststat=, testtype= 
  Algorithm: forest.splitbias.oob 
  Algorithm parameters:  
  Replication: 20 
  Seed: 15523 
  Problem seed: 142 
Setting seed: 15523
Applying Algorithm forest.splitbias.oob ...
Generating problem taski ...
Result:
List of 3
 $ idi   : int 4839
 $ lrn   : chr [1:3] "randomForest" "oob" ""
 $ result: Named num [1:4] 158 124 15464 43591
  ..- attr(*, "names")= chr [1:4] "MAE" "MEDAE" "MEDSE" "MSE"
NULL
Writing result file: /home/probst/Random_Forest/RFSplitbias/results/Splitbias-files/jobs/23/15523-result.RData
########## Executing jid=15524 ##########
Timestamp: 2016-04-28 17:49:08
Experiment: 
  Problem: taski 
  Problem parameters: idi=4839, learner=, teststat=, testtype= 
  Algorithm: forest.splitbias.oob 
  Algorithm parameters:  
  Replication: 21 
  Seed: 15524 
  Problem seed: 143 
Setting seed: 15524
Applying Algorithm forest.splitbias.oob ...
Generating problem taski ...
Result:
List of 3
 $ idi   : int 4839
 $ lrn   : chr [1:3] "randomForest" "oob" ""
 $ result: Named num [1:4] 159 129 16597 44109
  ..- attr(*, "names")= chr [1:4] "MAE" "MEDAE" "MEDSE" "MSE"
NULL
Writing result file: /home/probst/Random_Forest/RFSplitbias/results/Splitbias-files/jobs/24/15524-result.RData
########## Executing jid=15525 ##########
Timestamp: 2016-04-28 17:49:09
Experiment: 
  Problem: taski 
  Problem parameters: idi=4839, learner=, teststat=, testtype= 
  Algorithm: forest.splitbias.oob 
  Algorithm parameters:  
  Replication: 22 
  Seed: 15525 
  Problem seed: 144 
Setting seed: 15525
Applying Algorithm forest.splitbias.oob ...
Generating problem taski ...
Result:
List of 3
 $ idi   : int 4839
 $ lrn   : chr [1:3] "randomForest" "oob" ""
 $ result: Named num [1:4] 159 123 15211 43792
  ..- attr(*, "names")= chr [1:4] "MAE" "MEDAE" "MEDSE" "MSE"
NULL
Writing result file: /home/probst/Random_Forest/RFSplitbias/results/Splitbias-files/jobs/25/15525-result.RData
########## Executing jid=15526 ##########
Timestamp: 2016-04-28 17:49:10
Experiment: 
  Problem: taski 
  Problem parameters: idi=4839, learner=, teststat=, testtype= 
  Algorithm: forest.splitbias.oob 
  Algorithm parameters:  
  Replication: 23 
  Seed: 15526 
  Problem seed: 145 
Setting seed: 15526
Applying Algorithm forest.splitbias.oob ...
Generating problem taski ...
Result:
List of 3
 $ idi   : int 4839
 $ lrn   : chr [1:3] "randomForest" "oob" ""
 $ result: Named num [1:4] 159 127 16009 43971
  ..- attr(*, "names")= chr [1:4] "MAE" "MEDAE" "MEDSE" "MSE"
NULL
Writing result file: /home/probst/Random_Forest/RFSplitbias/results/Splitbias-files/jobs/26/15526-result.RData
########## Executing jid=15527 ##########
Timestamp: 2016-04-28 17:49:11
Experiment: 
  Problem: taski 
  Problem parameters: idi=4839, learner=, teststat=, testtype= 
  Algorithm: forest.splitbias.oob 
  Algorithm parameters:  
  Replication: 24 
  Seed: 15527 
  Problem seed: 146 
Setting seed: 15527
Applying Algorithm forest.splitbias.oob ...
Generating problem taski ...
Result:
List of 3
 $ idi   : int 4839
 $ lrn   : chr [1:3] "randomForest" "oob" ""
 $ result: Named num [1:4] 158 126 15958 43622
  ..- attr(*, "names")= chr [1:4] "MAE" "MEDAE" "MEDSE" "MSE"
NULL
Writing result file: /home/probst/Random_Forest/RFSplitbias/results/Splitbias-files/jobs/27/15527-result.RData
########## Executing jid=15528 ##########
Timestamp: 2016-04-28 17:49:12
Experiment: 
  Problem: taski 
  Problem parameters: idi=4839, learner=, teststat=, testtype= 
  Algorithm: forest.splitbias.oob 
  Algorithm parameters:  
  Replication: 25 
  Seed: 15528 
  Problem seed: 147 
Setting seed: 15528
Applying Algorithm forest.splitbias.oob ...
Generating problem taski ...
Result:
List of 3
 $ idi   : int 4839
 $ lrn   : chr [1:3] "randomForest" "oob" ""
 $ result: Named num [1:4] 159 129 16548 44094
  ..- attr(*, "names")= chr [1:4] "MAE" "MEDAE" "MEDSE" "MSE"
NULL
Writing result file: /home/probst/Random_Forest/RFSplitbias/results/Splitbias-files/jobs/28/15528-result.RData
########## Executing jid=15529 ##########
Timestamp: 2016-04-28 17:49:13
Experiment: 
  Problem: taski 
  Problem parameters: idi=4839, learner=, teststat=, testtype= 
  Algorithm: forest.splitbias.oob 
  Algorithm parameters:  
  Replication: 26 
  Seed: 15529 
  Problem seed: 148 
Setting seed: 15529
Applying Algorithm forest.splitbias.oob ...
Generating problem taski ...
Result:
List of 3
 $ idi   : int 4839
 $ lrn   : chr [1:3] "randomForest" "oob" ""
 $ result: Named num [1:4] 159 127 16236 43820
  ..- attr(*, "names")= chr [1:4] "MAE" "MEDAE" "MEDSE" "MSE"
NULL
Writing result file: /home/probst/Random_Forest/RFSplitbias/results/Splitbias-files/jobs/29/15529-result.RData
########## Executing jid=15530 ##########
Timestamp: 2016-04-28 17:49:14
Experiment: 
  Problem: taski 
  Problem parameters: idi=4839, learner=, teststat=, testtype= 
  Algorithm: forest.splitbias.oob 
  Algorithm parameters:  
  Replication: 27 
  Seed: 15530 
  Problem seed: 149 
Setting seed: 15530
Applying Algorithm forest.splitbias.oob ...
Generating problem taski ...
Result:
List of 3
 $ idi   : int 4839
 $ lrn   : chr [1:3] "randomForest" "oob" ""
 $ result: Named num [1:4] 158 128 16335 43695
  ..- attr(*, "names")= chr [1:4] "MAE" "MEDAE" "MEDSE" "MSE"
NULL
Writing result file: /home/probst/Random_Forest/RFSplitbias/results/Splitbias-files/jobs/30/15530-result.RData
########## Executing jid=15531 ##########
Timestamp: 2016-04-28 17:49:15
Experiment: 
  Problem: taski 
  Problem parameters: idi=4839, learner=, teststat=, testtype= 
  Algorithm: forest.splitbias.oob 
  Algorithm parameters:  
  Replication: 28 
  Seed: 15531 
  Problem seed: 150 
Setting seed: 15531
Applying Algorithm forest.splitbias.oob ...
Generating problem taski ...
Result:
List of 3
 $ idi   : int 4839
 $ lrn   : chr [1:3] "randomForest" "oob" ""
 $ result: Named num [1:4] 158 126 15763 43790
  ..- attr(*, "names")= chr [1:4] "MAE" "MEDAE" "MEDSE" "MSE"
NULL
Writing result file: /home/probst/Random_Forest/RFSplitbias/results/Splitbias-files/jobs/31/15531-result.RData
########## Executing jid=15532 ##########
Timestamp: 2016-04-28 17:49:16
Experiment: 
  Problem: taski 
  Problem parameters: idi=4839, learner=, teststat=, testtype= 
  Algorithm: forest.splitbias.oob 
  Algorithm parameters:  
  Replication: 29 
  Seed: 15532 
  Problem seed: 151 
Setting seed: 15532
Applying Algorithm forest.splitbias.oob ...
Generating problem taski ...
Result:
List of 3
 $ idi   : int 4839
 $ lrn   : chr [1:3] "randomForest" "oob" ""
 $ result: Named num [1:4] 159 127 16255 44185
  ..- attr(*, "names")= chr [1:4] "MAE" "MEDAE" "MEDSE" "MSE"
NULL
Writing result file: /home/probst/Random_Forest/RFSplitbias/results/Splitbias-files/jobs/32/15532-result.RData
########## Executing jid=15533 ##########
Timestamp: 2016-04-28 17:49:18
Experiment: 
  Problem: taski 
  Problem parameters: idi=4839, learner=, teststat=, testtype= 
  Algorithm: forest.splitbias.oob 
  Algorithm parameters:  
  Replication: 30 
  Seed: 15533 
  Problem seed: 152 
Setting seed: 15533
Applying Algorithm forest.splitbias.oob ...
Generating problem taski ...
Result:
List of 3
 $ idi   : int 4839
 $ lrn   : chr [1:3] "randomForest" "oob" ""
 $ result: Named num [1:4] 158 125 15573 43644
  ..- attr(*, "names")= chr [1:4] "MAE" "MEDAE" "MEDSE" "MSE"
NULL
Writing result file: /home/probst/Random_Forest/RFSplitbias/results/Splitbias-files/jobs/33/15533-result.RData
########## Executing jid=15534 ##########
Timestamp: 2016-04-28 17:49:19
Experiment: 
  Problem: taski 
  Problem parameters: idi=4839, learner=, teststat=, testtype= 
  Algorithm: forest.splitbias.oob 
  Algorithm parameters:  
  Replication: 31 
  Seed: 15534 
  Problem seed: 153 
Setting seed: 15534
Applying Algorithm forest.splitbias.oob ...
Generating problem taski ...
Result:
List of 3
 $ idi   : int 4839
 $ lrn   : chr [1:3] "randomForest" "oob" ""
 $ result: Named num [1:4] 160 127 16194 44001
  ..- attr(*, "names")= chr [1:4] "MAE" "MEDAE" "MEDSE" "MSE"
NULL
Writing result file: /home/probst/Random_Forest/RFSplitbias/results/Splitbias-files/jobs/34/15534-result.RData
########## Executing jid=15535 ##########
Timestamp: 2016-04-28 17:49:20
Experiment: 
  Problem: taski 
  Problem parameters: idi=4839, learner=, teststat=, testtype= 
  Algorithm: forest.splitbias.oob 
  Algorithm parameters:  
  Replication: 32 
  Seed: 15535 
  Problem seed: 154 
Setting seed: 15535
Applying Algorithm forest.splitbias.oob ...
Generating problem taski ...
Result:
List of 3
 $ idi   : int 4839
 $ lrn   : chr [1:3] "randomForest" "oob" ""
 $ result: Named num [1:4] 158 127 16200 44030
  ..- attr(*, "names")= chr [1:4] "MAE" "MEDAE" "MEDSE" "MSE"
NULL
Writing result file: /home/probst/Random_Forest/RFSplitbias/results/Splitbias-files/jobs/35/15535-result.RData
########## Executing jid=15536 ##########
Timestamp: 2016-04-28 17:49:22
Experiment: 
  Problem: taski 
  Problem parameters: idi=4839, learner=, teststat=, testtype= 
  Algorithm: forest.splitbias.oob 
  Algorithm parameters:  
  Replication: 33 
  Seed: 15536 
  Problem seed: 155 
Setting seed: 15536
Applying Algorithm forest.splitbias.oob ...
Generating problem taski ...
Result:
List of 3
 $ idi   : int 4839
 $ lrn   : chr [1:3] "randomForest" "oob" ""
 $ result: Named num [1:4] 159 129 16570 44022
  ..- attr(*, "names")= chr [1:4] "MAE" "MEDAE" "MEDSE" "MSE"
NULL
Writing result file: /home/probst/Random_Forest/RFSplitbias/results/Splitbias-files/jobs/36/15536-result.RData
########## Executing jid=15537 ##########
Timestamp: 2016-04-28 17:49:23
Experiment: 
  Problem: taski 
  Problem parameters: idi=4839, learner=, teststat=, testtype= 
  Algorithm: forest.splitbias.oob 
  Algorithm parameters:  
  Replication: 34 
  Seed: 15537 
  Problem seed: 156 
Setting seed: 15537
Applying Algorithm forest.splitbias.oob ...
Generating problem taski ...
Result:
List of 3
 $ idi   : int 4839
 $ lrn   : chr [1:3] "randomForest" "oob" ""
 $ result: Named num [1:4] 158 129 16675 43779
  ..- attr(*, "names")= chr [1:4] "MAE" "MEDAE" "MEDSE" "MSE"
NULL
Writing result file: /home/probst/Random_Forest/RFSplitbias/results/Splitbias-files/jobs/37/15537-result.RData
########## Executing jid=15538 ##########
Timestamp: 2016-04-28 17:49:25
Experiment: 
  Problem: taski 
  Problem parameters: idi=4839, learner=, teststat=, testtype= 
  Algorithm: forest.splitbias.oob 
  Algorithm parameters:  
  Replication: 35 
  Seed: 15538 
  Problem seed: 157 
Setting seed: 15538
Applying Algorithm forest.splitbias.oob ...
Generating problem taski ...
Result:
List of 3
 $ idi   : int 4839
 $ lrn   : chr [1:3] "randomForest" "oob" ""
 $ result: Named num [1:4] 158 129 16628 43386
  ..- attr(*, "names")= chr [1:4] "MAE" "MEDAE" "MEDSE" "MSE"
NULL
Writing result file: /home/probst/Random_Forest/RFSplitbias/results/Splitbias-files/jobs/38/15538-result.RData
########## Executing jid=15539 ##########
Timestamp: 2016-04-28 17:49:26
Experiment: 
  Problem: taski 
  Problem parameters: idi=4839, learner=, teststat=, testtype= 
  Algorithm: forest.splitbias.oob 
  Algorithm parameters:  
  Replication: 36 
  Seed: 15539 
  Problem seed: 158 
Setting seed: 15539
Applying Algorithm forest.splitbias.oob ...
Generating problem taski ...
Result:
List of 3
 $ idi   : int 4839
 $ lrn   : chr [1:3] "randomForest" "oob" ""
 $ result: Named num [1:4] 158 124 15266 44131
  ..- attr(*, "names")= chr [1:4] "MAE" "MEDAE" "MEDSE" "MSE"
NULL
Writing result file: /home/probst/Random_Forest/RFSplitbias/results/Splitbias-files/jobs/39/15539-result.RData
########## Executing jid=15540 ##########
Timestamp: 2016-04-28 17:49:27
Experiment: 
  Problem: taski 
  Problem parameters: idi=4839, learner=, teststat=, testtype= 
  Algorithm: forest.splitbias.oob 
  Algorithm parameters:  
  Replication: 37 
  Seed: 15540 
  Problem seed: 159 
Setting seed: 15540
Applying Algorithm forest.splitbias.oob ...
Generating problem taski ...
Result:
List of 3
 $ idi   : int 4839
 $ lrn   : chr [1:3] "randomForest" "oob" ""
 $ result: Named num [1:4] 159 122 14913 44122
  ..- attr(*, "names")= chr [1:4] "MAE" "MEDAE" "MEDSE" "MSE"
NULL
Writing result file: /home/probst/Random_Forest/RFSplitbias/results/Splitbias-files/jobs/40/15540-result.RData
########## Executing jid=15541 ##########
Timestamp: 2016-04-28 17:49:29
Experiment: 
  Problem: taski 
  Problem parameters: idi=4839, learner=, teststat=, testtype= 
  Algorithm: forest.splitbias.oob 
  Algorithm parameters:  
  Replication: 38 
  Seed: 15541 
  Problem seed: 160 
Setting seed: 15541
Applying Algorithm forest.splitbias.oob ...
Generating problem taski ...
Result:
List of 3
 $ idi   : int 4839
 $ lrn   : chr [1:3] "randomForest" "oob" ""
 $ result: Named num [1:4] 159 126 15784 44096
  ..- attr(*, "names")= chr [1:4] "MAE" "MEDAE" "MEDSE" "MSE"
NULL
Writing result file: /home/probst/Random_Forest/RFSplitbias/results/Splitbias-files/jobs/41/15541-result.RData
########## Executing jid=15542 ##########
Timestamp: 2016-04-28 17:49:30
Experiment: 
  Problem: taski 
  Problem parameters: idi=4839, learner=, teststat=, testtype= 
  Algorithm: forest.splitbias.oob 
  Algorithm parameters:  
  Replication: 39 
  Seed: 15542 
  Problem seed: 161 
Setting seed: 15542
Applying Algorithm forest.splitbias.oob ...
Generating problem taski ...
Result:
List of 3
 $ idi   : int 4839
 $ lrn   : chr [1:3] "randomForest" "oob" ""
 $ result: Named num [1:4] 159 125 15591 44126
  ..- attr(*, "names")= chr [1:4] "MAE" "MEDAE" "MEDSE" "MSE"
NULL
Writing result file: /home/probst/Random_Forest/RFSplitbias/results/Splitbias-files/jobs/42/15542-result.RData
########## Executing jid=15543 ##########
Timestamp: 2016-04-28 17:49:32
Experiment: 
  Problem: taski 
  Problem parameters: idi=4839, learner=, teststat=, testtype= 
  Algorithm: forest.splitbias.oob 
  Algorithm parameters:  
  Replication: 40 
  Seed: 15543 
  Problem seed: 162 
Setting seed: 15543
Applying Algorithm forest.splitbias.oob ...
Generating problem taski ...
Result:
List of 3
 $ idi   : int 4839
 $ lrn   : chr [1:3] "randomForest" "oob" ""
 $ result: Named num [1:4] 158 128 16472 43888
  ..- attr(*, "names")= chr [1:4] "MAE" "MEDAE" "MEDSE" "MSE"
NULL
Writing result file: /home/probst/Random_Forest/RFSplitbias/results/Splitbias-files/jobs/43/15543-result.RData
########## Executing jid=15544 ##########
Timestamp: 2016-04-28 17:49:33
Experiment: 
  Problem: taski 
  Problem parameters: idi=4839, learner=, teststat=, testtype= 
  Algorithm: forest.splitbias.oob 
  Algorithm parameters:  
  Replication: 41 
  Seed: 15544 
  Problem seed: 163 
Setting seed: 15544
Applying Algorithm forest.splitbias.oob ...
Generating problem taski ...
Result:
List of 3
 $ idi   : int 4839
 $ lrn   : chr [1:3] "randomForest" "oob" ""
 $ result: Named num [1:4] 159 123 15177 44121
  ..- attr(*, "names")= chr [1:4] "MAE" "MEDAE" "MEDSE" "MSE"
NULL
Writing result file: /home/probst/Random_Forest/RFSplitbias/results/Splitbias-files/jobs/44/15544-result.RData
########## Executing jid=15545 ##########
Timestamp: 2016-04-28 17:49:35
Experiment: 
  Problem: taski 
  Problem parameters: idi=4839, learner=, teststat=, testtype= 
  Algorithm: forest.splitbias.oob 
  Algorithm parameters:  
  Replication: 42 
  Seed: 15545 
  Problem seed: 164 
Setting seed: 15545
Applying Algorithm forest.splitbias.oob ...
Generating problem taski ...
Result:
List of 3
 $ idi   : int 4839
 $ lrn   : chr [1:3] "randomForest" "oob" ""
 $ result: Named num [1:4] 157 124 15400 43636
  ..- attr(*, "names")= chr [1:4] "MAE" "MEDAE" "MEDSE" "MSE"
NULL
Writing result file: /home/probst/Random_Forest/RFSplitbias/results/Splitbias-files/jobs/45/15545-result.RData
########## Executing jid=15546 ##########
Timestamp: 2016-04-28 17:49:36
Experiment: 
  Problem: taski 
  Problem parameters: idi=4839, learner=, teststat=, testtype= 
  Algorithm: forest.splitbias.oob 
  Algorithm parameters:  
  Replication: 43 
  Seed: 15546 
  Problem seed: 165 
Setting seed: 15546
Applying Algorithm forest.splitbias.oob ...
Generating problem taski ...
Result:
List of 3
 $ idi   : int 4839
 $ lrn   : chr [1:3] "randomForest" "oob" ""
 $ result: Named num [1:4] 157 127 16104 43405
  ..- attr(*, "names")= chr [1:4] "MAE" "MEDAE" "MEDSE" "MSE"
NULL
Writing result file: /home/probst/Random_Forest/RFSplitbias/results/Splitbias-files/jobs/46/15546-result.RData
########## Executing jid=15547 ##########
Timestamp: 2016-04-28 17:49:38
Experiment: 
  Problem: taski 
  Problem parameters: idi=4839, learner=, teststat=, testtype= 
  Algorithm: forest.splitbias.oob 
  Algorithm parameters:  
  Replication: 44 
  Seed: 15547 
  Problem seed: 166 
Setting seed: 15547
Applying Algorithm forest.splitbias.oob ...
Generating problem taski ...
Result:
List of 3
 $ idi   : int 4839
 $ lrn   : chr [1:3] "randomForest" "oob" ""
 $ result: Named num [1:4] 159 129 16749 44012
  ..- attr(*, "names")= chr [1:4] "MAE" "MEDAE" "MEDSE" "MSE"
NULL
Writing result file: /home/probst/Random_Forest/RFSplitbias/results/Splitbias-files/jobs/47/15547-result.RData
########## Executing jid=15548 ##########
Timestamp: 2016-04-28 17:49:39
Experiment: 
  Problem: taski 
  Problem parameters: idi=4839, learner=, teststat=, testtype= 
  Algorithm: forest.splitbias.oob 
  Algorithm parameters:  
  Replication: 45 
  Seed: 15548 
  Problem seed: 167 
Setting seed: 15548
Applying Algorithm forest.splitbias.oob ...
Generating problem taski ...
Result:
List of 3
 $ idi   : int 4839
 $ lrn   : chr [1:3] "randomForest" "oob" ""
 $ result: Named num [1:4] 158 125 15516 43484
  ..- attr(*, "names")= chr [1:4] "MAE" "MEDAE" "MEDSE" "MSE"
NULL
Writing result file: /home/probst/Random_Forest/RFSplitbias/results/Splitbias-files/jobs/48/15548-result.RData
########## Executing jid=15549 ##########
Timestamp: 2016-04-28 17:49:41
Experiment: 
  Problem: taski 
  Problem parameters: idi=4839, learner=, teststat=, testtype= 
  Algorithm: forest.splitbias.oob 
  Algorithm parameters:  
  Replication: 46 
  Seed: 15549 
  Problem seed: 168 
Setting seed: 15549
Applying Algorithm forest.splitbias.oob ...
Generating problem taski ...
Result:
List of 3
 $ idi   : int 4839
 $ lrn   : chr [1:3] "randomForest" "oob" ""
 $ result: Named num [1:4] 159 130 16806 43889
  ..- attr(*, "names")= chr [1:4] "MAE" "MEDAE" "MEDSE" "MSE"
NULL
Writing result file: /home/probst/Random_Forest/RFSplitbias/results/Splitbias-files/jobs/49/15549-result.RData
########## Executing jid=15550 ##########
Timestamp: 2016-04-28 17:49:42
Experiment: 
  Problem: taski 
  Problem parameters: idi=4839, learner=, teststat=, testtype= 
  Algorithm: forest.splitbias.oob 
  Algorithm parameters:  
  Replication: 47 
  Seed: 15550 
  Problem seed: 169 
Setting seed: 15550
Applying Algorithm forest.splitbias.oob ...
Generating problem taski ...
Result:
List of 3
 $ idi   : int 4839
 $ lrn   : chr [1:3] "randomForest" "oob" ""
 $ result: Named num [1:4] 159 127 16167 43815
  ..- attr(*, "names")= chr [1:4] "MAE" "MEDAE" "MEDSE" "MSE"
NULL
Writing result file: /home/probst/Random_Forest/RFSplitbias/results/Splitbias-files/jobs/50/15550-result.RData
########## Executing jid=15551 ##########
Timestamp: 2016-04-28 17:49:43
Experiment: 
  Problem: taski 
  Problem parameters: idi=4839, learner=, teststat=, testtype= 
  Algorithm: forest.splitbias.oob 
  Algorithm parameters:  
  Replication: 48 
  Seed: 15551 
  Problem seed: 170 
Setting seed: 15551
Applying Algorithm forest.splitbias.oob ...
Generating problem taski ...
Result:
List of 3
 $ idi   : int 4839
 $ lrn   : chr [1:3] "randomForest" "oob" ""
 $ result: Named num [1:4] 158 123 15251 43663
  ..- attr(*, "names")= chr [1:4] "MAE" "MEDAE" "MEDSE" "MSE"
NULL
Writing result file: /home/probst/Random_Forest/RFSplitbias/results/Splitbias-files/jobs/51/15551-result.RData
########## Executing jid=15552 ##########
Timestamp: 2016-04-28 17:49:45
Experiment: 
  Problem: taski 
  Problem parameters: idi=4839, learner=, teststat=, testtype= 
  Algorithm: forest.splitbias.oob 
  Algorithm parameters:  
  Replication: 49 
  Seed: 15552 
  Problem seed: 171 
Setting seed: 15552
Applying Algorithm forest.splitbias.oob ...
Generating problem taski ...
Result:
List of 3
 $ idi   : int 4839
 $ lrn   : chr [1:3] "randomForest" "oob" ""
 $ result: Named num [1:4] 159 127 16042 43770
  ..- attr(*, "names")= chr [1:4] "MAE" "MEDAE" "MEDSE" "MSE"
NULL
Writing result file: /home/probst/Random_Forest/RFSplitbias/results/Splitbias-files/jobs/52/15552-result.RData
########## Executing jid=15553 ##########
Timestamp: 2016-04-28 17:49:46
Experiment: 
  Problem: taski 
  Problem parameters: idi=4839, learner=, teststat=, testtype= 
  Algorithm: forest.splitbias.oob 
  Algorithm parameters:  
  Replication: 50 
  Seed: 15553 
  Problem seed: 172 
Setting seed: 15553
Applying Algorithm forest.splitbias.oob ...
Generating problem taski ...
Result:
List of 3
 $ idi   : int 4839
 $ lrn   : chr [1:3] "randomForest" "oob" ""
 $ result: Named num [1:4] 158 125 15614 43760
  ..- attr(*, "names")= chr [1:4] "MAE" "MEDAE" "MEDSE" "MSE"
NULL
Writing result file: /home/probst/Random_Forest/RFSplitbias/results/Splitbias-files/jobs/53/15553-result.RData
########## Executing jid=15554 ##########
Timestamp: 2016-04-28 17:49:47
Experiment: 
  Problem: taski 
  Problem parameters: idi=4984, learner=, teststat=, testtype= 
  Algorithm: forest.splitbias.oob 
  Algorithm parameters:  
  Replication: 11 
  Seed: 15554 
  Problem seed: 133 
Setting seed: 15554
Applying Algorithm forest.splitbias.oob ...
Generating problem taski ...
Result:
List of 3
 $ idi   : int 4984
 $ lrn   : chr [1:3] "randomForest" "oob" ""
 $ result: Named num [1:4] 1.33 0.985 0.969 3.572
  ..- attr(*, "names")= chr [1:4] "MAE" "MEDAE" "MEDSE" "MSE"
NULL
Writing result file: /home/probst/Random_Forest/RFSplitbias/results/Splitbias-files/jobs/54/15554-result.RData
########## Executing jid=15555 ##########
Timestamp: 2016-04-28 17:49:49
Experiment: 
  Problem: taski 
  Problem parameters: idi=4984, learner=, teststat=, testtype= 
  Algorithm: forest.splitbias.oob 
  Algorithm parameters:  
  Replication: 12 
  Seed: 15555 
  Problem seed: 134 
Setting seed: 15555
Applying Algorithm forest.splitbias.oob ...
Generating problem taski ...
Result:
List of 3
 $ idi   : int 4984
 $ lrn   : chr [1:3] "randomForest" "oob" ""
 $ result: Named num [1:4] 1.316 0.995 0.99 3.506
  ..- attr(*, "names")= chr [1:4] "MAE" "MEDAE" "MEDSE" "MSE"
NULL
Writing result file: /home/probst/Random_Forest/RFSplitbias/results/Splitbias-files/jobs/55/15555-result.RData
########## Executing jid=15556 ##########
Timestamp: 2016-04-28 17:49:50
Experiment: 
  Problem: taski 
  Problem parameters: idi=4984, learner=, teststat=, testtype= 
  Algorithm: forest.splitbias.oob 
  Algorithm parameters:  
  Replication: 13 
  Seed: 15556 
  Problem seed: 135 
Setting seed: 15556
Applying Algorithm forest.splitbias.oob ...
Generating problem taski ...
Result:
List of 3
 $ idi   : int 4984
 $ lrn   : chr [1:3] "randomForest" "oob" ""
 $ result: Named num [1:4] 1.315 0.979 0.958 3.5
  ..- attr(*, "names")= chr [1:4] "MAE" "MEDAE" "MEDSE" "MSE"
NULL
Writing result file: /home/probst/Random_Forest/RFSplitbias/results/Splitbias-files/jobs/56/15556-result.RData
########## Executing jid=15557 ##########
Timestamp: 2016-04-28 17:49:53
Experiment: 
  Problem: taski 
  Problem parameters: idi=4984, learner=, teststat=, testtype= 
  Algorithm: forest.splitbias.oob 
  Algorithm parameters:  
  Replication: 14 
  Seed: 15557 
  Problem seed: 136 
Setting seed: 15557
Applying Algorithm forest.splitbias.oob ...
Generating problem taski ...
Result:
List of 3
 $ idi   : int 4984
 $ lrn   : chr [1:3] "randomForest" "oob" ""
 $ result: Named num [1:4] 1.322 0.969 0.939 3.541
  ..- attr(*, "names")= chr [1:4] "MAE" "MEDAE" "MEDSE" "MSE"
NULL
Writing result file: /home/probst/Random_Forest/RFSplitbias/results/Splitbias-files/jobs/57/15557-result.RData
2016-04-28 17:49:54: All done.
Setting work back to: /nfsmb/koll/probst/Random_Forest/RFSplitbias/results
Memory usage according to gc:
          used  (Mb) gc trigger  (Mb) max used  (Mb)
Ncells 2009981 107.4    3205452 171.2  2165661 115.7
Vcells 4665793  35.6   15996972 122.1 11140242  85.0
